0.0000 6
0.0100 6
0.0182 6
0.0263 6
0.0343 6
0.0423 6
0.0503 6
0.0583 6
0.0664 6
0.0744 6
0.0824 6
0.0905 6
0.0985 6
0.1065 6
0.1145 6
0.1225 6
0.1305 6
0.1385 6
0.1465 6
0.1545 6
0.1625 6
0.1705 6
0.1785 6
0.1865 6
0.1945 6
0.2026 6
0.2107 6
0.2193 6
0.2275 6
0.2357 6
0.2439 6
0.2521 6
0.2605 6
0.2687 6
0.2769 6
0.2851 6
0.2932 6
0.3014 6
0.3095 6
0.3176 6
0.3256 6
0.3336 6
0.3416 6
0.3496 6
0.3576 6
0.3656 6
0.3736 6
0.3816 6
0.3896 6
0.3977 6
0.4057 6
0.4137 6
0.4218 6
0.4298 6
0.4378 6
0.4457 6
0.4538 6
0.4618 6
0.4698 6
0.4778 6
0.4858 6
0.4938 6
0.5018 6
0.5098 6
0.5178 6
0.5258 6
0.5339 6
0.5419 6
0.5499 6
0.5579 6
0.5660 6
0.5740 6
0.5820 6
0.5900 6
0.5980 6
0.6061 6
0.6141 6
0.6223 6
0.6303 6
0.6383 6
0.6463 6
0.6543 6
0.6623 6
0.6703 6
0.6783 6
0.6863 6
0.6943 6
0.7023 6
0.7103 6
0.7182 6
0.7262 6
0.7342 6
0.7422 6
0.7502 6
0.7582 6
0.7662 6
0.7742 6
0.7822 6
0.7902 6
0.7982 6
0.8062 6
