0.0000 56
0.0970 56
0.1247 56
0.1525 56
0.1802 56
0.2080 56
0.2357 56
0.2639 56
0.2918 56
0.3195 56
0.3472 56
0.3750 56
0.4027 56
0.4305 56
0.4583 56
0.4861 56
0.5139 56
0.5422 56
0.5707 56
0.5985 56
0.6262 56
0.6539 56
0.6818 56
0.7095 56
0.7372 56
0.7650 56
0.7929 56
0.8206 56
0.8484 56
0.8762 56
0.9040 56
0.9322 56
0.9606 56
0.9885 56
1.0164 56
1.0442 56
1.0719 56
1.0998 56
1.1281 56
1.1559 56
1.1836 56
1.2114 56
1.2391 56
1.2672 56
1.2953 56
1.3231 56
1.3508 56
1.3787 56
1.4064 56
1.4342 56
1.4619 56
1.4898 56
1.5175 56
1.5454 56
1.5732 56
1.6010 56
1.6287 56
1.6565 56
1.6842 56
1.7120 56
1.7397 56
1.7676 56
1.7956 56
1.8235 56
1.8512 56
1.8790 56
1.9067 56
1.9348 56
1.9633 56
1.9913 56
2.0191 56
2.0469 56
2.0747 56
2.1025 56
2.1302 56
2.1579 56
2.1856 56
2.2134 56
2.2411 56
2.2691 56
2.2973 56
2.3251 56
2.3528 56
2.3806 56
2.4084 56
2.4362 56
2.4639 56
2.4916 56
2.5195 56
2.5474 56
2.5760 56
2.6045 56
2.6322 56
2.6599 56
2.6876 56
2.7155 56
2.7432 56
2.7711 56
2.7988 56
2.8266 56
2.8543 56
