0.0000 6
0.0098 6
0.0179 6
0.0260 6
0.0344 6
0.0424 6
0.0506 6
0.0586 6
0.0666 6
0.0749 6
0.0829 6
0.0909 6
0.0989 6
0.1070 6
0.1150 6
0.1231 6
0.1311 6
0.1391 6
0.1471 6
0.1551 6
0.1631 6
0.1711 6
0.1792 6
0.1872 6
0.1952 6
0.2032 6
0.2113 6
0.2193 6
0.2273 6
0.2354 6
0.2434 6
0.2514 6
0.2594 6
0.2674 6
0.2754 6
0.2835 6
0.2915 6
0.2994 6
0.3075 6
0.3155 6
0.3235 6
0.3316 6
0.3396 6
0.3476 6
0.3556 6
0.3636 6
0.3717 6
0.3802 6
0.3884 6
0.3967 6
0.4050 6
0.4132 6
0.4216 6
0.4298 6
0.4379 6
0.4459 6
0.4539 6
0.4619 6
0.4701 6
0.4782 6
0.4862 6
0.4942 6
0.5022 6
0.5103 6
0.5184 6
0.5264 6
0.5344 6
0.5424 6
0.5504 6
0.5584 6
0.5664 6
0.5744 6
0.5824 6
0.5904 6
0.5984 6
0.6064 6
0.6144 6
0.6224 6
0.6305 6
0.6385 6
0.6465 6
0.6545 6
0.6625 6
0.6707 6
0.6787 6
0.6867 6
0.6947 6
0.7028 6
0.7108 6
0.7190 6
0.7272 6
0.7354 6
0.7436 6
0.7518 6
0.7600 6
0.7682 6
0.7763 6
0.7845 6
0.7927 6
0.8009 6
0.8091 6
