0.0000 7
0.0197 7
0.0333 7
0.0468 7
0.0604 7
0.0740 7
0.0876 7
0.1011 7
0.1148 7
0.1284 7
0.1420 7
0.1555 7
0.1691 7
0.1827 7
0.1963 7
0.2100 7
0.2236 7
0.2371 7
0.2507 7
0.2643 7
0.2779 7
0.2914 7
0.3050 7
0.3186 7
0.3322 7
0.3457 7
0.3593 7
0.3729 7
0.3865 7
0.4001 7
0.4139 7
0.4274 7
0.4410 7
0.4546 7
0.4683 7
0.4824 7
0.4965 7
0.5101 7
0.5237 7
0.5372 7
0.5509 7
0.5650 7
0.5785 7
0.5921 7
0.6063 7
0.6198 7
0.6334 7
0.6470 7
0.6606 7
0.6742 7
0.6877 7
0.7013 7
0.7149 7
0.7284 7
0.7420 7
0.7560 7
0.7699 7
0.7834 7
0.7970 7
0.8106 7
0.8241 7
0.8377 7
0.8512 7
0.8650 7
0.8786 7
0.8922 7
0.9058 7
0.9197 7
0.9335 7
0.9471 7
0.9607 7
0.9743 7
0.9878 7
1.0014 7
1.0151 7
1.0287 7
1.0422 7
1.0558 7
1.0694 7
1.0829 7
1.0965 7
1.1101 7
1.1237 7
1.1373 7
1.1509 7
1.1645 7
1.1781 7
1.1917 7
1.2053 7
1.2188 7
1.2324 7
1.2460 7
1.2595 7
1.2731 7
1.2867 7
1.3003 7
1.3139 7
1.3274 7
1.3410 7
1.3546 7
1.3682 7
