0.0000 56
0.0993 56
0.1269 56
0.1546 56
0.1822 56
0.2098 56
0.2374 56
0.2650 56
0.2926 56
0.3201 56
0.3477 56
0.3753 56
0.4030 56
0.4307 56
0.4583 56
0.4859 56
0.5135 56
0.5412 56
0.5688 56
0.5963 56
0.6239 56
0.6515 56
0.6792 56
0.7068 56
0.7343 56
0.7619 56
0.7896 56
0.8172 56
0.8448 56
0.8724 56
0.9002 56
0.9278 56
0.9554 56
0.9829 56
1.0108 56
1.0387 56
1.0669 56
1.0945 56
1.1220 56
1.1496 56
1.1772 56
1.2048 56
1.2325 56
1.2602 56
1.2878 56
1.3154 56
1.3435 56
1.3719 56
1.4003 56
1.4279 56
1.4555 56
1.4831 56
1.5108 56
1.5384 56
1.5660 56
1.5936 56
1.6212 56
1.6490 56
1.6767 56
1.7043 56
1.7320 56
1.7596 56
1.7871 56
1.8147 56
1.8424 56
1.8700 56
1.8979 56
1.9255 56
1.9531 56
1.9807 56
2.0090 56
2.0367 56
2.0656 56
2.0936 56
2.1213 56
2.1488 56
2.1764 56
2.2043 56
2.2322 56
2.2597 56
2.2874 56
2.3150 56
2.3426 56
2.3702 56
2.3979 56
2.4255 56
2.4531 56
2.4808 56
2.5083 56
2.5361 56
2.5636 56
2.5912 56
2.6188 56
2.6464 56
2.6740 56
2.7016 56
2.7292 56
2.7568 56
2.7844 56
2.8120 56
2.8396 56
