0.0000 56
0.0971 56
0.1247 56
0.1524 56
0.1802 56
0.2079 56
0.2360 56
0.2637 56
0.2915 56
0.3196 56
0.3477 56
0.3757 56
0.4034 56
0.4310 56
0.4588 56
0.4865 56
0.5146 56
0.5422 56
0.5698 56
0.5974 56
0.6250 56
0.6529 56
0.6806 56
0.7082 56
0.7358 56
0.7635 56
0.7911 56
0.8187 56
0.8464 56
0.8741 56
0.9017 56
0.9294 56
0.9570 56
0.9846 56
1.0122 56
1.0399 56
1.0676 56
1.0952 56
1.1228 56
1.1505 56
1.1782 56
1.2058 56
1.2334 56
1.2611 56
1.2886 56
1.3167 56
1.3446 56
1.3733 56
1.4009 56
1.4285 56
1.4562 56
1.4839 56
1.5115 56
1.5391 56
1.5667 56
1.5943 56
1.6219 56
1.6496 56
1.6775 56
1.7060 56
1.7343 56
1.7622 56
1.7898 56
1.8174 56
1.8450 56
1.8727 56
1.9003 56
1.9279 56
1.9557 56
1.9833 56
2.0110 56
2.0386 56
2.0662 56
2.0939 56
2.1215 56
2.1492 56
2.1769 56
2.2047 56
2.2323 56
2.2600 56
2.2877 56
2.3157 56
2.3433 56
2.3716 56
2.3994 56
2.4270 56
2.4546 56
2.4824 56
2.5100 56
2.5376 56
2.5652 56
2.5928 56
2.6204 56
2.6480 56
2.6759 56
2.7036 56
2.7312 56
2.7587 56
2.7863 56
2.8139 56
2.8415 56
