0.0000 319
0.3651 319
0.4052 319
0.4452 319
0.4851 319
0.5255 319
0.5660 319
0.6062 319
0.6461 319
0.6860 319
0.7260 319
0.7659 319
0.8059 319
0.8460 319
0.8859 319
0.9261 319
0.9663 319
1.0062 319
1.0461 319
1.0863 319
1.1262 319
1.1661 319
1.2061 319
1.2461 319
1.2861 319
1.3262 319
1.3664 319
1.4068 319
1.4476 319
1.4883 319
1.5288 319
1.5694 319
1.6095 319
1.6495 319
1.6896 319
1.7298 319
1.7698 319
1.8098 319
1.8500 319
1.8904 319
1.9310 319
1.9713 319
2.0113 319
2.0513 319
2.0914 319
2.1314 319
2.1715 319
2.2115 319
2.2515 319
2.2917 319
2.3317 319
2.3717 319
2.4121 319
2.4523 319
2.4923 319
2.5327 319
2.5732 319
2.6133 319
2.6533 319
2.6934 319
2.7334 319
2.7734 319
2.8135 319
2.8537 319
2.8941 319
2.9341 319
2.9743 319
3.0143 319
3.0544 319
3.0945 319
3.1346 319
3.1746 319
3.2147 319
3.2547 319
3.2947 319
3.3348 319
3.3750 319
3.4151 319
3.4557 319
3.4960 319
3.5366 319
3.5772 319
3.6173 319
3.6573 319
3.6974 319
3.7379 319
3.7780 319
3.8180 319
3.8581 319
3.8984 319
3.9385 319
3.9787 319
4.0188 319
4.0588 319
4.0988 319
4.1388 319
4.1789 319
4.2189 319
4.2590 319
4.2990 319
4.3391 319
