0.0000 319
0.3708 319
0.4108 319
0.4508 319
0.4908 319
0.5308 319
0.5709 319
0.6109 319
0.6509 319
0.6914 319
0.7319 319
0.7723 319
0.8123 319
0.8524 319
0.8925 319
0.9325 319
0.9726 319
1.0127 319
1.0533 319
1.0935 319
1.1335 319
1.1736 319
1.2136 319
1.2537 319
1.2938 319
1.3338 319
1.3739 319
1.4140 319
1.4540 319
1.4941 319
1.5341 319
1.5745 319
1.6146 319
1.6558 319
1.6971 319
1.7379 319
1.7784 319
1.8184 319
1.8585 319
1.8986 319
1.9387 319
1.9787 319
2.0187 319
2.0590 319
2.0992 319
2.1392 319
2.1793 319
2.2194 319
2.2596 319
2.3004 319
2.3407 319
2.3807 319
2.4210 319
2.4610 319
2.5012 319
2.5412 319
2.5815 319
2.6215 319
2.6616 319
2.7021 319
2.7427 319
2.7830 319
2.8231 319
2.8633 319
2.9039 319
2.9439 319
2.9840 319
3.0241 319
3.0645 319
3.1046 319
3.1448 319
3.1849 319
3.2249 319
3.2650 319
3.3051 319
3.3452 319
3.3852 319
3.4256 319
3.4657 319
3.5057 319
3.5460 319
3.5861 319
3.6262 319
3.6663 319
3.7067 319
3.7475 319
3.7878 319
3.8278 319
3.8679 319
3.9080 319
3.9481 319
3.9881 319
4.0281 319
4.0683 319
4.1083 319
4.1485 319
4.1887 319
4.2288 319
4.2689 319
4.3095 319
4.3500 319
