0.0000 6
0.0102 6
0.0186 6
0.0270 6
0.0355 6
0.0439 6
0.0524 6
0.0608 6
0.0698 6
0.0779 6
0.0860 6
0.0940 6
0.1020 6
0.1100 6
0.1181 6
0.1261 6
0.1341 6
0.1422 6
0.1502 6
0.1582 6
0.1662 6
0.1742 6
0.1822 6
0.1902 6
0.1982 6
0.2062 6
0.2142 6
0.2222 6
0.2302 6
0.2382 6
0.2463 6
0.2543 6
0.2622 6
0.2702 6
0.2782 6
0.2862 6
0.2942 6
0.3022 6
0.3102 6
0.3182 6
0.3262 6
0.3342 6
0.3422 6
0.3501 6
0.3581 6
0.3661 6
0.3741 6
0.3821 6
0.3901 6
0.3981 6
0.4062 6
0.4142 6
0.4222 6
0.4302 6
0.4383 6
0.4463 6
0.4543 6
0.4623 6
0.4703 6
0.4783 6
0.4863 6
0.4943 6
0.5023 6
0.5102 6
0.5182 6
0.5262 6
0.5342 6
0.5422 6
0.5502 6
0.5582 6
0.5662 6
0.5742 6
0.5822 6
0.5906 6
0.5986 6
0.6067 6
0.6147 6
0.6227 6
0.6311 6
0.6391 6
0.6471 6
0.6551 6
0.6631 6
0.6711 6
0.6791 6
0.6871 6
0.6953 6
0.7033 6
0.7112 6
0.7192 6
0.7272 6
0.7352 6
0.7432 6
0.7513 6
0.7593 6
0.7672 6
0.7752 6
0.7832 6
0.7913 6
0.7992 6
0.8072 6
