0.0000 6
0.0102 6
0.0189 6
0.0278 6
0.0365 6
0.0452 6
0.0539 6
0.0626 6
0.0713 6
0.0800 6
0.0887 6
0.0974 6
0.1061 6
0.1148 6
0.1235 6
0.1322 6
0.1409 6
0.1496 6
0.1583 6
0.1670 6
0.1758 6
0.1845 6
0.1932 6
0.2019 6
0.2107 6
0.2195 6
0.2282 6
0.2370 6
0.2457 6
0.2543 6
0.2630 6
0.2717 6
0.2805 6
0.2893 6
0.2980 6
0.3067 6
0.3154 6
0.3241 6
0.3328 6
0.3415 6
0.3502 6
0.3590 6
0.3680 6
0.3767 6
0.3854 6
0.3941 6
0.4031 6
0.4121 6
0.4208 6
0.4296 6
0.4383 6
0.4470 6
0.4557 6
0.4644 6
0.4731 6
0.4818 6
0.4905 6
0.4992 6
0.5079 6
0.5166 6
0.5253 6
0.5340 6
0.5427 6
0.5514 6
0.5601 6
0.5688 6
0.5775 6
0.5862 6
0.5949 6
0.6036 6
0.6123 6
0.6210 6
0.6297 6
0.6384 6
0.6471 6
0.6558 6
0.6645 6
0.6732 6
0.6819 6
0.6906 6
0.6993 6
0.7080 6
0.7167 6
0.7256 6
0.7343 6
0.7430 6
0.7517 6
0.7604 6
0.7691 6
0.7778 6
0.7868 6
0.7958 6
0.8048 6
0.8136 6
0.8225 6
0.8314 6
0.8403 6
0.8491 6
0.8578 6
0.8665 6
0.8752 6
