0.0000 8
0.0116 8
0.0198 8
0.0281 8
0.0361 8
0.0442 8
0.0523 8
0.0604 8
0.0685 8
0.0766 8
0.0847 8
0.0928 8
0.1009 8
0.1089 8
0.1170 8
0.1251 8
0.1332 8
0.1412 8
0.1495 8
0.1576 8
0.1656 8
0.1737 8
0.1817 8
0.1902 8
0.1983 8
0.2063 8
0.2145 8
0.2225 8
0.2306 8
0.2386 8
0.2467 8
0.2547 8
0.2628 8
0.2708 8
0.2788 8
0.2869 8
0.2949 8
0.3029 8
0.3109 8
0.3190 8
0.3270 8
0.3351 8
0.3432 8
0.3512 8
0.3593 8
0.3673 8
0.3754 8
0.3834 8
0.3914 8
0.3995 8
0.4075 8
0.4156 8
0.4236 8
0.4317 8
0.4397 8
0.4478 8
0.4558 8
0.4638 8
0.4719 8
0.4799 8
0.4880 8
0.4960 8
0.5041 8
0.5121 8
0.5202 8
0.5284 8
0.5364 8
0.5445 8
0.5526 8
0.5606 8
0.5686 8
0.5767 8
0.5847 8
0.5928 8
0.6008 8
0.6089 8
0.6169 8
0.6249 8
0.6330 8
0.6411 8
0.6491 8
0.6571 8
0.6651 8
0.6732 8
0.6812 8
0.6892 8
0.6972 8
0.7053 8
0.7133 8
0.7213 8
0.7293 8
0.7373 8
0.7454 8
0.7535 8
0.7615 8
0.7696 8
0.7776 8
0.7858 8
0.7939 8
0.8019 8
0.8100 8
