0.0000 7
0.0192 7
0.0331 7
0.0470 7
0.0606 7
0.0742 7
0.0878 7
0.1014 7
0.1149 7
0.1285 7
0.1421 7
0.1557 7
0.1693 7
0.1829 7
0.1964 7
0.2102 7
0.2238 7
0.2374 7
0.2510 7
0.2646 7
0.2783 7
0.2922 7
0.3058 7
0.3194 7
0.3329 7
0.3465 7
0.3601 7
0.3737 7
0.3873 7
0.4009 7
0.4146 7
0.4282 7
0.4418 7
0.4554 7
0.4689 7
0.4825 7
0.4961 7
0.5097 7
0.5233 7
0.5369 7
0.5506 7
0.5643 7
0.5779 7
0.5914 7
0.6053 7
0.6189 7
0.6334 7
0.6473 7
0.6611 7
0.6746 7
0.6886 7
0.7023 7
0.7159 7
0.7300 7
0.7438 7
0.7576 7
0.7712 7
0.7847 7
0.7984 7
0.8120 7
0.8257 7
0.8394 7
0.8530 7
0.8666 7
0.8802 7
0.8938 7
0.9074 7
0.9210 7
0.9346 7
0.9482 7
0.9617 7
0.9755 7
0.9893 7
1.0029 7
1.0167 7
1.0303 7
1.0440 7
1.0579 7
1.0715 7
1.0852 7
1.0988 7
1.1124 7
1.1260 7
1.1397 7
1.1533 7
1.1669 7
1.1805 7
1.1941 7
1.2076 7
1.2213 7
1.2349 7
1.2485 7
1.2621 7
1.2757 7
1.2893 7
1.3029 7
1.3165 7
1.3301 7
1.3437 7
1.3573 7
1.3709 7
