0.0000 7
0.0197 7
0.0333 7
0.0470 7
0.0610 7
0.0747 7
0.0884 7
0.1025 7
0.1162 7
0.1299 7
0.1435 7
0.1572 7
0.1708 7
0.1844 7
0.1980 7
0.2118 7
0.2254 7
0.2390 7
0.2526 7
0.2662 7
0.2798 7
0.2935 7
0.3070 7
0.3206 7
0.3342 7
0.3479 7
0.3615 7
0.3752 7
0.3888 7
0.4025 7
0.4164 7
0.4301 7
0.4438 7
0.4575 7
0.4711 7
0.4848 7
0.4984 7
0.5119 7
0.5256 7
0.5394 7
0.5532 7
0.5669 7
0.5805 7
0.5941 7
0.6077 7
0.6213 7
0.6350 7
0.6486 7
0.6622 7
0.6758 7
0.6894 7
0.7031 7
0.7169 7
0.7305 7
0.7441 7
0.7577 7
0.7714 7
0.7850 7
0.7986 7
0.8122 7
0.8257 7
0.8393 7
0.8529 7
0.8665 7
0.8801 7
0.8937 7
0.9073 7
0.9211 7
0.9347 7
0.9482 7
0.9619 7
0.9755 7
0.9891 7
1.0027 7
1.0163 7
1.0300 7
1.0436 7
1.0575 7
1.0711 7
1.0847 7
1.0988 7
1.1125 7
1.1261 7
1.1397 7
1.1533 7
1.1670 7
1.1806 7
1.1942 7
1.2078 7
1.2214 7
1.2350 7
1.2486 7
1.2623 7
1.2759 7
1.2895 7
1.3031 7
1.3167 7
1.3302 7
1.3438 7
1.3574 7
1.3711 7
