0.0000 7
0.0202 7
0.0349 7
0.0496 7
0.0643 7
0.0790 7
0.0940 7
0.1090 7
0.1241 7
0.1389 7
0.1537 7
0.1684 7
0.1831 7
0.1980 7
0.2127 7
0.2274 7
0.2421 7
0.2568 7
0.2714 7
0.2863 7
0.3011 7
0.3157 7
0.3304 7
0.3451 7
0.3599 7
0.3748 7
0.3895 7
0.4042 7
0.4189 7
0.4336 7
0.4483 7
0.4629 7
0.4776 7
0.4923 7
0.5070 7
0.5217 7
0.5364 7
0.5510 7
0.5659 7
0.5807 7
0.5957 7
0.6103 7
0.6251 7
0.6398 7
0.6545 7
0.6692 7
0.6838 7
0.6985 7
0.7132 7
0.7281 7
0.7430 7
0.7577 7
0.7724 7
0.7873 7
0.8021 7
0.8167 7
0.8314 7
0.8461 7
0.8608 7
0.8755 7
0.8901 7
0.9048 7
0.9196 7
0.9346 7
0.9493 7
0.9645 7
0.9794 7
0.9942 7
1.0088 7
1.0235 7
1.0382 7
1.0529 7
1.0675 7
1.0828 7
1.0980 7
1.1128 7
1.1275 7
1.1421 7
1.1568 7
1.1716 7
1.1863 7
1.2011 7
1.2158 7
1.2305 7
1.2451 7
1.2599 7
1.2746 7
1.2894 7
1.3041 7
1.3188 7
1.3336 7
1.3483 7
1.3629 7
1.3777 7
1.3924 7
1.4071 7
1.4218 7
1.4364 7
1.4511 7
1.4658 7
1.4804 7
