0.0000 6
0.0100 6
0.0180 6
0.0260 6
0.0341 6
0.0421 6
0.0501 6
0.0581 6
0.0662 6
0.0742 6
0.0822 6
0.0902 6
0.0982 6
0.1062 6
0.1143 6
0.1223 6
0.1303 6
0.1383 6
0.1463 6
0.1543 6
0.1623 6
0.1703 6
0.1783 6
0.1863 6
0.1943 6
0.2023 6
0.2104 6
0.2184 6
0.2264 6
0.2344 6
0.2424 6
0.2504 6
0.2585 6
0.2665 6
0.2745 6
0.2825 6
0.2906 6
0.2985 6
0.3069 6
0.3149 6
0.3229 6
0.3309 6
0.3389 6
0.3473 6
0.3553 6
0.3634 6
0.3714 6
0.3794 6
0.3874 6
0.3954 6
0.4034 6
0.4114 6
0.4194 6
0.4273 6
0.4354 6
0.4434 6
0.4515 6
0.4595 6
0.4675 6
0.4755 6
0.4835 6
0.4915 6
0.4995 6
0.5075 6
0.5155 6
0.5235 6
0.5314 6
0.5394 6
0.5474 6
0.5554 6
0.5634 6
0.5714 6
0.5794 6
0.5874 6
0.5954 6
0.6034 6
0.6114 6
0.6196 6
0.6276 6
0.6356 6
0.6436 6
0.6517 6
0.6597 6
0.6677 6
0.6757 6
0.6837 6
0.6917 6
0.6997 6
0.7077 6
0.7157 6
0.7237 6
0.7316 6
0.7396 6
0.7476 6
0.7556 6
0.7636 6
0.7716 6
0.7796 6
0.7876 6
0.7956 6
0.8036 6
