0.0000 56
0.0979 56
0.1261 56
0.1538 56
0.1815 56
0.2094 56
0.2371 56
0.2649 56
0.2927 56
0.3205 56
0.3485 56
0.3763 56
0.4040 56
0.4318 56
0.4596 56
0.4874 56
0.5151 56
0.5429 56
0.5708 56
0.5986 56
0.6266 56
0.6543 56
0.6821 56
0.7099 56
0.7376 56
0.7658 56
0.7938 56
0.8219 56
0.8496 56
0.8774 56
0.9054 56
0.9331 56
0.9609 56
0.9886 56
1.0164 56
1.0441 56
1.0719 56
1.1008 56
1.1294 56
1.1581 56
1.1868 56
1.2155 56
1.2440 56
1.2721 56
1.2999 56
1.3276 56
1.3554 56
1.3831 56
1.4109 56
1.4387 56
1.4664 56
1.4942 56
1.5220 56
1.5497 56
1.5776 56
1.6053 56
1.6336 56
1.6613 56
1.6892 56
1.7169 56
1.7447 56
1.7728 56
1.8011 56
1.8289 56
1.8571 56
1.8849 56
1.9128 56
1.9407 56
1.9685 56
1.9962 56
2.0240 56
2.0518 56
2.0795 56
2.1074 56
2.1354 56
2.1631 56
2.1909 56
2.2186 56
2.2463 56
2.2741 56
2.3019 56
2.3297 56
2.3574 56
2.3852 56
2.4129 56
2.4406 56
2.4684 56
2.4962 56
2.5239 56
2.5517 56
2.5795 56
2.6074 56
2.6353 56
2.6630 56
2.6907 56
2.7185 56
2.7463 56
2.7744 56
2.8031 56
2.8309 56
2.8586 56
