0.0000 56
0.1019 56
0.1344 56
0.1676 56
0.2007 56
0.2333 56
0.2657 56
0.2987 56
0.3312 56
0.3640 56
0.3964 56
0.4290 56
0.4614 56
0.4940 56
0.5267 56
0.5592 56
0.5917 56
0.6241 56
0.6566 56
0.6891 56
0.7216 56
0.7540 56
0.7865 56
0.8190 56
0.8514 56
0.8839 56
0.9164 56
0.9488 56
0.9812 56
1.0138 56
1.0463 56
1.0789 56
1.1114 56
1.1450 56
1.1787 56
1.2117 56
1.2443 56
1.2768 56
1.3093 56
1.3418 56
1.3750 56
1.4076 56
1.4401 56
1.4726 56
1.5055 56
1.5385 56
1.5712 56
1.6037 56
1.6362 56
1.6686 56
1.7012 56
1.7336 56
1.7661 56
1.7987 56
1.8312 56
1.8637 56
1.8961 56
1.9286 56
1.9612 56
1.9941 56
2.0267 56
2.0591 56
2.0917 56
2.1241 56
2.1571 56
2.1896 56
2.2227 56
2.2552 56
2.2876 56
2.3201 56
2.3526 56
2.3853 56
2.4179 56
2.4504 56
2.4828 56
2.5154 56
2.5480 56
2.5806 56
2.6131 56
2.6456 56
2.6781 56
2.7106 56
2.7431 56
2.7756 56
2.8081 56
2.8405 56
2.8730 56
2.9054 56
2.9379 56
2.9704 56
3.0029 56
3.0356 56
3.0681 56
3.1006 56
3.1340 56
3.1680 56
3.2019 56
3.2349 56
3.2676 56
3.3000 56
3.3325 56
