0.0000 319
0.3682 319
0.4083 319
0.4482 319
0.4882 319
0.5284 319
0.5689 319
0.6090 319
0.6489 319
0.6890 319
0.7290 319
0.7691 319
0.8092 319
0.8500 319
0.8903 319
0.9303 319
0.9704 319
1.0109 319
1.0509 319
1.0910 319
1.1310 319
1.1712 319
1.2112 319
1.2513 319
1.2914 319
1.3315 319
1.3718 319
1.4120 319
1.4520 319
1.4921 319
1.5325 319
1.5731 319
1.6132 319
1.6533 319
1.6935 319
1.7340 319
1.7740 319
1.8142 319
1.8543 319
1.8947 319
1.9347 319
1.9747 319
2.0148 319
2.0550 319
2.0953 319
2.1355 319
2.1756 319
2.2156 319
2.2557 319
2.2957 319
2.3360 319
2.3762 319
2.4162 319
2.4563 319
2.4964 319
2.5367 319
2.5772 319
2.6172 319
2.6574 319
2.6974 319
2.7375 319
2.7775 319
2.8176 319
2.8582 319
2.8987 319
2.9387 319
2.9791 319
3.0191 319
3.0593 319
3.0993 319
3.1395 319
3.1797 319
3.2196 319
3.2597 319
3.2997 319
3.3399 319
3.3802 319
3.4202 319
3.4602 319
3.5009 319
3.5423 319
3.5826 319
3.6226 319
3.6627 319
3.7030 319
3.7430 319
3.7832 319
3.8233 319
3.8636 319
3.9038 319
3.9438 319
3.9839 319
4.0239 319
4.0643 319
4.1043 319
4.1443 319
4.1844 319
4.2251 319
4.2652 319
4.3054 319
4.3456 319
