0.0000 319
0.3925 319
0.4562 319
0.5200 319
0.5837 319
0.6473 319
0.7109 319
0.7746 319
0.8384 319
0.9024 319
0.9664 319
1.0305 319
1.0943 319
1.1586 319
1.2231 319
1.2869 319
1.3508 319
1.4150 319
1.4789 319
1.5430 319
1.6068 319
1.6705 319
1.7344 319
1.7983 319
1.8621 319
1.9269 319
1.9917 319
2.0561 319
2.1199 319
2.1844 319
2.2487 319
2.3129 319
2.3768 319
2.4405 319
2.5043 319
2.5684 319
2.6322 319
2.6960 319
2.7603 319
2.8241 319
2.8879 319
2.9519 319
3.0158 319
3.0799 319
3.1437 319
3.2088 319
3.2726 319
3.3364 319
3.4002 319
3.4641 319
3.5280 319
3.5918 319
3.6556 319
3.7197 319
3.7842 319
3.8481 319
3.9122 319
3.9779 319
4.0420 319
4.1059 319
4.1702 319
4.2348 319
4.2986 319
4.3625 319
4.4264 319
4.4902 319
4.5545 319
4.6186 319
4.6823 319
4.7461 319
4.8099 319
4.8736 319
4.9374 319
5.0013 319
5.0656 319
5.1295 319
5.1939 319
5.2586 319
5.3225 319
5.3868 319
5.4507 319
5.5145 319
5.5788 319
5.6427 319
5.7065 319
5.7705 319
5.8345 319
5.8984 319
5.9636 319
6.0286 319
6.0929 319
6.1570 319
6.2217 319
6.2856 319
6.3495 319
6.4134 319
6.4773 319
6.5413 319
6.6055 319
6.6694 319
6.7331 319
