0.0000 6
0.0104 6
0.0193 6
0.0280 6
0.0368 6
0.0456 6
0.0544 6
0.0632 6
0.0719 6
0.0807 6
0.0895 6
0.0983 6
0.1070 6
0.1159 6
0.1246 6
0.1334 6
0.1421 6
0.1509 6
0.1597 6
0.1686 6
0.1773 6
0.1861 6
0.1948 6
0.2036 6
0.2124 6
0.2212 6
0.2299 6
0.2387 6
0.2474 6
0.2562 6
0.2649 6
0.2737 6
0.2825 6
0.2912 6
0.3000 6
0.3089 6
0.3178 6
0.3265 6
0.3353 6
0.3440 6
0.3528 6
0.3617 6
0.3705 6
0.3792 6
0.3880 6
0.3967 6
0.4054 6
0.4145 6
0.4235 6
0.4325 6
0.4415 6
0.4505 6
0.4594 6
0.4683 6
0.4772 6
0.4860 6
0.4948 6
0.5035 6
0.5123 6
0.5212 6
0.5299 6
0.5387 6
0.5474 6
0.5562 6
0.5649 6
0.5737 6
0.5824 6
0.5912 6
0.6000 6
0.6087 6
0.6175 6
0.6262 6
0.6350 6
0.6437 6
0.6524 6
0.6612 6
0.6699 6
0.6786 6
0.6874 6
0.6961 6
0.7048 6
0.7135 6
0.7223 6
0.7311 6
0.7398 6
0.7486 6
0.7573 6
0.7661 6
0.7749 6
0.7836 6
0.7924 6
0.8011 6
0.8099 6
0.8186 6
0.8273 6
0.8361 6
0.8448 6
0.8536 6
0.8623 6
0.8710 6
0.8798 6
