0.0000 6
0.0104 6
0.0192 6
0.0280 6
0.0367 6
0.0455 6
0.0543 6
0.0630 6
0.0718 6
0.0805 6
0.0893 6
0.0981 6
0.1069 6
0.1156 6
0.1248 6
0.1337 6
0.1425 6
0.1512 6
0.1600 6
0.1690 6
0.1777 6
0.1865 6
0.1953 6
0.2040 6
0.2128 6
0.2215 6
0.2303 6
0.2391 6
0.2478 6
0.2566 6
0.2653 6
0.2741 6
0.2828 6
0.2916 6
0.3004 6
0.3091 6
0.3179 6
0.3267 6
0.3354 6
0.3441 6
0.3529 6
0.3617 6
0.3705 6
0.3793 6
0.3880 6
0.3967 6
0.4055 6
0.4143 6
0.4232 6
0.4319 6
0.4407 6
0.4495 6
0.4582 6
0.4670 6
0.4758 6
0.4850 6
0.4938 6
0.5026 6
0.5113 6
0.5201 6
0.5291 6
0.5379 6
0.5466 6
0.5554 6
0.5642 6
0.5729 6
0.5817 6
0.5905 6
0.5992 6
0.6079 6
0.6168 6
0.6255 6
0.6342 6
0.6430 6
0.6518 6
0.6605 6
0.6693 6
0.6782 6
0.6872 6
0.6961 6
0.7048 6
0.7136 6
0.7223 6
0.7311 6
0.7398 6
0.7486 6
0.7574 6
0.7661 6
0.7749 6
0.7837 6
0.7925 6
0.8012 6
0.8100 6
0.8187 6
0.8274 6
0.8361 6
0.8449 6
0.8539 6
0.8627 6
0.8714 6
0.8802 6
