0.0000 56
0.0973 56
0.1251 56
0.1529 56
0.1810 56
0.2094 56
0.2372 56
0.2650 56
0.2928 56
0.3205 56
0.3482 56
0.3759 56
0.4036 56
0.4313 56
0.4591 56
0.4869 56
0.5151 56
0.5438 56
0.5725 56
0.6006 56
0.6283 56
0.6561 56
0.6840 56
0.7118 56
0.7396 56
0.7673 56
0.7950 56
0.8228 56
0.8506 56
0.8783 56
0.9060 56
0.9338 56
0.9615 56
0.9892 56
1.0169 56
1.0447 56
1.0727 56
1.1004 56
1.1283 56
1.1560 56
1.1842 56
1.2126 56
1.2403 56
1.2682 56
1.2960 56
1.3238 56
1.3515 56
1.3792 56
1.4070 56
1.4347 56
1.4625 56
1.4902 56
1.5184 56
1.5463 56
1.5740 56
1.6018 56
1.6295 56
1.6572 56
1.6850 56
1.7128 56
1.7406 56
1.7687 56
1.7964 56
1.8243 56
1.8520 56
1.8799 56
1.9077 56
1.9354 56
1.9633 56
1.9911 56
2.0188 56
2.0467 56
2.0751 56
2.1031 56
2.1309 56
2.1586 56
2.1868 56
2.2152 56
2.2430 56
2.2707 56
2.2985 56
2.3262 56
2.3539 56
2.3816 56
2.4093 56
2.4370 56
2.4648 56
2.4926 56
2.5207 56
2.5494 56
2.5779 56
2.6062 56
2.6339 56
2.6616 56
2.6895 56
2.7172 56
2.7449 56
2.7727 56
2.8006 56
2.8284 56
2.8561 56
