0.0000 7
0.0216 7
0.0364 7
0.0511 7
0.0659 7
0.0806 7
0.0954 7
0.1102 7
0.1250 7
0.1398 7
0.1545 7
0.1692 7
0.1839 7
0.1986 7
0.2133 7
0.2281 7
0.2428 7
0.2575 7
0.2721 7
0.2868 7
0.3016 7
0.3162 7
0.3309 7
0.3456 7
0.3603 7
0.3750 7
0.3897 7
0.4045 7
0.4192 7
0.4340 7
0.4486 7
0.4633 7
0.4780 7
0.4926 7
0.5073 7
0.5219 7
0.5367 7
0.5513 7
0.5660 7
0.5807 7
0.5954 7
0.6101 7
0.6250 7
0.6397 7
0.6545 7
0.6691 7
0.6838 7
0.6985 7
0.7132 7
0.7278 7
0.7429 7
0.7582 7
0.7733 7
0.7887 7
0.8035 7
0.8182 7
0.8330 7
0.8476 7
0.8623 7
0.8770 7
0.8917 7
0.9063 7
0.9210 7
0.9356 7
0.9503 7
0.9649 7
0.9796 7
0.9944 7
1.0091 7
1.0238 7
1.0387 7
1.0538 7
1.0685 7
1.0833 7
1.0979 7
1.1127 7
1.1275 7
1.1424 7
1.1570 7
1.1717 7
1.1864 7
1.2011 7
1.2157 7
1.2304 7
1.2452 7
1.2601 7
1.2748 7
1.2895 7
1.3041 7
1.3188 7
1.3336 7
1.3483 7
1.3630 7
1.3776 7
1.3924 7
1.4074 7
1.4220 7
1.4367 7
1.4514 7
1.4661 7
1.4808 7
