0.0000 8
0.0113 8
0.0194 8
0.0275 8
0.0355 8
0.0436 8
0.0516 8
0.0598 8
0.0679 8
0.0760 8
0.0840 8
0.0922 8
0.1004 8
0.1087 8
0.1167 8
0.1248 8
0.1328 8
0.1409 8
0.1490 8
0.1570 8
0.1651 8
0.1732 8
0.1814 8
0.1894 8
0.1975 8
0.2056 8
0.2138 8
0.2219 8
0.2299 8
0.2380 8
0.2461 8
0.2541 8
0.2622 8
0.2702 8
0.2783 8
0.2864 8
0.2944 8
0.3028 8
0.3110 8
0.3191 8
0.3272 8
0.3353 8
0.3435 8
0.3519 8
0.3599 8
0.3680 8
0.3760 8
0.3841 8
0.3921 8
0.4002 8
0.4082 8
0.4163 8
0.4243 8
0.4324 8
0.4404 8
0.4485 8
0.4566 8
0.4646 8
0.4727 8
0.4807 8
0.4888 8
0.4968 8
0.5050 8
0.5130 8
0.5211 8
0.5291 8
0.5372 8
0.5452 8
0.5533 8
0.5614 8
0.5695 8
0.5776 8
0.5856 8
0.5937 8
0.6018 8
0.6099 8
0.6179 8
0.6260 8
0.6340 8
0.6421 8
0.6502 8
0.6582 8
0.6663 8
0.6744 8
0.6826 8
0.6906 8
0.6986 8
0.7067 8
0.7147 8
0.7228 8
0.7308 8
0.7389 8
0.7469 8
0.7550 8
0.7631 8
0.7711 8
0.7792 8
0.7872 8
0.7953 8
0.8033 8
0.8114 8
