0.0000 7
0.0204 7
0.0353 7
0.0500 7
0.0647 7
0.0794 7
0.0941 7
0.1088 7
0.1235 7
0.1383 7
0.1530 7
0.1676 7
0.1823 7
0.1971 7
0.2118 7
0.2267 7
0.2415 7
0.2562 7
0.2708 7
0.2855 7
0.3002 7
0.3149 7
0.3297 7
0.3444 7
0.3590 7
0.3737 7
0.3889 7
0.4035 7
0.4185 7
0.4335 7
0.4482 7
0.4629 7
0.4777 7
0.4924 7
0.5070 7
0.5217 7
0.5365 7
0.5512 7
0.5659 7
0.5809 7
0.5958 7
0.6107 7
0.6254 7
0.6401 7
0.6548 7
0.6695 7
0.6842 7
0.6989 7
0.7136 7
0.7284 7
0.7433 7
0.7580 7
0.7728 7
0.7876 7
0.8022 7
0.8169 7
0.8316 7
0.8462 7
0.8610 7
0.8756 7
0.8903 7
0.9050 7
0.9197 7
0.9345 7
0.9492 7
0.9640 7
0.9786 7
0.9933 7
1.0080 7
1.0227 7
1.0374 7
1.0520 7
1.0667 7
1.0814 7
1.0961 7
1.1108 7
1.1255 7
1.1402 7
1.1549 7
1.1696 7
1.1843 7
1.1990 7
1.2136 7
1.2285 7
1.2433 7
1.2580 7
1.2727 7
1.2874 7
1.3021 7
1.3168 7
1.3314 7
1.3463 7
1.3610 7
1.3758 7
1.3908 7
1.4055 7
1.4206 7
1.4354 7
1.4502 7
1.4649 7
1.4796 7
