0.0000 8
0.0113 8
0.0196 8
0.0277 8
0.0358 8
0.0439 8
0.0520 8
0.0600 8
0.0681 8
0.0762 8
0.0845 8
0.0925 8
0.1006 8
0.1086 8
0.1167 8
0.1247 8
0.1328 8
0.1409 8
0.1489 8
0.1570 8
0.1650 8
0.1731 8
0.1811 8
0.1892 8
0.1972 8
0.2053 8
0.2136 8
0.2216 8
0.2297 8
0.2377 8
0.2458 8
0.2538 8
0.2618 8
0.2699 8
0.2779 8
0.2860 8
0.2940 8
0.3023 8
0.3103 8
0.3183 8
0.3265 8
0.3351 8
0.3433 8
0.3513 8
0.3594 8
0.3674 8
0.3759 8
0.3840 8
0.3920 8
0.4001 8
0.4082 8
0.4162 8
0.4243 8
0.4324 8
0.4404 8
0.4485 8
0.4565 8
0.4646 8
0.4726 8
0.4806 8
0.4887 8
0.4967 8
0.5048 8
0.5128 8
0.5209 8
0.5291 8
0.5373 8
0.5456 8
0.5536 8
0.5617 8
0.5697 8
0.5778 8
0.5858 8
0.5939 8
0.6019 8
0.6100 8
0.6180 8
0.6260 8
0.6341 8
0.6421 8
0.6502 8
0.6582 8
0.6663 8
0.6743 8
0.6824 8
0.6904 8
0.6985 8
0.7066 8
0.7147 8
0.7228 8
0.7310 8
0.7390 8
0.7472 8
0.7552 8
0.7633 8
0.7713 8
0.7794 8
0.7874 8
0.7955 8
0.8035 8
0.8116 8
