0.0000 8
0.0123 8
0.0217 8
0.0309 8
0.0401 8
0.0492 8
0.0584 8
0.0675 8
0.0766 8
0.0858 8
0.0949 8
0.1040 8
0.1132 8
0.1222 8
0.1313 8
0.1405 8
0.1497 8
0.1591 8
0.1682 8
0.1774 8
0.1865 8
0.1957 8
0.2049 8
0.2141 8
0.2234 8
0.2325 8
0.2416 8
0.2508 8
0.2600 8
0.2693 8
0.2783 8
0.2875 8
0.2966 8
0.3057 8
0.3148 8
0.3240 8
0.3333 8
0.3424 8
0.3515 8
0.3607 8
0.3700 8
0.3791 8
0.3884 8
0.3981 8
0.4072 8
0.4164 8
0.4255 8
0.4349 8
0.4444 8
0.4535 8
0.4627 8
0.4718 8
0.4809 8
0.4901 8
0.4992 8
0.5083 8
0.5175 8
0.5266 8
0.5358 8
0.5450 8
0.5541 8
0.5632 8
0.5723 8
0.5815 8
0.5907 8
0.6002 8
0.6094 8
0.6186 8
0.6278 8
0.6369 8
0.6461 8
0.6552 8
0.6644 8
0.6735 8
0.6827 8
0.6918 8
0.7009 8
0.7101 8
0.7192 8
0.7283 8
0.7376 8
0.7469 8
0.7561 8
0.7654 8
0.7745 8
0.7837 8
0.7929 8
0.8021 8
0.8112 8
0.8204 8
0.8295 8
0.8386 8
0.8479 8
0.8570 8
0.8661 8
0.8752 8
0.8844 8
0.8935 8
0.9026 8
0.9117 8
0.9209 8
