0.0000 8
0.0112 8
0.0193 8
0.0274 8
0.0354 8
0.0434 8
0.0515 8
0.0595 8
0.0676 8
0.0756 8
0.0838 8
0.0919 8
0.1000 8
0.1081 8
0.1162 8
0.1242 8
0.1323 8
0.1405 8
0.1485 8
0.1566 8
0.1647 8
0.1727 8
0.1808 8
0.1889 8
0.1969 8
0.2050 8
0.2131 8
0.2212 8
0.2292 8
0.2373 8
0.2457 8
0.2538 8
0.2619 8
0.2699 8
0.2780 8
0.2861 8
0.2942 8
0.3022 8
0.3103 8
0.3184 8
0.3264 8
0.3345 8
0.3427 8
0.3508 8
0.3589 8
0.3669 8
0.3751 8
0.3831 8
0.3912 8
0.3993 8
0.4073 8
0.4154 8
0.4235 8
0.4315 8
0.4395 8
0.4476 8
0.4557 8
0.4637 8
0.4718 8
0.4801 8
0.4881 8
0.4964 8
0.5045 8
0.5127 8
0.5208 8
0.5288 8
0.5369 8
0.5449 8
0.5531 8
0.5611 8
0.5692 8
0.5773 8
0.5854 8
0.5935 8
0.6016 8
0.6096 8
0.6177 8
0.6258 8
0.6338 8
0.6418 8
0.6499 8
0.6580 8
0.6661 8
0.6743 8
0.6823 8
0.6903 8
0.6984 8
0.7068 8
0.7148 8
0.7230 8
0.7310 8
0.7391 8
0.7477 8
0.7558 8
0.7639 8
0.7720 8
0.7801 8
0.7881 8
0.7962 8
0.8042 8
0.8123 8
