0.0000 7
0.0195 7
0.0331 7
0.0468 7
0.0604 7
0.0740 7
0.0876 7
0.1013 7
0.1149 7
0.1285 7
0.1421 7
0.1558 7
0.1694 7
0.1831 7
0.1967 7
0.2104 7
0.2242 7
0.2379 7
0.2516 7
0.2655 7
0.2792 7
0.2928 7
0.3065 7
0.3201 7
0.3338 7
0.3474 7
0.3611 7
0.3747 7
0.3891 7
0.4032 7
0.4171 7
0.4307 7
0.4445 7
0.4583 7
0.4720 7
0.4859 7
0.5004 7
0.5143 7
0.5281 7
0.5417 7
0.5554 7
0.5691 7
0.5830 7
0.5970 7
0.6106 7
0.6246 7
0.6385 7
0.6521 7
0.6657 7
0.6794 7
0.6930 7
0.7066 7
0.7203 7
0.7340 7
0.7476 7
0.7613 7
0.7749 7
0.7888 7
0.8025 7
0.8162 7
0.8299 7
0.8435 7
0.8571 7
0.8709 7
0.8846 7
0.8983 7
0.9119 7
0.9256 7
0.9393 7
0.9529 7
0.9668 7
0.9805 7
0.9942 7
1.0078 7
1.0215 7
1.0351 7
1.0487 7
1.0625 7
1.0761 7
1.0897 7
1.1034 7
1.1170 7
1.1308 7
1.1444 7
1.1580 7
1.1717 7
1.1853 7
1.1989 7
1.2125 7
1.2263 7
1.2401 7
1.2539 7
1.2675 7
1.2813 7
1.2949 7
1.3086 7
1.3222 7
1.3358 7
1.3494 7
1.3630 7
1.3766 7
