0.0000 319
0.3900 319
0.4537 319
0.5172 319
0.5809 319
0.6447 319
0.7089 319
0.7731 319
0.8368 319
0.9012 319
0.9651 319
1.0289 319
1.0928 319
1.1566 319
1.2204 319
1.2842 319
1.3482 319
1.4119 319
1.4758 319
1.5395 319
1.6034 319
1.6676 319
1.7327 319
1.7982 319
1.8624 319
1.9267 319
1.9905 319
2.0545 319
2.1183 319
2.1820 319
2.2459 319
2.3096 319
2.3735 319
2.4373 319
2.5010 319
2.5649 319
2.6287 319
2.6931 319
2.7575 319
2.8213 319
2.8851 319
2.9491 319
3.0129 319
3.0767 319
3.1405 319
3.2046 319
3.2683 319
3.3322 319
3.3961 319
3.4602 319
3.5240 319
3.5878 319
3.6518 319
3.7171 319
3.7825 319
3.8471 319
3.9110 319
3.9749 319
4.0388 319
4.1030 319
4.1668 319
4.2305 319
4.2943 319
4.3581 319
4.4220 319
4.4859 319
4.5498 319
4.6137 319
4.6783 319
4.7431 319
4.8070 319
4.8710 319
4.9351 319
4.9990 319
5.0629 319
5.1268 319
5.1906 319
5.2545 319
5.3184 319
5.3822 319
5.4461 319
5.5099 319
5.5740 319
5.6378 319
5.7024 319
5.7674 319
5.8328 319
5.8967 319
5.9611 319
6.0252 319
6.0892 319
6.1533 319
6.2172 319
6.2811 319
6.3454 319
6.4092 319
6.4731 319
6.5370 319
6.6011 319
6.6659 319
6.7336 319
