0.0000 319
0.3714 319
0.4118 319
0.4523 319
0.4923 319
0.5322 319
0.5723 319
0.6127 319
0.6528 319
0.6928 319
0.7330 319
0.7729 319
0.8129 319
0.8529 319
0.8930 319
0.9330 319
0.9729 319
1.0130 319
1.0530 319
1.0931 319
1.1335 319
1.1735 319
1.2135 319
1.2548 319
1.2954 319
1.3355 319
1.3757 319
1.4159 319
1.4559 319
1.4960 319
1.5361 319
1.5778 319
1.6192 319
1.6606 319
1.7009 319
1.7412 319
1.7813 319
1.8215 319
1.8616 319
1.9017 319
1.9419 319
1.9820 319
2.0221 319
2.0623 319
2.1031 319
2.1442 319
2.1844 319
2.2245 319
2.2650 319
2.3056 319
2.3457 319
2.3859 319
2.4260 319
2.4661 319
2.5062 319
2.5462 319
2.5865 319
2.6269 319
2.6669 319
2.7070 319
2.7471 319
2.7872 319
2.8272 319
2.8673 319
2.9075 319
2.9476 319
2.9877 319
3.0277 319
3.0679 319
3.1082 319
3.1483 319
3.1887 319
3.2292 319
3.2700 319
3.3105 319
3.3511 319
3.3913 319
3.4317 319
3.4721 319
3.5122 319
3.5523 319
3.5928 319
3.6331 319
3.6732 319
3.7133 319
3.7535 319
3.7935 319
3.8336 319
3.8738 319
3.9139 319
3.9541 319
3.9944 319
4.0348 319
4.0751 319
4.1160 319
4.1564 319
4.1965 319
4.2371 319
4.2778 319
4.3180 319
4.3581 319
