0.0000 8
0.0112 8
0.0194 8
0.0274 8
0.0355 8
0.0436 8
0.0516 8
0.0597 8
0.0679 8
0.0759 8
0.0841 8
0.0922 8
0.1003 8
0.1084 8
0.1165 8
0.1246 8
0.1327 8
0.1408 8
0.1488 8
0.1569 8
0.1649 8
0.1730 8
0.1811 8
0.1891 8
0.1972 8
0.2052 8
0.2144 8
0.2227 8
0.2307 8
0.2388 8
0.2469 8
0.2551 8
0.2635 8
0.2716 8
0.2797 8
0.2878 8
0.2958 8
0.3039 8
0.3119 8
0.3200 8
0.3281 8
0.3361 8
0.3441 8
0.3522 8
0.3603 8
0.3683 8
0.3764 8
0.3844 8
0.3925 8
0.4005 8
0.4086 8
0.4166 8
0.4247 8
0.4327 8
0.4408 8
0.4488 8
0.4568 8
0.4649 8
0.4729 8
0.4811 8
0.4891 8
0.4972 8
0.5052 8
0.5133 8
0.5213 8
0.5294 8
0.5374 8
0.5455 8
0.5535 8
0.5616 8
0.5696 8
0.5777 8
0.5858 8
0.5940 8
0.6021 8
0.6103 8
0.6183 8
0.6263 8
0.6344 8
0.6424 8
0.6504 8
0.6585 8
0.6665 8
0.6745 8
0.6826 8
0.6907 8
0.6987 8
0.7067 8
0.7148 8
0.7228 8
0.7309 8
0.7390 8
0.7470 8
0.7550 8
0.7631 8
0.7711 8
0.7791 8
0.7872 8
0.7952 8
0.8032 8
0.8113 8
