0.0000 7
0.0198 7
0.0334 7
0.0470 7
0.0608 7
0.0744 7
0.0880 7
0.1016 7
0.1152 7
0.1288 7
0.1425 7
0.1563 7
0.1699 7
0.1840 7
0.1977 7
0.2115 7
0.2255 7
0.2392 7
0.2528 7
0.2664 7
0.2801 7
0.2937 7
0.3073 7
0.3209 7
0.3345 7
0.3481 7
0.3617 7
0.3756 7
0.3895 7
0.4032 7
0.4169 7
0.4305 7
0.4441 7
0.4577 7
0.4713 7
0.4849 7
0.4985 7
0.5121 7
0.5258 7
0.5394 7
0.5532 7
0.5668 7
0.5804 7
0.5940 7
0.6078 7
0.6215 7
0.6351 7
0.6487 7
0.6623 7
0.6759 7
0.6895 7
0.7031 7
0.7167 7
0.7303 7
0.7439 7
0.7575 7
0.7711 7
0.7847 7
0.7984 7
0.8120 7
0.8257 7
0.8393 7
0.8529 7
0.8665 7
0.8801 7
0.8937 7
0.9074 7
0.9211 7
0.9347 7
0.9483 7
0.9619 7
0.9755 7
0.9891 7
1.0027 7
1.0163 7
1.0300 7
1.0435 7
1.0573 7
1.0710 7
1.0846 7
1.0983 7
1.1119 7
1.1254 7
1.1390 7
1.1526 7
1.1663 7
1.1808 7
1.1954 7
1.2093 7
1.2231 7
1.2372 7
1.2508 7
1.2644 7
1.2780 7
1.2916 7
1.3052 7
1.3188 7
1.3324 7
1.3460 7
1.3596 7
1.3732 7
