0.0000 8
0.0127 8
0.0218 8
0.0309 8
0.0401 8
0.0492 8
0.0583 8
0.0674 8
0.0766 8
0.0857 8
0.0949 8
0.1040 8
0.1130 8
0.1222 8
0.1312 8
0.1403 8
0.1495 8
0.1586 8
0.1677 8
0.1768 8
0.1859 8
0.1950 8
0.2042 8
0.2139 8
0.2233 8
0.2327 8
0.2421 8
0.2513 8
0.2604 8
0.2696 8
0.2787 8
0.2878 8
0.2970 8
0.3061 8
0.3152 8
0.3243 8
0.3335 8
0.3428 8
0.3519 8
0.3610 8
0.3701 8
0.3793 8
0.3884 8
0.3976 8
0.4067 8
0.4160 8
0.4252 8
0.4343 8
0.4434 8
0.4525 8
0.4617 8
0.4710 8
0.4802 8
0.4893 8
0.4985 8
0.5076 8
0.5174 8
0.5266 8
0.5357 8
0.5449 8
0.5540 8
0.5632 8
0.5723 8
0.5814 8
0.5906 8
0.5997 8
0.6088 8
0.6180 8
0.6271 8
0.6362 8
0.6454 8
0.6545 8
0.6636 8
0.6728 8
0.6819 8
0.6910 8
0.7002 8
0.7093 8
0.7184 8
0.7275 8
0.7367 8
0.7458 8
0.7549 8
0.7641 8
0.7732 8
0.7825 8
0.7916 8
0.8007 8
0.8099 8
0.8190 8
0.8281 8
0.8373 8
0.8466 8
0.8558 8
0.8650 8
0.8741 8
0.8832 8
0.8923 8
0.9015 8
0.9106 8
0.9198 8
