0.0000 8
0.0123 8
0.0216 8
0.0308 8
0.0399 8
0.0490 8
0.0582 8
0.0673 8
0.0765 8
0.0859 8
0.0951 8
0.1042 8
0.1133 8
0.1225 8
0.1320 8
0.1411 8
0.1503 8
0.1594 8
0.1685 8
0.1776 8
0.1868 8
0.1960 8
0.2052 8
0.2144 8
0.2236 8
0.2327 8
0.2418 8
0.2509 8
0.2601 8
0.2692 8
0.2784 8
0.2878 8
0.2972 8
0.3063 8
0.3154 8
0.3246 8
0.3337 8
0.3428 8
0.3519 8
0.3610 8
0.3702 8
0.3793 8
0.3885 8
0.3976 8
0.4067 8
0.4159 8
0.4250 8
0.4342 8
0.4435 8
0.4527 8
0.4619 8
0.4710 8
0.4802 8
0.4893 8
0.4984 8
0.5075 8
0.5166 8
0.5257 8
0.5349 8
0.5440 8
0.5531 8
0.5623 8
0.5714 8
0.5805 8
0.5897 8
0.5988 8
0.6079 8
0.6170 8
0.6261 8
0.6352 8
0.6444 8
0.6535 8
0.6626 8
0.6717 8
0.6809 8
0.6900 8
0.6991 8
0.7082 8
0.7173 8
0.7266 8
0.7357 8
0.7448 8
0.7539 8
0.7630 8
0.7722 8
0.7813 8
0.7906 8
0.8001 8
0.8096 8
0.8189 8
0.8281 8
0.8374 8
0.8465 8
0.8557 8
0.8648 8
0.8739 8
0.8830 8
0.8921 8
0.9013 8
0.9104 8
0.9195 8
