0.0000 8
0.0112 8
0.0193 8
0.0274 8
0.0355 8
0.0436 8
0.0517 8
0.0598 8
0.0678 8
0.0759 8
0.0840 8
0.0921 8
0.1002 8
0.1083 8
0.1164 8
0.1246 8
0.1327 8
0.1408 8
0.1489 8
0.1570 8
0.1650 8
0.1731 8
0.1812 8
0.1892 8
0.1973 8
0.2054 8
0.2135 8
0.2215 8
0.2296 8
0.2384 8
0.2467 8
0.2550 8
0.2633 8
0.2713 8
0.2794 8
0.2875 8
0.2955 8
0.3036 8
0.3117 8
0.3197 8
0.3278 8
0.3358 8
0.3440 8
0.3520 8
0.3601 8
0.3681 8
0.3762 8
0.3846 8
0.3927 8
0.4007 8
0.4088 8
0.4169 8
0.4250 8
0.4330 8
0.4411 8
0.4491 8
0.4572 8
0.4653 8
0.4733 8
0.4814 8
0.4894 8
0.4975 8
0.5055 8
0.5136 8
0.5216 8
0.5297 8
0.5377 8
0.5458 8
0.5539 8
0.5619 8
0.5700 8
0.5781 8
0.5861 8
0.5942 8
0.6023 8
0.6105 8
0.6186 8
0.6268 8
0.6348 8
0.6429 8
0.6510 8
0.6591 8
0.6672 8
0.6753 8
0.6834 8
0.6915 8
0.6995 8
0.7076 8
0.7157 8
0.7237 8
0.7318 8
0.7398 8
0.7480 8
0.7565 8
0.7646 8
0.7727 8
0.7807 8
0.7888 8
0.7972 8
0.8054 8
0.8135 8
