0.0000 319
0.3948 319
0.4581 319
0.5217 319
0.5855 319
0.6491 319
0.7136 319
0.7770 319
0.8405 319
0.9040 319
0.9677 319
1.0312 319
1.0947 319
1.1581 319
1.2219 319
1.2852 319
1.3486 319
1.4120 319
1.4755 319
1.5392 319
1.6027 319
1.6668 319
1.7308 319
1.7942 319
1.8587 319
1.9223 319
1.9859 319
2.0494 319
2.1127 319
2.1764 319
2.2399 319
2.3033 319
2.3669 319
2.4303 319
2.4936 319
2.5572 319
2.6210 319
2.6849 319
2.7489 319
2.8123 319
2.8757 319
2.9393 319
3.0031 319
3.0693 319
3.1343 319
3.1977 319
3.2612 319
3.3250 319
3.3885 319
3.4519 319
3.5153 319
3.5792 319
3.6426 319
3.7071 319
3.7707 319
3.8343 319
3.8984 319
3.9620 319
4.0257 319
4.0899 319
4.1536 319
4.2170 319
4.2808 319
4.3443 319
4.4076 319
4.4713 319
4.5350 319
4.5985 319
4.6622 319
4.7264 319
4.7900 319
4.8533 319
4.9168 319
4.9805 319
5.0443 319
5.1079 319
5.1712 319
5.2345 319
5.2979 319
5.3613 319
5.4245 319
5.4878 319
5.5515 319
5.6148 319
5.6786 319
5.7425 319
5.8060 319
5.8703 319
5.9340 319
5.9976 319
6.0612 319
6.1248 319
6.1882 319
6.2515 319
6.3151 319
6.3789 319
6.4422 319
6.5055 319
6.5691 319
6.6324 319
6.6961 319
