0.0000 319
0.3922 319
0.4561 319
0.5197 319
0.5837 319
0.6472 319
0.7107 319
0.7745 319
0.8384 319
0.9020 319
0.9660 319
1.0294 319
1.0933 319
1.1587 319
1.2229 319
1.2867 319
1.3504 319
1.4138 319
1.4776 319
1.5412 319
1.6046 319
1.6680 319
1.7316 319
1.7952 319
1.8589 319
1.9224 319
1.9862 319
2.0499 319
2.1143 319
2.1777 319
2.2413 319
2.3048 319
2.3683 319
2.4318 319
2.4954 319
2.5588 319
2.6225 319
2.6861 319
2.7496 319
2.8134 319
2.8769 319
2.9411 319
3.0050 319
3.0690 319
3.1333 319
3.1981 319
3.2623 319
3.3260 319
3.3895 319
3.4536 319
3.5176 319
3.5811 319
3.6446 319
3.7083 319
3.7719 319
3.8356 319
3.8991 319
3.9626 319
4.0262 319
4.0900 319
4.1539 319
4.2174 319
4.2810 319
4.3446 319
4.4080 319
4.4719 319
4.5353 319
4.5990 319
4.6627 319
4.7265 319
4.7902 319
4.8541 319
4.9176 319
4.9814 319
5.0449 319
5.1091 319
5.1735 319
5.2376 319
5.3014 319
5.3651 319
5.4295 319
5.4948 319
5.5588 319
5.6224 319
5.6862 319
5.7502 319
5.8141 319
5.8778 319
5.9418 319
6.0052 319
6.0690 319
6.1328 319
6.1966 319
6.2599 319
6.3236 319
6.3870 319
6.4508 319
6.5145 319
6.5778 319
6.6413 319
6.7047 319
