0.0000 56
0.0972 56
0.1249 56
0.1524 56
0.1804 56
0.2081 56
0.2367 56
0.2644 56
0.2920 56
0.3196 56
0.3473 56
0.3749 56
0.4027 56
0.4303 56
0.4580 56
0.4855 56
0.5131 56
0.5407 56
0.5686 56
0.5962 56
0.6238 56
0.6513 56
0.6790 56
0.7076 56
0.7360 56
0.7638 56
0.7914 56
0.8190 56
0.8467 56
0.8744 56
0.9020 56
0.9296 56
0.9572 56
0.9847 56
1.0123 56
1.0399 56
1.0679 56
1.0955 56
1.1231 56
1.1508 56
1.1786 56
1.2066 56
1.2348 56
1.2624 56
1.2901 56
1.3177 56
1.3453 56
1.3729 56
1.4007 56
1.4283 56
1.4559 56
1.4836 56
1.5113 56
1.5389 56
1.5667 56
1.5943 56
1.6219 56
1.6495 56
1.6772 56
1.7048 56
1.7324 56
1.7601 56
1.7877 56
1.8153 56
1.8429 56
1.8705 56
1.8982 56
1.9258 56
1.9534 56
1.9810 56
2.0091 56
2.0368 56
2.0647 56
2.0923 56
2.1199 56
2.1475 56
2.1751 56
2.2032 56
2.2313 56
2.2589 56
2.2868 56
2.3145 56
2.3421 56
2.3697 56
2.3973 56
2.4250 56
2.4527 56
2.4803 56
2.5080 56
2.5355 56
2.5634 56
2.5910 56
2.6186 56
2.6462 56
2.6738 56
2.7018 56
2.7302 56
2.7587 56
2.7864 56
2.8140 56
2.8417 56
