0.0000 6
0.0104 6
0.0194 6
0.0282 6
0.0369 6
0.0456 6
0.0544 6
0.0631 6
0.0718 6
0.0805 6
0.0894 6
0.0981 6
0.1070 6
0.1157 6
0.1247 6
0.1336 6
0.1423 6
0.1510 6
0.1598 6
0.1688 6
0.1775 6
0.1864 6
0.1951 6
0.2039 6
0.2126 6
0.2213 6
0.2301 6
0.2388 6
0.2475 6
0.2562 6
0.2650 6
0.2737 6
0.2825 6
0.2912 6
0.2999 6
0.3087 6
0.3174 6
0.3263 6
0.3352 6
0.3442 6
0.3529 6
0.3618 6
0.3705 6
0.3792 6
0.3879 6
0.3967 6
0.4055 6
0.4142 6
0.4229 6
0.4316 6
0.4403 6
0.4491 6
0.4578 6
0.4668 6
0.4756 6
0.4843 6
0.4930 6
0.5020 6
0.5109 6
0.5198 6
0.5285 6
0.5379 6
0.5468 6
0.5557 6
0.5647 6
0.5736 6
0.5825 6
0.5915 6
0.6002 6
0.6089 6
0.6176 6
0.6263 6
0.6351 6
0.6439 6
0.6526 6
0.6613 6
0.6700 6
0.6788 6
0.6875 6
0.6962 6
0.7049 6
0.7136 6
0.7223 6
0.7310 6
0.7397 6
0.7484 6
0.7571 6
0.7658 6
0.7746 6
0.7834 6
0.7921 6
0.8008 6
0.8095 6
0.8182 6
0.8269 6
0.8356 6
0.8443 6
0.8530 6
0.8617 6
0.8704 6
0.8791 6
