0.0000 7
0.0191 7
0.0328 7
0.0477 7
0.0613 7
0.0749 7
0.0886 7
0.1024 7
0.1160 7
0.1297 7
0.1433 7
0.1570 7
0.1706 7
0.1842 7
0.1978 7
0.2115 7
0.2251 7
0.2388 7
0.2524 7
0.2661 7
0.2797 7
0.2935 7
0.3071 7
0.3207 7
0.3343 7
0.3479 7
0.3615 7
0.3752 7
0.3888 7
0.4024 7
0.4161 7
0.4297 7
0.4433 7
0.4569 7
0.4705 7
0.4844 7
0.4989 7
0.5129 7
0.5266 7
0.5403 7
0.5539 7
0.5675 7
0.5812 7
0.5952 7
0.6089 7
0.6225 7
0.6362 7
0.6498 7
0.6634 7
0.6770 7
0.6906 7
0.7042 7
0.7182 7
0.7319 7
0.7455 7
0.7595 7
0.7733 7
0.7868 7
0.8004 7
0.8141 7
0.8277 7
0.8413 7
0.8549 7
0.8686 7
0.8822 7
0.8958 7
0.9094 7
0.9231 7
0.9368 7
0.9504 7
0.9640 7
0.9776 7
0.9913 7
1.0049 7
1.0186 7
1.0324 7
1.0460 7
1.0595 7
1.0731 7
1.0868 7
1.1006 7
1.1142 7
1.1278 7
1.1414 7
1.1550 7
1.1686 7
1.1822 7
1.1958 7
1.2093 7
1.2230 7
1.2366 7
1.2502 7
1.2638 7
1.2774 7
1.2910 7
1.3046 7
1.3182 7
1.3318 7
1.3454 7
1.3590 7
1.3726 7
