0.0000 8
0.0119 8
0.0204 8
0.0288 8
0.0373 8
0.0458 8
0.0543 8
0.0628 8
0.0719 8
0.0801 8
0.0883 8
0.0964 8
0.1045 8
0.1126 8
0.1207 8
0.1289 8
0.1370 8
0.1451 8
0.1533 8
0.1614 8
0.1695 8
0.1776 8
0.1858 8
0.1938 8
0.2019 8
0.2100 8
0.2185 8
0.2270 8
0.2351 8
0.2432 8
0.2513 8
0.2598 8
0.2679 8
0.2760 8
0.2840 8
0.2921 8
0.3003 8
0.3084 8
0.3164 8
0.3245 8
0.3326 8
0.3407 8
0.3488 8
0.3569 8
0.3651 8
0.3731 8
0.3812 8
0.3893 8
0.3974 8
0.4055 8
0.4136 8
0.4216 8
0.4297 8
0.4378 8
0.4459 8
0.4540 8
0.4621 8
0.4701 8
0.4782 8
0.4863 8
0.4944 8
0.5025 8
0.5106 8
0.5187 8
0.5268 8
0.5349 8
0.5430 8
0.5511 8
0.5592 8
0.5673 8
0.5755 8
0.5837 8
0.5917 8
0.5998 8
0.6079 8
0.6160 8
0.6240 8
0.6321 8
0.6402 8
0.6482 8
0.6563 8
0.6644 8
0.6725 8
0.6810 8
0.6896 8
0.6979 8
0.7062 8
0.7144 8
0.7225 8
0.7306 8
0.7387 8
0.7467 8
0.7548 8
0.7628 8
0.7709 8
0.7790 8
0.7870 8
0.7951 8
0.8031 8
0.8112 8
0.8193 8
