0.0000 319
0.3904 319
0.4565 319
0.5205 319
0.5843 319
0.6480 319
0.7116 319
0.7753 319
0.8395 319
0.9032 319
0.9671 319
1.0309 319
1.0947 319
1.1585 319
1.2222 319
1.2862 319
1.3500 319
1.4141 319
1.4784 319
1.5422 319
1.6062 319
1.6701 319
1.7339 319
1.7978 319
1.8616 319
1.9255 319
1.9895 319
2.0533 319
2.1172 319
2.1810 319
2.2449 319
2.3088 319
2.3725 319
2.4377 319
2.5028 319
2.5681 319
2.6325 319
2.6964 319
2.7602 319
2.8241 319
2.8879 319
2.9518 319
3.0157 319
3.0795 319
3.1433 319
3.2071 319
3.2709 319
3.3350 319
3.3989 319
3.4639 319
3.5282 319
3.5921 319
3.6565 319
3.7203 319
3.7842 319
3.8480 319
3.9117 319
3.9756 319
4.0394 319
4.1034 319
4.1671 319
4.2308 319
4.2947 319
4.3585 319
4.4227 319
4.4880 319
4.5520 319
4.6159 319
4.6800 319
4.7439 319
4.8077 319
4.8715 319
4.9354 319
4.9992 319
5.0630 319
5.1267 319
5.1906 319
5.2545 319
5.3189 319
5.3827 319
5.4473 319
5.5114 319
5.5753 319
5.6393 319
5.7032 319
5.7671 319
5.8311 319
5.8950 319
5.9591 319
6.0231 319
6.0871 319
6.1511 319
6.2150 319
6.2790 319
6.3430 319
6.4072 319
6.4723 319
6.5372 319
6.6019 319
6.6671 319
6.7312 319
