0.0000 319
0.3662 319
0.4061 319
0.4460 319
0.4862 319
0.5262 319
0.5662 319
0.6062 319
0.6461 319
0.6862 319
0.7270 319
0.7673 319
0.8075 319
0.8475 319
0.8875 319
0.9279 319
0.9685 319
1.0086 319
1.0486 319
1.0886 319
1.1290 319
1.1692 319
1.2094 319
1.2495 319
1.2897 319
1.3299 319
1.3700 319
1.4100 319
1.4501 319
1.4901 319
1.5301 319
1.5704 319
1.6104 319
1.6504 319
1.6905 319
1.7305 319
1.7707 319
1.8110 319
1.8512 319
1.8912 319
1.9317 319
1.9724 319
2.0125 319
2.0525 319
2.0926 319
2.1327 319
2.1728 319
2.2130 319
2.2531 319
2.2933 319
2.3335 319
2.3738 319
2.4141 319
2.4541 319
2.4942 319
2.5343 319
2.5744 319
2.6144 319
2.6548 319
2.6949 319
2.7357 319
2.7761 319
2.8164 319
2.8565 319
2.8966 319
2.9371 319
2.9780 319
3.0182 319
3.0582 319
3.0984 319
3.1385 319
3.1785 319
3.2188 319
3.2589 319
3.2991 319
3.3395 319
3.3796 319
3.4199 319
3.4599 319
3.5000 319
3.5400 319
3.5801 319
3.6202 319
3.6602 319
3.7002 319
3.7403 319
3.7803 319
3.8206 319
3.8607 319
3.9009 319
3.9414 319
3.9821 319
4.0223 319
4.0624 319
4.1026 319
4.1427 319
4.1827 319
4.2230 319
4.2630 319
4.3035 319
4.3435 319
