0.0000 7
0.0203 7
0.0340 7
0.0476 7
0.0613 7
0.0749 7
0.0885 7
0.1022 7
0.1161 7
0.1298 7
0.1437 7
0.1574 7
0.1710 7
0.1848 7
0.1984 7
0.2121 7
0.2257 7
0.2393 7
0.2530 7
0.2667 7
0.2804 7
0.2941 7
0.3078 7
0.3214 7
0.3351 7
0.3489 7
0.3627 7
0.3765 7
0.3901 7
0.4038 7
0.4174 7
0.4311 7
0.4447 7
0.4583 7
0.4720 7
0.4858 7
0.4997 7
0.5134 7
0.5270 7
0.5406 7
0.5542 7
0.5678 7
0.5816 7
0.5952 7
0.6089 7
0.6225 7
0.6362 7
0.6499 7
0.6635 7
0.6772 7
0.6908 7
0.7044 7
0.7181 7
0.7317 7
0.7453 7
0.7590 7
0.7726 7
0.7862 7
0.7999 7
0.8135 7
0.8272 7
0.8409 7
0.8546 7
0.8682 7
0.8819 7
0.8955 7
0.9091 7
0.9228 7
0.9364 7
0.9500 7
0.9640 7
0.9778 7
0.9914 7
1.0053 7
1.0192 7
1.0328 7
1.0464 7
1.0601 7
1.0737 7
1.0874 7
1.1010 7
1.1147 7
1.1286 7
1.1428 7
1.1570 7
1.1712 7
1.1852 7
1.1992 7
1.2131 7
1.2270 7
1.2407 7
1.2543 7
1.2679 7
1.2816 7
1.2952 7
1.3089 7
1.3225 7
1.3363 7
1.3502 7
1.3639 7
1.3776 7
