0.0000 56
0.1013 56
0.1336 56
0.1659 56
0.1985 56
0.2313 56
0.2636 56
0.2959 56
0.3283 56
0.3607 56
0.3930 56
0.4252 56
0.4576 56
0.4901 56
0.5225 56
0.5547 56
0.5870 56
0.6192 56
0.6515 56
0.6838 56
0.7163 56
0.7486 56
0.7810 56
0.8132 56
0.8457 56
0.8785 56
0.9109 56
0.9431 56
0.9753 56
1.0076 56
1.0399 56
1.0723 56
1.1046 56
1.1368 56
1.1691 56
1.2015 56
1.2337 56
1.2660 56
1.2984 56
1.3307 56
1.3630 56
1.3953 56
1.4275 56
1.4598 56
1.4920 56
1.5243 56
1.5566 56
1.5889 56
1.6211 56
1.6534 56
1.6857 56
1.7182 56
1.7504 56
1.7828 56
1.8154 56
1.8490 56
1.8823 56
1.9145 56
1.9469 56
1.9791 56
2.0114 56
2.0443 56
2.0771 56
2.1095 56
2.1418 56
2.1741 56
2.2065 56
2.2387 56
2.2711 56
2.3033 56
2.3357 56
2.3679 56
2.4001 56
2.4324 56
2.4646 56
2.4968 56
2.5291 56
2.5613 56
2.5935 56
2.6257 56
2.6580 56
2.6903 56
2.7226 56
2.7548 56
2.7871 56
2.8198 56
2.8521 56
2.8850 56
2.9172 56
2.9495 56
2.9818 56
3.0140 56
3.0463 56
3.0788 56
3.1110 56
3.1433 56
3.1754 56
3.2079 56
3.2401 56
3.2725 56
3.3048 56
