0.0000 7
0.0203 7
0.0349 7
0.0497 7
0.0644 7
0.0793 7
0.0940 7
0.1089 7
0.1236 7
0.1382 7
0.1529 7
0.1676 7
0.1824 7
0.1970 7
0.2119 7
0.2268 7
0.2414 7
0.2562 7
0.2708 7
0.2855 7
0.3002 7
0.3149 7
0.3297 7
0.3444 7
0.3591 7
0.3738 7
0.3886 7
0.4034 7
0.4181 7
0.4328 7
0.4474 7
0.4621 7
0.4768 7
0.4915 7
0.5061 7
0.5208 7
0.5355 7
0.5503 7
0.5650 7
0.5797 7
0.5945 7
0.6091 7
0.6238 7
0.6385 7
0.6532 7
0.6679 7
0.6829 7
0.6976 7
0.7124 7
0.7272 7
0.7419 7
0.7566 7
0.7713 7
0.7862 7
0.8009 7
0.8156 7
0.8303 7
0.8450 7
0.8596 7
0.8747 7
0.8894 7
0.9044 7
0.9193 7
0.9341 7
0.9493 7
0.9642 7
0.9795 7
0.9946 7
1.0097 7
1.0249 7
1.0399 7
1.0547 7
1.0694 7
1.0843 7
1.0990 7
1.1136 7
1.1283 7
1.1431 7
1.1581 7
1.1727 7
1.1874 7
1.2021 7
1.2169 7
1.2318 7
1.2465 7
1.2612 7
1.2759 7
1.2906 7
1.3053 7
1.3200 7
1.3347 7
1.3494 7
1.3641 7
1.3788 7
1.3935 7
1.4083 7
1.4231 7
1.4378 7
1.4524 7
1.4672 7
1.4822 7
