0.0000 6
0.0105 6
0.0192 6
0.0280 6
0.0368 6
0.0455 6
0.0543 6
0.0630 6
0.0718 6
0.0805 6
0.0893 6
0.0981 6
0.1069 6
0.1156 6
0.1244 6
0.1334 6
0.1422 6
0.1509 6
0.1598 6
0.1685 6
0.1773 6
0.1860 6
0.1948 6
0.2035 6
0.2124 6
0.2211 6
0.2300 6
0.2387 6
0.2479 6
0.2566 6
0.2654 6
0.2742 6
0.2830 6
0.2920 6
0.3009 6
0.3096 6
0.3183 6
0.3270 6
0.3358 6
0.3445 6
0.3533 6
0.3620 6
0.3707 6
0.3794 6
0.3882 6
0.3969 6
0.4056 6
0.4143 6
0.4231 6
0.4319 6
0.4406 6
0.4494 6
0.4581 6
0.4669 6
0.4757 6
0.4845 6
0.4932 6
0.5020 6
0.5108 6
0.5195 6
0.5283 6
0.5370 6
0.5457 6
0.5545 6
0.5632 6
0.5720 6
0.5807 6
0.5897 6
0.5984 6
0.6072 6
0.6160 6
0.6248 6
0.6335 6
0.6423 6
0.6510 6
0.6598 6
0.6686 6
0.6773 6
0.6860 6
0.6948 6
0.7036 6
0.7123 6
0.7211 6
0.7298 6
0.7386 6
0.7473 6
0.7560 6
0.7648 6
0.7736 6
0.7823 6
0.7911 6
0.7998 6
0.8086 6
0.8173 6
0.8261 6
0.8348 6
0.8435 6
0.8523 6
0.8610 6
0.8697 6
0.8785 6
