0.0000 7
0.0209 7
0.0358 7
0.0505 7
0.0652 7
0.0799 7
0.0946 7
0.1093 7
0.1239 7
0.1388 7
0.1537 7
0.1684 7
0.1832 7
0.1979 7
0.2127 7
0.2274 7
0.2421 7
0.2568 7
0.2715 7
0.2862 7
0.3008 7
0.3155 7
0.3302 7
0.3449 7
0.3596 7
0.3744 7
0.3891 7
0.4038 7
0.4185 7
0.4332 7
0.4479 7
0.4626 7
0.4773 7
0.4920 7
0.5066 7
0.5213 7
0.5361 7
0.5512 7
0.5659 7
0.5810 7
0.5959 7
0.6106 7
0.6253 7
0.6399 7
0.6546 7
0.6694 7
0.6841 7
0.6988 7
0.7135 7
0.7282 7
0.7429 7
0.7576 7
0.7725 7
0.7878 7
0.8028 7
0.8175 7
0.8322 7
0.8470 7
0.8617 7
0.8765 7
0.8912 7
0.9059 7
0.9209 7
0.9357 7
0.9503 7
0.9651 7
0.9798 7
0.9947 7
1.0093 7
1.0241 7
1.0388 7
1.0535 7
1.0682 7
1.0829 7
1.0976 7
1.1123 7
1.1270 7
1.1417 7
1.1564 7
1.1711 7
1.1858 7
1.2006 7
1.2154 7
1.2301 7
1.2447 7
1.2594 7
1.2741 7
1.2888 7
1.3035 7
1.3182 7
1.3328 7
1.3476 7
1.3623 7
1.3770 7
1.3916 7
1.4064 7
1.4211 7
1.4358 7
1.4505 7
1.4652 7
1.4800 7
