0.0000 319
0.3952 319
0.4591 319
0.5228 319
0.5865 319
0.6501 319
0.7137 319
0.7774 319
0.8411 319
0.9049 319
0.9688 319
1.0327 319
1.0973 319
1.1619 319
1.2263 319
1.2904 319
1.3542 319
1.4179 319
1.4819 319
1.5458 319
1.6096 319
1.6736 319
1.7373 319
1.8011 319
1.8649 319
1.9287 319
1.9925 319
2.0564 319
2.1202 319
2.1850 319
2.2493 319
2.3133 319
2.3775 319
2.4413 319
2.5052 319
2.5691 319
2.6329 319
2.6971 319
2.7608 319
2.8246 319
2.8885 319
2.9523 319
3.0161 319
3.0801 319
3.1457 319
3.2102 319
3.2741 319
3.3380 319
3.4017 319
3.4655 319
3.5311 319
3.5970 319
3.6611 319
3.7250 319
3.7887 319
3.8525 319
3.9164 319
3.9802 319
4.0441 319
4.1079 319
4.1720 319
4.2363 319
4.3003 319
4.3641 319
4.4279 319
4.4916 319
4.5555 319
4.6193 319
4.6832 319
4.7470 319
4.8109 319
4.8747 319
4.9385 319
5.0024 319
5.0662 319
5.1308 319
5.1963 319
5.2603 319
5.3243 319
5.3884 319
5.4522 319
5.5161 319
5.5800 319
5.6440 319
5.7081 319
5.7721 319
5.8360 319
5.8999 319
5.9638 319
6.0278 319
6.0918 319
6.1562 319
6.2207 319
6.2848 319
6.3492 319
6.4132 319
6.4771 319
6.5411 319
6.6050 319
6.6689 319
6.7326 319
