0.0000 56
0.0979 56
0.1255 56
0.1531 56
0.1808 56
0.2085 56
0.2364 56
0.2641 56
0.2917 56
0.3195 56
0.3473 56
0.3749 56
0.4030 56
0.4306 56
0.4583 56
0.4858 56
0.5135 56
0.5412 56
0.5687 56
0.5964 56
0.6241 56
0.6518 56
0.6796 56
0.7073 56
0.7350 56
0.7627 56
0.7903 56
0.8180 56
0.8460 56
0.8737 56
0.9015 56
0.9291 56
0.9567 56
0.9848 56
1.0125 56
1.0407 56
1.0684 56
1.0960 56
1.1237 56
1.1515 56
1.1800 56
1.2083 56
1.2360 56
1.2636 56
1.2912 56
1.3188 56
1.3466 56
1.3742 56
1.4019 56
1.4295 56
1.4572 56
1.4848 56
1.5125 56
1.5401 56
1.5678 56
1.5953 56
1.6230 56
1.6507 56
1.6784 56
1.7060 56
1.7336 56
1.7620 56
1.7898 56
1.8175 56
1.8457 56
1.8737 56
1.9015 56
1.9291 56
1.9567 56
1.9849 56
2.0128 56
2.0411 56
2.0689 56
2.0966 56
2.1242 56
2.1518 56
2.1795 56
2.2075 56
2.2352 56
2.2629 56
2.2906 56
2.3183 56
2.3461 56
2.3737 56
2.4013 56
2.4290 56
2.4567 56
2.4844 56
2.5120 56
2.5396 56
2.5673 56
2.5949 56
2.6225 56
2.6501 56
2.6778 56
2.7054 56
2.7331 56
2.7607 56
2.7883 56
2.8159 56
2.8440 56
