0.0000 7
0.0209 7
0.0355 7
0.0502 7
0.0649 7
0.0795 7
0.0942 7
0.1088 7
0.1235 7
0.1381 7
0.1527 7
0.1674 7
0.1823 7
0.1972 7
0.2123 7
0.2269 7
0.2416 7
0.2563 7
0.2710 7
0.2856 7
0.3003 7
0.3149 7
0.3296 7
0.3442 7
0.3589 7
0.3735 7
0.3882 7
0.4029 7
0.4175 7
0.4323 7
0.4469 7
0.4616 7
0.4763 7
0.4910 7
0.5056 7
0.5203 7
0.5350 7
0.5496 7
0.5644 7
0.5793 7
0.5939 7
0.6087 7
0.6233 7
0.6379 7
0.6526 7
0.6673 7
0.6821 7
0.6968 7
0.7115 7
0.7261 7
0.7408 7
0.7554 7
0.7701 7
0.7848 7
0.7998 7
0.8144 7
0.8291 7
0.8445 7
0.8598 7
0.8749 7
0.8899 7
0.9050 7
0.9200 7
0.9348 7
0.9495 7
0.9644 7
0.9791 7
0.9937 7
1.0084 7
1.0231 7
1.0378 7
1.0525 7
1.0672 7
1.0818 7
1.0965 7
1.1111 7
1.1258 7
1.1404 7
1.1551 7
1.1699 7
1.1846 7
1.1994 7
1.2141 7
1.2287 7
1.2434 7
1.2580 7
1.2727 7
1.2873 7
1.3020 7
1.3166 7
1.3313 7
1.3460 7
1.3606 7
1.3753 7
1.3899 7
1.4046 7
1.4194 7
1.4340 7
1.4486 7
1.4633 7
1.4780 7
