0.0000 319
0.3687 319
0.4085 319
0.4485 319
0.4883 319
0.5281 319
0.5679 319
0.6080 319
0.6479 319
0.6878 319
0.7277 319
0.7675 319
0.8074 319
0.8480 319
0.8884 319
0.9283 319
0.9681 319
1.0079 319
1.0478 319
1.0878 319
1.1278 319
1.1682 319
1.2081 319
1.2479 319
1.2879 319
1.3278 319
1.3677 319
1.4076 319
1.4475 319
1.4874 319
1.5273 319
1.5671 319
1.6071 319
1.6470 319
1.6870 319
1.7269 319
1.7668 319
1.8068 319
1.8470 319
1.8877 319
1.9276 319
1.9674 319
2.0073 319
2.0478 319
2.0878 319
2.1281 319
2.1683 319
2.2083 319
2.2482 319
2.2881 319
2.3281 319
2.3681 319
2.4080 319
2.4480 319
2.4881 319
2.5279 319
2.5678 319
2.6078 319
2.6477 319
2.6877 319
2.7277 319
2.7677 319
2.8076 319
2.8479 319
2.8885 319
2.9285 319
2.9683 319
3.0082 319
3.0481 319
3.0879 319
3.1278 319
3.1683 319
3.2083 319
3.2482 319
3.2883 319
3.3284 319
3.3683 319
3.4085 319
3.4485 319
3.4884 319
3.5282 319
3.5681 319
3.6081 319
3.6480 319
3.6879 319
3.7279 319
3.7677 319
3.8076 319
3.8478 319
3.8881 319
3.9285 319
3.9686 319
4.0084 319
4.0483 319
4.0882 319
4.1281 319
4.1680 319
4.2079 319
4.2477 319
4.2876 319
4.3275 319
