0.0000 6
0.0096 6
0.0178 6
0.0260 6
0.0340 6
0.0420 6
0.0501 6
0.0581 6
0.0660 6
0.0740 6
0.0820 6
0.0900 6
0.0980 6
0.1060 6
0.1140 6
0.1220 6
0.1300 6
0.1380 6
0.1460 6
0.1540 6
0.1620 6
0.1700 6
0.1780 6
0.1860 6
0.1940 6
0.2020 6
0.2101 6
0.2181 6
0.2261 6
0.2341 6
0.2421 6
0.2501 6
0.2581 6
0.2661 6
0.2741 6
0.2821 6
0.2901 6
0.2981 6
0.3061 6
0.3141 6
0.3221 6
0.3301 6
0.3381 6
0.3461 6
0.3541 6
0.3621 6
0.3701 6
0.3781 6
0.3861 6
0.3941 6
0.4022 6
0.4102 6
0.4182 6
0.4262 6
0.4342 6
0.4422 6
0.4503 6
0.4583 6
0.4663 6
0.4743 6
0.4823 6
0.4903 6
0.4983 6
0.5063 6
0.5143 6
0.5223 6
0.5303 6
0.5388 6
0.5469 6
0.5549 6
0.5629 6
0.5709 6
0.5793 6
0.5873 6
0.5953 6
0.6034 6
0.6114 6
0.6194 6
0.6274 6
0.6354 6
0.6434 6
0.6514 6
0.6594 6
0.6674 6
0.6754 6
0.6834 6
0.6914 6
0.6994 6
0.7074 6
0.7154 6
0.7234 6
0.7314 6
0.7397 6
0.7477 6
0.7557 6
0.7636 6
0.7716 6
0.7796 6
0.7876 6
0.7956 6
0.8040 6
