0.0000 7
0.0196 7
0.0334 7
0.0472 7
0.0612 7
0.0748 7
0.0885 7
0.1025 7
0.1163 7
0.1299 7
0.1436 7
0.1572 7
0.1708 7
0.1844 7
0.1981 7
0.2117 7
0.2253 7
0.2391 7
0.2527 7
0.2663 7
0.2799 7
0.2935 7
0.3074 7
0.3210 7
0.3346 7
0.3483 7
0.3620 7
0.3757 7
0.3894 7
0.4031 7
0.4168 7
0.4304 7
0.4441 7
0.4577 7
0.4713 7
0.4850 7
0.4986 7
0.5122 7
0.5259 7
0.5395 7
0.5531 7
0.5667 7
0.5804 7
0.5940 7
0.6076 7
0.6213 7
0.6349 7
0.6485 7
0.6621 7
0.6758 7
0.6894 7
0.7031 7
0.7167 7
0.7303 7
0.7440 7
0.7576 7
0.7712 7
0.7848 7
0.7985 7
0.8121 7
0.8257 7
0.8393 7
0.8531 7
0.8667 7
0.8806 7
0.8942 7
0.9083 7
0.9227 7
0.9367 7
0.9508 7
0.9645 7
0.9788 7
0.9925 7
1.0062 7
1.0198 7
1.0335 7
1.0471 7
1.0611 7
1.0748 7
1.0884 7
1.1025 7
1.1163 7
1.1302 7
1.1438 7
1.1574 7
1.1711 7
1.1847 7
1.1983 7
1.2120 7
1.2257 7
1.2393 7
1.2530 7
1.2666 7
1.2803 7
1.2940 7
1.3076 7
1.3215 7
1.3352 7
1.3488 7
1.3624 7
1.3761 7
