0.0000 8
0.0126 8
0.0219 8
0.0311 8
0.0407 8
0.0501 8
0.0595 8
0.0689 8
0.0782 8
0.0876 8
0.0971 8
0.1062 8
0.1154 8
0.1245 8
0.1337 8
0.1428 8
0.1519 8
0.1611 8
0.1702 8
0.1794 8
0.1886 8
0.1977 8
0.2069 8
0.2161 8
0.2252 8
0.2344 8
0.2439 8
0.2532 8
0.2626 8
0.2717 8
0.2809 8
0.2900 8
0.2991 8
0.3082 8
0.3176 8
0.3269 8
0.3360 8
0.3451 8
0.3542 8
0.3640 8
0.3732 8
0.3823 8
0.3914 8
0.4005 8
0.4096 8
0.4188 8
0.4279 8
0.4370 8
0.4462 8
0.4552 8
0.4644 8
0.4735 8
0.4826 8
0.4918 8
0.5009 8
0.5100 8
0.5191 8
0.5282 8
0.5374 8
0.5465 8
0.5556 8
0.5647 8
0.5739 8
0.5830 8
0.5921 8
0.6012 8
0.6104 8
0.6195 8
0.6286 8
0.6378 8
0.6469 8
0.6561 8
0.6652 8
0.6743 8
0.6835 8
0.6928 8
0.7019 8
0.7111 8
0.7202 8
0.7293 8
0.7385 8
0.7476 8
0.7568 8
0.7659 8
0.7752 8
0.7843 8
0.7934 8
0.8026 8
0.8117 8
0.8208 8
0.8299 8
0.8390 8
0.8482 8
0.8573 8
0.8664 8
0.8755 8
0.8847 8
0.8938 8
0.9029 8
0.9122 8
0.9214 8
