0.0000 7
0.0203 7
0.0352 7
0.0501 7
0.0652 7
0.0799 7
0.0947 7
0.1099 7
0.1246 7
0.1393 7
0.1541 7
0.1687 7
0.1835 7
0.1983 7
0.2130 7
0.2277 7
0.2424 7
0.2574 7
0.2723 7
0.2871 7
0.3018 7
0.3165 7
0.3313 7
0.3460 7
0.3607 7
0.3754 7
0.3901 7
0.4048 7
0.4195 7
0.4342 7
0.4491 7
0.4637 7
0.4784 7
0.4931 7
0.5078 7
0.5225 7
0.5373 7
0.5520 7
0.5667 7
0.5814 7
0.5961 7
0.6108 7
0.6255 7
0.6402 7
0.6549 7
0.6696 7
0.6843 7
0.6990 7
0.7137 7
0.7285 7
0.7432 7
0.7579 7
0.7726 7
0.7873 7
0.8023 7
0.8169 7
0.8316 7
0.8463 7
0.8609 7
0.8756 7
0.8903 7
0.9050 7
0.9197 7
0.9344 7
0.9491 7
0.9638 7
0.9785 7
0.9932 7
1.0078 7
1.0226 7
1.0374 7
1.0523 7
1.0676 7
1.0824 7
1.0977 7
1.1126 7
1.1273 7
1.1421 7
1.1568 7
1.1715 7
1.1862 7
1.2009 7
1.2156 7
1.2302 7
1.2449 7
1.2596 7
1.2743 7
1.2889 7
1.3038 7
1.3193 7
1.3344 7
1.3495 7
1.3642 7
1.3791 7
1.3938 7
1.4085 7
1.4233 7
1.4380 7
1.4529 7
1.4676 7
1.4823 7
