0.0000 8
0.0127 8
0.0221 8
0.0313 8
0.0404 8
0.0495 8
0.0587 8
0.0679 8
0.0770 8
0.0862 8
0.0953 8
0.1044 8
0.1136 8
0.1230 8
0.1322 8
0.1413 8
0.1505 8
0.1596 8
0.1689 8
0.1781 8
0.1873 8
0.1964 8
0.2057 8
0.2148 8
0.2240 8
0.2331 8
0.2423 8
0.2514 8
0.2606 8
0.2698 8
0.2790 8
0.2882 8
0.2974 8
0.3065 8
0.3156 8
0.3252 8
0.3343 8
0.3434 8
0.3526 8
0.3619 8
0.3714 8
0.3809 8
0.3900 8
0.3992 8
0.4084 8
0.4175 8
0.4267 8
0.4358 8
0.4450 8
0.4541 8
0.4634 8
0.4726 8
0.4817 8
0.4909 8
0.5000 8
0.5092 8
0.5184 8
0.5275 8
0.5366 8
0.5458 8
0.5549 8
0.5641 8
0.5732 8
0.5824 8
0.5915 8
0.6007 8
0.6099 8
0.6192 8
0.6284 8
0.6378 8
0.6470 8
0.6561 8
0.6653 8
0.6747 8
0.6839 8
0.6931 8
0.7023 8
0.7114 8
0.7206 8
0.7297 8
0.7388 8
0.7480 8
0.7571 8
0.7663 8
0.7754 8
0.7846 8
0.7937 8
0.8028 8
0.8121 8
0.8214 8
0.8312 8
0.8408 8
0.8503 8
0.8597 8
0.8691 8
0.8785 8
0.8879 8
0.8973 8
0.9066 8
0.9157 8
0.9251 8
