0.0000 7
0.0208 7
0.0356 7
0.0503 7
0.0650 7
0.0799 7
0.0947 7
0.1095 7
0.1247 7
0.1398 7
0.1549 7
0.1700 7
0.1850 7
0.1998 7
0.2146 7
0.2294 7
0.2442 7
0.2591 7
0.2737 7
0.2884 7
0.3031 7
0.3180 7
0.3327 7
0.3474 7
0.3621 7
0.3768 7
0.3915 7
0.4062 7
0.4209 7
0.4355 7
0.4504 7
0.4650 7
0.4797 7
0.4944 7
0.5091 7
0.5237 7
0.5384 7
0.5531 7
0.5679 7
0.5825 7
0.5972 7
0.6119 7
0.6267 7
0.6414 7
0.6561 7
0.6708 7
0.6855 7
0.7003 7
0.7150 7
0.7298 7
0.7444 7
0.7591 7
0.7738 7
0.7885 7
0.8031 7
0.8181 7
0.8329 7
0.8476 7
0.8624 7
0.8770 7
0.8918 7
0.9064 7
0.9211 7
0.9358 7
0.9508 7
0.9656 7
0.9803 7
0.9954 7
1.0102 7
1.0248 7
1.0395 7
1.0543 7
1.0690 7
1.0837 7
1.0984 7
1.1131 7
1.1277 7
1.1424 7
1.1574 7
1.1722 7
1.1870 7
1.2017 7
1.2165 7
1.2311 7
1.2458 7
1.2608 7
1.2754 7
1.2901 7
1.3048 7
1.3197 7
1.3344 7
1.3491 7
1.3638 7
1.3785 7
1.3931 7
1.4078 7
1.4225 7
1.4373 7
1.4519 7
1.4667 7
1.4813 7
