0.0000 6
0.0101 6
0.0181 6
0.0262 6
0.0343 6
0.0425 6
0.0507 6
0.0587 6
0.0667 6
0.0747 6
0.0827 6
0.0907 6
0.0988 6
0.1068 6
0.1148 6
0.1228 6
0.1307 6
0.1387 6
0.1467 6
0.1548 6
0.1628 6
0.1708 6
0.1788 6
0.1868 6
0.1948 6
0.2028 6
0.2109 6
0.2191 6
0.2271 6
0.2351 6
0.2431 6
0.2511 6
0.2591 6
0.2671 6
0.2751 6
0.2830 6
0.2910 6
0.2991 6
0.3071 6
0.3151 6
0.3231 6
0.3311 6
0.3391 6
0.3471 6
0.3551 6
0.3631 6
0.3711 6
0.3791 6
0.3870 6
0.3950 6
0.4030 6
0.4110 6
0.4190 6
0.4270 6
0.4350 6
0.4430 6
0.4510 6
0.4590 6
0.4670 6
0.4750 6
0.4830 6
0.4910 6
0.4990 6
0.5071 6
0.5151 6
0.5230 6
0.5310 6
0.5390 6
0.5470 6
0.5550 6
0.5629 6
0.5709 6
0.5789 6
0.5869 6
0.5949 6
0.6029 6
0.6109 6
0.6189 6
0.6269 6
0.6349 6
0.6429 6
0.6509 6
0.6589 6
0.6669 6
0.6749 6
0.6829 6
0.6909 6
0.6989 6
0.7069 6
0.7150 6
0.7230 6
0.7310 6
0.7390 6
0.7470 6
0.7550 6
0.7631 6
0.7711 6
0.7791 6
0.7871 6
0.7950 6
0.8030 6
