0.0000 56
0.0969 56
0.1246 56
0.1524 56
0.1809 56
0.2088 56
0.2367 56
0.2646 56
0.2925 56
0.3202 56
0.3480 56
0.3759 56
0.4037 56
0.4315 56
0.4593 56
0.4871 56
0.5148 56
0.5426 56
0.5704 56
0.5981 56
0.6259 56
0.6537 56
0.6815 56
0.7092 56
0.7370 56
0.7649 56
0.7927 56
0.8206 56
0.8489 56
0.8772 56
0.9049 56
0.9335 56
0.9612 56
0.9890 56
1.0169 56
1.0448 56
1.0732 56
1.1010 56
1.1288 56
1.1565 56
1.1843 56
1.2121 56
1.2399 56
1.2678 56
1.2957 56
1.3236 56
1.3514 56
1.3792 56
1.4069 56
1.4346 56
1.4625 56
1.4902 56
1.5181 56
1.5458 56
1.5735 56
1.6015 56
1.6292 56
1.6575 56
1.6852 56
1.7129 56
1.7408 56
1.7688 56
1.7965 56
1.8243 56
1.8520 56
1.8803 56
1.9085 56
1.9366 56
1.9643 56
1.9921 56
2.0198 56
2.0476 56
2.0754 56
2.1038 56
2.1315 56
2.1593 56
2.1875 56
2.2161 56
2.2445 56
2.2728 56
2.3005 56
2.3284 56
2.3561 56
2.3840 56
2.4117 56
2.4394 56
2.4672 56
2.4950 56
2.5228 56
2.5505 56
2.5783 56
2.6060 56
2.6338 56
2.6615 56
2.6893 56
2.7170 56
2.7448 56
2.7728 56
2.8005 56
2.8283 56
2.8561 56
