0.0000 6
0.0104 6
0.0192 6
0.0280 6
0.0368 6
0.0456 6
0.0544 6
0.0632 6
0.0720 6
0.0808 6
0.0896 6
0.0984 6
0.1074 6
0.1162 6
0.1250 6
0.1337 6
0.1425 6
0.1513 6
0.1601 6
0.1694 6
0.1784 6
0.1874 6
0.1963 6
0.2053 6
0.2143 6
0.2233 6
0.2321 6
0.2409 6
0.2497 6
0.2585 6
0.2672 6
0.2760 6
0.2847 6
0.2935 6
0.3023 6
0.3110 6
0.3198 6
0.3285 6
0.3373 6
0.3461 6
0.3548 6
0.3636 6
0.3723 6
0.3811 6
0.3899 6
0.3986 6
0.4074 6
0.4162 6
0.4250 6
0.4338 6
0.4425 6
0.4514 6
0.4601 6
0.4689 6
0.4777 6
0.4864 6
0.4951 6
0.5039 6
0.5126 6
0.5214 6
0.5301 6
0.5389 6
0.5476 6
0.5564 6
0.5652 6
0.5740 6
0.5827 6
0.5915 6
0.6002 6
0.6089 6
0.6177 6
0.6264 6
0.6352 6
0.6440 6
0.6528 6
0.6615 6
0.6703 6
0.6790 6
0.6877 6
0.6965 6
0.7053 6
0.7141 6
0.7231 6
0.7319 6
0.7407 6
0.7495 6
0.7583 6
0.7675 6
0.7763 6
0.7851 6
0.7938 6
0.8026 6
0.8114 6
0.8201 6
0.8289 6
0.8376 6
0.8464 6
0.8552 6
0.8639 6
0.8727 6
0.8815 6
