0.0000 7
0.0196 7
0.0332 7
0.0468 7
0.0605 7
0.0742 7
0.0878 7
0.1015 7
0.1151 7
0.1286 7
0.1422 7
0.1558 7
0.1694 7
0.1830 7
0.1966 7
0.2103 7
0.2239 7
0.2375 7
0.2511 7
0.2647 7
0.2783 7
0.2919 7
0.3058 7
0.3194 7
0.3330 7
0.3466 7
0.3602 7
0.3738 7
0.3876 7
0.4015 7
0.4152 7
0.4288 7
0.4428 7
0.4564 7
0.4703 7
0.4844 7
0.4980 7
0.5117 7
0.5252 7
0.5388 7
0.5524 7
0.5660 7
0.5796 7
0.5932 7
0.6068 7
0.6204 7
0.6344 7
0.6481 7
0.6618 7
0.6754 7
0.6890 7
0.7026 7
0.7163 7
0.7298 7
0.7434 7
0.7570 7
0.7706 7
0.7844 7
0.7981 7
0.8117 7
0.8253 7
0.8389 7
0.8525 7
0.8662 7
0.8798 7
0.8934 7
0.9070 7
0.9206 7
0.9342 7
0.9479 7
0.9615 7
0.9750 7
0.9890 7
1.0029 7
1.0169 7
1.0307 7
1.0447 7
1.0585 7
1.0725 7
1.0862 7
1.0998 7
1.1134 7
1.1271 7
1.1406 7
1.1543 7
1.1678 7
1.1814 7
1.1950 7
1.2086 7
1.2221 7
1.2357 7
1.2493 7
1.2629 7
1.2765 7
1.2901 7
1.3039 7
1.3175 7
1.3312 7
1.3450 7
1.3586 7
1.3750 7
