0.0000 7
0.0192 7
0.0328 7
0.0464 7
0.0600 7
0.0736 7
0.0872 7
0.1007 7
0.1144 7
0.1279 7
0.1415 7
0.1551 7
0.1687 7
0.1823 7
0.1959 7
0.2096 7
0.2234 7
0.2370 7
0.2506 7
0.2642 7
0.2779 7
0.2917 7
0.3054 7
0.3190 7
0.3326 7
0.3463 7
0.3598 7
0.3734 7
0.3870 7
0.4006 7
0.4142 7
0.4278 7
0.4414 7
0.4550 7
0.4685 7
0.4821 7
0.4958 7
0.5094 7
0.5229 7
0.5365 7
0.5501 7
0.5637 7
0.5773 7
0.5909 7
0.6045 7
0.6181 7
0.6316 7
0.6453 7
0.6588 7
0.6724 7
0.6860 7
0.6996 7
0.7132 7
0.7267 7
0.7403 7
0.7539 7
0.7675 7
0.7812 7
0.7950 7
0.8086 7
0.8231 7
0.8370 7
0.8514 7
0.8651 7
0.8787 7
0.8923 7
0.9058 7
0.9194 7
0.9336 7
0.9472 7
0.9608 7
0.9750 7
0.9886 7
1.0022 7
1.0158 7
1.0294 7
1.0430 7
1.0567 7
1.0703 7
1.0840 7
1.0976 7
1.1112 7
1.1248 7
1.1384 7
1.1520 7
1.1656 7
1.1792 7
1.1928 7
1.2064 7
1.2200 7
1.2338 7
1.2474 7
1.2611 7
1.2747 7
1.2884 7
1.3021 7
1.3156 7
1.3292 7
1.3428 7
1.3564 7
1.3699 7
