0.0000 8
0.0122 8
0.0214 8
0.0306 8
0.0398 8
0.0489 8
0.0580 8
0.0672 8
0.0763 8
0.0854 8
0.0946 8
0.1037 8
0.1128 8
0.1219 8
0.1311 8
0.1402 8
0.1494 8
0.1585 8
0.1676 8
0.1768 8
0.1859 8
0.1951 8
0.2042 8
0.2134 8
0.2225 8
0.2316 8
0.2408 8
0.2500 8
0.2591 8
0.2683 8
0.2776 8
0.2872 8
0.2966 8
0.3060 8
0.3154 8
0.3248 8
0.3341 8
0.3436 8
0.3527 8
0.3619 8
0.3710 8
0.3802 8
0.3893 8
0.3985 8
0.4077 8
0.4168 8
0.4260 8
0.4351 8
0.4443 8
0.4534 8
0.4628 8
0.4720 8
0.4812 8
0.4903 8
0.4994 8
0.5086 8
0.5177 8
0.5269 8
0.5360 8
0.5452 8
0.5543 8
0.5634 8
0.5725 8
0.5816 8
0.5907 8
0.5999 8
0.6090 8
0.6183 8
0.6278 8
0.6369 8
0.6461 8
0.6553 8
0.6650 8
0.6741 8
0.6832 8
0.6923 8
0.7014 8
0.7106 8
0.7197 8
0.7288 8
0.7379 8
0.7470 8
0.7561 8
0.7653 8
0.7744 8
0.7836 8
0.7927 8
0.8018 8
0.8109 8
0.8200 8
0.8292 8
0.8383 8
0.8475 8
0.8568 8
0.8659 8
0.8751 8
0.8842 8
0.8933 8
0.9024 8
0.9115 8
0.9207 8
