0.0000 6
0.0108 6
0.0195 6
0.0282 6
0.0369 6
0.0458 6
0.0545 6
0.0632 6
0.0720 6
0.0812 6
0.0899 6
0.0987 6
0.1075 6
0.1165 6
0.1255 6
0.1342 6
0.1430 6
0.1517 6
0.1605 6
0.1692 6
0.1780 6
0.1867 6
0.1954 6
0.2042 6
0.2129 6
0.2216 6
0.2303 6
0.2390 6
0.2479 6
0.2566 6
0.2653 6
0.2742 6
0.2832 6
0.2920 6
0.3007 6
0.3094 6
0.3182 6
0.3269 6
0.3357 6
0.3444 6
0.3531 6
0.3618 6
0.3705 6
0.3793 6
0.3880 6
0.3967 6
0.4055 6
0.4143 6
0.4230 6
0.4318 6
0.4406 6
0.4493 6
0.4581 6
0.4668 6
0.4755 6
0.4842 6
0.4932 6
0.5019 6
0.5106 6
0.5193 6
0.5281 6
0.5368 6
0.5455 6
0.5543 6
0.5630 6
0.5717 6
0.5804 6
0.5892 6
0.5980 6
0.6067 6
0.6154 6
0.6242 6
0.6329 6
0.6417 6
0.6504 6
0.6592 6
0.6680 6
0.6767 6
0.6854 6
0.6941 6
0.7029 6
0.7116 6
0.7203 6
0.7291 6
0.7378 6
0.7465 6
0.7552 6
0.7640 6
0.7727 6
0.7814 6
0.7901 6
0.7988 6
0.8076 6
0.8163 6
0.8250 6
0.8338 6
0.8425 6
0.8512 6
0.8600 6
0.8687 6
0.8776 6
