0.0000 7
0.0197 7
0.0334 7
0.0471 7
0.0607 7
0.0744 7
0.0881 7
0.1018 7
0.1154 7
0.1291 7
0.1428 7
0.1566 7
0.1706 7
0.1843 7
0.1982 7
0.2127 7
0.2269 7
0.2409 7
0.2553 7
0.2693 7
0.2833 7
0.2973 7
0.3110 7
0.3247 7
0.3383 7
0.3519 7
0.3656 7
0.3793 7
0.3929 7
0.4066 7
0.4206 7
0.4343 7
0.4479 7
0.4615 7
0.4752 7
0.4888 7
0.5025 7
0.5161 7
0.5298 7
0.5434 7
0.5571 7
0.5707 7
0.5844 7
0.5982 7
0.6119 7
0.6256 7
0.6392 7
0.6529 7
0.6665 7
0.6802 7
0.6938 7
0.7075 7
0.7211 7
0.7348 7
0.7484 7
0.7621 7
0.7757 7
0.7894 7
0.8031 7
0.8168 7
0.8305 7
0.8441 7
0.8578 7
0.8715 7
0.8851 7
0.8989 7
0.9126 7
0.9264 7
0.9401 7
0.9537 7
0.9673 7
0.9809 7
0.9946 7
1.0082 7
1.0226 7
1.0367 7
1.0506 7
1.0643 7
1.0780 7
1.0918 7
1.1054 7
1.1197 7
1.1333 7
1.1470 7
1.1607 7
1.1743 7
1.1880 7
1.2017 7
1.2158 7
1.2295 7
1.2433 7
1.2574 7
1.2710 7
1.2847 7
1.2983 7
1.3120 7
1.3257 7
1.3393 7
1.3530 7
1.3667 7
1.3803 7
