0.0000 7
0.0203 7
0.0350 7
0.0496 7
0.0643 7
0.0790 7
0.0936 7
0.1083 7
0.1229 7
0.1376 7
0.1524 7
0.1671 7
0.1820 7
0.1967 7
0.2115 7
0.2262 7
0.2409 7
0.2555 7
0.2702 7
0.2850 7
0.2997 7
0.3143 7
0.3290 7
0.3436 7
0.3583 7
0.3730 7
0.3877 7
0.4024 7
0.4171 7
0.4317 7
0.4464 7
0.4611 7
0.4757 7
0.4905 7
0.5053 7
0.5200 7
0.5346 7
0.5493 7
0.5640 7
0.5786 7
0.5933 7
0.6080 7
0.6227 7
0.6374 7
0.6520 7
0.6667 7
0.6816 7
0.6964 7
0.7111 7
0.7258 7
0.7405 7
0.7551 7
0.7698 7
0.7845 7
0.7992 7
0.8139 7
0.8290 7
0.8436 7
0.8583 7
0.8735 7
0.8882 7
0.9029 7
0.9176 7
0.9323 7
0.9470 7
0.9616 7
0.9763 7
0.9910 7
1.0057 7
1.0207 7
1.0357 7
1.0504 7
1.0651 7
1.0798 7
1.0945 7
1.1093 7
1.1239 7
1.1386 7
1.1533 7
1.1679 7
1.1827 7
1.1975 7
1.2121 7
1.2268 7
1.2414 7
1.2561 7
1.2707 7
1.2854 7
1.3000 7
1.3149 7
1.3296 7
1.3446 7
1.3594 7
1.3741 7
1.3887 7
1.4034 7
1.4181 7
1.4327 7
1.4474 7
1.4620 7
1.4767 7
