0.0000 6
0.0098 6
0.0180 6
0.0260 6
0.0341 6
0.0421 6
0.0501 6
0.0582 6
0.0662 6
0.0742 6
0.0822 6
0.0903 6
0.0983 6
0.1063 6
0.1143 6
0.1223 6
0.1304 6
0.1384 6
0.1464 6
0.1545 6
0.1625 6
0.1705 6
0.1786 6
0.1866 6
0.1946 6
0.2026 6
0.2107 6
0.2188 6
0.2268 6
0.2348 6
0.2428 6
0.2508 6
0.2588 6
0.2669 6
0.2749 6
0.2829 6
0.2909 6
0.2989 6
0.3070 6
0.3150 6
0.3230 6
0.3310 6
0.3390 6
0.3471 6
0.3552 6
0.3632 6
0.3712 6
0.3793 6
0.3873 6
0.3953 6
0.4034 6
0.4114 6
0.4195 6
0.4275 6
0.4355 6
0.4435 6
0.4516 6
0.4597 6
0.4677 6
0.4757 6
0.4837 6
0.4917 6
0.5000 6
0.5082 6
0.5162 6
0.5242 6
0.5322 6
0.5407 6
0.5487 6
0.5567 6
0.5648 6
0.5728 6
0.5808 6
0.5888 6
0.5968 6
0.6048 6
0.6129 6
0.6209 6
0.6289 6
0.6369 6
0.6449 6
0.6530 6
0.6610 6
0.6690 6
0.6770 6
0.6850 6
0.6930 6
0.7010 6
0.7090 6
0.7171 6
0.7251 6
0.7331 6
0.7411 6
0.7491 6
0.7571 6
0.7651 6
0.7732 6
0.7812 6
0.7892 6
0.7977 6
0.8059 6
