0.0000 319
0.3933 319
0.4570 319
0.5208 319
0.5845 319
0.6483 319
0.7120 319
0.7758 319
0.8395 319
0.9039 319
0.9686 319
1.0324 319
1.0968 319
1.1607 319
1.2246 319
1.2885 319
1.3523 319
1.4161 319
1.4800 319
1.5439 319
1.6076 319
1.6718 319
1.7357 319
1.8007 319
1.8652 319
1.9301 319
1.9940 319
2.0583 319
2.1222 319
2.1860 319
2.2497 319
2.3136 319
2.3774 319
2.4412 319
2.5051 319
2.5689 319
2.6327 319
2.6967 319
2.7607 319
2.8246 319
2.8888 319
2.9535 319
3.0173 319
3.0812 319
3.1451 319
3.2089 319
3.2727 319
3.3365 319
3.4003 319
3.4641 319
3.5281 319
3.5919 319
3.6557 319
3.7195 319
3.7833 319
3.8481 319
3.9125 319
3.9773 319
4.0412 319
4.1050 319
4.1689 319
4.2327 319
4.2967 319
4.3605 319
4.4243 319
4.4881 319
4.5521 319
4.6159 319
4.6797 319
4.7436 319
4.8074 319
4.8714 319
4.9361 319
5.0002 319
5.0639 319
5.1281 319
5.1920 319
5.2559 319
5.3199 319
5.3837 319
5.4475 319
5.5115 319
5.5754 319
5.6393 319
5.7032 319
5.7673 319
5.8325 319
5.8970 319
5.9618 319
6.0258 319
6.0898 319
6.1538 319
6.2178 319
6.2819 319
6.3458 319
6.4096 319
6.4734 319
6.5372 319
6.6012 319
6.6650 319
6.7290 319
