0.0000 8
0.0116 8
0.0196 8
0.0277 8
0.0357 8
0.0439 8
0.0520 8
0.0600 8
0.0681 8
0.0761 8
0.0842 8
0.0922 8
0.1003 8
0.1083 8
0.1164 8
0.1244 8
0.1325 8
0.1406 8
0.1487 8
0.1568 8
0.1648 8
0.1729 8
0.1809 8
0.1897 8
0.1980 8
0.2063 8
0.2145 8
0.2226 8
0.2307 8
0.2388 8
0.2468 8
0.2549 8
0.2630 8
0.2710 8
0.2791 8
0.2871 8
0.2952 8
0.3032 8
0.3113 8
0.3193 8
0.3274 8
0.3354 8
0.3435 8
0.3517 8
0.3598 8
0.3678 8
0.3759 8
0.3839 8
0.3920 8
0.4001 8
0.4081 8
0.4161 8
0.4242 8
0.4322 8
0.4403 8
0.4483 8
0.4564 8
0.4645 8
0.4725 8
0.4807 8
0.4888 8
0.4968 8
0.5050 8
0.5133 8
0.5214 8
0.5295 8
0.5376 8
0.5459 8
0.5540 8
0.5620 8
0.5701 8
0.5782 8
0.5863 8
0.5945 8
0.6026 8
0.6106 8
0.6187 8
0.6268 8
0.6349 8
0.6430 8
0.6510 8
0.6591 8
0.6671 8
0.6755 8
0.6836 8
0.6917 8
0.6998 8
0.7078 8
0.7162 8
0.7245 8
0.7326 8
0.7406 8
0.7488 8
0.7568 8
0.7649 8
0.7729 8
0.7810 8
0.7890 8
0.7971 8
0.8051 8
0.8132 8
