0.0000 6
0.0108 6
0.0198 6
0.0286 6
0.0373 6
0.0462 6
0.0549 6
0.0637 6
0.0724 6
0.0815 6
0.0903 6
0.0990 6
0.1077 6
0.1164 6
0.1251 6
0.1339 6
0.1426 6
0.1514 6
0.1601 6
0.1688 6
0.1776 6
0.1863 6
0.1950 6
0.2037 6
0.2125 6
0.2213 6
0.2300 6
0.2387 6
0.2474 6
0.2562 6
0.2649 6
0.2736 6
0.2824 6
0.2911 6
0.2999 6
0.3086 6
0.3173 6
0.3260 6
0.3350 6
0.3437 6
0.3525 6
0.3612 6
0.3700 6
0.3787 6
0.3874 6
0.3961 6
0.4048 6
0.4136 6
0.4223 6
0.4310 6
0.4398 6
0.4485 6
0.4572 6
0.4659 6
0.4746 6
0.4833 6
0.4921 6
0.5008 6
0.5095 6
0.5183 6
0.5270 6
0.5357 6
0.5445 6
0.5532 6
0.5621 6
0.5708 6
0.5795 6
0.5883 6
0.5971 6
0.6058 6
0.6146 6
0.6233 6
0.6320 6
0.6408 6
0.6495 6
0.6582 6
0.6669 6
0.6757 6
0.6844 6
0.6931 6
0.7019 6
0.7106 6
0.7193 6
0.7281 6
0.7368 6
0.7455 6
0.7543 6
0.7631 6
0.7738 6
0.7825 6
0.7912 6
0.8000 6
0.8090 6
0.8179 6
0.8267 6
0.8354 6
0.8442 6
0.8529 6
0.8616 6
0.8704 6
0.8791 6
