0.0000 8
0.0122 8
0.0214 8
0.0307 8
0.0400 8
0.0493 8
0.0585 8
0.0677 8
0.0768 8
0.0859 8
0.0950 8
0.1041 8
0.1133 8
0.1225 8
0.1316 8
0.1407 8
0.1498 8
0.1589 8
0.1680 8
0.1772 8
0.1863 8
0.1954 8
0.2045 8
0.2137 8
0.2229 8
0.2320 8
0.2411 8
0.2503 8
0.2594 8
0.2685 8
0.2777 8
0.2868 8
0.2960 8
0.3051 8
0.3143 8
0.3234 8
0.3326 8
0.3417 8
0.3509 8
0.3600 8
0.3691 8
0.3784 8
0.3880 8
0.3974 8
0.4067 8
0.4161 8
0.4253 8
0.4344 8
0.4436 8
0.4527 8
0.4618 8
0.4709 8
0.4801 8
0.4894 8
0.4986 8
0.5079 8
0.5171 8
0.5263 8
0.5354 8
0.5445 8
0.5536 8
0.5628 8
0.5719 8
0.5810 8
0.5904 8
0.5995 8
0.6086 8
0.6178 8
0.6272 8
0.6364 8
0.6455 8
0.6546 8
0.6637 8
0.6734 8
0.6825 8
0.6917 8
0.7008 8
0.7099 8
0.7190 8
0.7282 8
0.7373 8
0.7464 8
0.7555 8
0.7646 8
0.7737 8
0.7828 8
0.7920 8
0.8011 8
0.8102 8
0.8194 8
0.8285 8
0.8376 8
0.8467 8
0.8558 8
0.8649 8
0.8741 8
0.8832 8
0.8925 8
0.9016 8
0.9107 8
0.9199 8
