0.0000 6
0.0108 6
0.0196 6
0.0283 6
0.0371 6
0.0458 6
0.0545 6
0.0632 6
0.0719 6
0.0807 6
0.0894 6
0.0982 6
0.1069 6
0.1156 6
0.1243 6
0.1331 6
0.1418 6
0.1505 6
0.1592 6
0.1679 6
0.1767 6
0.1855 6
0.1942 6
0.2033 6
0.2120 6
0.2208 6
0.2295 6
0.2382 6
0.2469 6
0.2557 6
0.2644 6
0.2731 6
0.2824 6
0.2914 6
0.3004 6
0.3095 6
0.3184 6
0.3273 6
0.3362 6
0.3450 6
0.3538 6
0.3625 6
0.3713 6
0.3800 6
0.3887 6
0.3974 6
0.4062 6
0.4149 6
0.4236 6
0.4323 6
0.4410 6
0.4497 6
0.4584 6
0.4671 6
0.4759 6
0.4846 6
0.4934 6
0.5021 6
0.5109 6
0.5196 6
0.5283 6
0.5370 6
0.5457 6
0.5544 6
0.5631 6
0.5718 6
0.5805 6
0.5893 6
0.5980 6
0.6067 6
0.6154 6
0.6241 6
0.6328 6
0.6416 6
0.6503 6
0.6590 6
0.6677 6
0.6764 6
0.6852 6
0.6939 6
0.7028 6
0.7115 6
0.7202 6
0.7289 6
0.7376 6
0.7464 6
0.7551 6
0.7638 6
0.7726 6
0.7813 6
0.7900 6
0.7987 6
0.8074 6
0.8161 6
0.8248 6
0.8336 6
0.8423 6
0.8510 6
0.8597 6
0.8684 6
0.8771 6
