0.0000 7
0.0203 7
0.0350 7
0.0497 7
0.0644 7
0.0792 7
0.0938 7
0.1085 7
0.1232 7
0.1378 7
0.1525 7
0.1672 7
0.1819 7
0.1965 7
0.2112 7
0.2258 7
0.2405 7
0.2552 7
0.2698 7
0.2846 7
0.2993 7
0.3140 7
0.3287 7
0.3435 7
0.3581 7
0.3730 7
0.3880 7
0.4028 7
0.4175 7
0.4322 7
0.4470 7
0.4617 7
0.4763 7
0.4911 7
0.5062 7
0.5209 7
0.5356 7
0.5507 7
0.5654 7
0.5800 7
0.5947 7
0.6094 7
0.6240 7
0.6387 7
0.6534 7
0.6680 7
0.6827 7
0.6975 7
0.7126 7
0.7275 7
0.7422 7
0.7569 7
0.7716 7
0.7862 7
0.8009 7
0.8156 7
0.8303 7
0.8453 7
0.8601 7
0.8750 7
0.8898 7
0.9044 7
0.9191 7
0.9338 7
0.9485 7
0.9632 7
0.9778 7
0.9925 7
1.0072 7
1.0219 7
1.0365 7
1.0512 7
1.0659 7
1.0806 7
1.0954 7
1.1100 7
1.1247 7
1.1394 7
1.1540 7
1.1687 7
1.1834 7
1.1981 7
1.2128 7
1.2275 7
1.2421 7
1.2568 7
1.2715 7
1.2862 7
1.3009 7
1.3156 7
1.3303 7
1.3450 7
1.3597 7
1.3746 7
1.3893 7
1.4039 7
1.4186 7
1.4333 7
1.4480 7
1.4626 7
1.4773 7
