0.0000 56
0.1009 56
0.1329 56
0.1650 56
0.1972 56
0.2294 56
0.2614 56
0.2935 56
0.3255 56
0.3576 56
0.3897 56
0.4218 56
0.4538 56
0.4859 56
0.5180 56
0.5502 56
0.5828 56
0.6149 56
0.6469 56
0.6794 56
0.7115 56
0.7445 56
0.7773 56
0.8097 56
0.8418 56
0.8739 56
0.9060 56
0.9381 56
0.9702 56
1.0029 56
1.0351 56
1.0672 56
1.0992 56
1.1315 56
1.1635 56
1.1958 56
1.2280 56
1.2600 56
1.2921 56
1.3241 56
1.3563 56
1.3896 56
1.4221 56
1.4542 56
1.4862 56
1.5182 56
1.5506 56
1.5834 56
1.6156 56
1.6477 56
1.6803 56
1.7125 56
1.7452 56
1.7773 56
1.8095 56
1.8415 56
1.8737 56
1.9061 56
1.9382 56
1.9703 56
2.0024 56
2.0346 56
2.0668 56
2.0988 56
2.1308 56
2.1629 56
2.1949 56
2.2272 56
2.2592 56
2.2913 56
2.3234 56
2.3557 56
2.3877 56
2.4198 56
2.4518 56
2.4838 56
2.5159 56
2.5482 56
2.5804 56
2.6127 56
2.6448 56
2.6771 56
2.7093 56
2.7419 56
2.7741 56
2.8061 56
2.8383 56
2.8703 56
2.9024 56
2.9345 56
2.9666 56
2.9986 56
3.0307 56
3.0628 56
3.0949 56
3.1270 56
3.1590 56
3.1911 56
3.2232 56
3.2554 56
3.2878 56
