0.0000 8
0.0127 8
0.0220 8
0.0311 8
0.0403 8
0.0494 8
0.0586 8
0.0677 8
0.0768 8
0.0859 8
0.0951 8
0.1042 8
0.1133 8
0.1225 8
0.1320 8
0.1411 8
0.1503 8
0.1595 8
0.1686 8
0.1778 8
0.1870 8
0.1962 8
0.2054 8
0.2145 8
0.2237 8
0.2328 8
0.2421 8
0.2513 8
0.2604 8
0.2696 8
0.2789 8
0.2880 8
0.2971 8
0.3063 8
0.3154 8
0.3245 8
0.3336 8
0.3428 8
0.3521 8
0.3613 8
0.3704 8
0.3798 8
0.3890 8
0.3982 8
0.4075 8
0.4167 8
0.4258 8
0.4350 8
0.4441 8
0.4532 8
0.4624 8
0.4715 8
0.4806 8
0.4898 8
0.4989 8
0.5080 8
0.5172 8
0.5263 8
0.5355 8
0.5452 8
0.5549 8
0.5643 8
0.5739 8
0.5833 8
0.5930 8
0.6025 8
0.6118 8
0.6212 8
0.6306 8
0.6398 8
0.6490 8
0.6582 8
0.6673 8
0.6764 8
0.6856 8
0.6947 8
0.7039 8
0.7131 8
0.7222 8
0.7314 8
0.7405 8
0.7496 8
0.7590 8
0.7681 8
0.7772 8
0.7864 8
0.7955 8
0.8047 8
0.8139 8
0.8230 8
0.8322 8
0.8413 8
0.8505 8
0.8596 8
0.8687 8
0.8779 8
0.8870 8
0.8962 8
0.9055 8
0.9148 8
0.9239 8
