0.0000 56
0.1029 56
0.1354 56
0.1679 56
0.2005 56
0.2331 56
0.2657 56
0.2981 56
0.3306 56
0.3631 56
0.3956 56
0.4281 56
0.4607 56
0.4932 56
0.5264 56
0.5602 56
0.5938 56
0.6271 56
0.6605 56
0.6931 56
0.7256 56
0.7581 56
0.7908 56
0.8233 56
0.8559 56
0.8885 56
0.9209 56
0.9534 56
0.9860 56
1.0185 56
1.0510 56
1.0835 56
1.1160 56
1.1485 56
1.1810 56
1.2135 56
1.2461 56
1.2787 56
1.3112 56
1.3437 56
1.3761 56
1.4088 56
1.4413 56
1.4740 56
1.5066 56
1.5394 56
1.5726 56
1.6052 56
1.6377 56
1.6703 56
1.7031 56
1.7356 56
1.7681 56
1.8008 56
1.8333 56
1.8662 56
1.8989 56
1.9314 56
1.9639 56
1.9963 56
2.0288 56
2.0614 56
2.0939 56
2.1264 56
2.1589 56
2.1914 56
2.2238 56
2.2563 56
2.2889 56
2.3214 56
2.3539 56
2.3865 56
2.4190 56
2.4515 56
2.4840 56
2.5169 56
2.5503 56
2.5839 56
2.6168 56
2.6494 56
2.6819 56
2.7148 56
2.7475 56
2.7800 56
2.8127 56
2.8453 56
2.8778 56
2.9106 56
2.9431 56
2.9757 56
3.0082 56
3.0407 56
3.0733 56
3.1060 56
3.1385 56
3.1711 56
3.2036 56
3.2360 56
3.2685 56
3.3010 56
3.3336 56
