0.0000 319
0.3886 319
0.4519 319
0.5153 319
0.5786 319
0.6423 319
0.7057 319
0.7695 319
0.8335 319
0.8970 319
0.9604 319
1.0238 319
1.0873 319
1.1510 319
1.2141 319
1.2773 319
1.3407 319
1.4040 319
1.4673 319
1.5308 319
1.5940 319
1.6574 319
1.7208 319
1.7855 319
1.8495 319
1.9132 319
1.9772 319
2.0404 319
2.1040 319
2.1675 319
2.2309 319
2.2941 319
2.3577 319
2.4211 319
2.4844 319
2.5478 319
2.6111 319
2.6744 319
2.7377 319
2.8019 319
2.8651 319
2.9290 319
2.9922 319
3.0554 319
3.1202 319
3.1852 319
3.2487 319
3.3119 319
3.3751 319
3.4384 319
3.5017 319
3.5649 319
3.6284 319
3.6917 319
3.7557 319
3.8201 319
3.8836 319
3.9470 319
4.0103 319
4.0739 319
4.1386 319
4.2022 319
4.2661 319
4.3292 319
4.3931 319
4.4564 319
4.5196 319
4.5827 319
4.6463 319
4.7095 319
4.7729 319
4.8367 319
4.9001 319
4.9637 319
5.0271 319
5.0903 319
5.1536 319
5.2168 319
5.2801 319
5.3434 319
5.4070 319
5.4703 319
5.5338 319
5.5970 319
5.6603 319
5.7235 319
5.7880 319
5.8528 319
5.9165 319
5.9816 319
6.0461 319
6.1093 319
6.1728 319
6.2361 319
6.2992 319
6.3624 319
6.4257 319
6.4888 319
6.5520 319
6.6154 319
6.6786 319
