0.0000 319
0.3677 319
0.4078 319
0.4477 319
0.4877 319
0.5284 319
0.5696 319
0.6099 319
0.6501 319
0.6901 319
0.7302 319
0.7703 319
0.8105 319
0.8507 319
0.8908 319
0.9308 319
0.9709 319
1.0112 319
1.0515 319
1.0916 319
1.1317 319
1.1724 319
1.2131 319
1.2532 319
1.2933 319
1.3334 319
1.3741 319
1.4144 319
1.4545 319
1.4946 319
1.5349 319
1.5751 319
1.6152 319
1.6553 319
1.6955 319
1.7356 319
1.7758 319
1.8159 319
1.8561 319
1.8962 319
1.9363 319
1.9765 319
2.0169 319
2.0572 319
2.0973 319
2.1374 319
2.1782 319
2.2188 319
2.2589 319
2.2989 319
2.3391 319
2.3794 319
2.4194 319
2.4595 319
2.5002 319
2.5424 319
2.5839 319
2.6249 319
2.6650 319
2.7052 319
2.7454 319
2.7856 319
2.8259 319
2.8661 319
2.9062 319
2.9463 319
2.9865 319
3.0270 319
3.0672 319
3.1073 319
3.1474 319
3.1884 319
3.2290 319
3.2691 319
3.3092 319
3.3493 319
3.3895 319
3.4297 319
3.4699 319
3.5100 319
3.5503 319
3.5904 319
3.6306 319
3.6707 319
3.7108 319
3.7509 319
3.7910 319
3.8312 319
3.8713 319
3.9115 319
3.9515 319
3.9916 319
4.0323 319
4.0725 319
4.1126 319
4.1531 319
4.1935 319
4.2338 319
4.2740 319
4.3141 319
4.3544 319
