0.0000 56
0.0972 56
0.1248 56
0.1525 56
0.1801 56
0.2079 56
0.2356 56
0.2632 56
0.2909 56
0.3186 56
0.3465 56
0.3741 56
0.4017 56
0.4301 56
0.4580 56
0.4863 56
0.5142 56
0.5418 56
0.5694 56
0.5969 56
0.6245 56
0.6523 56
0.6807 56
0.7088 56
0.7365 56
0.7641 56
0.7918 56
0.8195 56
0.8476 56
0.8753 56
0.9029 56
0.9305 56
0.9582 56
0.9858 56
1.0134 56
1.0410 56
1.0687 56
1.0964 56
1.1240 56
1.1516 56
1.1793 56
1.2069 56
1.2346 56
1.2623 56
1.2899 56
1.3180 56
1.3459 56
1.3736 56
1.4013 56
1.4290 56
1.4570 56
1.4850 56
1.5128 56
1.5404 56
1.5681 56
1.5957 56
1.6235 56
1.6514 56
1.6792 56
1.7070 56
1.7347 56
1.7623 56
1.7899 56
1.8177 56
1.8454 56
1.8731 56
1.9008 56
1.9284 56
1.9564 56
1.9840 56
2.0117 56
2.0393 56
2.0674 56
2.0954 56
2.1231 56
2.1508 56
2.1784 56
2.2062 56
2.2338 56
2.2614 56
2.2891 56
2.3168 56
2.3445 56
2.3723 56
2.3999 56
2.4275 56
2.4555 56
2.4836 56
2.5112 56
2.5388 56
2.5664 56
2.5940 56
2.6216 56
2.6493 56
2.6770 56
2.7057 56
2.7334 56
2.7611 56
2.7886 56
2.8164 56
2.8439 56
