0.0000 56
0.1056 56
0.1332 56
0.1609 56
0.1885 56
0.2162 56
0.2438 56
0.2718 56
0.2994 56
0.3270 56
0.3552 56
0.3836 56
0.4120 56
0.4398 56
0.4675 56
0.4951 56
0.5227 56
0.5504 56
0.5780 56
0.6056 56
0.6333 56
0.6609 56
0.6885 56
0.7161 56
0.7437 56
0.7716 56
0.7993 56
0.8269 56
0.8546 56
0.8823 56
0.9103 56
0.9387 56
0.9663 56
0.9939 56
1.0215 56
1.0491 56
1.0769 56
1.1050 56
1.1326 56
1.1601 56
1.1877 56
1.2153 56
1.2429 56
1.2707 56
1.2983 56
1.3260 56
1.3537 56
1.3812 56
1.4088 56
1.4364 56
1.4639 56
1.4916 56
1.5192 56
1.5468 56
1.5744 56
1.6020 56
1.6297 56
1.6574 56
1.6851 56
1.7128 56
1.7404 56
1.7682 56
1.7959 56
1.8235 56
1.8511 56
1.8788 56
1.9067 56
1.9348 56
1.9628 56
1.9904 56
2.0180 56
2.0456 56
2.0735 56
2.1012 56
2.1288 56
2.1564 56
2.1840 56
2.2116 56
2.2391 56
2.2670 56
2.2951 56
2.3227 56
2.3503 56
2.3787 56
2.4072 56
2.4353 56
2.4628 56
2.4905 56
2.5181 56
2.5457 56
2.5733 56
2.6012 56
2.6290 56
2.6566 56
2.6842 56
2.7119 56
2.7395 56
2.7673 56
2.7950 56
2.8227 56
2.8503 56
