0.0000 6
0.0103 6
0.0190 6
0.0277 6
0.0364 6
0.0452 6
0.0542 6
0.0633 6
0.0723 6
0.0813 6
0.0903 6
0.0992 6
0.1081 6
0.1170 6
0.1259 6
0.1346 6
0.1433 6
0.1521 6
0.1608 6
0.1694 6
0.1781 6
0.1868 6
0.1955 6
0.2043 6
0.2130 6
0.2217 6
0.2304 6
0.2391 6
0.2479 6
0.2566 6
0.2653 6
0.2740 6
0.2827 6
0.2914 6
0.3001 6
0.3088 6
0.3175 6
0.3262 6
0.3349 6
0.3436 6
0.3523 6
0.3610 6
0.3697 6
0.3784 6
0.3871 6
0.3958 6
0.4044 6
0.4131 6
0.4218 6
0.4306 6
0.4392 6
0.4480 6
0.4567 6
0.4654 6
0.4743 6
0.4830 6
0.4917 6
0.5004 6
0.5128 6
0.5240 6
0.5355 6
0.5444 6
0.5534 6
0.5624 6
0.5713 6
0.5803 6
0.5894 6
0.5983 6
0.6073 6
0.6163 6
0.6252 6
0.6341 6
0.6428 6
0.6515 6
0.6602 6
0.6690 6
0.6826 6
0.7043 6
0.7153 6
0.7244 6
0.7330 6
0.7417 6
0.7504 6
0.7591 6
0.7678 6
0.7764 6
0.7851 6
0.7938 6
0.8025 6
0.8111 6
0.8198 6
0.8285 6
0.8372 6
0.8459 6
0.8547 6
0.8634 6
0.8722 6
0.8809 6
0.8895 6
0.8982 6
0.9069 6
