0.0000 319
0.3669 319
0.4077 319
0.4486 319
0.4888 319
0.5288 319
0.5689 319
0.6094 319
0.6501 319
0.6903 319
0.7303 319
0.7706 319
0.8110 319
0.8510 319
0.8913 319
0.9314 319
0.9719 319
1.0120 319
1.0520 319
1.0923 319
1.1325 319
1.1725 319
1.2125 319
1.2525 319
1.2926 319
1.3325 319
1.3725 319
1.4129 319
1.4533 319
1.4935 319
1.5335 319
1.5735 319
1.6141 319
1.6547 319
1.6952 319
1.7353 319
1.7753 319
1.8153 319
1.8554 319
1.8957 319
1.9357 319
1.9762 319
2.0162 319
2.0562 319
2.0964 319
2.1364 319
2.1766 319
2.2168 319
2.2568 319
2.2969 319
2.3370 319
2.3771 319
2.4177 319
2.4585 319
2.4988 319
2.5390 319
2.5798 319
2.6214 319
2.6624 319
2.7028 319
2.7429 319
2.7829 319
2.8229 319
2.8629 319
2.9032 319
2.9439 319
2.9848 319
3.0249 319
3.0650 319
3.1051 319
3.1451 319
3.1851 319
3.2252 319
3.2652 319
3.3053 319
3.3453 319
3.3854 319
3.4254 319
3.4655 319
3.5058 319
3.5459 319
3.5863 319
3.6269 319
3.6670 319
3.7073 319
3.7474 319
3.7875 319
3.8275 319
3.8675 319
3.9077 319
3.9479 319
3.9880 319
4.0280 319
4.0681 319
4.1081 319
4.1482 319
4.1883 319
4.2284 319
4.2685 319
4.3086 319
4.3487 319
