0.0000 7
0.0202 7
0.0350 7
0.0497 7
0.0643 7
0.0790 7
0.0937 7
0.1083 7
0.1230 7
0.1377 7
0.1524 7
0.1671 7
0.1818 7
0.1966 7
0.2114 7
0.2261 7
0.2409 7
0.2556 7
0.2703 7
0.2850 7
0.2997 7
0.3144 7
0.3291 7
0.3438 7
0.3589 7
0.3737 7
0.3888 7
0.4036 7
0.4183 7
0.4330 7
0.4483 7
0.4635 7
0.4782 7
0.4929 7
0.5075 7
0.5222 7
0.5369 7
0.5518 7
0.5665 7
0.5812 7
0.5959 7
0.6106 7
0.6253 7
0.6401 7
0.6548 7
0.6698 7
0.6846 7
0.6995 7
0.7142 7
0.7290 7
0.7437 7
0.7585 7
0.7731 7
0.7878 7
0.8026 7
0.8173 7
0.8319 7
0.8467 7
0.8615 7
0.8761 7
0.8914 7
0.9061 7
0.9208 7
0.9354 7
0.9502 7
0.9649 7
0.9796 7
0.9943 7
1.0090 7
1.0238 7
1.0384 7
1.0532 7
1.0679 7
1.0826 7
1.0973 7
1.1120 7
1.1266 7
1.1413 7
1.1560 7
1.1707 7
1.1854 7
1.2004 7
1.2152 7
1.2302 7
1.2448 7
1.2596 7
1.2743 7
1.2891 7
1.3037 7
1.3184 7
1.3332 7
1.3482 7
1.3629 7
1.3775 7
1.3927 7
1.4075 7
1.4222 7
1.4369 7
1.4516 7
1.4664 7
1.4811 7
