0.0000 6
0.0106 6
0.0196 6
0.0284 6
0.0372 6
0.0459 6
0.0547 6
0.0635 6
0.0722 6
0.0810 6
0.0897 6
0.0985 6
0.1073 6
0.1160 6
0.1250 6
0.1338 6
0.1425 6
0.1513 6
0.1601 6
0.1688 6
0.1776 6
0.1863 6
0.1951 6
0.2039 6
0.2127 6
0.2215 6
0.2302 6
0.2389 6
0.2477 6
0.2565 6
0.2652 6
0.2740 6
0.2828 6
0.2916 6
0.3003 6
0.3093 6
0.3181 6
0.3269 6
0.3357 6
0.3444 6
0.3532 6
0.3619 6
0.3707 6
0.3795 6
0.3882 6
0.3969 6
0.4057 6
0.4144 6
0.4232 6
0.4319 6
0.4407 6
0.4494 6
0.4582 6
0.4669 6
0.4756 6
0.4844 6
0.4931 6
0.5020 6
0.5108 6
0.5196 6
0.5283 6
0.5371 6
0.5459 6
0.5547 6
0.5634 6
0.5722 6
0.5809 6
0.5897 6
0.5985 6
0.6072 6
0.6160 6
0.6247 6
0.6335 6
0.6422 6
0.6510 6
0.6598 6
0.6690 6
0.6780 6
0.6867 6
0.6955 6
0.7042 6
0.7134 6
0.7222 6
0.7309 6
0.7397 6
0.7485 6
0.7573 6
0.7660 6
0.7748 6
0.7835 6
0.7923 6
0.8010 6
0.8097 6
0.8185 6
0.8272 6
0.8360 6
0.8448 6
0.8536 6
0.8623 6
0.8711 6
0.8798 6
