0.0000 6
0.0098 6
0.0182 6
0.0265 6
0.0348 6
0.0430 6
0.0512 6
0.0593 6
0.0674 6
0.0755 6
0.0835 6
0.0915 6
0.0995 6
0.1076 6
0.1157 6
0.1239 6
0.1320 6
0.1400 6
0.1484 6
0.1566 6
0.1648 6
0.1729 6
0.1811 6
0.1893 6
0.1975 6
0.2056 6
0.2138 6
0.2220 6
0.2302 6
0.2383 6
0.2465 6
0.2545 6
0.2625 6
0.2705 6
0.2785 6
0.2865 6
0.2945 6
0.3025 6
0.3105 6
0.3184 6
0.3265 6
0.3344 6
0.3424 6
0.3504 6
0.3584 6
0.3664 6
0.3744 6
0.3824 6
0.3904 6
0.3984 6
0.4064 6
0.4144 6
0.4224 6
0.4304 6
0.4384 6
0.4463 6
0.4543 6
0.4623 6
0.4703 6
0.4783 6
0.4863 6
0.4943 6
0.5023 6
0.5103 6
0.5182 6
0.5263 6
0.5343 6
0.5423 6
0.5503 6
0.5582 6
0.5662 6
0.5742 6
0.5822 6
0.5902 6
0.5982 6
0.6062 6
0.6141 6
0.6223 6
0.6303 6
0.6382 6
0.6462 6
0.6543 6
0.6623 6
0.6702 6
0.6782 6
0.6862 6
0.6942 6
0.7022 6
0.7102 6
0.7182 6
0.7262 6
0.7342 6
0.7422 6
0.7502 6
0.7581 6
0.7662 6
0.7742 6
0.7828 6
0.7908 6
0.7988 6
0.8068 6
