0.0000 6
0.0111 6
0.0199 6
0.0286 6
0.0374 6
0.0462 6
0.0549 6
0.0637 6
0.0724 6
0.0811 6
0.0899 6
0.0986 6
0.1074 6
0.1161 6
0.1249 6
0.1336 6
0.1424 6
0.1511 6
0.1599 6
0.1686 6
0.1774 6
0.1861 6
0.1948 6
0.2036 6
0.2124 6
0.2211 6
0.2301 6
0.2391 6
0.2479 6
0.2566 6
0.2654 6
0.2742 6
0.2829 6
0.2916 6
0.3004 6
0.3092 6
0.3180 6
0.3267 6
0.3357 6
0.3445 6
0.3532 6
0.3620 6
0.3708 6
0.3796 6
0.3884 6
0.3971 6
0.4058 6
0.4146 6
0.4233 6
0.4321 6
0.4408 6
0.4495 6
0.4582 6
0.4670 6
0.4757 6
0.4845 6
0.4932 6
0.5019 6
0.5107 6
0.5194 6
0.5281 6
0.5369 6
0.5456 6
0.5544 6
0.5631 6
0.5718 6
0.5806 6
0.5895 6
0.5982 6
0.6070 6
0.6157 6
0.6245 6
0.6333 6
0.6420 6
0.6507 6
0.6595 6
0.6683 6
0.6770 6
0.6857 6
0.6945 6
0.7032 6
0.7119 6
0.7207 6
0.7296 6
0.7385 6
0.7474 6
0.7561 6
0.7648 6
0.7736 6
0.7823 6
0.7912 6
0.7999 6
0.8086 6
0.8174 6
0.8261 6
0.8348 6
0.8439 6
0.8527 6
0.8614 6
0.8701 6
0.8790 6
