0.0000 8
0.0125 8
0.0219 8
0.0311 8
0.0403 8
0.0495 8
0.0586 8
0.0677 8
0.0769 8
0.0861 8
0.0952 8
0.1043 8
0.1135 8
0.1225 8
0.1317 8
0.1408 8
0.1499 8
0.1591 8
0.1682 8
0.1775 8
0.1866 8
0.1957 8
0.2052 8
0.2144 8
0.2236 8
0.2327 8
0.2419 8
0.2511 8
0.2604 8
0.2697 8
0.2790 8
0.2882 8
0.2974 8
0.3065 8
0.3156 8
0.3247 8
0.3339 8
0.3432 8
0.3525 8
0.3617 8
0.3708 8
0.3800 8
0.3891 8
0.3986 8
0.4078 8
0.4169 8
0.4261 8
0.4354 8
0.4449 8
0.4540 8
0.4632 8
0.4723 8
0.4815 8
0.4906 8
0.4998 8
0.5089 8
0.5180 8
0.5272 8
0.5363 8
0.5454 8
0.5547 8
0.5638 8
0.5729 8
0.5821 8
0.5917 8
0.6011 8
0.6105 8
0.6196 8
0.6287 8
0.6379 8
0.6470 8
0.6562 8
0.6653 8
0.6745 8
0.6836 8
0.6927 8
0.7019 8
0.7110 8
0.7201 8
0.7293 8
0.7384 8
0.7477 8
0.7570 8
0.7662 8
0.7754 8
0.7845 8
0.7936 8
0.8027 8
0.8119 8
0.8210 8
0.8302 8
0.8393 8
0.8485 8
0.8576 8
0.8667 8
0.8759 8
0.8850 8
0.8941 8
0.9033 8
0.9124 8
0.9216 8
