0.0000 7
0.0193 7
0.0329 7
0.0465 7
0.0601 7
0.0737 7
0.0873 7
0.1009 7
0.1144 7
0.1280 7
0.1416 7
0.1553 7
0.1689 7
0.1825 7
0.1961 7
0.2097 7
0.2233 7
0.2369 7
0.2505 7
0.2641 7
0.2777 7
0.2913 7
0.3049 7
0.3185 7
0.3320 7
0.3456 7
0.3593 7
0.3729 7
0.3865 7
0.4001 7
0.4136 7
0.4274 7
0.4411 7
0.4547 7
0.4684 7
0.4820 7
0.4956 7
0.5092 7
0.5228 7
0.5372 7
0.5512 7
0.5654 7
0.5790 7
0.5926 7
0.6067 7
0.6203 7
0.6338 7
0.6474 7
0.6610 7
0.6746 7
0.6882 7
0.7017 7
0.7153 7
0.7290 7
0.7426 7
0.7562 7
0.7698 7
0.7834 7
0.7970 7
0.8106 7
0.8242 7
0.8378 7
0.8514 7
0.8650 7
0.8786 7
0.8921 7
0.9057 7
0.9194 7
0.9331 7
0.9468 7
0.9604 7
0.9744 7
0.9880 7
1.0016 7
1.0151 7
1.0287 7
1.0423 7
1.0559 7
1.0696 7
1.0832 7
1.0968 7
1.1104 7
1.1239 7
1.1376 7
1.1512 7
1.1648 7
1.1785 7
1.1921 7
1.2057 7
1.2193 7
1.2329 7
1.2465 7
1.2600 7
1.2737 7
1.2872 7
1.3008 7
1.3144 7
1.3279 7
1.3415 7
1.3551 7
1.3687 7
