0.0000 7
0.0206 7
0.0359 7
0.0506 7
0.0653 7
0.0799 7
0.0946 7
0.1093 7
0.1240 7
0.1387 7
0.1534 7
0.1681 7
0.1828 7
0.1975 7
0.2122 7
0.2269 7
0.2416 7
0.2563 7
0.2710 7
0.2857 7
0.3004 7
0.3153 7
0.3299 7
0.3448 7
0.3595 7
0.3742 7
0.3889 7
0.4036 7
0.4183 7
0.4330 7
0.4477 7
0.4623 7
0.4770 7
0.4917 7
0.5064 7
0.5211 7
0.5358 7
0.5505 7
0.5652 7
0.5802 7
0.5949 7
0.6096 7
0.6243 7
0.6390 7
0.6537 7
0.6684 7
0.6832 7
0.6979 7
0.7126 7
0.7273 7
0.7420 7
0.7567 7
0.7714 7
0.7860 7
0.8009 7
0.8156 7
0.8302 7
0.8450 7
0.8598 7
0.8744 7
0.8891 7
0.9040 7
0.9189 7
0.9336 7
0.9483 7
0.9630 7
0.9777 7
0.9928 7
1.0075 7
1.0222 7
1.0374 7
1.0520 7
1.0667 7
1.0814 7
1.0961 7
1.1108 7
1.1254 7
1.1401 7
1.1549 7
1.1695 7
1.1844 7
1.1996 7
1.2147 7
1.2293 7
1.2440 7
1.2587 7
1.2734 7
1.2880 7
1.3027 7
1.3177 7
1.3324 7
1.3472 7
1.3620 7
1.3769 7
1.3915 7
1.4062 7
1.4210 7
1.4357 7
1.4503 7
1.4650 7
1.4797 7
