0.0000 8
0.0114 8
0.0196 8
0.0277 8
0.0358 8
0.0439 8
0.0520 8
0.0600 8
0.0681 8
0.0761 8
0.0842 8
0.0923 8
0.1003 8
0.1083 8
0.1164 8
0.1244 8
0.1325 8
0.1406 8
0.1487 8
0.1568 8
0.1648 8
0.1729 8
0.1809 8
0.1889 8
0.1970 8
0.2050 8
0.2131 8
0.2212 8
0.2292 8
0.2373 8
0.2453 8
0.2533 8
0.2614 8
0.2694 8
0.2775 8
0.2855 8
0.2936 8
0.3016 8
0.3096 8
0.3177 8
0.3257 8
0.3338 8
0.3419 8
0.3499 8
0.3579 8
0.3660 8
0.3740 8
0.3820 8
0.3901 8
0.3981 8
0.4062 8
0.4142 8
0.4223 8
0.4303 8
0.4386 8
0.4466 8
0.4546 8
0.4627 8
0.4707 8
0.4788 8
0.4868 8
0.4949 8
0.5031 8
0.5112 8
0.5192 8
0.5272 8
0.5354 8
0.5434 8
0.5515 8
0.5595 8
0.5675 8
0.5756 8
0.5836 8
0.5916 8
0.5997 8
0.6077 8
0.6158 8
0.6238 8
0.6319 8
0.6400 8
0.6481 8
0.6562 8
0.6642 8
0.6722 8
0.6803 8
0.6884 8
0.6965 8
0.7045 8
0.7126 8
0.7208 8
0.7290 8
0.7372 8
0.7452 8
0.7533 8
0.7613 8
0.7697 8
0.7777 8
0.7858 8
0.7938 8
0.8018 8
0.8101 8
