0.0000 6
0.0097 6
0.0178 6
0.0260 6
0.0340 6
0.0420 6
0.0500 6
0.0580 6
0.0661 6
0.0742 6
0.0822 6
0.0902 6
0.0982 6
0.1062 6
0.1142 6
0.1223 6
0.1303 6
0.1385 6
0.1465 6
0.1548 6
0.1631 6
0.1711 6
0.1791 6
0.1871 6
0.1953 6
0.2041 6
0.2124 6
0.2204 6
0.2284 6
0.2364 6
0.2444 6
0.2524 6
0.2604 6
0.2685 6
0.2765 6
0.2845 6
0.2925 6
0.3006 6
0.3086 6
0.3166 6
0.3246 6
0.3327 6
0.3407 6
0.3487 6
0.3567 6
0.3647 6
0.3728 6
0.3808 6
0.3888 6
0.3968 6
0.4050 6
0.4134 6
0.4219 6
0.4301 6
0.4382 6
0.4463 6
0.4543 6
0.4624 6
0.4704 6
0.4785 6
0.4865 6
0.4945 6
0.5025 6
0.5106 6
0.5186 6
0.5267 6
0.5347 6
0.5428 6
0.5510 6
0.5590 6
0.5670 6
0.5750 6
0.5831 6
0.5911 6
0.5991 6
0.6071 6
0.6151 6
0.6232 6
0.6312 6
0.6392 6
0.6472 6
0.6552 6
0.6632 6
0.6713 6
0.6793 6
0.6873 6
0.6953 6
0.7033 6
0.7114 6
0.7194 6
0.7274 6
0.7354 6
0.7434 6
0.7514 6
0.7595 6
0.7675 6
0.7755 6
0.7835 6
0.7916 6
0.7996 6
0.8076 6
