0.0000 7
0.0208 7
0.0356 7
0.0504 7
0.0652 7
0.0799 7
0.0947 7
0.1094 7
0.1241 7
0.1388 7
0.1536 7
0.1685 7
0.1832 7
0.1980 7
0.2128 7
0.2275 7
0.2422 7
0.2570 7
0.2717 7
0.2868 7
0.3015 7
0.3162 7
0.3317 7
0.3469 7
0.3620 7
0.3772 7
0.3922 7
0.4069 7
0.4216 7
0.4366 7
0.4514 7
0.4662 7
0.4810 7
0.4957 7
0.5104 7
0.5251 7
0.5398 7
0.5546 7
0.5693 7
0.5840 7
0.5988 7
0.6135 7
0.6283 7
0.6431 7
0.6580 7
0.6730 7
0.6879 7
0.7028 7
0.7175 7
0.7323 7
0.7470 7
0.7617 7
0.7764 7
0.7912 7
0.8059 7
0.8206 7
0.8353 7
0.8500 7
0.8649 7
0.8797 7
0.8944 7
0.9091 7
0.9241 7
0.9388 7
0.9535 7
0.9682 7
0.9830 7
0.9978 7
1.0125 7
1.0273 7
1.0420 7
1.0567 7
1.0715 7
1.0862 7
1.1010 7
1.1157 7
1.1305 7
1.1452 7
1.1601 7
1.1749 7
1.1896 7
1.2043 7
1.2190 7
1.2338 7
1.2486 7
1.2633 7
1.2784 7
1.2935 7
1.3082 7
1.3234 7
1.3382 7
1.3530 7
1.3677 7
1.3824 7
1.3971 7
1.4118 7
1.4265 7
1.4415 7
1.4563 7
1.4710 7
1.4862 7
