0.0000 319
0.3916 319
0.4553 319
0.5190 319
0.5832 319
0.6473 319
0.7110 319
0.7747 319
0.8383 319
0.9021 319
0.9663 319
1.0300 319
1.0938 319
1.1579 319
1.2218 319
1.2856 319
1.3494 319
1.4135 319
1.4774 319
1.5412 319
1.6055 319
1.6699 319
1.7337 319
1.7983 319
1.8622 319
1.9265 319
1.9908 319
2.0551 319
2.1192 319
2.1832 319
2.2470 319
2.3108 319
2.3748 319
2.4389 319
2.5026 319
2.5664 319
2.6311 319
2.6949 319
2.7586 319
2.8224 319
2.8862 319
2.9504 319
3.0142 319
3.0780 319
3.1420 319
3.2059 319
3.2696 319
3.3334 319
3.3972 319
3.4615 319
3.5254 319
3.5897 319
3.6542 319
3.7180 319
3.7818 319
3.8456 319
3.9094 319
3.9732 319
4.0380 319
4.1021 319
4.1661 319
4.2299 319
4.2937 319
4.3574 319
4.4213 319
4.4852 319
4.5489 319
4.6131 319
4.6775 319
4.7412 319
4.8049 319
4.8688 319
4.9327 319
4.9964 319
5.0605 319
5.1243 319
5.1883 319
5.2521 319
5.3159 319
5.3797 319
5.4437 319
5.5075 319
5.5713 319
5.6394 319
5.7031 319
5.7668 319
5.8310 319
5.8948 319
5.9587 319
6.0226 319
6.0872 319
6.1512 319
6.2153 319
6.2794 319
6.3433 319
6.4072 319
6.4714 319
6.5353 319
6.5996 319
6.6642 319
6.7279 319
