0.0000 56
0.1048 56
0.1325 56
0.1602 56
0.1879 56
0.2158 56
0.2437 56
0.2714 56
0.2991 56
0.3268 56
0.3546 56
0.3824 56
0.4101 56
0.4378 56
0.4658 56
0.4935 56
0.5214 56
0.5491 56
0.5769 56
0.6059 56
0.6347 56
0.6626 56
0.6904 56
0.7182 56
0.7459 56
0.7736 56
0.8013 56
0.8291 56
0.8569 56
0.8847 56
0.9124 56
0.9404 56
0.9684 56
0.9963 56
1.0240 56
1.0518 56
1.0795 56
1.1073 56
1.1350 56
1.1627 56
1.1905 56
1.2182 56
1.2459 56
1.2737 56
1.3014 56
1.3291 56
1.3569 56
1.3846 56
1.4128 56
1.4405 56
1.4684 56
1.4962 56
1.5241 56
1.5518 56
1.5795 56
1.6077 56
1.6365 56
1.6643 56
1.6920 56
1.7198 56
1.7475 56
1.7752 56
1.8030 56
1.8309 56
1.8592 56
1.8876 56
1.9154 56
1.9431 56
1.9710 56
1.9987 56
2.0265 56
2.0542 56
2.0820 56
2.1098 56
2.1375 56
2.1652 56
2.1929 56
2.2206 56
2.2483 56
2.2761 56
2.3038 56
2.3315 56
2.3592 56
2.3869 56
2.4146 56
2.4424 56
2.4702 56
2.4980 56
2.5258 56
2.5538 56
2.5818 56
2.6099 56
2.6381 56
2.6659 56
2.6939 56
2.7217 56
2.7494 56
2.7772 56
2.8053 56
2.8330 56
2.8607 56
