0.0000 319
0.3936 319
0.4573 319
0.5213 319
0.5850 319
0.6486 319
0.7134 319
0.7771 319
0.8411 319
0.9049 319
0.9688 319
1.0325 319
1.0962 319
1.1599 319
1.2242 319
1.2879 319
1.3524 319
1.4167 319
1.4811 319
1.5452 319
1.6090 319
1.6727 319
1.7368 319
1.8008 319
1.8647 319
1.9284 319
1.9926 319
2.0564 319
2.1201 319
2.1840 319
2.2480 319
2.3128 319
2.3774 319
2.4414 319
2.5051 319
2.5688 319
2.6326 319
2.6972 319
2.7624 319
2.8265 319
2.8904 319
2.9541 319
3.0180 319
3.0819 319
3.1457 319
3.2097 319
3.2737 319
3.3413 319
3.4056 319
3.4694 319
3.5334 319
3.5971 319
3.6609 319
3.7248 319
3.7885 319
3.8527 319
3.9164 319
3.9806 319
4.0447 319
4.1084 319
4.1721 319
4.2364 319
4.3003 319
4.3657 319
4.4296 319
4.4934 319
4.5576 319
4.6215 319
4.6852 319
4.7506 319
4.8149 319
4.8790 319
4.9427 319
5.0064 319
5.0703 319
5.1341 319
5.1980 319
5.2620 319
5.3261 319
5.3904 319
5.4542 319
5.5180 319
5.5818 319
5.6457 319
5.7097 319
5.7735 319
5.8375 319
5.9013 319
5.9651 319
6.0288 319
6.0928 319
6.1566 319
6.2206 319
6.2845 319
6.3490 319
6.4133 319
6.4771 319
6.5408 319
6.6046 319
6.6683 319
6.7331 319
