0.0000 6
0.0100 6
0.0180 6
0.0261 6
0.0341 6
0.0421 6
0.0502 6
0.0582 6
0.0662 6
0.0742 6
0.0822 6
0.0902 6
0.0982 6
0.1063 6
0.1143 6
0.1223 6
0.1303 6
0.1384 6
0.1464 6
0.1544 6
0.1624 6
0.1704 6
0.1784 6
0.1865 6
0.1945 6
0.2026 6
0.2108 6
0.2188 6
0.2268 6
0.2349 6
0.2429 6
0.2509 6
0.2590 6
0.2670 6
0.2750 6
0.2830 6
0.2910 6
0.2991 6
0.3072 6
0.3152 6
0.3232 6
0.3312 6
0.3392 6
0.3477 6
0.3559 6
0.3639 6
0.3719 6
0.3799 6
0.3885 6
0.3967 6
0.4047 6
0.4128 6
0.4208 6
0.4289 6
0.4369 6
0.4449 6
0.4529 6
0.4610 6
0.4690 6
0.4770 6
0.4851 6
0.4932 6
0.5012 6
0.5092 6
0.5173 6
0.5253 6
0.5333 6
0.5413 6
0.5494 6
0.5574 6
0.5654 6
0.5734 6
0.5815 6
0.5895 6
0.5975 6
0.6056 6
0.6139 6
0.6220 6
0.6300 6
0.6380 6
0.6460 6
0.6540 6
0.6621 6
0.6701 6
0.6781 6
0.6861 6
0.6941 6
0.7022 6
0.7102 6
0.7182 6
0.7262 6
0.7342 6
0.7423 6
0.7503 6
0.7583 6
0.7664 6
0.7744 6
0.7826 6
0.7908 6
0.7989 6
0.8069 6
