0.0000 56
0.0994 56
0.1279 56
0.1563 56
0.1840 56
0.2120 56
0.2398 56
0.2676 56
0.2953 56
0.3231 56
0.3512 56
0.3795 56
0.4074 56
0.4354 56
0.4633 56
0.4910 56
0.5187 56
0.5471 56
0.5750 56
0.6027 56
0.6304 56
0.6582 56
0.6860 56
0.7139 56
0.7416 56
0.7694 56
0.7971 56
0.8248 56
0.8527 56
0.8807 56
0.9085 56
0.9362 56
0.9645 56
0.9929 56
1.0213 56
1.0495 56
1.0775 56
1.1052 56
1.1329 56
1.1607 56
1.1885 56
1.2165 56
1.2443 56
1.2720 56
1.2998 56
1.3276 56
1.3556 56
1.3842 56
1.4121 56
1.4399 56
1.4677 56
1.4955 56
1.5232 56
1.5509 56
1.5788 56
1.6065 56
1.6342 56
1.6620 56
1.6898 56
1.7177 56
1.7455 56
1.7732 56
1.8009 56
1.8286 56
1.8563 56
1.8847 56
1.9132 56
1.9415 56
1.9692 56
1.9969 56
2.0246 56
2.0523 56
2.0801 56
2.1079 56
2.1356 56
2.1633 56
2.1910 56
2.2189 56
2.2467 56
2.2744 56
2.3022 56
2.3299 56
2.3580 56
2.3867 56
2.4145 56
2.4423 56
2.4701 56
2.4978 56
2.5256 56
2.5534 56
2.5812 56
2.6091 56
2.6368 56
2.6645 56
2.6922 56
2.7201 56
2.7479 56
2.7756 56
2.8033 56
2.8310 56
2.8587 56
