0.0000 6
0.0107 6
0.0195 6
0.0283 6
0.0370 6
0.0457 6
0.0544 6
0.0631 6
0.0719 6
0.0806 6
0.0893 6
0.0980 6
0.1068 6
0.1155 6
0.1242 6
0.1329 6
0.1416 6
0.1503 6
0.1590 6
0.1677 6
0.1764 6
0.1852 6
0.1938 6
0.2026 6
0.2114 6
0.2201 6
0.2288 6
0.2375 6
0.2462 6
0.2549 6
0.2636 6
0.2723 6
0.2809 6
0.2896 6
0.2983 6
0.3071 6
0.3158 6
0.3245 6
0.3332 6
0.3419 6
0.3506 6
0.3593 6
0.3680 6
0.3767 6
0.3854 6
0.3941 6
0.4028 6
0.4115 6
0.4202 6
0.4289 6
0.4377 6
0.4464 6
0.4551 6
0.4638 6
0.4724 6
0.4811 6
0.4898 6
0.4985 6
0.5073 6
0.5160 6
0.5247 6
0.5335 6
0.5422 6
0.5509 6
0.5596 6
0.5683 6
0.5771 6
0.5857 6
0.5945 6
0.6035 6
0.6123 6
0.6211 6
0.6298 6
0.6386 6
0.6477 6
0.6564 6
0.6651 6
0.6737 6
0.6824 6
0.6911 6
0.6998 6
0.7085 6
0.7173 6
0.7260 6
0.7347 6
0.7434 6
0.7520 6
0.7607 6
0.7694 6
0.7781 6
0.7868 6
0.7955 6
0.8042 6
0.8129 6
0.8215 6
0.8302 6
0.8388 6
0.8475 6
0.8562 6
0.8648 6
0.8735 6
