0.0000 8
0.0111 8
0.0194 8
0.0275 8
0.0356 8
0.0436 8
0.0517 8
0.0598 8
0.0678 8
0.0759 8
0.0840 8
0.0921 8
0.1001 8
0.1082 8
0.1162 8
0.1243 8
0.1330 8
0.1414 8
0.1497 8
0.1579 8
0.1660 8
0.1740 8
0.1821 8
0.1901 8
0.1982 8
0.2063 8
0.2144 8
0.2225 8
0.2306 8
0.2387 8
0.2467 8
0.2548 8
0.2629 8
0.2709 8
0.2790 8
0.2870 8
0.2950 8
0.3031 8
0.3114 8
0.3194 8
0.3275 8
0.3356 8
0.3436 8
0.3517 8
0.3598 8
0.3679 8
0.3760 8
0.3840 8
0.3921 8
0.4001 8
0.4082 8
0.4163 8
0.4244 8
0.4325 8
0.4405 8
0.4486 8
0.4567 8
0.4648 8
0.4730 8
0.4812 8
0.4894 8
0.4975 8
0.5057 8
0.5138 8
0.5219 8
0.5299 8
0.5380 8
0.5460 8
0.5541 8
0.5622 8
0.5702 8
0.5783 8
0.5873 8
0.5960 8
0.6041 8
0.6121 8
0.6202 8
0.6286 8
0.6369 8
0.6450 8
0.6531 8
0.6611 8
0.6692 8
0.6772 8
0.6853 8
0.6933 8
0.7014 8
0.7094 8
0.7175 8
0.7255 8
0.7336 8
0.7418 8
0.7498 8
0.7580 8
0.7661 8
0.7741 8
0.7822 8
0.7902 8
0.7983 8
0.8063 8
0.8144 8
