0.0000 8
0.0124 8
0.0217 8
0.0309 8
0.0401 8
0.0492 8
0.0584 8
0.0675 8
0.0766 8
0.0858 8
0.0949 8
0.1042 8
0.1134 8
0.1226 8
0.1317 8
0.1409 8
0.1500 8
0.1593 8
0.1685 8
0.1776 8
0.1867 8
0.1958 8
0.2050 8
0.2142 8
0.2234 8
0.2325 8
0.2421 8
0.2512 8
0.2603 8
0.2695 8
0.2786 8
0.2883 8
0.2974 8
0.3066 8
0.3158 8
0.3249 8
0.3340 8
0.3432 8
0.3523 8
0.3615 8
0.3706 8
0.3797 8
0.3889 8
0.3980 8
0.4073 8
0.4164 8
0.4255 8
0.4347 8
0.4438 8
0.4529 8
0.4621 8
0.4712 8
0.4803 8
0.4894 8
0.4986 8
0.5077 8
0.5169 8
0.5260 8
0.5352 8
0.5443 8
0.5534 8
0.5626 8
0.5717 8
0.5809 8
0.5900 8
0.5992 8
0.6085 8
0.6178 8
0.6269 8
0.6360 8
0.6453 8
0.6544 8
0.6635 8
0.6729 8
0.6821 8
0.6913 8
0.7005 8
0.7096 8
0.7188 8
0.7279 8
0.7370 8
0.7462 8
0.7553 8
0.7644 8
0.7736 8
0.7827 8
0.7918 8
0.8010 8
0.8101 8
0.8193 8
0.8284 8
0.8377 8
0.8468 8
0.8560 8
0.8651 8
0.8743 8
0.8834 8
0.8925 8
0.9017 8
0.9108 8
0.9200 8
