0.0000 8
0.0115 8
0.0197 8
0.0278 8
0.0358 8
0.0439 8
0.0522 8
0.0603 8
0.0684 8
0.0765 8
0.0845 8
0.0926 8
0.1006 8
0.1089 8
0.1170 8
0.1252 8
0.1332 8
0.1413 8
0.1494 8
0.1575 8
0.1655 8
0.1736 8
0.1816 8
0.1896 8
0.1977 8
0.2057 8
0.2139 8
0.2220 8
0.2300 8
0.2381 8
0.2461 8
0.2542 8
0.2622 8
0.2703 8
0.2786 8
0.2869 8
0.2951 8
0.3032 8
0.3112 8
0.3193 8
0.3273 8
0.3354 8
0.3435 8
0.3515 8
0.3596 8
0.3676 8
0.3756 8
0.3837 8
0.3917 8
0.3999 8
0.4082 8
0.4162 8
0.4243 8
0.4323 8
0.4405 8
0.4489 8
0.4569 8
0.4651 8
0.4732 8
0.4812 8
0.4893 8
0.4974 8
0.5055 8
0.5135 8
0.5216 8
0.5296 8
0.5377 8
0.5458 8
0.5538 8
0.5619 8
0.5699 8
0.5780 8
0.5860 8
0.5941 8
0.6023 8
0.6106 8
0.6187 8
0.6268 8
0.6348 8
0.6428 8
0.6509 8
0.6589 8
0.6670 8
0.6750 8
0.6831 8
0.6911 8
0.6991 8
0.7072 8
0.7152 8
0.7232 8
0.7313 8
0.7394 8
0.7475 8
0.7555 8
0.7635 8
0.7717 8
0.7798 8
0.7880 8
0.7960 8
0.8040 8
0.8121 8
