0.0000 319
0.3911 319
0.4552 319
0.5191 319
0.5831 319
0.6464 319
0.7098 319
0.7734 319
0.8371 319
0.9004 319
0.9639 319
1.0273 319
1.0908 319
1.1543 319
1.2176 319
1.2812 319
1.3445 319
1.4088 319
1.4726 319
1.5361 319
1.5998 319
1.6631 319
1.7265 319
1.7900 319
1.8535 319
1.9169 319
1.9803 319
2.0441 319
2.1074 319
2.1707 319
2.2346 319
2.2984 319
2.3619 319
2.4258 319
2.4900 319
2.5536 319
2.6172 319
2.6805 319
2.7442 319
2.8088 319
2.8723 319
2.9356 319
2.9989 319
3.0624 319
3.1259 319
3.1893 319
3.2530 319
3.3164 319
3.3801 319
3.4442 319
3.5077 319
3.5710 319
3.6347 319
3.6981 319
3.7616 319
3.8253 319
3.8887 319
3.9522 319
4.0156 319
4.0792 319
4.1427 319
4.2060 319
4.2695 319
4.3330 319
4.3967 319
4.4606 319
4.5249 319
4.5888 319
4.6525 319
4.7159 319
4.7798 319
4.8439 319
4.9073 319
4.9707 319
5.0341 319
5.0978 319
5.1616 319
5.2248 319
5.2884 319
5.3519 319
5.4164 319
5.4798 319
5.5433 319
5.6070 319
5.6707 319
5.7341 319
5.7975 319
5.8609 319
5.9244 319
5.9881 319
6.0519 319
6.1153 319
6.1788 319
6.2426 319
6.3060 319
6.3706 319
6.4361 319
6.5000 319
6.5645 319
6.6282 319
6.6919 319
