0.0000 7
0.0204 7
0.0351 7
0.0498 7
0.0645 7
0.0792 7
0.0940 7
0.1087 7
0.1234 7
0.1382 7
0.1529 7
0.1676 7
0.1823 7
0.1972 7
0.2121 7
0.2268 7
0.2415 7
0.2563 7
0.2710 7
0.2857 7
0.3004 7
0.3155 7
0.3303 7
0.3451 7
0.3605 7
0.3752 7
0.3899 7
0.4046 7
0.4193 7
0.4340 7
0.4487 7
0.4634 7
0.4781 7
0.4931 7
0.5077 7
0.5225 7
0.5372 7
0.5521 7
0.5669 7
0.5816 7
0.5963 7
0.6110 7
0.6258 7
0.6405 7
0.6552 7
0.6699 7
0.6846 7
0.6995 7
0.7142 7
0.7289 7
0.7437 7
0.7586 7
0.7734 7
0.7881 7
0.8028 7
0.8175 7
0.8322 7
0.8469 7
0.8616 7
0.8763 7
0.8910 7
0.9058 7
0.9205 7
0.9352 7
0.9500 7
0.9647 7
0.9794 7
0.9941 7
1.0089 7
1.0236 7
1.0383 7
1.0530 7
1.0677 7
1.0824 7
1.0972 7
1.1119 7
1.1266 7
1.1413 7
1.1561 7
1.1708 7
1.1856 7
1.2005 7
1.2153 7
1.2301 7
1.2448 7
1.2595 7
1.2742 7
1.2891 7
1.3038 7
1.3189 7
1.3336 7
1.3483 7
1.3636 7
1.3784 7
1.3936 7
1.4088 7
1.4236 7
1.4383 7
1.4529 7
1.4676 7
1.4823 7
