0.0000 8
0.0112 8
0.0193 8
0.0273 8
0.0354 8
0.0434 8
0.0515 8
0.0596 8
0.0677 8
0.0757 8
0.0838 8
0.0918 8
0.0999 8
0.1080 8
0.1160 8
0.1241 8
0.1321 8
0.1402 8
0.1482 8
0.1563 8
0.1643 8
0.1724 8
0.1804 8
0.1885 8
0.1965 8
0.2046 8
0.2127 8
0.2208 8
0.2288 8
0.2369 8
0.2449 8
0.2530 8
0.2610 8
0.2692 8
0.2773 8
0.2853 8
0.2934 8
0.3014 8
0.3095 8
0.3175 8
0.3255 8
0.3336 8
0.3416 8
0.3497 8
0.3577 8
0.3657 8
0.3738 8
0.3818 8
0.3899 8
0.3979 8
0.4060 8
0.4140 8
0.4220 8
0.4301 8
0.4381 8
0.4462 8
0.4543 8
0.4624 8
0.4704 8
0.4787 8
0.4873 8
0.4956 8
0.5038 8
0.5121 8
0.5203 8
0.5284 8
0.5366 8
0.5446 8
0.5527 8
0.5608 8
0.5688 8
0.5769 8
0.5850 8
0.5930 8
0.6011 8
0.6091 8
0.6172 8
0.6252 8
0.6333 8
0.6413 8
0.6494 8
0.6575 8
0.6655 8
0.6737 8
0.6818 8
0.6899 8
0.6979 8
0.7060 8
0.7140 8
0.7220 8
0.7301 8
0.7381 8
0.7462 8
0.7542 8
0.7623 8
0.7704 8
0.7786 8
0.7867 8
0.7947 8
0.8028 8
0.8109 8
