0.0000 56
0.1038 56
0.1314 56
0.1593 56
0.1875 56
0.2153 56
0.2429 56
0.2705 56
0.2981 56
0.3260 56
0.3545 56
0.3822 56
0.4098 56
0.4374 56
0.4650 56
0.4926 56
0.5203 56
0.5479 56
0.5755 56
0.6030 56
0.6306 56
0.6582 56
0.6858 56
0.7133 56
0.7409 56
0.7685 56
0.7961 56
0.8236 56
0.8513 56
0.8788 56
0.9064 56
0.9341 56
0.9618 56
0.9894 56
1.0178 56
1.0456 56
1.0733 56
1.1010 56
1.1286 56
1.1565 56
1.1848 56
1.2126 56
1.2404 56
1.2685 56
1.2961 56
1.3237 56
1.3513 56
1.3789 56
1.4065 56
1.4340 56
1.4617 56
1.4894 56
1.5171 56
1.5447 56
1.5723 56
1.5999 56
1.6275 56
1.6552 56
1.6828 56
1.7104 56
1.7381 56
1.7657 56
1.7933 56
1.8209 56
1.8485 56
1.8761 56
1.9038 56
1.9315 56
1.9591 56
1.9867 56
2.0149 56
2.0426 56
2.0703 56
2.0979 56
2.1254 56
2.1535 56
2.1816 56
2.2092 56
2.2368 56
2.2645 56
2.2922 56
2.3198 56
2.3480 56
2.3764 56
2.4040 56
2.4316 56
2.4591 56
2.4868 56
2.5147 56
2.5425 56
2.5701 56
2.5977 56
2.6253 56
2.6533 56
2.6810 56
2.7085 56
2.7361 56
2.7636 56
2.7914 56
2.8189 56
2.8465 56
