0.0000 319
0.3693 319
0.4094 319
0.4494 319
0.4894 319
0.5297 319
0.5701 319
0.6104 319
0.6506 319
0.6906 319
0.7306 319
0.7706 319
0.8107 319
0.8507 319
0.8907 319
0.9308 319
0.9709 319
1.0109 319
1.0512 319
1.0912 319
1.1317 319
1.1724 319
1.2129 319
1.2532 319
1.2932 319
1.3332 319
1.3732 319
1.4133 319
1.4533 319
1.4934 319
1.5336 319
1.5737 319
1.6138 319
1.6541 319
1.6941 319
1.7341 319
1.7741 319
1.8142 319
1.8543 319
1.8943 319
1.9343 319
1.9743 319
2.0143 319
2.0547 319
2.0947 319
2.1347 319
2.1752 319
2.2157 319
2.2561 319
2.2962 319
2.3362 319
2.3763 319
2.4163 319
2.4564 319
2.4964 319
2.5368 319
2.5768 319
2.6168 319
2.6578 319
2.6981 319
2.7381 319
2.7781 319
2.8182 319
2.8583 319
2.8984 319
2.9384 319
2.9785 319
3.0185 319
3.0588 319
3.0988 319
3.1391 319
3.1804 319
3.2211 319
3.2611 319
3.3011 319
3.3411 319
3.3816 319
3.4216 319
3.4616 319
3.5015 319
3.5417 319
3.5816 319
3.6217 319
3.6620 319
3.7020 319
3.7420 319
3.7820 319
3.8220 319
3.8620 319
3.9020 319
3.9419 319
3.9819 319
4.0220 319
4.0621 319
4.1021 319
4.1421 319
4.1824 319
4.2231 319
4.2631 319
4.3033 319
4.3435 319
