0.0000 7
0.0198 7
0.0335 7
0.0471 7
0.0606 7
0.0742 7
0.0877 7
0.1013 7
0.1149 7
0.1285 7
0.1424 7
0.1562 7
0.1704 7
0.1847 7
0.1986 7
0.2125 7
0.2266 7
0.2402 7
0.2538 7
0.2674 7
0.2811 7
0.2946 7
0.3087 7
0.3223 7
0.3359 7
0.3500 7
0.3639 7
0.3776 7
0.3912 7
0.4049 7
0.4185 7
0.4321 7
0.4458 7
0.4595 7
0.4731 7
0.4867 7
0.5003 7
0.5139 7
0.5276 7
0.5412 7
0.5548 7
0.5684 7
0.5822 7
0.5960 7
0.6099 7
0.6236 7
0.6373 7
0.6510 7
0.6649 7
0.6788 7
0.6925 7
0.7061 7
0.7197 7
0.7333 7
0.7469 7
0.7605 7
0.7741 7
0.7877 7
0.8013 7
0.8148 7
0.8285 7
0.8422 7
0.8557 7
0.8693 7
0.8829 7
0.8965 7
0.9101 7
0.9237 7
0.9373 7
0.9509 7
0.9645 7
0.9781 7
0.9917 7
1.0053 7
1.0189 7
1.0325 7
1.0461 7
1.0597 7
1.0732 7
1.0868 7
1.1004 7
1.1139 7
1.1276 7
1.1412 7
1.1548 7
1.1686 7
1.1823 7
1.1960 7
1.2095 7
1.2232 7
1.2368 7
1.2504 7
1.2639 7
1.2775 7
1.2911 7
1.3049 7
1.3187 7
1.3323 7
1.3460 7
1.3601 7
1.3737 7
