0.0000 319
0.3664 319
0.4065 319
0.4467 319
0.4867 319
0.5267 319
0.5667 319
0.6070 319
0.6469 319
0.6870 319
0.7272 319
0.7672 319
0.8072 319
0.8474 319
0.8877 319
0.9276 319
0.9676 319
1.0079 319
1.0480 319
1.0880 319
1.1280 319
1.1680 319
1.2085 319
1.2485 319
1.2886 319
1.3292 319
1.3698 319
1.4101 319
1.4505 319
1.4907 319
1.5307 319
1.5708 319
1.6110 319
1.6511 319
1.6913 319
1.7316 319
1.7716 319
1.8123 319
1.8525 319
1.8926 319
1.9327 319
1.9732 319
2.0138 319
2.0538 319
2.0939 319
2.1340 319
2.1740 319
2.2144 319
2.2544 319
2.2946 319
2.3351 319
2.3757 319
2.4159 319
2.4562 319
2.4963 319
2.5369 319
2.5769 319
2.6170 319
2.6572 319
2.6975 319
2.7376 319
2.7777 319
2.8177 319
2.8579 319
2.8981 319
2.9381 319
2.9782 319
3.0183 319
3.0584 319
3.0984 319
3.1385 319
3.1790 319
3.2203 319
3.2613 319
3.3015 319
3.3421 319
3.3828 319
3.4236 319
3.4652 319
3.5065 319
3.5468 319
3.5869 319
3.6270 319
3.6671 319
3.7074 319
3.7475 319
3.7875 319
3.8277 319
3.8679 319
3.9081 319
3.9481 319
3.9888 319
4.0292 319
4.0694 319
4.1095 319
4.1495 319
4.1896 319
4.2299 319
4.2700 319
4.3100 319
4.3519 319
