0.0000 319
0.3931 319
0.4568 319
0.5206 319
0.5842 319
0.6480 319
0.7116 319
0.7756 319
0.8397 319
0.9035 319
0.9678 319
1.0321 319
1.0978 319
1.1620 319
1.2261 319
1.2900 319
1.3554 319
1.4201 319
1.4840 319
1.5478 319
1.6116 319
1.6755 319
1.7393 319
1.8033 319
1.8674 319
1.9314 319
1.9962 319
2.0603 319
2.1241 319
2.1883 319
2.2525 319
2.3163 319
2.3804 319
2.4443 319
2.5082 319
2.5721 319
2.6363 319
2.7002 319
2.7640 319
2.8283 319
2.8927 319
2.9569 319
3.0214 319
3.0864 319
3.1510 319
3.2148 319
3.2796 319
3.3461 319
3.4115 319
3.4755 319
3.5393 319
3.6032 319
3.6670 319
3.7309 319
3.7949 319
3.8589 319
3.9228 319
3.9877 319
4.0515 319
4.1154 319
4.1792 319
4.2433 319
4.3073 319
4.3712 319
4.4351 319
4.4990 319
4.5630 319
4.6270 319
4.6909 319
4.7549 319
4.8188 319
4.8827 319
4.9469 319
5.0113 319
5.0755 319
5.1407 319
5.2046 319
5.2687 319
5.3328 319
5.3968 319
5.4607 319
5.5246 319
5.5886 319
5.6525 319
5.7165 319
5.7806 319
5.8450 319
5.9092 319
5.9738 319
6.0385 319
6.1026 319
6.1672 319
6.2312 319
6.2958 319
6.3598 319
6.4237 319
6.4875 319
6.5513 319
6.6151 319
6.6792 319
6.7430 319
