0.0000 8
0.0124 8
0.0218 8
0.0311 8
0.0403 8
0.0495 8
0.0587 8
0.0679 8
0.0771 8
0.0864 8
0.0955 8
0.1047 8
0.1139 8
0.1231 8
0.1322 8
0.1414 8
0.1505 8
0.1597 8
0.1690 8
0.1785 8
0.1877 8
0.1968 8
0.2060 8
0.2158 8
0.2249 8
0.2340 8
0.2432 8
0.2524 8
0.2617 8
0.2708 8
0.2801 8
0.2893 8
0.2985 8
0.3076 8
0.3168 8
0.3260 8
0.3351 8
0.3443 8
0.3534 8
0.3626 8
0.3717 8
0.3809 8
0.3901 8
0.3994 8
0.4085 8
0.4177 8
0.4270 8
0.4361 8
0.4453 8
0.4545 8
0.4637 8
0.4729 8
0.4821 8
0.4914 8
0.5006 8
0.5097 8
0.5190 8
0.5282 8
0.5374 8
0.5466 8
0.5558 8
0.5649 8
0.5741 8
0.5833 8
0.5924 8
0.6016 8
0.6108 8
0.6200 8
0.6291 8
0.6383 8
0.6475 8
0.6567 8
0.6658 8
0.6750 8
0.6841 8
0.6933 8
0.7024 8
0.7116 8
0.7208 8
0.7300 8
0.7391 8
0.7483 8
0.7575 8
0.7666 8
0.7758 8
0.7850 8
0.7942 8
0.8035 8
0.8130 8
0.8224 8
0.8317 8
0.8410 8
0.8503 8
0.8597 8
0.8689 8
0.8780 8
0.8871 8
0.8962 8
0.9053 8
0.9144 8
0.9235 8
