0.0000 6
0.0103 6
0.0188 6
0.0269 6
0.0351 6
0.0433 6
0.0514 6
0.0594 6
0.0674 6
0.0755 6
0.0835 6
0.0915 6
0.0996 6
0.1076 6
0.1155 6
0.1235 6
0.1315 6
0.1395 6
0.1476 6
0.1556 6
0.1636 6
0.1716 6
0.1796 6
0.1876 6
0.1956 6
0.2036 6
0.2117 6
0.2197 6
0.2277 6
0.2357 6
0.2438 6
0.2518 6
0.2598 6
0.2678 6
0.2758 6
0.2838 6
0.2918 6
0.2998 6
0.3078 6
0.3158 6
0.3238 6
0.3318 6
0.3398 6
0.3478 6
0.3558 6
0.3638 6
0.3718 6
0.3797 6
0.3878 6
0.3958 6
0.4038 6
0.4118 6
0.4198 6
0.4278 6
0.4358 6
0.4438 6
0.4518 6
0.4598 6
0.4678 6
0.4758 6
0.4838 6
0.4919 6
0.5000 6
0.5080 6
0.5160 6
0.5240 6
0.5320 6
0.5400 6
0.5480 6
0.5560 6
0.5640 6
0.5720 6
0.5800 6
0.5880 6
0.5960 6
0.6041 6
0.6121 6
0.6201 6
0.6281 6
0.6361 6
0.6441 6
0.6521 6
0.6602 6
0.6682 6
0.6762 6
0.6843 6
0.6926 6
0.7007 6
0.7087 6
0.7167 6
0.7248 6
0.7331 6
0.7412 6
0.7492 6
0.7573 6
0.7653 6
0.7733 6
0.7813 6
0.7894 6
0.7975 6
0.8055 6
