0.0000 8
0.0129 8
0.0223 8
0.0327 8
0.0419 8
0.0512 8
0.0604 8
0.0699 8
0.0791 8
0.0883 8
0.0977 8
0.1071 8
0.1163 8
0.1254 8
0.1345 8
0.1442 8
0.1533 8
0.1627 8
0.1718 8
0.1810 8
0.1903 8
0.1996 8
0.2088 8
0.2179 8
0.2270 8
0.2362 8
0.2453 8
0.2544 8
0.2635 8
0.2727 8
0.2818 8
0.2910 8
0.3003 8
0.3096 8
0.3189 8
0.3281 8
0.3372 8
0.3463 8
0.3554 8
0.3645 8
0.3737 8
0.3828 8
0.3920 8
0.4012 8
0.4103 8
0.4194 8
0.4285 8
0.4377 8
0.4468 8
0.4560 8
0.4653 8
0.4745 8
0.4836 8
0.4929 8
0.5020 8
0.5111 8
0.5202 8
0.5294 8
0.5385 8
0.5476 8
0.5568 8
0.5662 8
0.5753 8
0.5844 8
0.5936 8
0.6028 8
0.6119 8
0.6210 8
0.6301 8
0.6392 8
0.6483 8
0.6574 8
0.6666 8
0.6757 8
0.6848 8
0.6939 8
0.7030 8
0.7127 8
0.7222 8
0.7315 8
0.7407 8
0.7499 8
0.7590 8
0.7681 8
0.7774 8
0.7865 8
0.7957 8
0.8049 8
0.8141 8
0.8233 8
0.8324 8
0.8416 8
0.8507 8
0.8599 8
0.8690 8
0.8782 8
0.8873 8
0.8965 8
0.9057 8
0.9148 8
0.9240 8
