0.0000 319
0.3712 319
0.4113 319
0.4514 319
0.4914 319
0.5314 319
0.5715 319
0.6117 319
0.6517 319
0.6917 319
0.7318 319
0.7718 319
0.8127 319
0.8537 319
0.8939 319
0.9341 319
0.9742 319
1.0142 319
1.0544 319
1.0950 319
1.1358 319
1.1758 319
1.2159 319
1.2560 319
1.2960 319
1.3361 319
1.3762 319
1.4162 319
1.4567 319
1.4974 319
1.5375 319
1.5784 319
1.6194 319
1.6594 319
1.6995 319
1.7398 319
1.7800 319
1.8201 319
1.8603 319
1.9003 319
1.9406 319
1.9807 319
2.0208 319
2.0610 319
2.1014 319
2.1424 319
2.1833 319
2.2233 319
2.2635 319
2.3035 319
2.3436 319
2.3837 319
2.4239 319
2.4642 319
2.5042 319
2.5443 319
2.5845 319
2.6246 319
2.6651 319
2.7051 319
2.7452 319
2.7853 319
2.8253 319
2.8654 319
2.9054 319
2.9456 319
2.9860 319
3.0261 319
3.0663 319
3.1069 319
3.1475 319
3.1878 319
3.2278 319
3.2679 319
3.3079 319
3.3480 319
3.3881 319
3.4282 319
3.4684 319
3.5085 319
3.5485 319
3.5892 319
3.6302 319
3.6707 319
3.7108 319
3.7508 319
3.7911 319
3.8311 319
3.8711 319
3.9112 319
3.9514 319
3.9915 319
4.0315 319
4.0718 319
4.1123 319
4.1531 319
4.1932 319
4.2334 319
4.2736 319
4.3143 319
4.3544 319
