0.0000 6
0.0111 6
0.0200 6
0.0288 6
0.0375 6
0.0464 6
0.0553 6
0.0640 6
0.0728 6
0.0815 6
0.0902 6
0.0990 6
0.1077 6
0.1164 6
0.1252 6
0.1339 6
0.1426 6
0.1513 6
0.1600 6
0.1688 6
0.1775 6
0.1862 6
0.1950 6
0.2040 6
0.2129 6
0.2218 6
0.2305 6
0.2392 6
0.2480 6
0.2567 6
0.2655 6
0.2742 6
0.2829 6
0.2917 6
0.3004 6
0.3091 6
0.3179 6
0.3267 6
0.3357 6
0.3445 6
0.3532 6
0.3619 6
0.3706 6
0.3794 6
0.3881 6
0.3969 6
0.4056 6
0.4143 6
0.4231 6
0.4319 6
0.4406 6
0.4494 6
0.4581 6
0.4668 6
0.4756 6
0.4843 6
0.4931 6
0.5018 6
0.5106 6
0.5193 6
0.5281 6
0.5368 6
0.5456 6
0.5543 6
0.5630 6
0.5718 6
0.5805 6
0.5893 6
0.5980 6
0.6067 6
0.6157 6
0.6245 6
0.6334 6
0.6421 6
0.6509 6
0.6597 6
0.6684 6
0.6771 6
0.6859 6
0.6946 6
0.7033 6
0.7121 6
0.7208 6
0.7295 6
0.7382 6
0.7470 6
0.7557 6
0.7644 6
0.7733 6
0.7820 6
0.7907 6
0.7995 6
0.8083 6
0.8170 6
0.8258 6
0.8346 6
0.8433 6
0.8521 6
0.8608 6
0.8695 6
0.8782 6
