0.0000 7
0.0205 7
0.0352 7
0.0499 7
0.0646 7
0.0792 7
0.0940 7
0.1088 7
0.1235 7
0.1383 7
0.1529 7
0.1676 7
0.1823 7
0.1975 7
0.2132 7
0.2284 7
0.2436 7
0.2588 7
0.2738 7
0.2890 7
0.3043 7
0.3193 7
0.3340 7
0.3486 7
0.3633 7
0.3780 7
0.3927 7
0.4074 7
0.4221 7
0.4368 7
0.4519 7
0.4665 7
0.4818 7
0.4966 7
0.5114 7
0.5261 7
0.5408 7
0.5555 7
0.5701 7
0.5848 7
0.5995 7
0.6142 7
0.6289 7
0.6436 7
0.6582 7
0.6729 7
0.6877 7
0.7025 7
0.7173 7
0.7322 7
0.7469 7
0.7615 7
0.7762 7
0.7909 7
0.8057 7
0.8204 7
0.8351 7
0.8498 7
0.8645 7
0.8792 7
0.8938 7
0.9085 7
0.9232 7
0.9379 7
0.9526 7
0.9672 7
0.9819 7
0.9966 7
1.0113 7
1.0260 7
1.0406 7
1.0553 7
1.0700 7
1.0847 7
1.0997 7
1.1148 7
1.1295 7
1.1443 7
1.1592 7
1.1738 7
1.1886 7
1.2037 7
1.2184 7
1.2331 7
1.2477 7
1.2624 7
1.2771 7
1.2918 7
1.3066 7
1.3214 7
1.3361 7
1.3508 7
1.3655 7
1.3802 7
1.3949 7
1.4096 7
1.4243 7
1.4400 7
1.4553 7
1.4703 7
1.4857 7
