0.0000 6
0.0102 6
0.0183 6
0.0265 6
0.0345 6
0.0425 6
0.0505 6
0.0585 6
0.0665 6
0.0746 6
0.0827 6
0.0907 6
0.0987 6
0.1067 6
0.1147 6
0.1227 6
0.1307 6
0.1387 6
0.1467 6
0.1547 6
0.1627 6
0.1707 6
0.1787 6
0.1868 6
0.1948 6
0.2028 6
0.2109 6
0.2190 6
0.2271 6
0.2352 6
0.2432 6
0.2513 6
0.2593 6
0.2673 6
0.2753 6
0.2834 6
0.2914 6
0.2994 6
0.3074 6
0.3154 6
0.3235 6
0.3315 6
0.3395 6
0.3475 6
0.3555 6
0.3635 6
0.3715 6
0.3795 6
0.3875 6
0.3955 6
0.4035 6
0.4115 6
0.4195 6
0.4275 6
0.4355 6
0.4435 6
0.4517 6
0.4599 6
0.4680 6
0.4760 6
0.4839 6
0.4922 6
0.5004 6
0.5085 6
0.5165 6
0.5245 6
0.5325 6
0.5405 6
0.5485 6
0.5565 6
0.5646 6
0.5726 6
0.5805 6
0.5885 6
0.5965 6
0.6045 6
0.6125 6
0.6208 6
0.6287 6
0.6367 6
0.6447 6
0.6527 6
0.6607 6
0.6687 6
0.6767 6
0.6847 6
0.6928 6
0.7008 6
0.7088 6
0.7168 6
0.7248 6
0.7327 6
0.7407 6
0.7487 6
0.7567 6
0.7647 6
0.7727 6
0.7809 6
0.7892 6
0.7973 6
0.8054 6
