0.0000 7
0.0194 7
0.0330 7
0.0470 7
0.0605 7
0.0741 7
0.0877 7
0.1013 7
0.1149 7
0.1285 7
0.1422 7
0.1559 7
0.1694 7
0.1830 7
0.1967 7
0.2105 7
0.2241 7
0.2378 7
0.2514 7
0.2650 7
0.2786 7
0.2921 7
0.3057 7
0.3193 7
0.3329 7
0.3466 7
0.3602 7
0.3737 7
0.3873 7
0.4009 7
0.4145 7
0.4281 7
0.4417 7
0.4553 7
0.4688 7
0.4824 7
0.4961 7
0.5097 7
0.5233 7
0.5370 7
0.5505 7
0.5641 7
0.5777 7
0.5913 7
0.6049 7
0.6185 7
0.6320 7
0.6456 7
0.6593 7
0.6729 7
0.6864 7
0.7001 7
0.7138 7
0.7274 7
0.7410 7
0.7545 7
0.7681 7
0.7817 7
0.7953 7
0.8089 7
0.8231 7
0.8369 7
0.8512 7
0.8653 7
0.8789 7
0.8925 7
0.9061 7
0.9197 7
0.9334 7
0.9472 7
0.9608 7
0.9744 7
0.9881 7
1.0017 7
1.0154 7
1.0293 7
1.0429 7
1.0567 7
1.0703 7
1.0843 7
1.0982 7
1.1122 7
1.1260 7
1.1400 7
1.1539 7
1.1678 7
1.1816 7
1.1953 7
1.2090 7
1.2227 7
1.2364 7
1.2502 7
1.2640 7
1.2775 7
1.2911 7
1.3047 7
1.3182 7
1.3318 7
1.3454 7
1.3590 7
1.3726 7
