0.0000 319
0.3920 319
0.4557 319
0.5195 319
0.5832 319
0.6466 319
0.7107 319
0.7745 319
0.8381 319
0.9019 319
0.9662 319
1.0300 319
1.0968 319
1.1620 319
1.2258 319
1.2896 319
1.3538 319
1.4190 319
1.4833 319
1.5471 319
1.6110 319
1.6748 319
1.7385 319
1.8026 319
1.8662 319
1.9301 319
1.9939 319
2.0587 319
2.1230 319
2.1867 319
2.2503 319
2.3139 319
2.3777 319
2.4417 319
2.5056 319
2.5693 319
2.6331 319
2.6967 319
2.7603 319
2.8244 319
2.8881 319
2.9520 319
3.0157 319
3.0802 319
3.1445 319
3.2084 319
3.2724 319
3.3361 319
3.4007 319
3.4646 319
3.5284 319
3.5922 319
3.6559 319
3.7196 319
3.7832 319
3.8472 319
3.9111 319
3.9750 319
4.0387 319
4.1042 319
4.1679 319
4.2316 319
4.2952 319
4.3592 319
4.4253 319
4.4911 319
4.5550 319
4.6188 319
4.6830 319
4.7468 319
4.8104 319
4.8744 319
4.9384 319
5.0020 319
5.0669 319
5.1314 319
5.1952 319
5.2590 319
5.3226 319
5.3868 319
5.4519 319
5.5158 319
5.5796 319
5.6434 319
5.7071 319
5.7708 319
5.8345 319
5.8982 319
5.9621 319
6.0258 319
6.0907 319
6.1544 319
6.2181 319
6.2818 319
6.3455 319
6.4092 319
6.4733 319
6.5371 319
6.6011 319
6.6649 319
6.7285 319
