0.0000 319
0.3702 319
0.4101 319
0.4501 319
0.4901 319
0.5302 319
0.5702 319
0.6102 319
0.6505 319
0.6905 319
0.7305 319
0.7706 319
0.8106 319
0.8506 319
0.8905 319
0.9305 319
0.9705 319
1.0109 319
1.0520 319
1.0924 319
1.1327 319
1.1728 319
1.2128 319
1.2528 319
1.2935 319
1.3341 319
1.3743 319
1.4144 319
1.4544 319
1.4950 319
1.5352 319
1.5752 319
1.6152 319
1.6557 319
1.6957 319
1.7357 319
1.7757 319
1.8157 319
1.8557 319
1.8957 319
1.9357 319
1.9757 319
2.0157 319
2.0558 319
2.0958 319
2.1361 319
2.1763 319
2.2163 319
2.2563 319
2.2967 319
2.3372 319
2.3773 319
2.4174 319
2.4574 319
2.4974 319
2.5376 319
2.5776 319
2.6176 319
2.6580 319
2.6980 319
2.7380 319
2.7780 319
2.8180 319
2.8581 319
2.8981 319
2.9381 319
2.9781 319
3.0181 319
3.0591 319
3.0998 319
3.1402 319
3.1806 319
3.2206 319
3.2607 319
3.3011 319
3.3417 319
3.3817 319
3.4217 319
3.4618 319
3.5017 319
3.5419 319
3.5819 319
3.6219 319
3.6621 319
3.7022 319
3.7422 319
3.7822 319
3.8222 319
3.8624 319
3.9024 319
3.9425 319
3.9825 319
4.0225 319
4.0626 319
4.1026 319
4.1428 319
4.1830 319
4.2231 319
4.2633 319
4.3038 319
4.3445 319
