0.0000 8
0.0122 8
0.0214 8
0.0306 8
0.0397 8
0.0489 8
0.0581 8
0.0673 8
0.0764 8
0.0856 8
0.0947 8
0.1038 8
0.1130 8
0.1221 8
0.1313 8
0.1404 8
0.1495 8
0.1587 8
0.1678 8
0.1769 8
0.1862 8
0.1953 8
0.2045 8
0.2137 8
0.2228 8
0.2320 8
0.2411 8
0.2502 8
0.2593 8
0.2685 8
0.2776 8
0.2868 8
0.2959 8
0.3051 8
0.3142 8
0.3234 8
0.3326 8
0.3417 8
0.3508 8
0.3600 8
0.3691 8
0.3782 8
0.3873 8
0.3965 8
0.4056 8
0.4147 8
0.4239 8
0.4330 8
0.4421 8
0.4513 8
0.4604 8
0.4695 8
0.4786 8
0.4878 8
0.4969 8
0.5060 8
0.5152 8
0.5243 8
0.5335 8
0.5427 8
0.5521 8
0.5613 8
0.5704 8
0.5796 8
0.5887 8
0.5978 8
0.6070 8
0.6161 8
0.6252 8
0.6344 8
0.6436 8
0.6527 8
0.6618 8
0.6709 8
0.6801 8
0.6893 8
0.6989 8
0.7082 8
0.7173 8
0.7264 8
0.7356 8
0.7454 8
0.7546 8
0.7637 8
0.7728 8
0.7820 8
0.7911 8
0.8003 8
0.8094 8
0.8185 8
0.8276 8
0.8368 8
0.8459 8
0.8550 8
0.8642 8
0.8733 8
0.8825 8
0.8918 8
0.9011 8
0.9104 8
0.9195 8
