0.0000 319
0.3674 319
0.4075 319
0.4481 319
0.4886 319
0.5287 319
0.5687 319
0.6087 319
0.6491 319
0.6892 319
0.7293 319
0.7695 319
0.8097 319
0.8500 319
0.8903 319
0.9305 319
0.9706 319
1.0107 319
1.0509 319
1.0910 319
1.1311 319
1.1712 319
1.2114 319
1.2515 319
1.2916 319
1.3319 319
1.3725 319
1.4131 319
1.4536 319
1.4942 319
1.5344 319
1.5745 319
1.6148 319
1.6550 319
1.6951 319
1.7353 319
1.7754 319
1.8158 319
1.8563 319
1.8972 319
1.9376 319
1.9777 319
2.0178 319
2.0580 319
2.0981 319
2.1384 319
2.1785 319
2.2188 319
2.2590 319
2.2991 319
2.3395 319
2.3799 319
2.4200 319
2.4608 319
2.5014 319
2.5418 319
2.5819 319
2.6221 319
2.6624 319
2.7026 319
2.7427 319
2.7829 319
2.8231 319
2.8634 319
2.9036 319
2.9445 319
2.9849 319
3.0250 319
3.0652 319
3.1053 319
3.1454 319
3.1856 319
3.2257 319
3.2659 319
3.3061 319
3.3463 319
3.3867 319
3.4269 319
3.4676 319
3.5083 319
3.5484 319
3.5886 319
3.6287 319
3.6689 319
3.7090 319
3.7492 319
3.7895 319
3.8299 319
3.8701 319
3.9109 319
3.9517 319
3.9918 319
4.0321 319
4.0723 319
4.1124 319
4.1526 319
4.1927 319
4.2328 319
4.2730 319
4.3134 319
4.3535 319
