0.0000 319
0.3909 319
0.4567 319
0.5223 319
0.5859 319
0.6495 319
0.7132 319
0.7769 319
0.8414 319
0.9052 319
0.9690 319
1.0328 319
1.0967 319
1.1605 319
1.2252 319
1.2900 319
1.3542 319
1.4180 319
1.4829 319
1.5468 319
1.6106 319
1.6743 319
1.7382 319
1.8021 319
1.8659 319
1.9298 319
1.9937 319
2.0574 319
2.1212 319
2.1851 319
2.2489 319
2.3130 319
2.3773 319
2.4415 319
2.5059 319
2.5697 319
2.6340 319
2.6978 319
2.7617 319
2.8257 319
2.8896 319
2.9539 319
3.0178 319
3.0817 319
3.1459 319
3.2097 319
3.2751 319
3.3396 319
3.4039 319
3.4686 319
3.5326 319
3.5969 319
3.6611 319
3.7249 319
3.7918 319
3.8577 319
3.9219 319
3.9858 319
4.0496 319
4.1140 319
4.1779 319
4.2417 319
4.3057 319
4.3695 319
4.4352 319
4.4997 319
4.5635 319
4.6274 319
4.6911 319
4.7549 319
4.8188 319
4.8826 319
4.9465 319
5.0104 319
5.0741 319
5.1379 319
5.2017 319
5.2666 319
5.3313 319
5.3954 319
5.4605 319
5.5268 319
5.5939 319
5.6624 319
5.7309 319
5.7996 319
5.8689 319
5.9382 319
6.0067 319
6.0761 319
6.1456 319
6.2152 319
6.2846 319
6.3543 319
6.4244 319
6.4909 319
6.5562 319
6.6213 319
6.6867 319
6.7511 319
6.8148 319
