0.0000 319
0.3939 319
0.4577 319
0.5216 319
0.5861 319
0.6507 319
0.7146 319
0.7785 319
0.8422 319
0.9063 319
0.9707 319
1.0345 319
1.0984 319
1.1621 319
1.2259 319
1.2898 319
1.3538 319
1.4178 319
1.4816 319
1.5455 319
1.6092 319
1.6729 319
1.7370 319
1.8010 319
1.8647 319
1.9292 319
1.9932 319
2.0570 319
2.1206 319
2.1844 319
2.2483 319
2.3120 319
2.3757 319
2.4394 319
2.5032 319
2.5671 319
2.6322 319
2.6967 319
2.7609 319
2.8247 319
2.8887 319
2.9534 319
3.0172 319
3.0810 319
3.1446 319
3.2084 319
3.2723 319
3.3359 319
3.3996 319
3.4633 319
3.5270 319
3.5907 319
3.6551 319
3.7189 319
3.7834 319
3.8471 319
3.9115 319
3.9763 319
4.0402 319
4.1044 319
4.1681 319
4.2319 319
4.2958 319
4.3595 319
4.4233 319
4.4871 319
4.5511 319
4.6156 319
4.6804 319
4.7443 319
4.8083 319
4.8719 319
4.9366 319
5.0004 319
5.0640 319
5.1277 319
5.1913 319
5.2554 319
5.3191 319
5.3830 319
5.4468 319
5.5104 319
5.5742 319
5.6380 319
5.7018 319
5.7659 319
5.8296 319
5.8939 319
5.9583 319
6.0223 319
6.0862 319
6.1502 319
6.2142 319
6.2783 319
6.3421 319
6.4059 319
6.4699 319
6.5336 319
6.5974 319
6.6625 319
6.7266 319
