0.0000 7
0.0203 7
0.0351 7
0.0500 7
0.0650 7
0.0798 7
0.0946 7
0.1095 7
0.1242 7
0.1390 7
0.1539 7
0.1686 7
0.1833 7
0.1980 7
0.2128 7
0.2276 7
0.2422 7
0.2570 7
0.2717 7
0.2864 7
0.3011 7
0.3160 7
0.3308 7
0.3455 7
0.3603 7
0.3750 7
0.3897 7
0.4045 7
0.4192 7
0.4339 7
0.4487 7
0.4635 7
0.4782 7
0.4929 7
0.5076 7
0.5224 7
0.5371 7
0.5519 7
0.5666 7
0.5814 7
0.5961 7
0.6108 7
0.6255 7
0.6403 7
0.6552 7
0.6700 7
0.6847 7
0.6995 7
0.7143 7
0.7290 7
0.7437 7
0.7584 7
0.7734 7
0.7881 7
0.8029 7
0.8181 7
0.8328 7
0.8475 7
0.8623 7
0.8770 7
0.8917 7
0.9067 7
0.9215 7
0.9362 7
0.9509 7
0.9657 7
0.9804 7
0.9951 7
1.0099 7
1.0247 7
1.0394 7
1.0541 7
1.0688 7
1.0835 7
1.0982 7
1.1130 7
1.1278 7
1.1427 7
1.1575 7
1.1722 7
1.1869 7
1.2016 7
1.2164 7
1.2311 7
1.2458 7
1.2606 7
1.2753 7
1.2900 7
1.3047 7
1.3195 7
1.3343 7
1.3490 7
1.3638 7
1.3785 7
1.3932 7
1.4080 7
1.4227 7
1.4374 7
1.4521 7
1.4668 7
1.4816 7
