0.0000 7
0.0211 7
0.0363 7
0.0515 7
0.0667 7
0.0819 7
0.0967 7
0.1113 7
0.1260 7
0.1409 7
0.1557 7
0.1704 7
0.1851 7
0.1998 7
0.2146 7
0.2293 7
0.2440 7
0.2589 7
0.2736 7
0.2883 7
0.3031 7
0.3178 7
0.3325 7
0.3472 7
0.3619 7
0.3766 7
0.3913 7
0.4060 7
0.4207 7
0.4354 7
0.4501 7
0.4648 7
0.4796 7
0.4944 7
0.5091 7
0.5238 7
0.5389 7
0.5537 7
0.5685 7
0.5832 7
0.5979 7
0.6126 7
0.6273 7
0.6420 7
0.6566 7
0.6713 7
0.6861 7
0.7008 7
0.7155 7
0.7302 7
0.7449 7
0.7598 7
0.7746 7
0.7892 7
0.8039 7
0.8186 7
0.8333 7
0.8480 7
0.8627 7
0.8774 7
0.8926 7
0.9080 7
0.9233 7
0.9387 7
0.9539 7
0.9691 7
0.9842 7
0.9991 7
1.0138 7
1.0285 7
1.0432 7
1.0579 7
1.0726 7
1.0874 7
1.1021 7
1.1168 7
1.1315 7
1.1464 7
1.1611 7
1.1758 7
1.1904 7
1.2051 7
1.2198 7
1.2346 7
1.2493 7
1.2641 7
1.2788 7
1.2935 7
1.3082 7
1.3229 7
1.3376 7
1.3523 7
1.3670 7
1.3817 7
1.3964 7
1.4111 7
1.4259 7
1.4405 7
1.4553 7
1.4700 7
1.4847 7
