0.0000 8
0.0130 8
0.0224 8
0.0316 8
0.0408 8
0.0500 8
0.0591 8
0.0685 8
0.0777 8
0.0868 8
0.0959 8
0.1051 8
0.1143 8
0.1234 8
0.1325 8
0.1417 8
0.1508 8
0.1600 8
0.1694 8
0.1786 8
0.1877 8
0.1969 8
0.2064 8
0.2158 8
0.2251 8
0.2343 8
0.2434 8
0.2525 8
0.2617 8
0.2708 8
0.2799 8
0.2891 8
0.2981 8
0.3073 8
0.3164 8
0.3256 8
0.3347 8
0.3438 8
0.3530 8
0.3621 8
0.3712 8
0.3803 8
0.3894 8
0.3986 8
0.4077 8
0.4169 8
0.4260 8
0.4352 8
0.4443 8
0.4534 8
0.4627 8
0.4720 8
0.4813 8
0.4905 8
0.4996 8
0.5087 8
0.5179 8
0.5272 8
0.5363 8
0.5456 8
0.5548 8
0.5639 8
0.5730 8
0.5822 8
0.5913 8
0.6004 8
0.6095 8
0.6187 8
0.6278 8
0.6370 8
0.6461 8
0.6552 8
0.6644 8
0.6736 8
0.6827 8
0.6919 8
0.7010 8
0.7101 8
0.7192 8
0.7284 8
0.7375 8
0.7466 8
0.7558 8
0.7649 8
0.7740 8
0.7831 8
0.7922 8
0.8014 8
0.8105 8
0.8196 8
0.8288 8
0.8379 8
0.8471 8
0.8562 8
0.8653 8
0.8744 8
0.8835 8
0.8926 8
0.9018 8
0.9109 8
0.9200 8
