0.0000 7
0.0194 7
0.0331 7
0.0467 7
0.0604 7
0.0740 7
0.0877 7
0.1014 7
0.1150 7
0.1287 7
0.1423 7
0.1560 7
0.1697 7
0.1835 7
0.1971 7
0.2109 7
0.2245 7
0.2382 7
0.2518 7
0.2655 7
0.2797 7
0.2938 7
0.3079 7
0.3219 7
0.3358 7
0.3494 7
0.3637 7
0.3773 7
0.3910 7
0.4046 7
0.4183 7
0.4319 7
0.4459 7
0.4597 7
0.4734 7
0.4873 7
0.5013 7
0.5149 7
0.5285 7
0.5422 7
0.5559 7
0.5696 7
0.5832 7
0.5969 7
0.6106 7
0.6242 7
0.6378 7
0.6515 7
0.6652 7
0.6788 7
0.6927 7
0.7064 7
0.7200 7
0.7336 7
0.7473 7
0.7609 7
0.7746 7
0.7885 7
0.8024 7
0.8162 7
0.8299 7
0.8435 7
0.8572 7
0.8709 7
0.8845 7
0.8981 7
0.9119 7
0.9255 7
0.9391 7
0.9527 7
0.9664 7
0.9801 7
0.9938 7
1.0074 7
1.0210 7
1.0347 7
1.0483 7
1.0620 7
1.0756 7
1.0893 7
1.1029 7
1.1166 7
1.1303 7
1.1439 7
1.1575 7
1.1711 7
1.1847 7
1.1983 7
1.2121 7
1.2257 7
1.2395 7
1.2533 7
1.2697 7
1.2852 7
1.2992 7
1.3134 7
1.3274 7
1.3415 7
1.3555 7
1.3697 7
1.3836 7
