0.0000 8
0.0112 8
0.0195 8
0.0276 8
0.0416 8
0.0497 8
0.0578 8
0.0658 8
0.0740 8
0.0825 8
0.0905 8
0.0987 8
0.1067 8
0.1149 8
0.1229 8
0.1310 8
0.1390 8
0.1470 8
0.1551 8
0.1631 8
0.1712 8
0.1794 8
0.1875 8
0.1955 8
0.2036 8
0.2117 8
0.2197 8
0.2278 8
0.2358 8
0.2438 8
0.2519 8
0.2600 8
0.2680 8
0.2761 8
0.2842 8
0.2925 8
0.3005 8
0.3085 8
0.3166 8
0.3246 8
0.3327 8
0.3407 8
0.3488 8
0.3568 8
0.3648 8
0.3729 8
0.3809 8
0.3890 8
0.3970 8
0.4052 8
0.4133 8
0.4214 8
0.4295 8
0.4376 8
0.4457 8
0.4537 8
0.4618 8
0.4698 8
0.4778 8
0.4859 8
0.4939 8
0.5019 8
0.5100 8
0.5180 8
0.5260 8
0.5341 8
0.5422 8
0.5503 8
0.5583 8
0.5670 8
0.5753 8
0.5835 8
0.5918 8
0.5998 8
0.6078 8
0.6159 8
0.6239 8
0.6320 8
0.6400 8
0.6480 8
0.6561 8
0.6641 8
0.6721 8
0.6801 8
0.6882 8
0.6962 8
0.7042 8
0.7123 8
0.7203 8
0.7283 8
0.7366 8
0.7446 8
0.7527 8
0.7607 8
0.7688 8
0.7768 8
0.7849 8
0.7930 8
0.8011 8
0.8091 8
0.8172 8
