0.0000 8
0.0114 8
0.0197 8
0.0278 8
0.0359 8
0.0440 8
0.0520 8
0.0601 8
0.0682 8
0.0763 8
0.0843 8
0.0924 8
0.1004 8
0.1084 8
0.1165 8
0.1246 8
0.1327 8
0.1407 8
0.1488 8
0.1568 8
0.1648 8
0.1728 8
0.1809 8
0.1889 8
0.1969 8
0.2050 8
0.2131 8
0.2211 8
0.2291 8
0.2372 8
0.2452 8
0.2532 8
0.2612 8
0.2692 8
0.2773 8
0.2853 8
0.2933 8
0.3014 8
0.3094 8
0.3174 8
0.3254 8
0.3336 8
0.3417 8
0.3498 8
0.3578 8
0.3658 8
0.3738 8
0.3819 8
0.3899 8
0.3979 8
0.4059 8
0.4140 8
0.4220 8
0.4300 8
0.4380 8
0.4461 8
0.4541 8
0.4621 8
0.4702 8
0.4782 8
0.4862 8
0.4942 8
0.5022 8
0.5103 8
0.5187 8
0.5273 8
0.5356 8
0.5439 8
0.5520 8
0.5600 8
0.5681 8
0.5761 8
0.5841 8
0.5922 8
0.6002 8
0.6083 8
0.6163 8
0.6245 8
0.6325 8
0.6406 8
0.6486 8
0.6567 8
0.6647 8
0.6727 8
0.6808 8
0.6888 8
0.6970 8
0.7051 8
0.7131 8
0.7212 8
0.7292 8
0.7372 8
0.7452 8
0.7533 8
0.7613 8
0.7693 8
0.7773 8
0.7853 8
0.7934 8
0.8014 8
0.8094 8
