0.0000 6
0.0107 6
0.0197 6
0.0295 6
0.0385 6
0.0475 6
0.0566 6
0.0657 6
0.0747 6
0.0837 6
0.0927 6
0.1017 6
0.1107 6
0.1197 6
0.1288 6
0.1378 6
0.1468 6
0.1558 6
0.1647 6
0.1737 6
0.1827 6
0.1917 6
0.2007 6
0.2096 6
0.2186 6
0.2276 6
0.2366 6
0.2456 6
0.2545 6
0.2635 6
0.2727 6
0.2816 6
0.2906 6
0.2996 6
0.3085 6
0.3175 6
0.3265 6
0.3355 6
0.3445 6
0.3535 6
0.3624 6
0.3714 6
0.3804 6
0.3894 6
0.3984 6
0.4074 6
0.4163 6
0.4253 6
0.4343 6
0.4432 6
0.4522 6
0.4611 6
0.4702 6
0.4792 6
0.4882 6
0.4972 6
0.5062 6
0.5152 6
0.5241 6
0.5331 6
0.5421 6
0.5511 6
0.5600 6
0.5690 6
0.5780 6
0.5873 6
0.5964 6
0.6055 6
0.6145 6
0.6236 6
0.6329 6
0.6419 6
0.6508 6
0.6597 6
0.6687 6
0.6777 6
0.6867 6
0.6956 6
0.7046 6
0.7135 6
0.7225 6
0.7314 6
0.7404 6
0.7494 6
0.7584 6
0.7674 6
0.7763 6
0.7853 6
0.7943 6
0.8033 6
0.8123 6
0.8213 6
0.8305 6
0.8396 6
0.8485 6
0.8575 6
0.8665 6
0.8755 6
0.8844 6
0.8934 6
0.9025 6
