0.0000 319
0.3678 319
0.4078 319
0.4478 319
0.4879 319
0.5280 319
0.5681 319
0.6088 319
0.6489 319
0.6896 319
0.7296 319
0.7697 319
0.8102 319
0.8508 319
0.8910 319
0.9311 319
0.9712 319
1.0118 319
1.0520 319
1.0927 319
1.1335 319
1.1745 319
1.2148 319
1.2549 319
1.2950 319
1.3350 319
1.3750 319
1.4151 319
1.4552 319
1.4953 319
1.5353 319
1.5754 319
1.6156 319
1.6557 319
1.6962 319
1.7363 319
1.7763 319
1.8169 319
1.8575 319
1.8977 319
1.9377 319
1.9778 319
2.0179 319
2.0579 319
2.0980 319
2.1380 319
2.1783 319
2.2191 319
2.2592 319
2.2993 319
2.3394 319
2.3795 319
2.4195 319
2.4597 319
2.4998 319
2.5399 319
2.5799 319
2.6200 319
2.6601 319
2.7005 319
2.7407 319
2.7807 319
2.8213 319
2.8619 319
2.9020 319
2.9422 319
2.9822 319
3.0223 319
3.0624 319
3.1027 319
3.1428 319
3.1832 319
3.2233 319
3.2633 319
3.3034 319
3.3435 319
3.3835 319
3.4235 319
3.4635 319
3.5035 319
3.5436 319
3.5836 319
3.6236 319
3.6639 319
3.7043 319
3.7445 319
3.7845 319
3.8249 319
3.8656 319
3.9056 319
3.9458 319
3.9859 319
4.0259 319
4.0659 319
4.1059 319
4.1461 319
4.1863 319
4.2269 319
4.2673 319
4.3074 319
4.3476 319
