0.0000 319
0.3911 319
0.4547 319
0.5186 319
0.5822 319
0.6475 319
0.7126 319
0.7763 319
0.8398 319
0.9035 319
0.9673 319
1.0320 319
1.0975 319
1.1612 319
1.2248 319
1.2899 319
1.3549 319
1.4187 319
1.4823 319
1.5462 319
1.6099 319
1.6752 319
1.7390 319
1.8026 319
1.8667 319
1.9303 319
1.9943 319
2.0584 319
2.1221 319
2.1859 319
2.2495 319
2.3131 319
2.3769 319
2.4407 319
2.5046 319
2.5684 319
2.6351 319
2.7007 319
2.7644 319
2.8283 319
2.8921 319
2.9557 319
3.0196 319
3.0833 319
3.1470 319
3.2107 319
3.2749 319
3.3398 319
3.4037 319
3.4673 319
3.5312 319
3.5950 319
3.6591 319
3.7233 319
3.7871 319
3.8507 319
3.9145 319
3.9791 319
4.0453 319
4.1106 319
4.1743 319
4.2380 319
4.3021 319
4.3659 319
4.4299 319
4.4940 319
4.5578 319
4.6215 319
4.6864 319
4.7501 319
4.8138 319
4.8774 319
4.9411 319
5.0053 319
5.0690 319
5.1329 319
5.1967 319
5.2609 319
5.3260 319
5.3897 319
5.4537 319
5.5183 319
5.5822 319
5.6465 319
5.7107 319
5.7743 319
5.8381 319
5.9019 319
5.9658 319
6.0299 319
6.0937 319
6.1576 319
6.2214 319
6.2852 319
6.3490 319
6.4128 319
6.4773 319
6.5411 319
6.6049 319
6.6694 319
6.7332 319
