0.0000 6
0.0108 6
0.0196 6
0.0284 6
0.0372 6
0.0459 6
0.0546 6
0.0634 6
0.0721 6
0.0808 6
0.0896 6
0.0983 6
0.1070 6
0.1157 6
0.1244 6
0.1332 6
0.1420 6
0.1507 6
0.1595 6
0.1682 6
0.1770 6
0.1857 6
0.1944 6
0.2031 6
0.2119 6
0.2207 6
0.2294 6
0.2381 6
0.2469 6
0.2558 6
0.2646 6
0.2733 6
0.2820 6
0.2911 6
0.3002 6
0.3092 6
0.3181 6
0.3268 6
0.3356 6
0.3443 6
0.3531 6
0.3618 6
0.3705 6
0.3793 6
0.3880 6
0.3967 6
0.4054 6
0.4142 6
0.4231 6
0.4319 6
0.4406 6
0.4493 6
0.4580 6
0.4669 6
0.4756 6
0.4843 6
0.4930 6
0.5018 6
0.5105 6
0.5192 6
0.5279 6
0.5367 6
0.5454 6
0.5541 6
0.5629 6
0.5716 6
0.5803 6
0.5891 6
0.5978 6
0.6066 6
0.6153 6
0.6240 6
0.6327 6
0.6417 6
0.6504 6
0.6592 6
0.6679 6
0.6767 6
0.6854 6
0.6941 6
0.7029 6
0.7117 6
0.7205 6
0.7292 6
0.7380 6
0.7467 6
0.7555 6
0.7642 6
0.7729 6
0.7849 6
0.7941 6
0.8031 6
0.8120 6
0.8211 6
0.8304 6
0.8394 6
0.8485 6
0.8576 6
0.8665 6
0.8754 6
0.8843 6
