0.0000 319
0.3684 319
0.4084 319
0.4484 319
0.4883 319
0.5286 319
0.5686 319
0.6092 319
0.6493 319
0.6893 319
0.7295 319
0.7695 319
0.8094 319
0.8494 319
0.8895 319
0.9296 319
0.9697 319
1.0099 319
1.0504 319
1.0912 319
1.1314 319
1.1715 319
1.2116 319
1.2517 319
1.2918 319
1.3320 319
1.3723 319
1.4125 319
1.4525 319
1.4926 319
1.5328 319
1.5730 319
1.6132 319
1.6533 319
1.6934 319
1.7335 319
1.7737 319
1.8138 319
1.8539 319
1.8941 319
1.9344 319
1.9745 319
2.0146 319
2.0552 319
2.0961 319
2.1363 319
2.1765 319
2.2166 319
2.2567 319
2.2968 319
2.3369 319
2.3771 319
2.4172 319
2.4573 319
2.4974 319
2.5376 319
2.5779 319
2.6184 319
2.6589 319
2.6990 319
2.7391 319
2.7793 319
2.8194 319
2.8595 319
2.8999 319
2.9400 319
2.9801 319
3.0203 319
3.0609 319
3.1018 319
3.1420 319
3.1822 319
3.2225 319
3.2629 319
3.3031 319
3.3432 319
3.3835 319
3.4240 319
3.4642 319
3.5042 319
3.5444 319
3.5846 319
3.6247 319
3.6648 319
3.7049 319
3.7450 319
3.7852 319
3.8253 319
3.8654 319
3.9068 319
3.9485 319
3.9898 319
4.0313 319
4.0719 319
4.1126 319
4.1528 319
4.1930 319
4.2331 319
4.2732 319
4.3133 319
4.3534 319
