0.0000 56
0.0980 56
0.1262 56
0.1540 56
0.1817 56
0.2101 56
0.2387 56
0.2665 56
0.2944 56
0.3224 56
0.3501 56
0.3780 56
0.4057 56
0.4335 56
0.4614 56
0.4894 56
0.5174 56
0.5453 56
0.5730 56
0.6008 56
0.6290 56
0.6579 56
0.6871 56
0.7151 56
0.7428 56
0.7706 56
0.7983 56
0.8260 56
0.8539 56
0.8817 56
0.9095 56
0.9374 56
0.9651 56
0.9928 56
1.0208 56
1.0485 56
1.0763 56
1.1042 56
1.1320 56
1.1599 56
1.1876 56
1.2154 56
1.2431 56
1.2709 56
1.2987 56
1.3264 56
1.3542 56
1.3820 56
1.4098 56
1.4376 56
1.4653 56
1.4933 56
1.5212 56
1.5490 56
1.5767 56
1.6045 56
1.6326 56
1.6603 56
1.6898 56
1.7183 56
1.7461 56
1.7739 56
1.8017 56
1.8295 56
1.8572 56
1.8853 56
1.9133 56
1.9412 56
1.9690 56
1.9967 56
2.0247 56
2.0524 56
2.0801 56
2.1080 56
2.1357 56
2.1635 56
2.1913 56
2.2194 56
2.2480 56
2.2764 56
2.3042 56
2.3320 56
2.3597 56
2.3874 56
2.4152 56
2.4430 56
2.4708 56
2.4987 56
2.5267 56
2.5545 56
2.5823 56
2.6101 56
2.6385 56
2.6663 56
2.6947 56
2.7225 56
2.7503 56
2.7780 56
2.8058 56
2.8338 56
2.8617 56
