0.0000 6
0.0099 6
0.0181 6
0.0261 6
0.0342 6
0.0423 6
0.0503 6
0.0584 6
0.0665 6
0.0745 6
0.0826 6
0.0907 6
0.0987 6
0.1067 6
0.1148 6
0.1228 6
0.1309 6
0.1389 6
0.1470 6
0.1550 6
0.1632 6
0.1714 6
0.1796 6
0.1876 6
0.1957 6
0.2037 6
0.2118 6
0.2202 6
0.2282 6
0.2363 6
0.2444 6
0.2524 6
0.2605 6
0.2685 6
0.2766 6
0.2846 6
0.2927 6
0.3008 6
0.3088 6
0.3169 6
0.3249 6
0.3330 6
0.3411 6
0.3491 6
0.3573 6
0.3653 6
0.3733 6
0.3814 6
0.3895 6
0.3976 6
0.4057 6
0.4137 6
0.4218 6
0.4298 6
0.4379 6
0.4459 6
0.4540 6
0.4620 6
0.4701 6
0.4782 6
0.4862 6
0.4943 6
0.5024 6
0.5104 6
0.5185 6
0.5265 6
0.5346 6
0.5426 6
0.5507 6
0.5587 6
0.5668 6
0.5748 6
0.5829 6
0.5910 6
0.5992 6
0.6074 6
0.6156 6
0.6237 6
0.6317 6
0.6398 6
0.6478 6
0.6559 6
0.6640 6
0.6720 6
0.6801 6
0.6881 6
0.6962 6
0.7044 6
0.7124 6
0.7205 6
0.7285 6
0.7367 6
0.7448 6
0.7528 6
0.7609 6
0.7689 6
0.7770 6
0.7850 6
0.7931 6
0.8011 6
0.8092 6
