0.0000 8
0.0125 8
0.0217 8
0.0309 8
0.0400 8
0.0491 8
0.0584 8
0.0675 8
0.0766 8
0.0857 8
0.0948 8
0.1039 8
0.1131 8
0.1222 8
0.1313 8
0.1405 8
0.1496 8
0.1588 8
0.1679 8
0.1770 8
0.1862 8
0.1953 8
0.2044 8
0.2137 8
0.2228 8
0.2319 8
0.2411 8
0.2502 8
0.2593 8
0.2684 8
0.2775 8
0.2866 8
0.2957 8
0.3048 8
0.3140 8
0.3231 8
0.3322 8
0.3413 8
0.3504 8
0.3595 8
0.3686 8
0.3777 8
0.3869 8
0.3960 8
0.4051 8
0.4143 8
0.4235 8
0.4327 8
0.4418 8
0.4509 8
0.4600 8
0.4691 8
0.4782 8
0.4873 8
0.4964 8
0.5057 8
0.5148 8
0.5239 8
0.5331 8
0.5422 8
0.5519 8
0.5614 8
0.5707 8
0.5799 8
0.5895 8
0.5990 8
0.6083 8
0.6175 8
0.6268 8
0.6360 8
0.6454 8
0.6548 8
0.6639 8
0.6730 8
0.6822 8
0.6915 8
0.7007 8
0.7099 8
0.7190 8
0.7282 8
0.7373 8
0.7464 8
0.7555 8
0.7646 8
0.7738 8
0.7829 8
0.7921 8
0.8013 8
0.8104 8
0.8195 8
0.8286 8
0.8377 8
0.8469 8
0.8560 8
0.8651 8
0.8742 8
0.8834 8
0.8925 8
0.9016 8
0.9108 8
0.9201 8
