0.0000 8
0.0124 8
0.0217 8
0.0308 8
0.0400 8
0.0491 8
0.0582 8
0.0674 8
0.0765 8
0.0856 8
0.0947 8
0.1039 8
0.1134 8
0.1228 8
0.1322 8
0.1416 8
0.1509 8
0.1602 8
0.1696 8
0.1788 8
0.1879 8
0.1971 8
0.2063 8
0.2155 8
0.2246 8
0.2337 8
0.2428 8
0.2520 8
0.2611 8
0.2702 8
0.2794 8
0.2885 8
0.2980 8
0.3071 8
0.3162 8
0.3255 8
0.3347 8
0.3438 8
0.3530 8
0.3621 8
0.3713 8
0.3804 8
0.3896 8
0.3988 8
0.4080 8
0.4171 8
0.4262 8
0.4354 8
0.4445 8
0.4536 8
0.4628 8
0.4723 8
0.4814 8
0.4905 8
0.4996 8
0.5088 8
0.5186 8
0.5277 8
0.5369 8
0.5460 8
0.5552 8
0.5643 8
0.5734 8
0.5825 8
0.5917 8
0.6008 8
0.6100 8
0.6191 8
0.6282 8
0.6374 8
0.6465 8
0.6558 8
0.6649 8
0.6741 8
0.6832 8
0.6925 8
0.7018 8
0.7109 8
0.7200 8
0.7292 8
0.7383 8
0.7475 8
0.7567 8
0.7658 8
0.7749 8
0.7841 8
0.7932 8
0.8023 8
0.8115 8
0.8207 8
0.8299 8
0.8391 8
0.8482 8
0.8573 8
0.8664 8
0.8756 8
0.8847 8
0.8939 8
0.9030 8
0.9121 8
0.9212 8
