0.0000 56
0.0988 56
0.1266 56
0.1542 56
0.1818 56
0.2095 56
0.2372 56
0.2649 56
0.2925 56
0.3201 56
0.3478 56
0.3754 56
0.4030 56
0.4306 56
0.4584 56
0.4860 56
0.5137 56
0.5413 56
0.5689 56
0.5974 56
0.6259 56
0.6546 56
0.6824 56
0.7103 56
0.7379 56
0.7655 56
0.7932 56
0.8208 56
0.8483 56
0.8761 56
0.9036 56
0.9312 56
0.9589 56
0.9865 56
1.0142 56
1.0418 56
1.0694 56
1.0970 56
1.1246 56
1.1522 56
1.1797 56
1.2073 56
1.2348 56
1.2625 56
1.2901 56
1.3177 56
1.3452 56
1.3730 56
1.4005 56
1.4284 56
1.4562 56
1.4839 56
1.5116 56
1.5391 56
1.5667 56
1.5944 56
1.6224 56
1.6506 56
1.6783 56
1.7059 56
1.7337 56
1.7613 56
1.7889 56
1.8165 56
1.8441 56
1.8719 56
1.8995 56
1.9270 56
1.9547 56
1.9824 56
2.0100 56
2.0384 56
2.0662 56
2.0939 56
2.1215 56
2.1491 56
2.1767 56
2.2043 56
2.2319 56
2.2595 56
2.2871 56
2.3147 56
2.3423 56
2.3699 56
2.3976 56
2.4252 56
2.4529 56
2.4806 56
2.5083 56
2.5359 56
2.5636 56
2.5913 56
2.6194 56
2.6474 56
2.6751 56
2.7027 56
2.7305 56
2.7581 56
2.7858 56
2.8138 56
2.8414 56
