0.0000 56
0.1015 56
0.1337 56
0.1660 56
0.1987 56
0.2311 56
0.2634 56
0.2957 56
0.3283 56
0.3607 56
0.3930 56
0.4264 56
0.4595 56
0.4921 56
0.5248 56
0.5572 56
0.5896 56
0.6221 56
0.6547 56
0.6878 56
0.7200 56
0.7524 56
0.7846 56
0.8169 56
0.8494 56
0.8817 56
0.9139 56
0.9462 56
0.9785 56
1.0108 56
1.0431 56
1.0754 56
1.1076 56
1.1399 56
1.1722 56
1.2045 56
1.2368 56
1.2690 56
1.3014 56
1.3339 56
1.3663 56
1.3987 56
1.4311 56
1.4635 56
1.4960 56
1.5291 56
1.5613 56
1.5936 56
1.6260 56
1.6585 56
1.6908 56
1.7233 56
1.7555 56
1.7879 56
1.8206 56
1.8533 56
1.8856 56
1.9179 56
1.9503 56
1.9825 56
2.0148 56
2.0472 56
2.0795 56
2.1118 56
2.1442 56
2.1765 56
2.2087 56
2.2410 56
2.2734 56
2.3057 56
2.3383 56
2.3705 56
2.4029 56
2.4360 56
2.4696 56
2.5021 56
2.5350 56
2.5673 56
2.5997 56
2.6320 56
2.6644 56
2.6968 56
2.7291 56
2.7613 56
2.7937 56
2.8262 56
2.8585 56
2.8908 56
2.9230 56
2.9553 56
2.9876 56
3.0199 56
3.0521 56
3.0844 56
3.1167 56
3.1490 56
3.1813 56
3.2135 56
3.2458 56
3.2781 56
3.3103 56
