0.0000 7
0.0197 7
0.0337 7
0.0477 7
0.0615 7
0.0752 7
0.0888 7
0.1024 7
0.1160 7
0.1296 7
0.1432 7
0.1568 7
0.1704 7
0.1841 7
0.1977 7
0.2114 7
0.2249 7
0.2385 7
0.2521 7
0.2657 7
0.2792 7
0.2928 7
0.3064 7
0.3200 7
0.3336 7
0.3472 7
0.3609 7
0.3745 7
0.3882 7
0.4018 7
0.4154 7
0.4290 7
0.4426 7
0.4562 7
0.4697 7
0.4833 7
0.4971 7
0.5106 7
0.5244 7
0.5381 7
0.5517 7
0.5652 7
0.5788 7
0.5925 7
0.6063 7
0.6199 7
0.6336 7
0.6473 7
0.6609 7
0.6744 7
0.6884 7
0.7020 7
0.7156 7
0.7297 7
0.7433 7
0.7569 7
0.7704 7
0.7840 7
0.7978 7
0.8115 7
0.8250 7
0.8386 7
0.8523 7
0.8659 7
0.8796 7
0.8935 7
0.9071 7
0.9206 7
0.9342 7
0.9480 7
0.9615 7
0.9751 7
0.9887 7
1.0025 7
1.0161 7
1.0297 7
1.0439 7
1.0576 7
1.0714 7
1.0850 7
1.0987 7
1.1122 7
1.1258 7
1.1394 7
1.1530 7
1.1666 7
1.1802 7
1.1937 7
1.2074 7
1.2210 7
1.2346 7
1.2482 7
1.2618 7
1.2753 7
1.2889 7
1.3025 7
1.3161 7
1.3297 7
1.3433 7
1.3569 7
1.3706 7
