0.0000 56
0.0974 56
0.1250 56
0.1526 56
0.1802 56
0.2078 56
0.2356 56
0.2632 56
0.2908 56
0.3184 56
0.3460 56
0.3737 56
0.4016 56
0.4296 56
0.4576 56
0.4856 56
0.5136 56
0.5416 56
0.5695 56
0.5975 56
0.6254 56
0.6534 56
0.6815 56
0.7095 56
0.7382 56
0.7667 56
0.7946 56
0.8226 56
0.8507 56
0.8787 56
0.9063 56
0.9339 56
0.9616 56
0.9891 56
1.0175 56
1.0458 56
1.0736 56
1.1014 56
1.1292 56
1.1567 56
1.1843 56
1.2135 56
1.2420 56
1.2706 56
1.2990 56
1.3266 56
1.3542 56
1.3819 56
1.4097 56
1.4375 56
1.4653 56
1.4929 56
1.5205 56
1.5481 56
1.5758 56
1.6035 56
1.6313 56
1.6590 56
1.6868 56
1.7145 56
1.7425 56
1.7707 56
1.7983 56
1.8258 56
1.8534 56
1.8812 56
1.9089 56
1.9365 56
1.9641 56
1.9917 56
2.0193 56
2.0469 56
2.0746 56
2.1024 56
2.1300 56
2.1576 56
2.1852 56
2.2128 56
2.2405 56
2.2682 56
2.2958 56
2.3233 56
2.3509 56
2.3785 56
2.4061 56
2.4337 56
2.4613 56
2.4890 56
2.5166 56
2.5444 56
2.5721 56
2.5998 56
2.6275 56
2.6551 56
2.6828 56
2.7106 56
2.7388 56
2.7675 56
2.7952 56
2.8228 56
2.8504 56
