0.0000 8
0.0123 8
0.0216 8
0.0308 8
0.0400 8
0.0491 8
0.0583 8
0.0674 8
0.0766 8
0.0857 8
0.0949 8
0.1040 8
0.1131 8
0.1222 8
0.1313 8
0.1404 8
0.1496 8
0.1587 8
0.1678 8
0.1769 8
0.1860 8
0.1952 8
0.2043 8
0.2135 8
0.2227 8
0.2320 8
0.2411 8
0.2503 8
0.2594 8
0.2687 8
0.2778 8
0.2870 8
0.2963 8
0.3055 8
0.3146 8
0.3237 8
0.3329 8
0.3420 8
0.3511 8
0.3602 8
0.3695 8
0.3786 8
0.3877 8
0.3968 8
0.4059 8
0.4150 8
0.4242 8
0.4333 8
0.4424 8
0.4516 8
0.4607 8
0.4699 8
0.4790 8
0.4881 8
0.4972 8
0.5063 8
0.5154 8
0.5246 8
0.5337 8
0.5428 8
0.5519 8
0.5611 8
0.5702 8
0.5793 8
0.5885 8
0.5978 8
0.6072 8
0.6165 8
0.6261 8
0.6355 8
0.6449 8
0.6541 8
0.6632 8
0.6723 8
0.6815 8
0.6906 8
0.6997 8
0.7088 8
0.7180 8
0.7271 8
0.7362 8
0.7453 8
0.7545 8
0.7636 8
0.7727 8
0.7819 8
0.7912 8
0.8004 8
0.8097 8
0.8188 8
0.8280 8
0.8372 8
0.8463 8
0.8554 8
0.8645 8
0.8736 8
0.8828 8
0.8919 8
0.9010 8
0.9101 8
0.9192 8
