0.0000 6
0.0097 6
0.0179 6
0.0260 6
0.0340 6
0.0422 6
0.0502 6
0.0582 6
0.0663 6
0.0744 6
0.0826 6
0.0908 6
0.0988 6
0.1068 6
0.1149 6
0.1229 6
0.1309 6
0.1389 6
0.1469 6
0.1549 6
0.1629 6
0.1709 6
0.1789 6
0.1870 6
0.1950 6
0.2031 6
0.2112 6
0.2195 6
0.2275 6
0.2355 6
0.2435 6
0.2516 6
0.2596 6
0.2677 6
0.2757 6
0.2837 6
0.2917 6
0.2997 6
0.3077 6
0.3157 6
0.3238 6
0.3318 6
0.3398 6
0.3478 6
0.3558 6
0.3638 6
0.3719 6
0.3799 6
0.3879 6
0.3959 6
0.4039 6
0.4119 6
0.4199 6
0.4280 6
0.4360 6
0.4440 6
0.4520 6
0.4600 6
0.4680 6
0.4760 6
0.4840 6
0.4921 6
0.5001 6
0.5081 6
0.5162 6
0.5242 6
0.5323 6
0.5403 6
0.5483 6
0.5563 6
0.5643 6
0.5724 6
0.5804 6
0.5884 6
0.5964 6
0.6044 6
0.6124 6
0.6204 6
0.6285 6
0.6365 6
0.6445 6
0.6525 6
0.6605 6
0.6686 6
0.6766 6
0.6846 6
0.6926 6
0.7006 6
0.7087 6
0.7167 6
0.7247 6
0.7327 6
0.7408 6
0.7488 6
0.7568 6
0.7648 6
0.7729 6
0.7809 6
0.7889 6
0.7969 6
0.8049 6
