0.0000 8
0.0124 8
0.0217 8
0.0310 8
0.0401 8
0.0493 8
0.0584 8
0.0675 8
0.0767 8
0.0858 8
0.0949 8
0.1040 8
0.1131 8
0.1222 8
0.1314 8
0.1406 8
0.1497 8
0.1589 8
0.1680 8
0.1771 8
0.1862 8
0.1953 8
0.2045 8
0.2137 8
0.2228 8
0.2320 8
0.2411 8
0.2502 8
0.2593 8
0.2684 8
0.2776 8
0.2867 8
0.2958 8
0.3049 8
0.3140 8
0.3231 8
0.3323 8
0.3414 8
0.3505 8
0.3596 8
0.3687 8
0.3779 8
0.3871 8
0.3962 8
0.4053 8
0.4144 8
0.4235 8
0.4327 8
0.4418 8
0.4515 8
0.4610 8
0.4704 8
0.4797 8
0.4888 8
0.4979 8
0.5070 8
0.5161 8
0.5252 8
0.5343 8
0.5434 8
0.5525 8
0.5616 8
0.5708 8
0.5798 8
0.5889 8
0.5980 8
0.6072 8
0.6163 8
0.6255 8
0.6350 8
0.6441 8
0.6532 8
0.6624 8
0.6715 8
0.6806 8
0.6897 8
0.6988 8
0.7079 8
0.7170 8
0.7261 8
0.7352 8
0.7444 8
0.7535 8
0.7626 8
0.7717 8
0.7814 8
0.7905 8
0.7996 8
0.8088 8
0.8185 8
0.8278 8
0.8369 8
0.8461 8
0.8552 8
0.8643 8
0.8735 8
0.8826 8
0.8917 8
0.9009 8
0.9100 8
0.9192 8
