0.0000 319
0.3653 319
0.4052 319
0.4451 319
0.4851 319
0.5250 319
0.5649 319
0.6050 319
0.6448 319
0.6849 319
0.7250 319
0.7654 319
0.8060 319
0.8463 319
0.8864 319
0.9265 319
0.9665 319
1.0066 319
1.0466 319
1.0869 319
1.1270 319
1.1670 319
1.2071 319
1.2477 319
1.2880 319
1.3281 319
1.3683 319
1.4083 319
1.4484 319
1.4886 319
1.5286 319
1.5687 319
1.6089 319
1.6490 319
1.6892 319
1.7300 319
1.7717 319
1.8128 319
1.8533 319
1.8935 319
1.9335 319
1.9736 319
2.0137 319
2.0538 319
2.0940 319
2.1341 319
2.1741 319
2.2142 319
2.2542 319
2.2943 319
2.3344 319
2.3747 319
2.4148 319
2.4548 319
2.4950 319
2.5350 319
2.5752 319
2.6155 319
2.6557 319
2.6959 319
2.7366 319
2.7772 319
2.8174 319
2.8575 319
2.8979 319
2.9383 319
2.9784 319
3.0184 319
3.0585 319
3.0986 319
3.1388 319
3.1790 319
3.2192 319
3.2599 319
3.3011 319
3.3415 319
3.3815 319
3.4217 319
3.4617 319
3.5018 319
3.5419 319
3.5820 319
3.6221 319
3.6621 319
3.7022 319
3.7430 319
3.7836 319
3.8237 319
3.8638 319
3.9040 319
3.9446 319
3.9847 319
4.0247 319
4.0649 319
4.1050 319
4.1451 319
4.1852 319
4.2252 319
4.2652 319
4.3053 319
4.3457 319
