0.0000 7
0.0208 7
0.0356 7
0.0504 7
0.0651 7
0.0798 7
0.0945 7
0.1092 7
0.1239 7
0.1388 7
0.1535 7
0.1682 7
0.1830 7
0.1977 7
0.2125 7
0.2272 7
0.2419 7
0.2566 7
0.2715 7
0.2862 7
0.3009 7
0.3156 7
0.3304 7
0.3451 7
0.3598 7
0.3745 7
0.3892 7
0.4039 7
0.4191 7
0.4338 7
0.4488 7
0.4638 7
0.4785 7
0.4932 7
0.5079 7
0.5227 7
0.5374 7
0.5527 7
0.5678 7
0.5827 7
0.5974 7
0.6121 7
0.6270 7
0.6416 7
0.6564 7
0.6713 7
0.6860 7
0.7007 7
0.7154 7
0.7301 7
0.7448 7
0.7597 7
0.7745 7
0.7892 7
0.8039 7
0.8187 7
0.8336 7
0.8484 7
0.8632 7
0.8779 7
0.8926 7
0.9073 7
0.9220 7
0.9367 7
0.9514 7
0.9661 7
0.9808 7
0.9956 7
1.0103 7
1.0252 7
1.0399 7
1.0547 7
1.0695 7
1.0842 7
1.0989 7
1.1136 7
1.1284 7
1.1431 7
1.1578 7
1.1725 7
1.1872 7
1.2019 7
1.2166 7
1.2314 7
1.2461 7
1.2609 7
1.2757 7
1.2904 7
1.3051 7
1.3198 7
1.3345 7
1.3497 7
1.3644 7
1.3792 7
1.3940 7
1.4091 7
1.4238 7
1.4387 7
1.4540 7
1.4687 7
1.4834 7
