0.0000 6
0.0105 6
0.0194 6
0.0284 6
0.0371 6
0.0459 6
0.0547 6
0.0636 6
0.0723 6
0.0811 6
0.0899 6
0.0987 6
0.1075 6
0.1162 6
0.1251 6
0.1338 6
0.1426 6
0.1514 6
0.1601 6
0.1689 6
0.1777 6
0.1865 6
0.1955 6
0.2044 6
0.2132 6
0.2220 6
0.2307 6
0.2399 6
0.2487 6
0.2575 6
0.2663 6
0.2751 6
0.2838 6
0.2926 6
0.3013 6
0.3101 6
0.3188 6
0.3276 6
0.3363 6
0.3451 6
0.3538 6
0.3626 6
0.3713 6
0.3800 6
0.3889 6
0.3976 6
0.4064 6
0.4151 6
0.4238 6
0.4326 6
0.4413 6
0.4501 6
0.4588 6
0.4676 6
0.4764 6
0.4851 6
0.4939 6
0.5026 6
0.5114 6
0.5201 6
0.5288 6
0.5376 6
0.5463 6
0.5551 6
0.5638 6
0.5726 6
0.5813 6
0.5901 6
0.5989 6
0.6077 6
0.6164 6
0.6254 6
0.6342 6
0.6429 6
0.6516 6
0.6604 6
0.6695 6
0.6786 6
0.6876 6
0.6965 6
0.7053 6
0.7140 6
0.7228 6
0.7316 6
0.7403 6
0.7491 6
0.7578 6
0.7666 6
0.7753 6
0.7840 6
0.7927 6
0.8015 6
0.8103 6
0.8190 6
0.8277 6
0.8365 6
0.8452 6
0.8540 6
0.8627 6
0.8714 6
0.8801 6
