0.0000 319
0.3915 319
0.4557 319
0.5194 319
0.5832 319
0.6470 319
0.7106 319
0.7746 319
0.8382 319
0.9020 319
0.9658 319
1.0296 319
1.0935 319
1.1581 319
1.2234 319
1.2878 319
1.3517 319
1.4163 319
1.4801 319
1.5439 319
1.6081 319
1.6720 319
1.7359 319
1.7998 319
1.8635 319
1.9273 319
1.9928 319
2.0567 319
2.1206 319
2.1845 319
2.2486 319
2.3124 319
2.3765 319
2.4409 319
2.5048 319
2.5686 319
2.6324 319
2.6963 319
2.7604 319
2.8242 319
2.8880 319
2.9519 319
3.0157 319
3.0796 319
3.1435 319
3.2074 319
3.2713 319
3.3352 319
3.3995 319
3.4642 319
3.5280 319
3.5918 319
3.6558 319
3.7197 319
3.7838 319
3.8476 319
3.9114 319
3.9762 319
4.0409 319
4.1049 319
4.1687 319
4.2326 319
4.2967 319
4.3607 319
4.4252 319
4.4891 319
4.5530 319
4.6168 319
4.6807 319
4.7448 319
4.8090 319
4.8728 319
4.9366 319
5.0006 319
5.0646 319
5.1286 319
5.1924 319
5.2566 319
5.3204 319
5.3847 319
5.4492 319
5.5131 319
5.5775 319
5.6415 319
5.7055 319
5.7700 319
5.8339 319
5.8978 319
5.9618 319
6.0277 319
6.0917 319
6.1559 319
6.2199 319
6.2843 319
6.3482 319
6.4132 319
6.4773 319
6.5413 319
6.6052 319
6.6691 319
6.7328 319
