0.0000 319
0.3703 319
0.4103 319
0.4504 319
0.4903 319
0.5304 319
0.5704 319
0.6103 319
0.6504 319
0.6904 319
0.7304 319
0.7707 319
0.8107 319
0.8508 319
0.8913 319
0.9320 319
0.9721 319
1.0121 319
1.0522 319
1.0924 319
1.1327 319
1.1728 319
1.2129 319
1.2532 319
1.2933 319
1.3337 319
1.3738 319
1.4138 319
1.4538 319
1.4939 319
1.5339 319
1.5741 319
1.6141 319
1.6551 319
1.6953 319
1.7355 319
1.7767 319
1.8169 319
1.8570 319
1.8973 319
1.9380 319
1.9781 319
2.0181 319
2.0583 319
2.0987 319
2.1389 319
2.1790 319
2.2190 319
2.2594 319
2.2996 319
2.3396 319
2.3797 319
2.4197 319
2.4599 319
2.4999 319
2.5400 319
2.5801 319
2.6201 319
2.6601 319
2.7001 319
2.7403 319
2.7806 319
2.8206 319
2.8606 319
2.9010 319
2.9416 319
2.9817 319
3.0217 319
3.0619 319
3.1019 319
3.1420 319
3.1822 319
3.2222 319
3.2629 319
3.3030 319
3.3430 319
3.3831 319
3.4232 319
3.4633 319
3.5035 319
3.5437 319
3.5838 319
3.6238 319
3.6639 319
3.7043 319
3.7444 319
3.7852 319
3.8257 319
3.8663 319
3.9067 319
3.9472 319
3.9874 319
4.0275 319
4.0679 319
4.1082 319
4.1482 319
4.1884 319
4.2285 319
4.2691 319
4.3094 319
4.3496 319
