0.0000 56
0.1016 56
0.1337 56
0.1658 56
0.1980 56
0.2303 56
0.2625 56
0.2947 56
0.3269 56
0.3592 56
0.3914 56
0.4238 56
0.4561 56
0.4883 56
0.5206 56
0.5528 56
0.5849 56
0.6171 56
0.6503 56
0.6830 56
0.7151 56
0.7473 56
0.7801 56
0.8124 56
0.8449 56
0.8771 56
0.9093 56
0.9414 56
0.9738 56
1.0069 56
1.0398 56
1.0723 56
1.1047 56
1.1369 56
1.1692 56
1.2019 56
1.2342 56
1.2663 56
1.2984 56
1.3307 56
1.3631 56
1.3952 56
1.4276 56
1.4598 56
1.4920 56
1.5242 56
1.5563 56
1.5885 56
1.6207 56
1.6529 56
1.6851 56
1.7173 56
1.7495 56
1.7816 56
1.8138 56
1.8465 56
1.8792 56
1.9114 56
1.9435 56
1.9758 56
2.0084 56
2.0411 56
2.0733 56
2.1055 56
2.1377 56
2.1699 56
2.2021 56
2.2342 56
2.2664 56
2.2986 56
2.3308 56
2.3631 56
2.3953 56
2.4275 56
2.4598 56
2.4920 56
2.5241 56
2.5562 56
2.5883 56
2.6204 56
2.6530 56
2.6859 56
2.7184 56
2.7505 56
2.7826 56
2.8147 56
2.8470 56
2.8796 56
2.9117 56
2.9438 56
2.9759 56
3.0084 56
3.0411 56
3.0733 56
3.1055 56
3.1376 56
3.1697 56
3.2019 56
3.2343 56
3.2666 56
3.2988 56
