0.0000 6
0.0104 6
0.0192 6
0.0281 6
0.0368 6
0.0455 6
0.0542 6
0.0629 6
0.0716 6
0.0804 6
0.0891 6
0.0978 6
0.1065 6
0.1152 6
0.1240 6
0.1328 6
0.1415 6
0.1503 6
0.1590 6
0.1679 6
0.1767 6
0.1854 6
0.1941 6
0.2028 6
0.2116 6
0.2203 6
0.2290 6
0.2377 6
0.2464 6
0.2551 6
0.2639 6
0.2726 6
0.2813 6
0.2900 6
0.2987 6
0.3075 6
0.3165 6
0.3253 6
0.3341 6
0.3428 6
0.3516 6
0.3607 6
0.3694 6
0.3781 6
0.3868 6
0.3956 6
0.4044 6
0.4131 6
0.4218 6
0.4305 6
0.4392 6
0.4480 6
0.4567 6
0.4654 6
0.4741 6
0.4828 6
0.4915 6
0.5002 6
0.5090 6
0.5177 6
0.5266 6
0.5354 6
0.5441 6
0.5528 6
0.5615 6
0.5702 6
0.5789 6
0.5876 6
0.5964 6
0.6051 6
0.6138 6
0.6226 6
0.6313 6
0.6400 6
0.6487 6
0.6574 6
0.6661 6
0.6749 6
0.6835 6
0.6922 6
0.7009 6
0.7096 6
0.7183 6
0.7270 6
0.7358 6
0.7447 6
0.7535 6
0.7621 6
0.7708 6
0.7795 6
0.7882 6
0.7969 6
0.8056 6
0.8143 6
0.8230 6
0.8317 6
0.8404 6
0.8491 6
0.8578 6
0.8666 6
0.8753 6
