0.0000 8
0.0115 8
0.0196 8
0.0277 8
0.0358 8
0.0438 8
0.0519 8
0.0600 8
0.0680 8
0.0761 8
0.0842 8
0.0922 8
0.1003 8
0.1084 8
0.1165 8
0.1245 8
0.1326 8
0.1407 8
0.1488 8
0.1568 8
0.1649 8
0.1730 8
0.1810 8
0.1891 8
0.1971 8
0.2054 8
0.2134 8
0.2216 8
0.2297 8
0.2378 8
0.2458 8
0.2539 8
0.2619 8
0.2700 8
0.2780 8
0.2861 8
0.2941 8
0.3022 8
0.3102 8
0.3183 8
0.3263 8
0.3344 8
0.3425 8
0.3506 8
0.3587 8
0.3667 8
0.3748 8
0.3828 8
0.3908 8
0.3989 8
0.4070 8
0.4150 8
0.4231 8
0.4311 8
0.4392 8
0.4473 8
0.4553 8
0.4634 8
0.4714 8
0.4795 8
0.4875 8
0.4956 8
0.5037 8
0.5117 8
0.5198 8
0.5278 8
0.5359 8
0.5442 8
0.5523 8
0.5603 8
0.5723 8
0.5813 8
0.5897 8
0.5979 8
0.6062 8
0.6146 8
0.6229 8
0.6312 8
0.6394 8
0.6477 8
0.6560 8
0.6643 8
0.6727 8
0.6811 8
0.6896 8
0.6981 8
0.7067 8
0.7152 8
0.7233 8
0.7314 8
0.7395 8
0.7477 8
0.7557 8
0.7638 8
0.7718 8
0.7798 8
0.7880 8
0.7962 8
0.8043 8
0.8124 8
0.8206 8
