0.0000 7
0.0192 7
0.0328 7
0.0464 7
0.0601 7
0.0737 7
0.0874 7
0.1010 7
0.1146 7
0.1283 7
0.1419 7
0.1555 7
0.1692 7
0.1829 7
0.1965 7
0.2102 7
0.2239 7
0.2375 7
0.2511 7
0.2648 7
0.2784 7
0.2921 7
0.3057 7
0.3197 7
0.3334 7
0.3471 7
0.3611 7
0.3747 7
0.3883 7
0.4019 7
0.4157 7
0.4294 7
0.4430 7
0.4566 7
0.4703 7
0.4839 7
0.4976 7
0.5116 7
0.5254 7
0.5390 7
0.5526 7
0.5662 7
0.5798 7
0.5934 7
0.6070 7
0.6206 7
0.6343 7
0.6479 7
0.6615 7
0.6754 7
0.6891 7
0.7027 7
0.7163 7
0.7300 7
0.7436 7
0.7573 7
0.7709 7
0.7845 7
0.7981 7
0.8117 7
0.8253 7
0.8389 7
0.8525 7
0.8661 7
0.8798 7
0.8934 7
0.9070 7
0.9207 7
0.9343 7
0.9480 7
0.9616 7
0.9752 7
0.9887 7
1.0023 7
1.0159 7
1.0295 7
1.0432 7
1.0568 7
1.0705 7
1.0841 7
1.0977 7
1.1113 7
1.1249 7
1.1385 7
1.1523 7
1.1658 7
1.1796 7
1.1933 7
1.2069 7
1.2207 7
1.2343 7
1.2479 7
1.2619 7
1.2765 7
1.2904 7
1.3043 7
1.3185 7
1.3322 7
1.3457 7
1.3599 7
1.3736 7
