0.0000 8
0.0115 8
0.0197 8
0.0279 8
0.0360 8
0.0441 8
0.0522 8
0.0603 8
0.0684 8
0.0765 8
0.0845 8
0.0926 8
0.1006 8
0.1087 8
0.1168 8
0.1249 8
0.1329 8
0.1411 8
0.1493 8
0.1574 8
0.1654 8
0.1735 8
0.1816 8
0.1897 8
0.1978 8
0.2058 8
0.2140 8
0.2221 8
0.2301 8
0.2382 8
0.2463 8
0.2545 8
0.2627 8
0.2710 8
0.2790 8
0.2872 8
0.2953 8
0.3035 8
0.3116 8
0.3198 8
0.3279 8
0.3359 8
0.3441 8
0.3522 8
0.3603 8
0.3684 8
0.3764 8
0.3845 8
0.3929 8
0.4012 8
0.4093 8
0.4174 8
0.4255 8
0.4338 8
0.4421 8
0.4502 8
0.4585 8
0.4665 8
0.4746 8
0.4827 8
0.4908 8
0.4989 8
0.5070 8
0.5150 8
0.5231 8
0.5312 8
0.5393 8
0.5473 8
0.5555 8
0.5636 8
0.5716 8
0.5797 8
0.5878 8
0.5959 8
0.6039 8
0.6120 8
0.6201 8
0.6283 8
0.6363 8
0.6444 8
0.6525 8
0.6605 8
0.6686 8
0.6767 8
0.6848 8
0.6929 8
0.7010 8
0.7092 8
0.7174 8
0.7255 8
0.7335 8
0.7416 8
0.7497 8
0.7579 8
0.7661 8
0.7743 8
0.7823 8
0.7904 8
0.7985 8
0.8065 8
0.8145 8
