0.0000 56
0.1022 56
0.1346 56
0.1673 56
0.1998 56
0.2323 56
0.2648 56
0.2973 56
0.3298 56
0.3623 56
0.3948 56
0.4273 56
0.4599 56
0.4924 56
0.5249 56
0.5575 56
0.5900 56
0.6225 56
0.6551 56
0.6876 56
0.7200 56
0.7527 56
0.7852 56
0.8182 56
0.8511 56
0.8836 56
0.9161 56
0.9486 56
0.9813 56
1.0138 56
1.0463 56
1.0788 56
1.1113 56
1.1438 56
1.1765 56
1.2089 56
1.2414 56
1.2739 56
1.3064 56
1.3435 56
1.3770 56
1.4106 56
1.4438 56
1.4762 56
1.5088 56
1.5413 56
1.5739 56
1.6064 56
1.6389 56
1.6715 56
1.7040 56
1.7372 56
1.7707 56
1.8037 56
1.8367 56
1.8697 56
1.9022 56
1.9348 56
1.9674 56
2.0000 56
2.0324 56
2.0649 56
2.0974 56
2.1300 56
2.1626 56
2.1951 56
2.2276 56
2.2601 56
2.2926 56
2.3253 56
2.3579 56
2.3904 56
2.4229 56
2.4554 56
2.4879 56
2.5204 56
2.5530 56
2.5856 56
2.6181 56
2.6506 56
2.6832 56
2.7158 56
2.7485 56
2.7809 56
2.8138 56
2.8468 56
2.8793 56
2.9120 56
2.9445 56
2.9772 56
3.0098 56
3.0422 56
3.0748 56
3.1075 56
3.1400 56
3.1726 56
3.2051 56
3.2376 56
3.2700 56
3.3025 56
3.3352 56
