0.0000 56
0.0976 56
0.1254 56
0.1531 56
0.1808 56
0.2086 56
0.2367 56
0.2645 56
0.2922 56
0.3200 56
0.3477 56
0.3754 56
0.4033 56
0.4311 56
0.4589 56
0.4867 56
0.5145 56
0.5422 56
0.5700 56
0.5978 56
0.6256 56
0.6533 56
0.6811 56
0.7089 56
0.7366 56
0.7644 56
0.7921 56
0.8198 56
0.8476 56
0.8755 56
0.9034 56
0.9312 56
0.9590 56
0.9868 56
1.0148 56
1.0431 56
1.0709 56
1.0991 56
1.1269 56
1.1547 56
1.1824 56
1.2101 56
1.2382 56
1.2661 56
1.2939 56
1.3217 56
1.3494 56
1.3772 56
1.4050 56
1.4328 56
1.4606 56
1.4884 56
1.5161 56
1.5447 56
1.5733 56
1.6013 56
1.6290 56
1.6568 56
1.6846 56
1.7123 56
1.7401 56
1.7678 56
1.7955 56
1.8232 56
1.8510 56
1.8788 56
1.9067 56
1.9346 56
1.9623 56
1.9901 56
2.0179 56
2.0463 56
2.0740 56
2.1023 56
2.1300 56
2.1578 56
2.1855 56
2.2132 56
2.2415 56
2.2694 56
2.2971 56
2.3249 56
2.3526 56
2.3806 56
2.4086 56
2.4365 56
2.4642 56
2.4919 56
2.5197 56
2.5474 56
2.5760 56
2.6045 56
2.6328 56
2.6610 56
2.6887 56
2.7165 56
2.7442 56
2.7719 56
2.7997 56
2.8274 56
2.8551 56
