0.0000 56
0.0969 56
0.1245 56
0.1523 56
0.1799 56
0.2076 56
0.2352 56
0.2628 56
0.2905 56
0.3182 56
0.3457 56
0.3733 56
0.4009 56
0.4285 56
0.4560 56
0.4837 56
0.5113 56
0.5389 56
0.5666 56
0.5954 56
0.6239 56
0.6522 56
0.6801 56
0.7079 56
0.7355 56
0.7632 56
0.7911 56
0.8193 56
0.8473 56
0.8750 56
0.9027 56
0.9303 56
0.9579 56
0.9855 56
1.0131 56
1.0407 56
1.0683 56
1.0963 56
1.1241 56
1.1517 56
1.1793 56
1.2069 56
1.2346 56
1.2622 56
1.2899 56
1.3189 56
1.3473 56
1.3760 56
1.4045 56
1.4329 56
1.4608 56
1.4885 56
1.5161 56
1.5438 56
1.5714 56
1.5990 56
1.6268 56
1.6544 56
1.6820 56
1.7098 56
1.7380 56
1.7660 56
1.7937 56
1.8226 56
1.8508 56
1.8785 56
1.9062 56
1.9339 56
1.9615 56
1.9892 56
2.0168 56
2.0444 56
2.0720 56
2.0999 56
2.1279 56
2.1556 56
2.1832 56
2.2108 56
2.2383 56
2.2659 56
2.2936 56
2.3213 56
2.3489 56
2.3767 56
2.4043 56
2.4320 56
2.4596 56
2.4872 56
2.5149 56
2.5424 56
2.5700 56
2.5976 56
2.6256 56
2.6532 56
2.6809 56
2.7089 56
2.7365 56
2.7641 56
2.7920 56
2.8206 56
2.8482 56
