0.0000 6
0.0109 6
0.0197 6
0.0284 6
0.0372 6
0.0467 6
0.0556 6
0.0645 6
0.0734 6
0.0824 6
0.0913 6
0.1002 6
0.1091 6
0.1180 6
0.1268 6
0.1356 6
0.1443 6
0.1531 6
0.1618 6
0.1705 6
0.1792 6
0.1879 6
0.1967 6
0.2055 6
0.2143 6
0.2230 6
0.2317 6
0.2405 6
0.2492 6
0.2579 6
0.2667 6
0.2754 6
0.2841 6
0.2928 6
0.3015 6
0.3102 6
0.3190 6
0.3278 6
0.3365 6
0.3454 6
0.3541 6
0.3628 6
0.3716 6
0.3803 6
0.3890 6
0.3978 6
0.4066 6
0.4156 6
0.4245 6
0.4334 6
0.4423 6
0.4512 6
0.4601 6
0.4690 6
0.4779 6
0.4866 6
0.4953 6
0.5041 6
0.5128 6
0.5215 6
0.5302 6
0.5390 6
0.5477 6
0.5568 6
0.5656 6
0.5744 6
0.5831 6
0.5919 6
0.6010 6
0.6098 6
0.6185 6
0.6272 6
0.6359 6
0.6446 6
0.6533 6
0.6620 6
0.6707 6
0.6795 6
0.6882 6
0.6970 6
0.7057 6
0.7144 6
0.7231 6
0.7318 6
0.7406 6
0.7495 6
0.7584 6
0.7672 6
0.7759 6
0.7846 6
0.7933 6
0.8020 6
0.8108 6
0.8195 6
0.8282 6
0.8370 6
0.8456 6
0.8543 6
0.8630 6
0.8717 6
0.8804 6
