0.0000 56
0.1053 56
0.1335 56
0.1612 56
0.1889 56
0.2167 56
0.2445 56
0.2723 56
0.3000 56
0.3279 56
0.3559 56
0.3836 56
0.4113 56
0.4390 56
0.4672 56
0.4949 56
0.5233 56
0.5513 56
0.5790 56
0.6068 56
0.6345 56
0.6623 56
0.6901 56
0.7178 56
0.7456 56
0.7733 56
0.8010 56
0.8289 56
0.8574 56
0.8859 56
0.9142 56
0.9423 56
0.9700 56
0.9977 56
1.0254 56
1.0532 56
1.0810 56
1.1087 56
1.1364 56
1.1643 56
1.1920 56
1.2198 56
1.2474 56
1.2752 56
1.3029 56
1.3308 56
1.3586 56
1.3863 56
1.4141 56
1.4418 56
1.4699 56
1.4977 56
1.5259 56
1.5538 56
1.5815 56
1.6091 56
1.6370 56
1.6650 56
1.6931 56
1.7208 56
1.7485 56
1.7762 56
1.8039 56
1.8318 56
1.8595 56
1.8873 56
1.9150 56
1.9427 56
1.9705 56
1.9983 56
2.0260 56
2.0537 56
2.0814 56
2.1092 56
2.1370 56
2.1648 56
2.1926 56
2.2208 56
2.2485 56
2.2763 56
2.3041 56
2.3320 56
2.3598 56
2.3875 56
2.4152 56
2.4430 56
2.4714 56
2.4994 56
2.5276 56
2.5553 56
2.5832 56
2.6110 56
2.6387 56
2.6664 56
2.6941 56
2.7220 56
2.7497 56
2.7774 56
2.8052 56
2.8331 56
2.8608 56
