0.0000 6
0.0097 6
0.0179 6
0.0260 6
0.0340 6
0.0420 6
0.0500 6
0.0581 6
0.0661 6
0.0741 6
0.0821 6
0.0902 6
0.0982 6
0.1063 6
0.1143 6
0.1224 6
0.1307 6
0.1388 6
0.1468 6
0.1548 6
0.1628 6
0.1709 6
0.1789 6
0.1869 6
0.1949 6
0.2030 6
0.2111 6
0.2191 6
0.2271 6
0.2351 6
0.2431 6
0.2512 6
0.2592 6
0.2672 6
0.2753 6
0.2833 6
0.2913 6
0.2993 6
0.3073 6
0.3154 6
0.3234 6
0.3315 6
0.3395 6
0.3475 6
0.3556 6
0.3636 6
0.3716 6
0.3796 6
0.3876 6
0.3956 6
0.4037 6
0.4121 6
0.4201 6
0.4281 6
0.4361 6
0.4441 6
0.4528 6
0.4609 6
0.4690 6
0.4770 6
0.4851 6
0.4931 6
0.5011 6
0.5091 6
0.5171 6
0.5252 6
0.5333 6
0.5413 6
0.5493 6
0.5573 6
0.5654 6
0.5734 6
0.5814 6
0.5894 6
0.5974 6
0.6054 6
0.6136 6
0.6216 6
0.6296 6
0.6376 6
0.6456 6
0.6536 6
0.6616 6
0.6697 6
0.6777 6
0.6857 6
0.6937 6
0.7017 6
0.7097 6
0.7178 6
0.7258 6
0.7338 6
0.7419 6
0.7499 6
0.7579 6
0.7659 6
0.7744 6
0.7827 6
0.7910 6
0.7993 6
0.8075 6
