0.0000 319
0.3689 319
0.4087 319
0.4486 319
0.4884 319
0.5283 319
0.5684 319
0.6081 319
0.6481 319
0.6879 319
0.7277 319
0.7675 319
0.8073 319
0.8470 319
0.8868 319
0.9267 319
0.9665 319
1.0062 319
1.0461 319
1.0861 319
1.1260 319
1.1661 319
1.2063 319
1.2485 319
1.2892 319
1.3295 319
1.3693 319
1.4091 319
1.4498 319
1.4904 319
1.5302 319
1.5700 319
1.6099 319
1.6496 319
1.6894 319
1.7293 319
1.7690 319
1.8088 319
1.8486 319
1.8895 319
1.9293 319
1.9691 319
2.0089 319
2.0486 319
2.0886 319
2.1285 319
2.1688 319
2.2092 319
2.2491 319
2.2890 319
2.3289 319
2.3691 319
2.4089 319
2.4487 319
2.4885 319
2.5283 319
2.5681 319
2.6081 319
2.6481 319
2.6880 319
2.7278 319
2.7676 319
2.8074 319
2.8472 319
2.8873 319
2.9271 319
2.9670 319
3.0071 319
3.0471 319
3.0870 319
3.1268 319
3.1670 319
3.2074 319
3.2472 319
3.2871 319
3.3269 319
3.3668 319
3.4067 319
3.4470 319
3.4871 319
3.5270 319
3.5669 319
3.6069 319
3.6466 319
3.6865 319
3.7262 319
3.7661 319
3.8061 319
3.8459 319
3.8857 319
3.9257 319
3.9656 319
4.0053 319
4.0453 319
4.0851 319
4.1249 319
4.1652 319
4.2054 319
4.2452 319
4.2850 319
4.3248 319
