0.0000 7
0.0192 7
0.0328 7
0.0464 7
0.0603 7
0.0739 7
0.0875 7
0.1010 7
0.1146 7
0.1282 7
0.1419 7
0.1556 7
0.1692 7
0.1828 7
0.1964 7
0.2102 7
0.2239 7
0.2375 7
0.2511 7
0.2647 7
0.2784 7
0.2922 7
0.3058 7
0.3194 7
0.3330 7
0.3471 7
0.3607 7
0.3743 7
0.3885 7
0.4021 7
0.4157 7
0.4293 7
0.4429 7
0.4566 7
0.4702 7
0.4839 7
0.4975 7
0.5115 7
0.5251 7
0.5387 7
0.5524 7
0.5660 7
0.5796 7
0.5932 7
0.6068 7
0.6204 7
0.6341 7
0.6477 7
0.6613 7
0.6750 7
0.6886 7
0.7022 7
0.7159 7
0.7295 7
0.7431 7
0.7567 7
0.7703 7
0.7839 7
0.7975 7
0.8111 7
0.8247 7
0.8382 7
0.8519 7
0.8655 7
0.8791 7
0.8927 7
0.9063 7
0.9199 7
0.9336 7
0.9471 7
0.9608 7
0.9744 7
0.9880 7
1.0016 7
1.0152 7
1.0288 7
1.0425 7
1.0561 7
1.0697 7
1.0834 7
1.0969 7
1.1105 7
1.1245 7
1.1389 7
1.1528 7
1.1665 7
1.1801 7
1.1937 7
1.2074 7
1.2212 7
1.2352 7
1.2489 7
1.2632 7
1.2769 7
1.2905 7
1.3041 7
1.3177 7
1.3313 7
1.3453 7
1.3589 7
1.3725 7
