0.0000 319
0.3657 319
0.4056 319
0.4455 319
0.4857 319
0.5257 319
0.5656 319
0.6055 319
0.6458 319
0.6862 319
0.7262 319
0.7661 319
0.8063 319
0.8462 319
0.8861 319
0.9261 319
0.9661 319
1.0062 319
1.0462 319
1.0863 319
1.1264 319
1.1664 319
1.2064 319
1.2463 319
1.2864 319
1.3267 319
1.3677 319
1.4078 319
1.4478 319
1.4882 319
1.5282 319
1.5682 319
1.6082 319
1.6487 319
1.6893 319
1.7294 319
1.7694 319
1.8096 319
1.8501 319
1.8901 319
1.9301 319
1.9704 319
2.0106 319
2.0506 319
2.0906 319
2.1306 319
2.1706 319
2.2105 319
2.2505 319
2.2906 319
2.3306 319
2.3707 319
2.4113 319
2.4513 319
2.4917 319
2.5318 319
2.5718 319
2.6121 319
2.6523 319
2.6931 319
2.7333 319
2.7734 319
2.8134 319
2.8536 319
2.8938 319
2.9338 319
2.9740 319
3.0145 319
3.0546 319
3.0949 319
3.1351 319
3.1752 319
3.2152 319
3.2552 319
3.2952 319
3.3352 319
3.3762 319
3.4163 319
3.4564 319
3.4968 319
3.5368 319
3.5767 319
3.6173 319
3.6580 319
3.6984 319
3.7385 319
3.7785 319
3.8185 319
3.8587 319
3.8988 319
3.9388 319
3.9790 319
4.0192 319
4.0592 319
4.0993 319
4.1393 319
4.1793 319
4.2193 319
4.2593 319
4.2993 319
4.3393 319
