0.0000 8
0.0123 8
0.0216 8
0.0307 8
0.0398 8
0.0490 8
0.0581 8
0.0672 8
0.0764 8
0.0855 8
0.0946 8
0.1037 8
0.1128 8
0.1219 8
0.1311 8
0.1402 8
0.1494 8
0.1585 8
0.1679 8
0.1771 8
0.1862 8
0.1953 8
0.2045 8
0.2138 8
0.2229 8
0.2320 8
0.2412 8
0.2503 8
0.2594 8
0.2686 8
0.2776 8
0.2868 8
0.2959 8
0.3051 8
0.3142 8
0.3234 8
0.3325 8
0.3416 8
0.3507 8
0.3599 8
0.3691 8
0.3782 8
0.3873 8
0.3964 8
0.4056 8
0.4147 8
0.4238 8
0.4329 8
0.4420 8
0.4511 8
0.4602 8
0.4693 8
0.4785 8
0.4876 8
0.4967 8
0.5058 8
0.5149 8
0.5241 8
0.5332 8
0.5424 8
0.5515 8
0.5606 8
0.5702 8
0.5799 8
0.5894 8
0.5987 8
0.6082 8
0.6176 8
0.6270 8
0.6365 8
0.6458 8
0.6552 8
0.6647 8
0.6740 8
0.6834 8
0.6925 8
0.7016 8
0.7108 8
0.7201 8
0.7294 8
0.7385 8
0.7476 8
0.7567 8
0.7659 8
0.7750 8
0.7841 8
0.7932 8
0.8023 8
0.8115 8
0.8206 8
0.8297 8
0.8389 8
0.8480 8
0.8575 8
0.8666 8
0.8757 8
0.8848 8
0.8941 8
0.9037 8
0.9128 8
0.9219 8
