0.0000 56
0.1027 56
0.1352 56
0.1675 56
0.2002 56
0.2331 56
0.2653 56
0.2976 56
0.3298 56
0.3621 56
0.3943 56
0.4266 56
0.4589 56
0.4913 56
0.5236 56
0.5562 56
0.5885 56
0.6208 56
0.6530 56
0.6853 56
0.7175 56
0.7498 56
0.7821 56
0.8150 56
0.8473 56
0.8796 56
0.9118 56
0.9440 56
0.9762 56
1.0085 56
1.0407 56
1.0731 56
1.1054 56
1.1377 56
1.1706 56
1.2044 56
1.2381 56
1.2713 56
1.3038 56
1.3362 56
1.3684 56
1.4006 56
1.4329 56
1.4652 56
1.4976 56
1.5300 56
1.5624 56
1.5947 56
1.6271 56
1.6593 56
1.6916 56
1.7239 56
1.7561 56
1.7884 56
1.8208 56
1.8533 56
1.8855 56
1.9177 56
1.9500 56
1.9822 56
2.0144 56
2.0467 56
2.0791 56
2.1113 56
2.1436 56
2.1764 56
2.2090 56
2.2419 56
2.2741 56
2.3064 56
2.3386 56
2.3709 56
2.4032 56
2.4355 56
2.4679 56
2.5003 56
2.5326 56
2.5650 56
2.5972 56
2.6297 56
2.6619 56
2.6941 56
2.7264 56
2.7586 56
2.7909 56
2.8232 56
2.8554 56
2.8876 56
2.9199 56
2.9522 56
2.9845 56
3.0167 56
3.0491 56
3.0814 56
3.1137 56
3.1461 56
3.1787 56
3.2111 56
3.2444 56
3.2775 56
3.3104 56
