0.0000 319
0.3677 319
0.4084 319
0.4490 319
0.4891 319
0.5290 319
0.5691 319
0.6092 319
0.6491 319
0.6891 319
0.7304 319
0.7718 319
0.8130 319
0.8534 319
0.8936 319
0.9344 319
0.9745 319
1.0147 319
1.0547 319
1.0950 319
1.1350 319
1.1750 319
1.2151 319
1.2553 319
1.2953 319
1.3353 319
1.3753 319
1.4162 319
1.4568 319
1.4969 319
1.5369 319
1.5770 319
1.6172 319
1.6573 319
1.6973 319
1.7375 319
1.7776 319
1.8178 319
1.8578 319
1.8978 319
1.9378 319
1.9778 319
2.0180 319
2.0580 319
2.0981 319
2.1383 319
2.1784 319
2.2185 319
2.2588 319
2.2988 319
2.3389 319
2.3789 319
2.4195 319
2.4602 319
2.5003 319
2.5403 319
2.5804 319
2.6205 319
2.6606 319
2.7006 319
2.7409 319
2.7810 319
2.8210 319
2.8611 319
2.9014 319
2.9419 319
2.9823 319
3.0224 319
3.0626 319
3.1026 319
3.1427 319
3.1827 319
3.2228 319
3.2629 319
3.3032 319
3.3434 319
3.3839 319
3.4245 319
3.4648 319
3.5050 319
3.5450 319
3.5854 319
3.6259 319
3.6661 319
3.7070 319
3.7470 319
3.7870 319
3.8271 319
3.8673 319
3.9073 319
3.9474 319
3.9874 319
4.0274 319
4.0675 319
4.1075 319
4.1477 319
4.1881 319
4.2291 319
4.2698 319
4.3102 319
4.3503 319
