0.0000 7
0.0192 7
0.0328 7
0.0465 7
0.0602 7
0.0738 7
0.0877 7
0.1015 7
0.1152 7
0.1288 7
0.1424 7
0.1560 7
0.1697 7
0.1833 7
0.1969 7
0.2106 7
0.2242 7
0.2378 7
0.2514 7
0.2650 7
0.2786 7
0.2923 7
0.3061 7
0.3198 7
0.3338 7
0.3474 7
0.3611 7
0.3747 7
0.3883 7
0.4020 7
0.4156 7
0.4292 7
0.4428 7
0.4565 7
0.4701 7
0.4837 7
0.4973 7
0.5111 7
0.5247 7
0.5383 7
0.5520 7
0.5656 7
0.5794 7
0.5930 7
0.6067 7
0.6203 7
0.6339 7
0.6475 7
0.6611 7
0.6747 7
0.6883 7
0.7020 7
0.7157 7
0.7293 7
0.7429 7
0.7565 7
0.7702 7
0.7838 7
0.7975 7
0.8112 7
0.8249 7
0.8384 7
0.8521 7
0.8657 7
0.8793 7
0.8929 7
0.9065 7
0.9202 7
0.9346 7
0.9487 7
0.9628 7
0.9771 7
0.9913 7
1.0053 7
1.0192 7
1.0330 7
1.0466 7
1.0602 7
1.0738 7
1.0876 7
1.1012 7
1.1148 7
1.1285 7
1.1422 7
1.1558 7
1.1694 7
1.1830 7
1.1966 7
1.2102 7
1.2238 7
1.2374 7
1.2510 7
1.2646 7
1.2784 7
1.2922 7
1.3061 7
1.3200 7
1.3339 7
1.3475 7
1.3612 7
1.3749 7
