0.0000 8
0.0119 8
0.0201 8
0.0282 8
0.0364 8
0.0445 8
0.0526 8
0.0607 8
0.0688 8
0.0770 8
0.0851 8
0.0932 8
0.1013 8
0.1094 8
0.1175 8
0.1258 8
0.1340 8
0.1422 8
0.1503 8
0.1584 8
0.1666 8
0.1747 8
0.1828 8
0.1909 8
0.1994 8
0.2076 8
0.2157 8
0.2238 8
0.2319 8
0.2400 8
0.2481 8
0.2563 8
0.2644 8
0.2725 8
0.2807 8
0.2890 8
0.2972 8
0.3054 8
0.3135 8
0.3216 8
0.3297 8
0.3379 8
0.3460 8
0.3541 8
0.3623 8
0.3704 8
0.3785 8
0.3866 8
0.3947 8
0.4028 8
0.4109 8
0.4190 8
0.4272 8
0.4353 8
0.4435 8
0.4517 8
0.4598 8
0.4679 8
0.4760 8
0.4841 8
0.4922 8
0.5003 8
0.5084 8
0.5165 8
0.5247 8
0.5328 8
0.5409 8
0.5492 8
0.5573 8
0.5654 8
0.5736 8
0.5822 8
0.5904 8
0.5985 8
0.6067 8
0.6149 8
0.6234 8
0.6316 8
0.6398 8
0.6479 8
0.6560 8
0.6641 8
0.6722 8
0.6803 8
0.6885 8
0.6966 8
0.7047 8
0.7128 8
0.7209 8
0.7290 8
0.7371 8
0.7453 8
0.7535 8
0.7616 8
0.7698 8
0.7780 8
0.7863 8
0.7944 8
0.8025 8
0.8106 8
0.8188 8
