0.0000 7
0.0207 7
0.0354 7
0.0501 7
0.0648 7
0.0795 7
0.0941 7
0.1089 7
0.1235 7
0.1382 7
0.1529 7
0.1676 7
0.1824 7
0.1970 7
0.2118 7
0.2264 7
0.2412 7
0.2559 7
0.2706 7
0.2852 7
0.2999 7
0.3146 7
0.3293 7
0.3441 7
0.3588 7
0.3735 7
0.3882 7
0.4029 7
0.4176 7
0.4322 7
0.4469 7
0.4616 7
0.4766 7
0.4913 7
0.5060 7
0.5211 7
0.5361 7
0.5508 7
0.5656 7
0.5803 7
0.5951 7
0.6099 7
0.6246 7
0.6393 7
0.6543 7
0.6694 7
0.6844 7
0.6990 7
0.7137 7
0.7284 7
0.7432 7
0.7583 7
0.7730 7
0.7881 7
0.8028 7
0.8175 7
0.8322 7
0.8471 7
0.8618 7
0.8765 7
0.8912 7
0.9059 7
0.9207 7
0.9354 7
0.9502 7
0.9649 7
0.9796 7
0.9943 7
1.0091 7
1.0237 7
1.0384 7
1.0531 7
1.0678 7
1.0826 7
1.0972 7
1.1120 7
1.1266 7
1.1414 7
1.1560 7
1.1707 7
1.1855 7
1.2002 7
1.2150 7
1.2297 7
1.2443 7
1.2591 7
1.2737 7
1.2884 7
1.3031 7
1.3177 7
1.3325 7
1.3472 7
1.3619 7
1.3766 7
1.3912 7
1.4060 7
1.4207 7
1.4354 7
1.4500 7
1.4648 7
1.4799 7
