0.0000 7
0.0207 7
0.0360 7
0.0508 7
0.0660 7
0.0806 7
0.0953 7
0.1100 7
0.1246 7
0.1393 7
0.1540 7
0.1687 7
0.1833 7
0.1980 7
0.2127 7
0.2274 7
0.2425 7
0.2577 7
0.2726 7
0.2873 7
0.3019 7
0.3166 7
0.3313 7
0.3460 7
0.3607 7
0.3754 7
0.3902 7
0.4050 7
0.4197 7
0.4345 7
0.4492 7
0.4640 7
0.4786 7
0.4933 7
0.5081 7
0.5227 7
0.5375 7
0.5522 7
0.5669 7
0.5816 7
0.5962 7
0.6109 7
0.6256 7
0.6404 7
0.6551 7
0.6698 7
0.6845 7
0.6992 7
0.7139 7
0.7286 7
0.7433 7
0.7579 7
0.7726 7
0.7873 7
0.8020 7
0.8167 7
0.8314 7
0.8462 7
0.8608 7
0.8755 7
0.8901 7
0.9048 7
0.9197 7
0.9344 7
0.9490 7
0.9637 7
0.9783 7
0.9930 7
1.0077 7
1.0228 7
1.0375 7
1.0522 7
1.0674 7
1.0821 7
1.0968 7
1.1115 7
1.1262 7
1.1409 7
1.1556 7
1.1703 7
1.1850 7
1.1999 7
1.2149 7
1.2296 7
1.2443 7
1.2590 7
1.2737 7
1.2884 7
1.3031 7
1.3179 7
1.3326 7
1.3472 7
1.3619 7
1.3766 7
1.3915 7
1.4062 7
1.4209 7
1.4356 7
1.4504 7
1.4650 7
1.4797 7
