0.0000 6
0.0109 6
0.0196 6
0.0283 6
0.0371 6
0.0459 6
0.0546 6
0.0634 6
0.0721 6
0.0813 6
0.0903 6
0.0992 6
0.1081 6
0.1171 6
0.1261 6
0.1350 6
0.1440 6
0.1528 6
0.1616 6
0.1703 6
0.1791 6
0.1878 6
0.1966 6
0.2054 6
0.2142 6
0.2230 6
0.2318 6
0.2405 6
0.2493 6
0.2581 6
0.2669 6
0.2756 6
0.2844 6
0.2932 6
0.3020 6
0.3107 6
0.3194 6
0.3282 6
0.3370 6
0.3457 6
0.3544 6
0.3632 6
0.3720 6
0.3809 6
0.3897 6
0.3986 6
0.4073 6
0.4161 6
0.4249 6
0.4337 6
0.4424 6
0.4512 6
0.4599 6
0.4687 6
0.4774 6
0.4862 6
0.4949 6
0.5037 6
0.5125 6
0.5212 6
0.5300 6
0.5387 6
0.5475 6
0.5563 6
0.5651 6
0.5738 6
0.5826 6
0.5913 6
0.6002 6
0.6089 6
0.6177 6
0.6264 6
0.6352 6
0.6439 6
0.6527 6
0.6616 6
0.6704 6
0.6791 6
0.6879 6
0.6967 6
0.7054 6
0.7142 6
0.7229 6
0.7317 6
0.7404 6
0.7493 6
0.7580 6
0.7667 6
0.7755 6
0.7843 6
0.7930 6
0.8018 6
0.8106 6
0.8193 6
0.8281 6
0.8369 6
0.8456 6
0.8544 6
0.8631 6
0.8719 6
0.8806 6
