0.0000 7
0.0205 7
0.0355 7
0.0503 7
0.0650 7
0.0798 7
0.0946 7
0.1093 7
0.1241 7
0.1390 7
0.1538 7
0.1686 7
0.1835 7
0.1983 7
0.2131 7
0.2279 7
0.2426 7
0.2578 7
0.2727 7
0.2874 7
0.3026 7
0.3174 7
0.3322 7
0.3469 7
0.3616 7
0.3769 7
0.3917 7
0.4066 7
0.4216 7
0.4364 7
0.4515 7
0.4665 7
0.4814 7
0.4962 7
0.5109 7
0.5258 7
0.5406 7
0.5554 7
0.5702 7
0.5850 7
0.5998 7
0.6145 7
0.6294 7
0.6443 7
0.6591 7
0.6738 7
0.6886 7
0.7034 7
0.7182 7
0.7329 7
0.7477 7
0.7625 7
0.7773 7
0.7921 7
0.8068 7
0.8216 7
0.8363 7
0.8511 7
0.8658 7
0.8806 7
0.8954 7
0.9102 7
0.9249 7
0.9397 7
0.9545 7
0.9693 7
0.9841 7
0.9989 7
1.0136 7
1.0283 7
1.0430 7
1.0578 7
1.0725 7
1.0873 7
1.1022 7
1.1173 7
1.1324 7
1.1474 7
1.1624 7
1.1773 7
1.1921 7
1.2068 7
1.2216 7
1.2363 7
1.2511 7
1.2663 7
1.2812 7
1.2965 7
1.3119 7
1.3268 7
1.3415 7
1.3563 7
1.3710 7
1.3861 7
1.4010 7
1.4158 7
1.4305 7
1.4453 7
1.4600 7
1.4748 7
1.4895 7
