0.0000 8
0.0113 8
0.0196 8
0.0278 8
0.0359 8
0.0440 8
0.0520 8
0.0601 8
0.0682 8
0.0762 8
0.0843 8
0.0924 8
0.1005 8
0.1086 8
0.1167 8
0.1247 8
0.1328 8
0.1409 8
0.1490 8
0.1571 8
0.1651 8
0.1732 8
0.1813 8
0.1895 8
0.1975 8
0.2057 8
0.2138 8
0.2218 8
0.2299 8
0.2380 8
0.2460 8
0.2541 8
0.2622 8
0.2702 8
0.2783 8
0.2864 8
0.2944 8
0.3026 8
0.3107 8
0.3189 8
0.3270 8
0.3351 8
0.3433 8
0.3513 8
0.3594 8
0.3675 8
0.3755 8
0.3836 8
0.3917 8
0.3998 8
0.4078 8
0.4159 8
0.4239 8
0.4320 8
0.4401 8
0.4481 8
0.4562 8
0.4642 8
0.4723 8
0.4803 8
0.4884 8
0.4964 8
0.5045 8
0.5126 8
0.5207 8
0.5287 8
0.5368 8
0.5449 8
0.5530 8
0.5610 8
0.5691 8
0.5776 8
0.5857 8
0.5938 8
0.6018 8
0.6099 8
0.6179 8
0.6260 8
0.6341 8
0.6421 8
0.6502 8
0.6582 8
0.6664 8
0.6744 8
0.6824 8
0.6905 8
0.6986 8
0.7067 8
0.7147 8
0.7228 8
0.7308 8
0.7389 8
0.7471 8
0.7551 8
0.7632 8
0.7712 8
0.7793 8
0.7874 8
0.7955 8
0.8036 8
0.8118 8
