0.0000 6
0.0097 6
0.0180 6
0.0261 6
0.0341 6
0.0422 6
0.0502 6
0.0583 6
0.0663 6
0.0747 6
0.0827 6
0.0908 6
0.0988 6
0.1068 6
0.1151 6
0.1231 6
0.1312 6
0.1392 6
0.1472 6
0.1552 6
0.1632 6
0.1712 6
0.1792 6
0.1872 6
0.1952 6
0.2032 6
0.2112 6
0.2192 6
0.2272 6
0.2352 6
0.2432 6
0.2512 6
0.2592 6
0.2672 6
0.2753 6
0.2832 6
0.2912 6
0.2992 6
0.3072 6
0.3152 6
0.3232 6
0.3312 6
0.3392 6
0.3472 6
0.3552 6
0.3632 6
0.3712 6
0.3792 6
0.3878 6
0.3961 6
0.4042 6
0.4124 6
0.4206 6
0.4286 6
0.4366 6
0.4446 6
0.4526 6
0.4607 6
0.4687 6
0.4767 6
0.4847 6
0.4927 6
0.5007 6
0.5087 6
0.5167 6
0.5247 6
0.5327 6
0.5407 6
0.5487 6
0.5567 6
0.5647 6
0.5727 6
0.5806 6
0.5886 6
0.5966 6
0.6047 6
0.6127 6
0.6208 6
0.6288 6
0.6368 6
0.6448 6
0.6528 6
0.6607 6
0.6687 6
0.6770 6
0.6853 6
0.6936 6
0.7018 6
0.7099 6
0.7181 6
0.7263 6
0.7345 6
0.7426 6
0.7508 6
0.7590 6
0.7672 6
0.7753 6
0.7834 6
0.7913 6
0.7993 6
0.8073 6
