0.0000 8
0.0112 8
0.0193 8
0.0274 8
0.0354 8
0.0435 8
0.0516 8
0.0596 8
0.0677 8
0.0757 8
0.0837 8
0.0918 8
0.0998 8
0.1079 8
0.1160 8
0.1249 8
0.1332 8
0.1415 8
0.1499 8
0.1582 8
0.1667 8
0.1751 8
0.1834 8
0.1916 8
0.1998 8
0.2081 8
0.2164 8
0.2245 8
0.2326 8
0.2406 8
0.2487 8
0.2568 8
0.2648 8
0.2729 8
0.2809 8
0.2890 8
0.2971 8
0.3051 8
0.3132 8
0.3213 8
0.3293 8
0.3374 8
0.3455 8
0.3536 8
0.3616 8
0.3697 8
0.3778 8
0.3859 8
0.3939 8
0.4020 8
0.4100 8
0.4181 8
0.4262 8
0.4342 8
0.4423 8
0.4504 8
0.4584 8
0.4666 8
0.4748 8
0.4830 8
0.4911 8
0.4993 8
0.5074 8
0.5155 8
0.5235 8
0.5316 8
0.5397 8
0.5478 8
0.5558 8
0.5639 8
0.5719 8
0.5800 8
0.5880 8
0.5961 8
0.6042 8
0.6122 8
0.6207 8
0.6311 8
0.6393 8
0.6476 8
0.6557 8
0.6639 8
0.6720 8
0.6801 8
0.6881 8
0.6962 8
0.7043 8
0.7123 8
0.7203 8
0.7284 8
0.7364 8
0.7446 8
0.7527 8
0.7608 8
0.7688 8
0.7771 8
0.7852 8
0.7933 8
0.8014 8
0.8094 8
0.8175 8
