0.0000 319
0.3697 319
0.4097 319
0.4497 319
0.4897 319
0.5297 319
0.5698 319
0.6097 319
0.6497 319
0.6897 319
0.7297 319
0.7696 319
0.8096 319
0.8506 319
0.8908 319
0.9308 319
0.9710 319
1.0115 319
1.0518 319
1.0919 319
1.1323 319
1.1723 319
1.2123 319
1.2523 319
1.2922 319
1.3322 319
1.3724 319
1.4124 319
1.4524 319
1.4925 319
1.5325 319
1.5725 319
1.6128 319
1.6535 319
1.6945 319
1.7347 319
1.7747 319
1.8147 319
1.8548 319
1.8948 319
1.9349 319
1.9760 319
2.0166 319
2.0566 319
2.0966 319
2.1368 319
2.1773 319
2.2173 319
2.2573 319
2.2973 319
2.3376 319
2.3778 319
2.4178 319
2.4578 319
2.4978 319
2.5377 319
2.5777 319
2.6177 319
2.6578 319
2.6978 319
2.7378 319
2.7778 319
2.8177 319
2.8579 319
2.8978 319
2.9378 319
2.9783 319
3.0190 319
3.0590 319
3.0990 319
3.1390 319
3.1793 319
3.2192 319
3.2592 319
3.3000 319
3.3418 319
3.3829 319
3.4242 319
3.4642 319
3.5043 319
3.5444 319
3.5845 319
3.6245 319
3.6650 319
3.7059 319
3.7462 319
3.7862 319
3.8263 319
3.8664 319
3.9063 319
3.9463 319
3.9871 319
4.0276 319
4.0677 319
4.1077 319
4.1479 319
4.1879 319
4.2279 319
4.2680 319
4.3081 319
4.3485 319
