0.0000 319
0.3904 319
0.4548 319
0.5190 319
0.5825 319
0.6472 319
0.7118 319
0.7755 319
0.8391 319
0.9029 319
0.9666 319
1.0307 319
1.0944 319
1.1582 319
1.2220 319
1.2859 319
1.3496 319
1.4133 319
1.4773 319
1.5412 319
1.6054 319
1.6698 319
1.7335 319
1.7973 319
1.8612 319
1.9250 319
1.9891 319
2.0529 319
2.1167 319
2.1804 319
2.2452 319
2.3093 319
2.3730 319
2.4370 319
2.5022 319
2.5662 319
2.6307 319
2.6954 319
2.7591 319
2.8228 319
2.8867 319
2.9504 319
3.0141 319
3.0779 319
3.1417 319
3.2055 319
3.2695 319
3.3333 319
3.3971 319
3.4609 319
3.5248 319
3.5886 319
3.6540 319
3.7180 319
3.7819 319
3.8460 319
3.9099 319
3.9737 319
4.0374 319
4.1013 319
4.1651 319
4.2289 319
4.2928 319
4.3567 319
4.4205 319
4.4851 319
4.5500 319
4.6141 319
4.6787 319
4.7427 319
4.8064 319
4.8703 319
4.9341 319
4.9979 319
5.0617 319
5.1256 319
5.1894 319
5.2532 319
5.3171 319
5.3809 319
5.4448 319
5.5087 319
5.5726 319
5.6369 319
5.7013 319
5.7654 319
5.8292 319
5.8932 319
5.9572 319
6.0212 319
6.0852 319
6.1493 319
6.2133 319
6.2772 319
6.3413 319
6.4053 319
6.4692 319
6.5348 319
6.5990 319
6.6639 319
6.7277 319
