0.0000 6
0.0097 6
0.0177 6
0.0258 6
0.0338 6
0.0418 6
0.0497 6
0.0577 6
0.0657 6
0.0737 6
0.0817 6
0.0897 6
0.0977 6
0.1057 6
0.1138 6
0.1220 6
0.1301 6
0.1381 6
0.1462 6
0.1542 6
0.1624 6
0.1704 6
0.1784 6
0.1863 6
0.1943 6
0.2023 6
0.2106 6
0.2187 6
0.2267 6
0.2347 6
0.2427 6
0.2507 6
0.2587 6
0.2667 6
0.2747 6
0.2827 6
0.2907 6
0.2987 6
0.3067 6
0.3147 6
0.3227 6
0.3307 6
0.3387 6
0.3466 6
0.3546 6
0.3626 6
0.3706 6
0.3786 6
0.3866 6
0.3946 6
0.4030 6
0.4110 6
0.4189 6
0.4270 6
0.4350 6
0.4430 6
0.4510 6
0.4590 6
0.4670 6
0.4750 6
0.4831 6
0.4911 6
0.4991 6
0.5070 6
0.5150 6
0.5230 6
0.5310 6
0.5390 6
0.5470 6
0.5550 6
0.5630 6
0.5710 6
0.5790 6
0.5870 6
0.5950 6
0.6030 6
0.6110 6
0.6190 6
0.6269 6
0.6352 6
0.6432 6
0.6512 6
0.6592 6
0.6671 6
0.6751 6
0.6831 6
0.6911 6
0.6991 6
0.7071 6
0.7150 6
0.7230 6
0.7310 6
0.7390 6
0.7470 6
0.7550 6
0.7630 6
0.7710 6
0.7790 6
0.7871 6
0.7951 6
0.8032 6
