0.0000 8
0.0114 8
0.0196 8
0.0276 8
0.0357 8
0.0437 8
0.0518 8
0.0598 8
0.0679 8
0.0759 8
0.0840 8
0.0923 8
0.1010 8
0.1092 8
0.1175 8
0.1257 8
0.1338 8
0.1419 8
0.1500 8
0.1580 8
0.1661 8
0.1742 8
0.1823 8
0.1903 8
0.1984 8
0.2064 8
0.2145 8
0.2226 8
0.2306 8
0.2386 8
0.2467 8
0.2547 8
0.2628 8
0.2708 8
0.2791 8
0.2871 8
0.2952 8
0.3032 8
0.3113 8
0.3193 8
0.3274 8
0.3354 8
0.3435 8
0.3515 8
0.3596 8
0.3676 8
0.3757 8
0.3837 8
0.3918 8
0.4000 8
0.4080 8
0.4162 8
0.4242 8
0.4323 8
0.4404 8
0.4485 8
0.4566 8
0.4647 8
0.4728 8
0.4808 8
0.4889 8
0.4970 8
0.5050 8
0.5132 8
0.5215 8
0.5296 8
0.5377 8
0.5459 8
0.5539 8
0.5625 8
0.5705 8
0.5786 8
0.5866 8
0.5947 8
0.6027 8
0.6108 8
0.6189 8
0.6269 8
0.6350 8
0.6430 8
0.6510 8
0.6591 8
0.6671 8
0.6752 8
0.6832 8
0.6913 8
0.6993 8
0.7073 8
0.7154 8
0.7234 8
0.7315 8
0.7395 8
0.7476 8
0.7557 8
0.7637 8
0.7718 8
0.7798 8
0.7879 8
0.7960 8
0.8041 8
0.8121 8
