0.0000 6
0.0105 6
0.0193 6
0.0281 6
0.0369 6
0.0456 6
0.0544 6
0.0632 6
0.0719 6
0.0807 6
0.0895 6
0.0983 6
0.1070 6
0.1158 6
0.1246 6
0.1333 6
0.1420 6
0.1508 6
0.1595 6
0.1683 6
0.1770 6
0.1858 6
0.1945 6
0.2033 6
0.2121 6
0.2208 6
0.2296 6
0.2384 6
0.2472 6
0.2560 6
0.2648 6
0.2736 6
0.2824 6
0.2912 6
0.3000 6
0.3087 6
0.3175 6
0.3263 6
0.3351 6
0.3438 6
0.3525 6
0.3613 6
0.3701 6
0.3788 6
0.3875 6
0.3963 6
0.4050 6
0.4138 6
0.4226 6
0.4313 6
0.4403 6
0.4491 6
0.4579 6
0.4667 6
0.4757 6
0.4847 6
0.4936 6
0.5024 6
0.5112 6
0.5200 6
0.5287 6
0.5374 6
0.5462 6
0.5549 6
0.5637 6
0.5725 6
0.5812 6
0.5900 6
0.5988 6
0.6075 6
0.6163 6
0.6251 6
0.6338 6
0.6426 6
0.6513 6
0.6601 6
0.6689 6
0.6777 6
0.6864 6
0.6952 6
0.7039 6
0.7127 6
0.7214 6
0.7302 6
0.7389 6
0.7476 6
0.7564 6
0.7652 6
0.7739 6
0.7827 6
0.7914 6
0.8003 6
0.8093 6
0.8183 6
0.8271 6
0.8358 6
0.8445 6
0.8533 6
0.8620 6
0.8708 6
0.8797 6
