0.0000 7
0.0200 7
0.0336 7
0.0474 7
0.0610 7
0.0746 7
0.0890 7
0.1033 7
0.1172 7
0.1308 7
0.1445 7
0.1581 7
0.1717 7
0.1855 7
0.1994 7
0.2131 7
0.2270 7
0.2410 7
0.2546 7
0.2683 7
0.2819 7
0.2955 7
0.3091 7
0.3227 7
0.3363 7
0.3500 7
0.3636 7
0.3772 7
0.3908 7
0.4045 7
0.4181 7
0.4317 7
0.4454 7
0.4590 7
0.4726 7
0.4862 7
0.4998 7
0.5137 7
0.5273 7
0.5411 7
0.5549 7
0.5686 7
0.5824 7
0.5961 7
0.6099 7
0.6235 7
0.6371 7
0.6507 7
0.6644 7
0.6780 7
0.6916 7
0.7053 7
0.7189 7
0.7326 7
0.7462 7
0.7598 7
0.7734 7
0.7870 7
0.8006 7
0.8143 7
0.8279 7
0.8415 7
0.8551 7
0.8687 7
0.8823 7
0.8959 7
0.9096 7
0.9232 7
0.9368 7
0.9504 7
0.9640 7
0.9777 7
0.9913 7
1.0049 7
1.0186 7
1.0323 7
1.0461 7
1.0597 7
1.0733 7
1.0869 7
1.1005 7
1.1142 7
1.1278 7
1.1415 7
1.1551 7
1.1687 7
1.1823 7
1.1964 7
1.2100 7
1.2237 7
1.2378 7
1.2514 7
1.2651 7
1.2789 7
1.2927 7
1.3063 7
1.3199 7
1.3335 7
1.3471 7
1.3607 7
1.3744 7
