0.0000 6
0.0101 6
0.0183 6
0.0265 6
0.0345 6
0.0426 6
0.0506 6
0.0586 6
0.0666 6
0.0746 6
0.0826 6
0.0906 6
0.0987 6
0.1067 6
0.1147 6
0.1229 6
0.1311 6
0.1393 6
0.1473 6
0.1553 6
0.1633 6
0.1713 6
0.1793 6
0.1873 6
0.1953 6
0.2033 6
0.2115 6
0.2195 6
0.2275 6
0.2355 6
0.2435 6
0.2515 6
0.2596 6
0.2680 6
0.2760 6
0.2840 6
0.2920 6
0.3001 6
0.3084 6
0.3164 6
0.3244 6
0.3324 6
0.3405 6
0.3485 6
0.3566 6
0.3646 6
0.3726 6
0.3806 6
0.3886 6
0.3966 6
0.4046 6
0.4126 6
0.4206 6
0.4286 6
0.4366 6
0.4447 6
0.4527 6
0.4607 6
0.4687 6
0.4767 6
0.4847 6
0.4928 6
0.5008 6
0.5088 6
0.5168 6
0.5248 6
0.5328 6
0.5408 6
0.5489 6
0.5569 6
0.5649 6
0.5729 6
0.5809 6
0.5889 6
0.5969 6
0.6049 6
0.6129 6
0.6211 6
0.6293 6
0.6375 6
0.6456 6
0.6536 6
0.6616 6
0.6697 6
0.6777 6
0.6857 6
0.6937 6
0.7017 6
0.7097 6
0.7177 6
0.7257 6
0.7337 6
0.7417 6
0.7497 6
0.7577 6
0.7657 6
0.7737 6
0.7817 6
0.7897 6
0.7977 6
0.8057 6
