0.0000 6
0.0099 6
0.0184 6
0.0267 6
0.0350 6
0.0433 6
0.0517 6
0.0599 6
0.0681 6
0.0762 6
0.0842 6
0.0923 6
0.1004 6
0.1084 6
0.1164 6
0.1244 6
0.1325 6
0.1405 6
0.1485 6
0.1565 6
0.1646 6
0.1726 6
0.1806 6
0.1887 6
0.1968 6
0.2048 6
0.2129 6
0.2210 6
0.2290 6
0.2371 6
0.2451 6
0.2531 6
0.2611 6
0.2692 6
0.2772 6
0.2852 6
0.2932 6
0.3012 6
0.3092 6
0.3173 6
0.3253 6
0.3333 6
0.3413 6
0.3493 6
0.3573 6
0.3653 6
0.3733 6
0.3813 6
0.3893 6
0.3973 6
0.4054 6
0.4134 6
0.4214 6
0.4295 6
0.4375 6
0.4455 6
0.4535 6
0.4615 6
0.4696 6
0.4776 6
0.4856 6
0.4937 6
0.5017 6
0.5097 6
0.5177 6
0.5257 6
0.5338 6
0.5418 6
0.5498 6
0.5578 6
0.5658 6
0.5738 6
0.5818 6
0.5899 6
0.5979 6
0.6059 6
0.6139 6
0.6219 6
0.6300 6
0.6380 6
0.6460 6
0.6540 6
0.6620 6
0.6701 6
0.6781 6
0.6861 6
0.6941 6
0.7023 6
0.7104 6
0.7188 6
0.7271 6
0.7355 6
0.7435 6
0.7516 6
0.7596 6
0.7676 6
0.7759 6
0.7839 6
0.7919 6
0.7999 6
0.8079 6
