0.0000 6
0.0097 6
0.0181 6
0.0262 6
0.0343 6
0.0423 6
0.0503 6
0.0586 6
0.0667 6
0.0747 6
0.0827 6
0.0908 6
0.0988 6
0.1068 6
0.1148 6
0.1228 6
0.1308 6
0.1388 6
0.1469 6
0.1549 6
0.1630 6
0.1710 6
0.1790 6
0.1870 6
0.1950 6
0.2030 6
0.2111 6
0.2192 6
0.2272 6
0.2352 6
0.2432 6
0.2512 6
0.2593 6
0.2673 6
0.2754 6
0.2834 6
0.2917 6
0.2997 6
0.3077 6
0.3157 6
0.3238 6
0.3318 6
0.3398 6
0.3478 6
0.3559 6
0.3639 6
0.3719 6
0.3800 6
0.3880 6
0.3960 6
0.4040 6
0.4120 6
0.4200 6
0.4280 6
0.4361 6
0.4441 6
0.4521 6
0.4602 6
0.4682 6
0.4763 6
0.4843 6
0.4923 6
0.5003 6
0.5084 6
0.5164 6
0.5244 6
0.5324 6
0.5404 6
0.5485 6
0.5565 6
0.5646 6
0.5726 6
0.5806 6
0.5886 6
0.5966 6
0.6046 6
0.6127 6
0.6207 6
0.6287 6
0.6368 6
0.6451 6
0.6532 6
0.6612 6
0.6693 6
0.6773 6
0.6855 6
0.6936 6
0.7016 6
0.7096 6
0.7177 6
0.7257 6
0.7337 6
0.7417 6
0.7497 6
0.7578 6
0.7658 6
0.7739 6
0.7819 6
0.7899 6
0.7979 6
0.8060 6
