0.0000 8
0.0122 8
0.0215 8
0.0307 8
0.0402 8
0.0493 8
0.0585 8
0.0676 8
0.0768 8
0.0859 8
0.0951 8
0.1044 8
0.1135 8
0.1226 8
0.1318 8
0.1409 8
0.1500 8
0.1592 8
0.1683 8
0.1775 8
0.1866 8
0.1957 8
0.2050 8
0.2141 8
0.2232 8
0.2324 8
0.2415 8
0.2510 8
0.2601 8
0.2693 8
0.2784 8
0.2879 8
0.2974 8
0.3065 8
0.3156 8
0.3248 8
0.3339 8
0.3431 8
0.3522 8
0.3615 8
0.3707 8
0.3799 8
0.3890 8
0.3982 8
0.4073 8
0.4165 8
0.4256 8
0.4347 8
0.4439 8
0.4530 8
0.4621 8
0.4713 8
0.4804 8
0.4896 8
0.4987 8
0.5078 8
0.5170 8
0.5261 8
0.5352 8
0.5443 8
0.5535 8
0.5626 8
0.5717 8
0.5810 8
0.5902 8
0.5994 8
0.6085 8
0.6177 8
0.6268 8
0.6359 8
0.6451 8
0.6542 8
0.6633 8
0.6725 8
0.6816 8
0.6908 8
0.6999 8
0.7090 8
0.7181 8
0.7273 8
0.7364 8
0.7455 8
0.7546 8
0.7638 8
0.7729 8
0.7821 8
0.7912 8
0.8004 8
0.8095 8
0.8186 8
0.8277 8
0.8368 8
0.8460 8
0.8551 8
0.8643 8
0.8739 8
0.8833 8
0.8927 8
0.9021 8
0.9115 8
0.9210 8
