0.0000 56
0.1037 56
0.1370 56
0.1698 56
0.2024 56
0.2352 56
0.2677 56
0.3002 56
0.3328 56
0.3653 56
0.3979 56
0.4304 56
0.4629 56
0.4954 56
0.5279 56
0.5604 56
0.5929 56
0.6255 56
0.6580 56
0.6905 56
0.7230 56
0.7557 56
0.7882 56
0.8208 56
0.8534 56
0.8863 56
0.9192 56
0.9518 56
0.9842 56
1.0167 56
1.0493 56
1.0818 56
1.1143 56
1.1470 56
1.1797 56
1.2127 56
1.2497 56
1.2832 56
1.3168 56
1.3498 56
1.3823 56
1.4148 56
1.4474 56
1.4799 56
1.5124 56
1.5449 56
1.5777 56
1.6101 56
1.6427 56
1.6752 56
1.7078 56
1.7405 56
1.7730 56
1.8056 56
1.8380 56
1.8709 56
1.9040 56
1.9366 56
1.9704 56
2.0036 56
2.0360 56
2.0686 56
2.1013 56
2.1346 56
2.1678 56
2.2012 56
2.2340 56
2.2665 56
2.2990 56
2.3316 56
2.3644 56
2.3969 56
2.4294 56
2.4619 56
2.4944 56
2.5269 56
2.5594 56
2.5922 56
2.6246 56
2.6571 56
2.6896 56
2.7224 56
2.7549 56
2.7875 56
2.8200 56
2.8526 56
2.8856 56
2.9187 56
2.9513 56
2.9839 56
3.0164 56
3.0489 56
3.0814 56
3.1138 56
3.1463 56
3.1788 56
3.2118 56
3.2443 56
3.2768 56
3.3094 56
3.3419 56
