0.0000 7
0.0194 7
0.0332 7
0.0469 7
0.0605 7
0.0741 7
0.0877 7
0.1012 7
0.1148 7
0.1285 7
0.1422 7
0.1559 7
0.1696 7
0.1832 7
0.1968 7
0.2105 7
0.2242 7
0.2378 7
0.2514 7
0.2650 7
0.2786 7
0.2922 7
0.3059 7
0.3200 7
0.3340 7
0.3480 7
0.3619 7
0.3758 7
0.3897 7
0.4035 7
0.4174 7
0.4310 7
0.4446 7
0.4582 7
0.4718 7
0.4854 7
0.4990 7
0.5126 7
0.5262 7
0.5398 7
0.5534 7
0.5670 7
0.5805 7
0.5941 7
0.6077 7
0.6213 7
0.6349 7
0.6485 7
0.6622 7
0.6759 7
0.6895 7
0.7030 7
0.7166 7
0.7317 7
0.7457 7
0.7594 7
0.7730 7
0.7867 7
0.8003 7
0.8142 7
0.8279 7
0.8415 7
0.8556 7
0.8693 7
0.8829 7
0.8964 7
0.9100 7
0.9236 7
0.9372 7
0.9508 7
0.9644 7
0.9780 7
0.9916 7
1.0051 7
1.0187 7
1.0323 7
1.0459 7
1.0595 7
1.0731 7
1.0867 7
1.1003 7
1.1139 7
1.1277 7
1.1415 7
1.1550 7
1.1688 7
1.1825 7
1.1961 7
1.2098 7
1.2234 7
1.2371 7
1.2507 7
1.2643 7
1.2779 7
1.2915 7
1.3051 7
1.3187 7
1.3324 7
1.3460 7
1.3596 7
1.3732 7
