0.0000 319
0.3898 319
0.4533 319
0.5166 319
0.5799 319
0.6432 319
0.7064 319
0.7696 319
0.8333 319
0.8964 319
0.9595 319
1.0235 319
1.0871 319
1.1508 319
1.2148 319
1.2783 319
1.3420 319
1.4052 319
1.4685 319
1.5316 319
1.5949 319
1.6583 319
1.7215 319
1.7846 319
1.8480 319
1.9112 319
1.9750 319
2.0388 319
2.1022 319
2.1657 319
2.2289 319
2.2922 319
2.3559 319
2.4193 319
2.4828 319
2.5459 319
2.6092 319
2.6725 319
2.7365 319
2.7996 319
2.8640 319
2.9272 319
2.9912 319
3.0550 319
3.1184 319
3.1819 319
3.2461 319
3.3092 319
3.3727 319
3.4360 319
3.4994 319
3.5624 319
3.6259 319
3.6893 319
3.7530 319
3.8164 319
3.8799 319
3.9432 319
4.0073 319
4.0708 319
4.1339 319
4.1970 319
4.2605 319
4.3240 319
4.3873 319
4.4505 319
4.5139 319
4.5769 319
4.6404 319
4.7035 319
4.7668 319
4.8301 319
4.8933 319
4.9565 319
5.0208 319
5.0841 319
5.1473 319
5.2108 319
5.2744 319
5.3379 319
5.4014 319
5.4648 319
5.5280 319
5.5911 319
5.6420 318
5.6545 318
5.7173 318
5.7802 318
5.8432 318
5.9058 318
5.9691 318
6.0325 318
6.0952 318
6.1579 318
6.2207 318
6.2836 318
6.3470 318
6.4099 318
6.4729 318
6.5357 318
6.5986 318
6.6612 318
