0.0000 8
0.0126 8
0.0220 8
0.0311 8
0.0402 8
0.0498 8
0.0590 8
0.0682 8
0.0774 8
0.0865 8
0.0956 8
0.1048 8
0.1139 8
0.1230 8
0.1321 8
0.1413 8
0.1504 8
0.1595 8
0.1686 8
0.1777 8
0.1868 8
0.1960 8
0.2051 8
0.2142 8
0.2233 8
0.2325 8
0.2416 8
0.2507 8
0.2598 8
0.2690 8
0.2781 8
0.2872 8
0.2964 8
0.3056 8
0.3148 8
0.3239 8
0.3330 8
0.3423 8
0.3514 8
0.3605 8
0.3698 8
0.3790 8
0.3881 8
0.3972 8
0.4064 8
0.4155 8
0.4246 8
0.4338 8
0.4430 8
0.4521 8
0.4612 8
0.4703 8
0.4794 8
0.4885 8
0.4976 8
0.5067 8
0.5158 8
0.5250 8
0.5341 8
0.5433 8
0.5524 8
0.5615 8
0.5707 8
0.5798 8
0.5889 8
0.5981 8
0.6072 8
0.6163 8
0.6254 8
0.6345 8
0.6436 8
0.6528 8
0.6619 8
0.6711 8
0.6802 8
0.6893 8
0.6985 8
0.7076 8
0.7167 8
0.7258 8
0.7350 8
0.7441 8
0.7533 8
0.7624 8
0.7715 8
0.7807 8
0.7898 8
0.7989 8
0.8080 8
0.8171 8
0.8263 8
0.8354 8
0.8445 8
0.8537 8
0.8629 8
0.8721 8
0.8813 8
0.8905 8
0.8998 8
0.9089 8
0.9181 8
