0.0000 56
0.0969 56
0.1246 56
0.1522 56
0.1798 56
0.2075 56
0.2351 56
0.2628 56
0.2904 56
0.3180 56
0.3458 56
0.3735 56
0.4011 56
0.4287 56
0.4564 56
0.4842 56
0.5118 56
0.5402 56
0.5679 56
0.5955 56
0.6231 56
0.6508 56
0.6785 56
0.7061 56
0.7338 56
0.7614 56
0.7890 56
0.8166 56
0.8444 56
0.8724 56
0.9000 56
0.9276 56
0.9552 56
0.9828 56
1.0105 56
1.0388 56
1.0671 56
1.0952 56
1.1228 56
1.1503 56
1.1780 56
1.2056 56
1.2332 56
1.2608 56
1.2885 56
1.3161 56
1.3437 56
1.3716 56
1.3991 56
1.4272 56
1.4549 56
1.4831 56
1.5107 56
1.5389 56
1.5665 56
1.5941 56
1.6219 56
1.6495 56
1.6774 56
1.7052 56
1.7329 56
1.7606 56
1.7882 56
1.8158 56
1.8434 56
1.8712 56
1.8989 56
1.9266 56
1.9542 56
1.9818 56
2.0094 56
2.0370 56
2.0647 56
2.0924 56
2.1200 56
2.1476 56
2.1753 56
2.2029 56
2.2305 56
2.2581 56
2.2857 56
2.3135 56
2.3411 56
2.3688 56
2.3964 56
2.4240 56
2.4516 56
2.4795 56
2.5072 56
2.5353 56
2.5629 56
2.5905 56
2.6181 56
2.6457 56
2.6733 56
2.7010 56
2.7286 56
2.7564 56
2.7840 56
2.8116 56
2.8391 56
