0.0000 6
0.0097 6
0.0179 6
0.0260 6
0.0341 6
0.0421 6
0.0502 6
0.0582 6
0.0662 6
0.0743 6
0.0823 6
0.0904 6
0.0984 6
0.1064 6
0.1148 6
0.1228 6
0.1309 6
0.1389 6
0.1469 6
0.1557 6
0.1638 6
0.1719 6
0.1799 6
0.1879 6
0.1960 6
0.2041 6
0.2121 6
0.2201 6
0.2282 6
0.2362 6
0.2442 6
0.2523 6
0.2603 6
0.2683 6
0.2763 6
0.2844 6
0.2925 6
0.3005 6
0.3085 6
0.3165 6
0.3245 6
0.3326 6
0.3406 6
0.3486 6
0.3566 6
0.3646 6
0.3726 6
0.3807 6
0.3887 6
0.3972 6
0.4054 6
0.4136 6
0.4220 6
0.4302 6
0.4384 6
0.4466 6
0.4548 6
0.4628 6
0.4708 6
0.4789 6
0.4869 6
0.4949 6
0.5030 6
0.5110 6
0.5190 6
0.5270 6
0.5350 6
0.5431 6
0.5511 6
0.5591 6
0.5671 6
0.5751 6
0.5832 6
0.5912 6
0.5992 6
0.6072 6
0.6153 6
0.6234 6
0.6314 6
0.6394 6
0.6474 6
0.6554 6
0.6634 6
0.6714 6
0.6795 6
0.6875 6
0.6955 6
0.7035 6
0.7115 6
0.7195 6
0.7275 6
0.7356 6
0.7436 6
0.7516 6
0.7596 6
0.7676 6
0.7756 6
0.7836 6
0.7916 6
0.7995 6
0.8075 6
