0.0000 56
0.0967 56
0.1244 56
0.1523 56
0.1803 56
0.2082 56
0.2360 56
0.2637 56
0.2919 56
0.3196 56
0.3478 56
0.3755 56
0.4033 56
0.4311 56
0.4588 56
0.4869 56
0.5151 56
0.5428 56
0.5705 56
0.5982 56
0.6259 56
0.6539 56
0.6816 56
0.7093 56
0.7370 56
0.7647 56
0.7925 56
0.8202 56
0.8480 56
0.8757 56
0.9034 56
0.9312 56
0.9590 56
0.9867 56
1.0144 56
1.0423 56
1.0700 56
1.0977 56
1.1254 56
1.1533 56
1.1812 56
1.2090 56
1.2367 56
1.2645 56
1.2926 56
1.3204 56
1.3487 56
1.3765 56
1.4042 56
1.4319 56
1.4597 56
1.4874 56
1.5160 56
1.5442 56
1.5720 56
1.5997 56
1.6274 56
1.6554 56
1.6831 56
1.7109 56
1.7386 56
1.7663 56
1.7941 56
1.8218 56
1.8499 56
1.8777 56
1.9054 56
1.9331 56
1.9609 56
1.9887 56
2.0164 56
2.0441 56
2.0719 56
2.0996 56
2.1274 56
2.1553 56
2.1832 56
2.2110 56
2.2389 56
2.2667 56
2.2948 56
2.3225 56
2.3510 56
2.3787 56
2.4065 56
2.4342 56
2.4620 56
2.4898 56
2.5175 56
2.5452 56
2.5729 56
2.6006 56
2.6283 56
2.6564 56
2.6849 56
2.7134 56
2.7411 56
2.7688 56
2.7966 56
2.8244 56
2.8521 56
