0.0000 8
0.0116 8
0.0198 8
0.0278 8
0.0359 8
0.0439 8
0.0520 8
0.0600 8
0.0681 8
0.0761 8
0.0842 8
0.0922 8
0.1003 8
0.1083 8
0.1164 8
0.1245 8
0.1326 8
0.1407 8
0.1488 8
0.1570 8
0.1651 8
0.1731 8
0.1812 8
0.1893 8
0.1973 8
0.2054 8
0.2135 8
0.2216 8
0.2296 8
0.2377 8
0.2458 8
0.2538 8
0.2619 8
0.2701 8
0.2781 8
0.2862 8
0.2942 8
0.3023 8
0.3103 8
0.3184 8
0.3265 8
0.3345 8
0.3426 8
0.3507 8
0.3588 8
0.3670 8
0.3750 8
0.3831 8
0.3912 8
0.3992 8
0.4073 8
0.4154 8
0.4235 8
0.4316 8
0.4397 8
0.4478 8
0.4559 8
0.4640 8
0.4720 8
0.4801 8
0.4883 8
0.4966 8
0.5047 8
0.5127 8
0.5208 8
0.5290 8
0.5374 8
0.5455 8
0.5536 8
0.5616 8
0.5696 8
0.5777 8
0.5858 8
0.5939 8
0.6019 8
0.6100 8
0.6180 8
0.6261 8
0.6342 8
0.6422 8
0.6502 8
0.6583 8
0.6664 8
0.6744 8
0.6826 8
0.6908 8
0.6990 8
0.7071 8
0.7151 8
0.7232 8
0.7312 8
0.7393 8
0.7474 8
0.7555 8
0.7635 8
0.7716 8
0.7797 8
0.7877 8
0.7957 8
0.8038 8
0.8120 8
