0.0000 6
0.0028 6
0.0055 6
0.0081 6
0.0107 6
0.0133 6
0.0153 5
0.0160 5
0.0185 5
0.0211 5
0.0236 5
0.0262 5
0.0287 5
0.0312 5
0.0337 5
0.0363 5
0.0389 5
0.0414 5
0.0440 5
0.0465 5
0.0491 5
0.0516 5
0.0542 5
0.0567 5
0.0592 5
0.0618 5
0.0643 5
0.0668 5
0.0694 5
0.0720 5
0.0745 5
0.0770 5
0.0795 5
0.0820 5
0.0847 5
0.0872 5
0.0897 5
0.0922 5
0.0947 5
0.0973 5
0.0998 5
0.1023 5
0.1048 5
0.1074 5
0.1099 5
0.1124 5
0.1150 5
0.1175 5
0.1200 5
0.1225 5
0.1250 5
0.1275 5
0.1300 5
0.1325 5
0.1350 5
0.1375 5
0.1401 5
0.1426 5
0.1451 5
0.1476 5
0.1502 5
0.1527 5
0.1552 5
0.1578 5
0.1603 5
0.1628 5
0.1653 5
0.1679 5
0.1704 5
0.1729 5
0.1754 5
0.1780 5
0.1805 5
0.1830 5
0.1856 5
0.1881 5
0.1906 5
0.1931 5
0.1956 5
0.1981 5
0.2007 5
0.2032 5
0.2057 5
0.2083 5
0.2108 5
0.2134 5
0.2159 5
0.2184 5
0.2209 5
0.2234 5
0.2259 5
0.2284 5
0.2309 5
0.2335 5
0.2360 5
0.2385 5
0.2410 5
0.2435 5
0.2460 5
0.2485 5
0.2511 5
0.2536 5
0.2561 5
0.2586 5
0.2612 5
0.2637 5
0.2662 5
