0.0000 3
0.0035 3
0.0065 3
0.0095 3
0.0125 3
0.0155 3
0.0184 3
0.0214 3
0.0243 3
0.0272 3
0.0301 3
0.0330 3
0.0360 3
0.0389 3
0.0418 3
0.0448 3
0.0477 3
0.0506 3
0.0536 3
0.0565 3
0.0594 3
0.0624 3
0.0653 3
0.0682 3
0.0712 3
0.0741 3
0.0771 3
0.0800 3
0.0829 3
0.0859 3
0.0888 3
0.0918 3
0.0947 3
0.0976 3
0.1006 3
0.1035 3
0.1065 3
0.1094 3
0.1123 3
0.1152 3
0.1182 3
0.1211 3
0.1241 3
0.1270 3
0.1299 3
0.1329 3
0.1358 3
0.1387 3
0.1417 3
0.1446 3
0.1475 3
0.1505 3
0.1534 3
0.1564 3
0.1594 3
0.1623 3
0.1653 3
0.1682 3
0.1711 3
0.1740 3
0.1770 3
0.1799 3
0.1829 3
0.1858 3
0.1887 3
0.1917 3
0.1946 3
0.1975 3
0.2004 3
0.2034 3
0.2064 3
0.2093 3
0.2123 3
0.2152 3
0.2181 3
0.2211 3
0.2240 3
0.2269 3
0.2299 3
0.2328 3
0.2357 3
0.2387 3
0.2416 3
0.2447 3
0.2478 3
0.2508 3
0.2537 3
0.2567 3
0.2596 3
0.2625 3
0.2655 3
0.2685 3
0.2714 3
0.2744 3
0.2773 3
0.2803 3
0.2832 3
0.2861 3
0.2891 3
0.2920 3
0.2950 3
