0.0000 3
0.0031 3
0.0060 3
0.0088 3
0.0117 3
0.0146 3
0.0174 3
0.0203 3
0.0231 3
0.0259 3
0.0287 3
0.0315 3
0.0343 3
0.0371 3
0.0399 3
0.0427 3
0.0456 3
0.0484 3
0.0512 3
0.0541 3
0.0569 3
0.0597 3
0.0625 3
0.0653 3
0.0681 3
0.0709 3
0.0738 3
0.0766 3
0.0794 3
0.0822 3
0.0850 3
0.0878 3
0.0906 3
0.0934 3
0.0962 3
0.0991 3
0.1019 3
0.1047 3
0.1075 3
0.1103 3
0.1131 3
0.1160 3
0.1188 3
0.1216 3
0.1244 3
0.1272 3
0.1301 3
0.1329 3
0.1357 3
0.1385 3
0.1413 3
0.1441 3
0.1469 3
0.1498 3
0.1526 3
0.1554 3
0.1582 3
0.1610 3
0.1638 3
0.1667 3
0.1695 3
0.1723 3
0.1752 3
0.1780 3
0.1808 3
0.1836 3
0.1864 3
0.1893 3
0.1921 3
0.1949 3
0.1977 3
0.2005 3
0.2033 3
0.2062 3
0.2091 3
0.2119 3
0.2147 3
0.2176 3
0.2204 3
0.2232 3
0.2260 3
0.2288 3
0.2317 3
0.2345 3
0.2373 3
0.2401 3
0.2429 3
0.2458 3
0.2486 3
0.2514 3
0.2542 3
0.2571 3
0.2599 3
0.2627 3
0.2656 3
0.2684 3
0.2713 3
0.2742 3
0.2770 3
0.2798 3
0.2826 3
