0.0000 3
0.0026 3
0.0051 3
0.0075 3
0.0100 3
0.0124 3
0.0148 3
0.0173 3
0.0197 3
0.0220 3
0.0244 3
0.0268 3
0.0291 3
0.0315 3
0.0338 3
0.0362 3
0.0386 3
0.0409 3
0.0433 3
0.0456 3
0.0480 3
0.0504 3
0.0527 3
0.0551 3
0.0575 3
0.0598 3
0.0622 3
0.0645 3
0.0669 3
0.0693 3
0.0716 3
0.0740 3
0.0763 3
0.0786 3
0.0810 3
0.0833 3
0.0857 3
0.0880 3
0.0904 3
0.0927 3
0.0951 3
0.0974 3
0.0998 3
0.1022 3
0.1046 3
0.1069 3
0.1094 3
0.1117 3
0.1141 3
0.1165 3
0.1188 3
0.1212 3
0.1235 3
0.1259 3
0.1282 3
0.1305 3
0.1329 3
0.1353 3
0.1376 3
0.1400 3
0.1423 3
0.1447 3
0.1470 3
0.1494 3
0.1517 3
0.1541 3
0.1564 3
0.1588 3
0.1611 3
0.1635 3
0.1659 3
0.1682 3
0.1706 3
0.1730 3
0.1753 3
0.1777 3
0.1801 3
0.1824 3
0.1848 3
0.1871 3
0.1895 3
0.1918 3
0.1942 3
0.1966 3
0.1989 3
0.2013 3
0.2037 3
0.2060 3
0.2084 3
0.2108 3
0.2132 3
0.2155 3
0.2179 3
0.2202 3
0.2226 3
0.2250 3
0.2273 3
0.2297 3
0.2320 3
0.2344 3
0.2367 3
