0.0000 4
0.0014 3
0.0036 3
0.0066 3
0.0095 3
0.0125 3
0.0155 3
0.0185 3
0.0214 3
0.0244 3
0.0274 3
0.0303 3
0.0332 3
0.0362 3
0.0391 3
0.0420 3
0.0450 3
0.0480 3
0.0509 3
0.0539 3
0.0568 3
0.0597 3
0.0626 3
0.0655 3
0.0685 3
0.0714 3
0.0743 3
0.0772 3
0.0801 3
0.0830 3
0.0859 3
0.0888 3
0.0917 3
0.0946 3
0.0975 3
0.1004 3
0.1033 3
0.1062 3
0.1091 3
0.1120 3
0.1148 3
0.1177 3
0.1206 3
0.1235 3
0.1265 3
0.1293 3
0.1322 3
0.1351 3
0.1380 3
0.1410 3
0.1439 3
0.1468 3
0.1496 3
0.1525 3
0.1554 3
0.1583 3
0.1612 3
0.1641 3
0.1670 3
0.1699 3
0.1728 3
0.1757 3
0.1786 3
0.1815 3
0.1844 3
0.1873 3
0.1901 3
0.1930 3
0.1959 3
0.1989 3
0.2017 3
0.2046 3
0.2076 3
0.2105 3
0.2134 3
0.2164 3
0.2193 3
0.2221 3
0.2250 3
0.2279 3
0.2308 3
0.2336 3
0.2365 3
0.2394 3
0.2423 3
0.2452 3
0.2481 3
0.2510 3
0.2539 3
0.2568 3
0.2597 3
0.2626 3
0.2655 3
0.2684 3
0.2713 3
0.2742 3
0.2771 3
0.2799 3
0.2828 3
0.2857 3
0.2886 3
0.2915 3
