0.0000 3
0.0032 3
0.0065 3
0.0096 3
0.0126 3
0.0156 3
0.0186 3
0.0216 3
0.0245 3
0.0275 3
0.0305 3
0.0335 3
0.0364 3
0.0394 3
0.0424 3
0.0454 3
0.0484 3
0.0513 3
0.0543 3
0.0572 3
0.0602 3
0.0632 3
0.0661 3
0.0691 3
0.0721 3
0.0750 3
0.0780 3
0.0810 3
0.0840 3
0.0870 3
0.0899 3
0.0930 3
0.0960 3
0.0991 3
0.1021 3
0.1051 3
0.1082 3
0.1112 3
0.1141 3
0.1171 3
0.1201 3
0.1230 3
0.1260 3
0.1289 3
0.1319 3
0.1348 3
0.1378 3
0.1407 3
0.1437 3
0.1466 3
0.1496 3
0.1526 3
0.1555 3
0.1585 3
0.1615 3
0.1645 3
0.1674 3
0.1704 3
0.1733 3
0.1763 3
0.1792 3
0.1822 3
0.1851 3
0.1881 3
0.1910 3
0.1940 3
0.1969 3
0.1999 3
0.2028 3
0.2059 3
0.2089 3
0.2118 3
0.2148 3
0.2177 3
0.2207 3
0.2236 3
0.2266 3
0.2296 3
0.2325 3
0.2355 3
0.2385 3
0.2414 3
0.2444 3
0.2473 3
0.2503 3
0.2532 3
0.2562 3
0.2591 3
0.2622 3
0.2651 3
0.2681 3
0.2711 3
0.2741 3
0.2771 3
0.2801 3
0.2830 3
0.2860 3
0.2890 3
0.2919 3
0.2948 3
0.2978 3
