0.0000 6
0.0035 6
0.0066 6
0.0097 6
0.0128 6
0.0159 6
0.0190 6
0.0220 6
0.0251 6
0.0269 5
0.0282 5
0.0313 5
0.0343 5
0.0373 5
0.0404 5
0.0435 5
0.0466 5
0.0496 5
0.0527 5
0.0557 5
0.0587 5
0.0617 5
0.0647 5
0.0677 5
0.0707 5
0.0737 5
0.0767 5
0.0797 5
0.0827 5
0.0857 5
0.0887 5
0.0917 5
0.0947 5
0.0977 5
0.1007 5
0.1036 5
0.1066 5
0.1096 5
0.1126 5
0.1156 5
0.1186 5
0.1216 5
0.1246 5
0.1275 5
0.1305 5
0.1335 5
0.1365 5
0.1395 5
0.1425 5
0.1455 5
0.1485 5
0.1514 5
0.1544 5
0.1574 5
0.1604 5
0.1634 5
0.1663 5
0.1693 5
0.1723 5
0.1753 5
0.1783 5
0.1813 5
0.1843 5
0.1873 5
0.1903 5
0.1933 5
0.1963 5
0.1993 5
0.2023 5
0.2054 5
0.2085 5
0.2115 5
0.2145 5
0.2175 5
0.2204 5
0.2234 5
0.2264 5
0.2294 5
0.2324 5
0.2354 5
0.2384 5
0.2414 5
0.2444 5
0.2473 5
0.2503 5
0.2533 5
0.2563 5
0.2593 5
0.2623 5
0.2653 5
0.2683 5
0.2713 5
0.2742 5
0.2772 5
0.2803 5
0.2833 5
0.2863 5
0.2893 5
0.2923 5
0.2953 5
0.2983 5
0.3013 5
0.3043 5
0.3073 5
0.3102 5
0.3132 5
0.3162 5
0.3192 5
0.3222 5
0.3252 5
