0.0000 3
0.0028 2
0.0031 2
0.0054 2
0.0079 2
0.0103 2
0.0126 2
0.0151 2
0.0174 2
0.0198 2
0.0222 2
0.0246 2
0.0270 2
0.0293 2
0.0317 2
0.0341 2
0.0364 2
0.0389 2
0.0413 2
0.0437 2
0.0461 2
0.0484 2
0.0508 2
0.0531 2
0.0555 2
0.0578 2
0.0602 2
0.0625 2
0.0648 2
0.0671 2
0.0694 2
0.0717 2
0.0740 2
0.0763 2
0.0786 2
0.0809 2
0.0832 2
0.0855 2
0.0878 2
0.0901 2
0.0924 2
0.0947 2
0.0970 2
0.0993 2
0.1016 2
0.1038 2
0.1061 2
0.1084 2
0.1107 2
0.1130 2
0.1153 2
0.1176 2
0.1199 2
0.1222 2
0.1245 2
0.1268 2
0.1291 2
0.1314 2
0.1337 2
0.1360 2
0.1383 2
0.1406 2
0.1429 2
0.1452 2
0.1475 2
0.1498 2
0.1521 2
0.1544 2
0.1567 2
0.1590 2
0.1613 2
0.1636 2
0.1659 2
0.1682 2
0.1705 2
0.1728 2
0.1751 2
0.1774 2
0.1796 2
0.1819 2
0.1842 2
0.1865 2
0.1888 2
0.1911 2
0.1933 2
0.1956 2
0.1979 2
0.2002 2
0.2025 2
0.2048 2
0.2071 2
0.2094 2
0.2117 2
0.2140 2
0.2163 2
0.2186 2
0.2209 2
0.2232 2
0.2255 2
0.2278 2
0.2302 2
0.2325 2
