0.0000 5
0.0033 5
0.0063 5
0.0094 5
0.0125 5
0.0156 5
0.0186 5
0.0216 5
0.0247 5
0.0278 5
0.0308 5
0.0338 5
0.0369 5
0.0400 5
0.0430 5
0.0460 5
0.0491 5
0.0520 5
0.0550 5
0.0579 5
0.0609 5
0.0638 5
0.0668 5
0.0697 5
0.0727 5
0.0756 5
0.0786 5
0.0816 5
0.0845 5
0.0875 5
0.0905 5
0.0934 5
0.0964 5
0.0994 5
0.1023 5
0.1053 5
0.1083 5
0.1112 5
0.1142 5
0.1172 5
0.1201 5
0.1231 5
0.1260 5
0.1290 5
0.1319 5
0.1349 5
0.1379 5
0.1410 5
0.1439 5
0.1469 5
0.1499 5
0.1528 5
0.1558 5
0.1587 5
0.1617 5
0.1647 5
0.1677 5
0.1707 5
0.1736 5
0.1765 5
0.1795 5
0.1825 5
0.1855 5
0.1884 5
0.1914 5
0.1944 5
0.1974 5
0.2003 5
0.2033 5
0.2062 5
0.2093 5
0.2122 5
0.2152 5
0.2181 5
0.2212 5
0.2241 5
0.2271 5
0.2300 5
0.2330 5
0.2360 5
0.2389 5
0.2419 5
0.2448 5
0.2478 5
0.2507 5
0.2537 5
0.2566 5
0.2596 5
0.2626 5
0.2657 5
0.2688 5
0.2719 5
0.2749 5
0.2779 5
0.2809 5
0.2840 5
0.2870 5
0.2900 5
0.2930 5
0.2959 5
0.2989 5
