0.0000 4
0.0004 3
0.0034 3
0.0066 3
0.0098 3
0.0129 3
0.0166 3
0.0197 3
0.0228 3
0.0260 3
0.0292 3
0.0324 3
0.0354 3
0.0385 3
0.0417 3
0.0447 3
0.0479 3
0.0510 3
0.0540 3
0.0571 3
0.0602 3
0.0632 3
0.0664 3
0.0694 3
0.0725 3
0.0755 3
0.0786 3
0.0817 3
0.0847 3
0.0878 3
0.0909 3
0.0939 3
0.0970 3
0.1000 3
0.1031 3
0.1062 3
0.1092 3
0.1123 3
0.1154 3
0.1184 3
0.1215 3
0.1245 3
0.1276 3
0.1306 3
0.1337 3
0.1368 3
0.1398 3
0.1430 3
0.1460 3
0.1492 3
0.1522 3
0.1555 3
0.1589 3
0.1620 3
0.1651 3
0.1682 3
0.1713 3
0.1743 3
0.1774 3
0.1805 3
0.1836 3
0.1867 3
0.1897 3
0.1928 3
0.1959 3
0.1993 3
0.2025 3
0.2057 3
0.2088 3
0.2119 3
0.2150 3
0.2180 3
0.2211 3
0.2241 3
0.2272 3
0.2303 3
0.2333 3
0.2364 3
0.2394 3
0.2425 3
0.2456 3
0.2486 3
0.2517 3
0.2547 3
0.2578 3
0.2608 3
0.2639 3
0.2670 3
0.2700 3
0.2731 3
0.2762 3
0.2792 3
0.2823 3
0.2853 3
0.2884 3
0.2915 3
0.2945 3
0.2976 3
0.3006 3
0.3037 3
0.3068 3
0.3099 3
