0.0000 5
0.0029 5
0.0054 5
0.0079 5
0.0105 5
0.0129 5
0.0154 5
0.0180 5
0.0205 5
0.0230 5
0.0255 5
0.0281 5
0.0307 5
0.0332 5
0.0357 5
0.0382 5
0.0407 5
0.0432 5
0.0457 5
0.0481 5
0.0506 5
0.0530 5
0.0556 5
0.0580 5
0.0604 5
0.0630 5
0.0654 5
0.0679 5
0.0704 5
0.0728 5
0.0752 5
0.0777 5
0.0801 5
0.0826 5
0.0850 5
0.0874 5
0.0899 5
0.0923 5
0.0948 5
0.0972 5
0.0997 5
0.1021 5
0.1045 5
0.1070 5
0.1094 5
0.1119 5
0.1143 5
0.1168 5
0.1192 5
0.1217 5
0.1241 5
0.1266 5
0.1290 5
0.1315 5
0.1340 5
0.1364 5
0.1389 5
0.1413 5
0.1437 5
0.1462 5
0.1486 5
0.1511 5
0.1535 5
0.1560 5
0.1584 5
0.1609 5
0.1633 5
0.1658 5
0.1683 5
0.1707 5
0.1732 5
0.1756 5
0.1781 5
0.1805 5
0.1830 5
0.1854 5
0.1879 5
0.1903 5
0.1928 5
0.1952 5
0.1977 5
0.2001 5
0.2026 5
0.2050 5
0.2074 5
0.2099 5
0.2123 5
0.2149 5
0.2173 5
0.2197 5
0.2222 5
0.2246 5
0.2270 5
0.2295 5
0.2319 5
0.2344 5
0.2368 5
0.2392 5
0.2417 5
0.2441 5
0.2466 5
