0.0000 3
0.0033 3
0.0063 3
0.0093 3
0.0124 3
0.0154 3
0.0183 3
0.0212 3
0.0241 3
0.0270 3
0.0300 3
0.0329 3
0.0358 3
0.0388 3
0.0417 3
0.0447 3
0.0476 3
0.0505 3
0.0534 3
0.0564 3
0.0596 3
0.0625 3
0.0654 3
0.0683 3
0.0713 3
0.0742 3
0.0771 3
0.0800 3
0.0829 3
0.0859 3
0.0889 3
0.0919 3
0.0950 3
0.0980 3
0.1010 3
0.1040 3
0.1071 3
0.1100 3
0.1130 3
0.1160 3
0.1190 3
0.1220 3
0.1249 3
0.1280 3
0.1310 3
0.1339 3
0.1369 3
0.1399 3
0.1429 3
0.1458 3
0.1488 3
0.1518 3
0.1548 3
0.1577 3
0.1607 3
0.1637 3
0.1667 3
0.1696 3
0.1726 3
0.1755 3
0.1784 3
0.1814 3
0.1843 3
0.1872 3
0.1901 3
0.1930 3
0.1959 3
0.1989 3
0.2018 3
0.2047 3
0.2077 3
0.2106 3
0.2135 3
0.2165 3
0.2193 3
0.2223 3
0.2252 3
0.2281 3
0.2310 3
0.2339 3
0.2368 3
0.2397 3
0.2428 3
0.2457 3
0.2486 3
0.2515 3
0.2544 3
0.2573 3
0.2603 3
0.2632 3
0.2661 3
0.2690 3
0.2719 3
0.2749 3
0.2779 3
0.2808 3
0.2837 3
0.2867 3
0.2896 3
0.2926 3
0.2955 3
