0.0000 6
0.0010 5
0.0034 5
0.0064 5
0.0094 5
0.0124 5
0.0153 5
0.0184 5
0.0213 5
0.0243 5
0.0273 5
0.0304 5
0.0334 5
0.0364 5
0.0394 5
0.0425 5
0.0454 5
0.0484 5
0.0514 5
0.0544 5
0.0574 5
0.0604 5
0.0633 5
0.0663 5
0.0693 5
0.0722 5
0.0752 5
0.0781 5
0.0811 5
0.0840 5
0.0870 5
0.0900 5
0.0930 5
0.0959 5
0.0988 5
0.1018 5
0.1047 5
0.1076 5
0.1106 5
0.1135 5
0.1165 5
0.1194 5
0.1223 5
0.1252 5
0.1282 5
0.1311 5
0.1341 5
0.1370 5
0.1400 5
0.1429 5
0.1459 5
0.1488 5
0.1517 5
0.1547 5
0.1576 5
0.1606 5
0.1635 5
0.1664 5
0.1694 5
0.1723 5
0.1753 5
0.1783 5
0.1812 5
0.1842 5
0.1871 5
0.1901 5
0.1930 5
0.1959 5
0.1989 5
0.2018 5
0.2048 5
0.2077 5
0.2107 5
0.2136 5
0.2166 5
0.2195 5
0.2225 5
0.2255 5
0.2284 5
0.2314 5
0.2344 5
0.2374 5
0.2404 5
0.2433 5
0.2463 5
0.2493 5
0.2523 5
0.2552 5
0.2582 5
0.2612 5
0.2641 5
0.2671 5
0.2700 5
0.2730 5
0.2759 5
0.2789 5
0.2818 5
0.2848 5
0.2877 5
0.2907 5
0.2936 5
0.2966 5
