0.0000 6
0.0028 5
0.0040 5
0.0071 5
0.0103 5
0.0135 5
0.0166 5
0.0197 5
0.0227 5
0.0258 5
0.0288 5
0.0319 5
0.0350 5
0.0381 5
0.0411 5
0.0442 5
0.0472 5
0.0503 5
0.0533 5
0.0564 5
0.0595 5
0.0625 5
0.0656 5
0.0686 5
0.0717 5
0.0748 5
0.0778 5
0.0809 5
0.0839 5
0.0870 5
0.0901 5
0.0931 5
0.0962 5
0.0993 5
0.1023 5
0.1054 5
0.1084 5
0.1115 5
0.1146 5
0.1177 5
0.1207 5
0.1238 5
0.1268 5
0.1299 5
0.1329 5
0.1360 5
0.1390 5
0.1421 5
0.1452 5
0.1482 5
0.1513 5
0.1543 5
0.1574 5
0.1604 5
0.1635 5
0.1666 5
0.1696 5
0.1727 5
0.1757 5
0.1788 5
0.1819 5
0.1849 5
0.1880 5
0.1913 5
0.1945 5
0.1979 5
0.2011 5
0.2045 5
0.2076 5
0.2107 5
0.2139 5
0.2171 5
0.2203 5
0.2234 5
0.2265 5
0.2296 5
0.2328 5
0.2359 5
0.2391 5
0.2422 5
0.2454 5
0.2485 5
0.2516 5
0.2547 5
0.2579 5
0.2609 5
0.2640 5
0.2671 5
0.2701 5
0.2732 5
0.2763 5
0.2793 5
0.2824 5
0.2854 5
0.2885 5
0.2916 5
0.2947 5
0.2978 5
0.3008 5
0.3038 5
0.3068 5
0.3099 5
