0.0000 5
0.0027 5
0.0052 5
0.0077 5
0.0102 5
0.0127 5
0.0154 5
0.0180 5
0.0205 5
0.0231 5
0.0257 5
0.0282 5
0.0307 5
0.0332 5
0.0357 5
0.0383 5
0.0407 5
0.0433 5
0.0458 5
0.0483 5
0.0508 5
0.0533 5
0.0558 5
0.0584 5
0.0609 5
0.0634 5
0.0659 5
0.0684 5
0.0710 5
0.0735 5
0.0760 5
0.0786 5
0.0811 5
0.0836 5
0.0861 5
0.0885 5
0.0911 5
0.0935 5
0.0960 5
0.0985 5
0.1009 5
0.1034 5
0.1058 5
0.1083 5
0.1108 5
0.1133 5
0.1157 5
0.1182 5
0.1207 5
0.1231 5
0.1256 5
0.1280 5
0.1305 5
0.1329 5
0.1353 5
0.1378 5
0.1403 5
0.1427 5
0.1452 5
0.1476 5
0.1501 5
0.1525 5
0.1550 5
0.1575 5
0.1600 5
0.1624 5
0.1649 5
0.1674 5
0.1698 5
0.1723 5
0.1747 5
0.1772 5
0.1796 5
0.1821 5
0.1845 5
0.1870 5
0.1894 5
0.1919 5
0.1943 5
0.1968 5
0.1992 5
0.2017 5
0.2041 5
0.2067 5
0.2091 5
0.2116 5
0.2140 5
0.2165 5
0.2189 5
0.2214 5
0.2239 5
0.2263 5
0.2288 5
0.2312 5
0.2337 5
0.2361 5
0.2386 5
0.2410 5
0.2434 5
0.2459 5
0.2483 5
