0.0000 3
0.0011 2
0.0029 2
0.0053 2
0.0077 2
0.0101 2
0.0125 2
0.0149 2
0.0172 2
0.0199 2
0.0222 2
0.0246 2
0.0270 2
0.0293 2
0.0316 2
0.0339 2
0.0362 2
0.0385 2
0.0408 2
0.0431 2
0.0454 2
0.0477 2
0.0500 2
0.0523 2
0.0547 2
0.0570 2
0.0593 2
0.0616 2
0.0639 2
0.0662 2
0.0685 2
0.0708 2
0.0731 2
0.0754 2
0.0777 2
0.0800 2
0.0823 2
0.0846 2
0.0869 2
0.0891 2
0.0914 2
0.0937 2
0.0960 2
0.0983 2
0.1006 2
0.1029 2
0.1052 2
0.1076 2
0.1099 2
0.1122 2
0.1145 2
0.1168 2
0.1191 2
0.1214 2
0.1237 2
0.1260 2
0.1283 2
0.1306 2
0.1329 2
0.1352 2
0.1374 2
0.1397 2
0.1420 2
0.1443 2
0.1467 2
0.1490 2
0.1513 2
0.1535 2
0.1559 2
0.1582 2
0.1605 2
0.1628 2
0.1651 2
0.1674 2
0.1697 2
0.1720 2
0.1743 2
0.1766 2
0.1789 2
0.1812 2
0.1835 2
0.1858 2
0.1881 2
0.1903 2
0.1926 2
0.1949 2
0.1972 2
0.1995 2
0.2018 2
0.2041 2
0.2064 2
0.2088 2
0.2110 2
0.2133 2
0.2156 2
0.2179 2
0.2202 2
0.2225 2
0.2248 2
0.2271 2
0.2295 2
0.2320 2
