0.0000 4
0.0025 3
0.0032 3
0.0056 3
0.0081 3
0.0106 3
0.0131 3
0.0157 3
0.0182 3
0.0207 3
0.0233 3
0.0257 3
0.0282 3
0.0307 3
0.0332 3
0.0357 3
0.0381 3
0.0406 3
0.0430 3
0.0455 3
0.0479 3
0.0503 3
0.0527 3
0.0551 3
0.0576 3
0.0600 3
0.0624 3
0.0648 3
0.0672 3
0.0697 3
0.0721 3
0.0745 3
0.0769 3
0.0793 3
0.0818 3
0.0842 3
0.0866 3
0.0890 3
0.0914 3
0.0938 3
0.0962 3
0.0987 3
0.1011 3
0.1035 3
0.1059 3
0.1083 3
0.1107 3
0.1131 3
0.1155 3
0.1179 3
0.1203 3
0.1227 3
0.1251 3
0.1276 3
0.1300 3
0.1324 3
0.1348 3
0.1372 3
0.1396 3
0.1420 3
0.1444 3
0.1468 3
0.1491 3
0.1515 3
0.1539 3
0.1563 3
0.1587 3
0.1610 3
0.1634 3
0.1658 3
0.1682 3
0.1706 3
0.1730 3
0.1754 3
0.1777 3
0.1801 3
0.1825 3
0.1849 3
0.1873 3
0.1897 3
0.1921 3
0.1945 3
0.1969 3
0.1993 3
0.2017 3
0.2041 3
0.2065 3
0.2089 3
0.2113 3
0.2137 3
0.2161 3
0.2185 3
0.2208 3
0.2232 3
0.2256 3
0.2281 3
0.2305 3
0.2329 3
0.2353 3
0.2377 3
0.2402 3
0.2426 3
