0.0000 3
0.0031 3
0.0061 3
0.0090 3
0.0119 3
0.0148 3
0.0177 3
0.0206 3
0.0234 3
0.0263 3
0.0291 3
0.0319 3
0.0348 3
0.0376 3
0.0404 3
0.0433 3
0.0461 3
0.0489 3
0.0517 3
0.0546 3
0.0574 3
0.0602 3
0.0631 3
0.0659 3
0.0688 3
0.0717 3
0.0745 3
0.0774 3
0.0802 3
0.0830 3
0.0858 3
0.0886 3
0.0915 3
0.0943 3
0.0971 3
0.0999 3
0.1030 3
0.1059 3
0.1088 3
0.1116 3
0.1145 3
0.1174 3
0.1203 3
0.1231 3
0.1259 3
0.1287 3
0.1315 3
0.1343 3
0.1371 3
0.1399 3
0.1427 3
0.1455 3
0.1484 3
0.1512 3
0.1540 3
0.1568 3
0.1596 3
0.1624 3
0.1652 3
0.1681 3
0.1709 3
0.1737 3
0.1765 3
0.1793 3
0.1821 3
0.1850 3
0.1878 3
0.1906 3
0.1934 3
0.1963 3
0.1991 3
0.2019 3
0.2048 3
0.2076 3
0.2104 3
0.2132 3
0.2161 3
0.2189 3
0.2217 3
0.2245 3
0.2273 3
0.2301 3
0.2329 3
0.2357 3
0.2385 3
0.2414 3
0.2442 3
0.2470 3
0.2498 3
0.2528 3
0.2558 3
0.2586 3
0.2615 3
0.2643 3
0.2671 3
0.2699 3
0.2727 3
0.2756 3
0.2784 3
0.2812 3
0.2840 3
