0.0000 5
0.0004 4
0.0038 4
0.0071 4
0.0103 4
0.0135 4
0.0167 4
0.0200 4
0.0232 4
0.0264 4
0.0296 4
0.0328 4
0.0359 4
0.0391 4
0.0423 4
0.0454 4
0.0486 4
0.0517 4
0.0549 4
0.0581 4
0.0612 4
0.0644 4
0.0676 4
0.0707 4
0.0739 4
0.0770 4
0.0802 4
0.0833 4
0.0865 4
0.0896 4
0.0929 4
0.0960 4
0.0992 4
0.1024 4
0.1055 4
0.1087 4
0.1119 4
0.1150 4
0.1182 4
0.1213 4
0.1246 4
0.1277 4
0.1309 4
0.1341 4
0.1373 4
0.1404 4
0.1436 4
0.1467 4
0.1499 4
0.1530 4
0.1562 4
0.1594 4
0.1625 4
0.1657 4
0.1688 4
0.1721 4
0.1752 4
0.1784 4
0.1816 4
0.1848 4
0.1880 4
0.1912 4
0.1944 4
0.1976 4
0.2007 4
0.2040 4
0.2072 4
0.2104 4
0.2135 4
0.2167 4
0.2198 4
0.2230 4
0.2261 4
0.2293 4
0.2325 4
0.2356 4
0.2388 4
0.2419 4
0.2451 4
0.2482 4
0.2514 4
0.2546 4
0.2577 4
0.2609 4
0.2640 4
0.2672 4
0.2703 4
0.2735 4
0.2766 4
0.2798 4
0.2829 4
0.2861 4
0.2892 4
0.2923 4
0.2955 4
0.2987 4
0.3020 4
0.3051 4
0.3083 4
0.3115 4
0.3147 4
0.3178 4
