0.0000 3
0.0026 3
0.0052 3
0.0076 3
0.0101 3
0.0125 3
0.0150 3
0.0175 3
0.0199 3
0.0223 3
0.0248 3
0.0272 3
0.0296 3
0.0320 3
0.0344 3
0.0367 3
0.0391 3
0.0415 3
0.0439 3
0.0463 3
0.0487 3
0.0510 3
0.0534 3
0.0557 3
0.0581 3
0.0605 3
0.0628 3
0.0652 3
0.0676 3
0.0699 3
0.0723 3
0.0747 3
0.0770 3
0.0794 3
0.0818 3
0.0842 3
0.0866 3
0.0890 3
0.0914 3
0.0937 3
0.0961 3
0.0985 3
0.1009 3
0.1033 3
0.1057 3
0.1080 3
0.1104 3
0.1128 3
0.1152 3
0.1176 3
0.1199 3
0.1223 3
0.1247 3
0.1271 3
0.1295 3
0.1318 3
0.1342 3
0.1366 3
0.1389 3
0.1413 3
0.1437 3
0.1460 3
0.1484 3
0.1508 3
0.1532 3
0.1555 3
0.1579 3
0.1603 3
0.1627 3
0.1650 3
0.1674 3
0.1698 3
0.1722 3
0.1745 3
0.1769 3
0.1793 3
0.1816 3
0.1840 3
0.1864 3
0.1887 3
0.1911 3
0.1935 3
0.1958 3
0.1982 3
0.2006 3
0.2030 3
0.2054 3
0.2077 3
0.2102 3
0.2126 3
0.2149 3
0.2173 3
0.2196 3
0.2220 3
0.2244 3
0.2268 3
0.2292 3
0.2315 3
0.2339 3
0.2364 3
0.2388 3
