0.0000 3
0.0033 3
0.0064 3
0.0094 3
0.0125 3
0.0155 3
0.0185 3
0.0216 3
0.0245 3
0.0275 3
0.0304 3
0.0334 3
0.0364 3
0.0394 3
0.0423 3
0.0453 3
0.0483 3
0.0512 3
0.0541 3
0.0571 3
0.0600 3
0.0629 3
0.0660 3
0.0689 3
0.0719 3
0.0749 3
0.0778 3
0.0808 3
0.0837 3
0.0867 3
0.0896 3
0.0926 3
0.0955 3
0.0984 3
0.1014 3
0.1044 3
0.1073 3
0.1103 3
0.1132 3
0.1161 3
0.1191 3
0.1220 3
0.1249 3
0.1279 3
0.1308 3
0.1337 3
0.1371 3
0.1403 3
0.1432 3
0.1462 3
0.1492 3
0.1522 3
0.1551 3
0.1581 3
0.1611 3
0.1640 3
0.1670 3
0.1700 3
0.1730 3
0.1759 3
0.1791 3
0.1822 3
0.1853 3
0.1882 3
0.1911 3
0.1941 3
0.1970 3
0.2000 3
0.2029 3
0.2058 3
0.2089 3
0.2118 3
0.2147 3
0.2177 3
0.2206 3
0.2236 3
0.2265 3
0.2294 3
0.2324 3
0.2354 3
0.2384 3
0.2414 3
0.2444 3
0.2473 3
0.2504 3
0.2535 3
0.2564 3
0.2593 3
0.2623 3
0.2654 3
0.2685 3
0.2715 3
0.2746 3
0.2776 3
0.2806 3
0.2836 3
0.2866 3
0.2896 3
0.2926 3
0.2955 3
0.2985 3
