0.0000 4
0.0015 3
0.0042 3
0.0072 3
0.0102 3
0.0133 3
0.0163 3
0.0193 3
0.0223 3
0.0253 3
0.0283 3
0.0313 3
0.0343 3
0.0373 3
0.0403 3
0.0433 3
0.0463 3
0.0492 3
0.0522 3
0.0552 3
0.0582 3
0.0612 3
0.0642 3
0.0674 3
0.0704 3
0.0733 3
0.0763 3
0.0793 3
0.0823 3
0.0853 3
0.0883 3
0.0912 3
0.0942 3
0.0972 3
0.1002 3
0.1031 3
0.1061 3
0.1091 3
0.1121 3
0.1150 3
0.1180 3
0.1210 3
0.1241 3
0.1271 3
0.1300 3
0.1330 3
0.1360 3
0.1389 3
0.1419 3
0.1448 3
0.1478 3
0.1508 3
0.1539 3
0.1571 3
0.1601 3
0.1631 3
0.1661 3
0.1691 3
0.1721 3
0.1751 3
0.1781 3
0.1811 3
0.1841 3
0.1871 3
0.1901 3
0.1930 3
0.1960 3
0.1990 3
0.2020 3
0.2049 3
0.2079 3
0.2109 3
0.2139 3
0.2169 3
0.2198 3
0.2228 3
0.2258 3
0.2288 3
0.2317 3
0.2347 3
0.2377 3
0.2407 3
0.2436 3
0.2466 3
0.2496 3
0.2525 3
0.2555 3
0.2585 3
0.2614 3
0.2644 3
0.2674 3
0.2704 3
0.2734 3
0.2764 3
0.2794 3
0.2824 3
0.2853 3
0.2883 3
0.2913 3
0.2943 3
0.2973 3
0.3002 3
