0.0000 3
0.0038 3
0.0068 3
0.0099 3
0.0129 3
0.0159 3
0.0188 3
0.0217 3
0.0247 3
0.0276 3
0.0305 3
0.0335 3
0.0364 3
0.0393 3
0.0422 3
0.0451 3
0.0480 3
0.0509 3
0.0538 3
0.0568 3
0.0597 3
0.0626 3
0.0655 3
0.0684 3
0.0713 3
0.0742 3
0.0771 3
0.0800 3
0.0829 3
0.0859 3
0.0888 3
0.0917 3
0.0946 3
0.0975 3
0.1004 3
0.1033 3
0.1062 3
0.1091 3
0.1121 3
0.1151 3
0.1180 3
0.1209 3
0.1239 3
0.1268 3
0.1297 3
0.1327 3
0.1356 3
0.1385 3
0.1414 3
0.1443 3
0.1473 3
0.1502 3
0.1531 3
0.1560 3
0.1589 3
0.1618 3
0.1647 3
0.1677 3
0.1706 3
0.1735 3
0.1764 3
0.1793 3
0.1822 3
0.1851 3
0.1881 3
0.1910 3
0.1939 3
0.1968 3
0.1998 3
0.2027 3
0.2056 3
0.2086 3
0.2115 3
0.2144 3
0.2173 3
0.2202 3
0.2231 3
0.2260 3
0.2289 3
0.2318 3
0.2347 3
0.2376 3
0.2405 3
0.2434 3
0.2464 3
0.2493 3
0.2522 3
0.2551 3
0.2580 3
0.2609 3
0.2639 3
0.2668 3
0.2697 3
0.2726 3
0.2755 3
0.2784 3
0.2813 3
0.2842 3
0.2871 3
0.2900 3
0.2929 3
