0.0000 3
0.0011 2
0.0032 2
0.0057 2
0.0080 2
0.0104 2
0.0128 2
0.0152 2
0.0175 2
0.0199 2
0.0222 2
0.0245 2
0.0269 2
0.0292 2
0.0315 2
0.0338 2
0.0362 2
0.0385 2
0.0408 2
0.0431 2
0.0455 2
0.0478 2
0.0501 2
0.0524 2
0.0547 2
0.0571 2
0.0595 2
0.0618 2
0.0641 2
0.0664 2
0.0688 2
0.0711 2
0.0734 2
0.0757 2
0.0781 2
0.0804 2
0.0827 2
0.0850 2
0.0873 2
0.0897 2
0.0920 2
0.0943 2
0.0967 2
0.0990 2
0.1013 2
0.1036 2
0.1059 2
0.1083 2
0.1106 2
0.1129 2
0.1152 2
0.1176 2
0.1199 2
0.1224 2
0.1248 2
0.1272 2
0.1295 2
0.1318 2
0.1341 2
0.1364 2
0.1387 2
0.1411 2
0.1434 2
0.1457 2
0.1480 2
0.1503 2
0.1526 2
0.1550 2
0.1573 2
0.1596 2
0.1620 2
0.1643 2
0.1666 2
0.1689 2
0.1712 2
0.1736 2
0.1759 2
0.1782 2
0.1806 2
0.1829 2
0.1853 2
0.1876 2
0.1899 2
0.1922 2
0.1945 2
0.1969 2
0.1992 2
0.2015 2
0.2038 2
0.2062 2
0.2085 2
0.2108 2
0.2132 2
0.2155 2
0.2178 2
0.2201 2
0.2225 2
0.2248 2
0.2271 2
0.2294 2
0.2318 2
0.2344 2
