0.0000 3
0.0003 2
0.0036 2
0.0065 2
0.0094 2
0.0122 2
0.0151 2
0.0180 2
0.0208 2
0.0236 2
0.0265 2
0.0294 2
0.0322 2
0.0350 2
0.0378 2
0.0406 2
0.0434 2
0.0462 2
0.0490 2
0.0518 2
0.0546 2
0.0574 2
0.0602 2
0.0630 2
0.0658 2
0.0686 2
0.0714 2
0.0742 2
0.0770 2
0.0798 2
0.0826 2
0.0854 2
0.0882 2
0.0910 2
0.0938 2
0.0967 2
0.0995 2
0.1023 2
0.1051 2
0.1079 2
0.1107 2
0.1135 2
0.1163 2
0.1191 2
0.1219 2
0.1247 2
0.1275 2
0.1303 2
0.1331 2
0.1358 2
0.1386 2
0.1414 2
0.1442 2
0.1470 2
0.1498 2
0.1526 2
0.1554 2
0.1582 2
0.1610 2
0.1638 2
0.1666 2
0.1694 2
0.1722 2
0.1750 2
0.1778 2
0.1806 2
0.1834 2
0.1862 2
0.1890 2
0.1918 2
0.1946 2
0.1975 2
0.2003 2
0.2031 2
0.2060 2
0.2088 2
0.2115 2
0.2143 2
0.2172 2
0.2200 2
0.2227 2
0.2255 2
0.2283 2
0.2311 2
0.2339 2
0.2367 2
0.2395 2
0.2423 2
0.2451 2
0.2479 2
0.2507 2
0.2535 2
0.2563 2
0.2591 2
0.2619 2
0.2647 2
0.2675 2
0.2703 2
0.2731 2
0.2759 2
0.2787 2
0.2815 2
