0.0000 5
0.0036 5
0.0066 5
0.0096 5
0.0126 5
0.0156 5
0.0185 5
0.0214 5
0.0244 5
0.0273 5
0.0302 5
0.0332 5
0.0361 5
0.0393 5
0.0425 5
0.0455 5
0.0485 5
0.0514 5
0.0543 5
0.0574 5
0.0604 5
0.0633 5
0.0663 5
0.0692 5
0.0722 5
0.0751 5
0.0781 5
0.0810 5
0.0839 5
0.0869 5
0.0898 5
0.0927 5
0.0956 5
0.0986 5
0.1015 5
0.1044 5
0.1073 5
0.1102 5
0.1131 5
0.1161 5
0.1190 5
0.1219 5
0.1249 5
0.1278 5
0.1308 5
0.1337 5
0.1367 5
0.1397 5
0.1426 5
0.1456 5
0.1485 5
0.1514 5
0.1544 5
0.1573 5
0.1602 5
0.1631 5
0.1660 5
0.1690 5
0.1719 5
0.1748 5
0.1777 5
0.1807 5
0.1836 5
0.1865 5
0.1895 5
0.1924 5
0.1953 5
0.1983 5
0.2012 5
0.2041 5
0.2071 5
0.2100 5
0.2129 5
0.2158 5
0.2188 5
0.2217 5
0.2246 5
0.2275 5
0.2304 5
0.2334 5
0.2363 5
0.2392 5
0.2421 5
0.2450 5
0.2479 5
0.2510 5
0.2539 5
0.2570 5
0.2599 5
0.2630 5
0.2659 5
0.2688 5
0.2717 5
0.2747 5
0.2776 5
0.2805 5
0.2835 5
0.2864 5
0.2894 5
0.2923 5
0.2953 5
