0.0000 4
0.0032 4
0.0058 4
0.0084 4
0.0111 4
0.0137 4
0.0163 4
0.0189 4
0.0214 4
0.0240 4
0.0266 4
0.0292 4
0.0318 4
0.0350 4
0.0375 4
0.0402 4
0.0429 4
0.0454 4
0.0480 4
0.0506 4
0.0531 4
0.0557 4
0.0583 4
0.0608 4
0.0634 4
0.0659 4
0.0685 4
0.0710 4
0.0735 4
0.0760 4
0.0785 4
0.0810 4
0.0835 4
0.0860 4
0.0885 4
0.0910 4
0.0934 4
0.0959 4
0.0984 4
0.1009 4
0.1034 4
0.1059 4
0.1084 4
0.1109 4
0.1133 4
0.1158 4
0.1183 4
0.1207 4
0.1232 4
0.1257 4
0.1282 4
0.1307 4
0.1331 4
0.1356 4
0.1381 4
0.1406 4
0.1431 4
0.1456 4
0.1481 4
0.1506 4
0.1530 4
0.1556 4
0.1581 4
0.1606 4
0.1631 4
0.1656 4
0.1681 4
0.1707 4
0.1732 4
0.1757 4
0.1782 4
0.1807 4
0.1832 4
0.1857 4
0.1882 4
0.1907 4
0.1931 4
0.1956 4
0.1981 4
0.2006 4
0.2031 4
0.2056 4
0.2081 4
0.2106 4
0.2130 4
0.2155 4
0.2180 4
0.2205 4
0.2230 4
0.2255 4
0.2280 4
0.2305 4
0.2330 4
0.2354 4
0.2379 4
0.2405 4
0.2430 4
0.2455 4
0.2479 4
0.2504 4
0.2530 4
