0.0000 3
0.0034 3
0.0065 3
0.0095 3
0.0125 3
0.0156 3
0.0187 3
0.0216 3
0.0246 3
0.0276 3
0.0305 3
0.0335 3
0.0365 3
0.0394 3
0.0424 3
0.0454 3
0.0483 3
0.0513 3
0.0543 3
0.0572 3
0.0602 3
0.0632 3
0.0661 3
0.0691 3
0.0721 3
0.0752 3
0.0781 3
0.0811 3
0.0842 3
0.0872 3
0.0902 3
0.0932 3
0.0961 3
0.0991 3
0.1021 3
0.1050 3
0.1080 3
0.1109 3
0.1139 3
0.1168 3
0.1198 3
0.1228 3
0.1257 3
0.1287 3
0.1316 3
0.1346 3
0.1376 3
0.1405 3
0.1435 3
0.1464 3
0.1494 3
0.1523 3
0.1552 3
0.1582 3
0.1611 3
0.1641 3
0.1670 3
0.1700 3
0.1729 3
0.1759 3
0.1788 3
0.1818 3
0.1847 3
0.1877 3
0.1906 3
0.1936 3
0.1965 3
0.1995 3
0.2024 3
0.2054 3
0.2083 3
0.2113 3
0.2144 3
0.2175 3
0.2204 3
0.2237 3
0.2266 3
0.2295 3
0.2325 3
0.2354 3
0.2384 3
0.2413 3
0.2443 3
0.2472 3
0.2501 3
0.2530 3
0.2562 3
0.2594 3
0.2624 3
0.2653 3
0.2683 3
0.2713 3
0.2743 3
0.2772 3
0.2801 3
0.2831 3
0.2860 3
0.2890 3
0.2919 3
0.2949 3
0.2978 3
