0.0000 6
0.0033 6
0.0064 6
0.0088 5
0.0095 5
0.0126 5
0.0157 5
0.0188 5
0.0218 5
0.0249 5
0.0279 5
0.0311 5
0.0341 5
0.0371 5
0.0403 5
0.0434 5
0.0465 5
0.0496 5
0.0527 5
0.0558 5
0.0589 5
0.0620 5
0.0651 5
0.0682 5
0.0713 5
0.0743 5
0.0774 5
0.0805 5
0.0835 5
0.0866 5
0.0896 5
0.0927 5
0.0957 5
0.0988 5
0.1018 5
0.1048 5
0.1078 5
0.1108 5
0.1138 5
0.1169 5
0.1199 5
0.1229 5
0.1259 5
0.1289 5
0.1320 5
0.1350 5
0.1380 5
0.1411 5
0.1441 5
0.1471 5
0.1501 5
0.1532 5
0.1562 5
0.1592 5
0.1622 5
0.1652 5
0.1683 5
0.1713 5
0.1743 5
0.1773 5
0.1804 5
0.1834 5
0.1865 5
0.1895 5
0.1925 5
0.1955 5
0.1986 5
0.2016 5
0.2046 5
0.2078 5
0.2108 5
0.2138 5
0.2169 5
0.2199 5
0.2229 5
0.2259 5
0.2290 5
0.2320 5
0.2350 5
0.2381 5
0.2411 5
0.2441 5
0.2471 5
0.2504 5
0.2536 5
0.2568 5
0.2600 5
0.2632 5
0.2662 5
0.2694 5
0.2725 5
0.2757 5
0.2788 5
0.2819 5
0.2851 5
0.2882 5
0.2914 5
0.2944 5
0.2975 5
0.3006 5
0.3037 5
0.3068 5
0.3098 5
0.3129 5
