0.0000 3
0.0031 3
0.0056 3
0.0081 3
0.0106 3
0.0131 3
0.0155 3
0.0180 3
0.0206 3
0.0231 3
0.0255 3
0.0280 3
0.0305 3
0.0335 3
0.0360 3
0.0384 3
0.0409 3
0.0434 3
0.0458 3
0.0483 3
0.0507 3
0.0531 3
0.0555 3
0.0580 3
0.0604 3
0.0628 3
0.0652 3
0.0676 3
0.0701 3
0.0725 3
0.0749 3
0.0773 3
0.0797 3
0.0822 3
0.0846 3
0.0870 3
0.0894 3
0.0918 3
0.0942 3
0.0966 3
0.0991 3
0.1015 3
0.1039 3
0.1063 3
0.1088 3
0.1113 3
0.1137 3
0.1161 3
0.1185 3
0.1209 3
0.1233 3
0.1258 3
0.1282 3
0.1306 3
0.1330 3
0.1354 3
0.1378 3
0.1403 3
0.1427 3
0.1451 3
0.1475 3
0.1499 3
0.1523 3
0.1547 3
0.1571 3
0.1595 3
0.1620 3
0.1644 3
0.1668 3
0.1692 3
0.1716 3
0.1740 3
0.1764 3
0.1788 3
0.1813 3
0.1838 3
0.1862 3
0.1887 3
0.1911 3
0.1935 3
0.1960 3
0.1984 3
0.2008 3
0.2033 3
0.2057 3
0.2082 3
0.2107 3
0.2131 3
0.2155 3
0.2179 3
0.2203 3
0.2227 3
0.2252 3
0.2276 3
0.2300 3
0.2324 3
0.2348 3
0.2372 3
0.2396 3
0.2420 3
0.2444 3
