0.0000 6
0.0029 6
0.0055 5
0.0055 5
0.0081 5
0.0108 5
0.0133 5
0.0159 5
0.0185 5
0.0211 5
0.0236 5
0.0262 5
0.0287 5
0.0312 5
0.0338 5
0.0363 5
0.0388 5
0.0414 5
0.0439 5
0.0464 5
0.0490 5
0.0515 5
0.0540 5
0.0565 5
0.0591 5
0.0617 5
0.0642 5
0.0667 5
0.0693 5
0.0718 5
0.0743 5
0.0769 5
0.0794 5
0.0820 5
0.0845 5
0.0870 5
0.0895 5
0.0921 5
0.0946 5
0.0971 5
0.0996 5
0.1022 5
0.1047 5
0.1072 5
0.1097 5
0.1122 5
0.1148 5
0.1173 5
0.1198 5
0.1223 5
0.1248 5
0.1274 5
0.1299 5
0.1324 5
0.1349 5
0.1375 5
0.1400 5
0.1425 5
0.1450 5
0.1476 5
0.1501 5
0.1526 5
0.1551 5
0.1577 5
0.1602 5
0.1627 5
0.1652 5
0.1677 5
0.1703 5
0.1728 5
0.1753 5
0.1778 5
0.1804 5
0.1829 5
0.1854 5
0.1879 5
0.1905 5
0.1930 5
0.1955 5
0.1980 5
0.2005 5
0.2031 5
0.2056 5
0.2082 5
0.2109 5
0.2134 5
0.2159 5
0.2185 5
0.2210 5
0.2235 5
0.2260 5
0.2285 5
0.2311 5
0.2336 5
0.2361 5
0.2386 5
0.2412 5
0.2437 5
0.2462 5
0.2487 5
0.2512 5
0.2538 5
0.2563 5
0.2588 5
