0.0000 4
0.0003 3
0.0029 3
0.0053 3
0.0078 3
0.0103 3
0.0128 3
0.0153 3
0.0177 3
0.0202 3
0.0227 3
0.0251 3
0.0276 3
0.0300 3
0.0324 3
0.0349 3
0.0373 3
0.0397 3
0.0422 3
0.0446 3
0.0470 3
0.0495 3
0.0519 3
0.0543 3
0.0567 3
0.0591 3
0.0616 3
0.0640 3
0.0665 3
0.0689 3
0.0714 3
0.0738 3
0.0762 3
0.0786 3
0.0810 3
0.0834 3
0.0859 3
0.0883 3
0.0907 3
0.0931 3
0.0955 3
0.0978 3
0.1002 3
0.1026 3
0.1050 3
0.1074 3
0.1098 3
0.1122 3
0.1146 3
0.1170 3
0.1194 3
0.1218 3
0.1242 3
0.1266 3
0.1290 3
0.1314 3
0.1338 3
0.1362 3
0.1386 3
0.1410 3
0.1434 3
0.1457 3
0.1481 3
0.1505 3
0.1529 3
0.1553 3
0.1577 3
0.1601 3
0.1625 3
0.1649 3
0.1672 3
0.1696 3
0.1720 3
0.1744 3
0.1768 3
0.1792 3
0.1816 3
0.1840 3
0.1864 3
0.1887 3
0.1911 3
0.1935 3
0.1959 3
0.1983 3
0.2007 3
0.2031 3
0.2055 3
0.2080 3
0.2104 3
0.2128 3
0.2152 3
0.2176 3
0.2200 3
0.2224 3
0.2248 3
0.2272 3
0.2297 3
0.2321 3
0.2345 3
0.2369 3
0.2393 3
0.2417 3
