0.0000 4
0.0005 3
0.0033 3
0.0063 3
0.0093 3
0.0124 3
0.0155 3
0.0184 3
0.0214 3
0.0243 3
0.0273 3
0.0303 3
0.0332 3
0.0362 3
0.0391 3
0.0421 3
0.0451 3
0.0481 3
0.0510 3
0.0539 3
0.0569 3
0.0598 3
0.0628 3
0.0657 3
0.0686 3
0.0716 3
0.0745 3
0.0774 3
0.0804 3
0.0833 3
0.0863 3
0.0892 3
0.0921 3
0.0951 3
0.0980 3
0.1010 3
0.1039 3
0.1069 3
0.1098 3
0.1128 3
0.1157 3
0.1186 3
0.1216 3
0.1245 3
0.1275 3
0.1304 3
0.1334 3
0.1363 3
0.1393 3
0.1422 3
0.1451 3
0.1481 3
0.1510 3
0.1540 3
0.1569 3
0.1599 3
0.1629 3
0.1658 3
0.1688 3
0.1717 3
0.1747 3
0.1777 3
0.1806 3
0.1836 3
0.1869 3
0.1899 3
0.1929 3
0.1958 3
0.1988 3
0.2017 3
0.2046 3
0.2077 3
0.2106 3
0.2136 3
0.2165 3
0.2195 3
0.2224 3
0.2254 3
0.2283 3
0.2313 3
0.2342 3
0.2372 3
0.2401 3
0.2431 3
0.2461 3
0.2491 3
0.2520 3
0.2549 3
0.2579 3
0.2608 3
0.2638 3
0.2669 3
0.2700 3
0.2730 3
0.2761 3
0.2791 3
0.2821 3
0.2851 3
0.2881 3
0.2911 3
0.2941 3
0.2970 3
