0.0000 4
0.0028 3
0.0031 3
0.0057 3
0.0082 3
0.0107 3
0.0132 3
0.0157 3
0.0182 3
0.0207 3
0.0232 3
0.0257 3
0.0281 3
0.0306 3
0.0331 3
0.0355 3
0.0380 3
0.0405 3
0.0429 3
0.0454 3
0.0478 3
0.0502 3
0.0526 3
0.0551 3
0.0575 3
0.0599 3
0.0624 3
0.0648 3
0.0672 3
0.0697 3
0.0721 3
0.0745 3
0.0770 3
0.0794 3
0.0819 3
0.0843 3
0.0868 3
0.0892 3
0.0917 3
0.0941 3
0.0966 3
0.0990 3
0.1015 3
0.1039 3
0.1063 3
0.1088 3
0.1112 3
0.1137 3
0.1161 3
0.1186 3
0.1210 3
0.1235 3
0.1259 3
0.1283 3
0.1307 3
0.1332 3
0.1356 3
0.1380 3
0.1405 3
0.1431 3
0.1458 3
0.1483 3
0.1507 3
0.1532 3
0.1557 3
0.1581 3
0.1606 3
0.1630 3
0.1655 3
0.1679 3
0.1704 3
0.1728 3
0.1753 3
0.1777 3
0.1801 3
0.1826 3
0.1853 3
0.1898 3
0.1927 3
0.1951 3
0.1976 3
0.2002 3
0.2027 3
0.2052 3
0.2078 3
0.2102 3
0.2127 3
0.2152 3
0.2177 3
0.2201 3
0.2226 3
0.2251 3
0.2275 3
0.2300 3
0.2324 3
0.2349 3
0.2373 3
0.2398 3
0.2422 3
0.2447 3
0.2472 3
0.2496 3
