0.0000 5
0.0019 4
0.0028 4
0.0054 4
0.0079 4
0.0105 4
0.0131 4
0.0157 4
0.0183 4
0.0208 4
0.0234 4
0.0259 4
0.0284 4
0.0310 4
0.0335 4
0.0360 4
0.0386 4
0.0411 4
0.0436 4
0.0461 4
0.0486 4
0.0511 4
0.0537 4
0.0562 4
0.0587 4
0.0612 4
0.0637 4
0.0662 4
0.0687 4
0.0713 4
0.0738 4
0.0763 4
0.0788 4
0.0813 4
0.0839 4
0.0864 4
0.0889 4
0.0914 4
0.0939 4
0.0968 4
0.0993 4
0.1018 4
0.1044 4
0.1069 4
0.1094 4
0.1119 4
0.1144 4
0.1170 4
0.1195 4
0.1220 4
0.1245 4
0.1271 4
0.1296 4
0.1321 4
0.1346 4
0.1372 4
0.1397 4
0.1422 4
0.1447 4
0.1472 4
0.1499 4
0.1524 4
0.1549 4
0.1575 4
0.1600 4
0.1626 4
0.1652 4
0.1677 4
0.1703 4
0.1729 4
0.1754 4
0.1780 4
0.1806 4
0.1831 4
0.1857 4
0.1883 4
0.1908 4
0.1934 4
0.1959 4
0.1985 4
0.2011 4
0.2036 4
0.2062 4
0.2088 4
0.2113 4
0.2140 4
0.2165 4
0.2190 4
0.2216 4
0.2241 4
0.2266 4
0.2292 4
0.2318 4
0.2343 4
0.2368 4
0.2393 4
0.2419 4
0.2444 4
0.2469 4
0.2494 4
0.2519 4
0.2545 4
