0.0000 3
0.0010 2
0.0031 2
0.0054 2
0.0078 2
0.0102 2
0.0126 2
0.0149 2
0.0173 2
0.0197 2
0.0220 2
0.0245 2
0.0268 2
0.0292 2
0.0316 2
0.0340 2
0.0364 2
0.0387 2
0.0411 2
0.0435 2
0.0458 2
0.0482 2
0.0505 2
0.0529 2
0.0553 2
0.0576 2
0.0600 2
0.0623 2
0.0647 2
0.0671 2
0.0694 2
0.0717 2
0.0740 2
0.0763 2
0.0786 2
0.0809 2
0.0832 2
0.0855 2
0.0879 2
0.0902 2
0.0925 2
0.0948 2
0.0971 2
0.0994 2
0.1017 2
0.1040 2
0.1063 2
0.1086 2
0.1109 2
0.1132 2
0.1156 2
0.1179 2
0.1202 2
0.1225 2
0.1248 2
0.1271 2
0.1294 2
0.1317 2
0.1340 2
0.1363 2
0.1386 2
0.1409 2
0.1432 2
0.1455 2
0.1478 2
0.1501 2
0.1524 2
0.1547 2
0.1570 2
0.1593 2
0.1616 2
0.1639 2
0.1662 2
0.1685 2
0.1708 2
0.1731 2
0.1757 2
0.1780 2
0.1803 2
0.1827 2
0.1849 2
0.1872 2
0.1895 2
0.1918 2
0.1941 2
0.1964 2
0.1987 2
0.2010 2
0.2033 2
0.2056 2
0.2080 2
0.2103 2
0.2126 2
0.2148 2
0.2171 2
0.2197 2
0.2221 2
0.2247 2
0.2271 2
0.2295 2
0.2319 2
0.2342 2
