0.0000 3
0.0009 2
0.0027 2
0.0051 2
0.0074 2
0.0098 2
0.0121 2
0.0144 2
0.0168 2
0.0190 2
0.0213 2
0.0236 2
0.0258 2
0.0281 2
0.0304 2
0.0327 2
0.0349 2
0.0372 2
0.0395 2
0.0418 2
0.0440 2
0.0463 2
0.0486 2
0.0508 2
0.0531 2
0.0554 2
0.0577 2
0.0600 2
0.0623 2
0.0646 2
0.0669 2
0.0692 2
0.0714 2
0.0737 2
0.0760 2
0.0783 2
0.0806 2
0.0829 2
0.0852 2
0.0874 2
0.0897 2
0.0920 2
0.0943 2
0.0966 2
0.0989 2
0.1012 2
0.1034 2
0.1057 2
0.1080 2
0.1103 2
0.1126 2
0.1148 2
0.1171 2
0.1194 2
0.1216 2
0.1239 2
0.1262 2
0.1285 2
0.1307 2
0.1330 2
0.1353 2
0.1375 2
0.1398 2
0.1421 2
0.1443 2
0.1466 2
0.1489 2
0.1512 2
0.1535 2
0.1557 2
0.1580 2
0.1603 2
0.1626 2
0.1649 2
0.1672 2
0.1695 2
0.1718 2
0.1741 2
0.1763 2
0.1786 2
0.1809 2
0.1832 2
0.1855 2
0.1877 2
0.1900 2
0.1923 2
0.1946 2
0.1969 2
0.1991 2
0.2014 2
0.2037 2
0.2060 2
0.2083 2
0.2106 2
0.2129 2
0.2152 2
0.2175 2
0.2198 2
0.2222 2
0.2245 2
0.2268 2
0.2290 2
