0.0000 4
0.0029 4
0.0039 3
0.0054 3
0.0079 3
0.0103 3
0.0128 3
0.0153 3
0.0177 3
0.0203 3
0.0228 3
0.0252 3
0.0276 3
0.0300 3
0.0325 3
0.0349 3
0.0373 3
0.0398 3
0.0424 3
0.0450 3
0.0475 3
0.0500 3
0.0525 3
0.0550 3
0.0574 3
0.0599 3
0.0624 3
0.0648 3
0.0673 3
0.0697 3
0.0722 3
0.0747 3
0.0772 3
0.0797 3
0.0822 3
0.0847 3
0.0872 3
0.0896 3
0.0921 3
0.0946 3
0.0970 3
0.0995 3
0.1020 3
0.1044 3
0.1070 3
0.1094 3
0.1119 3
0.1143 3
0.1168 3
0.1192 3
0.1216 3
0.1241 3
0.1265 3
0.1290 3
0.1314 3
0.1338 3
0.1363 3
0.1388 3
0.1412 3
0.1436 3
0.1460 3
0.1484 3
0.1508 3
0.1532 3
0.1555 3
0.1579 3
0.1603 3
0.1628 3
0.1652 3
0.1676 3
0.1699 3
0.1723 3
0.1747 3
0.1771 3
0.1794 3
0.1818 3
0.1842 3
0.1866 3
0.1890 3
0.1914 3
0.1938 3
0.1962 3
0.1986 3
0.2009 3
0.2033 3
0.2057 3
0.2081 3
0.2105 3
0.2129 3
0.2153 3
0.2177 3
0.2201 3
0.2225 3
0.2249 3
0.2273 3
0.2297 3
0.2321 3
0.2345 3
0.2369 3
0.2393 3
0.2417 3
0.2441 3
0.2465 3
