0.0000 6
0.0033 6
0.0055 5
0.0064 5
0.0096 5
0.0127 5
0.0157 5
0.0188 5
0.0219 5
0.0249 5
0.0279 5
0.0309 5
0.0339 5
0.0369 5
0.0399 5
0.0429 5
0.0459 5
0.0488 5
0.0518 5
0.0548 5
0.0578 5
0.0608 5
0.0638 5
0.0668 5
0.0698 5
0.0728 5
0.0757 5
0.0787 5
0.0816 5
0.0846 5
0.0875 5
0.0905 5
0.0934 5
0.0963 5
0.0993 5
0.1022 5
0.1052 5
0.1081 5
0.1111 5
0.1140 5
0.1170 5
0.1199 5
0.1229 5
0.1258 5
0.1288 5
0.1317 5
0.1347 5
0.1377 5
0.1406 5
0.1436 5
0.1465 5
0.1495 5
0.1524 5
0.1554 5
0.1584 5
0.1613 5
0.1643 5
0.1672 5
0.1702 5
0.1731 5
0.1761 5
0.1790 5
0.1820 5
0.1849 5
0.1879 5
0.1908 5
0.1938 5
0.1967 5
0.1997 5
0.2027 5
0.2056 5
0.2087 5
0.2116 5
0.2146 5
0.2176 5
0.2206 5
0.2236 5
0.2266 5
0.2295 5
0.2326 5
0.2355 5
0.2386 5
0.2416 5
0.2446 5
0.2476 5
0.2506 5
0.2536 5
0.2566 5
0.2596 5
0.2626 5
0.2656 5
0.2685 5
0.2716 5
0.2745 5
0.2775 5
0.2804 5
0.2834 5
0.2863 5
0.2893 5
0.2922 5
0.2952 5
0.2981 5
0.3011 5
