0.0000 4
0.0005 3
0.0028 3
0.0052 3
0.0075 3
0.0100 3
0.0124 3
0.0148 3
0.0171 3
0.0195 3
0.0219 3
0.0243 3
0.0266 3
0.0290 3
0.0313 3
0.0337 3
0.0361 3
0.0384 3
0.0408 3
0.0431 3
0.0455 3
0.0478 3
0.0502 3
0.0525 3
0.0549 3
0.0573 3
0.0596 3
0.0620 3
0.0643 3
0.0668 3
0.0691 3
0.0715 3
0.0739 3
0.0762 3
0.0787 3
0.0810 3
0.0834 3
0.0857 3
0.0880 3
0.0904 3
0.0927 3
0.0951 3
0.0974 3
0.0997 3
0.1021 3
0.1044 3
0.1068 3
0.1091 3
0.1115 3
0.1138 3
0.1162 3
0.1189 3
0.1214 3
0.1239 3
0.1264 3
0.1287 3
0.1312 3
0.1336 3
0.1360 3
0.1384 3
0.1408 3
0.1431 3
0.1455 3
0.1479 3
0.1502 3
0.1526 3
0.1549 3
0.1573 3
0.1596 3
0.1620 3
0.1643 3
0.1667 3
0.1690 3
0.1714 3
0.1737 3
0.1761 3
0.1784 3
0.1808 3
0.1831 3
0.1855 3
0.1878 3
0.1901 3
0.1925 3
0.1948 3
0.1972 3
0.1995 3
0.2019 3
0.2042 3
0.2067 3
0.2090 3
0.2114 3
0.2138 3
0.2162 3
0.2185 3
0.2209 3
0.2233 3
0.2256 3
0.2280 3
0.2303 3
0.2327 3
0.2350 3
0.2374 3
