0.0000 3
0.0005 2
0.0026 2
0.0050 2
0.0073 2
0.0096 2
0.0120 2
0.0142 2
0.0166 2
0.0188 2
0.0211 2
0.0233 2
0.0256 2
0.0278 2
0.0300 2
0.0323 2
0.0345 2
0.0368 2
0.0390 2
0.0412 2
0.0435 2
0.0457 2
0.0479 2
0.0502 2
0.0524 2
0.0546 2
0.0569 2
0.0591 2
0.0613 2
0.0635 2
0.0658 2
0.0680 2
0.0702 2
0.0724 2
0.0746 2
0.0768 2
0.0791 2
0.0813 2
0.0835 2
0.0857 2
0.0881 2
0.0904 2
0.0928 2
0.0951 2
0.0974 2
0.0997 2
0.1020 2
0.1043 2
0.1066 2
0.1089 2
0.1112 2
0.1135 2
0.1158 2
0.1181 2
0.1204 2
0.1226 2
0.1250 2
0.1272 2
0.1294 2
0.1317 2
0.1339 2
0.1362 2
0.1384 2
0.1407 2
0.1429 2
0.1452 2
0.1474 2
0.1496 2
0.1519 2
0.1542 2
0.1564 2
0.1587 2
0.1609 2
0.1632 2
0.1654 2
0.1677 2
0.1699 2
0.1722 2
0.1745 2
0.1767 2
0.1789 2
0.1812 2
0.1835 2
0.1857 2
0.1881 2
0.1903 2
0.1926 2
0.1949 2
0.1972 2
0.1995 2
0.2018 2
0.2041 2
0.2063 2
0.2086 2
0.2109 2
0.2132 2
0.2154 2
0.2176 2
0.2199 2
0.2222 2
0.2244 2
0.2266 2
