0.0000 3
0.0006 2
0.0031 2
0.0060 2
0.0089 2
0.0117 2
0.0146 2
0.0177 2
0.0205 2
0.0233 2
0.0261 2
0.0289 2
0.0317 2
0.0345 2
0.0376 2
0.0404 2
0.0432 2
0.0461 2
0.0489 2
0.0517 2
0.0546 2
0.0574 2
0.0602 2
0.0630 2
0.0657 2
0.0685 2
0.0713 2
0.0741 2
0.0769 2
0.0796 2
0.0824 2
0.0852 2
0.0880 2
0.0908 2
0.0936 2
0.0964 2
0.0992 2
0.1020 2
0.1048 2
0.1076 2
0.1103 2
0.1131 2
0.1159 2
0.1187 2
0.1215 2
0.1243 2
0.1271 2
0.1299 2
0.1326 2
0.1354 2
0.1382 2
0.1410 2
0.1438 2
0.1466 2
0.1494 2
0.1521 2
0.1549 2
0.1580 2
0.1608 2
0.1636 2
0.1664 2
0.1692 2
0.1720 2
0.1747 2
0.1775 2
0.1803 2
0.1831 2
0.1859 2
0.1887 2
0.1914 2
0.1942 2
0.1971 2
0.2003 2
0.2033 2
0.2062 2
0.2090 2
0.2118 2
0.2146 2
0.2174 2
0.2202 2
0.2231 2
0.2259 2
0.2288 2
0.2316 2
0.2344 2
0.2373 2
0.2401 2
0.2428 2
0.2456 2
0.2485 2
0.2513 2
0.2541 2
0.2569 2
0.2597 2
0.2625 2
0.2653 2
0.2681 2
0.2709 2
0.2737 2
0.2765 2
0.2793 2
0.2821 2
