0.0000 3
0.0004 2
0.0030 2
0.0058 2
0.0086 2
0.0114 2
0.0142 2
0.0170 2
0.0197 2
0.0226 2
0.0253 2
0.0281 2
0.0309 2
0.0336 2
0.0363 2
0.0390 2
0.0418 2
0.0445 2
0.0473 2
0.0501 2
0.0529 2
0.0556 2
0.0584 2
0.0612 2
0.0641 2
0.0668 2
0.0695 2
0.0722 2
0.0750 2
0.0777 2
0.0804 2
0.0831 2
0.0859 2
0.0887 2
0.0914 2
0.0941 2
0.0968 2
0.0995 2
0.1022 2
0.1050 2
0.1077 2
0.1104 2
0.1132 2
0.1159 2
0.1186 2
0.1214 2
0.1241 2
0.1268 2
0.1296 2
0.1323 2
0.1350 2
0.1378 2
0.1405 2
0.1432 2
0.1460 2
0.1487 2
0.1514 2
0.1541 2
0.1569 2
0.1596 2
0.1623 2
0.1651 2
0.1678 2
0.1705 2
0.1734 2
0.1762 2
0.1789 2
0.1816 2
0.1843 2
0.1870 2
0.1898 2
0.1925 2
0.1952 2
0.1979 2
0.2007 2
0.2034 2
0.2062 2
0.2090 2
0.2117 2
0.2144 2
0.2171 2
0.2199 2
0.2226 2
0.2253 2
0.2281 2
0.2308 2
0.2335 2
0.2362 2
0.2390 2
0.2417 2
0.2444 2
0.2471 2
0.2499 2
0.2526 2
0.2553 2
0.2580 2
0.2608 2
0.2635 2
0.2661 2
0.2688 2
0.2715 2
0.2742 2
