0.0000 6
0.0012 5
0.0036 5
0.0067 5
0.0098 5
0.0129 5
0.0161 5
0.0192 5
0.0222 5
0.0253 5
0.0284 5
0.0314 5
0.0345 5
0.0375 5
0.0406 5
0.0436 5
0.0466 5
0.0497 5
0.0527 5
0.0557 5
0.0588 5
0.0618 5
0.0649 5
0.0679 5
0.0710 5
0.0740 5
0.0770 5
0.0801 5
0.0832 5
0.0862 5
0.0893 5
0.0923 5
0.0954 5
0.0984 5
0.1015 5
0.1046 5
0.1076 5
0.1107 5
0.1138 5
0.1169 5
0.1200 5
0.1230 5
0.1260 5
0.1291 5
0.1321 5
0.1352 5
0.1382 5
0.1413 5
0.1443 5
0.1474 5
0.1504 5
0.1534 5
0.1564 5
0.1595 5
0.1625 5
0.1656 5
0.1686 5
0.1717 5
0.1747 5
0.1777 5
0.1808 5
0.1838 5
0.1869 5
0.1899 5
0.1929 5
0.1961 5
0.1991 5
0.2021 5
0.2052 5
0.2083 5
0.2113 5
0.2144 5
0.2174 5
0.2204 5
0.2235 5
0.2265 5
0.2295 5
0.2326 5
0.2356 5
0.2386 5
0.2417 5
0.2447 5
0.2477 5
0.2508 5
0.2538 5
0.2568 5
0.2599 5
0.2629 5
0.2660 5
0.2690 5
0.2721 5
0.2751 5
0.2782 5
0.2812 5
0.2843 5
0.2873 5
0.2903 5
0.2934 5
0.2964 5
0.2994 5
0.3025 5
0.3055 5
