0.0000 6
0.0041 6
0.0050 5
0.0072 5
0.0103 5
0.0133 5
0.0165 5
0.0195 5
0.0226 5
0.0256 5
0.0287 5
0.0318 5
0.0349 5
0.0379 5
0.0410 5
0.0440 5
0.0471 5
0.0501 5
0.0531 5
0.0562 5
0.0592 5
0.0623 5
0.0653 5
0.0683 5
0.0715 5
0.0748 5
0.0778 5
0.0812 5
0.0846 5
0.0878 5
0.0909 5
0.0940 5
0.0973 5
0.1004 5
0.1036 5
0.1067 5
0.1098 5
0.1130 5
0.1162 5
0.1193 5
0.1223 5
0.1254 5
0.1284 5
0.1316 5
0.1346 5
0.1377 5
0.1408 5
0.1438 5
0.1469 5
0.1500 5
0.1530 5
0.1562 5
0.1592 5
0.1623 5
0.1654 5
0.1684 5
0.1715 5
0.1746 5
0.1776 5
0.1808 5
0.1839 5
0.1869 5
0.1900 5
0.1930 5
0.1961 5
0.1991 5
0.2021 5
0.2052 5
0.2083 5
0.2113 5
0.2144 5
0.2174 5
0.2204 5
0.2235 5
0.2265 5
0.2295 5
0.2325 5
0.2356 5
0.2386 5
0.2417 5
0.2447 5
0.2477 5
0.2508 5
0.2538 5
0.2569 5
0.2599 5
0.2629 5
0.2660 5
0.2690 5
0.2720 5
0.2751 5
0.2783 5
0.2816 5
0.2847 5
0.2877 5
0.2908 5
0.2938 5
0.2969 5
0.2999 5
0.3030 5
0.3060 5
0.3091 5
0.3121 5
