0.0000 5
0.0028 5
0.0030 4
0.0055 4
0.0081 4
0.0107 4
0.0134 4
0.0161 4
0.0187 4
0.0213 4
0.0238 4
0.0264 4
0.0290 4
0.0316 4
0.0341 4
0.0367 4
0.0392 4
0.0417 4
0.0442 4
0.0468 4
0.0493 4
0.0518 4
0.0544 4
0.0570 4
0.0595 4
0.0620 4
0.0646 4
0.0672 4
0.0697 4
0.0723 4
0.0749 4
0.0775 4
0.0800 4
0.0826 4
0.0851 4
0.0877 4
0.0902 4
0.0927 4
0.0953 4
0.0978 4
0.1004 4
0.1029 4
0.1055 4
0.1080 4
0.1106 4
0.1131 4
0.1156 4
0.1181 4
0.1207 4
0.1232 4
0.1257 4
0.1282 4
0.1307 4
0.1333 4
0.1358 4
0.1383 4
0.1408 4
0.1433 4
0.1459 4
0.1484 4
0.1509 4
0.1534 4
0.1559 4
0.1585 4
0.1610 4
0.1635 4
0.1661 4
0.1687 4
0.1712 4
0.1738 4
0.1763 4
0.1788 4
0.1813 4
0.1838 4
0.1864 4
0.1889 4
0.1914 4
0.1939 4
0.1965 4
0.1990 4
0.2015 4
0.2040 4
0.2066 4
0.2091 4
0.2116 4
0.2141 4
0.2166 4
0.2191 4
0.2216 4
0.2242 4
0.2267 4
0.2292 4
0.2317 4
0.2343 4
0.2368 4
0.2393 4
0.2418 4
0.2443 4
0.2469 4
0.2494 4
0.2519 4
0.2544 4
0.2569 4
