0.0000 4
0.0024 3
0.0026 3
0.0051 3
0.0076 3
0.0101 3
0.0126 3
0.0150 3
0.0175 3
0.0200 3
0.0225 3
0.0249 3
0.0273 3
0.0297 3
0.0321 3
0.0346 3
0.0370 3
0.0394 3
0.0419 3
0.0443 3
0.0467 3
0.0491 3
0.0515 3
0.0539 3
0.0563 3
0.0587 3
0.0611 3
0.0635 3
0.0659 3
0.0683 3
0.0707 3
0.0731 3
0.0755 3
0.0779 3
0.0803 3
0.0827 3
0.0851 3
0.0875 3
0.0899 3
0.0923 3
0.0947 3
0.0971 3
0.0995 3
0.1019 3
0.1043 3
0.1067 3
0.1091 3
0.1115 3
0.1140 3
0.1164 3
0.1188 3
0.1212 3
0.1236 3
0.1260 3
0.1284 3
0.1308 3
0.1332 3
0.1356 3
0.1380 3
0.1404 3
0.1428 3
0.1452 3
0.1476 3
0.1500 3
0.1524 3
0.1548 3
0.1572 3
0.1596 3
0.1620 3
0.1644 3
0.1668 3
0.1692 3
0.1716 3
0.1740 3
0.1764 3
0.1788 3
0.1811 3
0.1835 3
0.1859 3
0.1883 3
0.1907 3
0.1931 3
0.1954 3
0.1978 3
0.2002 3
0.2026 3
0.2050 3
0.2074 3
0.2098 3
0.2122 3
0.2146 3
0.2170 3
0.2194 3
0.2218 3
0.2242 3
0.2265 3
0.2289 3
0.2313 3
0.2338 3
0.2362 3
0.2386 3
0.2410 3
