0.0000 3
0.0022 2
0.0028 2
0.0051 2
0.0076 2
0.0099 2
0.0123 2
0.0147 2
0.0170 2
0.0194 2
0.0217 2
0.0241 2
0.0265 2
0.0288 2
0.0312 2
0.0335 2
0.0359 2
0.0382 2
0.0406 2
0.0430 2
0.0453 2
0.0476 2
0.0499 2
0.0522 2
0.0545 2
0.0568 2
0.0591 2
0.0613 2
0.0636 2
0.0659 2
0.0682 2
0.0705 2
0.0728 2
0.0751 2
0.0774 2
0.0797 2
0.0820 2
0.0843 2
0.0866 2
0.0889 2
0.0912 2
0.0935 2
0.0958 2
0.0980 2
0.1003 2
0.1026 2
0.1049 2
0.1072 2
0.1095 2
0.1118 2
0.1141 2
0.1164 2
0.1187 2
0.1210 2
0.1233 2
0.1255 2
0.1278 2
0.1301 2
0.1324 2
0.1347 2
0.1369 2
0.1392 2
0.1415 2
0.1438 2
0.1461 2
0.1484 2
0.1506 2
0.1529 2
0.1552 2
0.1575 2
0.1598 2
0.1620 2
0.1643 2
0.1666 2
0.1688 2
0.1711 2
0.1734 2
0.1758 2
0.1780 2
0.1803 2
0.1826 2
0.1848 2
0.1871 2
0.1894 2
0.1917 2
0.1940 2
0.1962 2
0.1985 2
0.2008 2
0.2031 2
0.2053 2
0.2077 2
0.2100 2
0.2123 2
0.2145 2
0.2168 2
0.2191 2
0.2214 2
0.2236 2
0.2259 2
0.2282 2
0.2305 2
