0.0000 5
0.0031 5
0.0051 4
0.0061 4
0.0091 4
0.0120 4
0.0149 4
0.0179 4
0.0209 4
0.0238 4
0.0267 4
0.0296 4
0.0326 4
0.0355 4
0.0384 4
0.0413 4
0.0442 4
0.0470 4
0.0500 4
0.0530 4
0.0558 4
0.0587 4
0.0616 4
0.0646 4
0.0675 4
0.0703 4
0.0732 4
0.0760 4
0.0789 4
0.0818 4
0.0846 4
0.0875 4
0.0904 4
0.0932 4
0.0961 4
0.0990 4
0.1018 4
0.1047 4
0.1076 4
0.1105 4
0.1134 4
0.1163 4
0.1192 4
0.1222 4
0.1251 4
0.1281 4
0.1310 4
0.1339 4
0.1367 4
0.1396 4
0.1425 4
0.1453 4
0.1483 4
0.1512 4
0.1541 4
0.1569 4
0.1598 4
0.1627 4
0.1655 4
0.1684 4
0.1713 4
0.1741 4
0.1770 4
0.1798 4
0.1827 4
0.1856 4
0.1884 4
0.1913 4
0.1942 4
0.1971 4
0.2000 4
0.2028 4
0.2057 4
0.2087 4
0.2116 4
0.2145 4
0.2173 4
0.2202 4
0.2231 4
0.2259 4
0.2288 4
0.2316 4
0.2345 4
0.2374 4
0.2403 4
0.2431 4
0.2460 4
0.2489 4
0.2517 4
0.2546 4
0.2575 4
0.2604 4
0.2632 4
0.2662 4
0.2691 4
0.2719 4
0.2748 4
0.2777 4
0.2806 4
0.2835 4
0.2864 4
0.2893 4
0.2922 4
