0.0000 5
0.0033 5
0.0058 5
0.0084 5
0.0109 5
0.0135 5
0.0160 5
0.0185 5
0.0209 5
0.0234 5
0.0259 5
0.0284 5
0.0308 5
0.0333 5
0.0357 5
0.0382 5
0.0406 5
0.0431 5
0.0455 5
0.0479 5
0.0504 5
0.0528 5
0.0552 5
0.0577 5
0.0601 5
0.0625 5
0.0650 5
0.0674 5
0.0699 5
0.0723 5
0.0748 5
0.0773 5
0.0797 5
0.0822 5
0.0846 5
0.0871 5
0.0895 5
0.0920 5
0.0944 5
0.0969 5
0.0993 5
0.1017 5
0.1042 5
0.1066 5
0.1091 5
0.1115 5
0.1140 5
0.1164 5
0.1189 5
0.1213 5
0.1238 5
0.1262 5
0.1287 5
0.1311 5
0.1335 5
0.1360 5
0.1384 5
0.1409 5
0.1434 5
0.1459 5
0.1483 5
0.1509 5
0.1533 5
0.1559 5
0.1584 5
0.1608 5
0.1633 5
0.1658 5
0.1682 5
0.1706 5
0.1731 5
0.1755 5
0.1779 5
0.1804 5
0.1828 5
0.1852 5
0.1877 5
0.1901 5
0.1925 5
0.1950 5
0.1974 5
0.1999 5
0.2023 5
0.2047 5
0.2072 5
0.2098 5
0.2122 5
0.2146 5
0.2171 5
0.2195 5
0.2220 5
0.2244 5
0.2268 5
0.2293 5
0.2317 5
0.2342 5
0.2366 5
0.2390 5
0.2418 5
0.2444 5
0.2469 5
