0.0000 4
0.0012 3
0.0027 3
0.0052 3
0.0076 3
0.0100 3
0.0125 3
0.0149 3
0.0173 3
0.0197 3
0.0221 3
0.0245 3
0.0268 3
0.0292 3
0.0316 3
0.0339 3
0.0363 3
0.0386 3
0.0410 3
0.0434 3
0.0457 3
0.0481 3
0.0505 3
0.0528 3
0.0552 3
0.0575 3
0.0599 3
0.0622 3
0.0646 3
0.0669 3
0.0693 3
0.0717 3
0.0740 3
0.0764 3
0.0787 3
0.0810 3
0.0834 3
0.0857 3
0.0880 3
0.0904 3
0.0927 3
0.0951 3
0.0974 3
0.0998 3
0.1021 3
0.1045 3
0.1068 3
0.1092 3
0.1115 3
0.1139 3
0.1162 3
0.1186 3
0.1209 3
0.1233 3
0.1256 3
0.1280 3
0.1303 3
0.1326 3
0.1350 3
0.1373 3
0.1397 3
0.1420 3
0.1443 3
0.1466 3
0.1491 3
0.1514 3
0.1537 3
0.1561 3
0.1584 3
0.1608 3
0.1631 3
0.1654 3
0.1678 3
0.1701 3
0.1725 3
0.1748 3
0.1772 3
0.1795 3
0.1819 3
0.1842 3
0.1865 3
0.1889 3
0.1912 3
0.1935 3
0.1959 3
0.1983 3
0.2007 3
0.2030 3
0.2053 3
0.2078 3
0.2101 3
0.2124 3
0.2148 3
0.2171 3
0.2194 3
0.2218 3
0.2241 3
0.2264 3
0.2287 3
0.2311 3
0.2335 3
0.2359 3
