0.0000 3
0.0007 2
0.0026 2
0.0049 2
0.0073 2
0.0096 2
0.0120 2
0.0144 2
0.0167 2
0.0191 2
0.0213 2
0.0237 2
0.0260 2
0.0283 2
0.0306 2
0.0329 2
0.0351 2
0.0374 2
0.0397 2
0.0420 2
0.0443 2
0.0467 2
0.0490 2
0.0512 2
0.0535 2
0.0558 2
0.0581 2
0.0603 2
0.0626 2
0.0649 2
0.0671 2
0.0694 2
0.0717 2
0.0740 2
0.0763 2
0.0785 2
0.0808 2
0.0831 2
0.0854 2
0.0877 2
0.0900 2
0.0923 2
0.0945 2
0.0968 2
0.0991 2
0.1014 2
0.1037 2
0.1060 2
0.1082 2
0.1105 2
0.1128 2
0.1150 2
0.1173 2
0.1196 2
0.1219 2
0.1241 2
0.1264 2
0.1287 2
0.1309 2
0.1332 2
0.1355 2
0.1378 2
0.1401 2
0.1423 2
0.1446 2
0.1469 2
0.1492 2
0.1515 2
0.1537 2
0.1560 2
0.1583 2
0.1606 2
0.1629 2
0.1652 2
0.1675 2
0.1697 2
0.1720 2
0.1743 2
0.1766 2
0.1790 2
0.1812 2
0.1835 2
0.1858 2
0.1881 2
0.1903 2
0.1926 2
0.1949 2
0.1971 2
0.1994 2
0.2017 2
0.2040 2
0.2063 2
0.2086 2
0.2108 2
0.2131 2
0.2154 2
0.2177 2
0.2199 2
0.2222 2
0.2245 2
0.2268 2
0.2290 2
