0.0000 3
0.0001 2
0.0025 2
0.0048 2
0.0072 2
0.0095 2
0.0119 2
0.0141 2
0.0165 2
0.0188 2
0.0211 2
0.0234 2
0.0256 2
0.0279 2
0.0302 2
0.0327 2
0.0350 2
0.0374 2
0.0398 2
0.0420 2
0.0444 2
0.0467 2
0.0490 2
0.0513 2
0.0536 2
0.0560 2
0.0582 2
0.0605 2
0.0628 2
0.0651 2
0.0674 2
0.0697 2
0.0720 2
0.0742 2
0.0765 2
0.0787 2
0.0809 2
0.0832 2
0.0855 2
0.0877 2
0.0900 2
0.0923 2
0.0945 2
0.0968 2
0.0991 2
0.1013 2
0.1036 2
0.1058 2
0.1081 2
0.1104 2
0.1126 2
0.1149 2
0.1172 2
0.1194 2
0.1216 2
0.1239 2
0.1261 2
0.1284 2
0.1307 2
0.1330 2
0.1353 2
0.1375 2
0.1399 2
0.1421 2
0.1443 2
0.1466 2
0.1488 2
0.1511 2
0.1533 2
0.1555 2
0.1578 2
0.1600 2
0.1623 2
0.1645 2
0.1667 2
0.1690 2
0.1712 2
0.1734 2
0.1757 2
0.1779 2
0.1801 2
0.1824 2
0.1846 2
0.1869 2
0.1891 2
0.1913 2
0.1935 2
0.1958 2
0.1980 2
0.2003 2
0.2025 2
0.2047 2
0.2070 2
0.2093 2
0.2116 2
0.2138 2
0.2161 2
0.2183 2
0.2205 2
0.2228 2
0.2250 2
0.2273 2
