0.0000 4
0.0031 4
0.0061 4
0.0090 4
0.0119 4
0.0154 4
0.0183 4
0.0211 4
0.0240 4
0.0269 4
0.0298 4
0.0327 4
0.0355 4
0.0384 4
0.0412 4
0.0441 4
0.0470 4
0.0498 4
0.0527 4
0.0556 4
0.0584 4
0.0612 4
0.0641 4
0.0669 4
0.0697 4
0.0726 4
0.0754 4
0.0782 4
0.0810 4
0.0838 4
0.0867 4
0.0895 4
0.0923 4
0.0952 4
0.0980 4
0.1008 4
0.1036 4
0.1065 4
0.1093 4
0.1121 4
0.1150 4
0.1178 4
0.1206 4
0.1235 4
0.1263 4
0.1291 4
0.1320 4
0.1348 4
0.1376 4
0.1404 4
0.1432 4
0.1461 4
0.1489 4
0.1518 4
0.1546 4
0.1574 4
0.1603 4
0.1631 4
0.1659 4
0.1687 4
0.1715 4
0.1744 4
0.1772 4
0.1800 4
0.1828 4
0.1857 4
0.1885 4
0.1913 4
0.1942 4
0.1970 4
0.1999 4
0.2028 4
0.2056 4
0.2084 4
0.2113 4
0.2141 4
0.2170 4
0.2200 4
0.2228 4
0.2257 4
0.2285 4
0.2313 4
0.2342 4
0.2370 4
0.2399 4
0.2427 4
0.2455 4
0.2484 4
0.2512 4
0.2540 4
0.2569 4
0.2597 4
0.2625 4
0.2654 4
0.2682 4
0.2710 4
0.2739 4
0.2767 4
0.2796 4
0.2824 4
0.2853 4
