0.0000 4
0.0030 3
0.0041 3
0.0072 3
0.0102 3
0.0132 3
0.0162 3
0.0192 3
0.0222 3
0.0252 3
0.0282 3
0.0312 3
0.0342 3
0.0372 3
0.0402 3
0.0432 3
0.0462 3
0.0491 3
0.0521 3
0.0551 3
0.0581 3
0.0611 3
0.0641 3
0.0671 3
0.0700 3
0.0730 3
0.0760 3
0.0790 3
0.0820 3
0.0849 3
0.0879 3
0.0909 3
0.0939 3
0.0969 3
0.0999 3
0.1029 3
0.1059 3
0.1088 3
0.1118 3
0.1148 3
0.1178 3
0.1208 3
0.1237 3
0.1267 3
0.1297 3
0.1327 3
0.1356 3
0.1386 3
0.1416 3
0.1448 3
0.1480 3
0.1512 3
0.1542 3
0.1573 3
0.1604 3
0.1635 3
0.1666 3
0.1697 3
0.1728 3
0.1758 3
0.1789 3
0.1820 3
0.1851 3
0.1880 3
0.1910 3
0.1940 3
0.1970 3
0.2000 3
0.2030 3
0.2060 3
0.2091 3
0.2122 3
0.2152 3
0.2182 3
0.2212 3
0.2242 3
0.2272 3
0.2301 3
0.2331 3
0.2361 3
0.2391 3
0.2420 3
0.2450 3
0.2480 3
0.2510 3
0.2539 3
0.2569 3
0.2599 3
0.2628 3
0.2658 3
0.2688 3
0.2718 3
0.2747 3
0.2777 3
0.2806 3
0.2836 3
0.2866 3
0.2896 3
0.2926 3
0.2955 3
0.2985 3
0.3015 3
