0.0000 3
0.0003 2
0.0031 2
0.0061 2
0.0090 2
0.0119 2
0.0149 2
0.0177 2
0.0206 2
0.0235 2
0.0264 2
0.0293 2
0.0322 2
0.0351 2
0.0380 2
0.0409 2
0.0437 2
0.0466 2
0.0495 2
0.0524 2
0.0553 2
0.0582 2
0.0611 2
0.0640 2
0.0668 2
0.0697 2
0.0726 2
0.0755 2
0.0783 2
0.0812 2
0.0841 2
0.0869 2
0.0898 2
0.0927 2
0.0955 2
0.0984 2
0.1013 2
0.1041 2
0.1070 2
0.1098 2
0.1127 2
0.1156 2
0.1184 2
0.1213 2
0.1242 2
0.1270 2
0.1299 2
0.1328 2
0.1356 2
0.1385 2
0.1413 2
0.1442 2
0.1471 2
0.1499 2
0.1528 2
0.1558 2
0.1587 2
0.1616 2
0.1645 2
0.1675 2
0.1704 2
0.1734 2
0.1763 2
0.1793 2
0.1821 2
0.1851 2
0.1879 2
0.1908 2
0.1938 2
0.1966 2
0.1995 2
0.2024 2
0.2054 2
0.2083 2
0.2112 2
0.2142 2
0.2171 2
0.2200 2
0.2232 2
0.2262 2
0.2292 2
0.2321 2
0.2351 2
0.2381 2
0.2410 2
0.2439 2
0.2469 2
0.2498 2
0.2527 2
0.2557 2
0.2587 2
0.2616 2
0.2645 2
0.2674 2
0.2704 2
0.2733 2
0.2762 2
0.2792 2
0.2821 2
0.2851 2
0.2879 2
0.2909 2
