0.0000 4
0.0007 3
0.0031 3
0.0055 3
0.0079 3
0.0103 3
0.0127 3
0.0151 3
0.0175 3
0.0199 3
0.0223 3
0.0247 3
0.0270 3
0.0294 3
0.0318 3
0.0342 3
0.0365 3
0.0389 3
0.0413 3
0.0436 3
0.0460 3
0.0484 3
0.0508 3
0.0532 3
0.0555 3
0.0579 3
0.0602 3
0.0626 3
0.0650 3
0.0674 3
0.0698 3
0.0721 3
0.0745 3
0.0768 3
0.0792 3
0.0816 3
0.0840 3
0.0864 3
0.0887 3
0.0911 3
0.0934 3
0.0958 3
0.0982 3
0.1005 3
0.1029 3
0.1053 3
0.1076 3
0.1100 3
0.1123 3
0.1147 3
0.1170 3
0.1194 3
0.1217 3
0.1241 3
0.1264 3
0.1288 3
0.1311 3
0.1334 3
0.1358 3
0.1381 3
0.1404 3
0.1428 3
0.1451 3
0.1475 3
0.1498 3
0.1522 3
0.1545 3
0.1569 3
0.1592 3
0.1616 3
0.1639 3
0.1663 3
0.1686 3
0.1710 3
0.1734 3
0.1757 3
0.1781 3
0.1804 3
0.1828 3
0.1851 3
0.1874 3
0.1898 3
0.1921 3
0.1944 3
0.1967 3
0.1991 3
0.2014 3
0.2038 3
0.2062 3
0.2086 3
0.2110 3
0.2134 3
0.2158 3
0.2182 3
0.2206 3
0.2230 3
0.2254 3
0.2278 3
0.2301 3
0.2325 3
0.2349 3
0.2373 3
