0.0000 3
0.0032 3
0.0061 3
0.0090 3
0.0119 3
0.0148 3
0.0177 3
0.0206 3
0.0234 3
0.0262 3
0.0290 3
0.0319 3
0.0347 3
0.0375 3
0.0403 3
0.0432 3
0.0460 3
0.0488 3
0.0516 3
0.0544 3
0.0572 3
0.0600 3
0.0628 3
0.0657 3
0.0685 3
0.0713 3
0.0741 3
0.0769 3
0.0798 3
0.0826 3
0.0854 3
0.0882 3
0.0910 3
0.0938 3
0.0967 3
0.0995 3
0.1023 3
0.1051 3
0.1080 3
0.1108 3
0.1136 3
0.1164 3
0.1193 3
0.1221 3
0.1249 3
0.1278 3
0.1307 3
0.1335 3
0.1363 3
0.1391 3
0.1419 3
0.1448 3
0.1476 3
0.1504 3
0.1532 3
0.1561 3
0.1589 3
0.1617 3
0.1645 3
0.1674 3
0.1702 3
0.1730 3
0.1758 3
0.1786 3
0.1815 3
0.1843 3
0.1871 3
0.1899 3
0.1928 3
0.1957 3
0.1985 3
0.2013 3
0.2042 3
0.2071 3
0.2099 3
0.2127 3
0.2155 3
0.2184 3
0.2212 3
0.2240 3
0.2268 3
0.2297 3
0.2325 3
0.2353 3
0.2381 3
0.2409 3
0.2437 3
0.2465 3
0.2494 3
0.2522 3
0.2550 3
0.2579 3
0.2607 3
0.2636 3
0.2665 3
0.2693 3
0.2721 3
0.2749 3
0.2777 3
0.2805 3
0.2834 3
