0.0000 3
0.0027 3
0.0050 3
0.0075 3
0.0099 3
0.0123 3
0.0147 3
0.0170 3
0.0195 3
0.0218 3
0.0241 3
0.0265 3
0.0288 3
0.0312 3
0.0335 3
0.0359 3
0.0382 3
0.0405 3
0.0428 3
0.0451 3
0.0475 3
0.0498 3
0.0521 3
0.0544 3
0.0568 3
0.0591 3
0.0614 3
0.0638 3
0.0661 3
0.0685 3
0.0708 3
0.0731 3
0.0754 3
0.0778 3
0.0801 3
0.0824 3
0.0847 3
0.0871 3
0.0894 3
0.0917 3
0.0941 3
0.0965 3
0.0988 3
0.1011 3
0.1035 3
0.1058 3
0.1081 3
0.1105 3
0.1128 3
0.1151 3
0.1175 3
0.1198 3
0.1221 3
0.1244 3
0.1268 3
0.1291 3
0.1314 3
0.1337 3
0.1361 3
0.1384 3
0.1407 3
0.1430 3
0.1453 3
0.1477 3
0.1500 3
0.1523 3
0.1546 3
0.1570 3
0.1593 3
0.1616 3
0.1639 3
0.1662 3
0.1686 3
0.1709 3
0.1732 3
0.1755 3
0.1779 3
0.1802 3
0.1825 3
0.1848 3
0.1871 3
0.1894 3
0.1917 3
0.1941 3
0.1964 3
0.1987 3
0.2010 3
0.2033 3
0.2057 3
0.2080 3
0.2104 3
0.2127 3
0.2150 3
0.2174 3
0.2197 3
0.2220 3
0.2244 3
0.2267 3
0.2290 3
0.2314 3
0.2337 3
