0.0000 3
0.0026 3
0.0050 3
0.0074 3
0.0099 3
0.0123 3
0.0147 3
0.0171 3
0.0195 3
0.0218 3
0.0242 3
0.0266 3
0.0290 3
0.0313 3
0.0337 3
0.0360 3
0.0384 3
0.0407 3
0.0431 3
0.0455 3
0.0478 3
0.0501 3
0.0525 3
0.0548 3
0.0572 3
0.0596 3
0.0619 3
0.0642 3
0.0666 3
0.0690 3
0.0713 3
0.0739 3
0.0763 3
0.0786 3
0.0810 3
0.0833 3
0.0857 3
0.0880 3
0.0904 3
0.0927 3
0.0951 3
0.0974 3
0.0998 3
0.1022 3
0.1045 3
0.1068 3
0.1092 3
0.1116 3
0.1139 3
0.1163 3
0.1187 3
0.1210 3
0.1234 3
0.1258 3
0.1281 3
0.1305 3
0.1328 3
0.1352 3
0.1375 3
0.1399 3
0.1422 3
0.1446 3
0.1469 3
0.1493 3
0.1517 3
0.1540 3
0.1564 3
0.1588 3
0.1611 3
0.1635 3
0.1658 3
0.1682 3
0.1706 3
0.1729 3
0.1753 3
0.1777 3
0.1800 3
0.1824 3
0.1847 3
0.1871 3
0.1895 3
0.1918 3
0.1942 3
0.1966 3
0.1989 3
0.2013 3
0.2036 3
0.2061 3
0.2085 3
0.2108 3
0.2132 3
0.2155 3
0.2179 3
0.2202 3
0.2226 3
0.2250 3
0.2274 3
0.2297 3
0.2320 3
0.2344 3
0.2367 3
