0.0000 5
0.0018 4
0.0030 4
0.0056 4
0.0082 4
0.0108 4
0.0133 4
0.0158 4
0.0184 4
0.0209 4
0.0234 4
0.0260 4
0.0285 4
0.0311 4
0.0336 4
0.0361 4
0.0386 4
0.0411 4
0.0436 4
0.0461 4
0.0486 4
0.0511 4
0.0536 4
0.0561 4
0.0586 4
0.0611 4
0.0636 4
0.0661 4
0.0686 4
0.0711 4
0.0736 4
0.0761 4
0.0786 4
0.0811 4
0.0836 4
0.0861 4
0.0886 4
0.0911 4
0.0936 4
0.0961 4
0.0986 4
0.1012 4
0.1037 4
0.1062 4
0.1087 4
0.1112 4
0.1137 4
0.1162 4
0.1187 4
0.1212 4
0.1237 4
0.1263 4
0.1287 4
0.1312 4
0.1338 4
0.1362 4
0.1387 4
0.1412 4
0.1437 4
0.1462 4
0.1487 4
0.1512 4
0.1538 4
0.1563 4
0.1588 4
0.1613 4
0.1638 4
0.1663 4
0.1688 4
0.1713 4
0.1738 4
0.1763 4
0.1788 4
0.1813 4
0.1839 4
0.1863 4
0.1888 4
0.1914 4
0.1939 4
0.1964 4
0.1989 4
0.2014 4
0.2039 4
0.2065 4
0.2090 4
0.2115 4
0.2140 4
0.2165 4
0.2190 4
0.2215 4
0.2239 4
0.2264 4
0.2289 4
0.2314 4
0.2339 4
0.2364 4
0.2389 4
0.2414 4
0.2439 4
0.2464 4
0.2489 4
0.2514 4
