0.0000 4
0.0026 3
0.0031 3
0.0056 3
0.0080 3
0.0104 3
0.0129 3
0.0153 3
0.0177 3
0.0201 3
0.0225 3
0.0249 3
0.0272 3
0.0296 3
0.0319 3
0.0343 3
0.0366 3
0.0390 3
0.0413 3
0.0437 3
0.0461 3
0.0484 3
0.0508 3
0.0531 3
0.0554 3
0.0578 3
0.0602 3
0.0625 3
0.0649 3
0.0672 3
0.0696 3
0.0719 3
0.0743 3
0.0767 3
0.0790 3
0.0814 3
0.0837 3
0.0861 3
0.0885 3
0.0909 3
0.0932 3
0.0956 3
0.0980 3
0.1003 3
0.1027 3
0.1050 3
0.1074 3
0.1097 3
0.1120 3
0.1144 3
0.1167 3
0.1191 3
0.1215 3
0.1238 3
0.1262 3
0.1285 3
0.1309 3
0.1332 3
0.1356 3
0.1379 3
0.1403 3
0.1426 3
0.1450 3
0.1473 3
0.1497 3
0.1521 3
0.1545 3
0.1568 3
0.1592 3
0.1615 3
0.1639 3
0.1662 3
0.1686 3
0.1709 3
0.1733 3
0.1757 3
0.1780 3
0.1804 3
0.1827 3
0.1851 3
0.1875 3
0.1898 3
0.1922 3
0.1945 3
0.1969 3
0.1992 3
0.2016 3
0.2039 3
0.2063 3
0.2087 3
0.2110 3
0.2134 3
0.2157 3
0.2181 3
0.2204 3
0.2228 3
0.2253 3
0.2278 3
0.2301 3
0.2324 3
0.2348 3
0.2372 3
