0.0000 3
0.0020 2
0.0026 2
0.0049 2
0.0073 2
0.0096 2
0.0119 2
0.0142 2
0.0165 2
0.0189 2
0.0211 2
0.0235 2
0.0258 2
0.0281 2
0.0304 2
0.0327 2
0.0351 2
0.0373 2
0.0396 2
0.0419 2
0.0443 2
0.0465 2
0.0488 2
0.0512 2
0.0534 2
0.0557 2
0.0580 2
0.0604 2
0.0626 2
0.0649 2
0.0672 2
0.0695 2
0.0717 2
0.0740 2
0.0763 2
0.0785 2
0.0808 2
0.0831 2
0.0853 2
0.0876 2
0.0898 2
0.0922 2
0.0944 2
0.0967 2
0.0989 2
0.1012 2
0.1034 2
0.1057 2
0.1079 2
0.1102 2
0.1124 2
0.1147 2
0.1169 2
0.1192 2
0.1214 2
0.1237 2
0.1259 2
0.1282 2
0.1305 2
0.1327 2
0.1350 2
0.1372 2
0.1395 2
0.1417 2
0.1440 2
0.1463 2
0.1485 2
0.1508 2
0.1530 2
0.1553 2
0.1575 2
0.1598 2
0.1620 2
0.1643 2
0.1665 2
0.1688 2
0.1710 2
0.1733 2
0.1755 2
0.1778 2
0.1800 2
0.1823 2
0.1845 2
0.1868 2
0.1890 2
0.1913 2
0.1935 2
0.1958 2
0.1980 2
0.2003 2
0.2025 2
0.2047 2
0.2071 2
0.2093 2
0.2115 2
0.2138 2
0.2160 2
0.2183 2
0.2205 2
0.2228 2
0.2251 2
0.2273 2
