0.0000 4
0.0034 4
0.0063 4
0.0092 4
0.0120 4
0.0149 4
0.0178 4
0.0206 4
0.0234 4
0.0262 4
0.0291 4
0.0319 4
0.0347 4
0.0376 4
0.0404 4
0.0432 4
0.0461 4
0.0489 4
0.0517 4
0.0545 4
0.0574 4
0.0603 4
0.0634 4
0.0662 4
0.0691 4
0.0721 4
0.0751 4
0.0781 4
0.0810 4
0.0839 4
0.0868 4
0.0898 4
0.0926 4
0.0955 4
0.0985 4
0.1014 4
0.1045 4
0.1075 4
0.1103 4
0.1131 4
0.1160 4
0.1188 4
0.1216 4
0.1245 4
0.1273 4
0.1301 4
0.1330 4
0.1358 4
0.1386 4
0.1415 4
0.1444 4
0.1472 4
0.1500 4
0.1528 4
0.1557 4
0.1585 4
0.1613 4
0.1641 4
0.1669 4
0.1697 4
0.1725 4
0.1754 4
0.1783 4
0.1811 4
0.1839 4
0.1867 4
0.1895 4
0.1923 4
0.1951 4
0.1980 4
0.2008 4
0.2036 4
0.2065 4
0.2093 4
0.2121 4
0.2150 4
0.2178 4
0.2206 4
0.2234 4
0.2263 4
0.2291 4
0.2320 4
0.2348 4
0.2376 4
0.2404 4
0.2432 4
0.2461 4
0.2489 4
0.2517 4
0.2545 4
0.2573 4
0.2602 4
0.2630 4
0.2658 4
0.2686 4
0.2714 4
0.2743 4
0.2771 4
0.2799 4
0.2827 4
0.2855 4
