0.0000 6
0.0031 6
0.0056 6
0.0065 5
0.0082 5
0.0108 5
0.0133 5
0.0159 5
0.0184 5
0.0209 5
0.0238 5
0.0263 5
0.0288 5
0.0313 5
0.0339 5
0.0364 5
0.0389 5
0.0414 5
0.0440 5
0.0465 5
0.0491 5
0.0516 5
0.0542 5
0.0568 5
0.0593 5
0.0619 5
0.0644 5
0.0669 5
0.0694 5
0.0719 5
0.0745 5
0.0771 5
0.0796 5
0.0821 5
0.0846 5
0.0871 5
0.0896 5
0.0921 5
0.0946 5
0.0971 5
0.0996 5
0.1021 5
0.1046 5
0.1071 5
0.1096 5
0.1121 5
0.1146 5
0.1170 5
0.1195 5
0.1220 5
0.1245 5
0.1270 5
0.1295 5
0.1320 5
0.1344 5
0.1369 5
0.1394 5
0.1419 5
0.1444 5
0.1469 5
0.1494 5
0.1519 5
0.1544 5
0.1569 5
0.1594 5
0.1619 5
0.1644 5
0.1669 5
0.1694 5
0.1719 5
0.1743 5
0.1768 5
0.1793 5
0.1818 5
0.1843 5
0.1868 5
0.1893 5
0.1918 5
0.1943 5
0.1967 5
0.1992 5
0.2017 5
0.2043 5
0.2069 5
0.2093 5
0.2118 5
0.2143 5
0.2168 5
0.2192 5
0.2217 5
0.2242 5
0.2267 5
0.2292 5
0.2317 5
0.2342 5
0.2367 5
0.2393 5
0.2418 5
0.2443 5
0.2468 5
0.2493 5
0.2518 5
0.2543 5
0.2568 5
