0.0000 3
0.0007 2
0.0026 2
0.0050 2
0.0074 2
0.0098 2
0.0121 2
0.0145 2
0.0168 2
0.0192 2
0.0215 2
0.0238 2
0.0261 2
0.0284 2
0.0308 2
0.0332 2
0.0355 2
0.0379 2
0.0402 2
0.0425 2
0.0448 2
0.0471 2
0.0494 2
0.0517 2
0.0541 2
0.0564 2
0.0587 2
0.0610 2
0.0633 2
0.0656 2
0.0679 2
0.0702 2
0.0725 2
0.0748 2
0.0771 2
0.0794 2
0.0818 2
0.0841 2
0.0864 2
0.0887 2
0.0910 2
0.0934 2
0.0957 2
0.0980 2
0.1003 2
0.1026 2
0.1049 2
0.1073 2
0.1096 2
0.1119 2
0.1142 2
0.1165 2
0.1188 2
0.1211 2
0.1235 2
0.1258 2
0.1281 2
0.1304 2
0.1327 2
0.1350 2
0.1373 2
0.1396 2
0.1419 2
0.1442 2
0.1465 2
0.1489 2
0.1512 2
0.1535 2
0.1558 2
0.1582 2
0.1605 2
0.1628 2
0.1651 2
0.1674 2
0.1697 2
0.1720 2
0.1743 2
0.1766 2
0.1789 2
0.1812 2
0.1835 2
0.1858 2
0.1881 2
0.1904 2
0.1927 2
0.1951 2
0.1974 2
0.1997 2
0.2020 2
0.2043 2
0.2067 2
0.2090 2
0.2113 2
0.2136 2
0.2159 2
0.2182 2
0.2205 2
0.2228 2
0.2251 2
0.2274 2
0.2297 2
0.2321 2
