0.0000 3
0.0032 3
0.0063 3
0.0094 3
0.0124 3
0.0154 3
0.0185 3
0.0216 3
0.0245 3
0.0275 3
0.0305 3
0.0335 3
0.0365 3
0.0395 3
0.0425 3
0.0455 3
0.0484 3
0.0514 3
0.0544 3
0.0573 3
0.0603 3
0.0633 3
0.0663 3
0.0693 3
0.0722 3
0.0752 3
0.0782 3
0.0812 3
0.0841 3
0.0871 3
0.0901 3
0.0930 3
0.0960 3
0.0990 3
0.1020 3
0.1049 3
0.1079 3
0.1109 3
0.1138 3
0.1168 3
0.1198 3
0.1227 3
0.1257 3
0.1287 3
0.1317 3
0.1347 3
0.1377 3
0.1406 3
0.1436 3
0.1465 3
0.1495 3
0.1525 3
0.1554 3
0.1584 3
0.1614 3
0.1643 3
0.1673 3
0.1703 3
0.1733 3
0.1763 3
0.1793 3
0.1823 3
0.1853 3
0.1883 3
0.1913 3
0.1943 3
0.1973 3
0.2002 3
0.2032 3
0.2062 3
0.2092 3
0.2122 3
0.2152 3
0.2181 3
0.2211 3
0.2240 3
0.2270 3
0.2300 3
0.2332 3
0.2363 3
0.2395 3
0.2426 3
0.2457 3
0.2488 3
0.2518 3
0.2548 3
0.2579 3
0.2609 3
0.2639 3
0.2670 3
0.2701 3
0.2731 3
0.2761 3
0.2791 3
0.2822 3
0.2852 3
0.2882 3
0.2912 3
0.2942 3
0.2971 3
0.3001 3
