0.0000 3
0.0034 3
0.0065 3
0.0095 3
0.0126 3
0.0155 3
0.0186 3
0.0216 3
0.0245 3
0.0275 3
0.0304 3
0.0334 3
0.0363 3
0.0392 3
0.0422 3
0.0452 3
0.0481 3
0.0511 3
0.0540 3
0.0569 3
0.0599 3
0.0628 3
0.0657 3
0.0686 3
0.0716 3
0.0745 3
0.0774 3
0.0804 3
0.0833 3
0.0862 3
0.0892 3
0.0921 3
0.0950 3
0.0980 3
0.1009 3
0.1038 3
0.1068 3
0.1097 3
0.1127 3
0.1156 3
0.1185 3
0.1214 3
0.1244 3
0.1273 3
0.1303 3
0.1332 3
0.1361 3
0.1391 3
0.1420 3
0.1449 3
0.1479 3
0.1508 3
0.1537 3
0.1567 3
0.1596 3
0.1627 3
0.1656 3
0.1685 3
0.1715 3
0.1744 3
0.1776 3
0.1805 3
0.1834 3
0.1864 3
0.1893 3
0.1923 3
0.1952 3
0.1981 3
0.2011 3
0.2040 3
0.2070 3
0.2100 3
0.2129 3
0.2158 3
0.2188 3
0.2217 3
0.2246 3
0.2276 3
0.2305 3
0.2334 3
0.2364 3
0.2393 3
0.2422 3
0.2451 3
0.2481 3
0.2510 3
0.2539 3
0.2569 3
0.2598 3
0.2627 3
0.2657 3
0.2686 3
0.2715 3
0.2745 3
0.2774 3
0.2804 3
0.2833 3
0.2862 3
0.2892 3
0.2921 3
0.2950 3
