0.0000 3
0.0026 3
0.0050 3
0.0074 3
0.0098 3
0.0122 3
0.0146 3
0.0169 3
0.0193 3
0.0217 3
0.0241 3
0.0265 3
0.0289 3
0.0313 3
0.0337 3
0.0361 3
0.0384 3
0.0409 3
0.0433 3
0.0456 3
0.0481 3
0.0504 3
0.0527 3
0.0551 3
0.0574 3
0.0597 3
0.0620 3
0.0643 3
0.0666 3
0.0690 3
0.0714 3
0.0737 3
0.0760 3
0.0784 3
0.0807 3
0.0831 3
0.0854 3
0.0878 3
0.0901 3
0.0924 3
0.0947 3
0.0971 3
0.0994 3
0.1017 3
0.1040 3
0.1063 3
0.1086 3
0.1110 3
0.1133 3
0.1156 3
0.1179 3
0.1202 3
0.1225 3
0.1249 3
0.1272 3
0.1295 3
0.1318 3
0.1341 3
0.1364 3
0.1388 3
0.1411 3
0.1434 3
0.1457 3
0.1480 3
0.1504 3
0.1527 3
0.1550 3
0.1573 3
0.1597 3
0.1620 3
0.1643 3
0.1667 3
0.1690 3
0.1713 3
0.1736 3
0.1760 3
0.1783 3
0.1807 3
0.1830 3
0.1853 3
0.1876 3
0.1899 3
0.1922 3
0.1946 3
0.1969 3
0.1992 3
0.2016 3
0.2039 3
0.2062 3
0.2087 3
0.2110 3
0.2133 3
0.2156 3
0.2180 3
0.2203 3
0.2226 3
0.2249 3
0.2273 3
0.2297 3
0.2320 3
0.2343 3
