0.0000 4
0.0011 3
0.0030 3
0.0055 3
0.0080 3
0.0104 3
0.0128 3
0.0153 3
0.0178 3
0.0202 3
0.0226 3
0.0251 3
0.0276 3
0.0300 3
0.0326 3
0.0350 3
0.0375 3
0.0400 3
0.0424 3
0.0449 3
0.0474 3
0.0498 3
0.0523 3
0.0547 3
0.0571 3
0.0595 3
0.0619 3
0.0644 3
0.0668 3
0.0693 3
0.0717 3
0.0741 3
0.0765 3
0.0789 3
0.0813 3
0.0837 3
0.0861 3
0.0885 3
0.0909 3
0.0933 3
0.0957 3
0.0981 3
0.1006 3
0.1030 3
0.1054 3
0.1078 3
0.1102 3
0.1126 3
0.1150 3
0.1174 3
0.1199 3
0.1223 3
0.1247 3
0.1271 3
0.1295 3
0.1319 3
0.1343 3
0.1367 3
0.1391 3
0.1415 3
0.1439 3
0.1463 3
0.1487 3
0.1512 3
0.1536 3
0.1560 3
0.1584 3
0.1608 3
0.1632 3
0.1656 3
0.1680 3
0.1704 3
0.1728 3
0.1752 3
0.1776 3
0.1800 3
0.1824 3
0.1848 3
0.1872 3
0.1896 3
0.1920 3
0.1944 3
0.1969 3
0.1993 3
0.2017 3
0.2042 3
0.2067 3
0.2092 3
0.2116 3
0.2140 3
0.2164 3
0.2188 3
0.2212 3
0.2236 3
0.2260 3
0.2285 3
0.2309 3
0.2333 3
0.2357 3
0.2381 3
0.2405 3
0.2429 3
