0.0000 3
0.0011 2
0.0029 2
0.0053 2
0.0076 2
0.0100 2
0.0124 2
0.0149 2
0.0172 2
0.0196 2
0.0220 2
0.0244 2
0.0267 2
0.0291 2
0.0321 2
0.0345 2
0.0369 2
0.0392 2
0.0416 2
0.0439 2
0.0465 2
0.0491 2
0.0515 2
0.0539 2
0.0563 2
0.0586 2
0.0610 2
0.0634 2
0.0657 2
0.0681 2
0.0705 2
0.0729 2
0.0752 2
0.0776 2
0.0800 2
0.0823 2
0.0847 2
0.0872 2
0.0900 2
0.0926 2
0.0951 2
0.0975 2
0.0998 2
0.1022 2
0.1046 2
0.1069 2
0.1093 2
0.1116 2
0.1140 2
0.1164 2
0.1187 2
0.1211 2
0.1234 2
0.1257 2
0.1281 2
0.1305 2
0.1328 2
0.1351 2
0.1375 2
0.1398 2
0.1422 2
0.1445 2
0.1469 2
0.1492 2
0.1516 2
0.1539 2
0.1562 2
0.1586 2
0.1609 2
0.1633 2
0.1656 2
0.1680 2
0.1703 2
0.1727 2
0.1750 2
0.1774 2
0.1797 2
0.1821 2
0.1844 2
0.1868 2
0.1891 2
0.1914 2
0.1938 2
0.1961 2
0.1985 2
0.2008 2
0.2032 2
0.2055 2
0.2078 2
0.2102 2
0.2126 2
0.2149 2
0.2173 2
0.2196 2
0.2220 2
0.2246 2
0.2273 2
0.2297 2
0.2321 2
0.2345 2
0.2369 2
0.2394 2
