0.0000 3
0.0008 2
0.0028 2
0.0051 2
0.0075 2
0.0099 2
0.0123 2
0.0147 2
0.0171 2
0.0195 2
0.0218 2
0.0242 2
0.0266 2
0.0290 2
0.0313 2
0.0337 2
0.0360 2
0.0383 2
0.0407 2
0.0431 2
0.0454 2
0.0477 2
0.0501 2
0.0524 2
0.0548 2
0.0571 2
0.0594 2
0.0617 2
0.0641 2
0.0664 2
0.0687 2
0.0710 2
0.0733 2
0.0756 2
0.0779 2
0.0802 2
0.0825 2
0.0848 2
0.0872 2
0.0895 2
0.0918 2
0.0941 2
0.0964 2
0.0987 2
0.1010 2
0.1034 2
0.1057 2
0.1081 2
0.1104 2
0.1127 2
0.1150 2
0.1173 2
0.1196 2
0.1219 2
0.1242 2
0.1265 2
0.1288 2
0.1311 2
0.1335 2
0.1358 2
0.1381 2
0.1404 2
0.1427 2
0.1450 2
0.1473 2
0.1496 2
0.1520 2
0.1543 2
0.1566 2
0.1590 2
0.1613 2
0.1636 2
0.1659 2
0.1683 2
0.1706 2
0.1729 2
0.1753 2
0.1776 2
0.1799 2
0.1822 2
0.1845 2
0.1868 2
0.1891 2
0.1914 2
0.1940 2
0.1963 2
0.1986 2
0.2008 2
0.2031 2
0.2054 2
0.2079 2
0.2102 2
0.2125 2
0.2148 2
0.2172 2
0.2195 2
0.2218 2
0.2241 2
0.2264 2
0.2287 2
0.2311 2
0.2334 2
