0.0000 5
0.0034 5
0.0046 4
0.0065 4
0.0092 4
0.0118 4
0.0144 4
0.0174 4
0.0201 4
0.0228 4
0.0255 4
0.0282 4
0.0308 4
0.0335 4
0.0362 4
0.0388 4
0.0415 4
0.0442 4
0.0468 4
0.0495 4
0.0521 4
0.0547 4
0.0574 4
0.0601 4
0.0627 4
0.0654 4
0.0680 4
0.0706 4
0.0732 4
0.0758 4
0.0784 4
0.0811 4
0.0836 4
0.0862 4
0.0889 4
0.0915 4
0.0941 4
0.0966 4
0.0991 4
0.1017 4
0.1042 4
0.1068 4
0.1093 4
0.1119 4
0.1144 4
0.1170 4
0.1195 4
0.1221 4
0.1246 4
0.1272 4
0.1297 4
0.1322 4
0.1348 4
0.1373 4
0.1398 4
0.1424 4
0.1449 4
0.1475 4
0.1500 4
0.1526 4
0.1552 4
0.1577 4
0.1602 4
0.1628 4
0.1653 4
0.1678 4
0.1704 4
0.1729 4
0.1755 4
0.1780 4
0.1806 4
0.1831 4
0.1856 4
0.1882 4
0.1907 4
0.1933 4
0.1958 4
0.1983 4
0.2009 4
0.2034 4
0.2060 4
0.2086 4
0.2112 4
0.2137 4
0.2162 4
0.2188 4
0.2213 4
0.2238 4
0.2264 4
0.2289 4
0.2314 4
0.2340 4
0.2365 4
0.2390 4
0.2416 4
0.2442 4
0.2467 4
0.2493 4
0.2519 4
0.2544 4
0.2570 4
0.2596 4
0.2622 4
