0.0000 5
0.0037 5
0.0067 5
0.0098 5
0.0129 5
0.0159 5
0.0189 5
0.0220 5
0.0250 5
0.0280 5
0.0310 5
0.0340 5
0.0369 5
0.0399 5
0.0429 5
0.0459 5
0.0489 5
0.0519 5
0.0548 5
0.0578 5
0.0608 5
0.0637 5
0.0667 5
0.0697 5
0.0726 5
0.0756 5
0.0786 5
0.0815 5
0.0845 5
0.0875 5
0.0904 5
0.0934 5
0.0966 5
0.0998 5
0.1027 5
0.1057 5
0.1086 5
0.1116 5
0.1145 5
0.1175 5
0.1205 5
0.1234 5
0.1264 5
0.1294 5
0.1323 5
0.1353 5
0.1386 5
0.1417 5
0.1448 5
0.1477 5
0.1507 5
0.1536 5
0.1566 5
0.1596 5
0.1625 5
0.1655 5
0.1685 5
0.1715 5
0.1744 5
0.1774 5
0.1803 5
0.1833 5
0.1863 5
0.1892 5
0.1922 5
0.1952 5
0.1982 5
0.2011 5
0.2041 5
0.2071 5
0.2100 5
0.2130 5
0.2159 5
0.2189 5
0.2219 5
0.2248 5
0.2278 5
0.2308 5
0.2338 5
0.2367 5
0.2397 5
0.2426 5
0.2456 5
0.2486 5
0.2515 5
0.2545 5
0.2575 5
0.2605 5
0.2634 5
0.2664 5
0.2694 5
0.2723 5
0.2752 5
0.2782 5
0.2812 5
0.2841 5
0.2871 5
0.2900 5
0.2930 5
0.2960 5
0.2990 5
