0.0000 5
0.0033 5
0.0063 5
0.0094 5
0.0125 5
0.0155 5
0.0185 5
0.0217 5
0.0247 5
0.0277 5
0.0306 5
0.0336 5
0.0366 5
0.0396 5
0.0425 5
0.0456 5
0.0485 5
0.0515 5
0.0544 5
0.0574 5
0.0604 5
0.0633 5
0.0663 5
0.0693 5
0.0723 5
0.0752 5
0.0782 5
0.0811 5
0.0841 5
0.0870 5
0.0900 5
0.0931 5
0.0960 5
0.0990 5
0.1019 5
0.1049 5
0.1079 5
0.1108 5
0.1138 5
0.1167 5
0.1197 5
0.1226 5
0.1256 5
0.1285 5
0.1315 5
0.1345 5
0.1375 5
0.1405 5
0.1435 5
0.1464 5
0.1495 5
0.1524 5
0.1554 5
0.1583 5
0.1613 5
0.1642 5
0.1672 5
0.1701 5
0.1731 5
0.1761 5
0.1790 5
0.1820 5
0.1850 5
0.1879 5
0.1909 5
0.1938 5
0.1968 5
0.1998 5
0.2028 5
0.2057 5
0.2088 5
0.2118 5
0.2147 5
0.2177 5
0.2206 5
0.2236 5
0.2265 5
0.2295 5
0.2325 5
0.2354 5
0.2383 5
0.2413 5
0.2443 5
0.2473 5
0.2503 5
0.2532 5
0.2562 5
0.2591 5
0.2621 5
0.2650 5
0.2680 5
0.2710 5
0.2740 5
0.2769 5
0.2799 5
0.2829 5
0.2858 5
0.2888 5
0.2917 5
0.2947 5
0.2977 5
