0.0000 4
0.0007 3
0.0030 3
0.0055 3
0.0080 3
0.0105 3
0.0130 3
0.0155 3
0.0179 3
0.0204 3
0.0229 3
0.0253 3
0.0278 3
0.0303 3
0.0327 3
0.0352 3
0.0376 3
0.0401 3
0.0426 3
0.0451 3
0.0476 3
0.0500 3
0.0525 3
0.0550 3
0.0574 3
0.0599 3
0.0624 3
0.0649 3
0.0674 3
0.0698 3
0.0724 3
0.0749 3
0.0774 3
0.0799 3
0.0824 3
0.0849 3
0.0874 3
0.0899 3
0.0924 3
0.0949 3
0.0973 3
0.0999 3
0.1024 3
0.1048 3
0.1073 3
0.1098 3
0.1124 3
0.1148 3
0.1173 3
0.1198 3
0.1222 3
0.1247 3
0.1274 3
0.1301 3
0.1326 3
0.1351 3
0.1376 3
0.1401 3
0.1425 3
0.1450 3
0.1475 3
0.1500 3
0.1525 3
0.1549 3
0.1574 3
0.1599 3
0.1624 3
0.1649 3
0.1674 3
0.1706 3
0.1747 3
0.1772 3
0.1797 3
0.1822 3
0.1849 3
0.1875 3
0.1900 3
0.1925 3
0.1950 3
0.1975 3
0.2000 3
0.2025 3
0.2050 3
0.2075 3
0.2100 3
0.2125 3
0.2150 3
0.2174 3
0.2200 3
0.2224 3
0.2249 3
0.2274 3
0.2298 3
0.2323 3
0.2347 3
0.2372 3
0.2396 3
0.2421 3
0.2446 3
0.2470 3
0.2495 3
0.2519 3
