0.0000 4
0.0036 4
0.0065 4
0.0094 4
0.0122 4
0.0151 4
0.0179 4
0.0207 4
0.0236 4
0.0265 4
0.0293 4
0.0322 4
0.0351 4
0.0380 4
0.0409 4
0.0437 4
0.0466 4
0.0495 4
0.0524 4
0.0553 4
0.0582 4
0.0610 4
0.0639 4
0.0668 4
0.0697 4
0.0725 4
0.0754 4
0.0782 4
0.0810 4
0.0838 4
0.0867 4
0.0895 4
0.0923 4
0.0952 4
0.0980 4
0.1008 4
0.1036 4
0.1065 4
0.1093 4
0.1121 4
0.1150 4
0.1178 4
0.1206 4
0.1235 4
0.1263 4
0.1292 4
0.1320 4
0.1349 4
0.1377 4
0.1405 4
0.1434 4
0.1462 4
0.1491 4
0.1519 4
0.1547 4
0.1575 4
0.1604 4
0.1632 4
0.1660 4
0.1688 4
0.1717 4
0.1745 4
0.1773 4
0.1801 4
0.1829 4
0.1857 4
0.1886 4
0.1914 4
0.1942 4
0.1971 4
0.2001 4
0.2030 4
0.2058 4
0.2087 4
0.2116 4
0.2145 4
0.2173 4
0.2201 4
0.2229 4
0.2257 4
0.2285 4
0.2314 4
0.2342 4
0.2370 4
0.2400 4
0.2431 4
0.2460 4
0.2488 4
0.2516 4
0.2545 4
0.2574 4
0.2602 4
0.2630 4
0.2658 4
0.2686 4
0.2715 4
0.2743 4
0.2771 4
0.2800 4
0.2828 4
0.2856 4
