0.0000 3
0.0027 3
0.0052 3
0.0076 3
0.0101 3
0.0125 3
0.0150 3
0.0173 3
0.0197 3
0.0221 3
0.0245 3
0.0269 3
0.0293 3
0.0317 3
0.0341 3
0.0365 3
0.0388 3
0.0412 3
0.0436 3
0.0460 3
0.0484 3
0.0508 3
0.0532 3
0.0556 3
0.0579 3
0.0603 3
0.0627 3
0.0651 3
0.0675 3
0.0698 3
0.0722 3
0.0746 3
0.0770 3
0.0794 3
0.0817 3
0.0841 3
0.0865 3
0.0888 3
0.0912 3
0.0935 3
0.0959 3
0.0982 3
0.1006 3
0.1029 3
0.1053 3
0.1076 3
0.1100 3
0.1124 3
0.1148 3
0.1171 3
0.1195 3
0.1218 3
0.1242 3
0.1266 3
0.1289 3
0.1313 3
0.1336 3
0.1360 3
0.1384 3
0.1407 3
0.1431 3
0.1455 3
0.1479 3
0.1502 3
0.1526 3
0.1550 3
0.1573 3
0.1597 3
0.1620 3
0.1644 3
0.1668 3
0.1691 3
0.1715 3
0.1738 3
0.1762 3
0.1786 3
0.1809 3
0.1833 3
0.1856 3
0.1880 3
0.1904 3
0.1927 3
0.1951 3
0.1974 3
0.1998 3
0.2022 3
0.2046 3
0.2070 3
0.2093 3
0.2117 3
0.2141 3
0.2164 3
0.2188 3
0.2211 3
0.2235 3
0.2259 3
0.2283 3
0.2306 3
0.2330 3
0.2353 3
0.2377 3
