0.0000 4
0.0036 4
0.0065 4
0.0094 4
0.0123 4
0.0152 4
0.0180 4
0.0208 4
0.0236 4
0.0265 4
0.0293 4
0.0322 4
0.0350 4
0.0378 4
0.0407 4
0.0435 4
0.0464 4
0.0492 4
0.0521 4
0.0549 4
0.0577 4
0.0606 4
0.0635 4
0.0663 4
0.0692 4
0.0720 4
0.0749 4
0.0777 4
0.0806 4
0.0835 4
0.0863 4
0.0891 4
0.0920 4
0.0948 4
0.0976 4
0.1005 4
0.1033 4
0.1061 4
0.1090 4
0.1118 4
0.1146 4
0.1174 4
0.1203 4
0.1231 4
0.1259 4
0.1287 4
0.1316 4
0.1344 4
0.1372 4
0.1401 4
0.1430 4
0.1458 4
0.1486 4
0.1515 4
0.1543 4
0.1571 4
0.1600 4
0.1628 4
0.1656 4
0.1685 4
0.1713 4
0.1742 4
0.1770 4
0.1799 4
0.1828 4
0.1856 4
0.1885 4
0.1914 4
0.1943 4
0.1971 4
0.2000 4
0.2028 4
0.2056 4
0.2086 4
0.2115 4
0.2143 4
0.2171 4
0.2200 4
0.2228 4
0.2257 4
0.2285 4
0.2313 4
0.2342 4
0.2370 4
0.2398 4
0.2427 4
0.2455 4
0.2483 4
0.2512 4
0.2540 4
0.2568 4
0.2597 4
0.2625 4
0.2653 4
0.2681 4
0.2709 4
0.2738 4
0.2766 4
0.2794 4
0.2823 4
0.2852 4
