0.0000 3
0.0030 3
0.0055 3
0.0079 3
0.0104 3
0.0128 3
0.0152 3
0.0176 3
0.0199 3
0.0223 3
0.0247 3
0.0271 3
0.0294 3
0.0318 3
0.0341 3
0.0365 3
0.0389 3
0.0412 3
0.0436 3
0.0459 3
0.0483 3
0.0507 3
0.0530 3
0.0554 3
0.0578 3
0.0601 3
0.0626 3
0.0649 3
0.0673 3
0.0697 3
0.0720 3
0.0744 3
0.0768 3
0.0791 3
0.0815 3
0.0838 3
0.0862 3
0.0886 3
0.0909 3
0.0933 3
0.0957 3
0.0980 3
0.1004 3
0.1028 3
0.1051 3
0.1075 3
0.1099 3
0.1123 3
0.1146 3
0.1170 3
0.1194 3
0.1218 3
0.1241 3
0.1265 3
0.1289 3
0.1312 3
0.1336 3
0.1359 3
0.1383 3
0.1406 3
0.1430 3
0.1454 3
0.1477 3
0.1501 3
0.1525 3
0.1548 3
0.1572 3
0.1595 3
0.1619 3
0.1643 3
0.1666 3
0.1690 3
0.1714 3
0.1737 3
0.1761 3
0.1785 3
0.1808 3
0.1832 3
0.1856 3
0.1879 3
0.1904 3
0.1928 3
0.1951 3
0.1975 3
0.1999 3
0.2023 3
0.2047 3
0.2071 3
0.2094 3
0.2118 3
0.2142 3
0.2165 3
0.2189 3
0.2212 3
0.2236 3
0.2259 3
0.2283 3
0.2307 3
0.2330 3
0.2354 3
0.2378 3
