0.0000 4
0.0033 4
0.0058 4
0.0084 4
0.0109 4
0.0134 4
0.0160 4
0.0185 4
0.0210 4
0.0236 4
0.0261 4
0.0286 4
0.0312 4
0.0337 4
0.0362 4
0.0388 4
0.0413 4
0.0439 4
0.0464 4
0.0489 4
0.0515 4
0.0540 4
0.0565 4
0.0590 4
0.0615 4
0.0641 4
0.0666 4
0.0691 4
0.0715 4
0.0740 4
0.0765 4
0.0789 4
0.0814 4
0.0838 4
0.0863 4
0.0888 4
0.0912 4
0.0937 4
0.0961 4
0.0986 4
0.1011 4
0.1037 4
0.1061 4
0.1086 4
0.1111 4
0.1136 4
0.1160 4
0.1185 4
0.1209 4
0.1234 4
0.1258 4
0.1283 4
0.1308 4
0.1333 4
0.1357 4
0.1382 4
0.1407 4
0.1431 4
0.1456 4
0.1480 4
0.1505 4
0.1530 4
0.1554 4
0.1579 4
0.1604 4
0.1628 4
0.1653 4
0.1677 4
0.1702 4
0.1726 4
0.1751 4
0.1775 4
0.1800 4
0.1825 4
0.1850 4
0.1874 4
0.1899 4
0.1923 4
0.1948 4
0.1973 4
0.1997 4
0.2022 4
0.2047 4
0.2073 4
0.2097 4
0.2122 4
0.2147 4
0.2171 4
0.2196 4
0.2221 4
0.2245 4
0.2270 4
0.2295 4
0.2320 4
0.2344 4
0.2369 4
0.2394 4
0.2418 4
0.2443 4
0.2467 4
0.2492 4
