0.0000 5
0.0038 5
0.0069 5
0.0099 5
0.0129 5
0.0160 5
0.0190 5
0.0223 5
0.0252 5
0.0282 5
0.0311 5
0.0341 5
0.0370 5
0.0400 5
0.0431 5
0.0463 5
0.0493 5
0.0522 5
0.0551 5
0.0581 5
0.0610 5
0.0640 5
0.0669 5
0.0699 5
0.0728 5
0.0757 5
0.0787 5
0.0816 5
0.0846 5
0.0875 5
0.0905 5
0.0934 5
0.0963 5
0.0994 5
0.1023 5
0.1053 5
0.1082 5
0.1111 5
0.1141 5
0.1170 5
0.1199 5
0.1229 5
0.1258 5
0.1288 5
0.1317 5
0.1347 5
0.1376 5
0.1405 5
0.1435 5
0.1464 5
0.1494 5
0.1524 5
0.1554 5
0.1583 5
0.1613 5
0.1643 5
0.1672 5
0.1702 5
0.1731 5
0.1761 5
0.1790 5
0.1820 5
0.1849 5
0.1879 5
0.1908 5
0.1938 5
0.1967 5
0.1997 5
0.2027 5
0.2057 5
0.2087 5
0.2116 5
0.2146 5
0.2175 5
0.2205 5
0.2234 5
0.2263 5
0.2293 5
0.2322 5
0.2351 5
0.2381 5
0.2410 5
0.2439 5
0.2469 5
0.2499 5
0.2528 5
0.2558 5
0.2587 5
0.2617 5
0.2646 5
0.2677 5
0.2706 5
0.2736 5
0.2766 5
0.2796 5
0.2826 5
0.2855 5
0.2885 5
0.2914 5
0.2944 5
0.2974 5
