0.0000 3
0.0039 3
0.0070 3
0.0100 3
0.0130 3
0.0160 3
0.0191 3
0.0220 3
0.0250 3
0.0281 3
0.0310 3
0.0340 3
0.0370 3
0.0399 3
0.0429 3
0.0459 3
0.0489 3
0.0520 3
0.0550 3
0.0580 3
0.0610 3
0.0641 3
0.0671 3
0.0702 3
0.0732 3
0.0762 3
0.0792 3
0.0822 3
0.0852 3
0.0882 3
0.0912 3
0.0943 3
0.0973 3
0.1002 3
0.1033 3
0.1063 3
0.1092 3
0.1123 3
0.1152 3
0.1182 3
0.1212 3
0.1242 3
0.1272 3
0.1302 3
0.1331 3
0.1362 3
0.1393 3
0.1422 3
0.1452 3
0.1482 3
0.1511 3
0.1541 3
0.1571 3
0.1600 3
0.1630 3
0.1660 3
0.1689 3
0.1719 3
0.1749 3
0.1778 3
0.1808 3
0.1837 3
0.1867 3
0.1897 3
0.1926 3
0.1956 3
0.1985 3
0.2015 3
0.2044 3
0.2075 3
0.2105 3
0.2135 3
0.2164 3
0.2194 3
0.2223 3
0.2253 3
0.2283 3
0.2312 3
0.2341 3
0.2371 3
0.2401 3
0.2430 3
0.2460 3
0.2489 3
0.2519 3
0.2548 3
0.2578 3
0.2607 3
0.2637 3
0.2666 3
0.2696 3
0.2725 3
0.2755 3
0.2785 3
0.2814 3
0.2844 3
0.2873 3
0.2903 3
0.2932 3
0.2962 3
0.2993 3
