0.0000 4
0.0027 4
0.0043 3
0.0052 3
0.0077 3
0.0102 3
0.0127 3
0.0152 3
0.0177 3
0.0202 3
0.0226 3
0.0252 3
0.0277 3
0.0302 3
0.0327 3
0.0352 3
0.0377 3
0.0402 3
0.0427 3
0.0452 3
0.0477 3
0.0502 3
0.0527 3
0.0552 3
0.0577 3
0.0602 3
0.0627 3
0.0652 3
0.0677 3
0.0701 3
0.0726 3
0.0751 3
0.0776 3
0.0800 3
0.0825 3
0.0850 3
0.0874 3
0.0899 3
0.0923 3
0.0948 3
0.0973 3
0.0997 3
0.1022 3
0.1046 3
0.1071 3
0.1095 3
0.1119 3
0.1144 3
0.1168 3
0.1193 3
0.1218 3
0.1242 3
0.1267 3
0.1291 3
0.1316 3
0.1343 3
0.1368 3
0.1393 3
0.1417 3
0.1442 3
0.1467 3
0.1491 3
0.1516 3
0.1541 3
0.1566 3
0.1590 3
0.1615 3
0.1639 3
0.1664 3
0.1689 3
0.1713 3
0.1738 3
0.1762 3
0.1787 3
0.1811 3
0.1836 3
0.1860 3
0.1885 3
0.1909 3
0.1933 3
0.1958 3
0.1983 3
0.2007 3
0.2032 3
0.2056 3
0.2081 3
0.2106 3
0.2130 3
0.2154 3
0.2179 3
0.2203 3
0.2227 3
0.2252 3
0.2276 3
0.2301 3
0.2325 3
0.2350 3
0.2375 3
0.2399 3
0.2424 3
0.2449 3
0.2473 3
0.2498 3
