0.0000 3
0.0002 2
0.0027 2
0.0051 2
0.0075 2
0.0099 2
0.0122 2
0.0146 2
0.0170 2
0.0193 2
0.0216 2
0.0240 2
0.0263 2
0.0286 2
0.0309 2
0.0332 2
0.0356 2
0.0379 2
0.0402 2
0.0426 2
0.0449 2
0.0472 2
0.0496 2
0.0519 2
0.0542 2
0.0566 2
0.0589 2
0.0612 2
0.0637 2
0.0660 2
0.0683 2
0.0706 2
0.0729 2
0.0752 2
0.0775 2
0.0798 2
0.0821 2
0.0844 2
0.0867 2
0.0890 2
0.0913 2
0.0936 2
0.0959 2
0.0982 2
0.1005 2
0.1028 2
0.1052 2
0.1075 2
0.1098 2
0.1121 2
0.1145 2
0.1168 2
0.1191 2
0.1214 2
0.1237 2
0.1260 2
0.1283 2
0.1309 2
0.1332 2
0.1355 2
0.1378 2
0.1401 2
0.1424 2
0.1447 2
0.1470 2
0.1493 2
0.1516 2
0.1540 2
0.1563 2
0.1586 2
0.1609 2
0.1633 2
0.1656 2
0.1679 2
0.1702 2
0.1725 2
0.1748 2
0.1771 2
0.1794 2
0.1817 2
0.1840 2
0.1863 2
0.1886 2
0.1910 2
0.1933 2
0.1955 2
0.1978 2
0.2001 2
0.2024 2
0.2047 2
0.2071 2
0.2094 2
0.2117 2
0.2140 2
0.2163 2
0.2186 2
0.2209 2
0.2233 2
0.2256 2
0.2279 2
0.2302 2
0.2325 2
