0.0000 6
0.0018 5
0.0027 5
0.0053 5
0.0078 5
0.0102 5
0.0128 5
0.0152 5
0.0176 5
0.0202 5
0.0226 5
0.0251 5
0.0275 5
0.0300 5
0.0324 5
0.0349 5
0.0373 5
0.0398 5
0.0422 5
0.0446 5
0.0471 5
0.0495 5
0.0519 5
0.0543 5
0.0568 5
0.0593 5
0.0617 5
0.0641 5
0.0665 5
0.0689 5
0.0714 5
0.0738 5
0.0762 5
0.0787 5
0.0811 5
0.0835 5
0.0860 5
0.0884 5
0.0909 5
0.0933 5
0.0957 5
0.0981 5
0.1006 5
0.1030 5
0.1054 5
0.1079 5
0.1103 5
0.1127 5
0.1151 5
0.1175 5
0.1199 5
0.1224 5
0.1248 5
0.1272 5
0.1296 5
0.1321 5
0.1345 5
0.1369 5
0.1393 5
0.1418 5
0.1442 5
0.1467 5
0.1494 5
0.1519 5
0.1543 5
0.1567 5
0.1592 5
0.1616 5
0.1640 5
0.1665 5
0.1689 5
0.1713 5
0.1737 5
0.1762 5
0.1786 5
0.1810 5
0.1834 5
0.1858 5
0.1884 5
0.1911 5
0.1937 5
0.1962 5
0.1986 5
0.2010 5
0.2035 5
0.2059 5
0.2084 5
0.2108 5
0.2133 5
0.2157 5
0.2181 5
0.2205 5
0.2230 5
0.2254 5
0.2279 5
0.2303 5
0.2328 5
0.2352 5
0.2376 5
0.2400 5
0.2425 5
0.2449 5
