0.0000 3
0.0004 2
0.0032 2
0.0061 2
0.0089 2
0.0118 2
0.0147 2
0.0176 2
0.0204 2
0.0233 2
0.0262 2
0.0290 2
0.0319 2
0.0347 2
0.0376 2
0.0404 2
0.0432 2
0.0460 2
0.0488 2
0.0516 2
0.0544 2
0.0572 2
0.0600 2
0.0629 2
0.0657 2
0.0685 2
0.0714 2
0.0742 2
0.0770 2
0.0798 2
0.0826 2
0.0854 2
0.0883 2
0.0912 2
0.0940 2
0.0968 2
0.0998 2
0.1026 2
0.1054 2
0.1083 2
0.1111 2
0.1140 2
0.1168 2
0.1197 2
0.1225 2
0.1253 2
0.1281 2
0.1309 2
0.1337 2
0.1365 2
0.1393 2
0.1421 2
0.1450 2
0.1478 2
0.1506 2
0.1534 2
0.1563 2
0.1591 2
0.1619 2
0.1647 2
0.1676 2
0.1704 2
0.1732 2
0.1760 2
0.1788 2
0.1816 2
0.1844 2
0.1872 2
0.1901 2
0.1929 2
0.1957 2
0.1985 2
0.2013 2
0.2041 2
0.2070 2
0.2098 2
0.2126 2
0.2154 2
0.2183 2
0.2211 2
0.2239 2
0.2268 2
0.2298 2
0.2327 2
0.2355 2
0.2383 2
0.2411 2
0.2439 2
0.2467 2
0.2495 2
0.2523 2
0.2551 2
0.2579 2
0.2607 2
0.2635 2
0.2663 2
0.2691 2
0.2719 2
0.2746 2
0.2774 2
0.2802 2
0.2830 2
