0.0000 3
0.0008 2
0.0031 2
0.0060 2
0.0090 2
0.0120 2
0.0148 2
0.0178 2
0.0207 2
0.0236 2
0.0265 2
0.0294 2
0.0322 2
0.0351 2
0.0379 2
0.0407 2
0.0435 2
0.0463 2
0.0492 2
0.0520 2
0.0548 2
0.0577 2
0.0605 2
0.0633 2
0.0662 2
0.0690 2
0.0718 2
0.0747 2
0.0775 2
0.0804 2
0.0832 2
0.0861 2
0.0890 2
0.0918 2
0.0946 2
0.0974 2
0.1003 2
0.1031 2
0.1059 2
0.1087 2
0.1115 2
0.1144 2
0.1172 2
0.1201 2
0.1229 2
0.1258 2
0.1286 2
0.1315 2
0.1343 2
0.1372 2
0.1401 2
0.1429 2
0.1458 2
0.1487 2
0.1515 2
0.1544 2
0.1572 2
0.1600 2
0.1628 2
0.1656 2
0.1684 2
0.1712 2
0.1741 2
0.1769 2
0.1797 2
0.1826 2
0.1854 2
0.1882 2
0.1910 2
0.1939 2
0.1967 2
0.1995 2
0.2024 2
0.2052 2
0.2081 2
0.2109 2
0.2137 2
0.2166 2
0.2194 2
0.2222 2
0.2250 2
0.2278 2
0.2307 2
0.2335 2
0.2363 2
0.2391 2
0.2419 2
0.2448 2
0.2476 2
0.2504 2
0.2532 2
0.2560 2
0.2588 2
0.2616 2
0.2644 2
0.2673 2
0.2700 2
0.2728 2
0.2757 2
0.2785 2
0.2813 2
0.2841 2
