0.0000 6
0.0020 5
0.0039 5
0.0070 5
0.0101 5
0.0133 5
0.0164 5
0.0195 5
0.0226 5
0.0256 5
0.0287 5
0.0317 5
0.0347 5
0.0378 5
0.0408 5
0.0439 5
0.0469 5
0.0499 5
0.0530 5
0.0560 5
0.0590 5
0.0621 5
0.0651 5
0.0681 5
0.0712 5
0.0743 5
0.0773 5
0.0804 5
0.0834 5
0.0864 5
0.0895 5
0.0925 5
0.0955 5
0.0986 5
0.1016 5
0.1046 5
0.1077 5
0.1107 5
0.1137 5
0.1168 5
0.1198 5
0.1228 5
0.1259 5
0.1289 5
0.1320 5
0.1350 5
0.1380 5
0.1410 5
0.1441 5
0.1471 5
0.1502 5
0.1532 5
0.1563 5
0.1593 5
0.1623 5
0.1654 5
0.1684 5
0.1715 5
0.1745 5
0.1776 5
0.1806 5
0.1836 5
0.1867 5
0.1897 5
0.1928 5
0.1958 5
0.1989 5
0.2020 5
0.2051 5
0.2082 5
0.2113 5
0.2143 5
0.2174 5
0.2204 5
0.2235 5
0.2265 5
0.2295 5
0.2326 5
0.2356 5
0.2387 5
0.2417 5
0.2448 5
0.2478 5
0.2509 5
0.2539 5
0.2569 5
0.2600 5
0.2630 5
0.2661 5
0.2691 5
0.2722 5
0.2752 5
0.2783 5
0.2813 5
0.2844 5
0.2875 5
0.2905 5
0.2936 5
0.2967 5
0.2998 5
0.3028 5
0.3059 5
