0.0000 3
0.0029 3
0.0032 2
0.0053 2
0.0077 2
0.0100 2
0.0124 2
0.0148 2
0.0172 2
0.0196 2
0.0219 2
0.0242 2
0.0266 2
0.0289 2
0.0312 2
0.0335 2
0.0358 2
0.0381 2
0.0405 2
0.0428 2
0.0451 2
0.0474 2
0.0497 2
0.0520 2
0.0543 2
0.0565 2
0.0588 2
0.0611 2
0.0634 2
0.0657 2
0.0680 2
0.0702 2
0.0725 2
0.0748 2
0.0771 2
0.0794 2
0.0817 2
0.0839 2
0.0862 2
0.0885 2
0.0908 2
0.0930 2
0.0954 2
0.0977 2
0.1000 2
0.1022 2
0.1045 2
0.1068 2
0.1091 2
0.1114 2
0.1137 2
0.1160 2
0.1183 2
0.1206 2
0.1228 2
0.1251 2
0.1275 2
0.1300 2
0.1324 2
0.1347 2
0.1370 2
0.1393 2
0.1416 2
0.1439 2
0.1462 2
0.1485 2
0.1508 2
0.1531 2
0.1553 2
0.1576 2
0.1599 2
0.1622 2
0.1645 2
0.1668 2
0.1690 2
0.1713 2
0.1736 2
0.1759 2
0.1782 2
0.1805 2
0.1827 2
0.1850 2
0.1873 2
0.1896 2
0.1919 2
0.1942 2
0.1965 2
0.1988 2
0.2011 2
0.2033 2
0.2056 2
0.2080 2
0.2103 2
0.2126 2
0.2149 2
0.2172 2
0.2195 2
0.2218 2
0.2241 2
0.2264 2
0.2287 2
0.2310 2
0.2333 2
