0.0000 4
0.0031 4
0.0056 4
0.0080 4
0.0105 4
0.0130 4
0.0155 4
0.0180 4
0.0205 4
0.0230 4
0.0254 4
0.0279 4
0.0303 4
0.0328 4
0.0352 4
0.0377 4
0.0401 4
0.0426 4
0.0450 4
0.0475 4
0.0499 4
0.0524 4
0.0548 4
0.0573 4
0.0597 4
0.0622 4
0.0646 4
0.0671 4
0.0695 4
0.0720 4
0.0744 4
0.0769 4
0.0793 4
0.0818 4
0.0843 4
0.0867 4
0.0892 4
0.0917 4
0.0941 4
0.0965 4
0.0990 4
0.1014 4
0.1039 4
0.1063 4
0.1088 4
0.1112 4
0.1137 4
0.1161 4
0.1186 4
0.1211 4
0.1235 4
0.1260 4
0.1284 4
0.1308 4
0.1333 4
0.1357 4
0.1382 4
0.1406 4
0.1430 4
0.1455 4
0.1480 4
0.1505 4
0.1530 4
0.1554 4
0.1579 4
0.1604 4
0.1628 4
0.1653 4
0.1677 4
0.1702 4
0.1726 4
0.1751 4
0.1776 4
0.1800 4
0.1825 4
0.1849 4
0.1874 4
0.1899 4
0.1923 4
0.1948 4
0.1973 4
0.1997 4
0.2022 4
0.2046 4
0.2073 4
0.2098 4
0.2123 4
0.2147 4
0.2172 4
0.2196 4
0.2221 4
0.2245 4
0.2270 4
0.2295 4
0.2319 4
0.2343 4
0.2368 4
0.2393 4
0.2418 4
0.2443 4
0.2467 4
