0.0000 6
0.0015 5
0.0033 5
0.0064 5
0.0094 5
0.0125 5
0.0155 5
0.0185 5
0.0216 5
0.0246 5
0.0277 5
0.0308 5
0.0339 5
0.0369 5
0.0400 5
0.0430 5
0.0460 5
0.0490 5
0.0521 5
0.0551 5
0.0581 5
0.0610 5
0.0640 5
0.0670 5
0.0699 5
0.0729 5
0.0758 5
0.0788 5
0.0818 5
0.0847 5
0.0877 5
0.0906 5
0.0936 5
0.0966 5
0.0995 5
0.1025 5
0.1054 5
0.1084 5
0.1114 5
0.1143 5
0.1173 5
0.1203 5
0.1233 5
0.1263 5
0.1294 5
0.1323 5
0.1353 5
0.1383 5
0.1412 5
0.1442 5
0.1472 5
0.1502 5
0.1531 5
0.1561 5
0.1591 5
0.1620 5
0.1650 5
0.1679 5
0.1709 5
0.1739 5
0.1768 5
0.1798 5
0.1827 5
0.1857 5
0.1888 5
0.1917 5
0.1947 5
0.1976 5
0.2006 5
0.2036 5
0.2066 5
0.2097 5
0.2126 5
0.2156 5
0.2185 5
0.2216 5
0.2246 5
0.2275 5
0.2305 5
0.2334 5
0.2364 5
0.2393 5
0.2423 5
0.2453 5
0.2482 5
0.2512 5
0.2541 5
0.2571 5
0.2601 5
0.2630 5
0.2660 5
0.2689 5
0.2719 5
0.2749 5
0.2778 5
0.2808 5
0.2838 5
0.2867 5
0.2897 5
0.2926 5
0.2956 5
0.2985 5
