0.0000 3
0.0032 3
0.0057 3
0.0081 3
0.0105 3
0.0130 3
0.0154 3
0.0178 3
0.0202 3
0.0226 3
0.0251 3
0.0275 3
0.0300 3
0.0324 3
0.0347 3
0.0371 3
0.0395 3
0.0419 3
0.0444 3
0.0468 3
0.0492 3
0.0515 3
0.0539 3
0.0563 3
0.0586 3
0.0610 3
0.0634 3
0.0657 3
0.0682 3
0.0706 3
0.0729 3
0.0753 3
0.0778 3
0.0802 3
0.0825 3
0.0849 3
0.0873 3
0.0897 3
0.0921 3
0.0944 3
0.0968 3
0.0992 3
0.1015 3
0.1039 3
0.1063 3
0.1086 3
0.1110 3
0.1134 3
0.1157 3
0.1181 3
0.1204 3
0.1228 3
0.1252 3
0.1275 3
0.1299 3
0.1323 3
0.1347 3
0.1370 3
0.1394 3
0.1418 3
0.1441 3
0.1465 3
0.1489 3
0.1512 3
0.1536 3
0.1560 3
0.1584 3
0.1609 3
0.1633 3
0.1656 3
0.1680 3
0.1704 3
0.1728 3
0.1751 3
0.1775 3
0.1799 3
0.1822 3
0.1846 3
0.1870 3
0.1893 3
0.1917 3
0.1941 3
0.1964 3
0.1988 3
0.2012 3
0.2035 3
0.2059 3
0.2083 3
0.2107 3
0.2131 3
0.2155 3
0.2178 3
0.2202 3
0.2226 3
0.2249 3
0.2273 3
0.2297 3
0.2321 3
0.2344 3
0.2368 3
0.2391 3
