0.0000 4
0.0023 3
0.0033 3
0.0063 3
0.0094 3
0.0124 3
0.0155 3
0.0185 3
0.0216 3
0.0246 3
0.0276 3
0.0306 3
0.0337 3
0.0367 3
0.0397 3
0.0426 3
0.0456 3
0.0487 3
0.0517 3
0.0547 3
0.0578 3
0.0608 3
0.0638 3
0.0668 3
0.0698 3
0.0728 3
0.0758 3
0.0788 3
0.0818 3
0.0849 3
0.0879 3
0.0909 3
0.0938 3
0.0968 3
0.0998 3
0.1029 3
0.1059 3
0.1089 3
0.1119 3
0.1149 3
0.1179 3
0.1209 3
0.1239 3
0.1269 3
0.1299 3
0.1329 3
0.1360 3
0.1390 3
0.1420 3
0.1450 3
0.1480 3
0.1510 3
0.1540 3
0.1570 3
0.1602 3
0.1633 3
0.1663 3
0.1693 3
0.1723 3
0.1753 3
0.1783 3
0.1813 3
0.1843 3
0.1873 3
0.1903 3
0.1933 3
0.1963 3
0.1993 3
0.2023 3
0.2053 3
0.2084 3
0.2114 3
0.2144 3
0.2174 3
0.2204 3
0.2234 3
0.2264 3
0.2294 3
0.2324 3
0.2354 3
0.2384 3
0.2414 3
0.2444 3
0.2474 3
0.2504 3
0.2534 3
0.2565 3
0.2596 3
0.2627 3
0.2657 3
0.2688 3
0.2718 3
0.2749 3
0.2778 3
0.2808 3
0.2838 3
0.2868 3
0.2898 3
0.2928 3
0.2958 3
0.2988 3
0.3022 3
