0.0000 3
0.0010 2
0.0028 2
0.0052 2
0.0076 2
0.0099 2
0.0123 2
0.0147 2
0.0171 2
0.0195 2
0.0218 2
0.0242 2
0.0265 2
0.0288 2
0.0311 2
0.0334 2
0.0357 2
0.0380 2
0.0404 2
0.0427 2
0.0450 2
0.0473 2
0.0496 2
0.0519 2
0.0542 2
0.0565 2
0.0588 2
0.0611 2
0.0634 2
0.0657 2
0.0681 2
0.0704 2
0.0727 2
0.0750 2
0.0774 2
0.0798 2
0.0821 2
0.0844 2
0.0868 2
0.0891 2
0.0914 2
0.0937 2
0.0961 2
0.0985 2
0.1008 2
0.1031 2
0.1054 2
0.1077 2
0.1100 2
0.1123 2
0.1147 2
0.1170 2
0.1193 2
0.1216 2
0.1239 2
0.1262 2
0.1285 2
0.1308 2
0.1331 2
0.1354 2
0.1377 2
0.1400 2
0.1423 2
0.1446 2
0.1468 2
0.1491 2
0.1514 2
0.1537 2
0.1560 2
0.1583 2
0.1606 2
0.1629 2
0.1652 2
0.1675 2
0.1698 2
0.1721 2
0.1744 2
0.1767 2
0.1791 2
0.1814 2
0.1838 2
0.1861 2
0.1885 2
0.1909 2
0.1932 2
0.1956 2
0.1980 2
0.2004 2
0.2027 2
0.2050 2
0.2074 2
0.2096 2
0.2120 2
0.2143 2
0.2166 2
0.2190 2
0.2216 2
0.2239 2
0.2262 2
0.2285 2
0.2308 2
0.2331 2
