0.0000 3
0.0013 2
0.0031 2
0.0060 2
0.0089 2
0.0117 2
0.0146 2
0.0175 2
0.0203 2
0.0232 2
0.0261 2
0.0288 2
0.0316 2
0.0345 2
0.0372 2
0.0400 2
0.0428 2
0.0456 2
0.0484 2
0.0512 2
0.0540 2
0.0568 2
0.0596 2
0.0624 2
0.0652 2
0.0680 2
0.0707 2
0.0735 2
0.0763 2
0.0791 2
0.0819 2
0.0847 2
0.0874 2
0.0904 2
0.0933 2
0.0961 2
0.0990 2
0.1019 2
0.1047 2
0.1076 2
0.1103 2
0.1131 2
0.1159 2
0.1187 2
0.1215 2
0.1243 2
0.1271 2
0.1299 2
0.1326 2
0.1354 2
0.1382 2
0.1410 2
0.1438 2
0.1466 2
0.1493 2
0.1521 2
0.1549 2
0.1577 2
0.1607 2
0.1636 2
0.1664 2
0.1692 2
0.1720 2
0.1747 2
0.1775 2
0.1803 2
0.1831 2
0.1858 2
0.1886 2
0.1914 2
0.1942 2
0.1970 2
0.1997 2
0.2027 2
0.2058 2
0.2086 2
0.2114 2
0.2142 2
0.2170 2
0.2197 2
0.2225 2
0.2253 2
0.2281 2
0.2309 2
0.2337 2
0.2364 2
0.2392 2
0.2420 2
0.2448 2
0.2475 2
0.2503 2
0.2531 2
0.2559 2
0.2586 2
0.2614 2
0.2642 2
0.2670 2
0.2698 2
0.2725 2
0.2753 2
0.2780 2
0.2808 2
