0.0000 4
0.0027 4
0.0028 3
0.0051 3
0.0076 3
0.0101 3
0.0125 3
0.0150 3
0.0175 3
0.0200 3
0.0224 3
0.0250 3
0.0274 3
0.0299 3
0.0323 3
0.0347 3
0.0371 3
0.0396 3
0.0420 3
0.0445 3
0.0469 3
0.0493 3
0.0518 3
0.0542 3
0.0566 3
0.0590 3
0.0614 3
0.0638 3
0.0662 3
0.0687 3
0.0711 3
0.0735 3
0.0760 3
0.0784 3
0.0809 3
0.0833 3
0.0858 3
0.0882 3
0.0906 3
0.0931 3
0.0955 3
0.0979 3
0.1003 3
0.1027 3
0.1051 3
0.1075 3
0.1099 3
0.1124 3
0.1147 3
0.1171 3
0.1195 3
0.1219 3
0.1243 3
0.1267 3
0.1291 3
0.1316 3
0.1340 3
0.1363 3
0.1388 3
0.1412 3
0.1436 3
0.1460 3
0.1484 3
0.1508 3
0.1532 3
0.1556 3
0.1580 3
0.1604 3
0.1628 3
0.1652 3
0.1676 3
0.1700 3
0.1724 3
0.1748 3
0.1772 3
0.1796 3
0.1820 3
0.1843 3
0.1867 3
0.1891 3
0.1915 3
0.1939 3
0.1963 3
0.1987 3
0.2011 3
0.2035 3
0.2060 3
0.2087 3
0.2111 3
0.2135 3
0.2159 3
0.2183 3
0.2207 3
0.2231 3
0.2255 3
0.2279 3
0.2303 3
0.2327 3
0.2351 3
0.2376 3
0.2400 3
0.2424 3
0.2448 3
