0.0000 4
0.0004 3
0.0032 3
0.0064 3
0.0095 3
0.0126 3
0.0156 3
0.0188 3
0.0218 3
0.0249 3
0.0279 3
0.0310 3
0.0341 3
0.0372 3
0.0402 3
0.0432 3
0.0463 3
0.0494 3
0.0525 3
0.0555 3
0.0586 3
0.0616 3
0.0647 3
0.0677 3
0.0707 3
0.0737 3
0.0767 3
0.0798 3
0.0830 3
0.0860 3
0.0890 3
0.0920 3
0.0950 3
0.0980 3
0.1010 3
0.1040 3
0.1070 3
0.1100 3
0.1130 3
0.1159 3
0.1189 3
0.1221 3
0.1254 3
0.1284 3
0.1314 3
0.1344 3
0.1375 3
0.1405 3
0.1435 3
0.1466 3
0.1495 3
0.1526 3
0.1556 3
0.1587 3
0.1617 3
0.1647 3
0.1677 3
0.1707 3
0.1737 3
0.1767 3
0.1797 3
0.1827 3
0.1856 3
0.1886 3
0.1916 3
0.1946 3
0.1977 3
0.2007 3
0.2036 3
0.2066 3
0.2096 3
0.2126 3
0.2156 3
0.2186 3
0.2216 3
0.2246 3
0.2275 3
0.2306 3
0.2336 3
0.2366 3
0.2395 3
0.2426 3
0.2456 3
0.2485 3
0.2515 3
0.2546 3
0.2576 3
0.2606 3
0.2635 3
0.2665 3
0.2695 3
0.2725 3
0.2755 3
0.2785 3
0.2815 3
0.2845 3
0.2875 3
0.2905 3
0.2935 3
0.2965 3
0.2995 3
0.3026 3
