0.0000 4
0.0033 4
0.0041 3
0.0068 3
0.0094 3
0.0119 3
0.0144 3
0.0169 3
0.0194 3
0.0218 3
0.0243 3
0.0267 3
0.0291 3
0.0316 3
0.0340 3
0.0364 3
0.0389 3
0.0413 3
0.0437 3
0.0461 3
0.0485 3
0.0509 3
0.0533 3
0.0558 3
0.0582 3
0.0606 3
0.0631 3
0.0655 3
0.0679 3
0.0703 3
0.0727 3
0.0751 3
0.0775 3
0.0799 3
0.0824 3
0.0848 3
0.0872 3
0.0896 3
0.0921 3
0.0945 3
0.0969 3
0.0993 3
0.1017 3
0.1042 3
0.1067 3
0.1092 3
0.1116 3
0.1140 3
0.1165 3
0.1189 3
0.1213 3
0.1237 3
0.1261 3
0.1286 3
0.1310 3
0.1334 3
0.1359 3
0.1383 3
0.1407 3
0.1431 3
0.1455 3
0.1479 3
0.1504 3
0.1528 3
0.1552 3
0.1577 3
0.1601 3
0.1625 3
0.1650 3
0.1674 3
0.1698 3
0.1722 3
0.1747 3
0.1771 3
0.1795 3
0.1819 3
0.1843 3
0.1867 3
0.1891 3
0.1915 3
0.1939 3
0.1964 3
0.1989 3
0.2013 3
0.2037 3
0.2061 3
0.2085 3
0.2110 3
0.2134 3
0.2158 3
0.2182 3
0.2206 3
0.2231 3
0.2255 3
0.2279 3
0.2303 3
0.2327 3
0.2351 3
0.2376 3
0.2401 3
0.2425 3
0.2448 3
0.2473 3
