0.0000 4
0.0010 3
0.0033 3
0.0064 3
0.0094 3
0.0124 3
0.0154 3
0.0184 3
0.0214 3
0.0243 3
0.0273 3
0.0302 3
0.0332 3
0.0362 3
0.0391 3
0.0421 3
0.0450 3
0.0480 3
0.0509 3
0.0539 3
0.0568 3
0.0600 3
0.0632 3
0.0663 3
0.0693 3
0.0724 3
0.0754 3
0.0784 3
0.0814 3
0.0844 3
0.0875 3
0.0905 3
0.0935 3
0.0965 3
0.0995 3
0.1025 3
0.1054 3
0.1084 3
0.1113 3
0.1143 3
0.1172 3
0.1201 3
0.1231 3
0.1261 3
0.1290 3
0.1320 3
0.1349 3
0.1379 3
0.1409 3
0.1438 3
0.1468 3
0.1497 3
0.1526 3
0.1556 3
0.1585 3
0.1615 3
0.1644 3
0.1673 3
0.1703 3
0.1732 3
0.1761 3
0.1791 3
0.1820 3
0.1849 3
0.1879 3
0.1908 3
0.1938 3
0.1967 3
0.1996 3
0.2026 3
0.2056 3
0.2085 3
0.2115 3
0.2144 3
0.2173 3
0.2203 3
0.2232 3
0.2262 3
0.2291 3
0.2321 3
0.2350 3
0.2380 3
0.2409 3
0.2439 3
0.2469 3
0.2498 3
0.2527 3
0.2557 3
0.2586 3
0.2616 3
0.2645 3
0.2675 3
0.2704 3
0.2733 3
0.2763 3
0.2792 3
0.2822 3
0.2851 3
0.2880 3
0.2910 3
0.2939 3
0.2969 3
