0.0000 3
0.0005 2
0.0025 2
0.0048 2
0.0072 2
0.0095 2
0.0118 2
0.0142 2
0.0165 2
0.0188 2
0.0210 2
0.0233 2
0.0256 2
0.0279 2
0.0302 2
0.0324 2
0.0347 2
0.0370 2
0.0393 2
0.0415 2
0.0439 2
0.0462 2
0.0484 2
0.0507 2
0.0530 2
0.0553 2
0.0575 2
0.0598 2
0.0621 2
0.0644 2
0.0667 2
0.0689 2
0.0712 2
0.0735 2
0.0758 2
0.0781 2
0.0803 2
0.0826 2
0.0849 2
0.0872 2
0.0894 2
0.0917 2
0.0940 2
0.0963 2
0.0985 2
0.1008 2
0.1031 2
0.1053 2
0.1076 2
0.1099 2
0.1121 2
0.1144 2
0.1167 2
0.1191 2
0.1214 2
0.1236 2
0.1259 2
0.1282 2
0.1305 2
0.1328 2
0.1350 2
0.1373 2
0.1396 2
0.1419 2
0.1442 2
0.1464 2
0.1487 2
0.1510 2
0.1533 2
0.1555 2
0.1578 2
0.1601 2
0.1624 2
0.1647 2
0.1670 2
0.1692 2
0.1715 2
0.1738 2
0.1760 2
0.1783 2
0.1806 2
0.1829 2
0.1851 2
0.1874 2
0.1897 2
0.1919 2
0.1942 2
0.1965 2
0.1987 2
0.2010 2
0.2034 2
0.2057 2
0.2080 2
0.2104 2
0.2127 2
0.2152 2
0.2174 2
0.2198 2
0.2222 2
0.2246 2
0.2270 2
0.2293 2
