0.0000 3
0.0009 2
0.0034 2
0.0064 2
0.0092 2
0.0121 2
0.0150 2
0.0178 2
0.0208 2
0.0239 2
0.0269 2
0.0299 2
0.0328 2
0.0357 2
0.0387 2
0.0415 2
0.0444 2
0.0474 2
0.0503 2
0.0532 2
0.0561 2
0.0591 2
0.0620 2
0.0648 2
0.0679 2
0.0710 2
0.0739 2
0.0768 2
0.0797 2
0.0827 2
0.0856 2
0.0885 2
0.0914 2
0.0943 2
0.0971 2
0.1000 2
0.1029 2
0.1058 2
0.1087 2
0.1116 2
0.1145 2
0.1174 2
0.1202 2
0.1231 2
0.1259 2
0.1287 2
0.1316 2
0.1344 2
0.1372 2
0.1401 2
0.1429 2
0.1457 2
0.1485 2
0.1513 2
0.1542 2
0.1570 2
0.1598 2
0.1626 2
0.1654 2
0.1682 2
0.1710 2
0.1739 2
0.1767 2
0.1795 2
0.1823 2
0.1851 2
0.1880 2
0.1908 2
0.1936 2
0.1965 2
0.1993 2
0.2021 2
0.2049 2
0.2078 2
0.2107 2
0.2135 2
0.2163 2
0.2191 2
0.2219 2
0.2247 2
0.2275 2
0.2304 2
0.2332 2
0.2361 2
0.2389 2
0.2417 2
0.2445 2
0.2473 2
0.2501 2
0.2529 2
0.2557 2
0.2585 2
0.2614 2
0.2642 2
0.2672 2
0.2702 2
0.2731 2
0.2760 2
0.2789 2
0.2818 2
0.2847 2
0.2876 2
