0.0000 3
0.0036 3
0.0069 3
0.0102 3
0.0134 3
0.0165 3
0.0197 3
0.0228 3
0.0258 3
0.0288 3
0.0320 3
0.0350 3
0.0380 3
0.0410 3
0.0441 3
0.0471 3
0.0501 3
0.0534 3
0.0566 3
0.0596 3
0.0626 3
0.0656 3
0.0686 3
0.0716 3
0.0745 3
0.0775 3
0.0805 3
0.0835 3
0.0868 3
0.0899 3
0.0929 3
0.0959 3
0.0988 3
0.1018 3
0.1048 3
0.1078 3
0.1107 3
0.1137 3
0.1167 3
0.1197 3
0.1227 3
0.1256 3
0.1286 3
0.1316 3
0.1345 3
0.1375 3
0.1405 3
0.1434 3
0.1464 3
0.1494 3
0.1524 3
0.1553 3
0.1583 3
0.1613 3
0.1642 3
0.1672 3
0.1702 3
0.1732 3
0.1761 3
0.1791 3
0.1820 3
0.1850 3
0.1880 3
0.1909 3
0.1939 3
0.1968 3
0.1998 3
0.2028 3
0.2057 3
0.2087 3
0.2116 3
0.2146 3
0.2175 3
0.2206 3
0.2238 3
0.2267 3
0.2297 3
0.2326 3
0.2357 3
0.2387 3
0.2417 3
0.2446 3
0.2476 3
0.2505 3
0.2535 3
0.2564 3
0.2594 3
0.2623 3
0.2653 3
0.2682 3
0.2712 3
0.2741 3
0.2771 3
0.2800 3
0.2830 3
0.2859 3
0.2889 3
0.2918 3
0.2948 3
0.2977 3
0.3006 3
