0.0000 6
0.0040 6
0.0071 6
0.0103 6
0.0125 5
0.0133 5
0.0164 5
0.0195 5
0.0225 5
0.0255 5
0.0286 5
0.0316 5
0.0346 5
0.0382 5
0.0413 5
0.0443 5
0.0473 5
0.0503 5
0.0532 5
0.0562 5
0.0592 5
0.0622 5
0.0652 5
0.0682 5
0.0712 5
0.0742 5
0.0772 5
0.0802 5
0.0831 5
0.0861 5
0.0891 5
0.0920 5
0.0950 5
0.0979 5
0.1009 5
0.1038 5
0.1068 5
0.1097 5
0.1127 5
0.1156 5
0.1186 5
0.1216 5
0.1245 5
0.1275 5
0.1304 5
0.1334 5
0.1363 5
0.1393 5
0.1422 5
0.1452 5
0.1481 5
0.1511 5
0.1540 5
0.1570 5
0.1600 5
0.1630 5
0.1659 5
0.1689 5
0.1720 5
0.1751 5
0.1781 5
0.1811 5
0.1841 5
0.1870 5
0.1900 5
0.1929 5
0.1959 5
0.1988 5
0.2018 5
0.2047 5
0.2077 5
0.2106 5
0.2136 5
0.2165 5
0.2195 5
0.2224 5
0.2254 5
0.2283 5
0.2313 5
0.2342 5
0.2372 5
0.2402 5
0.2431 5
0.2461 5
0.2490 5
0.2520 5
0.2549 5
0.2579 5
0.2609 5
0.2638 5
0.2670 5
0.2702 5
0.2732 5
0.2762 5
0.2792 5
0.2822 5
0.2851 5
0.2881 5
0.2910 5
0.2940 5
0.2969 5
0.2999 5
0.3029 5
0.3058 5
0.3088 5
