0.0000 3
0.0031 3
0.0055 3
0.0079 3
0.0103 3
0.0127 3
0.0151 3
0.0175 3
0.0198 3
0.0223 3
0.0246 3
0.0270 3
0.0293 3
0.0316 3
0.0340 3
0.0363 3
0.0387 3
0.0410 3
0.0434 3
0.0457 3
0.0480 3
0.0504 3
0.0527 3
0.0550 3
0.0573 3
0.0597 3
0.0620 3
0.0643 3
0.0666 3
0.0690 3
0.0713 3
0.0737 3
0.0760 3
0.0783 3
0.0806 3
0.0830 3
0.0853 3
0.0876 3
0.0900 3
0.0923 3
0.0946 3
0.0970 3
0.0993 3
0.1016 3
0.1040 3
0.1063 3
0.1086 3
0.1110 3
0.1133 3
0.1156 3
0.1179 3
0.1203 3
0.1226 3
0.1249 3
0.1272 3
0.1296 3
0.1320 3
0.1343 3
0.1366 3
0.1389 3
0.1413 3
0.1436 3
0.1459 3
0.1482 3
0.1506 3
0.1529 3
0.1552 3
0.1576 3
0.1599 3
0.1623 3
0.1646 3
0.1669 3
0.1693 3
0.1716 3
0.1739 3
0.1763 3
0.1786 3
0.1810 3
0.1833 3
0.1857 3
0.1880 3
0.1904 3
0.1927 3
0.1951 3
0.1974 3
0.1998 3
0.2021 3
0.2044 3
0.2068 3
0.2092 3
0.2115 3
0.2138 3
0.2162 3
0.2185 3
0.2208 3
0.2231 3
0.2255 3
0.2278 3
0.2302 3
0.2325 3
0.2349 3
