0.0000 4
0.0028 4
0.0053 4
0.0078 4
0.0103 4
0.0128 4
0.0154 4
0.0178 4
0.0204 4
0.0229 4
0.0254 4
0.0280 4
0.0305 4
0.0329 4
0.0354 4
0.0379 4
0.0404 4
0.0428 4
0.0453 4
0.0478 4
0.0502 4
0.0527 4
0.0551 4
0.0576 4
0.0601 4
0.0626 4
0.0650 4
0.0675 4
0.0700 4
0.0724 4
0.0749 4
0.0774 4
0.0799 4
0.0823 4
0.0848 4
0.0873 4
0.0897 4
0.0922 4
0.0946 4
0.0971 4
0.0996 4
0.1020 4
0.1045 4
0.1069 4
0.1094 4
0.1119 4
0.1144 4
0.1168 4
0.1193 4
0.1217 4
0.1243 4
0.1267 4
0.1292 4
0.1317 4
0.1341 4
0.1366 4
0.1390 4
0.1415 4
0.1439 4
0.1464 4
0.1489 4
0.1513 4
0.1538 4
0.1563 4
0.1588 4
0.1613 4
0.1637 4
0.1662 4
0.1687 4
0.1711 4
0.1736 4
0.1760 4
0.1785 4
0.1810 4
0.1834 4
0.1859 4
0.1884 4
0.1908 4
0.1933 4
0.1957 4
0.1982 4
0.2006 4
0.2031 4
0.2055 4
0.2081 4
0.2105 4
0.2130 4
0.2154 4
0.2179 4
0.2203 4
0.2228 4
0.2253 4
0.2278 4
0.2302 4
0.2328 4
0.2352 4
0.2377 4
0.2402 4
0.2427 4
0.2451 4
0.2476 4
