0.0000 3
0.0036 3
0.0066 3
0.0097 3
0.0127 3
0.0158 3
0.0188 3
0.0218 3
0.0248 3
0.0278 3
0.0308 3
0.0338 3
0.0371 3
0.0402 3
0.0431 3
0.0461 3
0.0491 3
0.0522 3
0.0551 3
0.0581 3
0.0611 3
0.0641 3
0.0670 3
0.0700 3
0.0730 3
0.0760 3
0.0790 3
0.0821 3
0.0850 3
0.0880 3
0.0909 3
0.0939 3
0.0969 3
0.0999 3
0.1028 3
0.1058 3
0.1088 3
0.1117 3
0.1147 3
0.1179 3
0.1209 3
0.1239 3
0.1269 3
0.1299 3
0.1329 3
0.1359 3
0.1388 3
0.1418 3
0.1448 3
0.1479 3
0.1509 3
0.1539 3
0.1570 3
0.1602 3
0.1634 3
0.1665 3
0.1696 3
0.1726 3
0.1757 3
0.1788 3
0.1818 3
0.1848 3
0.1878 3
0.1909 3
0.1939 3
0.1969 3
0.1999 3
0.2030 3
0.2060 3
0.2090 3
0.2121 3
0.2151 3
0.2182 3
0.2211 3
0.2241 3
0.2272 3
0.2302 3
0.2332 3
0.2362 3
0.2392 3
0.2421 3
0.2450 3
0.2480 3
0.2509 3
0.2539 3
0.2569 3
0.2598 3
0.2628 3
0.2657 3
0.2687 3
0.2716 3
0.2746 3
0.2775 3
0.2805 3
0.2835 3
0.2864 3
0.2893 3
0.2923 3
0.2952 3
0.2981 3
0.3010 3
