0.0000 4
0.0035 4
0.0065 4
0.0066 3
0.0096 3
0.0125 3
0.0155 3
0.0184 3
0.0214 3
0.0244 3
0.0273 3
0.0302 3
0.0332 3
0.0361 3
0.0391 3
0.0420 3
0.0449 3
0.0479 3
0.0509 3
0.0538 3
0.0567 3
0.0596 3
0.0625 3
0.0655 3
0.0685 3
0.0714 3
0.0743 3
0.0772 3
0.0802 3
0.0832 3
0.0861 3
0.0890 3
0.0920 3
0.0949 3
0.0979 3
0.1008 3
0.1037 3
0.1067 3
0.1096 3
0.1125 3
0.1154 3
0.1183 3
0.1213 3
0.1242 3
0.1271 3
0.1300 3
0.1329 3
0.1358 3
0.1387 3
0.1417 3
0.1446 3
0.1475 3
0.1504 3
0.1533 3
0.1564 3
0.1593 3
0.1623 3
0.1652 3
0.1681 3
0.1710 3
0.1739 3
0.1769 3
0.1798 3
0.1827 3
0.1856 3
0.1886 3
0.1915 3
0.1944 3
0.1973 3
0.2002 3
0.2032 3
0.2061 3
0.2091 3
0.2120 3
0.2149 3
0.2178 3
0.2207 3
0.2236 3
0.2265 3
0.2295 3
0.2325 3
0.2354 3
0.2383 3
0.2413 3
0.2442 3
0.2471 3
0.2500 3
0.2529 3
0.2558 3
0.2588 3
0.2617 3
0.2646 3
0.2675 3
0.2704 3
0.2733 3
0.2763 3
0.2792 3
0.2821 3
0.2850 3
0.2879 3
0.2909 3
0.2938 3
0.2968 3
0.2997 3
