0.0000 3
0.0007 2
0.0025 2
0.0049 2
0.0073 2
0.0096 2
0.0120 2
0.0143 2
0.0167 2
0.0191 2
0.0214 2
0.0237 2
0.0260 2
0.0283 2
0.0306 2
0.0329 2
0.0352 2
0.0375 2
0.0398 2
0.0422 2
0.0444 2
0.0469 2
0.0494 2
0.0517 2
0.0540 2
0.0563 2
0.0586 2
0.0609 2
0.0632 2
0.0655 2
0.0678 2
0.0701 2
0.0724 2
0.0747 2
0.0770 2
0.0793 2
0.0816 2
0.0840 2
0.0863 2
0.0888 2
0.0913 2
0.0937 2
0.0962 2
0.0986 2
0.1009 2
0.1032 2
0.1055 2
0.1078 2
0.1101 2
0.1124 2
0.1147 2
0.1170 2
0.1193 2
0.1216 2
0.1239 2
0.1262 2
0.1285 2
0.1307 2
0.1330 2
0.1353 2
0.1376 2
0.1399 2
0.1422 2
0.1445 2
0.1468 2
0.1491 2
0.1513 2
0.1536 2
0.1559 2
0.1582 2
0.1605 2
0.1628 2
0.1650 2
0.1673 2
0.1696 2
0.1719 2
0.1742 2
0.1765 2
0.1788 2
0.1810 2
0.1833 2
0.1856 2
0.1879 2
0.1901 2
0.1924 2
0.1947 2
0.1970 2
0.1993 2
0.2016 2
0.2039 2
0.2061 2
0.2085 2
0.2108 2
0.2131 2
0.2154 2
0.2177 2
0.2200 2
0.2223 2
0.2246 2
0.2269 2
0.2291 2
0.2314 2
