0.0000 4
0.0006 3
0.0036 3
0.0066 3
0.0097 3
0.0130 3
0.0163 3
0.0193 3
0.0224 3
0.0256 3
0.0287 3
0.0317 3
0.0347 3
0.0377 3
0.0407 3
0.0437 3
0.0467 3
0.0496 3
0.0527 3
0.0560 3
0.0591 3
0.0621 3
0.0651 3
0.0681 3
0.0710 3
0.0740 3
0.0769 3
0.0799 3
0.0828 3
0.0858 3
0.0888 3
0.0918 3
0.0948 3
0.0977 3
0.1007 3
0.1037 3
0.1066 3
0.1096 3
0.1125 3
0.1155 3
0.1184 3
0.1214 3
0.1244 3
0.1273 3
0.1303 3
0.1333 3
0.1362 3
0.1392 3
0.1422 3
0.1451 3
0.1482 3
0.1512 3
0.1541 3
0.1571 3
0.1601 3
0.1630 3
0.1660 3
0.1690 3
0.1719 3
0.1749 3
0.1779 3
0.1808 3
0.1838 3
0.1867 3
0.1897 3
0.1926 3
0.1956 3
0.1986 3
0.2016 3
0.2045 3
0.2075 3
0.2105 3
0.2135 3
0.2164 3
0.2194 3
0.2224 3
0.2253 3
0.2284 3
0.2314 3
0.2343 3
0.2373 3
0.2403 3
0.2432 3
0.2462 3
0.2492 3
0.2521 3
0.2551 3
0.2581 3
0.2610 3
0.2640 3
0.2669 3
0.2699 3
0.2729 3
0.2758 3
0.2788 3
0.2818 3
0.2847 3
0.2877 3
0.2906 3
0.2936 3
0.2965 3
0.2995 3
