0.0000 5
0.0034 5
0.0049 4
0.0064 4
0.0094 4
0.0124 4
0.0153 4
0.0183 4
0.0213 4
0.0243 4
0.0272 4
0.0301 4
0.0330 4
0.0359 4
0.0388 4
0.0417 4
0.0446 4
0.0475 4
0.0503 4
0.0532 4
0.0562 4
0.0591 4
0.0620 4
0.0649 4
0.0678 4
0.0707 4
0.0736 4
0.0764 4
0.0793 4
0.0822 4
0.0851 4
0.0880 4
0.0908 4
0.0937 4
0.0966 4
0.0995 4
0.1024 4
0.1053 4
0.1082 4
0.1111 4
0.1140 4
0.1169 4
0.1198 4
0.1226 4
0.1255 4
0.1284 4
0.1313 4
0.1342 4
0.1371 4
0.1400 4
0.1429 4
0.1458 4
0.1487 4
0.1516 4
0.1545 4
0.1574 4
0.1603 4
0.1632 4
0.1662 4
0.1690 4
0.1719 4
0.1748 4
0.1777 4
0.1806 4
0.1835 4
0.1864 4
0.1893 4
0.1922 4
0.1951 4
0.1980 4
0.2009 4
0.2038 4
0.2067 4
0.2096 4
0.2125 4
0.2154 4
0.2183 4
0.2212 4
0.2241 4
0.2270 4
0.2299 4
0.2328 4
0.2357 4
0.2386 4
0.2415 4
0.2444 4
0.2473 4
0.2502 4
0.2530 4
0.2559 4
0.2588 4
0.2618 4
0.2647 4
0.2675 4
0.2704 4
0.2733 4
0.2762 4
0.2791 4
0.2820 4
0.2849 4
0.2878 4
0.2906 4
0.2935 4
