0.0000 4
0.0014 3
0.0038 3
0.0069 3
0.0100 3
0.0131 3
0.0162 3
0.0192 3
0.0223 3
0.0254 3
0.0285 3
0.0315 3
0.0345 3
0.0376 3
0.0406 3
0.0436 3
0.0466 3
0.0496 3
0.0526 3
0.0556 3
0.0586 3
0.0616 3
0.0646 3
0.0676 3
0.0706 3
0.0736 3
0.0766 3
0.0796 3
0.0826 3
0.0856 3
0.0886 3
0.0916 3
0.0946 3
0.0976 3
0.1006 3
0.1036 3
0.1066 3
0.1096 3
0.1126 3
0.1156 3
0.1186 3
0.1216 3
0.1246 3
0.1276 3
0.1306 3
0.1336 3
0.1366 3
0.1396 3
0.1426 3
0.1456 3
0.1486 3
0.1515 3
0.1545 3
0.1575 3
0.1606 3
0.1635 3
0.1666 3
0.1696 3
0.1726 3
0.1756 3
0.1786 3
0.1815 3
0.1845 3
0.1875 3
0.1905 3
0.1935 3
0.1965 3
0.1995 3
0.2025 3
0.2055 3
0.2085 3
0.2115 3
0.2145 3
0.2175 3
0.2205 3
0.2234 3
0.2264 3
0.2294 3
0.2324 3
0.2354 3
0.2384 3
0.2414 3
0.2444 3
0.2473 3
0.2503 3
0.2533 3
0.2563 3
0.2592 3
0.2622 3
0.2652 3
0.2682 3
0.2711 3
0.2741 3
0.2771 3
0.2801 3
0.2831 3
0.2861 3
0.2891 3
0.2921 3
0.2951 3
0.2981 3
0.3010 3
