0.0000 3
0.0002 2
0.0035 2
0.0064 2
0.0094 2
0.0123 2
0.0153 2
0.0182 2
0.0212 2
0.0241 2
0.0270 2
0.0299 2
0.0327 2
0.0356 2
0.0385 2
0.0414 2
0.0443 2
0.0472 2
0.0501 2
0.0530 2
0.0558 2
0.0587 2
0.0616 2
0.0644 2
0.0673 2
0.0702 2
0.0730 2
0.0759 2
0.0788 2
0.0817 2
0.0845 2
0.0874 2
0.0903 2
0.0931 2
0.0960 2
0.0989 2
0.1018 2
0.1046 2
0.1076 2
0.1105 2
0.1133 2
0.1162 2
0.1191 2
0.1220 2
0.1249 2
0.1278 2
0.1307 2
0.1335 2
0.1364 2
0.1393 2
0.1422 2
0.1451 2
0.1479 2
0.1508 2
0.1537 2
0.1566 2
0.1595 2
0.1623 2
0.1652 2
0.1681 2
0.1709 2
0.1738 2
0.1767 2
0.1796 2
0.1824 2
0.1853 2
0.1882 2
0.1911 2
0.1940 2
0.1968 2
0.1997 2
0.2026 2
0.2055 2
0.2083 2
0.2112 2
0.2141 2
0.2170 2
0.2199 2
0.2228 2
0.2258 2
0.2287 2
0.2316 2
0.2345 2
0.2374 2
0.2403 2
0.2433 2
0.2464 2
0.2495 2
0.2524 2
0.2553 2
0.2583 2
0.2612 2
0.2640 2
0.2669 2
0.2698 2
0.2727 2
0.2756 2
0.2785 2
0.2814 2
0.2843 2
0.2872 2
0.2901 2
