0.0000 3
0.0007 2
0.0034 2
0.0062 2
0.0090 2
0.0117 2
0.0145 2
0.0173 2
0.0201 2
0.0228 2
0.0256 2
0.0283 2
0.0310 2
0.0338 2
0.0365 2
0.0392 2
0.0419 2
0.0446 2
0.0473 2
0.0500 2
0.0527 2
0.0555 2
0.0584 2
0.0613 2
0.0641 2
0.0668 2
0.0696 2
0.0724 2
0.0751 2
0.0779 2
0.0807 2
0.0835 2
0.0863 2
0.0891 2
0.0919 2
0.0946 2
0.0974 2
0.1002 2
0.1029 2
0.1057 2
0.1084 2
0.1111 2
0.1138 2
0.1166 2
0.1193 2
0.1221 2
0.1248 2
0.1275 2
0.1302 2
0.1329 2
0.1357 2
0.1384 2
0.1411 2
0.1438 2
0.1465 2
0.1492 2
0.1519 2
0.1546 2
0.1573 2
0.1600 2
0.1627 2
0.1655 2
0.1682 2
0.1709 2
0.1736 2
0.1763 2
0.1790 2
0.1817 2
0.1844 2
0.1871 2
0.1899 2
0.1926 2
0.1953 2
0.1980 2
0.2007 2
0.2033 2
0.2060 2
0.2088 2
0.2115 2
0.2142 2
0.2170 2
0.2197 2
0.2224 2
0.2251 2
0.2278 2
0.2305 2
0.2334 2
0.2362 2
0.2389 2
0.2416 2
0.2443 2
0.2470 2
0.2497 2
0.2524 2
0.2551 2
0.2578 2
0.2605 2
0.2632 2
0.2659 2
0.2687 2
0.2714 2
0.2745 2
