0.0000 4
0.0033 3
0.0040 3
0.0071 3
0.0101 3
0.0131 3
0.0162 3
0.0192 3
0.0222 3
0.0253 3
0.0283 3
0.0314 3
0.0343 3
0.0373 3
0.0404 3
0.0434 3
0.0465 3
0.0495 3
0.0524 3
0.0554 3
0.0584 3
0.0614 3
0.0647 3
0.0678 3
0.0708 3
0.0738 3
0.0767 3
0.0797 3
0.0827 3
0.0856 3
0.0886 3
0.0916 3
0.0945 3
0.0975 3
0.1004 3
0.1034 3
0.1064 3
0.1096 3
0.1127 3
0.1157 3
0.1187 3
0.1216 3
0.1246 3
0.1276 3
0.1305 3
0.1335 3
0.1365 3
0.1394 3
0.1424 3
0.1453 3
0.1483 3
0.1513 3
0.1543 3
0.1572 3
0.1602 3
0.1632 3
0.1661 3
0.1691 3
0.1722 3
0.1753 3
0.1782 3
0.1813 3
0.1843 3
0.1873 3
0.1904 3
0.1934 3
0.1964 3
0.1995 3
0.2025 3
0.2055 3
0.2085 3
0.2116 3
0.2146 3
0.2175 3
0.2205 3
0.2235 3
0.2265 3
0.2294 3
0.2324 3
0.2353 3
0.2383 3
0.2412 3
0.2442 3
0.2471 3
0.2501 3
0.2530 3
0.2560 3
0.2589 3
0.2619 3
0.2648 3
0.2678 3
0.2707 3
0.2737 3
0.2767 3
0.2796 3
0.2826 3
0.2855 3
0.2885 3
0.2914 3
0.2944 3
0.2973 3
0.3003 3
