0.0000 3
0.0002 2
0.0031 2
0.0060 2
0.0089 2
0.0118 2
0.0147 2
0.0176 2
0.0205 2
0.0233 2
0.0261 2
0.0289 2
0.0318 2
0.0346 2
0.0374 2
0.0403 2
0.0431 2
0.0459 2
0.0487 2
0.0515 2
0.0544 2
0.0572 2
0.0600 2
0.0629 2
0.0657 2
0.0685 2
0.0713 2
0.0742 2
0.0770 2
0.0798 2
0.0826 2
0.0855 2
0.0883 2
0.0911 2
0.0939 2
0.0968 2
0.0996 2
0.1024 2
0.1052 2
0.1081 2
0.1109 2
0.1138 2
0.1166 2
0.1194 2
0.1223 2
0.1251 2
0.1279 2
0.1308 2
0.1336 2
0.1365 2
0.1393 2
0.1421 2
0.1450 2
0.1479 2
0.1507 2
0.1536 2
0.1564 2
0.1593 2
0.1622 2
0.1650 2
0.1678 2
0.1707 2
0.1735 2
0.1763 2
0.1792 2
0.1820 2
0.1849 2
0.1877 2
0.1906 2
0.1934 2
0.1964 2
0.1992 2
0.2021 2
0.2049 2
0.2078 2
0.2106 2
0.2135 2
0.2163 2
0.2191 2
0.2220 2
0.2248 2
0.2276 2
0.2304 2
0.2333 2
0.2361 2
0.2389 2
0.2417 2
0.2446 2
0.2474 2
0.2502 2
0.2531 2
0.2559 2
0.2587 2
0.2615 2
0.2644 2
0.2672 2
0.2700 2
0.2728 2
0.2757 2
0.2785 2
0.2813 2
0.2842 2
