0.0000 5
0.0035 4
0.0036 4
0.0062 4
0.0087 4
0.0113 4
0.0138 4
0.0165 4
0.0192 4
0.0217 4
0.0243 4
0.0268 4
0.0293 4
0.0318 4
0.0343 4
0.0368 4
0.0393 4
0.0417 4
0.0442 4
0.0467 4
0.0492 4
0.0516 4
0.0541 4
0.0566 4
0.0591 4
0.0616 4
0.0641 4
0.0666 4
0.0691 4
0.0715 4
0.0740 4
0.0766 4
0.0790 4
0.0815 4
0.0840 4
0.0864 4
0.0889 4
0.0914 4
0.0938 4
0.0963 4
0.0988 4
0.1012 4
0.1038 4
0.1062 4
0.1087 4
0.1112 4
0.1136 4
0.1161 4
0.1185 4
0.1210 4
0.1235 4
0.1259 4
0.1284 4
0.1308 4
0.1333 4
0.1358 4
0.1382 4
0.1407 4
0.1432 4
0.1456 4
0.1481 4
0.1505 4
0.1530 4
0.1554 4
0.1579 4
0.1603 4
0.1628 4
0.1653 4
0.1677 4
0.1702 4
0.1726 4
0.1751 4
0.1775 4
0.1800 4
0.1824 4
0.1849 4
0.1873 4
0.1898 4
0.1922 4
0.1947 4
0.1971 4
0.1996 4
0.2020 4
0.2046 4
0.2071 4
0.2096 4
0.2120 4
0.2145 4
0.2170 4
0.2195 4
0.2219 4
0.2244 4
0.2269 4
0.2293 4
0.2318 4
0.2343 4
0.2367 4
0.2391 4
0.2416 4
0.2440 4
0.2465 4
0.2489 4
