0.0000 4
0.0035 4
0.0053 3
0.0066 3
0.0096 3
0.0127 3
0.0157 3
0.0188 3
0.0218 3
0.0248 3
0.0278 3
0.0308 3
0.0338 3
0.0368 3
0.0398 3
0.0427 3
0.0457 3
0.0486 3
0.0516 3
0.0546 3
0.0576 3
0.0606 3
0.0636 3
0.0665 3
0.0695 3
0.0725 3
0.0755 3
0.0784 3
0.0814 3
0.0844 3
0.0874 3
0.0903 3
0.0933 3
0.0963 3
0.0992 3
0.1022 3
0.1052 3
0.1081 3
0.1111 3
0.1140 3
0.1170 3
0.1200 3
0.1229 3
0.1261 3
0.1291 3
0.1320 3
0.1350 3
0.1380 3
0.1409 3
0.1439 3
0.1469 3
0.1498 3
0.1528 3
0.1557 3
0.1587 3
0.1617 3
0.1647 3
0.1676 3
0.1706 3
0.1736 3
0.1765 3
0.1795 3
0.1824 3
0.1854 3
0.1883 3
0.1913 3
0.1942 3
0.1972 3
0.2002 3
0.2032 3
0.2062 3
0.2092 3
0.2121 3
0.2151 3
0.2180 3
0.2210 3
0.2239 3
0.2269 3
0.2298 3
0.2328 3
0.2358 3
0.2387 3
0.2417 3
0.2446 3
0.2476 3
0.2506 3
0.2535 3
0.2565 3
0.2595 3
0.2624 3
0.2654 3
0.2684 3
0.2715 3
0.2744 3
0.2774 3
0.2804 3
0.2833 3
0.2864 3
0.2893 3
0.2923 3
0.2953 3
0.2983 3
0.3013 3
