0.0000 6
0.0033 6
0.0058 5
0.0065 5
0.0096 5
0.0126 5
0.0157 5
0.0188 5
0.0219 5
0.0249 5
0.0279 5
0.0310 5
0.0341 5
0.0372 5
0.0402 5
0.0433 5
0.0464 5
0.0495 5
0.0525 5
0.0556 5
0.0587 5
0.0617 5
0.0647 5
0.0678 5
0.0707 5
0.0738 5
0.0768 5
0.0797 5
0.0827 5
0.0857 5
0.0886 5
0.0916 5
0.0945 5
0.0975 5
0.1004 5
0.1034 5
0.1064 5
0.1093 5
0.1123 5
0.1153 5
0.1182 5
0.1212 5
0.1242 5
0.1271 5
0.1301 5
0.1331 5
0.1361 5
0.1391 5
0.1420 5
0.1450 5
0.1479 5
0.1509 5
0.1538 5
0.1568 5
0.1597 5
0.1626 5
0.1656 5
0.1685 5
0.1715 5
0.1744 5
0.1774 5
0.1804 5
0.1833 5
0.1863 5
0.1892 5
0.1922 5
0.1951 5
0.1981 5
0.2010 5
0.2039 5
0.2070 5
0.2099 5
0.2128 5
0.2158 5
0.2188 5
0.2217 5
0.2247 5
0.2276 5
0.2306 5
0.2335 5
0.2365 5
0.2395 5
0.2424 5
0.2454 5
0.2483 5
0.2513 5
0.2542 5
0.2572 5
0.2601 5
0.2632 5
0.2661 5
0.2691 5
0.2720 5
0.2750 5
0.2779 5
0.2808 5
0.2838 5
0.2867 5
0.2896 5
0.2926 5
0.2955 5
0.2984 5
0.3014 5
