0.0000 3
0.0014 2
0.0028 2
0.0051 2
0.0075 2
0.0099 2
0.0123 2
0.0147 2
0.0170 2
0.0193 2
0.0216 2
0.0240 2
0.0263 2
0.0286 2
0.0309 2
0.0332 2
0.0355 2
0.0378 2
0.0401 2
0.0424 2
0.0447 2
0.0470 2
0.0493 2
0.0518 2
0.0542 2
0.0565 2
0.0588 2
0.0611 2
0.0634 2
0.0657 2
0.0680 2
0.0703 2
0.0726 2
0.0749 2
0.0772 2
0.0795 2
0.0818 2
0.0841 2
0.0864 2
0.0887 2
0.0910 2
0.0933 2
0.0956 2
0.0979 2
0.1002 2
0.1025 2
0.1048 2
0.1071 2
0.1094 2
0.1117 2
0.1140 2
0.1163 2
0.1186 2
0.1209 2
0.1232 2
0.1255 2
0.1278 2
0.1300 2
0.1323 2
0.1346 2
0.1369 2
0.1392 2
0.1415 2
0.1438 2
0.1461 2
0.1485 2
0.1508 2
0.1531 2
0.1554 2
0.1577 2
0.1600 2
0.1623 2
0.1646 2
0.1669 2
0.1692 2
0.1715 2
0.1738 2
0.1761 2
0.1785 2
0.1808 2
0.1831 2
0.1853 2
0.1876 2
0.1899 2
0.1923 2
0.1947 2
0.1970 2
0.1994 2
0.2017 2
0.2040 2
0.2064 2
0.2087 2
0.2110 2
0.2133 2
0.2157 2
0.2180 2
0.2203 2
0.2226 2
0.2249 2
0.2272 2
0.2295 2
0.2318 2
