0.0000 3
0.0035 3
0.0064 3
0.0093 3
0.0122 3
0.0150 3
0.0179 3
0.0207 3
0.0236 3
0.0264 3
0.0292 3
0.0321 3
0.0349 3
0.0378 3
0.0406 3
0.0434 3
0.0463 3
0.0491 3
0.0520 3
0.0548 3
0.0576 3
0.0605 3
0.0633 3
0.0661 3
0.0689 3
0.0718 3
0.0746 3
0.0775 3
0.0803 3
0.0831 3
0.0860 3
0.0888 3
0.0917 3
0.0945 3
0.0973 3
0.1002 3
0.1030 3
0.1058 3
0.1086 3
0.1115 3
0.1143 3
0.1171 3
0.1199 3
0.1228 3
0.1256 3
0.1284 3
0.1313 3
0.1341 3
0.1370 3
0.1398 3
0.1427 3
0.1455 3
0.1484 3
0.1513 3
0.1541 3
0.1569 3
0.1597 3
0.1625 3
0.1654 3
0.1682 3
0.1710 3
0.1738 3
0.1766 3
0.1794 3
0.1822 3
0.1851 3
0.1879 3
0.1907 3
0.1935 3
0.1963 3
0.1992 3
0.2020 3
0.2048 3
0.2077 3
0.2105 3
0.2133 3
0.2161 3
0.2190 3
0.2218 3
0.2246 3
0.2274 3
0.2302 3
0.2330 3
0.2358 3
0.2387 3
0.2415 3
0.2443 3
0.2471 3
0.2499 3
0.2527 3
0.2555 3
0.2583 3
0.2611 3
0.2641 3
0.2671 3
0.2699 3
0.2727 3
0.2755 3
0.2784 3
0.2812 3
0.2840 3
