0.0000 3
0.0025 3
0.0050 3
0.0074 3
0.0098 3
0.0122 3
0.0145 3
0.0170 3
0.0193 3
0.0217 3
0.0241 3
0.0264 3
0.0288 3
0.0311 3
0.0335 3
0.0358 3
0.0382 3
0.0406 3
0.0429 3
0.0452 3
0.0475 3
0.0498 3
0.0521 3
0.0545 3
0.0568 3
0.0592 3
0.0615 3
0.0638 3
0.0662 3
0.0685 3
0.0708 3
0.0731 3
0.0754 3
0.0777 3
0.0800 3
0.0824 3
0.0847 3
0.0870 3
0.0893 3
0.0916 3
0.0939 3
0.0963 3
0.0986 3
0.1010 3
0.1033 3
0.1056 3
0.1079 3
0.1102 3
0.1125 3
0.1149 3
0.1172 3
0.1195 3
0.1218 3
0.1241 3
0.1264 3
0.1288 3
0.1311 3
0.1334 3
0.1357 3
0.1380 3
0.1403 3
0.1426 3
0.1449 3
0.1473 3
0.1496 3
0.1519 3
0.1543 3
0.1566 3
0.1589 3
0.1613 3
0.1636 3
0.1659 3
0.1682 3
0.1705 3
0.1728 3
0.1751 3
0.1774 3
0.1797 3
0.1821 3
0.1844 3
0.1867 3
0.1890 3
0.1913 3
0.1936 3
0.1959 3
0.1982 3
0.2007 3
0.2030 3
0.2053 3
0.2077 3
0.2101 3
0.2124 3
0.2148 3
0.2172 3
0.2195 3
0.2219 3
0.2243 3
0.2266 3
0.2289 3
0.2313 3
0.2336 3
