0.0000 4
0.0031 3
0.0035 3
0.0060 3
0.0085 3
0.0111 3
0.0135 3
0.0161 3
0.0186 3
0.0211 3
0.0237 3
0.0261 3
0.0286 3
0.0311 3
0.0335 3
0.0360 3
0.0385 3
0.0409 3
0.0434 3
0.0459 3
0.0483 3
0.0508 3
0.0532 3
0.0559 3
0.0584 3
0.0609 3
0.0634 3
0.0659 3
0.0684 3
0.0710 3
0.0734 3
0.0760 3
0.0784 3
0.0809 3
0.0833 3
0.0858 3
0.0882 3
0.0907 3
0.0931 3
0.0956 3
0.0980 3
0.1005 3
0.1029 3
0.1053 3
0.1078 3
0.1102 3
0.1126 3
0.1151 3
0.1175 3
0.1199 3
0.1223 3
0.1248 3
0.1272 3
0.1296 3
0.1323 3
0.1347 3
0.1371 3
0.1396 3
0.1420 3
0.1444 3
0.1469 3
0.1494 3
0.1518 3
0.1543 3
0.1567 3
0.1592 3
0.1617 3
0.1641 3
0.1665 3
0.1690 3
0.1714 3
0.1739 3
0.1763 3
0.1787 3
0.1812 3
0.1836 3
0.1861 3
0.1885 3
0.1910 3
0.1935 3
0.1959 3
0.1984 3
0.2008 3
0.2032 3
0.2057 3
0.2081 3
0.2106 3
0.2130 3
0.2156 3
0.2181 3
0.2208 3
0.2234 3
0.2259 3
0.2284 3
0.2309 3
0.2334 3
0.2360 3
0.2385 3
0.2410 3
0.2435 3
0.2460 3
0.2485 3
