0.0000 3
0.0004 2
0.0036 2
0.0064 2
0.0090 2
0.0119 2
0.0147 2
0.0175 2
0.0202 2
0.0229 2
0.0256 2
0.0283 2
0.0310 2
0.0337 2
0.0364 2
0.0391 2
0.0419 2
0.0447 2
0.0474 2
0.0501 2
0.0528 2
0.0556 2
0.0583 2
0.0610 2
0.0637 2
0.0665 2
0.0692 2
0.0719 2
0.0747 2
0.0774 2
0.0801 2
0.0828 2
0.0855 2
0.0883 2
0.0910 2
0.0937 2
0.0964 2
0.0992 2
0.1019 2
0.1047 2
0.1074 2
0.1102 2
0.1129 2
0.1156 2
0.1184 2
0.1211 2
0.1238 2
0.1265 2
0.1293 2
0.1320 2
0.1347 2
0.1375 2
0.1402 2
0.1429 2
0.1456 2
0.1483 2
0.1510 2
0.1538 2
0.1565 2
0.1592 2
0.1619 2
0.1646 2
0.1674 2
0.1701 2
0.1728 2
0.1756 2
0.1783 2
0.1810 2
0.1837 2
0.1865 2
0.1892 2
0.1920 2
0.1947 2
0.1974 2
0.2002 2
0.2029 2
0.2057 2
0.2084 2
0.2111 2
0.2139 2
0.2166 2
0.2193 2
0.2220 2
0.2248 2
0.2275 2
0.2302 2
0.2330 2
0.2357 2
0.2384 2
0.2411 2
0.2439 2
0.2466 2
0.2493 2
0.2520 2
0.2548 2
0.2577 2
0.2605 2
0.2632 2
0.2659 2
0.2686 2
0.2713 2
0.2740 2
