0.0000 3
0.0030 3
0.0060 3
0.0089 3
0.0118 3
0.0147 3
0.0176 3
0.0205 3
0.0233 3
0.0262 3
0.0292 3
0.0321 3
0.0349 3
0.0378 3
0.0407 3
0.0435 3
0.0463 3
0.0491 3
0.0519 3
0.0547 3
0.0576 3
0.0604 3
0.0632 3
0.0661 3
0.0690 3
0.0718 3
0.0746 3
0.0774 3
0.0803 3
0.0831 3
0.0859 3
0.0887 3
0.0915 3
0.0944 3
0.0972 3
0.1000 3
0.1028 3
0.1057 3
0.1085 3
0.1114 3
0.1143 3
0.1171 3
0.1200 3
0.1228 3
0.1257 3
0.1285 3
0.1313 3
0.1341 3
0.1369 3
0.1398 3
0.1426 3
0.1454 3
0.1482 3
0.1510 3
0.1539 3
0.1567 3
0.1595 3
0.1623 3
0.1652 3
0.1680 3
0.1708 3
0.1737 3
0.1766 3
0.1794 3
0.1822 3
0.1851 3
0.1879 3
0.1907 3
0.1935 3
0.1963 3
0.1991 3
0.2019 3
0.2048 3
0.2076 3
0.2105 3
0.2133 3
0.2161 3
0.2189 3
0.2217 3
0.2246 3
0.2274 3
0.2302 3
0.2330 3
0.2358 3
0.2387 3
0.2415 3
0.2443 3
0.2471 3
0.2499 3
0.2528 3
0.2556 3
0.2585 3
0.2615 3
0.2645 3
0.2674 3
0.2702 3
0.2730 3
0.2759 3
0.2787 3
0.2815 3
0.2843 3
