0.0000 5
0.0013 4
0.0031 4
0.0060 4
0.0090 4
0.0119 4
0.0148 4
0.0177 4
0.0207 4
0.0236 4
0.0264 4
0.0293 4
0.0322 4
0.0351 4
0.0379 4
0.0408 4
0.0437 4
0.0466 4
0.0494 4
0.0524 4
0.0552 4
0.0581 4
0.0611 4
0.0639 4
0.0668 4
0.0697 4
0.0726 4
0.0755 4
0.0784 4
0.0813 4
0.0842 4
0.0871 4
0.0900 4
0.0929 4
0.0958 4
0.0987 4
0.1016 4
0.1044 4
0.1073 4
0.1101 4
0.1130 4
0.1159 4
0.1187 4
0.1216 4
0.1245 4
0.1274 4
0.1303 4
0.1332 4
0.1361 4
0.1391 4
0.1420 4
0.1449 4
0.1478 4
0.1506 4
0.1535 4
0.1563 4
0.1592 4
0.1620 4
0.1649 4
0.1677 4
0.1706 4
0.1734 4
0.1763 4
0.1791 4
0.1819 4
0.1848 4
0.1877 4
0.1909 4
0.1939 4
0.1970 4
0.2001 4
0.2030 4
0.2059 4
0.2089 4
0.2119 4
0.2148 4
0.2177 4
0.2206 4
0.2235 4
0.2264 4
0.2294 4
0.2323 4
0.2352 4
0.2381 4
0.2410 4
0.2439 4
0.2468 4
0.2497 4
0.2527 4
0.2556 4
0.2585 4
0.2614 4
0.2644 4
0.2673 4
0.2702 4
0.2731 4
0.2761 4
0.2790 4
0.2819 4
0.2849 4
0.2878 4
0.2907 4
