0.0000 3
0.0032 3
0.0063 3
0.0093 3
0.0124 3
0.0154 3
0.0185 3
0.0214 3
0.0245 3
0.0275 3
0.0304 3
0.0334 3
0.0364 3
0.0394 3
0.0424 3
0.0453 3
0.0483 3
0.0513 3
0.0543 3
0.0573 3
0.0603 3
0.0633 3
0.0663 3
0.0693 3
0.0723 3
0.0753 3
0.0782 3
0.0812 3
0.0842 3
0.0872 3
0.0901 3
0.0931 3
0.0960 3
0.0990 3
0.1019 3
0.1049 3
0.1078 3
0.1108 3
0.1137 3
0.1167 3
0.1197 3
0.1226 3
0.1256 3
0.1286 3
0.1315 3
0.1345 3
0.1375 3
0.1404 3
0.1434 3
0.1464 3
0.1494 3
0.1524 3
0.1554 3
0.1584 3
0.1614 3
0.1644 3
0.1674 3
0.1704 3
0.1733 3
0.1763 3
0.1793 3
0.1823 3
0.1852 3
0.1882 3
0.1911 3
0.1941 3
0.1971 3
0.2000 3
0.2030 3
0.2060 3
0.2090 3
0.2120 3
0.2149 3
0.2179 3
0.2208 3
0.2238 3
0.2267 3
0.2297 3
0.2326 3
0.2356 3
0.2386 3
0.2415 3
0.2445 3
0.2474 3
0.2504 3
0.2533 3
0.2563 3
0.2593 3
0.2622 3
0.2652 3
0.2681 3
0.2711 3
0.2740 3
0.2770 3
0.2799 3
0.2829 3
0.2858 3
0.2888 3
0.2918 3
0.2947 3
0.2976 3
