0.0000 3
0.0001 2
0.0030 2
0.0057 2
0.0085 2
0.0113 2
0.0140 2
0.0168 2
0.0195 2
0.0222 2
0.0250 2
0.0278 2
0.0307 2
0.0342 2
0.0370 2
0.0397 2
0.0424 2
0.0451 2
0.0478 2
0.0505 2
0.0532 2
0.0559 2
0.0586 2
0.0612 2
0.0639 2
0.0666 2
0.0692 2
0.0721 2
0.0753 2
0.0781 2
0.0808 2
0.0835 2
0.0861 2
0.0888 2
0.0915 2
0.0942 2
0.0969 2
0.0996 2
0.1022 2
0.1049 2
0.1076 2
0.1102 2
0.1129 2
0.1156 2
0.1183 2
0.1210 2
0.1236 2
0.1263 2
0.1290 2
0.1317 2
0.1343 2
0.1370 2
0.1397 2
0.1424 2
0.1450 2
0.1477 2
0.1504 2
0.1531 2
0.1557 2
0.1584 2
0.1611 2
0.1638 2
0.1664 2
0.1691 2
0.1718 2
0.1744 2
0.1771 2
0.1798 2
0.1824 2
0.1851 2
0.1878 2
0.1905 2
0.1931 2
0.1958 2
0.1985 2
0.2011 2
0.2038 2
0.2065 2
0.2092 2
0.2119 2
0.2146 2
0.2177 2
0.2210 2
0.2239 2
0.2266 2
0.2294 2
0.2322 2
0.2350 2
0.2377 2
0.2405 2
0.2436 2
0.2464 2
0.2492 2
0.2518 2
0.2545 2
0.2572 2
0.2600 2
0.2627 2
0.2654 2
0.2680 2
0.2707 2
0.2734 2
