0.0000 5
0.0036 5
0.0041 4
0.0069 4
0.0103 4
0.0137 4
0.0170 4
0.0205 4
0.0239 4
0.0271 4
0.0303 4
0.0334 4
0.0366 4
0.0398 4
0.0430 4
0.0461 4
0.0493 4
0.0528 4
0.0561 4
0.0594 4
0.0626 4
0.0657 4
0.0689 4
0.0721 4
0.0753 4
0.0785 4
0.0816 4
0.0848 4
0.0880 4
0.0912 4
0.0944 4
0.0975 4
0.1007 4
0.1039 4
0.1071 4
0.1102 4
0.1134 4
0.1166 4
0.1198 4
0.1230 4
0.1262 4
0.1294 4
0.1326 4
0.1358 4
0.1390 4
0.1421 4
0.1453 4
0.1485 4
0.1517 4
0.1549 4
0.1580 4
0.1612 4
0.1644 4
0.1676 4
0.1708 4
0.1739 4
0.1771 4
0.1803 4
0.1834 4
0.1866 4
0.1898 4
0.1929 4
0.1961 4
0.1993 4
0.2025 4
0.2057 4
0.2089 4
0.2122 4
0.2154 4
0.2185 4
0.2217 4
0.2249 4
0.2281 4
0.2314 4
0.2345 4
0.2377 4
0.2409 4
0.2443 4
0.2475 4
0.2506 4
0.2538 4
0.2570 4
0.2602 4
0.2633 4
0.2665 4
0.2697 4
0.2729 4
0.2761 4
0.2793 4
0.2824 4
0.2856 4
0.2888 4
0.2920 4
0.2951 4
0.2983 4
0.3015 4
0.3047 4
0.3079 4
0.3111 4
0.3143 4
0.3175 4
0.3206 4
0.3238 4
