0.0000 3
0.0032 3
0.0056 3
0.0081 3
0.0106 3
0.0130 3
0.0155 3
0.0179 3
0.0203 3
0.0228 3
0.0252 3
0.0275 3
0.0299 3
0.0322 3
0.0347 3
0.0370 3
0.0394 3
0.0420 3
0.0445 3
0.0471 3
0.0496 3
0.0520 3
0.0545 3
0.0569 3
0.0601 3
0.0625 3
0.0649 3
0.0674 3
0.0698 3
0.0722 3
0.0745 3
0.0769 3
0.0792 3
0.0816 3
0.0839 3
0.0862 3
0.0886 3
0.0909 3
0.0933 3
0.0956 3
0.0980 3
0.1006 3
0.1031 3
0.1055 3
0.1079 3
0.1102 3
0.1126 3
0.1149 3
0.1172 3
0.1196 3
0.1219 3
0.1242 3
0.1265 3
0.1289 3
0.1312 3
0.1336 3
0.1359 3
0.1383 3
0.1407 3
0.1430 3
0.1453 3
0.1477 3
0.1501 3
0.1524 3
0.1548 3
0.1571 3
0.1594 3
0.1618 3
0.1641 3
0.1665 3
0.1688 3
0.1712 3
0.1735 3
0.1759 3
0.1782 3
0.1805 3
0.1829 3
0.1852 3
0.1876 3
0.1899 3
0.1923 3
0.1946 3
0.1970 3
0.1993 3
0.2017 3
0.2041 3
0.2065 3
0.2088 3
0.2112 3
0.2135 3
0.2159 3
0.2182 3
0.2206 3
0.2230 3
0.2253 3
0.2277 3
0.2301 3
0.2324 3
0.2348 3
0.2371 3
0.2395 3
