0.0000 4
0.0030 4
0.0056 4
0.0082 4
0.0107 4
0.0133 4
0.0157 4
0.0183 4
0.0208 4
0.0233 4
0.0258 4
0.0283 4
0.0308 4
0.0333 4
0.0357 4
0.0382 4
0.0407 4
0.0431 4
0.0456 4
0.0481 4
0.0505 4
0.0530 4
0.0555 4
0.0580 4
0.0604 4
0.0629 4
0.0654 4
0.0678 4
0.0707 4
0.0734 4
0.0759 4
0.0785 4
0.0811 4
0.0836 4
0.0862 4
0.0888 4
0.0913 4
0.0941 4
0.0967 4
0.0992 4
0.1018 4
0.1043 4
0.1068 4
0.1093 4
0.1118 4
0.1143 4
0.1168 4
0.1193 4
0.1218 4
0.1243 4
0.1269 4
0.1294 4
0.1319 4
0.1346 4
0.1372 4
0.1398 4
0.1423 4
0.1447 4
0.1472 4
0.1497 4
0.1522 4
0.1546 4
0.1571 4
0.1596 4
0.1621 4
0.1647 4
0.1672 4
0.1697 4
0.1722 4
0.1747 4
0.1772 4
0.1797 4
0.1821 4
0.1846 4
0.1870 4
0.1895 4
0.1920 4
0.1944 4
0.1969 4
0.1993 4
0.2018 4
0.2043 4
0.2068 4
0.2093 4
0.2117 4
0.2142 4
0.2167 4
0.2191 4
0.2216 4
0.2241 4
0.2265 4
0.2290 4
0.2314 4
0.2339 4
0.2364 4
0.2388 4
0.2413 4
0.2437 4
0.2462 4
0.2487 4
0.2511 4
