0.0000 3
0.0005 2
0.0030 2
0.0057 2
0.0085 2
0.0112 2
0.0140 2
0.0167 2
0.0195 2
0.0222 2
0.0249 2
0.0276 2
0.0303 2
0.0330 2
0.0356 2
0.0383 2
0.0410 2
0.0437 2
0.0464 2
0.0491 2
0.0518 2
0.0545 2
0.0572 2
0.0598 2
0.0625 2
0.0653 2
0.0680 2
0.0707 2
0.0734 2
0.0761 2
0.0788 2
0.0814 2
0.0841 2
0.0868 2
0.0895 2
0.0921 2
0.0949 2
0.0976 2
0.1003 2
0.1030 2
0.1057 2
0.1083 2
0.1110 2
0.1137 2
0.1164 2
0.1191 2
0.1218 2
0.1245 2
0.1272 2
0.1299 2
0.1326 2
0.1353 2
0.1380 2
0.1406 2
0.1433 2
0.1460 2
0.1487 2
0.1514 2
0.1541 2
0.1568 2
0.1595 2
0.1622 2
0.1649 2
0.1676 2
0.1702 2
0.1729 2
0.1757 2
0.1783 2
0.1811 2
0.1838 2
0.1865 2
0.1892 2
0.1918 2
0.1945 2
0.1972 2
0.1999 2
0.2026 2
0.2054 2
0.2082 2
0.2109 2
0.2135 2
0.2162 2
0.2189 2
0.2216 2
0.2243 2
0.2270 2
0.2296 2
0.2323 2
0.2350 2
0.2377 2
0.2404 2
0.2431 2
0.2458 2
0.2485 2
0.2512 2
0.2540 2
0.2567 2
0.2594 2
0.2622 2
0.2649 2
0.2677 2
0.2704 2
