0.0000 4
0.0024 3
0.0032 3
0.0057 3
0.0083 3
0.0107 3
0.0132 3
0.0157 3
0.0181 3
0.0206 3
0.0230 3
0.0255 3
0.0280 3
0.0305 3
0.0330 3
0.0354 3
0.0378 3
0.0403 3
0.0427 3
0.0453 3
0.0478 3
0.0502 3
0.0526 3
0.0551 3
0.0575 3
0.0599 3
0.0623 3
0.0647 3
0.0672 3
0.0696 3
0.0721 3
0.0745 3
0.0769 3
0.0793 3
0.0817 3
0.0841 3
0.0866 3
0.0890 3
0.0914 3
0.0938 3
0.0963 3
0.0987 3
0.1011 3
0.1035 3
0.1060 3
0.1084 3
0.1108 3
0.1133 3
0.1157 3
0.1181 3
0.1205 3
0.1230 3
0.1254 3
0.1278 3
0.1302 3
0.1326 3
0.1351 3
0.1375 3
0.1399 3
0.1423 3
0.1447 3
0.1472 3
0.1496 3
0.1520 3
0.1544 3
0.1568 3
0.1592 3
0.1617 3
0.1641 3
0.1665 3
0.1689 3
0.1713 3
0.1737 3
0.1761 3
0.1785 3
0.1809 3
0.1834 3
0.1858 3
0.1882 3
0.1906 3
0.1930 3
0.1955 3
0.1979 3
0.2003 3
0.2027 3
0.2052 3
0.2077 3
0.2102 3
0.2127 3
0.2151 3
0.2175 3
0.2200 3
0.2224 3
0.2248 3
0.2273 3
0.2297 3
0.2322 3
0.2346 3
0.2370 3
0.2394 3
0.2418 3
0.2443 3
