0.0000 3
0.0017 2
0.0031 2
0.0059 2
0.0087 2
0.0115 2
0.0148 2
0.0176 2
0.0203 2
0.0231 2
0.0258 2
0.0286 2
0.0313 2
0.0341 2
0.0369 2
0.0396 2
0.0424 2
0.0451 2
0.0479 2
0.0506 2
0.0534 2
0.0561 2
0.0588 2
0.0616 2
0.0643 2
0.0671 2
0.0698 2
0.0726 2
0.0753 2
0.0780 2
0.0808 2
0.0836 2
0.0864 2
0.0891 2
0.0918 2
0.0946 2
0.0973 2
0.1000 2
0.1028 2
0.1055 2
0.1083 2
0.1110 2
0.1138 2
0.1165 2
0.1192 2
0.1221 2
0.1248 2
0.1275 2
0.1303 2
0.1330 2
0.1358 2
0.1385 2
0.1413 2
0.1440 2
0.1468 2
0.1495 2
0.1523 2
0.1550 2
0.1577 2
0.1605 2
0.1632 2
0.1659 2
0.1687 2
0.1714 2
0.1742 2
0.1769 2
0.1797 2
0.1824 2
0.1852 2
0.1879 2
0.1907 2
0.1934 2
0.1962 2
0.1989 2
0.2016 2
0.2044 2
0.2071 2
0.2098 2
0.2126 2
0.2153 2
0.2181 2
0.2208 2
0.2235 2
0.2263 2
0.2290 2
0.2317 2
0.2345 2
0.2372 2
0.2400 2
0.2427 2
0.2455 2
0.2482 2
0.2509 2
0.2537 2
0.2564 2
0.2592 2
0.2620 2
0.2648 2
0.2675 2
0.2703 2
0.2732 2
0.2759 2
