0.0000 4
0.0032 4
0.0060 4
0.0089 4
0.0118 4
0.0146 4
0.0175 4
0.0203 4
0.0231 4
0.0259 4
0.0287 4
0.0315 4
0.0343 4
0.0371 4
0.0400 4
0.0429 4
0.0458 4
0.0486 4
0.0515 4
0.0544 4
0.0572 4
0.0600 4
0.0628 4
0.0656 4
0.0684 4
0.0712 4
0.0740 4
0.0768 4
0.0796 4
0.0824 4
0.0852 4
0.0880 4
0.0908 4
0.0936 4
0.0964 4
0.0992 4
0.1020 4
0.1048 4
0.1076 4
0.1104 4
0.1132 4
0.1160 4
0.1188 4
0.1216 4
0.1244 4
0.1272 4
0.1300 4
0.1328 4
0.1357 4
0.1385 4
0.1413 4
0.1441 4
0.1469 4
0.1497 4
0.1525 4
0.1553 4
0.1581 4
0.1609 4
0.1637 4
0.1665 4
0.1692 4
0.1720 4
0.1748 4
0.1776 4
0.1805 4
0.1833 4
0.1861 4
0.1889 4
0.1917 4
0.1945 4
0.1973 4
0.2002 4
0.2031 4
0.2059 4
0.2088 4
0.2117 4
0.2145 4
0.2173 4
0.2202 4
0.2230 4
0.2258 4
0.2286 4
0.2314 4
0.2343 4
0.2371 4
0.2399 4
0.2427 4
0.2455 4
0.2483 4
0.2511 4
0.2540 4
0.2568 4
0.2596 4
0.2624 4
0.2652 4
0.2680 4
0.2709 4
0.2737 4
0.2765 4
0.2793 4
0.2821 4
