0.0000 6
0.0031 6
0.0045 5
0.0057 5
0.0083 5
0.0110 5
0.0135 5
0.0162 5
0.0188 5
0.0213 5
0.0240 5
0.0265 5
0.0290 5
0.0315 5
0.0340 5
0.0366 5
0.0391 5
0.0416 5
0.0441 5
0.0467 5
0.0492 5
0.0517 5
0.0543 5
0.0569 5
0.0594 5
0.0620 5
0.0645 5
0.0670 5
0.0696 5
0.0721 5
0.0746 5
0.0772 5
0.0800 5
0.0828 5
0.0855 5
0.0883 5
0.0911 5
0.0936 5
0.0962 5
0.0988 5
0.1014 5
0.1040 5
0.1066 5
0.1092 5
0.1118 5
0.1144 5
0.1170 5
0.1196 5
0.1221 5
0.1247 5
0.1274 5
0.1299 5
0.1326 5
0.1352 5
0.1377 5
0.1403 5
0.1430 5
0.1455 5
0.1482 5
0.1508 5
0.1533 5
0.1560 5
0.1586 5
0.1612 5
0.1638 5
0.1664 5
0.1689 5
0.1716 5
0.1741 5
0.1767 5
0.1794 5
0.1819 5
0.1845 5
0.1871 5
0.1896 5
0.1923 5
0.1948 5
0.1973 5
0.1998 5
0.2023 5
0.2048 5
0.2074 5
0.2099 5
0.2125 5
0.2150 5
0.2175 5
0.2200 5
0.2225 5
0.2250 5
0.2275 5
0.2300 5
0.2325 5
0.2351 5
0.2376 5
0.2401 5
0.2426 5
0.2451 5
0.2478 5
0.2503 5
0.2528 5
0.2553 5
0.2578 5
0.2604 5
