0.0000 3
0.0018 2
0.0034 2
0.0061 2
0.0090 2
0.0118 2
0.0145 2
0.0173 2
0.0200 2
0.0228 2
0.0255 2
0.0283 2
0.0311 2
0.0338 2
0.0365 2
0.0393 2
0.0420 2
0.0448 2
0.0475 2
0.0502 2
0.0529 2
0.0556 2
0.0583 2
0.0610 2
0.0637 2
0.0664 2
0.0692 2
0.0719 2
0.0746 2
0.0774 2
0.0801 2
0.0828 2
0.0855 2
0.0882 2
0.0909 2
0.0936 2
0.0963 2
0.0989 2
0.1016 2
0.1043 2
0.1070 2
0.1097 2
0.1124 2
0.1151 2
0.1179 2
0.1205 2
0.1232 2
0.1259 2
0.1286 2
0.1313 2
0.1340 2
0.1367 2
0.1394 2
0.1421 2
0.1448 2
0.1475 2
0.1503 2
0.1530 2
0.1557 2
0.1584 2
0.1611 2
0.1638 2
0.1666 2
0.1694 2
0.1721 2
0.1748 2
0.1775 2
0.1802 2
0.1829 2
0.1856 2
0.1883 2
0.1910 2
0.1937 2
0.1964 2
0.1991 2
0.2018 2
0.2045 2
0.2072 2
0.2099 2
0.2126 2
0.2153 2
0.2180 2
0.2207 2
0.2233 2
0.2260 2
0.2288 2
0.2315 2
0.2342 2
0.2369 2
0.2396 2
0.2423 2
0.2450 2
0.2477 2
0.2504 2
0.2533 2
0.2560 2
0.2587 2
0.2614 2
0.2642 2
0.2669 2
0.2696 2
0.2723 2
