0.0000 3
0.0009 2
0.0032 2
0.0055 2
0.0079 2
0.0103 2
0.0126 2
0.0151 2
0.0174 2
0.0197 2
0.0220 2
0.0243 2
0.0266 2
0.0290 2
0.0313 2
0.0336 2
0.0359 2
0.0383 2
0.0406 2
0.0429 2
0.0452 2
0.0475 2
0.0499 2
0.0522 2
0.0545 2
0.0568 2
0.0592 2
0.0615 2
0.0639 2
0.0662 2
0.0685 2
0.0708 2
0.0732 2
0.0755 2
0.0778 2
0.0801 2
0.0824 2
0.0847 2
0.0870 2
0.0893 2
0.0916 2
0.0939 2
0.0962 2
0.0985 2
0.1008 2
0.1032 2
0.1055 2
0.1078 2
0.1101 2
0.1124 2
0.1147 2
0.1170 2
0.1193 2
0.1216 2
0.1239 2
0.1262 2
0.1285 2
0.1309 2
0.1332 2
0.1355 2
0.1378 2
0.1401 2
0.1424 2
0.1447 2
0.1470 2
0.1493 2
0.1516 2
0.1539 2
0.1562 2
0.1585 2
0.1608 2
0.1631 2
0.1654 2
0.1677 2
0.1700 2
0.1723 2
0.1746 2
0.1769 2
0.1793 2
0.1816 2
0.1839 2
0.1862 2
0.1885 2
0.1908 2
0.1931 2
0.1954 2
0.1977 2
0.2000 2
0.2023 2
0.2046 2
0.2070 2
0.2093 2
0.2116 2
0.2139 2
0.2163 2
0.2186 2
0.2209 2
0.2232 2
0.2254 2
0.2277 2
0.2300 2
0.2323 2
