0.0000 3
0.0028 3
0.0053 3
0.0078 3
0.0102 3
0.0127 3
0.0152 3
0.0176 3
0.0201 3
0.0225 3
0.0249 3
0.0273 3
0.0297 3
0.0322 3
0.0346 3
0.0369 3
0.0393 3
0.0417 3
0.0442 3
0.0465 3
0.0489 3
0.0513 3
0.0536 3
0.0560 3
0.0584 3
0.0607 3
0.0631 3
0.0655 3
0.0678 3
0.0702 3
0.0726 3
0.0749 3
0.0773 3
0.0797 3
0.0820 3
0.0844 3
0.0867 3
0.0891 3
0.0915 3
0.0939 3
0.0962 3
0.0986 3
0.1010 3
0.1033 3
0.1057 3
0.1080 3
0.1104 3
0.1127 3
0.1151 3
0.1174 3
0.1198 3
0.1222 3
0.1245 3
0.1269 3
0.1292 3
0.1316 3
0.1340 3
0.1365 3
0.1389 3
0.1413 3
0.1436 3
0.1460 3
0.1484 3
0.1507 3
0.1531 3
0.1555 3
0.1578 3
0.1602 3
0.1626 3
0.1649 3
0.1673 3
0.1697 3
0.1720 3
0.1744 3
0.1767 3
0.1791 3
0.1814 3
0.1838 3
0.1862 3
0.1885 3
0.1909 3
0.1932 3
0.1956 3
0.1979 3
0.2003 3
0.2027 3
0.2050 3
0.2075 3
0.2098 3
0.2122 3
0.2146 3
0.2169 3
0.2193 3
0.2216 3
0.2240 3
0.2264 3
0.2288 3
0.2311 3
0.2335 3
0.2359 3
0.2382 3
