0.0000 4
0.0033 4
0.0062 4
0.0091 4
0.0120 4
0.0148 4
0.0177 4
0.0205 4
0.0233 4
0.0261 4
0.0289 4
0.0318 4
0.0346 4
0.0374 4
0.0403 4
0.0432 4
0.0460 4
0.0489 4
0.0517 4
0.0545 4
0.0573 4
0.0602 4
0.0630 4
0.0658 4
0.0686 4
0.0715 4
0.0743 4
0.0771 4
0.0799 4
0.0828 4
0.0856 4
0.0885 4
0.0913 4
0.0941 4
0.0970 4
0.0998 4
0.1029 4
0.1059 4
0.1089 4
0.1118 4
0.1146 4
0.1175 4
0.1204 4
0.1232 4
0.1260 4
0.1288 4
0.1316 4
0.1345 4
0.1373 4
0.1401 4
0.1429 4
0.1457 4
0.1486 4
0.1514 4
0.1542 4
0.1570 4
0.1598 4
0.1627 4
0.1655 4
0.1683 4
0.1711 4
0.1740 4
0.1768 4
0.1796 4
0.1824 4
0.1852 4
0.1880 4
0.1908 4
0.1936 4
0.1964 4
0.1992 4
0.2021 4
0.2049 4
0.2078 4
0.2106 4
0.2134 4
0.2163 4
0.2191 4
0.2219 4
0.2247 4
0.2276 4
0.2304 4
0.2332 4
0.2360 4
0.2388 4
0.2416 4
0.2444 4
0.2473 4
0.2501 4
0.2529 4
0.2557 4
0.2586 4
0.2614 4
0.2643 4
0.2671 4
0.2700 4
0.2728 4
0.2756 4
0.2784 4
0.2812 4
0.2840 4
