0.0000 6
0.0014 5
0.0033 5
0.0064 5
0.0096 5
0.0127 5
0.0158 5
0.0189 5
0.0219 5
0.0250 5
0.0280 5
0.0312 5
0.0343 5
0.0376 5
0.0408 5
0.0439 5
0.0470 5
0.0500 5
0.0530 5
0.0560 5
0.0591 5
0.0621 5
0.0652 5
0.0682 5
0.0712 5
0.0743 5
0.0773 5
0.0804 5
0.0834 5
0.0865 5
0.0896 5
0.0926 5
0.0957 5
0.0987 5
0.1017 5
0.1048 5
0.1078 5
0.1109 5
0.1139 5
0.1170 5
0.1200 5
0.1230 5
0.1261 5
0.1291 5
0.1321 5
0.1352 5
0.1382 5
0.1413 5
0.1444 5
0.1474 5
0.1505 5
0.1535 5
0.1566 5
0.1596 5
0.1626 5
0.1657 5
0.1687 5
0.1718 5
0.1748 5
0.1778 5
0.1809 5
0.1839 5
0.1870 5
0.1900 5
0.1930 5
0.1961 5
0.1991 5
0.2021 5
0.2052 5
0.2082 5
0.2112 5
0.2143 5
0.2174 5
0.2204 5
0.2235 5
0.2265 5
0.2295 5
0.2325 5
0.2356 5
0.2386 5
0.2416 5
0.2447 5
0.2477 5
0.2507 5
0.2538 5
0.2568 5
0.2598 5
0.2629 5
0.2659 5
0.2690 5
0.2720 5
0.2751 5
0.2781 5
0.2811 5
0.2842 5
0.2872 5
0.2902 5
0.2933 5
0.2963 5
0.2994 5
0.3024 5
0.3054 5
