0.0000 4
0.0031 4
0.0060 4
0.0088 4
0.0117 4
0.0146 4
0.0174 4
0.0202 4
0.0229 4
0.0257 4
0.0285 4
0.0313 4
0.0341 4
0.0369 4
0.0397 4
0.0425 4
0.0453 4
0.0481 4
0.0509 4
0.0537 4
0.0568 4
0.0598 4
0.0628 4
0.0659 4
0.0688 4
0.0717 4
0.0746 4
0.0775 4
0.0804 4
0.0834 4
0.0863 4
0.0891 4
0.0920 4
0.0948 4
0.0976 4
0.1005 4
0.1034 4
0.1065 4
0.1094 4
0.1122 4
0.1150 4
0.1178 4
0.1206 4
0.1234 4
0.1262 4
0.1290 4
0.1318 4
0.1347 4
0.1375 4
0.1403 4
0.1431 4
0.1459 4
0.1487 4
0.1515 4
0.1543 4
0.1571 4
0.1599 4
0.1627 4
0.1654 4
0.1683 4
0.1710 4
0.1738 4
0.1766 4
0.1794 4
0.1822 4
0.1850 4
0.1878 4
0.1906 4
0.1934 4
0.1962 4
0.1990 4
0.2018 4
0.2046 4
0.2075 4
0.2102 4
0.2130 4
0.2158 4
0.2186 4
0.2214 4
0.2242 4
0.2270 4
0.2297 4
0.2325 4
0.2353 4
0.2381 4
0.2409 4
0.2437 4
0.2465 4
0.2493 4
0.2521 4
0.2549 4
0.2577 4
0.2605 4
0.2633 4
0.2661 4
0.2689 4
0.2717 4
0.2745 4
0.2773 4
0.2802 4
0.2830 4
