0.0000 6
0.0036 6
0.0068 6
0.0099 6
0.0121 5
0.0129 5
0.0160 5
0.0190 5
0.0221 5
0.0251 5
0.0281 5
0.0311 5
0.0341 5
0.0371 5
0.0401 5
0.0431 5
0.0461 5
0.0490 5
0.0520 5
0.0550 5
0.0580 5
0.0609 5
0.0639 5
0.0670 5
0.0700 5
0.0729 5
0.0760 5
0.0789 5
0.0818 5
0.0848 5
0.0877 5
0.0907 5
0.0936 5
0.0966 5
0.0995 5
0.1025 5
0.1054 5
0.1084 5
0.1113 5
0.1143 5
0.1172 5
0.1202 5
0.1231 5
0.1261 5
0.1290 5
0.1320 5
0.1349 5
0.1379 5
0.1408 5
0.1438 5
0.1467 5
0.1497 5
0.1526 5
0.1556 5
0.1586 5
0.1616 5
0.1645 5
0.1675 5
0.1704 5
0.1734 5
0.1763 5
0.1793 5
0.1822 5
0.1852 5
0.1881 5
0.1911 5
0.1940 5
0.1969 5
0.1999 5
0.2028 5
0.2059 5
0.2088 5
0.2118 5
0.2147 5
0.2177 5
0.2206 5
0.2236 5
0.2265 5
0.2294 5
0.2324 5
0.2353 5
0.2383 5
0.2412 5
0.2442 5
0.2471 5
0.2501 5
0.2530 5
0.2560 5
0.2589 5
0.2619 5
0.2649 5
0.2679 5
0.2708 5
0.2738 5
0.2768 5
0.2797 5
0.2826 5
0.2856 5
0.2885 5
0.2915 5
0.2944 5
0.2974 5
0.3003 5
0.3033 5
0.3062 5
