0.0000 6
0.0023 5
0.0033 5
0.0058 5
0.0082 5
0.0108 5
0.0133 5
0.0157 5
0.0182 5
0.0206 5
0.0230 5
0.0254 5
0.0279 5
0.0303 5
0.0327 5
0.0351 5
0.0376 5
0.0400 5
0.0424 5
0.0448 5
0.0473 5
0.0497 5
0.0521 5
0.0545 5
0.0570 5
0.0594 5
0.0618 5
0.0642 5
0.0666 5
0.0691 5
0.0715 5
0.0739 5
0.0763 5
0.0787 5
0.0812 5
0.0836 5
0.0860 5
0.0885 5
0.0909 5
0.0934 5
0.0958 5
0.0982 5
0.1006 5
0.1030 5
0.1054 5
0.1079 5
0.1103 5
0.1127 5
0.1151 5
0.1176 5
0.1200 5
0.1224 5
0.1248 5
0.1273 5
0.1297 5
0.1321 5
0.1345 5
0.1370 5
0.1394 5
0.1418 5
0.1443 5
0.1467 5
0.1492 5
0.1516 5
0.1540 5
0.1564 5
0.1589 5
0.1613 5
0.1637 5
0.1661 5
0.1685 5
0.1709 5
0.1733 5
0.1758 5
0.1782 5
0.1806 5
0.1830 5
0.1854 5
0.1878 5
0.1902 5
0.1927 5
0.1951 5
0.1975 5
0.1999 5
0.2024 5
0.2048 5
0.2072 5
0.2096 5
0.2121 5
0.2145 5
0.2169 5
0.2193 5
0.2218 5
0.2242 5
0.2266 5
0.2290 5
0.2315 5
0.2339 5
0.2363 5
0.2387 5
0.2412 5
0.2436 5
