0.0000 3
0.0036 3
0.0066 3
0.0097 3
0.0128 3
0.0158 3
0.0188 3
0.0219 3
0.0249 3
0.0280 3
0.0310 3
0.0340 3
0.0372 3
0.0402 3
0.0433 3
0.0463 3
0.0493 3
0.0523 3
0.0553 3
0.0582 3
0.0612 3
0.0641 3
0.0671 3
0.0701 3
0.0731 3
0.0761 3
0.0790 3
0.0820 3
0.0850 3
0.0879 3
0.0909 3
0.0939 3
0.0968 3
0.0998 3
0.1028 3
0.1058 3
0.1087 3
0.1117 3
0.1147 3
0.1177 3
0.1206 3
0.1236 3
0.1266 3
0.1295 3
0.1325 3
0.1355 3
0.1384 3
0.1414 3
0.1443 3
0.1473 3
0.1503 3
0.1532 3
0.1562 3
0.1592 3
0.1621 3
0.1651 3
0.1680 3
0.1710 3
0.1739 3
0.1769 3
0.1798 3
0.1828 3
0.1857 3
0.1887 3
0.1916 3
0.1946 3
0.1976 3
0.2005 3
0.2035 3
0.2064 3
0.2095 3
0.2125 3
0.2154 3
0.2184 3
0.2213 3
0.2243 3
0.2273 3
0.2302 3
0.2332 3
0.2361 3
0.2391 3
0.2421 3
0.2451 3
0.2480 3
0.2510 3
0.2540 3
0.2569 3
0.2599 3
0.2628 3
0.2658 3
0.2689 3
0.2719 3
0.2748 3
0.2779 3
0.2809 3
0.2838 3
0.2868 3
0.2898 3
0.2927 3
0.2957 3
0.2987 3
