0.0000 3
0.0032 3
0.0061 3
0.0090 3
0.0119 3
0.0148 3
0.0177 3
0.0206 3
0.0234 3
0.0263 3
0.0291 3
0.0319 3
0.0348 3
0.0376 3
0.0404 3
0.0432 3
0.0460 3
0.0489 3
0.0520 3
0.0549 3
0.0577 3
0.0606 3
0.0634 3
0.0662 3
0.0690 3
0.0719 3
0.0747 3
0.0775 3
0.0803 3
0.0831 3
0.0859 3
0.0888 3
0.0916 3
0.0944 3
0.0972 3
0.1001 3
0.1029 3
0.1057 3
0.1085 3
0.1113 3
0.1141 3
0.1170 3
0.1198 3
0.1226 3
0.1254 3
0.1282 3
0.1311 3
0.1339 3
0.1367 3
0.1395 3
0.1423 3
0.1451 3
0.1479 3
0.1507 3
0.1536 3
0.1564 3
0.1592 3
0.1620 3
0.1648 3
0.1677 3
0.1705 3
0.1733 3
0.1761 3
0.1789 3
0.1818 3
0.1846 3
0.1874 3
0.1902 3
0.1930 3
0.1958 3
0.1987 3
0.2015 3
0.2043 3
0.2072 3
0.2100 3
0.2129 3
0.2157 3
0.2185 3
0.2213 3
0.2241 3
0.2269 3
0.2297 3
0.2325 3
0.2354 3
0.2382 3
0.2410 3
0.2438 3
0.2466 3
0.2494 3
0.2522 3
0.2551 3
0.2580 3
0.2608 3
0.2636 3
0.2664 3
0.2693 3
0.2721 3
0.2749 3
0.2777 3
0.2805 3
0.2834 3
