0.0000 4
0.0008 3
0.0039 3
0.0070 3
0.0101 3
0.0132 3
0.0162 3
0.0193 3
0.0223 3
0.0253 3
0.0283 3
0.0313 3
0.0343 3
0.0373 3
0.0402 3
0.0432 3
0.0462 3
0.0492 3
0.0522 3
0.0552 3
0.0582 3
0.0612 3
0.0642 3
0.0672 3
0.0702 3
0.0732 3
0.0762 3
0.0792 3
0.0822 3
0.0852 3
0.0884 3
0.0914 3
0.0944 3
0.0975 3
0.1005 3
0.1035 3
0.1066 3
0.1096 3
0.1126 3
0.1155 3
0.1185 3
0.1216 3
0.1246 3
0.1276 3
0.1306 3
0.1336 3
0.1366 3
0.1397 3
0.1427 3
0.1457 3
0.1487 3
0.1517 3
0.1548 3
0.1578 3
0.1608 3
0.1638 3
0.1668 3
0.1698 3
0.1728 3
0.1758 3
0.1788 3
0.1819 3
0.1849 3
0.1879 3
0.1909 3
0.1939 3
0.1969 3
0.1999 3
0.2029 3
0.2060 3
0.2090 3
0.2120 3
0.2150 3
0.2181 3
0.2211 3
0.2241 3
0.2271 3
0.2301 3
0.2331 3
0.2361 3
0.2391 3
0.2421 3
0.2452 3
0.2482 3
0.2512 3
0.2544 3
0.2574 3
0.2604 3
0.2634 3
0.2664 3
0.2694 3
0.2724 3
0.2754 3
0.2784 3
0.2814 3
0.2845 3
0.2875 3
0.2905 3
0.2935 3
0.2965 3
0.2995 3
0.3025 3
