0.0000 3
0.0002 2
0.0030 2
0.0058 2
0.0086 2
0.0114 2
0.0141 2
0.0169 2
0.0198 2
0.0225 2
0.0252 2
0.0279 2
0.0306 2
0.0333 2
0.0361 2
0.0388 2
0.0415 2
0.0443 2
0.0470 2
0.0497 2
0.0525 2
0.0552 2
0.0579 2
0.0606 2
0.0633 2
0.0660 2
0.0687 2
0.0714 2
0.0741 2
0.0768 2
0.0795 2
0.0822 2
0.0849 2
0.0876 2
0.0903 2
0.0930 2
0.0957 2
0.0984 2
0.1012 2
0.1039 2
0.1066 2
0.1093 2
0.1120 2
0.1148 2
0.1175 2
0.1202 2
0.1229 2
0.1255 2
0.1283 2
0.1310 2
0.1337 2
0.1367 2
0.1394 2
0.1420 2
0.1448 2
0.1475 2
0.1502 2
0.1529 2
0.1557 2
0.1584 2
0.1611 2
0.1638 2
0.1665 2
0.1692 2
0.1719 2
0.1746 2
0.1773 2
0.1800 2
0.1827 2
0.1854 2
0.1881 2
0.1908 2
0.1936 2
0.1963 2
0.1990 2
0.2017 2
0.2044 2
0.2071 2
0.2099 2
0.2126 2
0.2153 2
0.2180 2
0.2207 2
0.2234 2
0.2261 2
0.2288 2
0.2315 2
0.2342 2
0.2369 2
0.2396 2
0.2423 2
0.2450 2
0.2477 2
0.2504 2
0.2531 2
0.2558 2
0.2585 2
0.2612 2
0.2640 2
0.2667 2
0.2693 2
0.2720 2
