0.0000 4
0.0034 4
0.0065 4
0.0096 4
0.0126 4
0.0156 4
0.0187 4
0.0218 4
0.0247 4
0.0277 4
0.0307 4
0.0336 4
0.0366 4
0.0396 4
0.0399 3
0.0428 3
0.0458 3
0.0488 3
0.0517 3
0.0547 3
0.0577 3
0.0607 3
0.0636 3
0.0666 3
0.0696 3
0.0725 3
0.0755 3
0.0785 3
0.0815 3
0.0844 3
0.0874 3
0.0903 3
0.0933 3
0.0963 3
0.0992 3
0.1022 3
0.1051 3
0.1082 3
0.1112 3
0.1143 3
0.1173 3
0.1202 3
0.1232 3
0.1262 3
0.1291 3
0.1321 3
0.1351 3
0.1380 3
0.1410 3
0.1440 3
0.1469 3
0.1499 3
0.1528 3
0.1558 3
0.1588 3
0.1617 3
0.1647 3
0.1676 3
0.1706 3
0.1736 3
0.1765 3
0.1795 3
0.1824 3
0.1854 3
0.1884 3
0.1913 3
0.1942 3
0.1972 3
0.2001 3
0.2031 3
0.2060 3
0.2090 3
0.2119 3
0.2148 3
0.2178 3
0.2207 3
0.2237 3
0.2266 3
0.2296 3
0.2325 3
0.2354 3
0.2384 3
0.2414 3
0.2443 3
0.2473 3
0.2502 3
0.2533 3
0.2564 3
0.2594 3
0.2623 3
0.2654 3
0.2684 3
0.2713 3
0.2743 3
0.2772 3
0.2802 3
0.2831 3
0.2861 3
0.2890 3
0.2920 3
0.2952 3
0.2984 3
0.3014 3
0.3044 3
0.3074 3
0.3104 3
0.3134 3
0.3164 3
0.3194 3
0.3223 3
0.3253 3
0.3283 3
0.3312 3
0.3342 3
0.3372 3
