0.0000 4
0.0032 4
0.0057 4
0.0083 4
0.0108 4
0.0134 4
0.0159 4
0.0185 4
0.0210 4
0.0235 4
0.0261 4
0.0287 4
0.0311 4
0.0337 4
0.0362 4
0.0388 4
0.0413 4
0.0438 4
0.0464 4
0.0489 4
0.0514 4
0.0539 4
0.0564 4
0.0589 4
0.0614 4
0.0639 4
0.0667 4
0.0695 4
0.0720 4
0.0746 4
0.0773 4
0.0798 4
0.0824 4
0.0850 4
0.0874 4
0.0901 4
0.0926 4
0.0951 4
0.0977 4
0.1003 4
0.1028 4
0.1053 4
0.1078 4
0.1104 4
0.1129 4
0.1154 4
0.1179 4
0.1207 4
0.1234 4
0.1259 4
0.1283 4
0.1308 4
0.1333 4
0.1358 4
0.1383 4
0.1407 4
0.1432 4
0.1457 4
0.1482 4
0.1506 4
0.1531 4
0.1556 4
0.1581 4
0.1606 4
0.1633 4
0.1660 4
0.1686 4
0.1711 4
0.1736 4
0.1760 4
0.1785 4
0.1810 4
0.1834 4
0.1859 4
0.1884 4
0.1908 4
0.1933 4
0.1957 4
0.1982 4
0.2007 4
0.2031 4
0.2056 4
0.2080 4
0.2105 4
0.2130 4
0.2154 4
0.2179 4
0.2203 4
0.2228 4
0.2253 4
0.2277 4
0.2302 4
0.2327 4
0.2352 4
0.2376 4
0.2401 4
0.2426 4
0.2450 4
0.2475 4
0.2499 4
0.2524 4
