0.0000 3
0.0012 2
0.0026 2
0.0050 2
0.0074 2
0.0098 2
0.0121 2
0.0145 2
0.0169 2
0.0193 2
0.0216 2
0.0239 2
0.0262 2
0.0285 2
0.0308 2
0.0332 2
0.0357 2
0.0382 2
0.0406 2
0.0430 2
0.0453 2
0.0476 2
0.0500 2
0.0523 2
0.0546 2
0.0569 2
0.0593 2
0.0615 2
0.0639 2
0.0662 2
0.0685 2
0.0708 2
0.0731 2
0.0754 2
0.0777 2
0.0800 2
0.0823 2
0.0846 2
0.0869 2
0.0892 2
0.0915 2
0.0938 2
0.0961 2
0.0984 2
0.1007 2
0.1030 2
0.1053 2
0.1076 2
0.1099 2
0.1122 2
0.1145 2
0.1168 2
0.1191 2
0.1214 2
0.1237 2
0.1260 2
0.1283 2
0.1306 2
0.1329 2
0.1352 2
0.1375 2
0.1398 2
0.1421 2
0.1444 2
0.1467 2
0.1490 2
0.1513 2
0.1536 2
0.1560 2
0.1583 2
0.1606 2
0.1629 2
0.1652 2
0.1675 2
0.1698 2
0.1721 2
0.1744 2
0.1768 2
0.1791 2
0.1814 2
0.1837 2
0.1860 2
0.1883 2
0.1906 2
0.1929 2
0.1952 2
0.1975 2
0.1998 2
0.2022 2
0.2045 2
0.2068 2
0.2091 2
0.2114 2
0.2137 2
0.2161 2
0.2184 2
0.2207 2
0.2230 2
0.2253 2
0.2276 2
0.2299 2
0.2322 2
