0.0000 3
0.0028 3
0.0052 3
0.0077 3
0.0101 3
0.0125 3
0.0149 3
0.0174 3
0.0198 3
0.0222 3
0.0246 3
0.0270 3
0.0293 3
0.0317 3
0.0341 3
0.0364 3
0.0388 3
0.0411 3
0.0435 3
0.0458 3
0.0482 3
0.0505 3
0.0529 3
0.0552 3
0.0575 3
0.0599 3
0.0623 3
0.0646 3
0.0669 3
0.0693 3
0.0717 3
0.0740 3
0.0764 3
0.0787 3
0.0811 3
0.0834 3
0.0858 3
0.0882 3
0.0905 3
0.0929 3
0.0952 3
0.0976 3
0.0999 3
0.1022 3
0.1046 3
0.1069 3
0.1093 3
0.1117 3
0.1140 3
0.1164 3
0.1188 3
0.1211 3
0.1235 3
0.1258 3
0.1282 3
0.1305 3
0.1328 3
0.1352 3
0.1375 3
0.1398 3
0.1422 3
0.1445 3
0.1469 3
0.1492 3
0.1515 3
0.1539 3
0.1562 3
0.1585 3
0.1609 3
0.1632 3
0.1656 3
0.1679 3
0.1702 3
0.1726 3
0.1749 3
0.1773 3
0.1796 3
0.1820 3
0.1843 3
0.1867 3
0.1890 3
0.1913 3
0.1937 3
0.1960 3
0.1984 3
0.2007 3
0.2031 3
0.2054 3
0.2078 3
0.2102 3
0.2125 3
0.2148 3
0.2172 3
0.2195 3
0.2218 3
0.2242 3
0.2265 3
0.2289 3
0.2312 3
0.2335 3
0.2359 3
