0.0000 3
0.0012 2
0.0034 2
0.0061 2
0.0089 2
0.0116 2
0.0143 2
0.0170 2
0.0197 2
0.0224 2
0.0251 2
0.0278 2
0.0305 2
0.0332 2
0.0359 2
0.0386 2
0.0413 2
0.0440 2
0.0466 2
0.0494 2
0.0520 2
0.0547 2
0.0574 2
0.0601 2
0.0628 2
0.0655 2
0.0682 2
0.0709 2
0.0737 2
0.0764 2
0.0791 2
0.0818 2
0.0845 2
0.0872 2
0.0899 2
0.0926 2
0.0953 2
0.0980 2
0.1008 2
0.1036 2
0.1063 2
0.1091 2
0.1119 2
0.1146 2
0.1174 2
0.1201 2
0.1228 2
0.1255 2
0.1282 2
0.1309 2
0.1338 2
0.1366 2
0.1395 2
0.1423 2
0.1450 2
0.1477 2
0.1504 2
0.1531 2
0.1558 2
0.1585 2
0.1613 2
0.1640 2
0.1667 2
0.1695 2
0.1722 2
0.1748 2
0.1776 2
0.1802 2
0.1829 2
0.1856 2
0.1883 2
0.1910 2
0.1937 2
0.1964 2
0.1991 2
0.2018 2
0.2046 2
0.2073 2
0.2100 2
0.2127 2
0.2154 2
0.2182 2
0.2209 2
0.2236 2
0.2263 2
0.2289 2
0.2316 2
0.2343 2
0.2370 2
0.2397 2
0.2424 2
0.2451 2
0.2478 2
0.2505 2
0.2533 2
0.2560 2
0.2587 2
0.2615 2
0.2642 2
0.2669 2
0.2697 2
0.2724 2
