0.0000 3
0.0009 2
0.0035 2
0.0063 2
0.0091 2
0.0119 2
0.0147 2
0.0175 2
0.0204 2
0.0232 2
0.0260 2
0.0289 2
0.0317 2
0.0345 2
0.0373 2
0.0402 2
0.0430 2
0.0457 2
0.0484 2
0.0513 2
0.0540 2
0.0567 2
0.0594 2
0.0622 2
0.0649 2
0.0676 2
0.0703 2
0.0731 2
0.0759 2
0.0786 2
0.0813 2
0.0841 2
0.0868 2
0.0895 2
0.0922 2
0.0949 2
0.0976 2
0.1003 2
0.1031 2
0.1058 2
0.1085 2
0.1112 2
0.1139 2
0.1167 2
0.1194 2
0.1221 2
0.1249 2
0.1276 2
0.1303 2
0.1330 2
0.1358 2
0.1385 2
0.1412 2
0.1439 2
0.1467 2
0.1494 2
0.1522 2
0.1549 2
0.1576 2
0.1604 2
0.1631 2
0.1658 2
0.1686 2
0.1715 2
0.1744 2
0.1771 2
0.1799 2
0.1826 2
0.1853 2
0.1880 2
0.1908 2
0.1935 2
0.1962 2
0.1989 2
0.2017 2
0.2044 2
0.2072 2
0.2099 2
0.2129 2
0.2160 2
0.2187 2
0.2214 2
0.2242 2
0.2269 2
0.2295 2
0.2322 2
0.2350 2
0.2377 2
0.2404 2
0.2431 2
0.2459 2
0.2486 2
0.2514 2
0.2541 2
0.2568 2
0.2595 2
0.2622 2
0.2649 2
0.2677 2
0.2704 2
0.2731 2
0.2758 2
