0.0000 6
0.0022 5
0.0028 5
0.0054 5
0.0079 5
0.0105 5
0.0131 5
0.0157 5
0.0182 5
0.0208 5
0.0233 5
0.0258 5
0.0283 5
0.0308 5
0.0334 5
0.0358 5
0.0383 5
0.0408 5
0.0433 5
0.0458 5
0.0483 5
0.0508 5
0.0533 5
0.0558 5
0.0582 5
0.0607 5
0.0632 5
0.0657 5
0.0682 5
0.0706 5
0.0731 5
0.0756 5
0.0781 5
0.0806 5
0.0830 5
0.0855 5
0.0880 5
0.0905 5
0.0930 5
0.0955 5
0.0980 5
0.1005 5
0.1029 5
0.1054 5
0.1079 5
0.1104 5
0.1129 5
0.1154 5
0.1179 5
0.1204 5
0.1229 5
0.1254 5
0.1278 5
0.1303 5
0.1328 5
0.1353 5
0.1378 5
0.1403 5
0.1427 5
0.1452 5
0.1477 5
0.1502 5
0.1527 5
0.1552 5
0.1577 5
0.1606 5
0.1632 5
0.1659 5
0.1685 5
0.1711 5
0.1737 5
0.1763 5
0.1788 5
0.1814 5
0.1840 5
0.1865 5
0.1892 5
0.1917 5
0.1942 5
0.1968 5
0.1994 5
0.2019 5
0.2045 5
0.2070 5
0.2096 5
0.2122 5
0.2147 5
0.2173 5
0.2198 5
0.2223 5
0.2249 5
0.2275 5
0.2300 5
0.2324 5
0.2349 5
0.2374 5
0.2399 5
0.2424 5
0.2449 5
0.2474 5
0.2498 5
0.2523 5
