0.0000 5
0.0034 5
0.0065 5
0.0095 5
0.0125 5
0.0155 5
0.0185 5
0.0216 5
0.0246 5
0.0276 5
0.0306 5
0.0336 5
0.0366 5
0.0396 5
0.0426 5
0.0456 5
0.0487 5
0.0517 5
0.0546 5
0.0576 5
0.0606 5
0.0635 5
0.0665 5
0.0694 5
0.0724 5
0.0753 5
0.0783 5
0.0812 5
0.0842 5
0.0871 5
0.0901 5
0.0931 5
0.0960 5
0.0990 5
0.1019 5
0.1049 5
0.1078 5
0.1108 5
0.1137 5
0.1167 5
0.1196 5
0.1226 5
0.1256 5
0.1285 5
0.1315 5
0.1345 5
0.1374 5
0.1404 5
0.1433 5
0.1463 5
0.1493 5
0.1524 5
0.1554 5
0.1583 5
0.1613 5
0.1642 5
0.1672 5
0.1702 5
0.1731 5
0.1761 5
0.1791 5
0.1821 5
0.1851 5
0.1881 5
0.1911 5
0.1940 5
0.1970 5
0.1999 5
0.2029 5
0.2058 5
0.2089 5
0.2118 5
0.2148 5
0.2177 5
0.2207 5
0.2236 5
0.2265 5
0.2295 5
0.2324 5
0.2354 5
0.2383 5
0.2413 5
0.2443 5
0.2472 5
0.2502 5
0.2531 5
0.2561 5
0.2590 5
0.2620 5
0.2649 5
0.2679 5
0.2708 5
0.2738 5
0.2767 5
0.2797 5
0.2826 5
0.2856 5
0.2885 5
0.2915 5
0.2944 5
0.2974 5
