0.0000 3
0.0003 2
0.0031 2
0.0060 2
0.0088 2
0.0117 2
0.0148 2
0.0178 2
0.0206 2
0.0234 2
0.0262 2
0.0291 2
0.0319 2
0.0347 2
0.0375 2
0.0403 2
0.0431 2
0.0460 2
0.0488 2
0.0516 2
0.0544 2
0.0573 2
0.0601 2
0.0629 2
0.0658 2
0.0686 2
0.0714 2
0.0743 2
0.0772 2
0.0800 2
0.0830 2
0.0858 2
0.0887 2
0.0915 2
0.0943 2
0.0971 2
0.0999 2
0.1028 2
0.1056 2
0.1084 2
0.1113 2
0.1141 2
0.1169 2
0.1197 2
0.1225 2
0.1254 2
0.1282 2
0.1310 2
0.1339 2
0.1367 2
0.1395 2
0.1423 2
0.1452 2
0.1480 2
0.1508 2
0.1536 2
0.1565 2
0.1593 2
0.1621 2
0.1649 2
0.1678 2
0.1706 2
0.1734 2
0.1763 2
0.1791 2
0.1819 2
0.1847 2
0.1875 2
0.1903 2
0.1932 2
0.1960 2
0.1988 2
0.2016 2
0.2044 2
0.2074 2
0.2102 2
0.2130 2
0.2158 2
0.2187 2
0.2215 2
0.2243 2
0.2271 2
0.2299 2
0.2328 2
0.2356 2
0.2385 2
0.2413 2
0.2441 2
0.2470 2
0.2499 2
0.2527 2
0.2555 2
0.2584 2
0.2612 2
0.2642 2
0.2671 2
0.2700 2
0.2728 2
0.2756 2
0.2785 2
0.2813 2
0.2841 2
