0.0000 4
0.0006 3
0.0027 3
0.0052 3
0.0076 3
0.0101 3
0.0125 3
0.0149 3
0.0174 3
0.0198 3
0.0222 3
0.0245 3
0.0269 3
0.0293 3
0.0316 3
0.0340 3
0.0364 3
0.0387 3
0.0411 3
0.0435 3
0.0458 3
0.0482 3
0.0506 3
0.0529 3
0.0553 3
0.0576 3
0.0600 3
0.0625 3
0.0648 3
0.0672 3
0.0696 3
0.0719 3
0.0743 3
0.0767 3
0.0790 3
0.0813 3
0.0837 3
0.0861 3
0.0884 3
0.0908 3
0.0931 3
0.0955 3
0.0978 3
0.1002 3
0.1025 3
0.1049 3
0.1073 3
0.1097 3
0.1122 3
0.1146 3
0.1170 3
0.1193 3
0.1217 3
0.1240 3
0.1264 3
0.1287 3
0.1310 3
0.1334 3
0.1358 3
0.1381 3
0.1405 3
0.1428 3
0.1452 3
0.1475 3
0.1499 3
0.1522 3
0.1545 3
0.1569 3
0.1592 3
0.1616 3
0.1639 3
0.1663 3
0.1687 3
0.1710 3
0.1734 3
0.1757 3
0.1781 3
0.1804 3
0.1828 3
0.1851 3
0.1875 3
0.1898 3
0.1922 3
0.1945 3
0.1969 3
0.1992 3
0.2015 3
0.2039 3
0.2062 3
0.2085 3
0.2109 3
0.2133 3
0.2156 3
0.2180 3
0.2203 3
0.2227 3
0.2250 3
0.2273 3
0.2297 3
0.2320 3
0.2344 3
0.2367 3
