0.0000 5
0.0030 5
0.0048 4
0.0057 4
0.0084 4
0.0111 4
0.0137 4
0.0165 4
0.0192 4
0.0219 4
0.0247 4
0.0273 4
0.0301 4
0.0328 4
0.0361 4
0.0388 4
0.0415 4
0.0442 4
0.0468 4
0.0496 4
0.0522 4
0.0549 4
0.0575 4
0.0602 4
0.0628 4
0.0654 4
0.0680 4
0.0707 4
0.0733 4
0.0760 4
0.0786 4
0.0812 4
0.0838 4
0.0864 4
0.0890 4
0.0916 4
0.0943 4
0.0969 4
0.0995 4
0.1021 4
0.1047 4
0.1074 4
0.1105 4
0.1135 4
0.1162 4
0.1189 4
0.1217 4
0.1244 4
0.1270 4
0.1297 4
0.1324 4
0.1350 4
0.1376 4
0.1403 4
0.1429 4
0.1455 4
0.1481 4
0.1507 4
0.1534 4
0.1560 4
0.1586 4
0.1612 4
0.1639 4
0.1665 4
0.1691 4
0.1717 4
0.1743 4
0.1769 4
0.1795 4
0.1822 4
0.1848 4
0.1874 4
0.1900 4
0.1926 4
0.1952 4
0.1979 4
0.2005 4
0.2031 4
0.2057 4
0.2084 4
0.2110 4
0.2137 4
0.2163 4
0.2189 4
0.2216 4
0.2242 4
0.2269 4
0.2295 4
0.2321 4
0.2347 4
0.2373 4
0.2399 4
0.2425 4
0.2451 4
0.2477 4
0.2503 4
0.2529 4
0.2555 4
0.2581 4
0.2607 4
0.2633 4
0.2659 4
0.2685 4
