0.0000 5
0.0029 4
0.0033 4
0.0062 4
0.0090 4
0.0120 4
0.0148 4
0.0177 4
0.0206 4
0.0235 4
0.0263 4
0.0292 4
0.0321 4
0.0351 4
0.0380 4
0.0408 4
0.0437 4
0.0468 4
0.0497 4
0.0526 4
0.0554 4
0.0583 4
0.0611 4
0.0640 4
0.0668 4
0.0697 4
0.0725 4
0.0754 4
0.0783 4
0.0811 4
0.0840 4
0.0868 4
0.0897 4
0.0926 4
0.0955 4
0.0984 4
0.1013 4
0.1041 4
0.1070 4
0.1099 4
0.1128 4
0.1160 4
0.1190 4
0.1218 4
0.1247 4
0.1276 4
0.1305 4
0.1333 4
0.1362 4
0.1390 4
0.1419 4
0.1448 4
0.1476 4
0.1505 4
0.1534 4
0.1565 4
0.1596 4
0.1624 4
0.1653 4
0.1682 4
0.1711 4
0.1740 4
0.1770 4
0.1798 4
0.1827 4
0.1856 4
0.1885 4
0.1913 4
0.1942 4
0.1971 4
0.2000 4
0.2028 4
0.2057 4
0.2087 4
0.2115 4
0.2144 4
0.2173 4
0.2201 4
0.2230 4
0.2259 4
0.2288 4
0.2317 4
0.2346 4
0.2374 4
0.2404 4
0.2432 4
0.2461 4
0.2489 4
0.2518 4
0.2546 4
0.2575 4
0.2604 4
0.2632 4
0.2661 4
0.2690 4
0.2718 4
0.2747 4
0.2776 4
0.2805 4
0.2833 4
0.2862 4
0.2891 4
