0.0000 6
0.0031 6
0.0057 6
0.0077 5
0.0083 5
0.0109 5
0.0134 5
0.0160 5
0.0186 5
0.0211 5
0.0237 5
0.0262 5
0.0287 5
0.0312 5
0.0337 5
0.0363 5
0.0388 5
0.0413 5
0.0438 5
0.0463 5
0.0487 5
0.0512 5
0.0537 5
0.0562 5
0.0587 5
0.0612 5
0.0637 5
0.0662 5
0.0687 5
0.0711 5
0.0736 5
0.0761 5
0.0786 5
0.0811 5
0.0836 5
0.0861 5
0.0886 5
0.0911 5
0.0936 5
0.0961 5
0.0986 5
0.1010 5
0.1035 5
0.1060 5
0.1085 5
0.1110 5
0.1135 5
0.1160 5
0.1185 5
0.1210 5
0.1235 5
0.1260 5
0.1285 5
0.1310 5
0.1335 5
0.1360 5
0.1385 5
0.1410 5
0.1435 5
0.1459 5
0.1485 5
0.1511 5
0.1537 5
0.1562 5
0.1587 5
0.1612 5
0.1638 5
0.1663 5
0.1688 5
0.1713 5
0.1738 5
0.1762 5
0.1788 5
0.1813 5
0.1838 5
0.1863 5
0.1888 5
0.1913 5
0.1938 5
0.1963 5
0.1988 5
0.2013 5
0.2039 5
0.2065 5
0.2090 5
0.2116 5
0.2141 5
0.2166 5
0.2192 5
0.2217 5
0.2242 5
0.2267 5
0.2292 5
0.2317 5
0.2342 5
0.2367 5
0.2392 5
0.2417 5
0.2442 5
0.2467 5
0.2492 5
0.2518 5
0.2543 5
0.2567 5
