0.0000 4
0.0027 4
0.0053 4
0.0078 4
0.0081 3
0.0104 3
0.0129 3
0.0153 3
0.0179 3
0.0203 3
0.0228 3
0.0253 3
0.0277 3
0.0302 3
0.0327 3
0.0351 3
0.0376 3
0.0401 3
0.0425 3
0.0450 3
0.0474 3
0.0498 3
0.0523 3
0.0547 3
0.0572 3
0.0596 3
0.0620 3
0.0645 3
0.0669 3
0.0695 3
0.0719 3
0.0744 3
0.0769 3
0.0793 3
0.0819 3
0.0843 3
0.0868 3
0.0893 3
0.0917 3
0.0941 3
0.0965 3
0.0990 3
0.1014 3
0.1038 3
0.1062 3
0.1086 3
0.1110 3
0.1135 3
0.1159 3
0.1183 3
0.1207 3
0.1232 3
0.1256 3
0.1280 3
0.1304 3
0.1329 3
0.1353 3
0.1377 3
0.1402 3
0.1426 3
0.1450 3
0.1474 3
0.1498 3
0.1523 3
0.1547 3
0.1572 3
0.1596 3
0.1620 3
0.1645 3
0.1669 3
0.1693 3
0.1717 3
0.1744 3
0.1769 3
0.1793 3
0.1817 3
0.1841 3
0.1865 3
0.1889 3
0.1914 3
0.1938 3
0.1962 3
0.1986 3
0.2010 3
0.2034 3
0.2059 3
0.2083 3
0.2108 3
0.2132 3
0.2156 3
0.2181 3
0.2205 3
0.2229 3
0.2253 3
0.2277 3
0.2302 3
0.2327 3
0.2352 3
0.2376 3
0.2400 3
0.2424 3
0.2449 3
0.2473 3
0.2497 3
0.2521 3
