0.0000 4
0.0036 4
0.0065 4
0.0094 4
0.0123 4
0.0151 4
0.0179 4
0.0207 4
0.0235 4
0.0263 4
0.0292 4
0.0320 4
0.0348 4
0.0376 4
0.0405 4
0.0433 4
0.0462 4
0.0491 4
0.0519 4
0.0548 4
0.0577 4
0.0605 4
0.0633 4
0.0662 4
0.0690 4
0.0719 4
0.0747 4
0.0775 4
0.0804 4
0.0832 4
0.0861 4
0.0889 4
0.0918 4
0.0946 4
0.0974 4
0.1002 4
0.1030 4
0.1059 4
0.1087 4
0.1115 4
0.1143 4
0.1171 4
0.1199 4
0.1228 4
0.1256 4
0.1285 4
0.1313 4
0.1342 4
0.1371 4
0.1399 4
0.1427 4
0.1456 4
0.1484 4
0.1512 4
0.1540 4
0.1568 4
0.1597 4
0.1625 4
0.1654 4
0.1682 4
0.1710 4
0.1738 4
0.1766 4
0.1794 4
0.1823 4
0.1851 4
0.1880 4
0.1908 4
0.1937 4
0.1965 4
0.1993 4
0.2021 4
0.2050 4
0.2079 4
0.2107 4
0.2135 4
0.2163 4
0.2191 4
0.2220 4
0.2248 4
0.2276 4
0.2304 4
0.2333 4
0.2361 4
0.2389 4
0.2418 4
0.2446 4
0.2474 4
0.2503 4
0.2531 4
0.2559 4
0.2587 4
0.2616 4
0.2644 4
0.2672 4
0.2701 4
0.2729 4
0.2757 4
0.2785 4
0.2813 4
0.2842 4
