0.0000 4
0.0027 4
0.0052 4
0.0078 4
0.0103 4
0.0128 4
0.0154 4
0.0178 4
0.0203 4
0.0228 4
0.0252 4
0.0277 4
0.0302 4
0.0326 4
0.0351 4
0.0376 4
0.0400 4
0.0425 4
0.0450 4
0.0474 4
0.0499 4
0.0524 4
0.0548 4
0.0573 4
0.0597 4
0.0622 4
0.0646 4
0.0671 4
0.0695 4
0.0720 4
0.0745 4
0.0770 4
0.0794 4
0.0819 4
0.0843 4
0.0868 4
0.0892 4
0.0917 4
0.0941 4
0.0966 4
0.0991 4
0.1015 4
0.1040 4
0.1064 4
0.1089 4
0.1114 4
0.1138 4
0.1163 4
0.1187 4
0.1212 4
0.1236 4
0.1261 4
0.1286 4
0.1310 4
0.1335 4
0.1359 4
0.1384 4
0.1408 4
0.1433 4
0.1457 4
0.1482 4
0.1506 4
0.1531 4
0.1555 4
0.1580 4
0.1604 4
0.1631 4
0.1656 4
0.1680 4
0.1705 4
0.1730 4
0.1754 4
0.1779 4
0.1804 4
0.1829 4
0.1854 4
0.1878 4
0.1903 4
0.1928 4
0.1953 4
0.1977 4
0.2003 4
0.2027 4
0.2052 4
0.2077 4
0.2102 4
0.2126 4
0.2151 4
0.2176 4
0.2201 4
0.2225 4
0.2250 4
0.2274 4
0.2299 4
0.2323 4
0.2348 4
0.2372 4
0.2397 4
0.2422 4
0.2446 4
0.2471 4
