0.0000 5
0.0029 5
0.0053 5
0.0079 5
0.0104 5
0.0129 5
0.0154 5
0.0178 5
0.0204 5
0.0229 5
0.0253 5
0.0278 5
0.0303 5
0.0328 5
0.0353 5
0.0378 5
0.0404 5
0.0430 5
0.0455 5
0.0479 5
0.0504 5
0.0529 5
0.0555 5
0.0579 5
0.0604 5
0.0628 5
0.0653 5
0.0678 5
0.0702 5
0.0727 5
0.0752 5
0.0776 5
0.0801 5
0.0826 5
0.0851 5
0.0876 5
0.0900 5
0.0925 5
0.0949 5
0.0974 5
0.0998 5
0.1023 5
0.1047 5
0.1072 5
0.1096 5
0.1121 5
0.1145 5
0.1170 5
0.1194 5
0.1218 5
0.1243 5
0.1267 5
0.1292 5
0.1316 5
0.1341 5
0.1365 5
0.1389 5
0.1414 5
0.1438 5
0.1463 5
0.1487 5
0.1511 5
0.1536 5
0.1561 5
0.1585 5
0.1609 5
0.1634 5
0.1658 5
0.1683 5
0.1707 5
0.1732 5
0.1756 5
0.1780 5
0.1805 5
0.1829 5
0.1853 5
0.1878 5
0.1902 5
0.1926 5
0.1950 5
0.1975 5
0.1999 5
0.2023 5
0.2048 5
0.2073 5
0.2097 5
0.2121 5
0.2146 5
0.2170 5
0.2194 5
0.2218 5
0.2243 5
0.2267 5
0.2291 5
0.2315 5
0.2340 5
0.2364 5
0.2388 5
0.2412 5
0.2437 5
0.2462 5
