0.0000 5
0.0010 4
0.0031 4
0.0060 4
0.0089 4
0.0119 4
0.0147 4
0.0177 4
0.0206 4
0.0235 4
0.0264 4
0.0292 4
0.0321 4
0.0350 4
0.0379 4
0.0408 4
0.0436 4
0.0465 4
0.0494 4
0.0522 4
0.0551 4
0.0579 4
0.0608 4
0.0636 4
0.0665 4
0.0694 4
0.0722 4
0.0751 4
0.0779 4
0.0808 4
0.0837 4
0.0865 4
0.0894 4
0.0923 4
0.0952 4
0.0981 4
0.1010 4
0.1039 4
0.1068 4
0.1097 4
0.1126 4
0.1154 4
0.1183 4
0.1211 4
0.1240 4
0.1269 4
0.1297 4
0.1326 4
0.1354 4
0.1383 4
0.1412 4
0.1441 4
0.1470 4
0.1498 4
0.1527 4
0.1556 4
0.1585 4
0.1613 4
0.1643 4
0.1671 4
0.1700 4
0.1731 4
0.1760 4
0.1789 4
0.1818 4
0.1846 4
0.1875 4
0.1904 4
0.1933 4
0.1961 4
0.1990 4
0.2019 4
0.2048 4
0.2077 4
0.2106 4
0.2134 4
0.2163 4
0.2192 4
0.2221 4
0.2253 4
0.2282 4
0.2311 4
0.2340 4
0.2369 4
0.2397 4
0.2426 4
0.2454 4
0.2483 4
0.2512 4
0.2540 4
0.2569 4
0.2598 4
0.2627 4
0.2658 4
0.2689 4
0.2717 4
0.2746 4
0.2774 4
0.2803 4
0.2832 4
0.2860 4
0.2889 4
