0.0000 4
0.0035 4
0.0053 3
0.0066 3
0.0097 3
0.0127 3
0.0158 3
0.0191 3
0.0221 3
0.0252 3
0.0283 3
0.0313 3
0.0344 3
0.0375 3
0.0405 3
0.0436 3
0.0467 3
0.0498 3
0.0529 3
0.0560 3
0.0593 3
0.0626 3
0.0656 3
0.0687 3
0.0717 3
0.0748 3
0.0778 3
0.0808 3
0.0838 3
0.0868 3
0.0898 3
0.0928 3
0.0958 3
0.0988 3
0.1018 3
0.1048 3
0.1078 3
0.1108 3
0.1138 3
0.1168 3
0.1197 3
0.1227 3
0.1257 3
0.1287 3
0.1317 3
0.1346 3
0.1376 3
0.1406 3
0.1436 3
0.1466 3
0.1496 3
0.1525 3
0.1555 3
0.1585 3
0.1615 3
0.1645 3
0.1674 3
0.1704 3
0.1734 3
0.1763 3
0.1793 3
0.1823 3
0.1853 3
0.1883 3
0.1913 3
0.1943 3
0.1973 3
0.2002 3
0.2032 3
0.2062 3
0.2092 3
0.2122 3
0.2152 3
0.2181 3
0.2211 3
0.2241 3
0.2270 3
0.2300 3
0.2330 3
0.2360 3
0.2390 3
0.2419 3
0.2449 3
0.2479 3
0.2509 3
0.2539 3
0.2569 3
0.2599 3
0.2628 3
0.2658 3
0.2688 3
0.2718 3
0.2748 3
0.2778 3
0.2807 3
0.2837 3
0.2867 3
0.2897 3
0.2927 3
0.2956 3
0.2986 3
0.3016 3
0.3046 3
