0.0000 3
0.0027 3
0.0050 3
0.0075 3
0.0099 3
0.0124 3
0.0148 3
0.0172 3
0.0196 3
0.0220 3
0.0244 3
0.0267 3
0.0291 3
0.0314 3
0.0338 3
0.0361 3
0.0384 3
0.0408 3
0.0431 3
0.0455 3
0.0478 3
0.0502 3
0.0525 3
0.0549 3
0.0573 3
0.0597 3
0.0621 3
0.0644 3
0.0668 3
0.0691 3
0.0714 3
0.0738 3
0.0761 3
0.0785 3
0.0808 3
0.0831 3
0.0855 3
0.0878 3
0.0902 3
0.0926 3
0.0949 3
0.0973 3
0.0996 3
0.1019 3
0.1043 3
0.1066 3
0.1090 3
0.1113 3
0.1137 3
0.1160 3
0.1184 3
0.1207 3
0.1231 3
0.1255 3
0.1278 3
0.1301 3
0.1325 3
0.1349 3
0.1372 3
0.1395 3
0.1419 3
0.1443 3
0.1466 3
0.1491 3
0.1514 3
0.1539 3
0.1563 3
0.1586 3
0.1611 3
0.1634 3
0.1658 3
0.1681 3
0.1705 3
0.1728 3
0.1751 3
0.1775 3
0.1798 3
0.1822 3
0.1845 3
0.1869 3
0.1892 3
0.1916 3
0.1939 3
0.1962 3
0.1986 3
0.2009 3
0.2032 3
0.2056 3
0.2080 3
0.2103 3
0.2127 3
0.2150 3
0.2174 3
0.2197 3
0.2220 3
0.2244 3
0.2267 3
0.2290 3
0.2314 3
0.2337 3
0.2360 3
