0.0000 3
0.0011 2
0.0030 2
0.0053 2
0.0077 2
0.0101 2
0.0124 2
0.0148 2
0.0171 2
0.0195 2
0.0219 2
0.0242 2
0.0266 2
0.0289 2
0.0312 2
0.0335 2
0.0358 2
0.0382 2
0.0404 2
0.0428 2
0.0450 2
0.0474 2
0.0497 2
0.0520 2
0.0544 2
0.0567 2
0.0590 2
0.0614 2
0.0637 2
0.0660 2
0.0683 2
0.0707 2
0.0730 2
0.0752 2
0.0775 2
0.0798 2
0.0820 2
0.0843 2
0.0866 2
0.0888 2
0.0912 2
0.0935 2
0.0957 2
0.0980 2
0.1003 2
0.1026 2
0.1048 2
0.1071 2
0.1094 2
0.1117 2
0.1140 2
0.1162 2
0.1185 2
0.1208 2
0.1230 2
0.1253 2
0.1276 2
0.1298 2
0.1321 2
0.1344 2
0.1366 2
0.1389 2
0.1412 2
0.1434 2
0.1457 2
0.1480 2
0.1502 2
0.1525 2
0.1548 2
0.1570 2
0.1593 2
0.1615 2
0.1638 2
0.1661 2
0.1683 2
0.1706 2
0.1729 2
0.1751 2
0.1774 2
0.1796 2
0.1819 2
0.1842 2
0.1864 2
0.1887 2
0.1912 2
0.1935 2
0.1957 2
0.1981 2
0.2004 2
0.2026 2
0.2049 2
0.2073 2
0.2096 2
0.2118 2
0.2141 2
0.2164 2
0.2186 2
0.2209 2
0.2231 2
0.2254 2
0.2277 2
0.2299 2
