0.0000 3
0.0030 3
0.0054 3
0.0079 3
0.0102 3
0.0127 3
0.0151 3
0.0175 3
0.0199 3
0.0223 3
0.0247 3
0.0271 3
0.0295 3
0.0318 3
0.0342 3
0.0365 3
0.0389 3
0.0412 3
0.0435 3
0.0459 3
0.0482 3
0.0505 3
0.0529 3
0.0552 3
0.0576 3
0.0599 3
0.0622 3
0.0646 3
0.0669 3
0.0692 3
0.0715 3
0.0739 3
0.0762 3
0.0786 3
0.0809 3
0.0833 3
0.0856 3
0.0879 3
0.0903 3
0.0926 3
0.0950 3
0.0973 3
0.0996 3
0.1020 3
0.1043 3
0.1066 3
0.1090 3
0.1113 3
0.1136 3
0.1160 3
0.1183 3
0.1206 3
0.1230 3
0.1253 3
0.1277 3
0.1300 3
0.1324 3
0.1347 3
0.1370 3
0.1394 3
0.1417 3
0.1440 3
0.1463 3
0.1487 3
0.1510 3
0.1533 3
0.1556 3
0.1579 3
0.1603 3
0.1626 3
0.1649 3
0.1672 3
0.1696 3
0.1719 3
0.1742 3
0.1766 3
0.1789 3
0.1812 3
0.1835 3
0.1859 3
0.1882 3
0.1905 3
0.1928 3
0.1952 3
0.1975 3
0.1998 3
0.2022 3
0.2045 3
0.2068 3
0.2092 3
0.2116 3
0.2139 3
0.2163 3
0.2186 3
0.2210 3
0.2233 3
0.2256 3
0.2280 3
0.2303 3
0.2327 3
0.2350 3
