0.0000 5
0.0028 5
0.0029 4
0.0054 4
0.0080 4
0.0106 4
0.0132 4
0.0157 4
0.0183 4
0.0208 4
0.0233 4
0.0259 4
0.0284 4
0.0309 4
0.0334 4
0.0359 4
0.0384 4
0.0409 4
0.0434 4
0.0459 4
0.0484 4
0.0509 4
0.0534 4
0.0559 4
0.0584 4
0.0609 4
0.0634 4
0.0659 4
0.0684 4
0.0709 4
0.0734 4
0.0759 4
0.0784 4
0.0809 4
0.0834 4
0.0859 4
0.0884 4
0.0909 4
0.0934 4
0.0959 4
0.0984 4
0.1009 4
0.1034 4
0.1059 4
0.1084 4
0.1109 4
0.1134 4
0.1159 4
0.1184 4
0.1209 4
0.1234 4
0.1259 4
0.1284 4
0.1309 4
0.1334 4
0.1359 4
0.1384 4
0.1409 4
0.1434 4
0.1459 4
0.1484 4
0.1509 4
0.1534 4
0.1560 4
0.1585 4
0.1610 4
0.1635 4
0.1660 4
0.1685 4
0.1710 4
0.1735 4
0.1760 4
0.1785 4
0.1810 4
0.1835 4
0.1860 4
0.1885 4
0.1910 4
0.1935 4
0.1960 4
0.1985 4
0.2010 4
0.2035 4
0.2060 4
0.2085 4
0.2110 4
0.2135 4
0.2160 4
0.2184 4
0.2210 4
0.2234 4
0.2259 4
0.2284 4
0.2309 4
0.2334 4
0.2359 4
0.2384 4
0.2409 4
0.2434 4
0.2459 4
0.2484 4
0.2509 4
0.2534 4
