0.0000 4
0.0033 4
0.0061 4
0.0090 4
0.0119 4
0.0147 4
0.0176 4
0.0204 4
0.0233 4
0.0261 4
0.0290 4
0.0319 4
0.0347 4
0.0375 4
0.0405 4
0.0433 4
0.0462 4
0.0493 4
0.0522 4
0.0550 4
0.0578 4
0.0607 4
0.0635 4
0.0663 4
0.0691 4
0.0721 4
0.0749 4
0.0779 4
0.0809 4
0.0838 4
0.0866 4
0.0897 4
0.0928 4
0.0957 4
0.0986 4
0.1015 4
0.1043 4
0.1071 4
0.1100 4
0.1129 4
0.1157 4
0.1185 4
0.1214 4
0.1243 4
0.1271 4
0.1300 4
0.1328 4
0.1357 4
0.1385 4
0.1413 4
0.1442 4
0.1470 4
0.1499 4
0.1527 4
0.1555 4
0.1583 4
0.1612 4
0.1640 4
0.1668 4
0.1696 4
0.1725 4
0.1753 4
0.1781 4
0.1809 4
0.1837 4
0.1865 4
0.1893 4
0.1922 4
0.1950 4
0.1978 4
0.2007 4
0.2035 4
0.2063 4
0.2092 4
0.2120 4
0.2149 4
0.2177 4
0.2205 4
0.2233 4
0.2261 4
0.2290 4
0.2318 4
0.2346 4
0.2374 4
0.2402 4
0.2431 4
0.2459 4
0.2487 4
0.2516 4
0.2544 4
0.2572 4
0.2600 4
0.2629 4
0.2658 4
0.2686 4
0.2714 4
0.2742 4
0.2770 4
0.2798 4
0.2827 4
0.2855 4
