0.0000 4
0.0006 3
0.0029 3
0.0054 3
0.0079 3
0.0103 3
0.0128 3
0.0153 3
0.0177 3
0.0201 3
0.0225 3
0.0249 3
0.0273 3
0.0297 3
0.0328 3
0.0352 3
0.0376 3
0.0401 3
0.0425 3
0.0450 3
0.0474 3
0.0498 3
0.0522 3
0.0546 3
0.0570 3
0.0594 3
0.0618 3
0.0642 3
0.0666 3
0.0690 3
0.0713 3
0.0737 3
0.0761 3
0.0785 3
0.0809 3
0.0833 3
0.0856 3
0.0880 3
0.0904 3
0.0929 3
0.0953 3
0.0976 3
0.1000 3
0.1024 3
0.1048 3
0.1071 3
0.1095 3
0.1119 3
0.1143 3
0.1166 3
0.1190 3
0.1216 3
0.1240 3
0.1264 3
0.1287 3
0.1311 3
0.1335 3
0.1359 3
0.1382 3
0.1406 3
0.1430 3
0.1453 3
0.1477 3
0.1501 3
0.1524 3
0.1548 3
0.1572 3
0.1595 3
0.1619 3
0.1642 3
0.1666 3
0.1690 3
0.1713 3
0.1737 3
0.1761 3
0.1784 3
0.1808 3
0.1832 3
0.1856 3
0.1880 3
0.1904 3
0.1929 3
0.1953 3
0.1976 3
0.2000 3
0.2024 3
0.2048 3
0.2072 3
0.2095 3
0.2119 3
0.2143 3
0.2167 3
0.2191 3
0.2215 3
0.2239 3
0.2263 3
0.2287 3
0.2311 3
0.2335 3
0.2359 3
0.2383 3
0.2407 3
