0.0000 3
0.0002 2
0.0025 2
0.0049 2
0.0072 2
0.0096 2
0.0119 2
0.0143 2
0.0167 2
0.0190 2
0.0213 2
0.0236 2
0.0259 2
0.0282 2
0.0305 2
0.0328 2
0.0351 2
0.0374 2
0.0397 2
0.0420 2
0.0443 2
0.0465 2
0.0488 2
0.0511 2
0.0534 2
0.0557 2
0.0580 2
0.0603 2
0.0626 2
0.0648 2
0.0671 2
0.0694 2
0.0717 2
0.0740 2
0.0763 2
0.0786 2
0.0809 2
0.0833 2
0.0856 2
0.0880 2
0.0903 2
0.0927 2
0.0950 2
0.0973 2
0.0997 2
0.1021 2
0.1044 2
0.1067 2
0.1089 2
0.1112 2
0.1135 2
0.1158 2
0.1181 2
0.1204 2
0.1227 2
0.1250 2
0.1273 2
0.1296 2
0.1319 2
0.1342 2
0.1365 2
0.1388 2
0.1411 2
0.1434 2
0.1457 2
0.1480 2
0.1503 2
0.1526 2
0.1549 2
0.1572 2
0.1595 2
0.1618 2
0.1640 2
0.1663 2
0.1686 2
0.1709 2
0.1732 2
0.1755 2
0.1778 2
0.1801 2
0.1824 2
0.1847 2
0.1870 2
0.1893 2
0.1916 2
0.1939 2
0.1962 2
0.1985 2
0.2008 2
0.2031 2
0.2054 2
0.2077 2
0.2100 2
0.2123 2
0.2146 2
0.2169 2
0.2192 2
0.2215 2
0.2238 2
0.2261 2
0.2283 2
0.2306 2
