0.0000 4
0.0025 3
0.0038 3
0.0069 3
0.0100 3
0.0130 3
0.0160 3
0.0191 3
0.0222 3
0.0252 3
0.0282 3
0.0313 3
0.0343 3
0.0373 3
0.0404 3
0.0433 3
0.0464 3
0.0494 3
0.0524 3
0.0554 3
0.0584 3
0.0614 3
0.0643 3
0.0674 3
0.0704 3
0.0734 3
0.0764 3
0.0795 3
0.0825 3
0.0855 3
0.0885 3
0.0915 3
0.0945 3
0.0975 3
0.1005 3
0.1035 3
0.1065 3
0.1095 3
0.1125 3
0.1155 3
0.1184 3
0.1214 3
0.1244 3
0.1274 3
0.1304 3
0.1334 3
0.1363 3
0.1393 3
0.1423 3
0.1452 3
0.1482 3
0.1512 3
0.1542 3
0.1572 3
0.1602 3
0.1631 3
0.1661 3
0.1691 3
0.1721 3
0.1751 3
0.1783 3
0.1814 3
0.1844 3
0.1874 3
0.1903 3
0.1933 3
0.1963 3
0.1993 3
0.2024 3
0.2054 3
0.2084 3
0.2113 3
0.2143 3
0.2173 3
0.2205 3
0.2237 3
0.2268 3
0.2298 3
0.2328 3
0.2359 3
0.2389 3
0.2418 3
0.2448 3
0.2478 3
0.2508 3
0.2538 3
0.2567 3
0.2597 3
0.2627 3
0.2657 3
0.2688 3
0.2720 3
0.2751 3
0.2781 3
0.2811 3
0.2842 3
0.2872 3
0.2903 3
0.2932 3
0.2963 3
0.2994 3
0.3024 3
