0.0000 4
0.0003 3
0.0028 3
0.0052 3
0.0079 3
0.0104 3
0.0128 3
0.0151 3
0.0175 3
0.0199 3
0.0223 3
0.0246 3
0.0270 3
0.0294 3
0.0318 3
0.0341 3
0.0365 3
0.0389 3
0.0413 3
0.0436 3
0.0460 3
0.0484 3
0.0507 3
0.0531 3
0.0556 3
0.0579 3
0.0603 3
0.0626 3
0.0650 3
0.0674 3
0.0697 3
0.0721 3
0.0745 3
0.0770 3
0.0795 3
0.0819 3
0.0843 3
0.0866 3
0.0890 3
0.0914 3
0.0937 3
0.0961 3
0.0984 3
0.1008 3
0.1031 3
0.1055 3
0.1079 3
0.1102 3
0.1126 3
0.1149 3
0.1173 3
0.1197 3
0.1220 3
0.1244 3
0.1268 3
0.1291 3
0.1315 3
0.1339 3
0.1363 3
0.1386 3
0.1410 3
0.1434 3
0.1458 3
0.1481 3
0.1506 3
0.1529 3
0.1553 3
0.1577 3
0.1601 3
0.1624 3
0.1648 3
0.1672 3
0.1695 3
0.1719 3
0.1743 3
0.1766 3
0.1790 3
0.1814 3
0.1837 3
0.1861 3
0.1884 3
0.1908 3
0.1932 3
0.1956 3
0.1979 3
0.2003 3
0.2027 3
0.2050 3
0.2075 3
0.2099 3
0.2122 3
0.2146 3
0.2170 3
0.2193 3
0.2217 3
0.2241 3
0.2264 3
0.2288 3
0.2312 3
0.2336 3
0.2359 3
0.2383 3
