0.0000 4
0.0004 3
0.0027 3
0.0051 3
0.0076 3
0.0100 3
0.0124 3
0.0148 3
0.0172 3
0.0196 3
0.0220 3
0.0243 3
0.0271 3
0.0296 3
0.0321 3
0.0346 3
0.0370 3
0.0395 3
0.0420 3
0.0444 3
0.0469 3
0.0493 3
0.0517 3
0.0542 3
0.0566 3
0.0590 3
0.0615 3
0.0639 3
0.0664 3
0.0687 3
0.0711 3
0.0736 3
0.0760 3
0.0784 3
0.0807 3
0.0832 3
0.0856 3
0.0879 3
0.0904 3
0.0927 3
0.0950 3
0.0974 3
0.0997 3
0.1020 3
0.1044 3
0.1067 3
0.1091 3
0.1114 3
0.1137 3
0.1161 3
0.1184 3
0.1208 3
0.1231 3
0.1255 3
0.1278 3
0.1302 3
0.1325 3
0.1348 3
0.1372 3
0.1396 3
0.1419 3
0.1443 3
0.1466 3
0.1490 3
0.1513 3
0.1537 3
0.1560 3
0.1584 3
0.1607 3
0.1631 3
0.1654 3
0.1678 3
0.1701 3
0.1724 3
0.1748 3
0.1771 3
0.1794 3
0.1818 3
0.1841 3
0.1868 3
0.1891 3
0.1915 3
0.1938 3
0.1962 3
0.1985 3
0.2009 3
0.2032 3
0.2056 3
0.2080 3
0.2103 3
0.2126 3
0.2150 3
0.2173 3
0.2197 3
0.2220 3
0.2244 3
0.2267 3
0.2291 3
0.2314 3
0.2338 3
0.2362 3
0.2385 3
