0.0000 6
0.0033 6
0.0060 6
0.0079 5
0.0086 5
0.0112 5
0.0139 5
0.0166 5
0.0192 5
0.0218 5
0.0244 5
0.0270 5
0.0296 5
0.0322 5
0.0348 5
0.0374 5
0.0399 5
0.0425 5
0.0451 5
0.0476 5
0.0503 5
0.0528 5
0.0554 5
0.0580 5
0.0606 5
0.0631 5
0.0657 5
0.0683 5
0.0709 5
0.0734 5
0.0759 5
0.0785 5
0.0810 5
0.0835 5
0.0860 5
0.0886 5
0.0911 5
0.0936 5
0.0962 5
0.0987 5
0.1012 5
0.1038 5
0.1063 5
0.1088 5
0.1114 5
0.1139 5
0.1164 5
0.1190 5
0.1215 5
0.1240 5
0.1265 5
0.1290 5
0.1316 5
0.1341 5
0.1366 5
0.1391 5
0.1417 5
0.1442 5
0.1467 5
0.1492 5
0.1517 5
0.1542 5
0.1567 5
0.1592 5
0.1617 5
0.1642 5
0.1667 5
0.1693 5
0.1718 5
0.1743 5
0.1768 5
0.1793 5
0.1818 5
0.1843 5
0.1869 5
0.1894 5
0.1919 5
0.1944 5
0.1970 5
0.1995 5
0.2021 5
0.2046 5
0.2072 5
0.2097 5
0.2122 5
0.2147 5
0.2172 5
0.2197 5
0.2223 5
0.2248 5
0.2273 5
0.2298 5
0.2323 5
0.2349 5
0.2374 5
0.2399 5
0.2424 5
0.2449 5
0.2474 5
0.2499 5
0.2525 5
0.2550 5
0.2575 5
0.2600 5
