0.0000 3
0.0015 2
0.0036 2
0.0065 2
0.0095 2
0.0124 2
0.0153 2
0.0182 2
0.0211 2
0.0240 2
0.0269 2
0.0298 2
0.0326 2
0.0355 2
0.0384 2
0.0413 2
0.0441 2
0.0471 2
0.0500 2
0.0528 2
0.0558 2
0.0587 2
0.0616 2
0.0645 2
0.0674 2
0.0702 2
0.0731 2
0.0759 2
0.0789 2
0.0817 2
0.0846 2
0.0875 2
0.0903 2
0.0932 2
0.0960 2
0.0989 2
0.1018 2
0.1046 2
0.1075 2
0.1104 2
0.1133 2
0.1161 2
0.1190 2
0.1219 2
0.1248 2
0.1277 2
0.1306 2
0.1334 2
0.1363 2
0.1392 2
0.1420 2
0.1449 2
0.1478 2
0.1506 2
0.1535 2
0.1564 2
0.1593 2
0.1621 2
0.1650 2
0.1679 2
0.1708 2
0.1736 2
0.1765 2
0.1794 2
0.1823 2
0.1852 2
0.1880 2
0.1909 2
0.1938 2
0.1967 2
0.1995 2
0.2024 2
0.2053 2
0.2082 2
0.2110 2
0.2139 2
0.2168 2
0.2197 2
0.2226 2
0.2254 2
0.2283 2
0.2312 2
0.2341 2
0.2370 2
0.2398 2
0.2427 2
0.2456 2
0.2485 2
0.2513 2
0.2542 2
0.2571 2
0.2600 2
0.2628 2
0.2657 2
0.2686 2
0.2714 2
0.2743 2
0.2771 2
0.2800 2
0.2829 2
0.2858 2
0.2886 2
