0.0000 5
0.0029 5
0.0054 5
0.0078 5
0.0104 5
0.0129 5
0.0154 5
0.0179 5
0.0204 5
0.0229 5
0.0253 5
0.0278 5
0.0302 5
0.0327 5
0.0352 5
0.0377 5
0.0401 5
0.0426 5
0.0450 5
0.0475 5
0.0499 5
0.0524 5
0.0548 5
0.0573 5
0.0598 5
0.0622 5
0.0647 5
0.0671 5
0.0696 5
0.0721 5
0.0746 5
0.0771 5
0.0795 5
0.0820 5
0.0844 5
0.0869 5
0.0893 5
0.0918 5
0.0943 5
0.0967 5
0.0992 5
0.1016 5
0.1041 5
0.1065 5
0.1090 5
0.1114 5
0.1139 5
0.1163 5
0.1188 5
0.1213 5
0.1237 5
0.1261 5
0.1286 5
0.1310 5
0.1335 5
0.1359 5
0.1384 5
0.1408 5
0.1433 5
0.1457 5
0.1482 5
0.1506 5
0.1531 5
0.1555 5
0.1580 5
0.1604 5
0.1629 5
0.1653 5
0.1678 5
0.1702 5
0.1727 5
0.1751 5
0.1775 5
0.1802 5
0.1827 5
0.1851 5
0.1876 5
0.1900 5
0.1925 5
0.1950 5
0.1974 5
0.1998 5
0.2023 5
0.2047 5
0.2072 5
0.2098 5
0.2125 5
0.2150 5
0.2175 5
0.2199 5
0.2224 5
0.2248 5
0.2272 5
0.2297 5
0.2321 5
0.2345 5
0.2370 5
0.2394 5
0.2418 5
0.2443 5
0.2467 5
