0.0000 4
0.0032 4
0.0034 3
0.0056 3
0.0081 3
0.0105 3
0.0130 3
0.0155 3
0.0179 3
0.0204 3
0.0228 3
0.0252 3
0.0277 3
0.0301 3
0.0325 3
0.0350 3
0.0374 3
0.0399 3
0.0423 3
0.0447 3
0.0471 3
0.0496 3
0.0520 3
0.0544 3
0.0568 3
0.0594 3
0.0618 3
0.0643 3
0.0667 3
0.0692 3
0.0717 3
0.0741 3
0.0766 3
0.0790 3
0.0814 3
0.0838 3
0.0862 3
0.0886 3
0.0910 3
0.0934 3
0.0958 3
0.0982 3
0.1006 3
0.1031 3
0.1055 3
0.1080 3
0.1104 3
0.1128 3
0.1152 3
0.1176 3
0.1200 3
0.1224 3
0.1248 3
0.1272 3
0.1297 3
0.1321 3
0.1345 3
0.1369 3
0.1393 3
0.1417 3
0.1441 3
0.1465 3
0.1489 3
0.1513 3
0.1537 3
0.1561 3
0.1585 3
0.1609 3
0.1632 3
0.1656 3
0.1680 3
0.1704 3
0.1728 3
0.1753 3
0.1777 3
0.1801 3
0.1825 3
0.1849 3
0.1873 3
0.1897 3
0.1921 3
0.1945 3
0.1969 3
0.1993 3
0.2017 3
0.2041 3
0.2066 3
0.2090 3
0.2114 3
0.2138 3
0.2161 3
0.2186 3
0.2210 3
0.2234 3
0.2258 3
0.2281 3
0.2305 3
0.2329 3
0.2353 3
0.2377 3
0.2401 3
0.2425 3
0.2448 3
