0.0000 6
0.0029 6
0.0053 6
0.0079 6
0.0104 6
0.0128 6
0.0154 6
0.0163 5
0.0178 5
0.0203 5
0.0228 5
0.0252 5
0.0276 5
0.0301 5
0.0325 5
0.0350 5
0.0374 5
0.0399 5
0.0423 5
0.0447 5
0.0472 5
0.0496 5
0.0521 5
0.0545 5
0.0569 5
0.0594 5
0.0618 5
0.0642 5
0.0666 5
0.0690 5
0.0714 5
0.0738 5
0.0762 5
0.0786 5
0.0810 5
0.0834 5
0.0858 5
0.0882 5
0.0906 5
0.0930 5
0.0954 5
0.0977 5
0.1001 5
0.1025 5
0.1049 5
0.1073 5
0.1097 5
0.1121 5
0.1145 5
0.1169 5
0.1193 5
0.1217 5
0.1241 5
0.1265 5
0.1289 5
0.1313 5
0.1337 5
0.1361 5
0.1385 5
0.1409 5
0.1433 5
0.1457 5
0.1481 5
0.1505 5
0.1529 5
0.1554 5
0.1578 5
0.1602 5
0.1626 5
0.1651 5
0.1675 5
0.1699 5
0.1725 5
0.1750 5
0.1774 5
0.1798 5
0.1823 5
0.1847 5
0.1871 5
0.1895 5
0.1920 5
0.1944 5
0.1968 5
0.1993 5
0.2017 5
0.2041 5
0.2066 5
0.2090 5
0.2115 5
0.2139 5
0.2163 5
0.2187 5
0.2212 5
0.2236 5
0.2260 5
0.2284 5
0.2308 5
0.2332 5
0.2356 5
0.2380 5
0.2404 5
0.2429 5
0.2453 5
0.2477 5
0.2501 5
0.2526 5
0.2550 5
0.2574 5
