0.0000 5
0.0032 5
0.0041 4
0.0062 4
0.0091 4
0.0120 4
0.0150 4
0.0179 4
0.0208 4
0.0237 4
0.0267 4
0.0296 4
0.0325 4
0.0354 4
0.0382 4
0.0411 4
0.0440 4
0.0468 4
0.0497 4
0.0526 4
0.0554 4
0.0583 4
0.0612 4
0.0640 4
0.0669 4
0.0698 4
0.0726 4
0.0755 4
0.0784 4
0.0812 4
0.0841 4
0.0869 4
0.0898 4
0.0927 4
0.0955 4
0.0984 4
0.1012 4
0.1041 4
0.1070 4
0.1099 4
0.1127 4
0.1156 4
0.1185 4
0.1214 4
0.1243 4
0.1271 4
0.1300 4
0.1329 4
0.1358 4
0.1387 4
0.1415 4
0.1444 4
0.1473 4
0.1502 4
0.1530 4
0.1559 4
0.1588 4
0.1616 4
0.1645 4
0.1673 4
0.1702 4
0.1731 4
0.1760 4
0.1789 4
0.1818 4
0.1847 4
0.1876 4
0.1905 4
0.1933 4
0.1962 4
0.1990 4
0.2019 4
0.2047 4
0.2077 4
0.2106 4
0.2134 4
0.2163 4
0.2192 4
0.2224 4
0.2252 4
0.2281 4
0.2309 4
0.2338 4
0.2366 4
0.2395 4
0.2424 4
0.2452 4
0.2481 4
0.2510 4
0.2538 4
0.2567 4
0.2595 4
0.2624 4
0.2652 4
0.2681 4
0.2709 4
0.2738 4
0.2767 4
0.2795 4
0.2824 4
0.2852 4
0.2881 4
0.2910 4
