0.0000 3
0.0016 2
0.0034 2
0.0061 2
0.0089 2
0.0117 2
0.0144 2
0.0173 2
0.0200 2
0.0228 2
0.0255 2
0.0283 2
0.0310 2
0.0337 2
0.0364 2
0.0392 2
0.0419 2
0.0447 2
0.0474 2
0.0501 2
0.0528 2
0.0555 2
0.0582 2
0.0609 2
0.0636 2
0.0662 2
0.0689 2
0.0716 2
0.0743 2
0.0770 2
0.0797 2
0.0824 2
0.0851 2
0.0878 2
0.0905 2
0.0932 2
0.0959 2
0.0986 2
0.1013 2
0.1040 2
0.1067 2
0.1094 2
0.1121 2
0.1149 2
0.1176 2
0.1203 2
0.1230 2
0.1258 2
0.1285 2
0.1312 2
0.1339 2
0.1366 2
0.1393 2
0.1421 2
0.1448 2
0.1475 2
0.1502 2
0.1529 2
0.1557 2
0.1584 2
0.1611 2
0.1638 2
0.1665 2
0.1692 2
0.1720 2
0.1747 2
0.1774 2
0.1801 2
0.1829 2
0.1856 2
0.1883 2
0.1910 2
0.1937 2
0.1964 2
0.1992 2
0.2019 2
0.2046 2
0.2073 2
0.2101 2
0.2128 2
0.2155 2
0.2182 2
0.2210 2
0.2237 2
0.2264 2
0.2291 2
0.2319 2
0.2346 2
0.2373 2
0.2400 2
0.2427 2
0.2455 2
0.2482 2
0.2510 2
0.2537 2
0.2564 2
0.2591 2
0.2618 2
0.2645 2
0.2673 2
0.2700 2
0.2727 2
