0.0000 4
0.0017 3
0.0027 3
0.0052 3
0.0076 3
0.0102 3
0.0126 3
0.0151 3
0.0176 3
0.0201 3
0.0226 3
0.0250 3
0.0274 3
0.0299 3
0.0323 3
0.0347 3
0.0372 3
0.0396 3
0.0420 3
0.0445 3
0.0469 3
0.0493 3
0.0518 3
0.0542 3
0.0566 3
0.0591 3
0.0615 3
0.0639 3
0.0664 3
0.0688 3
0.0712 3
0.0737 3
0.0761 3
0.0785 3
0.0809 3
0.0833 3
0.0858 3
0.0882 3
0.0906 3
0.0930 3
0.0954 3
0.0979 3
0.1003 3
0.1027 3
0.1051 3
0.1075 3
0.1099 3
0.1124 3
0.1148 3
0.1172 3
0.1196 3
0.1221 3
0.1245 3
0.1269 3
0.1293 3
0.1317 3
0.1342 3
0.1366 3
0.1390 3
0.1414 3
0.1438 3
0.1463 3
0.1487 3
0.1511 3
0.1536 3
0.1560 3
0.1584 3
0.1608 3
0.1632 3
0.1656 3
0.1680 3
0.1705 3
0.1729 3
0.1753 3
0.1777 3
0.1801 3
0.1825 3
0.1850 3
0.1874 3
0.1898 3
0.1922 3
0.1946 3
0.1970 3
0.1995 3
0.2019 3
0.2043 3
0.2067 3
0.2092 3
0.2116 3
0.2140 3
0.2164 3
0.2189 3
0.2213 3
0.2237 3
0.2261 3
0.2286 3
0.2310 3
0.2334 3
0.2358 3
0.2383 3
0.2407 3
0.2431 3
