0.0000 6
0.0038 6
0.0070 6
0.0102 6
0.0133 6
0.0165 6
0.0198 6
0.0230 6
0.0261 6
0.0293 6
0.0324 6
0.0346 5
0.0356 5
0.0387 5
0.0418 5
0.0449 5
0.0480 5
0.0512 5
0.0543 5
0.0573 5
0.0605 5
0.0636 5
0.0667 5
0.0698 5
0.0729 5
0.0760 5
0.0790 5
0.0821 5
0.0851 5
0.0882 5
0.0913 5
0.0944 5
0.0974 5
0.1005 5
0.1036 5
0.1066 5
0.1097 5
0.1128 5
0.1159 5
0.1190 5
0.1220 5
0.1251 5
0.1282 5
0.1313 5
0.1344 5
0.1374 5
0.1405 5
0.1436 5
0.1466 5
0.1497 5
0.1528 5
0.1559 5
0.1591 5
0.1621 5
0.1652 5
0.1683 5
0.1714 5
0.1745 5
0.1776 5
0.1807 5
0.1838 5
0.1868 5
0.1899 5
0.1930 5
0.1960 5
0.1991 5
0.2022 5
0.2052 5
0.2084 5
0.2115 5
0.2145 5
0.2176 5
0.2207 5
0.2237 5
0.2268 5
0.2299 5
0.2329 5
0.2360 5
0.2391 5
0.2421 5
0.2452 5
0.2482 5
0.2513 5
0.2544 5
0.2575 5
0.2605 5
0.2637 5
0.2667 5
0.2698 5
0.2729 5
0.2760 5
0.2791 5
0.2821 5
0.2852 5
0.2883 5
0.2914 5
0.2944 5
0.2975 5
0.3006 5
0.3036 5
0.3067 5
0.3098 5
0.3128 5
0.3159 5
0.3189 5
0.3220 5
0.3250 5
0.3281 5
0.3312 5
0.3342 5
0.3373 5
0.3404 5
