0.0000 3
0.0006 2
0.0029 2
0.0058 2
0.0086 2
0.0113 2
0.0141 2
0.0170 2
0.0197 2
0.0225 2
0.0253 2
0.0281 2
0.0308 2
0.0336 2
0.0363 2
0.0391 2
0.0419 2
0.0446 2
0.0473 2
0.0501 2
0.0529 2
0.0556 2
0.0583 2
0.0611 2
0.0638 2
0.0665 2
0.0692 2
0.0719 2
0.0745 2
0.0772 2
0.0799 2
0.0826 2
0.0853 2
0.0880 2
0.0907 2
0.0934 2
0.0961 2
0.0987 2
0.1015 2
0.1042 2
0.1069 2
0.1096 2
0.1123 2
0.1150 2
0.1177 2
0.1204 2
0.1230 2
0.1257 2
0.1284 2
0.1312 2
0.1341 2
0.1369 2
0.1396 2
0.1424 2
0.1450 2
0.1477 2
0.1504 2
0.1531 2
0.1558 2
0.1585 2
0.1611 2
0.1638 2
0.1665 2
0.1692 2
0.1719 2
0.1750 2
0.1781 2
0.1808 2
0.1836 2
0.1863 2
0.1890 2
0.1917 2
0.1944 2
0.1970 2
0.1997 2
0.2024 2
0.2052 2
0.2079 2
0.2106 2
0.2133 2
0.2160 2
0.2187 2
0.2214 2
0.2241 2
0.2268 2
0.2295 2
0.2322 2
0.2349 2
0.2375 2
0.2402 2
0.2429 2
0.2456 2
0.2483 2
0.2509 2
0.2536 2
0.2563 2
0.2590 2
0.2616 2
0.2643 2
0.2670 2
0.2697 2
0.2723 2
