0.0000 4
0.0005 3
0.0032 3
0.0062 3
0.0091 3
0.0121 3
0.0150 3
0.0180 3
0.0210 3
0.0239 3
0.0269 3
0.0298 3
0.0328 3
0.0357 3
0.0386 3
0.0416 3
0.0445 3
0.0474 3
0.0503 3
0.0531 3
0.0560 3
0.0589 3
0.0618 3
0.0647 3
0.0676 3
0.0704 3
0.0734 3
0.0763 3
0.0791 3
0.0820 3
0.0849 3
0.0878 3
0.0908 3
0.0936 3
0.0965 3
0.0994 3
0.1023 3
0.1052 3
0.1081 3
0.1110 3
0.1139 3
0.1168 3
0.1197 3
0.1226 3
0.1255 3
0.1284 3
0.1314 3
0.1343 3
0.1371 3
0.1400 3
0.1429 3
0.1458 3
0.1487 3
0.1516 3
0.1544 3
0.1573 3
0.1602 3
0.1631 3
0.1660 3
0.1688 3
0.1717 3
0.1746 3
0.1775 3
0.1804 3
0.1832 3
0.1861 3
0.1890 3
0.1919 3
0.1948 3
0.1977 3
0.2006 3
0.2034 3
0.2064 3
0.2093 3
0.2122 3
0.2151 3
0.2180 3
0.2209 3
0.2238 3
0.2267 3
0.2296 3
0.2325 3
0.2353 3
0.2382 3
0.2411 3
0.2440 3
0.2469 3
0.2497 3
0.2526 3
0.2555 3
0.2584 3
0.2612 3
0.2641 3
0.2670 3
0.2699 3
0.2728 3
0.2756 3
0.2786 3
0.2815 3
0.2844 3
0.2873 3
0.2903 3
