0.0000 4
0.0043 4
0.0058 3
0.0074 3
0.0104 3
0.0134 3
0.0165 3
0.0195 3
0.0226 3
0.0256 3
0.0287 3
0.0317 3
0.0348 3
0.0378 3
0.0408 3
0.0439 3
0.0468 3
0.0498 3
0.0529 3
0.0559 3
0.0589 3
0.0619 3
0.0649 3
0.0678 3
0.0708 3
0.0738 3
0.0768 3
0.0797 3
0.0827 3
0.0857 3
0.0887 3
0.0916 3
0.0946 3
0.0976 3
0.1005 3
0.1035 3
0.1065 3
0.1095 3
0.1124 3
0.1154 3
0.1183 3
0.1213 3
0.1243 3
0.1273 3
0.1302 3
0.1332 3
0.1362 3
0.1392 3
0.1421 3
0.1451 3
0.1481 3
0.1510 3
0.1540 3
0.1569 3
0.1599 3
0.1629 3
0.1659 3
0.1689 3
0.1719 3
0.1749 3
0.1778 3
0.1808 3
0.1838 3
0.1868 3
0.1897 3
0.1927 3
0.1956 3
0.1986 3
0.2015 3
0.2045 3
0.2075 3
0.2104 3
0.2134 3
0.2164 3
0.2193 3
0.2223 3
0.2253 3
0.2284 3
0.2313 3
0.2343 3
0.2373 3
0.2403 3
0.2433 3
0.2463 3
0.2493 3
0.2523 3
0.2552 3
0.2582 3
0.2611 3
0.2641 3
0.2671 3
0.2700 3
0.2729 3
0.2759 3
0.2789 3
0.2818 3
0.2848 3
0.2878 3
0.2907 3
0.2937 3
0.2966 3
0.2996 3
0.3026 3
