0.0000 4
0.0002 3
0.0033 3
0.0063 3
0.0093 3
0.0124 3
0.0154 3
0.0184 3
0.0214 3
0.0244 3
0.0273 3
0.0303 3
0.0333 3
0.0362 3
0.0392 3
0.0422 3
0.0451 3
0.0481 3
0.0510 3
0.0540 3
0.0569 3
0.0599 3
0.0628 3
0.0658 3
0.0688 3
0.0717 3
0.0747 3
0.0777 3
0.0807 3
0.0837 3
0.0866 3
0.0896 3
0.0925 3
0.0955 3
0.0984 3
0.1014 3
0.1043 3
0.1073 3
0.1102 3
0.1132 3
0.1162 3
0.1191 3
0.1220 3
0.1250 3
0.1280 3
0.1309 3
0.1339 3
0.1369 3
0.1398 3
0.1428 3
0.1457 3
0.1487 3
0.1516 3
0.1546 3
0.1575 3
0.1605 3
0.1634 3
0.1664 3
0.1693 3
0.1723 3
0.1752 3
0.1782 3
0.1811 3
0.1840 3
0.1870 3
0.1900 3
0.1929 3
0.1959 3
0.1988 3
0.2017 3
0.2047 3
0.2077 3
0.2106 3
0.2136 3
0.2165 3
0.2195 3
0.2224 3
0.2253 3
0.2283 3
0.2312 3
0.2342 3
0.2371 3
0.2401 3
0.2430 3
0.2460 3
0.2489 3
0.2518 3
0.2548 3
0.2577 3
0.2607 3
0.2636 3
0.2666 3
0.2695 3
0.2725 3
0.2755 3
0.2784 3
0.2815 3
0.2845 3
0.2874 3
0.2904 3
0.2933 3
0.2965 3
