0.0000 4
0.0031 4
0.0060 4
0.0089 4
0.0118 4
0.0146 4
0.0176 4
0.0205 4
0.0233 4
0.0262 4
0.0291 4
0.0321 4
0.0349 4
0.0378 4
0.0407 4
0.0436 4
0.0465 4
0.0494 4
0.0523 4
0.0552 4
0.0581 4
0.0610 4
0.0639 4
0.0667 4
0.0697 4
0.0725 4
0.0753 4
0.0781 4
0.0810 4
0.0838 4
0.0866 4
0.0895 4
0.0923 4
0.0952 4
0.0980 4
0.1008 4
0.1037 4
0.1065 4
0.1093 4
0.1122 4
0.1150 4
0.1179 4
0.1207 4
0.1235 4
0.1264 4
0.1292 4
0.1321 4
0.1350 4
0.1379 4
0.1408 4
0.1437 4
0.1465 4
0.1494 4
0.1522 4
0.1551 4
0.1580 4
0.1608 4
0.1637 4
0.1666 4
0.1694 4
0.1722 4
0.1751 4
0.1779 4
0.1808 4
0.1836 4
0.1865 4
0.1893 4
0.1922 4
0.1950 4
0.1978 4
0.2007 4
0.2038 4
0.2066 4
0.2096 4
0.2124 4
0.2152 4
0.2181 4
0.2209 4
0.2237 4
0.2266 4
0.2294 4
0.2323 4
0.2352 4
0.2380 4
0.2408 4
0.2436 4
0.2465 4
0.2493 4
0.2521 4
0.2550 4
0.2578 4
0.2606 4
0.2635 4
0.2663 4
0.2691 4
0.2720 4
0.2748 4
0.2777 4
0.2805 4
0.2833 4
0.2861 4
