0.0000 4
0.0020 3
0.0026 3
0.0051 3
0.0075 3
0.0101 3
0.0125 3
0.0150 3
0.0175 3
0.0199 3
0.0223 3
0.0247 3
0.0272 3
0.0295 3
0.0319 3
0.0343 3
0.0367 3
0.0391 3
0.0414 3
0.0438 3
0.0462 3
0.0485 3
0.0509 3
0.0533 3
0.0556 3
0.0580 3
0.0604 3
0.0628 3
0.0651 3
0.0675 3
0.0700 3
0.0723 3
0.0747 3
0.0771 3
0.0794 3
0.0818 3
0.0842 3
0.0866 3
0.0891 3
0.0914 3
0.0938 3
0.0962 3
0.0986 3
0.1010 3
0.1033 3
0.1058 3
0.1082 3
0.1105 3
0.1129 3
0.1153 3
0.1177 3
0.1201 3
0.1225 3
0.1248 3
0.1272 3
0.1296 3
0.1320 3
0.1344 3
0.1368 3
0.1392 3
0.1415 3
0.1439 3
0.1463 3
0.1487 3
0.1511 3
0.1534 3
0.1558 3
0.1581 3
0.1605 3
0.1629 3
0.1652 3
0.1676 3
0.1699 3
0.1723 3
0.1747 3
0.1770 3
0.1794 3
0.1818 3
0.1842 3
0.1865 3
0.1889 3
0.1913 3
0.1937 3
0.1961 3
0.1984 3
0.2008 3
0.2032 3
0.2056 3
0.2081 3
0.2105 3
0.2129 3
0.2153 3
0.2177 3
0.2201 3
0.2224 3
0.2248 3
0.2272 3
0.2296 3
0.2320 3
0.2343 3
0.2367 3
0.2391 3
