0.0000 3
0.0014 2
0.0038 2
0.0068 2
0.0097 2
0.0127 2
0.0156 2
0.0186 2
0.0215 2
0.0246 2
0.0277 2
0.0307 2
0.0336 2
0.0366 2
0.0396 2
0.0426 2
0.0455 2
0.0485 2
0.0515 2
0.0544 2
0.0572 2
0.0602 2
0.0631 2
0.0660 2
0.0689 2
0.0717 2
0.0746 2
0.0775 2
0.0803 2
0.0832 2
0.0861 2
0.0890 2
0.0919 2
0.0947 2
0.0976 2
0.1004 2
0.1033 2
0.1061 2
0.1090 2
0.1119 2
0.1148 2
0.1176 2
0.1206 2
0.1235 2
0.1264 2
0.1293 2
0.1322 2
0.1351 2
0.1379 2
0.1408 2
0.1436 2
0.1465 2
0.1493 2
0.1522 2
0.1550 2
0.1579 2
0.1607 2
0.1636 2
0.1665 2
0.1693 2
0.1722 2
0.1751 2
0.1780 2
0.1809 2
0.1838 2
0.1868 2
0.1896 2
0.1925 2
0.1954 2
0.1983 2
0.2012 2
0.2040 2
0.2069 2
0.2098 2
0.2127 2
0.2155 2
0.2184 2
0.2213 2
0.2241 2
0.2270 2
0.2299 2
0.2327 2
0.2356 2
0.2384 2
0.2413 2
0.2442 2
0.2470 2
0.2499 2
0.2528 2
0.2556 2
0.2585 2
0.2614 2
0.2642 2
0.2671 2
0.2700 2
0.2729 2
0.2757 2
0.2786 2
0.2814 2
0.2843 2
0.2871 2
0.2900 2
