0.0000 3
0.0005 2
0.0027 2
0.0050 2
0.0074 2
0.0098 2
0.0121 2
0.0145 2
0.0168 2
0.0192 2
0.0215 2
0.0239 2
0.0262 2
0.0285 2
0.0308 2
0.0332 2
0.0355 2
0.0378 2
0.0401 2
0.0424 2
0.0447 2
0.0470 2
0.0493 2
0.0516 2
0.0539 2
0.0562 2
0.0585 2
0.0608 2
0.0631 2
0.0654 2
0.0677 2
0.0700 2
0.0723 2
0.0746 2
0.0769 2
0.0792 2
0.0816 2
0.0839 2
0.0862 2
0.0885 2
0.0908 2
0.0931 2
0.0955 2
0.0977 2
0.1000 2
0.1023 2
0.1046 2
0.1070 2
0.1093 2
0.1116 2
0.1139 2
0.1162 2
0.1185 2
0.1208 2
0.1232 2
0.1255 2
0.1278 2
0.1301 2
0.1324 2
0.1347 2
0.1370 2
0.1393 2
0.1416 2
0.1439 2
0.1461 2
0.1484 2
0.1507 2
0.1530 2
0.1553 2
0.1576 2
0.1599 2
0.1622 2
0.1645 2
0.1668 2
0.1691 2
0.1714 2
0.1737 2
0.1760 2
0.1785 2
0.1808 2
0.1833 2
0.1857 2
0.1881 2
0.1905 2
0.1927 2
0.1952 2
0.1975 2
0.1999 2
0.2023 2
0.2046 2
0.2070 2
0.2094 2
0.2117 2
0.2141 2
0.2164 2
0.2188 2
0.2212 2
0.2235 2
0.2259 2
0.2282 2
0.2306 2
0.2329 2
