0.0000 3
0.0022 2
0.0037 2
0.0066 2
0.0095 2
0.0125 2
0.0154 2
0.0183 2
0.0212 2
0.0240 2
0.0269 2
0.0298 2
0.0326 2
0.0355 2
0.0383 2
0.0412 2
0.0441 2
0.0469 2
0.0498 2
0.0527 2
0.0556 2
0.0585 2
0.0613 2
0.0642 2
0.0671 2
0.0699 2
0.0728 2
0.0757 2
0.0785 2
0.0814 2
0.0843 2
0.0871 2
0.0900 2
0.0929 2
0.0957 2
0.0986 2
0.1015 2
0.1043 2
0.1072 2
0.1101 2
0.1130 2
0.1158 2
0.1187 2
0.1216 2
0.1245 2
0.1273 2
0.1302 2
0.1331 2
0.1359 2
0.1388 2
0.1417 2
0.1445 2
0.1474 2
0.1503 2
0.1532 2
0.1560 2
0.1589 2
0.1618 2
0.1647 2
0.1675 2
0.1704 2
0.1733 2
0.1761 2
0.1790 2
0.1818 2
0.1847 2
0.1875 2
0.1904 2
0.1932 2
0.1961 2
0.1990 2
0.2019 2
0.2047 2
0.2076 2
0.2106 2
0.2135 2
0.2163 2
0.2192 2
0.2221 2
0.2249 2
0.2278 2
0.2307 2
0.2335 2
0.2364 2
0.2393 2
0.2421 2
0.2450 2
0.2479 2
0.2507 2
0.2536 2
0.2565 2
0.2593 2
0.2623 2
0.2651 2
0.2680 2
0.2709 2
0.2738 2
0.2766 2
0.2795 2
0.2824 2
0.2852 2
0.2881 2
