0.0000 3
0.0004 2
0.0033 2
0.0062 2
0.0091 2
0.0123 2
0.0153 2
0.0183 2
0.0212 2
0.0241 2
0.0270 2
0.0299 2
0.0328 2
0.0356 2
0.0386 2
0.0414 2
0.0443 2
0.0472 2
0.0501 2
0.0529 2
0.0558 2
0.0587 2
0.0616 2
0.0645 2
0.0673 2
0.0702 2
0.0731 2
0.0760 2
0.0788 2
0.0818 2
0.0847 2
0.0876 2
0.0905 2
0.0934 2
0.0963 2
0.0993 2
0.1022 2
0.1050 2
0.1079 2
0.1108 2
0.1136 2
0.1165 2
0.1194 2
0.1225 2
0.1254 2
0.1282 2
0.1311 2
0.1340 2
0.1368 2
0.1397 2
0.1426 2
0.1455 2
0.1483 2
0.1512 2
0.1541 2
0.1569 2
0.1598 2
0.1626 2
0.1655 2
0.1684 2
0.1712 2
0.1741 2
0.1770 2
0.1799 2
0.1828 2
0.1856 2
0.1885 2
0.1914 2
0.1942 2
0.1971 2
0.2000 2
0.2029 2
0.2058 2
0.2087 2
0.2116 2
0.2145 2
0.2173 2
0.2202 2
0.2231 2
0.2259 2
0.2288 2
0.2317 2
0.2346 2
0.2375 2
0.2403 2
0.2432 2
0.2461 2
0.2490 2
0.2518 2
0.2547 2
0.2576 2
0.2605 2
0.2633 2
0.2662 2
0.2691 2
0.2720 2
0.2748 2
0.2777 2
0.2806 2
0.2835 2
0.2864 2
0.2893 2
