0.0000 3
0.0002 2
0.0031 2
0.0060 2
0.0089 2
0.0118 2
0.0147 2
0.0176 2
0.0205 2
0.0234 2
0.0263 2
0.0292 2
0.0320 2
0.0348 2
0.0376 2
0.0405 2
0.0433 2
0.0461 2
0.0489 2
0.0517 2
0.0546 2
0.0574 2
0.0603 2
0.0632 2
0.0661 2
0.0689 2
0.0717 2
0.0746 2
0.0774 2
0.0802 2
0.0830 2
0.0858 2
0.0886 2
0.0915 2
0.0943 2
0.0971 2
0.1000 2
0.1028 2
0.1056 2
0.1084 2
0.1113 2
0.1141 2
0.1169 2
0.1197 2
0.1225 2
0.1253 2
0.1281 2
0.1309 2
0.1337 2
0.1365 2
0.1394 2
0.1422 2
0.1450 2
0.1478 2
0.1507 2
0.1537 2
0.1566 2
0.1594 2
0.1623 2
0.1651 2
0.1679 2
0.1708 2
0.1736 2
0.1764 2
0.1792 2
0.1820 2
0.1848 2
0.1876 2
0.1904 2
0.1934 2
0.1965 2
0.1994 2
0.2023 2
0.2052 2
0.2081 2
0.2110 2
0.2138 2
0.2166 2
0.2195 2
0.2223 2
0.2252 2
0.2280 2
0.2308 2
0.2336 2
0.2364 2
0.2392 2
0.2420 2
0.2448 2
0.2477 2
0.2505 2
0.2533 2
0.2561 2
0.2590 2
0.2618 2
0.2646 2
0.2674 2
0.2702 2
0.2730 2
0.2758 2
0.2786 2
0.2815 2
0.2843 2
