0.0000 4
0.0018 3
0.0035 3
0.0065 3
0.0095 3
0.0125 3
0.0155 3
0.0184 3
0.0214 3
0.0244 3
0.0274 3
0.0303 3
0.0333 3
0.0363 3
0.0392 3
0.0422 3
0.0452 3
0.0482 3
0.0511 3
0.0541 3
0.0571 3
0.0600 3
0.0630 3
0.0660 3
0.0690 3
0.0719 3
0.0749 3
0.0779 3
0.0808 3
0.0838 3
0.0867 3
0.0897 3
0.0927 3
0.0956 3
0.0986 3
0.1016 3
0.1045 3
0.1075 3
0.1104 3
0.1134 3
0.1164 3
0.1193 3
0.1223 3
0.1253 3
0.1282 3
0.1312 3
0.1342 3
0.1372 3
0.1402 3
0.1431 3
0.1461 3
0.1490 3
0.1520 3
0.1550 3
0.1579 3
0.1609 3
0.1639 3
0.1668 3
0.1698 3
0.1728 3
0.1758 3
0.1787 3
0.1817 3
0.1847 3
0.1876 3
0.1906 3
0.1936 3
0.1965 3
0.1995 3
0.2025 3
0.2055 3
0.2085 3
0.2114 3
0.2144 3
0.2174 3
0.2204 3
0.2233 3
0.2263 3
0.2292 3
0.2322 3
0.2351 3
0.2381 3
0.2411 3
0.2440 3
0.2470 3
0.2500 3
0.2529 3
0.2559 3
0.2588 3
0.2618 3
0.2648 3
0.2677 3
0.2708 3
0.2738 3
0.2767 3
0.2797 3
0.2827 3
0.2856 3
0.2886 3
0.2916 3
0.2946 3
0.2975 3
