0.0000 5
0.0026 4
0.0029 4
0.0055 4
0.0080 4
0.0106 4
0.0132 4
0.0157 4
0.0183 4
0.0208 4
0.0234 4
0.0259 4
0.0285 4
0.0311 4
0.0337 4
0.0363 4
0.0389 4
0.0414 4
0.0441 4
0.0466 4
0.0492 4
0.0517 4
0.0543 4
0.0568 4
0.0594 4
0.0619 4
0.0645 4
0.0670 4
0.0695 4
0.0721 4
0.0746 4
0.0771 4
0.0797 4
0.0822 4
0.0848 4
0.0873 4
0.0899 4
0.0924 4
0.0949 4
0.0975 4
0.1000 4
0.1025 4
0.1051 4
0.1076 4
0.1102 4
0.1127 4
0.1152 4
0.1178 4
0.1203 4
0.1228 4
0.1254 4
0.1279 4
0.1305 4
0.1330 4
0.1356 4
0.1381 4
0.1406 4
0.1431 4
0.1457 4
0.1482 4
0.1507 4
0.1533 4
0.1558 4
0.1583 4
0.1609 4
0.1634 4
0.1659 4
0.1684 4
0.1710 4
0.1735 4
0.1760 4
0.1785 4
0.1811 4
0.1836 4
0.1861 4
0.1887 4
0.1912 4
0.1937 4
0.1963 4
0.1988 4
0.2013 4
0.2039 4
0.2064 4
0.2090 4
0.2115 4
0.2140 4
0.2166 4
0.2191 4
0.2216 4
0.2241 4
0.2267 4
0.2293 4
0.2318 4
0.2344 4
0.2369 4
0.2395 4
0.2421 4
0.2447 4
0.2472 4
0.2497 4
0.2523 4
0.2548 4
