0.0000 3
0.0031 3
0.0055 3
0.0079 3
0.0104 3
0.0128 3
0.0153 3
0.0177 3
0.0201 3
0.0225 3
0.0249 3
0.0273 3
0.0297 3
0.0321 3
0.0345 3
0.0369 3
0.0393 3
0.0417 3
0.0441 3
0.0464 3
0.0488 3
0.0512 3
0.0536 3
0.0559 3
0.0583 3
0.0606 3
0.0630 3
0.0653 3
0.0677 3
0.0701 3
0.0725 3
0.0748 3
0.0772 3
0.0796 3
0.0819 3
0.0843 3
0.0867 3
0.0890 3
0.0913 3
0.0937 3
0.0960 3
0.0984 3
0.1007 3
0.1031 3
0.1054 3
0.1078 3
0.1101 3
0.1125 3
0.1149 3
0.1173 3
0.1196 3
0.1220 3
0.1243 3
0.1267 3
0.1290 3
0.1314 3
0.1337 3
0.1360 3
0.1384 3
0.1407 3
0.1431 3
0.1454 3
0.1478 3
0.1501 3
0.1524 3
0.1548 3
0.1573 3
0.1597 3
0.1623 3
0.1648 3
0.1673 3
0.1697 3
0.1721 3
0.1746 3
0.1769 3
0.1794 3
0.1818 3
0.1842 3
0.1867 3
0.1890 3
0.1915 3
0.1939 3
0.1963 3
0.1989 3
0.2013 3
0.2038 3
0.2064 3
0.2088 3
0.2113 3
0.2137 3
0.2162 3
0.2186 3
0.2210 3
0.2234 3
0.2259 3
0.2283 3
0.2308 3
0.2332 3
0.2356 3
0.2381 3
0.2404 3
