0.0000 3
0.0033 3
0.0064 3
0.0094 3
0.0125 3
0.0154 3
0.0184 3
0.0214 3
0.0244 3
0.0273 3
0.0303 3
0.0333 3
0.0363 3
0.0393 3
0.0423 3
0.0453 3
0.0482 3
0.0512 3
0.0542 3
0.0572 3
0.0601 3
0.0631 3
0.0661 3
0.0691 3
0.0720 3
0.0750 3
0.0780 3
0.0810 3
0.0840 3
0.0870 3
0.0900 3
0.0930 3
0.0960 3
0.0990 3
0.1019 3
0.1049 3
0.1079 3
0.1109 3
0.1139 3
0.1169 3
0.1199 3
0.1229 3
0.1259 3
0.1288 3
0.1319 3
0.1349 3
0.1378 3
0.1408 3
0.1438 3
0.1468 3
0.1497 3
0.1527 3
0.1556 3
0.1586 3
0.1616 3
0.1645 3
0.1675 3
0.1705 3
0.1735 3
0.1764 3
0.1794 3
0.1824 3
0.1853 3
0.1883 3
0.1912 3
0.1943 3
0.1973 3
0.2002 3
0.2032 3
0.2063 3
0.2092 3
0.2122 3
0.2151 3
0.2181 3
0.2211 3
0.2240 3
0.2270 3
0.2300 3
0.2329 3
0.2359 3
0.2388 3
0.2418 3
0.2447 3
0.2477 3
0.2507 3
0.2536 3
0.2566 3
0.2595 3
0.2625 3
0.2655 3
0.2684 3
0.2714 3
0.2745 3
0.2774 3
0.2804 3
0.2834 3
0.2864 3
0.2893 3
0.2923 3
0.2952 3
0.2982 3
