0.0000 3
0.0001 2
0.0025 2
0.0049 2
0.0073 2
0.0097 2
0.0120 2
0.0144 2
0.0168 2
0.0191 2
0.0215 2
0.0238 2
0.0261 2
0.0285 2
0.0308 2
0.0331 2
0.0354 2
0.0377 2
0.0400 2
0.0423 2
0.0446 2
0.0469 2
0.0492 2
0.0515 2
0.0538 2
0.0561 2
0.0584 2
0.0607 2
0.0630 2
0.0653 2
0.0676 2
0.0699 2
0.0722 2
0.0745 2
0.0768 2
0.0791 2
0.0814 2
0.0837 2
0.0860 2
0.0883 2
0.0906 2
0.0929 2
0.0952 2
0.0975 2
0.0998 2
0.1021 2
0.1044 2
0.1067 2
0.1090 2
0.1113 2
0.1136 2
0.1159 2
0.1181 2
0.1204 2
0.1227 2
0.1250 2
0.1273 2
0.1296 2
0.1319 2
0.1342 2
0.1365 2
0.1388 2
0.1411 2
0.1434 2
0.1458 2
0.1481 2
0.1503 2
0.1526 2
0.1549 2
0.1573 2
0.1596 2
0.1619 2
0.1642 2
0.1665 2
0.1688 2
0.1711 2
0.1734 2
0.1756 2
0.1779 2
0.1802 2
0.1825 2
0.1848 2
0.1871 2
0.1894 2
0.1917 2
0.1940 2
0.1963 2
0.1987 2
0.2011 2
0.2034 2
0.2057 2
0.2081 2
0.2104 2
0.2127 2
0.2150 2
0.2174 2
0.2197 2
0.2221 2
0.2244 2
0.2267 2
0.2290 2
0.2313 2
