0.0000 3
0.0008 2
0.0035 2
0.0062 2
0.0090 2
0.0118 2
0.0145 2
0.0173 2
0.0200 2
0.0227 2
0.0256 2
0.0283 2
0.0310 2
0.0337 2
0.0364 2
0.0391 2
0.0418 2
0.0446 2
0.0473 2
0.0499 2
0.0526 2
0.0553 2
0.0580 2
0.0607 2
0.0634 2
0.0661 2
0.0688 2
0.0715 2
0.0742 2
0.0768 2
0.0795 2
0.0822 2
0.0849 2
0.0876 2
0.0903 2
0.0929 2
0.0956 2
0.0983 2
0.1010 2
0.1037 2
0.1064 2
0.1090 2
0.1117 2
0.1144 2
0.1171 2
0.1198 2
0.1225 2
0.1252 2
0.1278 2
0.1305 2
0.1332 2
0.1359 2
0.1386 2
0.1413 2
0.1440 2
0.1466 2
0.1493 2
0.1520 2
0.1547 2
0.1574 2
0.1601 2
0.1628 2
0.1654 2
0.1681 2
0.1708 2
0.1735 2
0.1762 2
0.1789 2
0.1816 2
0.1843 2
0.1870 2
0.1896 2
0.1923 2
0.1950 2
0.1977 2
0.2004 2
0.2031 2
0.2058 2
0.2086 2
0.2113 2
0.2140 2
0.2167 2
0.2195 2
0.2222 2
0.2249 2
0.2276 2
0.2302 2
0.2329 2
0.2356 2
0.2383 2
0.2410 2
0.2437 2
0.2464 2
0.2491 2
0.2517 2
0.2544 2
0.2571 2
0.2598 2
0.2625 2
0.2652 2
0.2679 2
0.2705 2
