0.0000 4
0.0027 4
0.0053 4
0.0078 4
0.0104 4
0.0130 4
0.0155 4
0.0180 4
0.0204 4
0.0230 4
0.0255 4
0.0280 4
0.0305 4
0.0330 4
0.0354 4
0.0379 4
0.0404 4
0.0429 4
0.0453 4
0.0478 4
0.0503 4
0.0527 4
0.0552 4
0.0577 4
0.0602 4
0.0628 4
0.0652 4
0.0677 4
0.0702 4
0.0727 4
0.0751 4
0.0776 4
0.0801 4
0.0825 4
0.0850 4
0.0874 4
0.0899 4
0.0924 4
0.0949 4
0.0974 4
0.0998 4
0.1024 4
0.1048 4
0.1073 4
0.1098 4
0.1122 4
0.1147 4
0.1171 4
0.1196 4
0.1220 4
0.1245 4
0.1270 4
0.1294 4
0.1319 4
0.1343 4
0.1368 4
0.1393 4
0.1417 4
0.1442 4
0.1467 4
0.1491 4
0.1516 4
0.1543 4
0.1568 4
0.1593 4
0.1617 4
0.1642 4
0.1667 4
0.1691 4
0.1716 4
0.1740 4
0.1765 4
0.1790 4
0.1814 4
0.1839 4
0.1863 4
0.1888 4
0.1912 4
0.1937 4
0.1962 4
0.1986 4
0.2011 4
0.2036 4
0.2061 4
0.2086 4
0.2111 4
0.2135 4
0.2160 4
0.2185 4
0.2210 4
0.2235 4
0.2260 4
0.2285 4
0.2310 4
0.2334 4
0.2359 4
0.2384 4
0.2409 4
0.2434 4
0.2460 4
0.2484 4
