0.0000 3
0.0026 3
0.0051 3
0.0075 3
0.0099 3
0.0124 3
0.0148 3
0.0172 3
0.0196 3
0.0221 3
0.0245 3
0.0268 3
0.0292 3
0.0316 3
0.0339 3
0.0363 3
0.0387 3
0.0410 3
0.0434 3
0.0457 3
0.0481 3
0.0505 3
0.0528 3
0.0552 3
0.0575 3
0.0599 3
0.0622 3
0.0645 3
0.0669 3
0.0692 3
0.0716 3
0.0739 3
0.0763 3
0.0786 3
0.0810 3
0.0833 3
0.0857 3
0.0880 3
0.0904 3
0.0927 3
0.0950 3
0.0973 3
0.0997 3
0.1020 3
0.1044 3
0.1068 3
0.1091 3
0.1115 3
0.1138 3
0.1161 3
0.1185 3
0.1208 3
0.1231 3
0.1255 3
0.1278 3
0.1302 3
0.1325 3
0.1348 3
0.1372 3
0.1396 3
0.1419 3
0.1442 3
0.1466 3
0.1489 3
0.1512 3
0.1536 3
0.1559 3
0.1582 3
0.1606 3
0.1629 3
0.1652 3
0.1676 3
0.1699 3
0.1723 3
0.1747 3
0.1770 3
0.1794 3
0.1818 3
0.1841 3
0.1865 3
0.1888 3
0.1912 3
0.1935 3
0.1959 3
0.1982 3
0.2006 3
0.2029 3
0.2054 3
0.2077 3
0.2101 3
0.2124 3
0.2148 3
0.2171 3
0.2195 3
0.2218 3
0.2242 3
0.2265 3
0.2289 3
0.2312 3
0.2336 3
0.2359 3
