0.0000 3
0.0007 2
0.0032 2
0.0060 2
0.0088 2
0.0117 2
0.0145 2
0.0174 2
0.0202 2
0.0231 2
0.0259 2
0.0287 2
0.0315 2
0.0343 2
0.0371 2
0.0398 2
0.0426 2
0.0454 2
0.0481 2
0.0509 2
0.0540 2
0.0568 2
0.0596 2
0.0624 2
0.0651 2
0.0679 2
0.0707 2
0.0734 2
0.0762 2
0.0790 2
0.0818 2
0.0846 2
0.0874 2
0.0902 2
0.0930 2
0.0958 2
0.0986 2
0.1014 2
0.1042 2
0.1070 2
0.1098 2
0.1125 2
0.1153 2
0.1180 2
0.1208 2
0.1236 2
0.1263 2
0.1291 2
0.1318 2
0.1346 2
0.1374 2
0.1401 2
0.1430 2
0.1458 2
0.1486 2
0.1513 2
0.1541 2
0.1568 2
0.1596 2
0.1624 2
0.1651 2
0.1679 2
0.1706 2
0.1734 2
0.1761 2
0.1789 2
0.1817 2
0.1845 2
0.1872 2
0.1900 2
0.1928 2
0.1956 2
0.1983 2
0.2011 2
0.2039 2
0.2067 2
0.2095 2
0.2122 2
0.2150 2
0.2178 2
0.2205 2
0.2233 2
0.2260 2
0.2288 2
0.2316 2
0.2343 2
0.2371 2
0.2399 2
0.2426 2
0.2454 2
0.2482 2
0.2509 2
0.2537 2
0.2564 2
0.2593 2
0.2620 2
0.2648 2
0.2676 2
0.2703 2
0.2731 2
0.2758 2
0.2786 2
