0.0000 5
0.0023 4
0.0029 4
0.0055 4
0.0081 4
0.0106 4
0.0131 4
0.0156 4
0.0182 4
0.0207 4
0.0232 4
0.0258 4
0.0282 4
0.0307 4
0.0332 4
0.0357 4
0.0382 4
0.0407 4
0.0432 4
0.0458 4
0.0483 4
0.0508 4
0.0533 4
0.0558 4
0.0583 4
0.0608 4
0.0633 4
0.0658 4
0.0683 4
0.0708 4
0.0734 4
0.0758 4
0.0783 4
0.0808 4
0.0833 4
0.0858 4
0.0883 4
0.0908 4
0.0934 4
0.0959 4
0.0984 4
0.1009 4
0.1034 4
0.1059 4
0.1084 4
0.1109 4
0.1134 4
0.1159 4
0.1184 4
0.1209 4
0.1234 4
0.1259 4
0.1283 4
0.1308 4
0.1333 4
0.1358 4
0.1383 4
0.1408 4
0.1433 4
0.1458 4
0.1483 4
0.1508 4
0.1532 4
0.1557 4
0.1582 4
0.1607 4
0.1632 4
0.1657 4
0.1682 4
0.1707 4
0.1732 4
0.1757 4
0.1782 4
0.1807 4
0.1832 4
0.1857 4
0.1882 4
0.1907 4
0.1932 4
0.1957 4
0.1982 4
0.2008 4
0.2033 4
0.2058 4
0.2084 4
0.2109 4
0.2134 4
0.2159 4
0.2184 4
0.2208 4
0.2233 4
0.2258 4
0.2283 4
0.2308 4
0.2333 4
0.2358 4
0.2383 4
0.2408 4
0.2433 4
0.2458 4
0.2483 4
0.2508 4
