0.0000 5
0.0029 5
0.0056 5
0.0064 4
0.0082 4
0.0108 4
0.0134 4
0.0159 4
0.0185 4
0.0210 4
0.0235 4
0.0260 4
0.0285 4
0.0310 4
0.0335 4
0.0360 4
0.0385 4
0.0410 4
0.0434 4
0.0459 4
0.0484 4
0.0509 4
0.0534 4
0.0560 4
0.0585 4
0.0610 4
0.0635 4
0.0659 4
0.0684 4
0.0709 4
0.0734 4
0.0759 4
0.0784 4
0.0809 4
0.0834 4
0.0859 4
0.0884 4
0.0908 4
0.0933 4
0.0958 4
0.0983 4
0.1008 4
0.1033 4
0.1058 4
0.1083 4
0.1108 4
0.1133 4
0.1157 4
0.1182 4
0.1207 4
0.1232 4
0.1257 4
0.1282 4
0.1306 4
0.1331 4
0.1356 4
0.1381 4
0.1405 4
0.1430 4
0.1455 4
0.1479 4
0.1504 4
0.1529 4
0.1553 4
0.1578 4
0.1603 4
0.1627 4
0.1652 4
0.1677 4
0.1701 4
0.1726 4
0.1751 4
0.1775 4
0.1800 4
0.1825 4
0.1849 4
0.1874 4
0.1899 4
0.1923 4
0.1948 4
0.1973 4
0.1997 4
0.2022 4
0.2047 4
0.2072 4
0.2097 4
0.2122 4
0.2146 4
0.2172 4
0.2197 4
0.2222 4
0.2247 4
0.2272 4
0.2297 4
0.2322 4
0.2347 4
0.2372 4
0.2397 4
0.2421 4
0.2446 4
0.2471 4
0.2495 4
0.2520 4
0.2545 4
