0.0000 3
0.0033 3
0.0057 3
0.0081 3
0.0106 3
0.0130 3
0.0154 3
0.0178 3
0.0202 3
0.0226 3
0.0250 3
0.0273 3
0.0297 3
0.0320 3
0.0344 3
0.0367 3
0.0391 3
0.0414 3
0.0438 3
0.0461 3
0.0484 3
0.0508 3
0.0531 3
0.0554 3
0.0577 3
0.0601 3
0.0624 3
0.0647 3
0.0671 3
0.0694 3
0.0718 3
0.0741 3
0.0765 3
0.0788 3
0.0812 3
0.0835 3
0.0858 3
0.0882 3
0.0905 3
0.0928 3
0.0952 3
0.0976 3
0.0999 3
0.1023 3
0.1046 3
0.1070 3
0.1093 3
0.1116 3
0.1140 3
0.1163 3
0.1187 3
0.1210 3
0.1234 3
0.1257 3
0.1280 3
0.1304 3
0.1327 3
0.1351 3
0.1374 3
0.1397 3
0.1421 3
0.1444 3
0.1467 3
0.1490 3
0.1513 3
0.1537 3
0.1560 3
0.1583 3
0.1607 3
0.1630 3
0.1653 3
0.1677 3
0.1700 3
0.1724 3
0.1747 3
0.1771 3
0.1794 3
0.1817 3
0.1841 3
0.1864 3
0.1888 3
0.1911 3
0.1934 3
0.1958 3
0.1982 3
0.2005 3
0.2029 3
0.2052 3
0.2076 3
0.2099 3
0.2123 3
0.2146 3
0.2169 3
0.2192 3
0.2216 3
0.2239 3
0.2262 3
0.2286 3
0.2309 3
0.2333 3
0.2356 3
