0.0000 3
0.0026 3
0.0050 3
0.0075 3
0.0099 3
0.0123 3
0.0148 3
0.0172 3
0.0197 3
0.0221 3
0.0245 3
0.0268 3
0.0292 3
0.0316 3
0.0339 3
0.0363 3
0.0387 3
0.0411 3
0.0435 3
0.0459 3
0.0483 3
0.0506 3
0.0530 3
0.0554 3
0.0577 3
0.0601 3
0.0625 3
0.0649 3
0.0673 3
0.0696 3
0.0720 3
0.0743 3
0.0767 3
0.0791 3
0.0815 3
0.0838 3
0.0862 3
0.0886 3
0.0910 3
0.0933 3
0.0957 3
0.0981 3
0.1005 3
0.1028 3
0.1052 3
0.1076 3
0.1100 3
0.1123 3
0.1147 3
0.1173 3
0.1199 3
0.1224 3
0.1250 3
0.1276 3
0.1300 3
0.1325 3
0.1349 3
0.1373 3
0.1398 3
0.1422 3
0.1447 3
0.1471 3
0.1495 3
0.1520 3
0.1544 3
0.1568 3
0.1593 3
0.1616 3
0.1641 3
0.1665 3
0.1690 3
0.1714 3
0.1738 3
0.1763 3
0.1787 3
0.1811 3
0.1836 3
0.1860 3
0.1884 3
0.1908 3
0.1933 3
0.1957 3
0.1981 3
0.2006 3
0.2030 3
0.2054 3
0.2079 3
0.2103 3
0.2128 3
0.2152 3
0.2176 3
0.2201 3
0.2225 3
0.2250 3
0.2274 3
0.2298 3
0.2322 3
0.2346 3
0.2370 3
0.2394 3
0.2417 3
