0.0000 5
0.0032 5
0.0062 5
0.0092 5
0.0122 5
0.0152 5
0.0181 5
0.0211 5
0.0242 5
0.0271 5
0.0301 5
0.0331 5
0.0361 5
0.0391 5
0.0421 5
0.0451 5
0.0481 5
0.0510 5
0.0539 5
0.0568 5
0.0597 5
0.0626 5
0.0655 5
0.0684 5
0.0713 5
0.0742 5
0.0771 5
0.0800 5
0.0829 5
0.0858 5
0.0888 5
0.0917 5
0.0946 5
0.0975 5
0.1004 5
0.1033 5
0.1062 5
0.1091 5
0.1120 5
0.1149 5
0.1178 5
0.1207 5
0.1236 5
0.1265 5
0.1294 5
0.1323 5
0.1353 5
0.1382 5
0.1411 5
0.1440 5
0.1469 5
0.1498 5
0.1527 5
0.1556 5
0.1585 5
0.1614 5
0.1643 5
0.1672 5
0.1701 5
0.1730 5
0.1759 5
0.1788 5
0.1817 5
0.1846 5
0.1876 5
0.1905 5
0.1934 5
0.1963 5
0.1992 5
0.2021 5
0.2050 5
0.2080 5
0.2109 5
0.2138 5
0.2167 5
0.2197 5
0.2226 5
0.2255 5
0.2285 5
0.2314 5
0.2343 5
0.2373 5
0.2403 5
0.2433 5
0.2463 5
0.2492 5
0.2521 5
0.2550 5
0.2579 5
0.2609 5
0.2638 5
0.2667 5
0.2696 5
0.2725 5
0.2754 5
0.2783 5
0.2813 5
0.2842 5
0.2871 5
0.2900 5
0.2929 5
