0.0000 3
0.0029 3
0.0053 3
0.0077 3
0.0102 3
0.0126 3
0.0151 3
0.0175 3
0.0199 3
0.0224 3
0.0248 3
0.0271 3
0.0295 3
0.0319 3
0.0344 3
0.0367 3
0.0391 3
0.0415 3
0.0438 3
0.0462 3
0.0485 3
0.0509 3
0.0532 3
0.0556 3
0.0579 3
0.0602 3
0.0626 3
0.0649 3
0.0673 3
0.0697 3
0.0721 3
0.0744 3
0.0768 3
0.0791 3
0.0815 3
0.0838 3
0.0862 3
0.0885 3
0.0909 3
0.0932 3
0.0956 3
0.0979 3
0.1003 3
0.1027 3
0.1050 3
0.1074 3
0.1097 3
0.1121 3
0.1144 3
0.1168 3
0.1191 3
0.1215 3
0.1238 3
0.1262 3
0.1285 3
0.1309 3
0.1333 3
0.1356 3
0.1380 3
0.1403 3
0.1426 3
0.1450 3
0.1473 3
0.1497 3
0.1520 3
0.1544 3
0.1567 3
0.1591 3
0.1614 3
0.1638 3
0.1661 3
0.1685 3
0.1708 3
0.1731 3
0.1755 3
0.1778 3
0.1802 3
0.1826 3
0.1849 3
0.1873 3
0.1896 3
0.1920 3
0.1943 3
0.1967 3
0.1990 3
0.2014 3
0.2037 3
0.2062 3
0.2085 3
0.2110 3
0.2133 3
0.2157 3
0.2180 3
0.2204 3
0.2227 3
0.2251 3
0.2274 3
0.2297 3
0.2321 3
0.2344 3
0.2368 3
