0.0000 3
0.0006 2
0.0026 2
0.0050 2
0.0073 2
0.0097 2
0.0120 2
0.0144 2
0.0167 2
0.0190 2
0.0213 2
0.0237 2
0.0260 2
0.0283 2
0.0312 2
0.0336 2
0.0359 2
0.0382 2
0.0406 2
0.0429 2
0.0453 2
0.0476 2
0.0499 2
0.0522 2
0.0545 2
0.0568 2
0.0591 2
0.0614 2
0.0637 2
0.0660 2
0.0683 2
0.0706 2
0.0729 2
0.0752 2
0.0775 2
0.0798 2
0.0820 2
0.0843 2
0.0866 2
0.0889 2
0.0912 2
0.0935 2
0.0957 2
0.0980 2
0.1003 2
0.1025 2
0.1048 2
0.1071 2
0.1093 2
0.1116 2
0.1139 2
0.1162 2
0.1185 2
0.1207 2
0.1230 2
0.1252 2
0.1275 2
0.1298 2
0.1320 2
0.1343 2
0.1366 2
0.1388 2
0.1411 2
0.1433 2
0.1456 2
0.1479 2
0.1501 2
0.1524 2
0.1547 2
0.1570 2
0.1592 2
0.1615 2
0.1638 2
0.1660 2
0.1683 2
0.1706 2
0.1729 2
0.1751 2
0.1774 2
0.1796 2
0.1819 2
0.1842 2
0.1864 2
0.1887 2
0.1910 2
0.1932 2
0.1955 2
0.1978 2
0.2000 2
0.2023 2
0.2045 2
0.2068 2
0.2090 2
0.2113 2
0.2135 2
0.2157 2
0.2180 2
0.2203 2
0.2225 2
0.2248 2
0.2271 2
0.2294 2
