0.0000 3
0.0026 3
0.0051 3
0.0075 3
0.0099 3
0.0124 3
0.0147 3
0.0172 3
0.0196 3
0.0219 3
0.0243 3
0.0267 3
0.0290 3
0.0314 3
0.0338 3
0.0361 3
0.0385 3
0.0409 3
0.0432 3
0.0456 3
0.0479 3
0.0502 3
0.0526 3
0.0549 3
0.0573 3
0.0596 3
0.0620 3
0.0643 3
0.0667 3
0.0690 3
0.0714 3
0.0737 3
0.0761 3
0.0784 3
0.0807 3
0.0831 3
0.0854 3
0.0878 3
0.0901 3
0.0926 3
0.0949 3
0.0972 3
0.0996 3
0.1020 3
0.1044 3
0.1067 3
0.1090 3
0.1114 3
0.1137 3
0.1161 3
0.1184 3
0.1207 3
0.1231 3
0.1254 3
0.1279 3
0.1303 3
0.1327 3
0.1350 3
0.1374 3
0.1397 3
0.1421 3
0.1444 3
0.1468 3
0.1492 3
0.1515 3
0.1539 3
0.1562 3
0.1585 3
0.1610 3
0.1634 3
0.1657 3
0.1681 3
0.1704 3
0.1728 3
0.1751 3
0.1775 3
0.1798 3
0.1822 3
0.1845 3
0.1868 3
0.1892 3
0.1918 3
0.1943 3
0.1969 3
0.1994 3
0.2019 3
0.2044 3
0.2067 3
0.2092 3
0.2116 3
0.2140 3
0.2165 3
0.2188 3
0.2213 3
0.2239 3
0.2265 3
0.2289 3
0.2314 3
0.2338 3
0.2361 3
0.2385 3
