0.0000 6
0.0002 5
0.0026 5
0.0051 5
0.0076 5
0.0101 5
0.0125 5
0.0150 5
0.0175 5
0.0199 5
0.0224 5
0.0248 5
0.0272 5
0.0297 5
0.0321 5
0.0345 5
0.0369 5
0.0393 5
0.0417 5
0.0442 5
0.0466 5
0.0490 5
0.0514 5
0.0539 5
0.0563 5
0.0587 5
0.0611 5
0.0635 5
0.0659 5
0.0684 5
0.0708 5
0.0732 5
0.0756 5
0.0781 5
0.0805 5
0.0829 5
0.0853 5
0.0877 5
0.0901 5
0.0926 5
0.0950 5
0.0974 5
0.0998 5
0.1022 5
0.1047 5
0.1071 5
0.1096 5
0.1120 5
0.1144 5
0.1169 5
0.1193 5
0.1218 5
0.1243 5
0.1267 5
0.1292 5
0.1316 5
0.1341 5
0.1365 5
0.1390 5
0.1414 5
0.1438 5
0.1463 5
0.1487 5
0.1511 5
0.1536 5
0.1560 5
0.1584 5
0.1608 5
0.1633 5
0.1657 5
0.1682 5
0.1706 5
0.1731 5
0.1755 5
0.1781 5
0.1806 5
0.1830 5
0.1854 5
0.1879 5
0.1903 5
0.1927 5
0.1952 5
0.1976 5
0.2000 5
0.2024 5
0.2049 5
0.2073 5
0.2098 5
0.2122 5
0.2146 5
0.2170 5
0.2194 5
0.2218 5
0.2243 5
0.2267 5
0.2291 5
0.2315 5
0.2339 5
0.2364 5
0.2388 5
0.2413 5
0.2437 5
