0.0000 3
0.0004 2
0.0033 2
0.0063 2
0.0093 2
0.0123 2
0.0158 2
0.0188 2
0.0218 2
0.0248 2
0.0277 2
0.0307 2
0.0337 2
0.0366 2
0.0396 2
0.0426 2
0.0456 2
0.0485 2
0.0515 2
0.0545 2
0.0575 2
0.0605 2
0.0635 2
0.0665 2
0.0694 2
0.0724 2
0.0753 2
0.0783 2
0.0813 2
0.0843 2
0.0872 2
0.0902 2
0.0932 2
0.0961 2
0.0991 2
0.1021 2
0.1050 2
0.1080 2
0.1110 2
0.1140 2
0.1169 2
0.1199 2
0.1229 2
0.1258 2
0.1288 2
0.1317 2
0.1347 2
0.1377 2
0.1407 2
0.1437 2
0.1467 2
0.1498 2
0.1529 2
0.1559 2
0.1589 2
0.1619 2
0.1648 2
0.1678 2
0.1707 2
0.1737 2
0.1766 2
0.1796 2
0.1825 2
0.1855 2
0.1884 2
0.1914 2
0.1943 2
0.1973 2
0.2002 2
0.2032 2
0.2061 2
0.2091 2
0.2120 2
0.2150 2
0.2179 2
0.2209 2
0.2238 2
0.2268 2
0.2297 2
0.2327 2
0.2356 2
0.2385 2
0.2415 2
0.2445 2
0.2474 2
0.2504 2
0.2534 2
0.2564 2
0.2593 2
0.2625 2
0.2654 2
0.2684 2
0.2713 2
0.2743 2
0.2772 2
0.2802 2
0.2831 2
0.2861 2
0.2890 2
0.2920 2
0.2949 2
0.2979 2
