0.0000 4
0.0010 3
0.0028 3
0.0051 3
0.0075 3
0.0099 3
0.0123 3
0.0146 3
0.0170 3
0.0193 3
0.0217 3
0.0240 3
0.0264 3
0.0287 3
0.0311 3
0.0334 3
0.0358 3
0.0381 3
0.0405 3
0.0429 3
0.0452 3
0.0476 3
0.0499 3
0.0523 3
0.0546 3
0.0569 3
0.0593 3
0.0616 3
0.0639 3
0.0663 3
0.0686 3
0.0709 3
0.0733 3
0.0756 3
0.0779 3
0.0803 3
0.0826 3
0.0849 3
0.0872 3
0.0896 3
0.0919 3
0.0942 3
0.0965 3
0.0989 3
0.1012 3
0.1036 3
0.1061 3
0.1096 3
0.1125 3
0.1151 3
0.1174 3
0.1199 3
0.1224 3
0.1248 3
0.1273 3
0.1297 3
0.1322 3
0.1346 3
0.1370 3
0.1395 3
0.1419 3
0.1444 3
0.1469 3
0.1492 3
0.1519 3
0.1549 3
0.1573 3
0.1598 3
0.1623 3
0.1647 3
0.1671 3
0.1695 3
0.1720 3
0.1744 3
0.1768 3
0.1793 3
0.1816 3
0.1841 3
0.1866 3
0.1890 3
0.1914 3
0.1938 3
0.1962 3
0.1986 3
0.2010 3
0.2035 3
0.2059 3
0.2083 3
0.2107 3
0.2130 3
0.2154 3
0.2178 3
0.2201 3
0.2225 3
0.2248 3
0.2272 3
0.2295 3
0.2318 3
0.2342 3
0.2365 3
0.2388 3
0.2412 3
