0.0000 3
0.0022 2
0.0026 2
0.0050 2
0.0073 2
0.0097 2
0.0121 2
0.0145 2
0.0169 2
0.0192 2
0.0216 2
0.0239 2
0.0263 2
0.0287 2
0.0312 2
0.0335 2
0.0358 2
0.0381 2
0.0404 2
0.0427 2
0.0451 2
0.0474 2
0.0497 2
0.0520 2
0.0544 2
0.0567 2
0.0590 2
0.0613 2
0.0636 2
0.0659 2
0.0683 2
0.0706 2
0.0729 2
0.0752 2
0.0776 2
0.0799 2
0.0821 2
0.0846 2
0.0869 2
0.0892 2
0.0915 2
0.0939 2
0.0962 2
0.0985 2
0.1008 2
0.1031 2
0.1054 2
0.1077 2
0.1100 2
0.1123 2
0.1146 2
0.1169 2
0.1192 2
0.1214 2
0.1237 2
0.1260 2
0.1283 2
0.1306 2
0.1328 2
0.1351 2
0.1374 2
0.1397 2
0.1420 2
0.1442 2
0.1465 2
0.1488 2
0.1511 2
0.1533 2
0.1556 2
0.1579 2
0.1602 2
0.1625 2
0.1648 2
0.1671 2
0.1694 2
0.1717 2
0.1740 2
0.1763 2
0.1786 2
0.1809 2
0.1832 2
0.1855 2
0.1877 2
0.1900 2
0.1923 2
0.1946 2
0.1969 2
0.1992 2
0.2015 2
0.2039 2
0.2063 2
0.2087 2
0.2110 2
0.2134 2
0.2157 2
0.2180 2
0.2203 2
0.2226 2
0.2249 2
0.2272 2
0.2297 2
0.2320 2
