0.0000 3
0.0015 2
0.0027 2
0.0052 2
0.0075 2
0.0099 2
0.0123 2
0.0147 2
0.0170 2
0.0194 2
0.0217 2
0.0241 2
0.0265 2
0.0288 2
0.0312 2
0.0335 2
0.0358 2
0.0382 2
0.0405 2
0.0428 2
0.0452 2
0.0475 2
0.0499 2
0.0522 2
0.0545 2
0.0569 2
0.0592 2
0.0615 2
0.0639 2
0.0662 2
0.0685 2
0.0708 2
0.0732 2
0.0755 2
0.0778 2
0.0802 2
0.0825 2
0.0848 2
0.0871 2
0.0895 2
0.0918 2
0.0941 2
0.0965 2
0.0988 2
0.1011 2
0.1034 2
0.1058 2
0.1081 2
0.1104 2
0.1127 2
0.1151 2
0.1174 2
0.1197 2
0.1221 2
0.1244 2
0.1267 2
0.1290 2
0.1314 2
0.1337 2
0.1360 2
0.1383 2
0.1406 2
0.1430 2
0.1453 2
0.1476 2
0.1499 2
0.1523 2
0.1546 2
0.1569 2
0.1592 2
0.1616 2
0.1639 2
0.1662 2
0.1685 2
0.1708 2
0.1732 2
0.1755 2
0.1778 2
0.1802 2
0.1825 2
0.1848 2
0.1871 2
0.1894 2
0.1918 2
0.1941 2
0.1964 2
0.1987 2
0.2010 2
0.2033 2
0.2056 2
0.2080 2
0.2104 2
0.2127 2
0.2150 2
0.2173 2
0.2196 2
0.2220 2
0.2243 2
0.2266 2
0.2290 2
0.2313 2
0.2336 2
