0.0000 6
0.0016 5
0.0034 5
0.0064 5
0.0096 5
0.0127 5
0.0158 5
0.0189 5
0.0220 5
0.0251 5
0.0282 5
0.0313 5
0.0343 5
0.0374 5
0.0406 5
0.0437 5
0.0468 5
0.0499 5
0.0530 5
0.0562 5
0.0593 5
0.0623 5
0.0655 5
0.0686 5
0.0716 5
0.0747 5
0.0777 5
0.0808 5
0.0838 5
0.0869 5
0.0899 5
0.0931 5
0.0961 5
0.0992 5
0.1022 5
0.1052 5
0.1083 5
0.1113 5
0.1144 5
0.1174 5
0.1204 5
0.1234 5
0.1265 5
0.1295 5
0.1325 5
0.1356 5
0.1386 5
0.1417 5
0.1447 5
0.1477 5
0.1508 5
0.1538 5
0.1569 5
0.1600 5
0.1630 5
0.1661 5
0.1691 5
0.1722 5
0.1753 5
0.1783 5
0.1814 5
0.1844 5
0.1874 5
0.1905 5
0.1935 5
0.1966 5
0.1996 5
0.2027 5
0.2057 5
0.2088 5
0.2119 5
0.2150 5
0.2180 5
0.2210 5
0.2241 5
0.2271 5
0.2302 5
0.2332 5
0.2363 5
0.2393 5
0.2424 5
0.2454 5
0.2485 5
0.2515 5
0.2545 5
0.2576 5
0.2606 5
0.2637 5
0.2668 5
0.2698 5
0.2729 5
0.2759 5
0.2789 5
0.2820 5
0.2850 5
0.2880 5
0.2910 5
0.2941 5
0.2973 5
0.3005 5
0.3035 5
0.3065 5
