0.0000 6
0.0034 6
0.0046 5
0.0065 5
0.0097 5
0.0128 5
0.0159 5
0.0190 5
0.0222 5
0.0254 5
0.0285 5
0.0316 5
0.0347 5
0.0378 5
0.0410 5
0.0441 5
0.0472 5
0.0503 5
0.0533 5
0.0565 5
0.0596 5
0.0627 5
0.0658 5
0.0688 5
0.0719 5
0.0750 5
0.0781 5
0.0812 5
0.0842 5
0.0873 5
0.0904 5
0.0935 5
0.0965 5
0.0996 5
0.1027 5
0.1058 5
0.1089 5
0.1119 5
0.1150 5
0.1182 5
0.1213 5
0.1244 5
0.1274 5
0.1305 5
0.1336 5
0.1367 5
0.1398 5
0.1429 5
0.1459 5
0.1490 5
0.1521 5
0.1551 5
0.1582 5
0.1613 5
0.1645 5
0.1676 5
0.1707 5
0.1737 5
0.1768 5
0.1799 5
0.1830 5
0.1861 5
0.1892 5
0.1922 5
0.1953 5
0.1984 5
0.2015 5
0.2045 5
0.2077 5
0.2109 5
0.2140 5
0.2171 5
0.2201 5
0.2232 5
0.2263 5
0.2294 5
0.2325 5
0.2356 5
0.2387 5
0.2418 5
0.2449 5
0.2479 5
0.2510 5
0.2541 5
0.2572 5
0.2603 5
0.2633 5
0.2664 5
0.2695 5
0.2726 5
0.2756 5
0.2787 5
0.2818 5
0.2849 5
0.2879 5
0.2910 5
0.2941 5
0.2971 5
0.3002 5
0.3035 5
0.3066 5
0.3099 5
0.3132 5
