0.0000 4
0.0033 4
0.0058 4
0.0083 4
0.0108 4
0.0133 4
0.0158 4
0.0183 4
0.0208 4
0.0233 4
0.0259 4
0.0284 4
0.0309 4
0.0333 4
0.0358 4
0.0382 4
0.0407 4
0.0432 4
0.0456 4
0.0481 4
0.0505 4
0.0530 4
0.0554 4
0.0579 4
0.0604 4
0.0628 4
0.0653 4
0.0677 4
0.0702 4
0.0726 4
0.0751 4
0.0775 4
0.0800 4
0.0825 4
0.0849 4
0.0874 4
0.0899 4
0.0923 4
0.0948 4
0.0973 4
0.0997 4
0.1022 4
0.1046 4
0.1071 4
0.1095 4
0.1120 4
0.1144 4
0.1169 4
0.1193 4
0.1218 4
0.1242 4
0.1267 4
0.1291 4
0.1316 4
0.1340 4
0.1365 4
0.1389 4
0.1414 4
0.1438 4
0.1462 4
0.1487 4
0.1511 4
0.1535 4
0.1560 4
0.1584 4
0.1609 4
0.1633 4
0.1658 4
0.1682 4
0.1707 4
0.1731 4
0.1756 4
0.1780 4
0.1805 4
0.1829 4
0.1854 4
0.1878 4
0.1903 4
0.1927 4
0.1952 4
0.1977 4
0.2001 4
0.2026 4
0.2050 4
0.2076 4
0.2100 4
0.2125 4
0.2149 4
0.2174 4
0.2198 4
0.2223 4
0.2247 4
0.2273 4
0.2298 4
0.2322 4
0.2347 4
0.2371 4
0.2396 4
0.2421 4
0.2445 4
0.2471 4
