0.0000 4
0.0027 4
0.0053 4
0.0078 4
0.0103 4
0.0129 4
0.0153 4
0.0179 4
0.0204 4
0.0229 4
0.0254 4
0.0279 4
0.0304 4
0.0329 4
0.0354 4
0.0379 4
0.0404 4
0.0429 4
0.0454 4
0.0480 4
0.0505 4
0.0530 4
0.0555 4
0.0580 4
0.0605 4
0.0630 4
0.0655 4
0.0680 4
0.0705 4
0.0731 4
0.0755 4
0.0780 4
0.0805 4
0.0830 4
0.0855 4
0.0880 4
0.0904 4
0.0929 4
0.0954 4
0.0979 4
0.1004 4
0.1029 4
0.1055 4
0.1080 4
0.1106 4
0.1130 4
0.1155 4
0.1181 4
0.1206 4
0.1230 4
0.1255 4
0.1280 4
0.1305 4
0.1330 4
0.1354 4
0.1379 4
0.1404 4
0.1429 4
0.1453 4
0.1478 4
0.1503 4
0.1527 4
0.1552 4
0.1576 4
0.1601 4
0.1626 4
0.1651 4
0.1676 4
0.1701 4
0.1726 4
0.1750 4
0.1775 4
0.1800 4
0.1825 4
0.1850 4
0.1875 4
0.1899 4
0.1924 4
0.1949 4
0.1974 4
0.1998 4
0.2023 4
0.2047 4
0.2072 4
0.2096 4
0.2121 4
0.2146 4
0.2170 4
0.2195 4
0.2219 4
0.2244 4
0.2268 4
0.2293 4
0.2318 4
0.2343 4
0.2368 4
0.2393 4
0.2417 4
0.2442 4
0.2467 4
0.2492 4
