0.0000 3
0.0004 2
0.0025 2
0.0050 2
0.0074 2
0.0098 2
0.0122 2
0.0146 2
0.0169 2
0.0192 2
0.0217 2
0.0240 2
0.0263 2
0.0288 2
0.0311 2
0.0334 2
0.0357 2
0.0381 2
0.0404 2
0.0427 2
0.0451 2
0.0474 2
0.0498 2
0.0521 2
0.0544 2
0.0568 2
0.0591 2
0.0614 2
0.0638 2
0.0661 2
0.0684 2
0.0707 2
0.0731 2
0.0754 2
0.0777 2
0.0800 2
0.0823 2
0.0846 2
0.0869 2
0.0892 2
0.0915 2
0.0938 2
0.0961 2
0.0984 2
0.1008 2
0.1031 2
0.1054 2
0.1077 2
0.1100 2
0.1123 2
0.1146 2
0.1169 2
0.1192 2
0.1215 2
0.1238 2
0.1261 2
0.1284 2
0.1307 2
0.1330 2
0.1353 2
0.1377 2
0.1401 2
0.1424 2
0.1447 2
0.1470 2
0.1493 2
0.1517 2
0.1540 2
0.1563 2
0.1586 2
0.1609 2
0.1632 2
0.1655 2
0.1679 2
0.1702 2
0.1726 2
0.1749 2
0.1773 2
0.1796 2
0.1819 2
0.1842 2
0.1865 2
0.1889 2
0.1912 2
0.1935 2
0.1958 2
0.1981 2
0.2004 2
0.2027 2
0.2050 2
0.2073 2
0.2097 2
0.2120 2
0.2143 2
0.2166 2
0.2189 2
0.2212 2
0.2235 2
0.2258 2
0.2281 2
0.2304 2
0.2327 2
