0.0000 3
0.0033 3
0.0063 3
0.0094 3
0.0123 3
0.0153 3
0.0183 3
0.0213 3
0.0243 3
0.0273 3
0.0302 3
0.0332 3
0.0363 3
0.0392 3
0.0421 3
0.0451 3
0.0480 3
0.0509 3
0.0539 3
0.0568 3
0.0597 3
0.0627 3
0.0656 3
0.0685 3
0.0714 3
0.0744 3
0.0773 3
0.0802 3
0.0832 3
0.0861 3
0.0890 3
0.0920 3
0.0949 3
0.0978 3
0.1007 3
0.1036 3
0.1065 3
0.1095 3
0.1124 3
0.1153 3
0.1182 3
0.1212 3
0.1241 3
0.1270 3
0.1299 3
0.1328 3
0.1358 3
0.1387 3
0.1416 3
0.1446 3
0.1475 3
0.1504 3
0.1533 3
0.1562 3
0.1592 3
0.1621 3
0.1650 3
0.1679 3
0.1708 3
0.1738 3
0.1767 3
0.1796 3
0.1825 3
0.1854 3
0.1885 3
0.1914 3
0.1943 3
0.1972 3
0.2002 3
0.2031 3
0.2060 3
0.2090 3
0.2120 3
0.2149 3
0.2178 3
0.2207 3
0.2237 3
0.2266 3
0.2297 3
0.2326 3
0.2356 3
0.2385 3
0.2415 3
0.2445 3
0.2475 3
0.2504 3
0.2533 3
0.2562 3
0.2591 3
0.2620 3
0.2650 3
0.2679 3
0.2708 3
0.2737 3
0.2766 3
0.2795 3
0.2824 3
0.2853 3
0.2883 3
0.2912 3
0.2941 3
