0.0000 3
0.0027 3
0.0052 3
0.0076 3
0.0101 3
0.0125 3
0.0149 3
0.0174 3
0.0197 3
0.0221 3
0.0245 3
0.0268 3
0.0292 3
0.0315 3
0.0339 3
0.0363 3
0.0386 3
0.0410 3
0.0433 3
0.0457 3
0.0480 3
0.0504 3
0.0527 3
0.0551 3
0.0575 3
0.0598 3
0.0622 3
0.0645 3
0.0669 3
0.0693 3
0.0717 3
0.0741 3
0.0764 3
0.0788 3
0.0812 3
0.0835 3
0.0859 3
0.0883 3
0.0906 3
0.0931 3
0.0955 3
0.0978 3
0.1002 3
0.1026 3
0.1049 3
0.1073 3
0.1097 3
0.1120 3
0.1144 3
0.1168 3
0.1191 3
0.1215 3
0.1239 3
0.1262 3
0.1286 3
0.1310 3
0.1334 3
0.1357 3
0.1381 3
0.1404 3
0.1428 3
0.1452 3
0.1476 3
0.1499 3
0.1523 3
0.1547 3
0.1570 3
0.1594 3
0.1617 3
0.1641 3
0.1664 3
0.1688 3
0.1712 3
0.1737 3
0.1761 3
0.1785 3
0.1808 3
0.1832 3
0.1856 3
0.1880 3
0.1903 3
0.1927 3
0.1951 3
0.1975 3
0.1999 3
0.2022 3
0.2046 3
0.2069 3
0.2093 3
0.2117 3
0.2140 3
0.2164 3
0.2188 3
0.2211 3
0.2235 3
0.2259 3
0.2282 3
0.2306 3
0.2330 3
0.2353 3
0.2377 3
