0.0000 3
0.0011 2
0.0034 2
0.0063 2
0.0091 2
0.0119 2
0.0148 2
0.0176 2
0.0203 2
0.0231 2
0.0258 2
0.0286 2
0.0314 2
0.0341 2
0.0369 2
0.0397 2
0.0424 2
0.0452 2
0.0480 2
0.0507 2
0.0535 2
0.0563 2
0.0590 2
0.0618 2
0.0646 2
0.0673 2
0.0702 2
0.0730 2
0.0757 2
0.0785 2
0.0812 2
0.0839 2
0.0867 2
0.0894 2
0.0922 2
0.0949 2
0.0977 2
0.1004 2
0.1032 2
0.1059 2
0.1087 2
0.1114 2
0.1142 2
0.1169 2
0.1196 2
0.1224 2
0.1252 2
0.1280 2
0.1307 2
0.1337 2
0.1365 2
0.1393 2
0.1420 2
0.1448 2
0.1476 2
0.1503 2
0.1531 2
0.1558 2
0.1586 2
0.1614 2
0.1641 2
0.1669 2
0.1697 2
0.1724 2
0.1752 2
0.1780 2
0.1808 2
0.1835 2
0.1863 2
0.1891 2
0.1918 2
0.1947 2
0.1975 2
0.2002 2
0.2030 2
0.2058 2
0.2086 2
0.2114 2
0.2141 2
0.2169 2
0.2196 2
0.2224 2
0.2251 2
0.2279 2
0.2306 2
0.2334 2
0.2361 2
0.2389 2
0.2416 2
0.2444 2
0.2471 2
0.2499 2
0.2526 2
0.2554 2
0.2582 2
0.2611 2
0.2640 2
0.2671 2
0.2700 2
0.2729 2
0.2757 2
0.2786 2
