0.0000 4
0.0018 3
0.0038 3
0.0068 3
0.0099 3
0.0129 3
0.0159 3
0.0189 3
0.0218 3
0.0248 3
0.0278 3
0.0307 3
0.0337 3
0.0367 3
0.0397 3
0.0426 3
0.0456 3
0.0486 3
0.0515 3
0.0545 3
0.0574 3
0.0604 3
0.0634 3
0.0664 3
0.0693 3
0.0723 3
0.0753 3
0.0782 3
0.0812 3
0.0842 3
0.0871 3
0.0901 3
0.0931 3
0.0961 3
0.0990 3
0.1020 3
0.1050 3
0.1080 3
0.1110 3
0.1140 3
0.1169 3
0.1199 3
0.1228 3
0.1258 3
0.1288 3
0.1318 3
0.1347 3
0.1377 3
0.1406 3
0.1436 3
0.1466 3
0.1495 3
0.1525 3
0.1555 3
0.1584 3
0.1614 3
0.1644 3
0.1673 3
0.1703 3
0.1732 3
0.1762 3
0.1792 3
0.1821 3
0.1851 3
0.1880 3
0.1910 3
0.1941 3
0.1970 3
0.2000 3
0.2030 3
0.2060 3
0.2090 3
0.2119 3
0.2149 3
0.2179 3
0.2208 3
0.2238 3
0.2268 3
0.2298 3
0.2328 3
0.2357 3
0.2387 3
0.2417 3
0.2446 3
0.2476 3
0.2505 3
0.2535 3
0.2565 3
0.2594 3
0.2625 3
0.2654 3
0.2684 3
0.2714 3
0.2745 3
0.2775 3
0.2805 3
0.2834 3
0.2864 3
0.2893 3
0.2923 3
0.2952 3
0.2982 3
