0.0000 4
0.0032 4
0.0057 4
0.0083 4
0.0109 4
0.0134 4
0.0160 4
0.0185 4
0.0211 4
0.0236 4
0.0261 4
0.0286 4
0.0311 4
0.0336 4
0.0361 4
0.0386 4
0.0411 4
0.0436 4
0.0461 4
0.0486 4
0.0511 4
0.0535 4
0.0560 4
0.0585 4
0.0610 4
0.0635 4
0.0660 4
0.0684 4
0.0709 4
0.0734 4
0.0759 4
0.0783 4
0.0808 4
0.0832 4
0.0857 4
0.0882 4
0.0906 4
0.0931 4
0.0955 4
0.0980 4
0.1005 4
0.1029 4
0.1054 4
0.1078 4
0.1103 4
0.1127 4
0.1152 4
0.1177 4
0.1201 4
0.1226 4
0.1250 4
0.1275 4
0.1300 4
0.1324 4
0.1349 4
0.1373 4
0.1398 4
0.1426 4
0.1450 4
0.1475 4
0.1500 4
0.1524 4
0.1549 4
0.1573 4
0.1598 4
0.1622 4
0.1647 4
0.1672 4
0.1697 4
0.1722 4
0.1746 4
0.1771 4
0.1796 4
0.1821 4
0.1845 4
0.1870 4
0.1895 4
0.1919 4
0.1944 4
0.1970 4
0.1994 4
0.2019 4
0.2043 4
0.2069 4
0.2094 4
0.2118 4
0.2143 4
0.2168 4
0.2192 4
0.2217 4
0.2242 4
0.2267 4
0.2292 4
0.2317 4
0.2341 4
0.2366 4
0.2391 4
0.2416 4
0.2440 4
0.2465 4
0.2489 4
