0.0000 4
0.0028 4
0.0038 3
0.0054 3
0.0079 3
0.0104 3
0.0129 3
0.0155 3
0.0179 3
0.0205 3
0.0230 3
0.0255 3
0.0280 3
0.0304 3
0.0335 3
0.0359 3
0.0384 3
0.0409 3
0.0433 3
0.0458 3
0.0482 3
0.0507 3
0.0532 3
0.0556 3
0.0581 3
0.0605 3
0.0630 3
0.0654 3
0.0679 3
0.0703 3
0.0728 3
0.0752 3
0.0777 3
0.0802 3
0.0826 3
0.0851 3
0.0876 3
0.0900 3
0.0925 3
0.0950 3
0.0974 3
0.0999 3
0.1024 3
0.1048 3
0.1073 3
0.1098 3
0.1123 3
0.1147 3
0.1172 3
0.1196 3
0.1221 3
0.1246 3
0.1271 3
0.1296 3
0.1321 3
0.1346 3
0.1370 3
0.1395 3
0.1420 3
0.1444 3
0.1469 3
0.1493 3
0.1518 3
0.1543 3
0.1567 3
0.1592 3
0.1617 3
0.1641 3
0.1666 3
0.1691 3
0.1716 3
0.1741 3
0.1765 3
0.1790 3
0.1814 3
0.1839 3
0.1863 3
0.1888 3
0.1913 3
0.1937 3
0.1962 3
0.1987 3
0.2011 3
0.2036 3
0.2061 3
0.2085 3
0.2110 3
0.2134 3
0.2159 3
0.2184 3
0.2208 3
0.2233 3
0.2257 3
0.2282 3
0.2307 3
0.2331 3
0.2356 3
0.2381 3
0.2405 3
0.2430 3
0.2455 3
0.2479 3
0.2504 3
