0.0000 4
0.0028 4
0.0054 4
0.0079 4
0.0104 4
0.0130 4
0.0154 4
0.0180 4
0.0205 4
0.0230 4
0.0255 4
0.0280 4
0.0305 4
0.0330 4
0.0355 4
0.0380 4
0.0405 4
0.0430 4
0.0455 4
0.0480 4
0.0505 4
0.0530 4
0.0555 4
0.0580 4
0.0605 4
0.0630 4
0.0655 4
0.0680 4
0.0706 4
0.0731 4
0.0755 4
0.0781 4
0.0806 4
0.0830 4
0.0855 4
0.0880 4
0.0905 4
0.0929 4
0.0954 4
0.0979 4
0.1004 4
0.1029 4
0.1054 4
0.1079 4
0.1103 4
0.1128 4
0.1153 4
0.1178 4
0.1203 4
0.1228 4
0.1252 4
0.1277 4
0.1302 4
0.1327 4
0.1352 4
0.1376 4
0.1402 4
0.1427 4
0.1452 4
0.1477 4
0.1502 4
0.1526 4
0.1551 4
0.1576 4
0.1600 4
0.1625 4
0.1650 4
0.1674 4
0.1699 4
0.1724 4
0.1749 4
0.1773 4
0.1798 4
0.1822 4
0.1847 4
0.1871 4
0.1896 4
0.1921 4
0.1945 4
0.1970 4
0.1995 4
0.2020 4
0.2045 4
0.2069 4
0.2094 4
0.2119 4
0.2144 4
0.2169 4
0.2193 4
0.2218 4
0.2243 4
0.2268 4
0.2292 4
0.2317 4
0.2343 4
0.2368 4
0.2392 4
0.2417 4
0.2442 4
0.2467 4
0.2491 4
