0.0000 6
0.0027 5
0.0035 5
0.0067 5
0.0098 5
0.0130 5
0.0168 5
0.0200 5
0.0231 5
0.0263 5
0.0295 5
0.0326 5
0.0358 5
0.0389 5
0.0421 5
0.0453 5
0.0485 5
0.0517 5
0.0548 5
0.0580 5
0.0612 5
0.0644 5
0.0675 5
0.0707 5
0.0738 5
0.0769 5
0.0800 5
0.0831 5
0.0862 5
0.0894 5
0.0925 5
0.0957 5
0.0988 5
0.1019 5
0.1050 5
0.1081 5
0.1113 5
0.1144 5
0.1175 5
0.1207 5
0.1238 5
0.1269 5
0.1300 5
0.1336 5
0.1368 5
0.1400 5
0.1431 5
0.1463 5
0.1494 5
0.1525 5
0.1557 5
0.1588 5
0.1620 5
0.1652 5
0.1684 5
0.1716 5
0.1750 5
0.1783 5
0.1815 5
0.1847 5
0.1878 5
0.1910 5
0.1943 5
0.1974 5
0.2006 5
0.2037 5
0.2068 5
0.2100 5
0.2131 5
0.2163 5
0.2194 5
0.2225 5
0.2257 5
0.2288 5
0.2319 5
0.2351 5
0.2382 5
0.2413 5
0.2445 5
0.2476 5
0.2508 5
0.2540 5
0.2571 5
0.2603 5
0.2634 5
0.2666 5
0.2697 5
0.2729 5
0.2760 5
0.2791 5
0.2822 5
0.2854 5
0.2885 5
0.2916 5
0.2948 5
0.2979 5
0.3011 5
0.3042 5
0.3074 5
0.3105 5
0.3136 5
0.3167 5
