0.0000 3
0.0013 2
0.0030 2
0.0054 2
0.0077 2
0.0101 2
0.0124 2
0.0149 2
0.0172 2
0.0196 2
0.0220 2
0.0243 2
0.0266 2
0.0290 2
0.0313 2
0.0336 2
0.0359 2
0.0382 2
0.0406 2
0.0429 2
0.0452 2
0.0475 2
0.0498 2
0.0521 2
0.0544 2
0.0567 2
0.0590 2
0.0614 2
0.0637 2
0.0660 2
0.0683 2
0.0706 2
0.0729 2
0.0752 2
0.0775 2
0.0798 2
0.0822 2
0.0845 2
0.0868 2
0.0891 2
0.0914 2
0.0937 2
0.0960 2
0.0984 2
0.1007 2
0.1030 2
0.1053 2
0.1076 2
0.1099 2
0.1122 2
0.1145 2
0.1168 2
0.1191 2
0.1214 2
0.1237 2
0.1260 2
0.1283 2
0.1306 2
0.1329 2
0.1352 2
0.1375 2
0.1398 2
0.1421 2
0.1444 2
0.1467 2
0.1490 2
0.1513 2
0.1536 2
0.1559 2
0.1582 2
0.1605 2
0.1628 2
0.1651 2
0.1674 2
0.1697 2
0.1720 2
0.1743 2
0.1766 2
0.1789 2
0.1812 2
0.1835 2
0.1857 2
0.1880 2
0.1903 2
0.1926 2
0.1950 2
0.1973 2
0.1996 2
0.2019 2
0.2042 2
0.2066 2
0.2089 2
0.2112 2
0.2135 2
0.2158 2
0.2181 2
0.2204 2
0.2227 2
0.2250 2
0.2273 2
0.2296 2
0.2319 2
