0.0000 3
0.0014 2
0.0036 2
0.0063 2
0.0091 2
0.0119 2
0.0146 2
0.0174 2
0.0202 2
0.0229 2
0.0256 2
0.0283 2
0.0310 2
0.0337 2
0.0364 2
0.0391 2
0.0418 2
0.0445 2
0.0472 2
0.0499 2
0.0526 2
0.0553 2
0.0580 2
0.0607 2
0.0634 2
0.0661 2
0.0688 2
0.0714 2
0.0741 2
0.0768 2
0.0796 2
0.0822 2
0.0849 2
0.0876 2
0.0903 2
0.0930 2
0.0957 2
0.0984 2
0.1011 2
0.1038 2
0.1065 2
0.1093 2
0.1120 2
0.1147 2
0.1174 2
0.1201 2
0.1228 2
0.1255 2
0.1282 2
0.1309 2
0.1336 2
0.1363 2
0.1390 2
0.1416 2
0.1443 2
0.1470 2
0.1497 2
0.1524 2
0.1551 2
0.1578 2
0.1605 2
0.1632 2
0.1659 2
0.1686 2
0.1713 2
0.1740 2
0.1767 2
0.1794 2
0.1821 2
0.1848 2
0.1876 2
0.1903 2
0.1930 2
0.1957 2
0.1986 2
0.2013 2
0.2040 2
0.2067 2
0.2095 2
0.2121 2
0.2148 2
0.2175 2
0.2202 2
0.2228 2
0.2255 2
0.2282 2
0.2309 2
0.2336 2
0.2363 2
0.2389 2
0.2416 2
0.2443 2
0.2470 2
0.2496 2
0.2523 2
0.2550 2
0.2577 2
0.2604 2
0.2631 2
0.2658 2
0.2684 2
0.2711 2
