0.0000 5
0.0012 4
0.0031 4
0.0061 4
0.0091 4
0.0119 4
0.0149 4
0.0178 4
0.0207 4
0.0236 4
0.0264 4
0.0294 4
0.0323 4
0.0351 4
0.0381 4
0.0409 4
0.0438 4
0.0466 4
0.0495 4
0.0523 4
0.0552 4
0.0581 4
0.0610 4
0.0638 4
0.0668 4
0.0696 4
0.0725 4
0.0753 4
0.0782 4
0.0811 4
0.0840 4
0.0868 4
0.0897 4
0.0925 4
0.0954 4
0.0982 4
0.1012 4
0.1040 4
0.1068 4
0.1097 4
0.1125 4
0.1154 4
0.1182 4
0.1211 4
0.1240 4
0.1268 4
0.1297 4
0.1325 4
0.1353 4
0.1382 4
0.1410 4
0.1439 4
0.1467 4
0.1497 4
0.1526 4
0.1555 4
0.1585 4
0.1614 4
0.1643 4
0.1672 4
0.1701 4
0.1731 4
0.1759 4
0.1788 4
0.1816 4
0.1845 4
0.1873 4
0.1902 4
0.1931 4
0.1959 4
0.1988 4
0.2017 4
0.2046 4
0.2075 4
0.2103 4
0.2132 4
0.2160 4
0.2189 4
0.2217 4
0.2246 4
0.2274 4
0.2303 4
0.2331 4
0.2360 4
0.2388 4
0.2417 4
0.2445 4
0.2473 4
0.2502 4
0.2531 4
0.2559 4
0.2588 4
0.2617 4
0.2645 4
0.2674 4
0.2702 4
0.2731 4
0.2759 4
0.2788 4
0.2816 4
0.2845 4
0.2873 4
