0.0000 3
0.0006 2
0.0030 2
0.0057 2
0.0083 2
0.0113 2
0.0140 2
0.0168 2
0.0196 2
0.0224 2
0.0251 2
0.0279 2
0.0307 2
0.0334 2
0.0362 2
0.0390 2
0.0417 2
0.0444 2
0.0472 2
0.0499 2
0.0527 2
0.0554 2
0.0581 2
0.0608 2
0.0635 2
0.0662 2
0.0689 2
0.0716 2
0.0743 2
0.0769 2
0.0797 2
0.0823 2
0.0850 2
0.0877 2
0.0904 2
0.0931 2
0.0958 2
0.0985 2
0.1012 2
0.1039 2
0.1066 2
0.1093 2
0.1120 2
0.1147 2
0.1174 2
0.1200 2
0.1227 2
0.1254 2
0.1281 2
0.1308 2
0.1335 2
0.1361 2
0.1389 2
0.1415 2
0.1443 2
0.1470 2
0.1497 2
0.1523 2
0.1550 2
0.1577 2
0.1604 2
0.1631 2
0.1658 2
0.1685 2
0.1713 2
0.1740 2
0.1767 2
0.1794 2
0.1821 2
0.1848 2
0.1874 2
0.1902 2
0.1928 2
0.1955 2
0.1982 2
0.2009 2
0.2036 2
0.2064 2
0.2091 2
0.2118 2
0.2145 2
0.2172 2
0.2199 2
0.2227 2
0.2254 2
0.2281 2
0.2308 2
0.2335 2
0.2363 2
0.2391 2
0.2418 2
0.2445 2
0.2473 2
0.2500 2
0.2527 2
0.2554 2
0.2582 2
0.2609 2
0.2636 2
0.2664 2
0.2691 2
0.2718 2
