0.0000 5
0.0035 5
0.0066 5
0.0097 5
0.0127 5
0.0163 5
0.0194 5
0.0224 5
0.0256 5
0.0287 5
0.0317 5
0.0348 5
0.0379 5
0.0409 5
0.0440 5
0.0470 5
0.0501 5
0.0531 5
0.0562 5
0.0593 5
0.0624 5
0.0654 5
0.0686 5
0.0716 5
0.0747 5
0.0778 5
0.0809 5
0.0840 5
0.0870 5
0.0900 5
0.0931 5
0.0961 5
0.0991 5
0.1022 5
0.1052 5
0.1084 5
0.1117 5
0.1148 5
0.1179 5
0.1209 5
0.1240 5
0.1270 5
0.1302 5
0.1332 5
0.1362 5
0.1393 5
0.1423 5
0.1453 5
0.1484 5
0.1514 5
0.1544 5
0.1575 5
0.1605 5
0.1635 5
0.1665 5
0.1696 5
0.1726 5
0.1757 5
0.1787 5
0.1817 5
0.1848 5
0.1878 5
0.1909 5
0.1939 5
0.1969 5
0.2000 5
0.2030 5
0.2060 5
0.2090 5
0.2120 5
0.2151 5
0.2181 5
0.2211 5
0.2241 5
0.2271 5
0.2301 5
0.2332 5
0.2362 5
0.2392 5
0.2422 5
0.2452 5
0.2483 5
0.2513 5
0.2543 5
0.2573 5
0.2603 5
0.2633 5
0.2664 5
0.2694 5
0.2724 5
0.2754 5
0.2784 5
0.2815 5
0.2845 5
0.2875 5
0.2905 5
0.2935 5
0.2965 5
0.2995 5
0.3026 5
0.3056 5
