0.0000 5
0.0007 4
0.0032 4
0.0059 4
0.0085 4
0.0111 4
0.0137 4
0.0163 4
0.0189 4
0.0215 4
0.0241 4
0.0268 4
0.0294 4
0.0319 4
0.0345 4
0.0370 4
0.0396 4
0.0421 4
0.0447 4
0.0472 4
0.0497 4
0.0523 4
0.0548 4
0.0573 4
0.0599 4
0.0625 4
0.0650 4
0.0675 4
0.0701 4
0.0726 4
0.0752 4
0.0777 4
0.0803 4
0.0828 4
0.0854 4
0.0879 4
0.0904 4
0.0930 4
0.0955 4
0.0981 4
0.1006 4
0.1032 4
0.1057 4
0.1082 4
0.1108 4
0.1133 4
0.1158 4
0.1184 4
0.1209 4
0.1234 4
0.1260 4
0.1285 4
0.1310 4
0.1336 4
0.1361 4
0.1386 4
0.1411 4
0.1436 4
0.1462 4
0.1487 4
0.1512 4
0.1537 4
0.1562 4
0.1588 4
0.1613 4
0.1638 4
0.1663 4
0.1689 4
0.1714 4
0.1739 4
0.1764 4
0.1789 4
0.1814 4
0.1840 4
0.1865 4
0.1890 4
0.1915 4
0.1941 4
0.1966 4
0.1991 4
0.2016 4
0.2042 4
0.2067 4
0.2092 4
0.2117 4
0.2142 4
0.2168 4
0.2193 4
0.2218 4
0.2244 4
0.2269 4
0.2295 4
0.2320 4
0.2345 4
0.2371 4
0.2396 4
0.2421 4
0.2446 4
0.2471 4
0.2497 4
0.2522 4
0.2547 4
