0.0000 4
0.0004 3
0.0027 3
0.0051 3
0.0076 3
0.0101 3
0.0126 3
0.0150 3
0.0176 3
0.0200 3
0.0225 3
0.0250 3
0.0274 3
0.0298 3
0.0322 3
0.0346 3
0.0371 3
0.0395 3
0.0419 3
0.0443 3
0.0468 3
0.0492 3
0.0516 3
0.0540 3
0.0564 3
0.0588 3
0.0612 3
0.0636 3
0.0660 3
0.0684 3
0.0709 3
0.0733 3
0.0757 3
0.0782 3
0.0806 3
0.0832 3
0.0856 3
0.0881 3
0.0906 3
0.0931 3
0.0956 3
0.0980 3
0.1005 3
0.1029 3
0.1054 3
0.1078 3
0.1102 3
0.1126 3
0.1151 3
0.1175 3
0.1199 3
0.1223 3
0.1247 3
0.1271 3
0.1296 3
0.1320 3
0.1344 3
0.1369 3
0.1393 3
0.1417 3
0.1441 3
0.1465 3
0.1490 3
0.1514 3
0.1538 3
0.1562 3
0.1586 3
0.1610 3
0.1634 3
0.1658 3
0.1683 3
0.1706 3
0.1731 3
0.1755 3
0.1779 3
0.1803 3
0.1827 3
0.1851 3
0.1875 3
0.1899 3
0.1923 3
0.1947 3
0.1971 3
0.1995 3
0.2019 3
0.2043 3
0.2068 3
0.2092 3
0.2116 3
0.2140 3
0.2167 3
0.2191 3
0.2215 3
0.2238 3
0.2262 3
0.2286 3
0.2310 3
0.2334 3
0.2358 3
0.2382 3
0.2406 3
0.2429 3
