0.0000 3
0.0025 2
0.0031 2
0.0059 2
0.0087 2
0.0114 2
0.0142 2
0.0170 2
0.0197 2
0.0224 2
0.0252 2
0.0280 2
0.0307 2
0.0334 2
0.0361 2
0.0388 2
0.0415 2
0.0442 2
0.0469 2
0.0496 2
0.0523 2
0.0550 2
0.0577 2
0.0604 2
0.0631 2
0.0658 2
0.0685 2
0.0711 2
0.0738 2
0.0765 2
0.0792 2
0.0819 2
0.0846 2
0.0873 2
0.0900 2
0.0927 2
0.0954 2
0.0981 2
0.1008 2
0.1035 2
0.1062 2
0.1089 2
0.1116 2
0.1143 2
0.1170 2
0.1198 2
0.1228 2
0.1255 2
0.1283 2
0.1310 2
0.1338 2
0.1366 2
0.1393 2
0.1420 2
0.1448 2
0.1475 2
0.1502 2
0.1529 2
0.1556 2
0.1583 2
0.1611 2
0.1640 2
0.1669 2
0.1696 2
0.1723 2
0.1750 2
0.1777 2
0.1804 2
0.1831 2
0.1858 2
0.1885 2
0.1911 2
0.1938 2
0.1965 2
0.1992 2
0.2019 2
0.2046 2
0.2073 2
0.2101 2
0.2128 2
0.2155 2
0.2182 2
0.2209 2
0.2236 2
0.2263 2
0.2290 2
0.2318 2
0.2345 2
0.2372 2
0.2399 2
0.2426 2
0.2453 2
0.2480 2
0.2508 2
0.2535 2
0.2562 2
0.2589 2
0.2616 2
0.2643 2
0.2670 2
0.2697 2
0.2724 2
