0.0000 6
0.0008 5
0.0033 5
0.0057 5
0.0082 5
0.0107 5
0.0133 5
0.0157 5
0.0182 5
0.0206 5
0.0230 5
0.0255 5
0.0279 5
0.0304 5
0.0328 5
0.0352 5
0.0377 5
0.0401 5
0.0425 5
0.0450 5
0.0474 5
0.0498 5
0.0522 5
0.0546 5
0.0570 5
0.0595 5
0.0619 5
0.0643 5
0.0667 5
0.0691 5
0.0715 5
0.0739 5
0.0763 5
0.0787 5
0.0811 5
0.0836 5
0.0859 5
0.0884 5
0.0908 5
0.0932 5
0.0956 5
0.0980 5
0.1004 5
0.1028 5
0.1052 5
0.1077 5
0.1101 5
0.1125 5
0.1149 5
0.1173 5
0.1197 5
0.1221 5
0.1245 5
0.1270 5
0.1294 5
0.1318 5
0.1342 5
0.1366 5
0.1390 5
0.1414 5
0.1439 5
0.1463 5
0.1487 5
0.1511 5
0.1536 5
0.1560 5
0.1584 5
0.1608 5
0.1632 5
0.1657 5
0.1681 5
0.1705 5
0.1729 5
0.1754 5
0.1778 5
0.1802 5
0.1826 5
0.1851 5
0.1875 5
0.1899 5
0.1923 5
0.1947 5
0.1971 5
0.1996 5
0.2020 5
0.2044 5
0.2068 5
0.2093 5
0.2117 5
0.2141 5
0.2166 5
0.2190 5
0.2215 5
0.2239 5
0.2263 5
0.2287 5
0.2311 5
0.2335 5
0.2359 5
0.2383 5
0.2408 5
0.2433 5
