0.0000 5
0.0033 5
0.0063 5
0.0093 5
0.0124 5
0.0154 5
0.0185 5
0.0215 5
0.0245 5
0.0274 5
0.0304 5
0.0333 5
0.0363 5
0.0392 5
0.0422 5
0.0451 5
0.0480 5
0.0511 5
0.0540 5
0.0570 5
0.0599 5
0.0628 5
0.0658 5
0.0687 5
0.0716 5
0.0745 5
0.0775 5
0.0804 5
0.0833 5
0.0863 5
0.0892 5
0.0922 5
0.0951 5
0.0980 5
0.1010 5
0.1039 5
0.1068 5
0.1097 5
0.1127 5
0.1156 5
0.1185 5
0.1214 5
0.1244 5
0.1273 5
0.1302 5
0.1331 5
0.1361 5
0.1390 5
0.1419 5
0.1448 5
0.1477 5
0.1506 5
0.1536 5
0.1565 5
0.1594 5
0.1623 5
0.1653 5
0.1682 5
0.1711 5
0.1741 5
0.1770 5
0.1799 5
0.1828 5
0.1857 5
0.1887 5
0.1916 5
0.1945 5
0.1974 5
0.2003 5
0.2032 5
0.2062 5
0.2091 5
0.2120 5
0.2149 5
0.2178 5
0.2207 5
0.2237 5
0.2266 5
0.2295 5
0.2324 5
0.2353 5
0.2382 5
0.2411 5
0.2441 5
0.2470 5
0.2499 5
0.2529 5
0.2558 5
0.2587 5
0.2617 5
0.2646 5
0.2675 5
0.2704 5
0.2734 5
0.2763 5
0.2792 5
0.2822 5
0.2851 5
0.2880 5
0.2910 5
0.2939 5
