0.0000 4
0.0022 3
0.0029 3
0.0054 3
0.0079 3
0.0103 3
0.0128 3
0.0153 3
0.0177 3
0.0202 3
0.0226 3
0.0250 3
0.0274 3
0.0298 3
0.0323 3
0.0347 3
0.0371 3
0.0395 3
0.0419 3
0.0443 3
0.0468 3
0.0492 3
0.0516 3
0.0540 3
0.0564 3
0.0588 3
0.0613 3
0.0637 3
0.0661 3
0.0685 3
0.0709 3
0.0735 3
0.0759 3
0.0783 3
0.0807 3
0.0831 3
0.0856 3
0.0880 3
0.0904 3
0.0929 3
0.0953 3
0.0977 3
0.1001 3
0.1025 3
0.1049 3
0.1073 3
0.1098 3
0.1122 3
0.1146 3
0.1170 3
0.1194 3
0.1218 3
0.1243 3
0.1267 3
0.1291 3
0.1315 3
0.1339 3
0.1364 3
0.1388 3
0.1412 3
0.1436 3
0.1460 3
0.1484 3
0.1508 3
0.1533 3
0.1557 3
0.1581 3
0.1605 3
0.1629 3
0.1653 3
0.1678 3
0.1702 3
0.1726 3
0.1750 3
0.1774 3
0.1798 3
0.1823 3
0.1847 3
0.1871 3
0.1895 3
0.1919 3
0.1943 3
0.1967 3
0.1991 3
0.2015 3
0.2039 3
0.2063 3
0.2088 3
0.2112 3
0.2136 3
0.2160 3
0.2184 3
0.2209 3
0.2233 3
0.2257 3
0.2281 3
0.2305 3
0.2329 3
0.2353 3
0.2377 3
0.2402 3
0.2426 3
