0.0000 3
0.0003 2
0.0025 2
0.0050 2
0.0074 2
0.0098 2
0.0122 2
0.0145 2
0.0170 2
0.0194 2
0.0217 2
0.0241 2
0.0265 2
0.0288 2
0.0311 2
0.0334 2
0.0357 2
0.0381 2
0.0404 2
0.0427 2
0.0450 2
0.0473 2
0.0496 2
0.0520 2
0.0543 2
0.0566 2
0.0589 2
0.0613 2
0.0636 2
0.0659 2
0.0682 2
0.0705 2
0.0728 2
0.0751 2
0.0774 2
0.0797 2
0.0820 2
0.0844 2
0.0867 2
0.0890 2
0.0913 2
0.0936 2
0.0959 2
0.0982 2
0.1005 2
0.1028 2
0.1051 2
0.1075 2
0.1098 2
0.1121 2
0.1144 2
0.1167 2
0.1190 2
0.1213 2
0.1237 2
0.1261 2
0.1285 2
0.1308 2
0.1331 2
0.1354 2
0.1377 2
0.1400 2
0.1423 2
0.1447 2
0.1470 2
0.1493 2
0.1516 2
0.1539 2
0.1562 2
0.1585 2
0.1608 2
0.1632 2
0.1655 2
0.1678 2
0.1701 2
0.1724 2
0.1747 2
0.1770 2
0.1794 2
0.1817 2
0.1840 2
0.1863 2
0.1886 2
0.1910 2
0.1933 2
0.1956 2
0.1979 2
0.2002 2
0.2025 2
0.2048 2
0.2072 2
0.2095 2
0.2118 2
0.2141 2
0.2164 2
0.2188 2
0.2211 2
0.2234 2
0.2257 2
0.2281 2
0.2304 2
0.2327 2
