0.0000 6
0.0016 5
0.0030 5
0.0055 5
0.0080 5
0.0106 5
0.0131 5
0.0156 5
0.0182 5
0.0207 5
0.0232 5
0.0258 5
0.0283 5
0.0308 5
0.0333 5
0.0358 5
0.0383 5
0.0408 5
0.0433 5
0.0458 5
0.0483 5
0.0509 5
0.0534 5
0.0559 5
0.0584 5
0.0609 5
0.0634 5
0.0659 5
0.0684 5
0.0709 5
0.0735 5
0.0760 5
0.0784 5
0.0809 5
0.0834 5
0.0859 5
0.0884 5
0.0909 5
0.0934 5
0.0959 5
0.0984 5
0.1009 5
0.1033 5
0.1058 5
0.1083 5
0.1108 5
0.1133 5
0.1158 5
0.1183 5
0.1209 5
0.1234 5
0.1259 5
0.1284 5
0.1309 5
0.1333 5
0.1358 5
0.1383 5
0.1408 5
0.1433 5
0.1458 5
0.1482 5
0.1507 5
0.1535 5
0.1561 5
0.1589 5
0.1615 5
0.1641 5
0.1667 5
0.1693 5
0.1719 5
0.1745 5
0.1771 5
0.1797 5
0.1823 5
0.1848 5
0.1873 5
0.1899 5
0.1924 5
0.1950 5
0.1976 5
0.2001 5
0.2026 5
0.2052 5
0.2077 5
0.2102 5
0.2127 5
0.2152 5
0.2177 5
0.2202 5
0.2227 5
0.2252 5
0.2277 5
0.2302 5
0.2327 5
0.2351 5
0.2376 5
0.2401 5
0.2426 5
0.2452 5
0.2477 5
0.2502 5
0.2527 5
