0.0000 4
0.0038 4
0.0064 3
0.0069 3
0.0100 3
0.0131 3
0.0161 3
0.0192 3
0.0222 3
0.0252 3
0.0282 3
0.0313 3
0.0343 3
0.0374 3
0.0404 3
0.0435 3
0.0465 3
0.0495 3
0.0525 3
0.0556 3
0.0586 3
0.0616 3
0.0647 3
0.0677 3
0.0709 3
0.0740 3
0.0772 3
0.0802 3
0.0833 3
0.0865 3
0.0896 3
0.0927 3
0.0957 3
0.0988 3
0.1019 3
0.1049 3
0.1079 3
0.1110 3
0.1140 3
0.1170 3
0.1200 3
0.1231 3
0.1261 3
0.1291 3
0.1321 3
0.1351 3
0.1381 3
0.1412 3
0.1442 3
0.1472 3
0.1502 3
0.1532 3
0.1562 3
0.1592 3
0.1623 3
0.1653 3
0.1684 3
0.1714 3
0.1744 3
0.1774 3
0.1804 3
0.1834 3
0.1865 3
0.1896 3
0.1926 3
0.1956 3
0.1987 3
0.2017 3
0.2048 3
0.2078 3
0.2109 3
0.2140 3
0.2170 3
0.2200 3
0.2230 3
0.2261 3
0.2291 3
0.2321 3
0.2352 3
0.2382 3
0.2412 3
0.2443 3
0.2473 3
0.2503 3
0.2534 3
0.2564 3
0.2595 3
0.2625 3
0.2655 3
0.2686 3
0.2716 3
0.2746 3
0.2777 3
0.2807 3
0.2837 3
0.2867 3
0.2898 3
0.2928 3
0.2958 3
0.2988 3
0.3018 3
0.3048 3
0.3078 3
