0.0000 3
0.0028 3
0.0052 3
0.0077 3
0.0101 3
0.0126 3
0.0151 3
0.0176 3
0.0201 3
0.0225 3
0.0250 3
0.0274 3
0.0299 3
0.0329 3
0.0353 3
0.0377 3
0.0401 3
0.0426 3
0.0450 3
0.0475 3
0.0499 3
0.0523 3
0.0547 3
0.0571 3
0.0595 3
0.0620 3
0.0644 3
0.0668 3
0.0692 3
0.0716 3
0.0740 3
0.0764 3
0.0788 3
0.0813 3
0.0837 3
0.0861 3
0.0885 3
0.0909 3
0.0933 3
0.0957 3
0.0981 3
0.1005 3
0.1029 3
0.1053 3
0.1078 3
0.1102 3
0.1126 3
0.1150 3
0.1174 3
0.1198 3
0.1222 3
0.1246 3
0.1270 3
0.1294 3
0.1318 3
0.1343 3
0.1367 3
0.1391 3
0.1415 3
0.1439 3
0.1463 3
0.1487 3
0.1511 3
0.1535 3
0.1559 3
0.1583 3
0.1607 3
0.1631 3
0.1655 3
0.1679 3
0.1703 3
0.1727 3
0.1751 3
0.1775 3
0.1799 3
0.1823 3
0.1847 3
0.1871 3
0.1895 3
0.1918 3
0.1942 3
0.1966 3
0.1990 3
0.2014 3
0.2038 3
0.2062 3
0.2086 3
0.2109 3
0.2133 3
0.2157 3
0.2181 3
0.2205 3
0.2229 3
0.2253 3
0.2278 3
0.2302 3
0.2325 3
0.2349 3
0.2373 3
0.2397 3
0.2420 3
