0.0000 4
0.0031 4
0.0060 4
0.0089 4
0.0117 4
0.0146 4
0.0174 4
0.0203 4
0.0231 4
0.0259 4
0.0288 4
0.0316 4
0.0345 4
0.0373 4
0.0401 4
0.0429 4
0.0458 4
0.0486 4
0.0514 4
0.0542 4
0.0571 4
0.0599 4
0.0627 4
0.0655 4
0.0684 4
0.0712 4
0.0740 4
0.0769 4
0.0797 4
0.0825 4
0.0853 4
0.0881 4
0.0910 4
0.0938 4
0.0966 4
0.0994 4
0.1022 4
0.1051 4
0.1079 4
0.1108 4
0.1136 4
0.1164 4
0.1192 4
0.1220 4
0.1248 4
0.1276 4
0.1305 4
0.1333 4
0.1361 4
0.1389 4
0.1417 4
0.1445 4
0.1473 4
0.1501 4
0.1529 4
0.1558 4
0.1586 4
0.1614 4
0.1642 4
0.1670 4
0.1698 4
0.1726 4
0.1754 4
0.1782 4
0.1810 4
0.1838 4
0.1866 4
0.1895 4
0.1923 4
0.1951 4
0.1980 4
0.2008 4
0.2036 4
0.2065 4
0.2093 4
0.2121 4
0.2149 4
0.2177 4
0.2207 4
0.2235 4
0.2264 4
0.2292 4
0.2320 4
0.2348 4
0.2377 4
0.2405 4
0.2433 4
0.2461 4
0.2489 4
0.2517 4
0.2545 4
0.2573 4
0.2601 4
0.2630 4
0.2658 4
0.2686 4
0.2714 4
0.2743 4
0.2771 4
0.2799 4
0.2827 4
