0.0000 3
0.0010 2
0.0031 2
0.0055 2
0.0078 2
0.0102 2
0.0126 2
0.0150 2
0.0173 2
0.0197 2
0.0221 2
0.0244 2
0.0267 2
0.0290 2
0.0314 2
0.0337 2
0.0360 2
0.0383 2
0.0406 2
0.0430 2
0.0456 2
0.0480 2
0.0503 2
0.0526 2
0.0551 2
0.0574 2
0.0597 2
0.0620 2
0.0643 2
0.0666 2
0.0689 2
0.0712 2
0.0735 2
0.0758 2
0.0781 2
0.0805 2
0.0828 2
0.0851 2
0.0874 2
0.0897 2
0.0920 2
0.0943 2
0.0966 2
0.0990 2
0.1013 2
0.1036 2
0.1059 2
0.1083 2
0.1106 2
0.1129 2
0.1152 2
0.1175 2
0.1198 2
0.1222 2
0.1245 2
0.1268 2
0.1291 2
0.1314 2
0.1337 2
0.1360 2
0.1384 2
0.1407 2
0.1430 2
0.1453 2
0.1476 2
0.1499 2
0.1522 2
0.1545 2
0.1568 2
0.1591 2
0.1614 2
0.1637 2
0.1660 2
0.1683 2
0.1706 2
0.1730 2
0.1753 2
0.1776 2
0.1799 2
0.1822 2
0.1846 2
0.1869 2
0.1892 2
0.1915 2
0.1939 2
0.1962 2
0.1985 2
0.2008 2
0.2032 2
0.2055 2
0.2079 2
0.2102 2
0.2125 2
0.2149 2
0.2172 2
0.2195 2
0.2218 2
0.2241 2
0.2264 2
0.2287 2
0.2310 2
0.2333 2
