0.0000 4
0.0032 4
0.0062 4
0.0090 4
0.0119 4
0.0148 4
0.0177 4
0.0206 4
0.0234 4
0.0264 4
0.0292 4
0.0321 4
0.0350 4
0.0379 4
0.0407 4
0.0436 4
0.0465 4
0.0493 4
0.0521 4
0.0552 4
0.0581 4
0.0609 4
0.0637 4
0.0665 4
0.0693 4
0.0722 4
0.0750 4
0.0778 4
0.0806 4
0.0835 4
0.0863 4
0.0891 4
0.0919 4
0.0948 4
0.0976 4
0.1004 4
0.1033 4
0.1061 4
0.1089 4
0.1117 4
0.1145 4
0.1174 4
0.1202 4
0.1230 4
0.1259 4
0.1287 4
0.1315 4
0.1344 4
0.1373 4
0.1401 4
0.1429 4
0.1457 4
0.1485 4
0.1514 4
0.1542 4
0.1570 4
0.1599 4
0.1627 4
0.1655 4
0.1683 4
0.1712 4
0.1740 4
0.1768 4
0.1797 4
0.1825 4
0.1853 4
0.1881 4
0.1909 4
0.1938 4
0.1966 4
0.1994 4
0.2023 4
0.2051 4
0.2080 4
0.2109 4
0.2138 4
0.2166 4
0.2194 4
0.2223 4
0.2251 4
0.2279 4
0.2307 4
0.2336 4
0.2364 4
0.2392 4
0.2420 4
0.2448 4
0.2476 4
0.2505 4
0.2533 4
0.2561 4
0.2589 4
0.2617 4
0.2645 4
0.2674 4
0.2702 4
0.2730 4
0.2759 4
0.2787 4
0.2815 4
0.2843 4
