0.0000 4
0.0011 3
0.0033 3
0.0064 3
0.0094 3
0.0124 3
0.0155 3
0.0186 3
0.0216 3
0.0246 3
0.0276 3
0.0307 3
0.0337 3
0.0367 3
0.0397 3
0.0427 3
0.0457 3
0.0487 3
0.0516 3
0.0546 3
0.0576 3
0.0606 3
0.0635 3
0.0665 3
0.0695 3
0.0728 3
0.0758 3
0.0788 3
0.0818 3
0.0848 3
0.0878 3
0.0908 3
0.0938 3
0.0968 3
0.0998 3
0.1027 3
0.1057 3
0.1087 3
0.1117 3
0.1147 3
0.1177 3
0.1207 3
0.1236 3
0.1267 3
0.1297 3
0.1327 3
0.1357 3
0.1387 3
0.1417 3
0.1447 3
0.1477 3
0.1507 3
0.1537 3
0.1567 3
0.1597 3
0.1627 3
0.1658 3
0.1687 3
0.1717 3
0.1747 3
0.1778 3
0.1808 3
0.1838 3
0.1869 3
0.1899 3
0.1929 3
0.1959 3
0.1989 3
0.2020 3
0.2050 3
0.2081 3
0.2111 3
0.2141 3
0.2171 3
0.2200 3
0.2230 3
0.2260 3
0.2290 3
0.2320 3
0.2350 3
0.2380 3
0.2410 3
0.2439 3
0.2469 3
0.2499 3
0.2529 3
0.2559 3
0.2589 3
0.2619 3
0.2649 3
0.2678 3
0.2708 3
0.2738 3
0.2768 3
0.2798 3
0.2828 3
0.2857 3
0.2887 3
0.2917 3
0.2947 3
0.2977 3
0.3007 3
