0.0000 6
0.0033 6
0.0047 5
0.0064 5
0.0094 5
0.0124 5
0.0154 5
0.0185 5
0.0214 5
0.0244 5
0.0274 5
0.0304 5
0.0334 5
0.0363 5
0.0394 5
0.0423 5
0.0454 5
0.0483 5
0.0513 5
0.0544 5
0.0573 5
0.0602 5
0.0632 5
0.0661 5
0.0691 5
0.0720 5
0.0749 5
0.0779 5
0.0809 5
0.0838 5
0.0868 5
0.0897 5
0.0927 5
0.0956 5
0.0985 5
0.1015 5
0.1044 5
0.1074 5
0.1103 5
0.1132 5
0.1162 5
0.1191 5
0.1220 5
0.1250 5
0.1280 5
0.1309 5
0.1338 5
0.1368 5
0.1397 5
0.1427 5
0.1457 5
0.1487 5
0.1516 5
0.1546 5
0.1577 5
0.1606 5
0.1636 5
0.1666 5
0.1697 5
0.1728 5
0.1757 5
0.1787 5
0.1816 5
0.1845 5
0.1875 5
0.1904 5
0.1934 5
0.1963 5
0.1993 5
0.2022 5
0.2052 5
0.2082 5
0.2111 5
0.2140 5
0.2170 5
0.2199 5
0.2229 5
0.2258 5
0.2287 5
0.2317 5
0.2346 5
0.2376 5
0.2405 5
0.2435 5
0.2464 5
0.2494 5
0.2523 5
0.2552 5
0.2582 5
0.2611 5
0.2640 5
0.2670 5
0.2699 5
0.2731 5
0.2762 5
0.2794 5
0.2825 5
0.2856 5
0.2886 5
0.2917 5
0.2947 5
0.2978 5
0.3008 5
