0.0000 4
0.0024 3
0.0037 3
0.0069 3
0.0102 3
0.0134 3
0.0164 3
0.0195 3
0.0225 3
0.0256 3
0.0286 3
0.0316 3
0.0346 3
0.0376 3
0.0407 3
0.0437 3
0.0467 3
0.0499 3
0.0532 3
0.0563 3
0.0593 3
0.0623 3
0.0654 3
0.0684 3
0.0714 3
0.0744 3
0.0774 3
0.0804 3
0.0834 3
0.0864 3
0.0894 3
0.0925 3
0.0955 3
0.0985 3
0.1015 3
0.1045 3
0.1075 3
0.1105 3
0.1136 3
0.1166 3
0.1196 3
0.1226 3
0.1257 3
0.1287 3
0.1317 3
0.1347 3
0.1377 3
0.1407 3
0.1437 3
0.1467 3
0.1497 3
0.1528 3
0.1558 3
0.1588 3
0.1618 3
0.1648 3
0.1678 3
0.1708 3
0.1739 3
0.1769 3
0.1799 3
0.1829 3
0.1860 3
0.1890 3
0.1920 3
0.1951 3
0.1981 3
0.2011 3
0.2041 3
0.2071 3
0.2101 3
0.2131 3
0.2161 3
0.2191 3
0.2222 3
0.2252 3
0.2282 3
0.2312 3
0.2343 3
0.2373 3
0.2403 3
0.2433 3
0.2463 3
0.2493 3
0.2523 3
0.2553 3
0.2584 3
0.2614 3
0.2644 3
0.2674 3
0.2705 3
0.2735 3
0.2765 3
0.2795 3
0.2825 3
0.2855 3
0.2885 3
0.2916 3
0.2946 3
0.2976 3
0.3006 3
0.3036 3
