0.0000 3
0.0012 2
0.0033 2
0.0063 2
0.0093 2
0.0122 2
0.0152 2
0.0183 2
0.0213 2
0.0242 2
0.0272 2
0.0302 2
0.0332 2
0.0362 2
0.0392 2
0.0422 2
0.0452 2
0.0481 2
0.0511 2
0.0540 2
0.0570 2
0.0599 2
0.0629 2
0.0659 2
0.0688 2
0.0717 2
0.0745 2
0.0774 2
0.0803 2
0.0832 2
0.0861 2
0.0889 2
0.0918 2
0.0947 2
0.0976 2
0.1005 2
0.1034 2
0.1062 2
0.1091 2
0.1120 2
0.1148 2
0.1177 2
0.1206 2
0.1235 2
0.1264 2
0.1293 2
0.1322 2
0.1352 2
0.1380 2
0.1410 2
0.1439 2
0.1468 2
0.1497 2
0.1526 2
0.1556 2
0.1586 2
0.1616 2
0.1645 2
0.1674 2
0.1704 2
0.1733 2
0.1762 2
0.1791 2
0.1820 2
0.1848 2
0.1877 2
0.1906 2
0.1934 2
0.1963 2
0.1992 2
0.2021 2
0.2049 2
0.2078 2
0.2107 2
0.2136 2
0.2165 2
0.2193 2
0.2222 2
0.2251 2
0.2280 2
0.2308 2
0.2337 2
0.2366 2
0.2395 2
0.2423 2
0.2452 2
0.2481 2
0.2510 2
0.2538 2
0.2567 2
0.2596 2
0.2624 2
0.2655 2
0.2685 2
0.2714 2
0.2742 2
0.2771 2
0.2800 2
0.2828 2
0.2857 2
0.2885 2
0.2914 2
