0.0000 3
0.0026 3
0.0051 3
0.0075 3
0.0100 3
0.0124 3
0.0149 3
0.0173 3
0.0197 3
0.0221 3
0.0244 3
0.0268 3
0.0294 3
0.0319 3
0.0343 3
0.0367 3
0.0390 3
0.0413 3
0.0437 3
0.0461 3
0.0485 3
0.0508 3
0.0532 3
0.0556 3
0.0580 3
0.0604 3
0.0627 3
0.0651 3
0.0674 3
0.0699 3
0.0724 3
0.0749 3
0.0773 3
0.0797 3
0.0820 3
0.0844 3
0.0867 3
0.0891 3
0.0914 3
0.0938 3
0.0962 3
0.0986 3
0.1011 3
0.1035 3
0.1059 3
0.1083 3
0.1107 3
0.1131 3
0.1155 3
0.1178 3
0.1202 3
0.1226 3
0.1250 3
0.1273 3
0.1297 3
0.1321 3
0.1344 3
0.1368 3
0.1391 3
0.1415 3
0.1439 3
0.1463 3
0.1487 3
0.1511 3
0.1534 3
0.1558 3
0.1582 3
0.1605 3
0.1629 3
0.1653 3
0.1676 3
0.1700 3
0.1724 3
0.1747 3
0.1771 3
0.1795 3
0.1819 3
0.1843 3
0.1866 3
0.1890 3
0.1914 3
0.1938 3
0.1961 3
0.1985 3
0.2009 3
0.2033 3
0.2056 3
0.2080 3
0.2104 3
0.2127 3
0.2151 3
0.2175 3
0.2199 3
0.2222 3
0.2246 3
0.2270 3
0.2294 3
0.2317 3
0.2341 3
0.2364 3
0.2388 3
