0.0000 3
0.0036 3
0.0067 3
0.0097 3
0.0127 3
0.0157 3
0.0187 3
0.0217 3
0.0247 3
0.0277 3
0.0307 3
0.0337 3
0.0370 3
0.0402 3
0.0433 3
0.0463 3
0.0493 3
0.0524 3
0.0554 3
0.0584 3
0.0613 3
0.0643 3
0.0673 3
0.0703 3
0.0732 3
0.0762 3
0.0791 3
0.0822 3
0.0855 3
0.0887 3
0.0917 3
0.0947 3
0.0977 3
0.1007 3
0.1037 3
0.1067 3
0.1097 3
0.1127 3
0.1157 3
0.1186 3
0.1216 3
0.1247 3
0.1280 3
0.1311 3
0.1344 3
0.1375 3
0.1406 3
0.1436 3
0.1466 3
0.1497 3
0.1527 3
0.1557 3
0.1587 3
0.1618 3
0.1648 3
0.1678 3
0.1708 3
0.1738 3
0.1769 3
0.1798 3
0.1828 3
0.1858 3
0.1888 3
0.1918 3
0.1947 3
0.1976 3
0.2006 3
0.2035 3
0.2065 3
0.2094 3
0.2124 3
0.2153 3
0.2183 3
0.2212 3
0.2244 3
0.2273 3
0.2303 3
0.2332 3
0.2362 3
0.2391 3
0.2421 3
0.2450 3
0.2480 3
0.2510 3
0.2540 3
0.2570 3
0.2599 3
0.2629 3
0.2658 3
0.2688 3
0.2718 3
0.2747 3
0.2777 3
0.2806 3
0.2836 3
0.2865 3
0.2895 3
0.2924 3
0.2954 3
0.2983 3
0.3013 3
