0.0000 4
0.0012 3
0.0036 3
0.0066 3
0.0096 3
0.0127 3
0.0157 3
0.0188 3
0.0218 3
0.0248 3
0.0278 3
0.0308 3
0.0337 3
0.0367 3
0.0397 3
0.0427 3
0.0457 3
0.0487 3
0.0516 3
0.0546 3
0.0576 3
0.0605 3
0.0635 3
0.0665 3
0.0694 3
0.0724 3
0.0753 3
0.0783 3
0.0813 3
0.0842 3
0.0873 3
0.0903 3
0.0933 3
0.0963 3
0.0993 3
0.1022 3
0.1052 3
0.1082 3
0.1111 3
0.1141 3
0.1170 3
0.1200 3
0.1230 3
0.1260 3
0.1290 3
0.1320 3
0.1350 3
0.1380 3
0.1410 3
0.1439 3
0.1469 3
0.1499 3
0.1529 3
0.1558 3
0.1588 3
0.1618 3
0.1648 3
0.1677 3
0.1707 3
0.1737 3
0.1766 3
0.1796 3
0.1826 3
0.1855 3
0.1886 3
0.1915 3
0.1945 3
0.1975 3
0.2005 3
0.2035 3
0.2065 3
0.2095 3
0.2124 3
0.2154 3
0.2186 3
0.2218 3
0.2248 3
0.2277 3
0.2307 3
0.2336 3
0.2366 3
0.2396 3
0.2425 3
0.2455 3
0.2484 3
0.2515 3
0.2544 3
0.2574 3
0.2605 3
0.2637 3
0.2668 3
0.2697 3
0.2727 3
0.2757 3
0.2786 3
0.2816 3
0.2846 3
0.2876 3
0.2905 3
0.2935 3
0.2964 3
0.2994 3
