0.0000 4
0.0040 4
0.0071 4
0.0102 4
0.0114 3
0.0132 3
0.0162 3
0.0193 3
0.0223 3
0.0253 3
0.0283 3
0.0313 3
0.0343 3
0.0373 3
0.0403 3
0.0435 3
0.0465 3
0.0496 3
0.0526 3
0.0556 3
0.0586 3
0.0616 3
0.0646 3
0.0676 3
0.0706 3
0.0736 3
0.0766 3
0.0796 3
0.0826 3
0.0856 3
0.0886 3
0.0916 3
0.0946 3
0.0976 3
0.1006 3
0.1037 3
0.1068 3
0.1098 3
0.1128 3
0.1159 3
0.1189 3
0.1219 3
0.1249 3
0.1279 3
0.1309 3
0.1339 3
0.1369 3
0.1399 3
0.1429 3
0.1459 3
0.1489 3
0.1520 3
0.1550 3
0.1580 3
0.1610 3
0.1640 3
0.1675 3
0.1708 3
0.1740 3
0.1771 3
0.1801 3
0.1833 3
0.1864 3
0.1895 3
0.1926 3
0.1957 3
0.1989 3
0.2020 3
0.2051 3
0.2082 3
0.2113 3
0.2144 3
0.2176 3
0.2207 3
0.2238 3
0.2269 3
0.2300 3
0.2331 3
0.2363 3
0.2396 3
0.2427 3
0.2458 3
0.2488 3
0.2519 3
0.2550 3
0.2580 3
0.2610 3
0.2641 3
0.2671 3
0.2702 3
0.2732 3
0.2762 3
0.2796 3
0.2828 3
0.2858 3
0.2888 3
0.2918 3
0.2948 3
0.2978 3
0.3008 3
0.3039 3
0.3069 3
0.3100 3
0.3130 3
0.3160 3
