0.0000 3
0.0029 2
0.0032 2
0.0056 2
0.0079 2
0.0103 2
0.0127 2
0.0150 2
0.0174 2
0.0197 2
0.0220 2
0.0244 2
0.0267 2
0.0291 2
0.0315 2
0.0339 2
0.0363 2
0.0386 2
0.0410 2
0.0433 2
0.0456 2
0.0480 2
0.0503 2
0.0526 2
0.0549 2
0.0573 2
0.0596 2
0.0619 2
0.0642 2
0.0666 2
0.0689 2
0.0712 2
0.0736 2
0.0759 2
0.0782 2
0.0805 2
0.0828 2
0.0851 2
0.0875 2
0.0899 2
0.0922 2
0.0945 2
0.0968 2
0.0992 2
0.1015 2
0.1038 2
0.1061 2
0.1085 2
0.1108 2
0.1131 2
0.1154 2
0.1177 2
0.1201 2
0.1224 2
0.1247 2
0.1271 2
0.1294 2
0.1318 2
0.1341 2
0.1364 2
0.1387 2
0.1410 2
0.1434 2
0.1457 2
0.1480 2
0.1503 2
0.1526 2
0.1549 2
0.1573 2
0.1596 2
0.1619 2
0.1642 2
0.1665 2
0.1688 2
0.1711 2
0.1734 2
0.1758 2
0.1781 2
0.1805 2
0.1828 2
0.1851 2
0.1874 2
0.1897 2
0.1920 2
0.1944 2
0.1968 2
0.1993 2
0.2020 2
0.2046 2
0.2071 2
0.2096 2
0.2121 2
0.2145 2
0.2168 2
0.2193 2
0.2217 2
0.2241 2
0.2265 2
0.2288 2
0.2313 2
0.2336 2
0.2361 2
