0.0000 3
0.0002 2
0.0033 2
0.0062 2
0.0091 2
0.0121 2
0.0150 2
0.0179 2
0.0208 2
0.0237 2
0.0265 2
0.0294 2
0.0323 2
0.0352 2
0.0380 2
0.0409 2
0.0438 2
0.0466 2
0.0495 2
0.0523 2
0.0552 2
0.0580 2
0.0609 2
0.0638 2
0.0666 2
0.0695 2
0.0723 2
0.0752 2
0.0781 2
0.0809 2
0.0837 2
0.0866 2
0.0895 2
0.0923 2
0.0952 2
0.0981 2
0.1009 2
0.1039 2
0.1067 2
0.1096 2
0.1125 2
0.1153 2
0.1183 2
0.1211 2
0.1240 2
0.1269 2
0.1298 2
0.1326 2
0.1355 2
0.1384 2
0.1412 2
0.1441 2
0.1470 2
0.1499 2
0.1527 2
0.1555 2
0.1584 2
0.1613 2
0.1641 2
0.1669 2
0.1698 2
0.1726 2
0.1756 2
0.1784 2
0.1813 2
0.1841 2
0.1870 2
0.1898 2
0.1927 2
0.1955 2
0.1984 2
0.2012 2
0.2041 2
0.2070 2
0.2098 2
0.2127 2
0.2155 2
0.2184 2
0.2212 2
0.2241 2
0.2270 2
0.2298 2
0.2327 2
0.2355 2
0.2384 2
0.2412 2
0.2441 2
0.2469 2
0.2498 2
0.2526 2
0.2555 2
0.2584 2
0.2612 2
0.2641 2
0.2669 2
0.2698 2
0.2726 2
0.2755 2
0.2783 2
0.2812 2
0.2841 2
0.2869 2
