0.0000 4
0.0037 4
0.0067 4
0.0075 3
0.0096 3
0.0126 3
0.0156 3
0.0185 3
0.0214 3
0.0244 3
0.0274 3
0.0303 3
0.0333 3
0.0363 3
0.0392 3
0.0422 3
0.0451 3
0.0481 3
0.0510 3
0.0540 3
0.0569 3
0.0599 3
0.0628 3
0.0658 3
0.0687 3
0.0715 3
0.0744 3
0.0773 3
0.0802 3
0.0831 3
0.0860 3
0.0888 3
0.0917 3
0.0946 3
0.0975 3
0.1004 3
0.1033 3
0.1062 3
0.1091 3
0.1120 3
0.1150 3
0.1180 3
0.1209 3
0.1238 3
0.1266 3
0.1295 3
0.1324 3
0.1353 3
0.1382 3
0.1411 3
0.1440 3
0.1469 3
0.1498 3
0.1527 3
0.1557 3
0.1589 3
0.1619 3
0.1648 3
0.1677 3
0.1706 3
0.1734 3
0.1764 3
0.1792 3
0.1821 3
0.1850 3
0.1879 3
0.1909 3
0.1937 3
0.1967 3
0.1995 3
0.2024 3
0.2053 3
0.2083 3
0.2112 3
0.2141 3
0.2170 3
0.2199 3
0.2228 3
0.2257 3
0.2286 3
0.2314 3
0.2343 3
0.2372 3
0.2401 3
0.2430 3
0.2459 3
0.2488 3
0.2516 3
0.2545 3
0.2574 3
0.2603 3
0.2632 3
0.2661 3
0.2690 3
0.2719 3
0.2748 3
0.2776 3
0.2805 3
0.2834 3
0.2863 3
0.2892 3
0.2920 3
0.2949 3
0.2978 3
