0.0000 4
0.0033 4
0.0035 3
0.0059 3
0.0085 3
0.0110 3
0.0136 3
0.0161 3
0.0186 3
0.0211 3
0.0237 3
0.0262 3
0.0288 3
0.0313 3
0.0343 3
0.0368 3
0.0393 3
0.0418 3
0.0443 3
0.0468 3
0.0493 3
0.0518 3
0.0542 3
0.0567 3
0.0591 3
0.0617 3
0.0641 3
0.0665 3
0.0690 3
0.0714 3
0.0739 3
0.0764 3
0.0788 3
0.0812 3
0.0837 3
0.0861 3
0.0887 3
0.0911 3
0.0936 3
0.0961 3
0.0985 3
0.1010 3
0.1035 3
0.1059 3
0.1084 3
0.1108 3
0.1133 3
0.1157 3
0.1182 3
0.1206 3
0.1231 3
0.1255 3
0.1280 3
0.1304 3
0.1330 3
0.1354 3
0.1379 3
0.1403 3
0.1428 3
0.1452 3
0.1477 3
0.1502 3
0.1526 3
0.1550 3
0.1575 3
0.1599 3
0.1624 3
0.1648 3
0.1673 3
0.1697 3
0.1722 3
0.1746 3
0.1770 3
0.1795 3
0.1819 3
0.1844 3
0.1869 3
0.1893 3
0.1918 3
0.1942 3
0.1967 3
0.1991 3
0.2016 3
0.2040 3
0.2065 3
0.2089 3
0.2114 3
0.2138 3
0.2163 3
0.2187 3
0.2212 3
0.2236 3
0.2260 3
0.2285 3
0.2309 3
0.2334 3
0.2359 3
0.2383 3
0.2408 3
0.2432 3
0.2457 3
0.2481 3
0.2505 3
