0.0000 3
0.0002 2
0.0025 2
0.0048 2
0.0071 2
0.0096 2
0.0119 2
0.0143 2
0.0165 2
0.0189 2
0.0212 2
0.0234 2
0.0258 2
0.0280 2
0.0302 2
0.0325 2
0.0347 2
0.0369 2
0.0391 2
0.0414 2
0.0436 2
0.0459 2
0.0481 2
0.0505 2
0.0530 2
0.0553 2
0.0576 2
0.0599 2
0.0621 2
0.0644 2
0.0666 2
0.0689 2
0.0711 2
0.0733 2
0.0756 2
0.0778 2
0.0801 2
0.0823 2
0.0845 2
0.0868 2
0.0891 2
0.0913 2
0.0935 2
0.0958 2
0.0980 2
0.1003 2
0.1025 2
0.1047 2
0.1069 2
0.1092 2
0.1114 2
0.1137 2
0.1160 2
0.1182 2
0.1204 2
0.1226 2
0.1249 2
0.1271 2
0.1293 2
0.1315 2
0.1338 2
0.1360 2
0.1382 2
0.1405 2
0.1427 2
0.1449 2
0.1472 2
0.1494 2
0.1516 2
0.1538 2
0.1561 2
0.1583 2
0.1605 2
0.1627 2
0.1650 2
0.1672 2
0.1694 2
0.1717 2
0.1739 2
0.1761 2
0.1783 2
0.1806 2
0.1828 2
0.1850 2
0.1873 2
0.1895 2
0.1917 2
0.1940 2
0.1962 2
0.1984 2
0.2007 2
0.2029 2
0.2051 2
0.2073 2
0.2096 2
0.2118 2
0.2140 2
0.2162 2
0.2185 2
0.2207 2
0.2229 2
0.2252 2
