0.0000 3
0.0009 2
0.0027 2
0.0050 2
0.0074 2
0.0098 2
0.0122 2
0.0147 2
0.0171 2
0.0195 2
0.0220 2
0.0244 2
0.0267 2
0.0291 2
0.0314 2
0.0338 2
0.0361 2
0.0384 2
0.0407 2
0.0431 2
0.0454 2
0.0477 2
0.0500 2
0.0524 2
0.0547 2
0.0570 2
0.0593 2
0.0616 2
0.0639 2
0.0662 2
0.0685 2
0.0709 2
0.0732 2
0.0755 2
0.0778 2
0.0801 2
0.0824 2
0.0847 2
0.0870 2
0.0893 2
0.0917 2
0.0940 2
0.0963 2
0.0986 2
0.1009 2
0.1032 2
0.1055 2
0.1079 2
0.1102 2
0.1125 2
0.1148 2
0.1171 2
0.1194 2
0.1218 2
0.1241 2
0.1264 2
0.1287 2
0.1310 2
0.1333 2
0.1356 2
0.1380 2
0.1403 2
0.1426 2
0.1449 2
0.1472 2
0.1495 2
0.1518 2
0.1541 2
0.1564 2
0.1587 2
0.1610 2
0.1634 2
0.1657 2
0.1681 2
0.1704 2
0.1728 2
0.1752 2
0.1775 2
0.1798 2
0.1822 2
0.1845 2
0.1870 2
0.1893 2
0.1917 2
0.1940 2
0.1963 2
0.1987 2
0.2010 2
0.2034 2
0.2057 2
0.2081 2
0.2105 2
0.2128 2
0.2152 2
0.2174 2
0.2198 2
0.2221 2
0.2244 2
0.2267 2
0.2290 2
0.2313 2
0.2337 2
