0.0000 6
0.0034 6
0.0040 5
0.0066 5
0.0097 5
0.0128 5
0.0164 5
0.0196 5
0.0226 5
0.0257 5
0.0288 5
0.0319 5
0.0350 5
0.0380 5
0.0411 5
0.0442 5
0.0473 5
0.0503 5
0.0534 5
0.0564 5
0.0595 5
0.0626 5
0.0657 5
0.0687 5
0.0718 5
0.0748 5
0.0779 5
0.0809 5
0.0840 5
0.0870 5
0.0901 5
0.0931 5
0.0962 5
0.0992 5
0.1022 5
0.1053 5
0.1083 5
0.1114 5
0.1145 5
0.1176 5
0.1206 5
0.1236 5
0.1267 5
0.1297 5
0.1328 5
0.1359 5
0.1389 5
0.1420 5
0.1450 5
0.1481 5
0.1511 5
0.1542 5
0.1572 5
0.1602 5
0.1633 5
0.1663 5
0.1694 5
0.1724 5
0.1754 5
0.1785 5
0.1815 5
0.1846 5
0.1877 5
0.1908 5
0.1938 5
0.1968 5
0.1999 5
0.2029 5
0.2060 5
0.2090 5
0.2121 5
0.2151 5
0.2182 5
0.2213 5
0.2243 5
0.2274 5
0.2304 5
0.2335 5
0.2365 5
0.2396 5
0.2426 5
0.2457 5
0.2487 5
0.2518 5
0.2548 5
0.2579 5
0.2609 5
0.2640 5
0.2670 5
0.2701 5
0.2731 5
0.2761 5
0.2792 5
0.2822 5
0.2853 5
0.2885 5
0.2916 5
0.2947 5
0.2978 5
0.3009 5
0.3040 5
0.3071 5
0.3103 5
