0.0000 3
0.0004 2
0.0027 2
0.0051 2
0.0075 2
0.0099 2
0.0122 2
0.0147 2
0.0171 2
0.0194 2
0.0218 2
0.0242 2
0.0265 2
0.0288 2
0.0317 2
0.0341 2
0.0364 2
0.0389 2
0.0414 2
0.0438 2
0.0461 2
0.0485 2
0.0508 2
0.0532 2
0.0555 2
0.0578 2
0.0602 2
0.0626 2
0.0649 2
0.0673 2
0.0696 2
0.0719 2
0.0743 2
0.0766 2
0.0790 2
0.0813 2
0.0837 2
0.0860 2
0.0884 2
0.0907 2
0.0930 2
0.0954 2
0.0977 2
0.1000 2
0.1024 2
0.1048 2
0.1071 2
0.1095 2
0.1118 2
0.1141 2
0.1165 2
0.1188 2
0.1211 2
0.1235 2
0.1258 2
0.1281 2
0.1305 2
0.1328 2
0.1352 2
0.1375 2
0.1399 2
0.1422 2
0.1446 2
0.1469 2
0.1492 2
0.1515 2
0.1538 2
0.1562 2
0.1585 2
0.1608 2
0.1632 2
0.1655 2
0.1680 2
0.1703 2
0.1727 2
0.1750 2
0.1773 2
0.1797 2
0.1820 2
0.1843 2
0.1866 2
0.1889 2
0.1912 2
0.1936 2
0.1959 2
0.1982 2
0.2005 2
0.2029 2
0.2052 2
0.2075 2
0.2099 2
0.2123 2
0.2146 2
0.2169 2
0.2193 2
0.2216 2
0.2240 2
0.2263 2
0.2286 2
0.2310 2
0.2333 2
0.2356 2
