0.0000 6
0.0036 6
0.0067 6
0.0090 5
0.0097 5
0.0128 5
0.0158 5
0.0189 5
0.0219 5
0.0249 5
0.0280 5
0.0310 5
0.0340 5
0.0371 5
0.0401 5
0.0431 5
0.0461 5
0.0491 5
0.0521 5
0.0551 5
0.0581 5
0.0611 5
0.0641 5
0.0671 5
0.0701 5
0.0730 5
0.0760 5
0.0790 5
0.0820 5
0.0850 5
0.0879 5
0.0909 5
0.0939 5
0.0969 5
0.0999 5
0.1029 5
0.1059 5
0.1089 5
0.1119 5
0.1148 5
0.1178 5
0.1208 5
0.1238 5
0.1267 5
0.1297 5
0.1327 5
0.1357 5
0.1387 5
0.1417 5
0.1447 5
0.1477 5
0.1507 5
0.1536 5
0.1566 5
0.1596 5
0.1626 5
0.1655 5
0.1687 5
0.1717 5
0.1747 5
0.1777 5
0.1807 5
0.1837 5
0.1867 5
0.1897 5
0.1926 5
0.1956 5
0.1986 5
0.2016 5
0.2045 5
0.2076 5
0.2106 5
0.2135 5
0.2166 5
0.2196 5
0.2226 5
0.2256 5
0.2286 5
0.2316 5
0.2345 5
0.2375 5
0.2406 5
0.2436 5
0.2466 5
0.2495 5
0.2525 5
0.2555 5
0.2585 5
0.2615 5
0.2645 5
0.2674 5
0.2705 5
0.2735 5
0.2764 5
0.2794 5
0.2824 5
0.2854 5
0.2884 5
0.2914 5
0.2944 5
0.2974 5
0.3003 5
0.3034 5
0.3064 5
