0.0000 3
0.0007 2
0.0030 2
0.0058 2
0.0085 2
0.0113 2
0.0140 2
0.0168 2
0.0195 2
0.0224 2
0.0251 2
0.0278 2
0.0305 2
0.0333 2
0.0359 2
0.0386 2
0.0414 2
0.0441 2
0.0468 2
0.0495 2
0.0522 2
0.0549 2
0.0576 2
0.0603 2
0.0629 2
0.0656 2
0.0683 2
0.0710 2
0.0737 2
0.0764 2
0.0791 2
0.0817 2
0.0844 2
0.0871 2
0.0898 2
0.0925 2
0.0952 2
0.0979 2
0.1006 2
0.1033 2
0.1059 2
0.1086 2
0.1113 2
0.1140 2
0.1167 2
0.1194 2
0.1221 2
0.1248 2
0.1275 2
0.1302 2
0.1328 2
0.1355 2
0.1382 2
0.1409 2
0.1436 2
0.1463 2
0.1493 2
0.1519 2
0.1547 2
0.1574 2
0.1600 2
0.1627 2
0.1655 2
0.1682 2
0.1709 2
0.1736 2
0.1763 2
0.1790 2
0.1817 2
0.1844 2
0.1871 2
0.1899 2
0.1926 2
0.1953 2
0.1980 2
0.2007 2
0.2034 2
0.2062 2
0.2090 2
0.2117 2
0.2144 2
0.2171 2
0.2198 2
0.2225 2
0.2252 2
0.2279 2
0.2306 2
0.2333 2
0.2360 2
0.2387 2
0.2414 2
0.2441 2
0.2468 2
0.2495 2
0.2522 2
0.2549 2
0.2576 2
0.2603 2
0.2630 2
0.2657 2
0.2684 2
0.2711 2
