0.0000 3
0.0027 2
0.0033 2
0.0062 2
0.0091 2
0.0122 2
0.0152 2
0.0182 2
0.0211 2
0.0241 2
0.0271 2
0.0299 2
0.0328 2
0.0357 2
0.0386 2
0.0415 2
0.0445 2
0.0475 2
0.0503 2
0.0532 2
0.0562 2
0.0592 2
0.0622 2
0.0651 2
0.0680 2
0.0709 2
0.0738 2
0.0767 2
0.0796 2
0.0825 2
0.0854 2
0.0883 2
0.0911 2
0.0940 2
0.0969 2
0.0998 2
0.1027 2
0.1056 2
0.1085 2
0.1114 2
0.1143 2
0.1171 2
0.1200 2
0.1229 2
0.1258 2
0.1287 2
0.1316 2
0.1345 2
0.1373 2
0.1402 2
0.1431 2
0.1461 2
0.1492 2
0.1521 2
0.1550 2
0.1579 2
0.1607 2
0.1636 2
0.1665 2
0.1694 2
0.1722 2
0.1751 2
0.1780 2
0.1809 2
0.1838 2
0.1868 2
0.1899 2
0.1929 2
0.1959 2
0.1988 2
0.2017 2
0.2047 2
0.2076 2
0.2106 2
0.2135 2
0.2163 2
0.2192 2
0.2221 2
0.2250 2
0.2279 2
0.2307 2
0.2336 2
0.2366 2
0.2394 2
0.2423 2
0.2452 2
0.2481 2
0.2510 2
0.2538 2
0.2567 2
0.2596 2
0.2625 2
0.2654 2
0.2683 2
0.2712 2
0.2741 2
0.2770 2
0.2802 2
0.2831 2
0.2860 2
0.2889 2
0.2918 2
