0.0000 4
0.0017 3
0.0034 3
0.0059 3
0.0084 3
0.0108 3
0.0133 3
0.0158 3
0.0182 3
0.0207 3
0.0230 3
0.0254 3
0.0278 3
0.0301 3
0.0325 3
0.0348 3
0.0372 3
0.0396 3
0.0420 3
0.0443 3
0.0467 3
0.0491 3
0.0515 3
0.0538 3
0.0562 3
0.0586 3
0.0609 3
0.0633 3
0.0657 3
0.0680 3
0.0704 3
0.0728 3
0.0751 3
0.0775 3
0.0798 3
0.0822 3
0.0846 3
0.0869 3
0.0893 3
0.0916 3
0.0940 3
0.0963 3
0.0987 3
0.1011 3
0.1034 3
0.1058 3
0.1082 3
0.1106 3
0.1129 3
0.1153 3
0.1177 3
0.1200 3
0.1224 3
0.1247 3
0.1271 3
0.1294 3
0.1318 3
0.1341 3
0.1365 3
0.1389 3
0.1413 3
0.1437 3
0.1461 3
0.1485 3
0.1509 3
0.1533 3
0.1556 3
0.1580 3
0.1604 3
0.1627 3
0.1651 3
0.1674 3
0.1698 3
0.1721 3
0.1745 3
0.1768 3
0.1792 3
0.1815 3
0.1839 3
0.1863 3
0.1887 3
0.1910 3
0.1934 3
0.1957 3
0.1981 3
0.2004 3
0.2028 3
0.2052 3
0.2076 3
0.2099 3
0.2123 3
0.2146 3
0.2170 3
0.2193 3
0.2217 3
0.2240 3
0.2264 3
0.2287 3
0.2311 3
0.2334 3
0.2357 3
0.2381 3
