0.0000 4
0.0013 3
0.0034 3
0.0066 3
0.0097 3
0.0128 3
0.0159 3
0.0190 3
0.0221 3
0.0252 3
0.0283 3
0.0314 3
0.0345 3
0.0376 3
0.0406 3
0.0437 3
0.0467 3
0.0498 3
0.0528 3
0.0559 3
0.0590 3
0.0620 3
0.0650 3
0.0681 3
0.0711 3
0.0742 3
0.0772 3
0.0802 3
0.0833 3
0.0863 3
0.0893 3
0.0923 3
0.0954 3
0.0984 3
0.1015 3
0.1045 3
0.1076 3
0.1107 3
0.1137 3
0.1168 3
0.1198 3
0.1229 3
0.1259 3
0.1289 3
0.1320 3
0.1350 3
0.1381 3
0.1412 3
0.1442 3
0.1473 3
0.1504 3
0.1534 3
0.1565 3
0.1595 3
0.1626 3
0.1656 3
0.1686 3
0.1717 3
0.1747 3
0.1778 3
0.1809 3
0.1839 3
0.1870 3
0.1901 3
0.1931 3
0.1962 3
0.1992 3
0.2023 3
0.2054 3
0.2084 3
0.2115 3
0.2145 3
0.2175 3
0.2205 3
0.2235 3
0.2265 3
0.2295 3
0.2325 3
0.2355 3
0.2385 3
0.2415 3
0.2445 3
0.2475 3
0.2505 3
0.2535 3
0.2565 3
0.2595 3
0.2626 3
0.2656 3
0.2686 3
0.2716 3
0.2746 3
0.2776 3
0.2806 3
0.2836 3
0.2866 3
0.2896 3
0.2926 3
0.2956 3
0.2990 3
0.3020 3
0.3050 3
