0.0000 3
0.0033 3
0.0062 3
0.0090 3
0.0120 3
0.0149 3
0.0177 3
0.0206 3
0.0234 3
0.0263 3
0.0291 3
0.0320 3
0.0348 3
0.0376 3
0.0405 3
0.0434 3
0.0462 3
0.0490 3
0.0518 3
0.0546 3
0.0575 3
0.0603 3
0.0631 3
0.0660 3
0.0688 3
0.0716 3
0.0744 3
0.0773 3
0.0801 3
0.0829 3
0.0857 3
0.0886 3
0.0914 3
0.0942 3
0.0971 3
0.0999 3
0.1027 3
0.1056 3
0.1084 3
0.1112 3
0.1140 3
0.1169 3
0.1197 3
0.1225 3
0.1253 3
0.1282 3
0.1310 3
0.1338 3
0.1366 3
0.1395 3
0.1423 3
0.1452 3
0.1480 3
0.1508 3
0.1536 3
0.1564 3
0.1593 3
0.1621 3
0.1650 3
0.1679 3
0.1707 3
0.1736 3
0.1765 3
0.1793 3
0.1822 3
0.1850 3
0.1878 3
0.1907 3
0.1935 3
0.1963 3
0.1991 3
0.2020 3
0.2048 3
0.2077 3
0.2105 3
0.2133 3
0.2162 3
0.2190 3
0.2218 3
0.2246 3
0.2274 3
0.2302 3
0.2330 3
0.2359 3
0.2387 3
0.2415 3
0.2443 3
0.2471 3
0.2500 3
0.2528 3
0.2556 3
0.2584 3
0.2612 3
0.2641 3
0.2670 3
0.2698 3
0.2726 3
0.2754 3
0.2782 3
0.2810 3
0.2838 3
