0.0000 6
0.0033 6
0.0059 6
0.0084 6
0.0110 6
0.0130 5
0.0136 5
0.0161 5
0.0187 5
0.0212 5
0.0237 5
0.0262 5
0.0287 5
0.0312 5
0.0338 5
0.0363 5
0.0388 5
0.0413 5
0.0437 5
0.0462 5
0.0487 5
0.0512 5
0.0537 5
0.0562 5
0.0587 5
0.0612 5
0.0637 5
0.0661 5
0.0686 5
0.0711 5
0.0736 5
0.0761 5
0.0786 5
0.0811 5
0.0836 5
0.0860 5
0.0885 5
0.0911 5
0.0936 5
0.0961 5
0.0985 5
0.1011 5
0.1036 5
0.1061 5
0.1086 5
0.1111 5
0.1136 5
0.1161 5
0.1185 5
0.1210 5
0.1235 5
0.1260 5
0.1285 5
0.1310 5
0.1335 5
0.1360 5
0.1385 5
0.1410 5
0.1435 5
0.1460 5
0.1485 5
0.1510 5
0.1535 5
0.1559 5
0.1584 5
0.1609 5
0.1634 5
0.1659 5
0.1684 5
0.1709 5
0.1733 5
0.1758 5
0.1783 5
0.1808 5
0.1833 5
0.1858 5
0.1883 5
0.1907 5
0.1932 5
0.1957 5
0.1982 5
0.2007 5
0.2032 5
0.2058 5
0.2084 5
0.2109 5
0.2134 5
0.2159 5
0.2184 5
0.2209 5
0.2235 5
0.2260 5
0.2284 5
0.2309 5
0.2334 5
0.2359 5
0.2384 5
0.2409 5
0.2434 5
0.2459 5
0.2484 5
0.2509 5
0.2534 5
0.2559 5
0.2584 5
0.2609 5
