0.0000 3
0.0026 3
0.0051 3
0.0076 3
0.0101 3
0.0125 3
0.0150 3
0.0175 3
0.0199 3
0.0223 3
0.0247 3
0.0271 3
0.0295 3
0.0319 3
0.0343 3
0.0367 3
0.0391 3
0.0415 3
0.0438 3
0.0462 3
0.0486 3
0.0511 3
0.0534 3
0.0558 3
0.0582 3
0.0606 3
0.0630 3
0.0654 3
0.0677 3
0.0701 3
0.0725 3
0.0749 3
0.0773 3
0.0797 3
0.0821 3
0.0845 3
0.0868 3
0.0892 3
0.0916 3
0.0940 3
0.0964 3
0.0987 3
0.1011 3
0.1035 3
0.1059 3
0.1082 3
0.1106 3
0.1130 3
0.1153 3
0.1177 3
0.1201 3
0.1224 3
0.1248 3
0.1272 3
0.1295 3
0.1319 3
0.1343 3
0.1367 3
0.1390 3
0.1414 3
0.1438 3
0.1461 3
0.1485 3
0.1509 3
0.1532 3
0.1556 3
0.1580 3
0.1603 3
0.1627 3
0.1651 3
0.1674 3
0.1698 3
0.1722 3
0.1745 3
0.1769 3
0.1793 3
0.1816 3
0.1840 3
0.1864 3
0.1888 3
0.1912 3
0.1935 3
0.1959 3
0.1983 3
0.2006 3
0.2030 3
0.2054 3
0.2078 3
0.2102 3
0.2125 3
0.2149 3
0.2172 3
0.2196 3
0.2219 3
0.2243 3
0.2266 3
0.2290 3
0.2314 3
0.2337 3
0.2361 3
0.2385 3
