0.0000 4
0.0020 3
0.0029 3
0.0054 3
0.0080 3
0.0105 3
0.0129 3
0.0154 3
0.0179 3
0.0203 3
0.0228 3
0.0253 3
0.0277 3
0.0302 3
0.0326 3
0.0350 3
0.0375 3
0.0399 3
0.0424 3
0.0448 3
0.0474 3
0.0501 3
0.0527 3
0.0552 3
0.0577 3
0.0601 3
0.0626 3
0.0651 3
0.0676 3
0.0700 3
0.0725 3
0.0749 3
0.0774 3
0.0798 3
0.0823 3
0.0847 3
0.0872 3
0.0896 3
0.0920 3
0.0945 3
0.0969 3
0.0994 3
0.1018 3
0.1043 3
0.1067 3
0.1092 3
0.1117 3
0.1141 3
0.1166 3
0.1191 3
0.1215 3
0.1240 3
0.1264 3
0.1289 3
0.1313 3
0.1338 3
0.1363 3
0.1388 3
0.1413 3
0.1437 3
0.1462 3
0.1486 3
0.1511 3
0.1535 3
0.1560 3
0.1584 3
0.1609 3
0.1633 3
0.1658 3
0.1682 3
0.1706 3
0.1731 3
0.1755 3
0.1780 3
0.1804 3
0.1829 3
0.1853 3
0.1878 3
0.1902 3
0.1927 3
0.1951 3
0.1976 3
0.2000 3
0.2024 3
0.2049 3
0.2074 3
0.2098 3
0.2123 3
0.2147 3
0.2172 3
0.2196 3
0.2221 3
0.2245 3
0.2270 3
0.2294 3
0.2318 3
0.2343 3
0.2367 3
0.2392 3
0.2416 3
0.2441 3
0.2465 3
