0.0000 3
0.0015 2
0.0026 2
0.0050 2
0.0074 2
0.0099 2
0.0122 2
0.0146 2
0.0170 2
0.0194 2
0.0217 2
0.0241 2
0.0264 2
0.0288 2
0.0311 2
0.0334 2
0.0357 2
0.0380 2
0.0403 2
0.0426 2
0.0449 2
0.0473 2
0.0496 2
0.0519 2
0.0543 2
0.0566 2
0.0589 2
0.0612 2
0.0635 2
0.0658 2
0.0681 2
0.0704 2
0.0727 2
0.0750 2
0.0773 2
0.0796 2
0.0819 2
0.0842 2
0.0865 2
0.0888 2
0.0911 2
0.0934 2
0.0957 2
0.0981 2
0.1004 2
0.1027 2
0.1050 2
0.1074 2
0.1098 2
0.1122 2
0.1146 2
0.1169 2
0.1192 2
0.1216 2
0.1239 2
0.1263 2
0.1286 2
0.1309 2
0.1332 2
0.1355 2
0.1378 2
0.1401 2
0.1424 2
0.1447 2
0.1470 2
0.1493 2
0.1516 2
0.1539 2
0.1562 2
0.1585 2
0.1608 2
0.1630 2
0.1653 2
0.1676 2
0.1699 2
0.1722 2
0.1744 2
0.1767 2
0.1790 2
0.1813 2
0.1836 2
0.1859 2
0.1881 2
0.1904 2
0.1927 2
0.1950 2
0.1973 2
0.1997 2
0.2019 2
0.2042 2
0.2067 2
0.2090 2
0.2113 2
0.2135 2
0.2158 2
0.2181 2
0.2204 2
0.2227 2
0.2250 2
0.2273 2
0.2296 2
0.2319 2
