0.0000 3
0.0021 2
0.0032 2
0.0062 2
0.0092 2
0.0122 2
0.0151 2
0.0181 2
0.0210 2
0.0240 2
0.0270 2
0.0299 2
0.0329 2
0.0358 2
0.0387 2
0.0416 2
0.0445 2
0.0475 2
0.0504 2
0.0532 2
0.0561 2
0.0589 2
0.0618 2
0.0647 2
0.0675 2
0.0704 2
0.0732 2
0.0762 2
0.0790 2
0.0819 2
0.0848 2
0.0877 2
0.0905 2
0.0934 2
0.0962 2
0.0992 2
0.1021 2
0.1050 2
0.1078 2
0.1107 2
0.1136 2
0.1165 2
0.1193 2
0.1222 2
0.1251 2
0.1279 2
0.1308 2
0.1337 2
0.1365 2
0.1394 2
0.1423 2
0.1451 2
0.1480 2
0.1509 2
0.1537 2
0.1566 2
0.1595 2
0.1623 2
0.1652 2
0.1681 2
0.1709 2
0.1738 2
0.1767 2
0.1795 2
0.1824 2
0.1852 2
0.1881 2
0.1910 2
0.1938 2
0.1967 2
0.1996 2
0.2024 2
0.2053 2
0.2082 2
0.2111 2
0.2140 2
0.2169 2
0.2197 2
0.2226 2
0.2254 2
0.2283 2
0.2312 2
0.2340 2
0.2369 2
0.2398 2
0.2426 2
0.2455 2
0.2484 2
0.2512 2
0.2541 2
0.2569 2
0.2598 2
0.2627 2
0.2656 2
0.2684 2
0.2713 2
0.2741 2
0.2770 2
0.2799 2
0.2828 2
0.2856 2
0.2885 2
