0.0000 3
0.0009 2
0.0029 2
0.0056 2
0.0085 2
0.0112 2
0.0139 2
0.0168 2
0.0195 2
0.0223 2
0.0251 2
0.0278 2
0.0305 2
0.0332 2
0.0360 2
0.0388 2
0.0415 2
0.0445 2
0.0473 2
0.0501 2
0.0529 2
0.0557 2
0.0584 2
0.0613 2
0.0643 2
0.0670 2
0.0698 2
0.0726 2
0.0754 2
0.0781 2
0.0809 2
0.0837 2
0.0864 2
0.0892 2
0.0920 2
0.0947 2
0.0975 2
0.1002 2
0.1029 2
0.1057 2
0.1085 2
0.1112 2
0.1140 2
0.1167 2
0.1195 2
0.1222 2
0.1250 2
0.1278 2
0.1305 2
0.1334 2
0.1362 2
0.1389 2
0.1417 2
0.1444 2
0.1471 2
0.1498 2
0.1525 2
0.1553 2
0.1580 2
0.1607 2
0.1634 2
0.1661 2
0.1688 2
0.1715 2
0.1741 2
0.1768 2
0.1795 2
0.1822 2
0.1849 2
0.1876 2
0.1903 2
0.1930 2
0.1957 2
0.1984 2
0.2011 2
0.2038 2
0.2066 2
0.2093 2
0.2121 2
0.2148 2
0.2175 2
0.2202 2
0.2229 2
0.2256 2
0.2283 2
0.2309 2
0.2336 2
0.2363 2
0.2390 2
0.2417 2
0.2444 2
0.2471 2
0.2498 2
0.2525 2
0.2552 2
0.2579 2
0.2606 2
0.2633 2
0.2660 2
0.2687 2
0.2714 2
0.2741 2
