0.0000 4
0.0033 4
0.0063 4
0.0093 4
0.0123 3
0.0124 3
0.0154 3
0.0184 3
0.0214 3
0.0243 3
0.0274 3
0.0306 3
0.0335 3
0.0364 3
0.0394 3
0.0423 3
0.0452 3
0.0482 3
0.0512 3
0.0541 3
0.0570 3
0.0599 3
0.0628 3
0.0658 3
0.0689 3
0.0721 3
0.0751 3
0.0780 3
0.0809 3
0.0839 3
0.0868 3
0.0897 3
0.0926 3
0.0955 3
0.0985 3
0.1015 3
0.1044 3
0.1074 3
0.1103 3
0.1132 3
0.1163 3
0.1192 3
0.1221 3
0.1251 3
0.1280 3
0.1309 3
0.1338 3
0.1367 3
0.1396 3
0.1425 3
0.1454 3
0.1483 3
0.1512 3
0.1541 3
0.1570 3
0.1599 3
0.1628 3
0.1657 3
0.1686 3
0.1715 3
0.1744 3
0.1773 3
0.1802 3
0.1831 3
0.1860 3
0.1889 3
0.1918 3
0.1947 3
0.1976 3
0.2006 3
0.2035 3
0.2064 3
0.2093 3
0.2122 3
0.2151 3
0.2180 3
0.2209 3
0.2239 3
0.2268 3
0.2296 3
0.2325 3
0.2354 3
0.2383 3
0.2412 3
0.2444 3
0.2474 3
0.2504 3
0.2534 3
0.2564 3
0.2594 3
0.2624 3
0.2654 3
0.2684 3
0.2713 3
0.2743 3
0.2773 3
0.2803 3
0.2833 3
0.2862 3
0.2892 3
0.2922 3
0.2952 3
0.2981 3
0.3011 3
0.3041 3
