0.0000 5
0.0002 4
0.0028 4
0.0054 4
0.0080 4
0.0105 4
0.0131 4
0.0156 4
0.0183 4
0.0210 4
0.0235 4
0.0261 4
0.0287 4
0.0312 4
0.0338 4
0.0364 4
0.0389 4
0.0415 4
0.0440 4
0.0465 4
0.0491 4
0.0516 4
0.0542 4
0.0567 4
0.0592 4
0.0618 4
0.0643 4
0.0669 4
0.0694 4
0.0720 4
0.0745 4
0.0771 4
0.0796 4
0.0820 4
0.0845 4
0.0870 4
0.0895 4
0.0920 4
0.0945 4
0.0970 4
0.0995 4
0.1020 4
0.1044 4
0.1069 4
0.1094 4
0.1118 4
0.1143 4
0.1168 4
0.1193 4
0.1218 4
0.1242 4
0.1267 4
0.1292 4
0.1317 4
0.1342 4
0.1367 4
0.1392 4
0.1417 4
0.1442 4
0.1466 4
0.1491 4
0.1516 4
0.1541 4
0.1566 4
0.1591 4
0.1615 4
0.1640 4
0.1665 4
0.1690 4
0.1715 4
0.1739 4
0.1764 4
0.1789 4
0.1814 4
0.1839 4
0.1864 4
0.1889 4
0.1914 4
0.1938 4
0.1963 4
0.1988 4
0.2013 4
0.2038 4
0.2063 4
0.2089 4
0.2114 4
0.2140 4
0.2165 4
0.2190 4
0.2215 4
0.2240 4
0.2265 4
0.2289 4
0.2314 4
0.2339 4
0.2364 4
0.2389 4
0.2414 4
0.2439 4
0.2463 4
0.2488 4
0.2513 4
