0.0000 5
0.0032 5
0.0060 4
0.0061 4
0.0091 4
0.0122 4
0.0152 4
0.0180 4
0.0210 4
0.0239 4
0.0268 4
0.0297 4
0.0325 4
0.0354 4
0.0383 4
0.0412 4
0.0440 4
0.0469 4
0.0498 4
0.0530 4
0.0566 4
0.0595 4
0.0624 4
0.0653 4
0.0682 4
0.0710 4
0.0739 4
0.0768 4
0.0796 4
0.0825 4
0.0854 4
0.0883 4
0.0912 4
0.0941 4
0.0970 4
0.0999 4
0.1027 4
0.1056 4
0.1085 4
0.1113 4
0.1142 4
0.1172 4
0.1200 4
0.1229 4
0.1259 4
0.1287 4
0.1316 4
0.1345 4
0.1374 4
0.1402 4
0.1431 4
0.1460 4
0.1488 4
0.1517 4
0.1546 4
0.1574 4
0.1603 4
0.1632 4
0.1661 4
0.1689 4
0.1718 4
0.1747 4
0.1776 4
0.1805 4
0.1833 4
0.1862 4
0.1891 4
0.1919 4
0.1948 4
0.1977 4
0.2005 4
0.2034 4
0.2063 4
0.2091 4
0.2120 4
0.2148 4
0.2177 4
0.2207 4
0.2237 4
0.2269 4
0.2299 4
0.2329 4
0.2359 4
0.2388 4
0.2417 4
0.2447 4
0.2477 4
0.2506 4
0.2535 4
0.2565 4
0.2595 4
0.2624 4
0.2653 4
0.2683 4
0.2712 4
0.2741 4
0.2770 4
0.2800 4
0.2829 4
0.2858 4
0.2887 4
0.2917 4
0.2946 4
