0.0000 3
0.0007 2
0.0030 2
0.0059 2
0.0088 2
0.0117 2
0.0145 2
0.0174 2
0.0203 2
0.0231 2
0.0259 2
0.0287 2
0.0315 2
0.0343 2
0.0371 2
0.0399 2
0.0427 2
0.0455 2
0.0483 2
0.0510 2
0.0538 2
0.0566 2
0.0594 2
0.0622 2
0.0650 2
0.0678 2
0.0706 2
0.0734 2
0.0762 2
0.0789 2
0.0817 2
0.0845 2
0.0873 2
0.0901 2
0.0928 2
0.0956 2
0.0984 2
0.1012 2
0.1040 2
0.1068 2
0.1096 2
0.1123 2
0.1151 2
0.1179 2
0.1207 2
0.1234 2
0.1262 2
0.1290 2
0.1318 2
0.1346 2
0.1374 2
0.1401 2
0.1429 2
0.1457 2
0.1485 2
0.1513 2
0.1541 2
0.1569 2
0.1596 2
0.1624 2
0.1652 2
0.1680 2
0.1708 2
0.1735 2
0.1763 2
0.1791 2
0.1819 2
0.1847 2
0.1875 2
0.1903 2
0.1930 2
0.1958 2
0.1986 2
0.2014 2
0.2041 2
0.2069 2
0.2098 2
0.2126 2
0.2154 2
0.2182 2
0.2212 2
0.2241 2
0.2269 2
0.2297 2
0.2325 2
0.2353 2
0.2381 2
0.2410 2
0.2438 2
0.2465 2
0.2493 2
0.2521 2
0.2549 2
0.2577 2
0.2605 2
0.2633 2
0.2661 2
0.2689 2
0.2717 2
0.2745 2
0.2773 2
0.2800 2
