0.0000 4
0.0006 3
0.0028 3
0.0053 3
0.0078 3
0.0102 3
0.0126 3
0.0151 3
0.0175 3
0.0199 3
0.0224 3
0.0249 3
0.0273 3
0.0297 3
0.0322 3
0.0346 3
0.0370 3
0.0395 3
0.0419 3
0.0443 3
0.0468 3
0.0492 3
0.0516 3
0.0540 3
0.0565 3
0.0589 3
0.0613 3
0.0637 3
0.0661 3
0.0685 3
0.0710 3
0.0734 3
0.0758 3
0.0782 3
0.0807 3
0.0831 3
0.0855 3
0.0879 3
0.0903 3
0.0927 3
0.0951 3
0.0975 3
0.0999 3
0.1023 3
0.1047 3
0.1071 3
0.1095 3
0.1119 3
0.1143 3
0.1167 3
0.1191 3
0.1215 3
0.1239 3
0.1263 3
0.1287 3
0.1311 3
0.1335 3
0.1359 3
0.1383 3
0.1407 3
0.1431 3
0.1455 3
0.1479 3
0.1503 3
0.1527 3
0.1551 3
0.1575 3
0.1600 3
0.1624 3
0.1648 3
0.1672 3
0.1696 3
0.1720 3
0.1744 3
0.1769 3
0.1793 3
0.1817 3
0.1841 3
0.1865 3
0.1889 3
0.1913 3
0.1938 3
0.1962 3
0.1986 3
0.2010 3
0.2034 3
0.2058 3
0.2083 3
0.2109 3
0.2133 3
0.2157 3
0.2181 3
0.2205 3
0.2229 3
0.2253 3
0.2278 3
0.2302 3
0.2326 3
0.2350 3
0.2374 3
0.2398 3
0.2423 3
