0.0000 5
0.0032 5
0.0045 4
0.0061 4
0.0090 4
0.0120 4
0.0149 4
0.0178 4
0.0206 4
0.0235 4
0.0264 4
0.0293 4
0.0322 4
0.0351 4
0.0379 4
0.0408 4
0.0437 4
0.0465 4
0.0494 4
0.0523 4
0.0552 4
0.0580 4
0.0609 4
0.0638 4
0.0667 4
0.0696 4
0.0725 4
0.0754 4
0.0783 4
0.0812 4
0.0840 4
0.0869 4
0.0898 4
0.0927 4
0.0956 4
0.0985 4
0.1013 4
0.1042 4
0.1071 4
0.1100 4
0.1129 4
0.1158 4
0.1186 4
0.1215 4
0.1244 4
0.1273 4
0.1301 4
0.1330 4
0.1359 4
0.1387 4
0.1416 4
0.1444 4
0.1473 4
0.1502 4
0.1530 4
0.1559 4
0.1588 4
0.1616 4
0.1645 4
0.1674 4
0.1703 4
0.1731 4
0.1760 4
0.1789 4
0.1818 4
0.1847 4
0.1876 4
0.1905 4
0.1934 4
0.1963 4
0.1991 4
0.2020 4
0.2049 4
0.2078 4
0.2107 4
0.2136 4
0.2165 4
0.2193 4
0.2222 4
0.2251 4
0.2280 4
0.2308 4
0.2337 4
0.2366 4
0.2394 4
0.2423 4
0.2452 4
0.2480 4
0.2509 4
0.2538 4
0.2566 4
0.2595 4
0.2624 4
0.2652 4
0.2681 4
0.2711 4
0.2739 4
0.2768 4
0.2798 4
0.2826 4
0.2855 4
0.2883 4
0.2912 4
