0.0000 4
0.0028 4
0.0050 3
0.0054 3
0.0079 3
0.0104 3
0.0129 3
0.0154 3
0.0179 3
0.0204 3
0.0228 3
0.0253 3
0.0278 3
0.0303 3
0.0328 3
0.0352 3
0.0377 3
0.0402 3
0.0427 3
0.0452 3
0.0477 3
0.0502 3
0.0527 3
0.0552 3
0.0577 3
0.0601 3
0.0626 3
0.0651 3
0.0675 3
0.0700 3
0.0725 3
0.0750 3
0.0774 3
0.0799 3
0.0824 3
0.0848 3
0.0873 3
0.0898 3
0.0923 3
0.0948 3
0.0972 3
0.0997 3
0.1021 3
0.1046 3
0.1071 3
0.1095 3
0.1120 3
0.1145 3
0.1169 3
0.1194 3
0.1219 3
0.1243 3
0.1268 3
0.1292 3
0.1317 3
0.1341 3
0.1366 3
0.1392 3
0.1417 3
0.1441 3
0.1466 3
0.1490 3
0.1515 3
0.1539 3
0.1564 3
0.1589 3
0.1613 3
0.1638 3
0.1662 3
0.1687 3
0.1711 3
0.1736 3
0.1760 3
0.1785 3
0.1809 3
0.1834 3
0.1858 3
0.1883 3
0.1908 3
0.1932 3
0.1957 3
0.1981 3
0.2005 3
0.2030 3
0.2054 3
0.2081 3
0.2106 3
0.2133 3
0.2159 3
0.2183 3
0.2209 3
0.2234 3
0.2259 3
0.2284 3
0.2309 3
0.2333 3
0.2358 3
0.2383 3
0.2407 3
0.2432 3
0.2457 3
0.2481 3
0.2506 3
