0.0000 5
0.0033 5
0.0058 5
0.0084 5
0.0109 5
0.0135 5
0.0160 5
0.0185 5
0.0210 5
0.0235 5
0.0259 5
0.0284 5
0.0308 5
0.0333 5
0.0358 5
0.0382 5
0.0407 5
0.0431 5
0.0456 5
0.0481 5
0.0505 5
0.0530 5
0.0554 5
0.0579 5
0.0604 5
0.0628 5
0.0652 5
0.0677 5
0.0702 5
0.0726 5
0.0750 5
0.0775 5
0.0799 5
0.0824 5
0.0848 5
0.0872 5
0.0897 5
0.0921 5
0.0946 5
0.0971 5
0.0995 5
0.1020 5
0.1044 5
0.1068 5
0.1093 5
0.1117 5
0.1142 5
0.1166 5
0.1191 5
0.1215 5
0.1239 5
0.1264 5
0.1288 5
0.1313 5
0.1337 5
0.1362 5
0.1386 5
0.1410 5
0.1435 5
0.1459 5
0.1483 5
0.1508 5
0.1532 5
0.1557 5
0.1581 5
0.1605 5
0.1630 5
0.1654 5
0.1679 5
0.1703 5
0.1727 5
0.1752 5
0.1776 5
0.1800 5
0.1825 5
0.1849 5
0.1874 5
0.1898 5
0.1923 5
0.1947 5
0.1972 5
0.1996 5
0.2020 5
0.2045 5
0.2070 5
0.2095 5
0.2119 5
0.2144 5
0.2169 5
0.2193 5
0.2217 5
0.2242 5
0.2266 5
0.2290 5
0.2315 5
0.2339 5
0.2365 5
0.2389 5
0.2414 5
0.2438 5
0.2462 5
