0.0000 5
0.0029 5
0.0054 5
0.0080 5
0.0106 5
0.0131 5
0.0156 5
0.0181 5
0.0206 5
0.0231 5
0.0256 5
0.0280 5
0.0305 5
0.0329 5
0.0354 5
0.0378 5
0.0402 5
0.0427 5
0.0451 5
0.0476 5
0.0500 5
0.0525 5
0.0549 5
0.0574 5
0.0598 5
0.0622 5
0.0647 5
0.0671 5
0.0696 5
0.0720 5
0.0745 5
0.0770 5
0.0794 5
0.0819 5
0.0843 5
0.0867 5
0.0892 5
0.0916 5
0.0941 5
0.0965 5
0.0989 5
0.1014 5
0.1038 5
0.1063 5
0.1087 5
0.1112 5
0.1136 5
0.1161 5
0.1186 5
0.1210 5
0.1235 5
0.1260 5
0.1284 5
0.1309 5
0.1333 5
0.1358 5
0.1382 5
0.1407 5
0.1431 5
0.1456 5
0.1480 5
0.1505 5
0.1529 5
0.1554 5
0.1579 5
0.1603 5
0.1628 5
0.1653 5
0.1678 5
0.1702 5
0.1727 5
0.1752 5
0.1777 5
0.1801 5
0.1826 5
0.1851 5
0.1876 5
0.1900 5
0.1924 5
0.1950 5
0.1975 5
0.2000 5
0.2027 5
0.2052 5
0.2077 5
0.2103 5
0.2129 5
0.2156 5
0.2182 5
0.2206 5
0.2231 5
0.2255 5
0.2280 5
0.2304 5
0.2329 5
0.2353 5
0.2378 5
0.2402 5
0.2427 5
0.2452 5
0.2477 5
