0.0000 3
0.0034 3
0.0035 2
0.0058 2
0.0083 2
0.0108 2
0.0132 2
0.0157 2
0.0181 2
0.0206 2
0.0230 2
0.0254 2
0.0279 2
0.0303 2
0.0333 2
0.0357 2
0.0381 2
0.0406 2
0.0430 2
0.0454 2
0.0479 2
0.0503 2
0.0527 2
0.0552 2
0.0576 2
0.0599 2
0.0623 2
0.0646 2
0.0670 2
0.0694 2
0.0718 2
0.0741 2
0.0765 2
0.0788 2
0.0812 2
0.0835 2
0.0859 2
0.0882 2
0.0906 2
0.0930 2
0.0954 2
0.0977 2
0.1001 2
0.1024 2
0.1048 2
0.1071 2
0.1095 2
0.1118 2
0.1141 2
0.1165 2
0.1188 2
0.1212 2
0.1235 2
0.1259 2
0.1282 2
0.1306 2
0.1329 2
0.1353 2
0.1376 2
0.1399 2
0.1423 2
0.1446 2
0.1470 2
0.1493 2
0.1517 2
0.1540 2
0.1563 2
0.1587 2
0.1610 2
0.1634 2
0.1658 2
0.1681 2
0.1704 2
0.1728 2
0.1752 2
0.1775 2
0.1798 2
0.1822 2
0.1845 2
0.1869 2
0.1893 2
0.1916 2
0.1940 2
0.1963 2
0.1987 2
0.2010 2
0.2034 2
0.2057 2
0.2081 2
0.2104 2
0.2127 2
0.2151 2
0.2174 2
0.2199 2
0.2222 2
0.2245 2
0.2269 2
0.2292 2
0.2316 2
0.2339 2
0.2362 2
0.2386 2
0.2409 2
