0.0000 3
0.0026 3
0.0051 3
0.0076 3
0.0100 3
0.0125 3
0.0149 3
0.0173 3
0.0198 3
0.0222 3
0.0247 3
0.0271 3
0.0295 3
0.0319 3
0.0343 3
0.0368 3
0.0392 3
0.0416 3
0.0440 3
0.0464 3
0.0488 3
0.0512 3
0.0537 3
0.0561 3
0.0584 3
0.0609 3
0.0633 3
0.0657 3
0.0681 3
0.0705 3
0.0728 3
0.0752 3
0.0775 3
0.0799 3
0.0822 3
0.0846 3
0.0870 3
0.0894 3
0.0917 3
0.0941 3
0.0965 3
0.0988 3
0.1012 3
0.1036 3
0.1059 3
0.1083 3
0.1106 3
0.1130 3
0.1153 3
0.1176 3
0.1200 3
0.1223 3
0.1246 3
0.1270 3
0.1293 3
0.1317 3
0.1340 3
0.1364 3
0.1387 3
0.1411 3
0.1434 3
0.1458 3
0.1481 3
0.1505 3
0.1528 3
0.1552 3
0.1575 3
0.1599 3
0.1623 3
0.1646 3
0.1670 3
0.1694 3
0.1717 3
0.1741 3
0.1764 3
0.1788 3
0.1812 3
0.1835 3
0.1859 3
0.1882 3
0.1906 3
0.1929 3
0.1953 3
0.1976 3
0.2000 3
0.2024 3
0.2047 3
0.2071 3
0.2095 3
0.2119 3
0.2142 3
0.2166 3
0.2189 3
0.2213 3
0.2237 3
0.2260 3
0.2284 3
0.2308 3
0.2331 3
0.2355 3
0.2379 3
