0.0000 6
0.0028 6
0.0054 6
0.0080 6
0.0106 6
0.0133 6
0.0146 5
0.0159 5
0.0184 5
0.0210 5
0.0236 5
0.0261 5
0.0286 5
0.0311 5
0.0337 5
0.0362 5
0.0387 5
0.0412 5
0.0438 5
0.0463 5
0.0489 5
0.0514 5
0.0540 5
0.0565 5
0.0590 5
0.0616 5
0.0642 5
0.0667 5
0.0693 5
0.0719 5
0.0744 5
0.0769 5
0.0794 5
0.0819 5
0.0844 5
0.0869 5
0.0894 5
0.0919 5
0.0944 5
0.0971 5
0.0999 5
0.1025 5
0.1051 5
0.1076 5
0.1102 5
0.1127 5
0.1153 5
0.1178 5
0.1203 5
0.1228 5
0.1254 5
0.1279 5
0.1304 5
0.1330 5
0.1355 5
0.1380 5
0.1406 5
0.1431 5
0.1456 5
0.1481 5
0.1507 5
0.1532 5
0.1557 5
0.1582 5
0.1608 5
0.1633 5
0.1658 5
0.1683 5
0.1709 5
0.1734 5
0.1759 5
0.1784 5
0.1810 5
0.1835 5
0.1860 5
0.1885 5
0.1910 5
0.1936 5
0.1961 5
0.1986 5
0.2011 5
0.2036 5
0.2061 5
0.2088 5
0.2114 5
0.2139 5
0.2164 5
0.2189 5
0.2215 5
0.2240 5
0.2265 5
0.2290 5
0.2315 5
0.2340 5
0.2365 5
0.2390 5
0.2415 5
0.2440 5
0.2465 5
0.2491 5
0.2519 5
0.2545 5
0.2570 5
0.2595 5
0.2620 5
0.2645 5
0.2670 5
