0.0000 3
0.0005 2
0.0030 2
0.0058 2
0.0086 2
0.0113 2
0.0141 2
0.0169 2
0.0196 2
0.0224 2
0.0252 2
0.0280 2
0.0307 2
0.0335 2
0.0364 2
0.0391 2
0.0419 2
0.0446 2
0.0473 2
0.0501 2
0.0527 2
0.0555 2
0.0582 2
0.0609 2
0.0636 2
0.0664 2
0.0691 2
0.0718 2
0.0745 2
0.0773 2
0.0809 2
0.0837 2
0.0865 2
0.0893 2
0.0920 2
0.0948 2
0.0975 2
0.1003 2
0.1031 2
0.1057 2
0.1085 2
0.1111 2
0.1138 2
0.1165 2
0.1192 2
0.1219 2
0.1246 2
0.1273 2
0.1300 2
0.1327 2
0.1354 2
0.1381 2
0.1408 2
0.1435 2
0.1462 2
0.1489 2
0.1516 2
0.1543 2
0.1570 2
0.1597 2
0.1624 2
0.1651 2
0.1678 2
0.1705 2
0.1732 2
0.1759 2
0.1786 2
0.1813 2
0.1840 2
0.1867 2
0.1894 2
0.1921 2
0.1948 2
0.1974 2
0.2001 2
0.2028 2
0.2055 2
0.2082 2
0.2109 2
0.2136 2
0.2163 2
0.2190 2
0.2217 2
0.2244 2
0.2271 2
0.2299 2
0.2325 2
0.2352 2
0.2379 2
0.2407 2
0.2434 2
0.2462 2
0.2490 2
0.2517 2
0.2544 2
0.2571 2
0.2598 2
0.2625 2
0.2652 2
0.2679 2
0.2706 2
0.2733 2
