0.0000 6
0.0030 6
0.0034 5
0.0056 5
0.0081 5
0.0107 5
0.0132 5
0.0157 5
0.0183 5
0.0208 5
0.0233 5
0.0258 5
0.0283 5
0.0309 5
0.0334 5
0.0359 5
0.0384 5
0.0409 5
0.0433 5
0.0459 5
0.0484 5
0.0509 5
0.0534 5
0.0559 5
0.0584 5
0.0609 5
0.0634 5
0.0659 5
0.0685 5
0.0710 5
0.0735 5
0.0759 5
0.0784 5
0.0809 5
0.0834 5
0.0859 5
0.0884 5
0.0909 5
0.0934 5
0.0959 5
0.0983 5
0.1008 5
0.1033 5
0.1058 5
0.1083 5
0.1108 5
0.1133 5
0.1158 5
0.1183 5
0.1208 5
0.1233 5
0.1258 5
0.1283 5
0.1308 5
0.1332 5
0.1357 5
0.1383 5
0.1408 5
0.1433 5
0.1458 5
0.1483 5
0.1508 5
0.1533 5
0.1558 5
0.1582 5
0.1607 5
0.1632 5
0.1657 5
0.1682 5
0.1707 5
0.1732 5
0.1757 5
0.1781 5
0.1806 5
0.1831 5
0.1856 5
0.1881 5
0.1906 5
0.1931 5
0.1956 5
0.1981 5
0.2005 5
0.2030 5
0.2055 5
0.2081 5
0.2106 5
0.2131 5
0.2156 5
0.2181 5
0.2206 5
0.2231 5
0.2255 5
0.2280 5
0.2305 5
0.2330 5
0.2356 5
0.2381 5
0.2406 5
0.2431 5
0.2456 5
0.2481 5
0.2506 5
0.2531 5
