0.0000 4
0.0028 3
0.0033 3
0.0064 3
0.0095 3
0.0125 3
0.0161 3
0.0192 3
0.0222 3
0.0252 3
0.0283 3
0.0313 3
0.0343 3
0.0373 3
0.0403 3
0.0433 3
0.0463 3
0.0493 3
0.0523 3
0.0552 3
0.0582 3
0.0612 3
0.0642 3
0.0672 3
0.0701 3
0.0731 3
0.0761 3
0.0791 3
0.0820 3
0.0850 3
0.0880 3
0.0910 3
0.0940 3
0.0970 3
0.1000 3
0.1029 3
0.1059 3
0.1089 3
0.1118 3
0.1148 3
0.1178 3
0.1208 3
0.1238 3
0.1267 3
0.1297 3
0.1327 3
0.1357 3
0.1387 3
0.1417 3
0.1447 3
0.1477 3
0.1506 3
0.1536 3
0.1566 3
0.1596 3
0.1625 3
0.1655 3
0.1684 3
0.1714 3
0.1744 3
0.1773 3
0.1803 3
0.1833 3
0.1863 3
0.1892 3
0.1923 3
0.1953 3
0.1983 3
0.2012 3
0.2042 3
0.2072 3
0.2101 3
0.2131 3
0.2161 3
0.2191 3
0.2221 3
0.2251 3
0.2281 3
0.2311 3
0.2341 3
0.2371 3
0.2401 3
0.2431 3
0.2462 3
0.2492 3
0.2521 3
0.2551 3
0.2581 3
0.2611 3
0.2641 3
0.2670 3
0.2700 3
0.2730 3
0.2760 3
0.2789 3
0.2819 3
0.2849 3
0.2879 3
0.2909 3
0.2940 3
0.2971 3
0.3001 3
