0.0000 3
0.0025 2
0.0034 2
0.0064 2
0.0093 2
0.0122 2
0.0152 2
0.0180 2
0.0208 2
0.0237 2
0.0265 2
0.0293 2
0.0322 2
0.0350 2
0.0378 2
0.0407 2
0.0435 2
0.0463 2
0.0491 2
0.0520 2
0.0548 2
0.0577 2
0.0605 2
0.0633 2
0.0662 2
0.0690 2
0.0718 2
0.0747 2
0.0775 2
0.0804 2
0.0832 2
0.0862 2
0.0891 2
0.0919 2
0.0948 2
0.0976 2
0.1005 2
0.1033 2
0.1062 2
0.1091 2
0.1119 2
0.1148 2
0.1177 2
0.1205 2
0.1234 2
0.1262 2
0.1291 2
0.1319 2
0.1347 2
0.1376 2
0.1404 2
0.1433 2
0.1462 2
0.1490 2
0.1519 2
0.1548 2
0.1577 2
0.1605 2
0.1633 2
0.1662 2
0.1690 2
0.1718 2
0.1747 2
0.1775 2
0.1804 2
0.1832 2
0.1860 2
0.1889 2
0.1917 2
0.1945 2
0.1974 2
0.2002 2
0.2030 2
0.2059 2
0.2089 2
0.2117 2
0.2146 2
0.2174 2
0.2202 2
0.2231 2
0.2259 2
0.2287 2
0.2316 2
0.2344 2
0.2373 2
0.2401 2
0.2430 2
0.2458 2
0.2486 2
0.2515 2
0.2544 2
0.2572 2
0.2601 2
0.2629 2
0.2658 2
0.2686 2
0.2715 2
0.2743 2
0.2772 2
0.2800 2
0.2829 2
0.2857 2
