0.0000 4
0.0010 3
0.0032 3
0.0058 3
0.0083 3
0.0109 3
0.0135 3
0.0160 3
0.0185 3
0.0211 3
0.0235 3
0.0261 3
0.0286 3
0.0311 3
0.0336 3
0.0361 3
0.0385 3
0.0411 3
0.0435 3
0.0460 3
0.0484 3
0.0509 3
0.0533 3
0.0558 3
0.0583 3
0.0607 3
0.0632 3
0.0657 3
0.0681 3
0.0706 3
0.0730 3
0.0755 3
0.0779 3
0.0803 3
0.0828 3
0.0853 3
0.0877 3
0.0901 3
0.0927 3
0.0951 3
0.0976 3
0.1001 3
0.1026 3
0.1050 3
0.1075 3
0.1100 3
0.1125 3
0.1150 3
0.1174 3
0.1199 3
0.1223 3
0.1248 3
0.1272 3
0.1297 3
0.1322 3
0.1346 3
0.1371 3
0.1395 3
0.1420 3
0.1444 3
0.1469 3
0.1493 3
0.1518 3
0.1542 3
0.1567 3
0.1591 3
0.1616 3
0.1640 3
0.1665 3
0.1690 3
0.1714 3
0.1739 3
0.1764 3
0.1789 3
0.1813 3
0.1838 3
0.1862 3
0.1887 3
0.1911 3
0.1936 3
0.1961 3
0.1985 3
0.2010 3
0.2034 3
0.2059 3
0.2083 3
0.2108 3
0.2132 3
0.2157 3
0.2181 3
0.2205 3
0.2230 3
0.2256 3
0.2282 3
0.2308 3
0.2334 3
0.2359 3
0.2385 3
0.2411 3
0.2436 3
0.2462 3
0.2487 3
