0.0000 6
0.0010 5
0.0037 5
0.0069 5
0.0100 5
0.0131 5
0.0162 5
0.0192 5
0.0222 5
0.0252 5
0.0283 5
0.0313 5
0.0343 5
0.0374 5
0.0404 5
0.0434 5
0.0464 5
0.0495 5
0.0525 5
0.0555 5
0.0585 5
0.0618 5
0.0650 5
0.0680 5
0.0710 5
0.0741 5
0.0772 5
0.0802 5
0.0832 5
0.0863 5
0.0893 5
0.0924 5
0.0954 5
0.0985 5
0.1017 5
0.1049 5
0.1081 5
0.1111 5
0.1141 5
0.1172 5
0.1202 5
0.1232 5
0.1263 5
0.1293 5
0.1324 5
0.1355 5
0.1385 5
0.1416 5
0.1446 5
0.1476 5
0.1507 5
0.1537 5
0.1568 5
0.1598 5
0.1628 5
0.1659 5
0.1689 5
0.1720 5
0.1750 5
0.1781 5
0.1811 5
0.1842 5
0.1872 5
0.1903 5
0.1933 5
0.1964 5
0.1994 5
0.2025 5
0.2055 5
0.2086 5
0.2117 5
0.2147 5
0.2178 5
0.2208 5
0.2239 5
0.2270 5
0.2300 5
0.2330 5
0.2361 5
0.2391 5
0.2421 5
0.2452 5
0.2482 5
0.2512 5
0.2543 5
0.2573 5
0.2604 5
0.2634 5
0.2664 5
0.2695 5
0.2725 5
0.2756 5
0.2787 5
0.2817 5
0.2847 5
0.2878 5
0.2908 5
0.2939 5
0.2969 5
0.3000 5
0.3031 5
0.3061 5
