0.0000 6
0.0031 6
0.0056 6
0.0083 6
0.0110 6
0.0135 6
0.0162 6
0.0163 5
0.0187 5
0.0213 5
0.0238 5
0.0263 5
0.0289 5
0.0314 5
0.0339 5
0.0364 5
0.0390 5
0.0415 5
0.0440 5
0.0465 5
0.0490 5
0.0515 5
0.0541 5
0.0566 5
0.0591 5
0.0616 5
0.0641 5
0.0666 5
0.0691 5
0.0716 5
0.0741 5
0.0767 5
0.0792 5
0.0817 5
0.0842 5
0.0867 5
0.0892 5
0.0918 5
0.0943 5
0.0968 5
0.0993 5
0.1018 5
0.1043 5
0.1068 5
0.1093 5
0.1118 5
0.1143 5
0.1168 5
0.1193 5
0.1218 5
0.1243 5
0.1268 5
0.1293 5
0.1319 5
0.1344 5
0.1369 5
0.1394 5
0.1419 5
0.1444 5
0.1469 5
0.1494 5
0.1519 5
0.1544 5
0.1569 5
0.1594 5
0.1620 5
0.1645 5
0.1670 5
0.1695 5
0.1720 5
0.1745 5
0.1770 5
0.1795 5
0.1820 5
0.1845 5
0.1870 5
0.1895 5
0.1920 5
0.1945 5
0.1970 5
0.1995 5
0.2021 5
0.2046 5
0.2072 5
0.2097 5
0.2122 5
0.2147 5
0.2172 5
0.2197 5
0.2222 5
0.2247 5
0.2272 5
0.2297 5
0.2322 5
0.2347 5
0.2372 5
0.2397 5
0.2423 5
0.2448 5
0.2473 5
0.2498 5
0.2523 5
0.2548 5
0.2573 5
0.2598 5
0.2623 5
0.2648 5
0.2673 5
