0.0000 5
0.0004 4
0.0032 4
0.0061 4
0.0097 4
0.0127 4
0.0156 4
0.0185 4
0.0215 4
0.0244 4
0.0273 4
0.0302 4
0.0330 4
0.0359 4
0.0388 4
0.0416 4
0.0445 4
0.0473 4
0.0502 4
0.0530 4
0.0559 4
0.0587 4
0.0616 4
0.0645 4
0.0674 4
0.0703 4
0.0732 4
0.0762 4
0.0791 4
0.0820 4
0.0849 4
0.0877 4
0.0906 4
0.0934 4
0.0966 4
0.0995 4
0.1024 4
0.1052 4
0.1082 4
0.1111 4
0.1140 4
0.1169 4
0.1198 4
0.1227 4
0.1255 4
0.1284 4
0.1313 4
0.1341 4
0.1370 4
0.1398 4
0.1427 4
0.1455 4
0.1484 4
0.1512 4
0.1541 4
0.1569 4
0.1598 4
0.1626 4
0.1655 4
0.1683 4
0.1712 4
0.1740 4
0.1769 4
0.1797 4
0.1826 4
0.1854 4
0.1883 4
0.1911 4
0.1940 4
0.1971 4
0.2000 4
0.2028 4
0.2057 4
0.2086 4
0.2115 4
0.2144 4
0.2172 4
0.2201 4
0.2229 4
0.2258 4
0.2286 4
0.2315 4
0.2343 4
0.2376 4
0.2412 4
0.2440 4
0.2469 4
0.2498 4
0.2527 4
0.2555 4
0.2584 4
0.2613 4
0.2642 4
0.2671 4
0.2700 4
0.2729 4
0.2758 4
0.2787 4
0.2817 4
0.2846 4
0.2874 4
0.2903 4
