0.0000 3
0.0002 2
0.0030 2
0.0054 2
0.0078 2
0.0101 2
0.0125 2
0.0148 2
0.0171 2
0.0196 2
0.0219 2
0.0242 2
0.0265 2
0.0288 2
0.0312 2
0.0335 2
0.0358 2
0.0381 2
0.0404 2
0.0429 2
0.0453 2
0.0476 2
0.0499 2
0.0522 2
0.0545 2
0.0568 2
0.0591 2
0.0614 2
0.0637 2
0.0660 2
0.0683 2
0.0705 2
0.0728 2
0.0751 2
0.0774 2
0.0797 2
0.0819 2
0.0844 2
0.0869 2
0.0893 2
0.0917 2
0.0940 2
0.0962 2
0.0986 2
0.1009 2
0.1032 2
0.1055 2
0.1078 2
0.1101 2
0.1124 2
0.1147 2
0.1170 2
0.1193 2
0.1216 2
0.1240 2
0.1263 2
0.1286 2
0.1309 2
0.1332 2
0.1355 2
0.1377 2
0.1400 2
0.1423 2
0.1446 2
0.1469 2
0.1492 2
0.1515 2
0.1538 2
0.1561 2
0.1584 2
0.1607 2
0.1629 2
0.1652 2
0.1675 2
0.1698 2
0.1721 2
0.1744 2
0.1767 2
0.1790 2
0.1813 2
0.1836 2
0.1858 2
0.1881 2
0.1904 2
0.1927 2
0.1950 2
0.1973 2
0.1995 2
0.2018 2
0.2041 2
0.2064 2
0.2088 2
0.2111 2
0.2134 2
0.2157 2
0.2180 2
0.2203 2
0.2226 2
0.2249 2
0.2272 2
0.2295 2
0.2318 2
