0.0000 3
0.0022 2
0.0033 2
0.0061 2
0.0090 2
0.0118 2
0.0147 2
0.0176 2
0.0203 2
0.0231 2
0.0260 2
0.0288 2
0.0316 2
0.0344 2
0.0372 2
0.0400 2
0.0427 2
0.0455 2
0.0483 2
0.0511 2
0.0539 2
0.0567 2
0.0594 2
0.0622 2
0.0650 2
0.0678 2
0.0705 2
0.0733 2
0.0761 2
0.0789 2
0.0817 2
0.0845 2
0.0873 2
0.0901 2
0.0929 2
0.0957 2
0.0985 2
0.1013 2
0.1041 2
0.1069 2
0.1096 2
0.1124 2
0.1152 2
0.1180 2
0.1207 2
0.1235 2
0.1263 2
0.1290 2
0.1318 2
0.1346 2
0.1373 2
0.1401 2
0.1429 2
0.1457 2
0.1484 2
0.1513 2
0.1540 2
0.1568 2
0.1595 2
0.1623 2
0.1651 2
0.1678 2
0.1706 2
0.1734 2
0.1761 2
0.1789 2
0.1816 2
0.1844 2
0.1872 2
0.1899 2
0.1927 2
0.1954 2
0.1982 2
0.2010 2
0.2037 2
0.2066 2
0.2093 2
0.2121 2
0.2149 2
0.2176 2
0.2204 2
0.2232 2
0.2260 2
0.2287 2
0.2315 2
0.2343 2
0.2371 2
0.2399 2
0.2427 2
0.2454 2
0.2482 2
0.2510 2
0.2537 2
0.2565 2
0.2593 2
0.2621 2
0.2649 2
0.2676 2
0.2704 2
0.2731 2
0.2759 2
0.2787 2
