0.0000 4
0.0003 3
0.0027 3
0.0052 3
0.0076 3
0.0101 3
0.0125 3
0.0150 3
0.0175 3
0.0198 3
0.0223 3
0.0246 3
0.0270 3
0.0293 3
0.0317 3
0.0340 3
0.0364 3
0.0387 3
0.0411 3
0.0434 3
0.0458 3
0.0481 3
0.0505 3
0.0528 3
0.0552 3
0.0576 3
0.0599 3
0.0622 3
0.0646 3
0.0669 3
0.0693 3
0.0716 3
0.0740 3
0.0763 3
0.0787 3
0.0810 3
0.0833 3
0.0857 3
0.0880 3
0.0904 3
0.0927 3
0.0951 3
0.0974 3
0.0998 3
0.1021 3
0.1045 3
0.1068 3
0.1092 3
0.1115 3
0.1139 3
0.1163 3
0.1186 3
0.1211 3
0.1234 3
0.1258 3
0.1281 3
0.1305 3
0.1329 3
0.1352 3
0.1376 3
0.1399 3
0.1423 3
0.1446 3
0.1469 3
0.1493 3
0.1516 3
0.1540 3
0.1563 3
0.1586 3
0.1610 3
0.1633 3
0.1657 3
0.1680 3
0.1704 3
0.1727 3
0.1750 3
0.1774 3
0.1797 3
0.1820 3
0.1844 3
0.1867 3
0.1890 3
0.1914 3
0.1937 3
0.1960 3
0.1984 3
0.2007 3
0.2030 3
0.2054 3
0.2078 3
0.2101 3
0.2124 3
0.2148 3
0.2171 3
0.2195 3
0.2218 3
0.2242 3
0.2265 3
0.2289 3
0.2312 3
0.2336 3
0.2359 3
