0.0000 3
0.0026 3
0.0051 3
0.0076 3
0.0100 3
0.0125 3
0.0150 3
0.0174 3
0.0199 3
0.0223 3
0.0246 3
0.0273 3
0.0297 3
0.0321 3
0.0345 3
0.0369 3
0.0393 3
0.0416 3
0.0440 3
0.0464 3
0.0488 3
0.0511 3
0.0535 3
0.0559 3
0.0582 3
0.0606 3
0.0629 3
0.0653 3
0.0677 3
0.0701 3
0.0726 3
0.0750 3
0.0773 3
0.0797 3
0.0821 3
0.0845 3
0.0869 3
0.0892 3
0.0916 3
0.0939 3
0.0963 3
0.0986 3
0.1010 3
0.1033 3
0.1057 3
0.1081 3
0.1104 3
0.1128 3
0.1152 3
0.1175 3
0.1199 3
0.1222 3
0.1245 3
0.1269 3
0.1292 3
0.1316 3
0.1340 3
0.1363 3
0.1387 3
0.1410 3
0.1434 3
0.1457 3
0.1481 3
0.1504 3
0.1527 3
0.1551 3
0.1574 3
0.1597 3
0.1621 3
0.1645 3
0.1668 3
0.1692 3
0.1715 3
0.1739 3
0.1762 3
0.1785 3
0.1809 3
0.1832 3
0.1856 3
0.1879 3
0.1903 3
0.1926 3
0.1950 3
0.1973 3
0.1998 3
0.2021 3
0.2045 3
0.2069 3
0.2093 3
0.2116 3
0.2140 3
0.2163 3
0.2187 3
0.2210 3
0.2234 3
0.2258 3
0.2281 3
0.2305 3
0.2328 3
0.2352 3
0.2376 3
