0.0000 3
0.0033 3
0.0063 3
0.0093 3
0.0124 3
0.0154 3
0.0184 3
0.0213 3
0.0242 3
0.0272 3
0.0301 3
0.0331 3
0.0360 3
0.0390 3
0.0419 3
0.0449 3
0.0479 3
0.0509 3
0.0538 3
0.0567 3
0.0596 3
0.0626 3
0.0655 3
0.0684 3
0.0713 3
0.0742 3
0.0772 3
0.0801 3
0.0830 3
0.0859 3
0.0889 3
0.0919 3
0.0949 3
0.0978 3
0.1007 3
0.1036 3
0.1065 3
0.1094 3
0.1123 3
0.1152 3
0.1182 3
0.1211 3
0.1240 3
0.1269 3
0.1298 3
0.1327 3
0.1356 3
0.1385 3
0.1414 3
0.1443 3
0.1472 3
0.1501 3
0.1530 3
0.1559 3
0.1589 3
0.1618 3
0.1647 3
0.1676 3
0.1705 3
0.1734 3
0.1764 3
0.1793 3
0.1822 3
0.1851 3
0.1881 3
0.1910 3
0.1939 3
0.1968 3
0.1997 3
0.2026 3
0.2056 3
0.2085 3
0.2114 3
0.2143 3
0.2172 3
0.2201 3
0.2231 3
0.2260 3
0.2289 3
0.2318 3
0.2347 3
0.2376 3
0.2405 3
0.2434 3
0.2463 3
0.2492 3
0.2522 3
0.2551 3
0.2580 3
0.2610 3
0.2639 3
0.2668 3
0.2697 3
0.2726 3
0.2756 3
0.2785 3
0.2814 3
0.2843 3
0.2872 3
0.2901 3
0.2930 3
