0.0000 3
0.0035 3
0.0064 3
0.0093 3
0.0122 3
0.0151 3
0.0180 3
0.0211 3
0.0240 3
0.0268 3
0.0297 3
0.0325 3
0.0353 3
0.0381 3
0.0410 3
0.0438 3
0.0466 3
0.0495 3
0.0523 3
0.0552 3
0.0580 3
0.0608 3
0.0637 3
0.0665 3
0.0693 3
0.0721 3
0.0750 3
0.0778 3
0.0806 3
0.0834 3
0.0862 3
0.0891 3
0.0920 3
0.0948 3
0.0976 3
0.1004 3
0.1032 3
0.1061 3
0.1089 3
0.1117 3
0.1145 3
0.1173 3
0.1201 3
0.1229 3
0.1257 3
0.1286 3
0.1314 3
0.1342 3
0.1370 3
0.1398 3
0.1427 3
0.1456 3
0.1484 3
0.1512 3
0.1541 3
0.1569 3
0.1597 3
0.1626 3
0.1654 3
0.1682 3
0.1710 3
0.1738 3
0.1766 3
0.1794 3
0.1822 3
0.1850 3
0.1878 3
0.1907 3
0.1935 3
0.1963 3
0.1991 3
0.2019 3
0.2047 3
0.2075 3
0.2103 3
0.2132 3
0.2160 3
0.2188 3
0.2216 3
0.2244 3
0.2272 3
0.2300 3
0.2329 3
0.2357 3
0.2385 3
0.2413 3
0.2441 3
0.2469 3
0.2497 3
0.2525 3
0.2554 3
0.2582 3
0.2611 3
0.2639 3
0.2667 3
0.2695 3
0.2723 3
0.2751 3
0.2779 3
0.2808 3
0.2836 3
