0.0000 3
0.0034 3
0.0037 2
0.0064 2
0.0093 2
0.0122 2
0.0151 2
0.0180 2
0.0208 2
0.0237 2
0.0265 2
0.0294 2
0.0322 2
0.0351 2
0.0379 2
0.0408 2
0.0436 2
0.0464 2
0.0493 2
0.0524 2
0.0554 2
0.0585 2
0.0616 2
0.0645 2
0.0675 2
0.0704 2
0.0734 2
0.0764 2
0.0792 2
0.0821 2
0.0851 2
0.0881 2
0.0909 2
0.0939 2
0.0968 2
0.0997 2
0.1026 2
0.1055 2
0.1085 2
0.1113 2
0.1142 2
0.1171 2
0.1200 2
0.1229 2
0.1257 2
0.1286 2
0.1314 2
0.1343 2
0.1371 2
0.1399 2
0.1428 2
0.1456 2
0.1484 2
0.1513 2
0.1541 2
0.1570 2
0.1598 2
0.1627 2
0.1655 2
0.1684 2
0.1712 2
0.1741 2
0.1770 2
0.1798 2
0.1827 2
0.1855 2
0.1886 2
0.1915 2
0.1944 2
0.1972 2
0.2001 2
0.2029 2
0.2058 2
0.2087 2
0.2116 2
0.2145 2
0.2173 2
0.2201 2
0.2230 2
0.2258 2
0.2288 2
0.2320 2
0.2349 2
0.2378 2
0.2406 2
0.2435 2
0.2463 2
0.2491 2
0.2520 2
0.2548 2
0.2576 2
0.2605 2
0.2634 2
0.2662 2
0.2691 2
0.2719 2
0.2747 2
0.2776 2
0.2804 2
0.2832 2
0.2860 2
0.2888 2
0.2917 2
