0.0000 3
0.0002 2
0.0033 2
0.0060 2
0.0088 2
0.0115 2
0.0143 2
0.0171 2
0.0198 2
0.0225 2
0.0252 2
0.0279 2
0.0306 2
0.0334 2
0.0361 2
0.0388 2
0.0415 2
0.0442 2
0.0469 2
0.0496 2
0.0523 2
0.0550 2
0.0577 2
0.0604 2
0.0631 2
0.0658 2
0.0685 2
0.0712 2
0.0739 2
0.0766 2
0.0792 2
0.0819 2
0.0846 2
0.0873 2
0.0900 2
0.0927 2
0.0954 2
0.0981 2
0.1009 2
0.1036 2
0.1063 2
0.1090 2
0.1117 2
0.1144 2
0.1172 2
0.1200 2
0.1227 2
0.1254 2
0.1281 2
0.1308 2
0.1335 2
0.1362 2
0.1389 2
0.1416 2
0.1443 2
0.1470 2
0.1497 2
0.1525 2
0.1553 2
0.1580 2
0.1607 2
0.1634 2
0.1661 2
0.1688 2
0.1715 2
0.1742 2
0.1769 2
0.1796 2
0.1823 2
0.1850 2
0.1877 2
0.1904 2
0.1931 2
0.1958 2
0.1985 2
0.2012 2
0.2039 2
0.2067 2
0.2094 2
0.2121 2
0.2148 2
0.2175 2
0.2202 2
0.2229 2
0.2256 2
0.2283 2
0.2310 2
0.2337 2
0.2363 2
0.2390 2
0.2417 2
0.2444 2
0.2471 2
0.2498 2
0.2524 2
0.2551 2
0.2579 2
0.2606 2
0.2632 2
0.2659 2
0.2686 2
0.2713 2
