0.0000 3
0.0006 2
0.0031 2
0.0058 2
0.0087 2
0.0115 2
0.0142 2
0.0170 2
0.0198 2
0.0225 2
0.0253 2
0.0281 2
0.0309 2
0.0336 2
0.0364 2
0.0392 2
0.0419 2
0.0447 2
0.0475 2
0.0503 2
0.0530 2
0.0558 2
0.0585 2
0.0613 2
0.0641 2
0.0669 2
0.0697 2
0.0724 2
0.0751 2
0.0778 2
0.0805 2
0.0832 2
0.0859 2
0.0887 2
0.0914 2
0.0941 2
0.0968 2
0.0995 2
0.1023 2
0.1050 2
0.1077 2
0.1104 2
0.1131 2
0.1159 2
0.1186 2
0.1213 2
0.1240 2
0.1267 2
0.1294 2
0.1321 2
0.1349 2
0.1376 2
0.1403 2
0.1430 2
0.1457 2
0.1484 2
0.1513 2
0.1543 2
0.1570 2
0.1598 2
0.1625 2
0.1652 2
0.1679 2
0.1706 2
0.1733 2
0.1761 2
0.1788 2
0.1815 2
0.1842 2
0.1869 2
0.1896 2
0.1924 2
0.1954 2
0.1982 2
0.2010 2
0.2037 2
0.2064 2
0.2092 2
0.2119 2
0.2146 2
0.2173 2
0.2201 2
0.2228 2
0.2255 2
0.2282 2
0.2309 2
0.2336 2
0.2363 2
0.2390 2
0.2417 2
0.2444 2
0.2471 2
0.2498 2
0.2525 2
0.2552 2
0.2580 2
0.2607 2
0.2634 2
0.2661 2
0.2688 2
0.2715 2
0.2742 2
