0.0000 4
0.0012 3
0.0028 3
0.0053 3
0.0079 3
0.0105 3
0.0130 3
0.0156 3
0.0181 3
0.0206 3
0.0231 3
0.0255 3
0.0280 3
0.0305 3
0.0330 3
0.0355 3
0.0379 3
0.0404 3
0.0429 3
0.0454 3
0.0479 3
0.0503 3
0.0528 3
0.0552 3
0.0577 3
0.0602 3
0.0626 3
0.0651 3
0.0675 3
0.0700 3
0.0724 3
0.0748 3
0.0773 3
0.0797 3
0.0822 3
0.0847 3
0.0871 3
0.0896 3
0.0921 3
0.0945 3
0.0970 3
0.0995 3
0.1019 3
0.1044 3
0.1069 3
0.1094 3
0.1119 3
0.1144 3
0.1169 3
0.1193 3
0.1218 3
0.1243 3
0.1267 3
0.1292 3
0.1317 3
0.1341 3
0.1366 3
0.1391 3
0.1416 3
0.1441 3
0.1466 3
0.1491 3
0.1516 3
0.1540 3
0.1565 3
0.1590 3
0.1614 3
0.1638 3
0.1663 3
0.1687 3
0.1712 3
0.1736 3
0.1761 3
0.1786 3
0.1810 3
0.1835 3
0.1859 3
0.1884 3
0.1908 3
0.1933 3
0.1957 3
0.1982 3
0.2007 3
0.2031 3
0.2056 3
0.2081 3
0.2106 3
0.2130 3
0.2155 3
0.2179 3
0.2204 3
0.2228 3
0.2253 3
0.2278 3
0.2302 3
0.2327 3
0.2352 3
0.2376 3
0.2401 3
0.2426 3
0.2450 3
0.2476 3
