0.0000 3
0.0035 3
0.0064 3
0.0093 3
0.0122 3
0.0151 3
0.0180 3
0.0209 3
0.0238 3
0.0266 3
0.0295 3
0.0323 3
0.0352 3
0.0380 3
0.0409 3
0.0437 3
0.0466 3
0.0494 3
0.0522 3
0.0551 3
0.0579 3
0.0608 3
0.0636 3
0.0664 3
0.0692 3
0.0721 3
0.0749 3
0.0779 3
0.0808 3
0.0837 3
0.0865 3
0.0894 3
0.0922 3
0.0950 3
0.0978 3
0.1006 3
0.1035 3
0.1063 3
0.1091 3
0.1120 3
0.1148 3
0.1176 3
0.1205 3
0.1233 3
0.1261 3
0.1289 3
0.1317 3
0.1346 3
0.1374 3
0.1402 3
0.1430 3
0.1458 3
0.1486 3
0.1515 3
0.1543 3
0.1571 3
0.1599 3
0.1628 3
0.1656 3
0.1684 3
0.1712 3
0.1740 3
0.1768 3
0.1796 3
0.1824 3
0.1853 3
0.1881 3
0.1909 3
0.1937 3
0.1966 3
0.1994 3
0.2022 3
0.2051 3
0.2079 3
0.2108 3
0.2136 3
0.2164 3
0.2192 3
0.2221 3
0.2249 3
0.2277 3
0.2305 3
0.2334 3
0.2362 3
0.2390 3
0.2419 3
0.2447 3
0.2475 3
0.2503 3
0.2531 3
0.2560 3
0.2588 3
0.2617 3
0.2645 3
0.2673 3
0.2701 3
0.2730 3
0.2758 3
0.2786 3
0.2815 3
0.2843 3
