0.0000 3
0.0011 2
0.0035 2
0.0064 2
0.0093 2
0.0123 2
0.0151 2
0.0181 2
0.0209 2
0.0238 2
0.0266 2
0.0295 2
0.0324 2
0.0352 2
0.0380 2
0.0409 2
0.0437 2
0.0467 2
0.0498 2
0.0526 2
0.0555 2
0.0583 2
0.0612 2
0.0640 2
0.0669 2
0.0697 2
0.0726 2
0.0755 2
0.0783 2
0.0812 2
0.0841 2
0.0870 2
0.0898 2
0.0927 2
0.0956 2
0.0984 2
0.1012 2
0.1041 2
0.1069 2
0.1098 2
0.1126 2
0.1155 2
0.1183 2
0.1212 2
0.1240 2
0.1268 2
0.1297 2
0.1325 2
0.1354 2
0.1382 2
0.1410 2
0.1439 2
0.1467 2
0.1495 2
0.1523 2
0.1552 2
0.1580 2
0.1609 2
0.1637 2
0.1665 2
0.1694 2
0.1722 2
0.1750 2
0.1779 2
0.1807 2
0.1835 2
0.1864 2
0.1892 2
0.1920 2
0.1949 2
0.1977 2
0.2006 2
0.2034 2
0.2062 2
0.2091 2
0.2119 2
0.2148 2
0.2176 2
0.2204 2
0.2233 2
0.2261 2
0.2289 2
0.2318 2
0.2347 2
0.2375 2
0.2404 2
0.2432 2
0.2461 2
0.2489 2
0.2518 2
0.2546 2
0.2575 2
0.2603 2
0.2631 2
0.2660 2
0.2689 2
0.2718 2
0.2746 2
0.2775 2
0.2803 2
0.2832 2
0.2860 2
