0.0000 3
0.0004 2
0.0030 2
0.0054 2
0.0077 2
0.0101 2
0.0124 2
0.0147 2
0.0170 2
0.0194 2
0.0216 2
0.0239 2
0.0261 2
0.0284 2
0.0307 2
0.0329 2
0.0352 2
0.0375 2
0.0397 2
0.0420 2
0.0442 2
0.0465 2
0.0487 2
0.0510 2
0.0532 2
0.0555 2
0.0577 2
0.0600 2
0.0622 2
0.0645 2
0.0667 2
0.0690 2
0.0712 2
0.0735 2
0.0757 2
0.0780 2
0.0803 2
0.0827 2
0.0851 2
0.0873 2
0.0896 2
0.0919 2
0.0941 2
0.0964 2
0.0986 2
0.1009 2
0.1031 2
0.1054 2
0.1076 2
0.1099 2
0.1121 2
0.1143 2
0.1166 2
0.1188 2
0.1210 2
0.1235 2
0.1259 2
0.1282 2
0.1306 2
0.1328 2
0.1350 2
0.1373 2
0.1396 2
0.1418 2
0.1441 2
0.1465 2
0.1487 2
0.1509 2
0.1532 2
0.1554 2
0.1576 2
0.1599 2
0.1621 2
0.1644 2
0.1666 2
0.1689 2
0.1711 2
0.1733 2
0.1755 2
0.1778 2
0.1800 2
0.1822 2
0.1844 2
0.1866 2
0.1888 2
0.1910 2
0.1933 2
0.1955 2
0.1977 2
0.2000 2
0.2022 2
0.2044 2
0.2066 2
0.2088 2
0.2111 2
0.2133 2
0.2155 2
0.2177 2
0.2199 2
0.2222 2
0.2244 2
0.2266 2
