0.0000 3
0.0002 2
0.0025 2
0.0049 2
0.0073 2
0.0097 2
0.0121 2
0.0145 2
0.0169 2
0.0192 2
0.0216 2
0.0240 2
0.0263 2
0.0287 2
0.0310 2
0.0333 2
0.0356 2
0.0379 2
0.0403 2
0.0426 2
0.0449 2
0.0472 2
0.0495 2
0.0518 2
0.0542 2
0.0565 2
0.0588 2
0.0611 2
0.0634 2
0.0657 2
0.0681 2
0.0704 2
0.0728 2
0.0751 2
0.0774 2
0.0797 2
0.0820 2
0.0843 2
0.0866 2
0.0889 2
0.0912 2
0.0936 2
0.0959 2
0.0982 2
0.1005 2
0.1028 2
0.1051 2
0.1074 2
0.1098 2
0.1123 2
0.1148 2
0.1172 2
0.1195 2
0.1219 2
0.1242 2
0.1265 2
0.1288 2
0.1311 2
0.1334 2
0.1357 2
0.1380 2
0.1403 2
0.1426 2
0.1449 2
0.1472 2
0.1495 2
0.1518 2
0.1544 2
0.1569 2
0.1593 2
0.1616 2
0.1639 2
0.1662 2
0.1687 2
0.1711 2
0.1734 2
0.1757 2
0.1780 2
0.1804 2
0.1827 2
0.1850 2
0.1873 2
0.1897 2
0.1920 2
0.1943 2
0.1966 2
0.1989 2
0.2012 2
0.2036 2
0.2059 2
0.2082 2
0.2106 2
0.2129 2
0.2152 2
0.2175 2
0.2198 2
0.2221 2
0.2244 2
0.2267 2
0.2290 2
0.2313 2
0.2336 2
