0.0000 5
0.0029 5
0.0034 4
0.0058 4
0.0086 4
0.0112 4
0.0139 4
0.0166 4
0.0192 4
0.0219 4
0.0246 4
0.0273 4
0.0300 4
0.0327 4
0.0354 4
0.0380 4
0.0408 4
0.0434 4
0.0461 4
0.0488 4
0.0515 4
0.0542 4
0.0569 4
0.0596 4
0.0622 4
0.0650 4
0.0676 4
0.0703 4
0.0729 4
0.0755 4
0.0781 4
0.0807 4
0.0833 4
0.0859 4
0.0886 4
0.0912 4
0.0939 4
0.0966 4
0.0992 4
0.1018 4
0.1045 4
0.1071 4
0.1097 4
0.1123 4
0.1149 4
0.1175 4
0.1201 4
0.1227 4
0.1253 4
0.1279 4
0.1305 4
0.1331 4
0.1357 4
0.1383 4
0.1409 4
0.1435 4
0.1461 4
0.1486 4
0.1513 4
0.1539 4
0.1565 4
0.1591 4
0.1617 4
0.1642 4
0.1668 4
0.1694 4
0.1720 4
0.1746 4
0.1773 4
0.1799 4
0.1824 4
0.1850 4
0.1876 4
0.1902 4
0.1928 4
0.1954 4
0.1980 4
0.2006 4
0.2032 4
0.2057 4
0.2084 4
0.2110 4
0.2136 4
0.2162 4
0.2188 4
0.2214 4
0.2240 4
0.2266 4
0.2294 4
0.2321 4
0.2347 4
0.2373 4
0.2399 4
0.2425 4
0.2450 4
0.2476 4
0.2502 4
0.2528 4
0.2554 4
0.2580 4
0.2606 4
0.2632 4
0.2658 4
