0.0000 3
0.0014 2
0.0030 2
0.0059 2
0.0088 2
0.0116 2
0.0145 2
0.0175 2
0.0203 2
0.0233 2
0.0264 2
0.0294 2
0.0322 2
0.0351 2
0.0380 2
0.0409 2
0.0437 2
0.0465 2
0.0494 2
0.0523 2
0.0551 2
0.0580 2
0.0608 2
0.0636 2
0.0666 2
0.0697 2
0.0725 2
0.0752 2
0.0780 2
0.0808 2
0.0836 2
0.0864 2
0.0892 2
0.0920 2
0.0947 2
0.0975 2
0.1003 2
0.1031 2
0.1060 2
0.1087 2
0.1115 2
0.1143 2
0.1171 2
0.1198 2
0.1226 2
0.1254 2
0.1282 2
0.1310 2
0.1337 2
0.1365 2
0.1393 2
0.1421 2
0.1449 2
0.1477 2
0.1504 2
0.1533 2
0.1561 2
0.1589 2
0.1617 2
0.1644 2
0.1672 2
0.1701 2
0.1729 2
0.1757 2
0.1785 2
0.1812 2
0.1840 2
0.1868 2
0.1896 2
0.1924 2
0.1952 2
0.1980 2
0.2008 2
0.2035 2
0.2063 2
0.2092 2
0.2119 2
0.2147 2
0.2175 2
0.2203 2
0.2231 2
0.2259 2
0.2286 2
0.2314 2
0.2342 2
0.2370 2
0.2398 2
0.2425 2
0.2453 2
0.2481 2
0.2509 2
0.2537 2
0.2564 2
0.2592 2
0.2620 2
0.2648 2
0.2675 2
0.2703 2
0.2731 2
0.2759 2
0.2787 2
0.2815 2
