0.0000 3
0.0007 2
0.0036 2
0.0063 2
0.0091 2
0.0119 2
0.0147 2
0.0174 2
0.0202 2
0.0230 2
0.0257 2
0.0284 2
0.0311 2
0.0338 2
0.0365 2
0.0393 2
0.0420 2
0.0447 2
0.0474 2
0.0502 2
0.0530 2
0.0557 2
0.0584 2
0.0611 2
0.0639 2
0.0666 2
0.0693 2
0.0720 2
0.0747 2
0.0775 2
0.0802 2
0.0829 2
0.0856 2
0.0883 2
0.0910 2
0.0938 2
0.0965 2
0.0992 2
0.1019 2
0.1046 2
0.1073 2
0.1101 2
0.1128 2
0.1155 2
0.1182 2
0.1209 2
0.1236 2
0.1263 2
0.1290 2
0.1317 2
0.1345 2
0.1372 2
0.1399 2
0.1426 2
0.1453 2
0.1480 2
0.1507 2
0.1534 2
0.1561 2
0.1589 2
0.1616 2
0.1643 2
0.1670 2
0.1697 2
0.1724 2
0.1752 2
0.1780 2
0.1807 2
0.1834 2
0.1862 2
0.1889 2
0.1916 2
0.1944 2
0.1971 2
0.1998 2
0.2026 2
0.2054 2
0.2082 2
0.2110 2
0.2137 2
0.2165 2
0.2192 2
0.2219 2
0.2246 2
0.2274 2
0.2301 2
0.2328 2
0.2356 2
0.2383 2
0.2410 2
0.2437 2
0.2465 2
0.2492 2
0.2519 2
0.2547 2
0.2574 2
0.2601 2
0.2629 2
0.2656 2
0.2683 2
0.2710 2
0.2737 2
