0.0000 4
0.0005 3
0.0034 3
0.0065 3
0.0096 3
0.0127 3
0.0157 3
0.0188 3
0.0219 3
0.0250 3
0.0280 3
0.0312 3
0.0343 3
0.0374 3
0.0404 3
0.0434 3
0.0466 3
0.0496 3
0.0526 3
0.0557 3
0.0587 3
0.0618 3
0.0648 3
0.0678 3
0.0709 3
0.0740 3
0.0770 3
0.0801 3
0.0831 3
0.0861 3
0.0892 3
0.0922 3
0.0952 3
0.0982 3
0.1012 3
0.1043 3
0.1073 3
0.1103 3
0.1133 3
0.1164 3
0.1194 3
0.1224 3
0.1254 3
0.1285 3
0.1315 3
0.1345 3
0.1375 3
0.1405 3
0.1436 3
0.1466 3
0.1496 3
0.1526 3
0.1556 3
0.1587 3
0.1617 3
0.1647 3
0.1677 3
0.1707 3
0.1737 3
0.1768 3
0.1798 3
0.1828 3
0.1858 3
0.1889 3
0.1919 3
0.1949 3
0.1980 3
0.2010 3
0.2040 3
0.2071 3
0.2101 3
0.2132 3
0.2162 3
0.2192 3
0.2222 3
0.2253 3
0.2283 3
0.2313 3
0.2343 3
0.2373 3
0.2404 3
0.2434 3
0.2464 3
0.2494 3
0.2524 3
0.2554 3
0.2584 3
0.2615 3
0.2646 3
0.2676 3
0.2706 3
0.2736 3
0.2767 3
0.2797 3
0.2827 3
0.2858 3
0.2888 3
0.2918 3
0.2949 3
0.2980 3
0.3011 3
0.3041 3
