0.0000 4
0.0004 3
0.0036 3
0.0066 3
0.0097 3
0.0127 3
0.0157 3
0.0187 3
0.0217 3
0.0247 3
0.0278 3
0.0308 3
0.0338 3
0.0368 3
0.0398 3
0.0428 3
0.0458 3
0.0487 3
0.0517 3
0.0547 3
0.0577 3
0.0607 3
0.0637 3
0.0666 3
0.0696 3
0.0726 3
0.0756 3
0.0785 3
0.0815 3
0.0845 3
0.0875 3
0.0904 3
0.0934 3
0.0964 3
0.0994 3
0.1024 3
0.1054 3
0.1083 3
0.1113 3
0.1143 3
0.1173 3
0.1202 3
0.1232 3
0.1262 3
0.1292 3
0.1322 3
0.1352 3
0.1382 3
0.1412 3
0.1441 3
0.1471 3
0.1500 3
0.1530 3
0.1560 3
0.1589 3
0.1619 3
0.1649 3
0.1679 3
0.1709 3
0.1739 3
0.1769 3
0.1799 3
0.1829 3
0.1859 3
0.1889 3
0.1919 3
0.1949 3
0.1978 3
0.2008 3
0.2038 3
0.2068 3
0.2099 3
0.2129 3
0.2159 3
0.2189 3
0.2219 3
0.2249 3
0.2279 3
0.2309 3
0.2340 3
0.2370 3
0.2400 3
0.2430 3
0.2461 3
0.2491 3
0.2521 3
0.2553 3
0.2583 3
0.2613 3
0.2643 3
0.2673 3
0.2703 3
0.2733 3
0.2763 3
0.2793 3
0.2823 3
0.2852 3
0.2882 3
0.2912 3
0.2942 3
0.2972 3
0.3002 3
