0.0000 5
0.0038 5
0.0068 5
0.0098 5
0.0129 5
0.0159 5
0.0189 5
0.0219 5
0.0249 5
0.0280 5
0.0310 5
0.0339 5
0.0369 5
0.0399 5
0.0428 5
0.0458 5
0.0488 5
0.0517 5
0.0547 5
0.0577 5
0.0606 5
0.0636 5
0.0665 5
0.0695 5
0.0725 5
0.0754 5
0.0784 5
0.0813 5
0.0843 5
0.0872 5
0.0902 5
0.0932 5
0.0961 5
0.0991 5
0.1020 5
0.1050 5
0.1079 5
0.1109 5
0.1139 5
0.1168 5
0.1198 5
0.1228 5
0.1257 5
0.1287 5
0.1316 5
0.1346 5
0.1376 5
0.1406 5
0.1436 5
0.1465 5
0.1495 5
0.1525 5
0.1554 5
0.1584 5
0.1614 5
0.1644 5
0.1674 5
0.1705 5
0.1735 5
0.1765 5
0.1795 5
0.1825 5
0.1854 5
0.1884 5
0.1914 5
0.1944 5
0.1973 5
0.2003 5
0.2033 5
0.2063 5
0.2093 5
0.2122 5
0.2152 5
0.2182 5
0.2211 5
0.2241 5
0.2270 5
0.2300 5
0.2329 5
0.2359 5
0.2389 5
0.2418 5
0.2448 5
0.2478 5
0.2508 5
0.2537 5
0.2567 5
0.2596 5
0.2626 5
0.2656 5
0.2685 5
0.2715 5
0.2745 5
0.2774 5
0.2804 5
0.2834 5
0.2863 5
0.2893 5
0.2923 5
0.2953 5
0.2985 5
