0.0000 5
0.0036 5
0.0063 5
0.0089 5
0.0105 4
0.0116 4
0.0142 4
0.0168 4
0.0194 4
0.0220 4
0.0246 4
0.0271 4
0.0297 4
0.0322 4
0.0348 4
0.0373 4
0.0399 4
0.0424 4
0.0449 4
0.0475 4
0.0500 4
0.0526 4
0.0551 4
0.0577 4
0.0603 4
0.0628 4
0.0653 4
0.0679 4
0.0704 4
0.0729 4
0.0755 4
0.0780 4
0.0806 4
0.0831 4
0.0857 4
0.0882 4
0.0908 4
0.0934 4
0.0959 4
0.0985 4
0.1010 4
0.1036 4
0.1061 4
0.1086 4
0.1111 4
0.1137 4
0.1162 4
0.1187 4
0.1212 4
0.1238 4
0.1263 4
0.1288 4
0.1314 4
0.1339 4
0.1364 4
0.1389 4
0.1415 4
0.1441 4
0.1466 4
0.1491 4
0.1517 4
0.1542 4
0.1567 4
0.1594 4
0.1619 4
0.1645 4
0.1671 4
0.1696 4
0.1721 4
0.1747 4
0.1773 4
0.1798 4
0.1823 4
0.1848 4
0.1875 4
0.1901 4
0.1927 4
0.1952 4
0.1977 4
0.2002 4
0.2028 4
0.2053 4
0.2079 4
0.2104 4
0.2129 4
0.2155 4
0.2180 4
0.2205 4
0.2231 4
0.2257 4
0.2282 4
0.2309 4
0.2334 4
0.2360 4
0.2385 4
0.2410 4
0.2435 4
0.2461 4
0.2486 4
0.2512 4
0.2538 4
0.2563 4
0.2589 4
0.2614 4
0.2639 4
