0.0000 4
0.0032 4
0.0057 4
0.0082 4
0.0107 4
0.0133 4
0.0157 4
0.0182 4
0.0208 4
0.0232 4
0.0258 4
0.0283 4
0.0308 4
0.0333 4
0.0358 4
0.0383 4
0.0408 4
0.0432 4
0.0457 4
0.0481 4
0.0506 4
0.0531 4
0.0555 4
0.0580 4
0.0605 4
0.0629 4
0.0654 4
0.0679 4
0.0703 4
0.0728 4
0.0754 4
0.0778 4
0.0803 4
0.0827 4
0.0853 4
0.0877 4
0.0902 4
0.0927 4
0.0951 4
0.0976 4
0.1000 4
0.1026 4
0.1050 4
0.1075 4
0.1101 4
0.1127 4
0.1154 4
0.1179 4
0.1204 4
0.1228 4
0.1253 4
0.1277 4
0.1302 4
0.1326 4
0.1351 4
0.1375 4
0.1400 4
0.1424 4
0.1449 4
0.1473 4
0.1498 4
0.1523 4
0.1550 4
0.1576 4
0.1601 4
0.1626 4
0.1650 4
0.1675 4
0.1700 4
0.1724 4
0.1748 4
0.1773 4
0.1797 4
0.1822 4
0.1846 4
0.1870 4
0.1895 4
0.1920 4
0.1944 4
0.1969 4
0.1993 4
0.2018 4
0.2042 4
0.2066 4
0.2091 4
0.2115 4
0.2140 4
0.2164 4
0.2188 4
0.2213 4
0.2237 4
0.2262 4
0.2286 4
0.2311 4
0.2335 4
0.2359 4
0.2384 4
0.2408 4
0.2433 4
0.2457 4
0.2481 4
