0.0000 3
0.0034 3
0.0064 3
0.0094 3
0.0125 3
0.0155 3
0.0186 3
0.0216 3
0.0246 3
0.0276 3
0.0306 3
0.0336 3
0.0366 3
0.0396 3
0.0426 3
0.0456 3
0.0486 3
0.0516 3
0.0546 3
0.0575 3
0.0605 3
0.0635 3
0.0664 3
0.0694 3
0.0724 3
0.0754 3
0.0783 3
0.0813 3
0.0843 3
0.0872 3
0.0902 3
0.0932 3
0.0962 3
0.0992 3
0.1022 3
0.1052 3
0.1081 3
0.1111 3
0.1140 3
0.1170 3
0.1200 3
0.1229 3
0.1259 3
0.1288 3
0.1318 3
0.1348 3
0.1377 3
0.1407 3
0.1437 3
0.1467 3
0.1496 3
0.1526 3
0.1556 3
0.1585 3
0.1615 3
0.1645 3
0.1675 3
0.1704 3
0.1735 3
0.1764 3
0.1794 3
0.1823 3
0.1853 3
0.1883 3
0.1912 3
0.1942 3
0.1971 3
0.2001 3
0.2030 3
0.2060 3
0.2090 3
0.2119 3
0.2149 3
0.2178 3
0.2208 3
0.2237 3
0.2267 3
0.2297 3
0.2327 3
0.2357 3
0.2386 3
0.2415 3
0.2445 3
0.2475 3
0.2504 3
0.2534 3
0.2564 3
0.2593 3
0.2623 3
0.2653 3
0.2682 3
0.2712 3
0.2742 3
0.2771 3
0.2801 3
0.2830 3
0.2859 3
0.2890 3
0.2919 3
0.2949 3
0.2978 3
