0.0000 3
0.0007 2
0.0029 2
0.0057 2
0.0084 2
0.0112 2
0.0139 2
0.0166 2
0.0193 2
0.0220 2
0.0247 2
0.0274 2
0.0301 2
0.0328 2
0.0355 2
0.0382 2
0.0409 2
0.0436 2
0.0465 2
0.0492 2
0.0519 2
0.0546 2
0.0573 2
0.0600 2
0.0627 2
0.0654 2
0.0681 2
0.0710 2
0.0737 2
0.0764 2
0.0791 2
0.0818 2
0.0846 2
0.0876 2
0.0903 2
0.0931 2
0.0958 2
0.0985 2
0.1012 2
0.1040 2
0.1067 2
0.1094 2
0.1121 2
0.1149 2
0.1176 2
0.1203 2
0.1230 2
0.1259 2
0.1288 2
0.1317 2
0.1344 2
0.1371 2
0.1398 2
0.1425 2
0.1452 2
0.1479 2
0.1506 2
0.1534 2
0.1561 2
0.1588 2
0.1616 2
0.1643 2
0.1670 2
0.1697 2
0.1724 2
0.1752 2
0.1779 2
0.1806 2
0.1833 2
0.1860 2
0.1887 2
0.1915 2
0.1942 2
0.1969 2
0.1996 2
0.2023 2
0.2051 2
0.2079 2
0.2108 2
0.2136 2
0.2164 2
0.2191 2
0.2219 2
0.2247 2
0.2274 2
0.2302 2
0.2329 2
0.2356 2
0.2383 2
0.2410 2
0.2437 2
0.2465 2
0.2492 2
0.2519 2
0.2546 2
0.2573 2
0.2600 2
0.2627 2
0.2655 2
0.2682 2
0.2709 2
0.2737 2
