0.0000 3
0.0002 2
0.0031 2
0.0060 2
0.0091 2
0.0121 2
0.0149 2
0.0178 2
0.0206 2
0.0234 2
0.0263 2
0.0290 2
0.0319 2
0.0346 2
0.0374 2
0.0403 2
0.0430 2
0.0459 2
0.0488 2
0.0519 2
0.0547 2
0.0576 2
0.0604 2
0.0632 2
0.0661 2
0.0689 2
0.0717 2
0.0745 2
0.0773 2
0.0800 2
0.0828 2
0.0856 2
0.0884 2
0.0912 2
0.0940 2
0.0967 2
0.0995 2
0.1023 2
0.1050 2
0.1078 2
0.1106 2
0.1133 2
0.1162 2
0.1190 2
0.1217 2
0.1245 2
0.1273 2
0.1300 2
0.1328 2
0.1356 2
0.1383 2
0.1411 2
0.1439 2
0.1466 2
0.1494 2
0.1521 2
0.1549 2
0.1577 2
0.1604 2
0.1632 2
0.1659 2
0.1687 2
0.1715 2
0.1742 2
0.1770 2
0.1797 2
0.1825 2
0.1852 2
0.1880 2
0.1907 2
0.1935 2
0.1962 2
0.1991 2
0.2019 2
0.2046 2
0.2075 2
0.2103 2
0.2131 2
0.2159 2
0.2187 2
0.2216 2
0.2244 2
0.2272 2
0.2299 2
0.2327 2
0.2355 2
0.2382 2
0.2410 2
0.2438 2
0.2465 2
0.2493 2
0.2521 2
0.2548 2
0.2576 2
0.2604 2
0.2632 2
0.2659 2
0.2687 2
0.2715 2
0.2743 2
0.2770 2
0.2798 2
