0.0000 5
0.0031 5
0.0056 5
0.0081 5
0.0107 5
0.0132 5
0.0156 5
0.0181 5
0.0205 5
0.0230 5
0.0255 5
0.0279 5
0.0304 5
0.0329 5
0.0353 5
0.0379 5
0.0404 5
0.0428 5
0.0453 5
0.0478 5
0.0502 5
0.0527 5
0.0552 5
0.0577 5
0.0601 5
0.0627 5
0.0651 5
0.0676 5
0.0701 5
0.0725 5
0.0750 5
0.0774 5
0.0799 5
0.0824 5
0.0848 5
0.0873 5
0.0897 5
0.0922 5
0.0947 5
0.0971 5
0.0996 5
0.1021 5
0.1045 5
0.1070 5
0.1094 5
0.1119 5
0.1143 5
0.1168 5
0.1193 5
0.1217 5
0.1242 5
0.1266 5
0.1291 5
0.1315 5
0.1340 5
0.1364 5
0.1389 5
0.1417 5
0.1441 5
0.1467 5
0.1491 5
0.1516 5
0.1540 5
0.1565 5
0.1590 5
0.1614 5
0.1638 5
0.1663 5
0.1687 5
0.1712 5
0.1736 5
0.1761 5
0.1785 5
0.1810 5
0.1834 5
0.1859 5
0.1883 5
0.1908 5
0.1932 5
0.1957 5
0.1981 5
0.2006 5
0.2030 5
0.2056 5
0.2083 5
0.2108 5
0.2132 5
0.2156 5
0.2181 5
0.2205 5
0.2230 5
0.2254 5
0.2279 5
0.2303 5
0.2328 5
0.2352 5
0.2376 5
0.2401 5
0.2425 5
0.2450 5
0.2476 5
