0.0000 5
0.0019 4
0.0042 4
0.0074 4
0.0106 4
0.0139 4
0.0171 4
0.0204 4
0.0236 4
0.0269 4
0.0301 4
0.0333 4
0.0365 4
0.0397 4
0.0429 4
0.0461 4
0.0492 4
0.0524 4
0.0556 4
0.0588 4
0.0620 4
0.0653 4
0.0684 4
0.0716 4
0.0748 4
0.0779 4
0.0812 4
0.0844 4
0.0876 4
0.0908 4
0.0940 4
0.0972 4
0.1005 4
0.1038 4
0.1069 4
0.1102 4
0.1133 4
0.1165 4
0.1198 4
0.1229 4
0.1261 4
0.1292 4
0.1324 4
0.1355 4
0.1386 4
0.1418 4
0.1450 4
0.1481 4
0.1513 4
0.1544 4
0.1576 4
0.1607 4
0.1639 4
0.1670 4
0.1702 4
0.1733 4
0.1765 4
0.1797 4
0.1828 4
0.1860 4
0.1891 4
0.1923 4
0.1954 4
0.1986 4
0.2017 4
0.2051 4
0.2084 4
0.2117 4
0.2149 4
0.2181 4
0.2214 4
0.2246 4
0.2279 4
0.2311 4
0.2344 4
0.2376 4
0.2409 4
0.2442 4
0.2474 4
0.2506 4
0.2538 4
0.2571 4
0.2603 4
0.2635 4
0.2667 4
0.2698 4
0.2730 4
0.2761 4
0.2793 4
0.2824 4
0.2855 4
0.2887 4
0.2919 4
0.2950 4
0.2982 4
0.3013 4
0.3045 4
0.3076 4
0.3108 4
0.3139 4
0.3171 4
0.3203 4
