0.0000 3
0.0021 2
0.0034 2
0.0063 2
0.0092 2
0.0121 2
0.0150 2
0.0180 2
0.0209 2
0.0238 2
0.0266 2
0.0295 2
0.0324 2
0.0353 2
0.0381 2
0.0410 2
0.0439 2
0.0468 2
0.0496 2
0.0525 2
0.0553 2
0.0582 2
0.0611 2
0.0640 2
0.0668 2
0.0697 2
0.0726 2
0.0754 2
0.0783 2
0.0811 2
0.0840 2
0.0869 2
0.0897 2
0.0926 2
0.0954 2
0.0983 2
0.1012 2
0.1040 2
0.1069 2
0.1097 2
0.1126 2
0.1155 2
0.1183 2
0.1212 2
0.1241 2
0.1269 2
0.1299 2
0.1328 2
0.1356 2
0.1385 2
0.1414 2
0.1442 2
0.1471 2
0.1500 2
0.1528 2
0.1557 2
0.1585 2
0.1614 2
0.1643 2
0.1672 2
0.1700 2
0.1729 2
0.1758 2
0.1786 2
0.1815 2
0.1843 2
0.1872 2
0.1900 2
0.1929 2
0.1958 2
0.1986 2
0.2015 2
0.2043 2
0.2072 2
0.2100 2
0.2129 2
0.2157 2
0.2185 2
0.2214 2
0.2243 2
0.2272 2
0.2303 2
0.2333 2
0.2361 2
0.2391 2
0.2421 2
0.2450 2
0.2479 2
0.2509 2
0.2538 2
0.2568 2
0.2597 2
0.2627 2
0.2656 2
0.2685 2
0.2714 2
0.2744 2
0.2774 2
0.2802 2
0.2831 2
0.2861 2
0.2890 2
