0.0000 4
0.0028 4
0.0045 3
0.0053 3
0.0078 3
0.0102 3
0.0126 3
0.0151 3
0.0175 3
0.0199 3
0.0224 3
0.0248 3
0.0272 3
0.0297 3
0.0321 3
0.0345 3
0.0370 3
0.0394 3
0.0418 3
0.0442 3
0.0466 3
0.0490 3
0.0514 3
0.0539 3
0.0563 3
0.0589 3
0.0614 3
0.0639 3
0.0664 3
0.0688 3
0.0713 3
0.0738 3
0.0762 3
0.0787 3
0.0811 3
0.0835 3
0.0859 3
0.0884 3
0.0908 3
0.0932 3
0.0956 3
0.0980 3
0.1005 3
0.1029 3
0.1053 3
0.1077 3
0.1102 3
0.1126 3
0.1150 3
0.1175 3
0.1199 3
0.1223 3
0.1247 3
0.1272 3
0.1296 3
0.1320 3
0.1344 3
0.1368 3
0.1392 3
0.1417 3
0.1441 3
0.1465 3
0.1489 3
0.1513 3
0.1537 3
0.1561 3
0.1585 3
0.1609 3
0.1633 3
0.1657 3
0.1681 3
0.1705 3
0.1728 3
0.1752 3
0.1776 3
0.1800 3
0.1824 3
0.1848 3
0.1872 3
0.1896 3
0.1920 3
0.1944 3
0.1969 3
0.1993 3
0.2020 3
0.2044 3
0.2069 3
0.2093 3
0.2117 3
0.2141 3
0.2165 3
0.2189 3
0.2213 3
0.2237 3
0.2261 3
0.2285 3
0.2309 3
0.2333 3
0.2357 3
0.2381 3
0.2404 3
0.2429 3
0.2453 3
