0.0000 3
0.0013 2
0.0032 2
0.0055 2
0.0080 2
0.0103 2
0.0128 2
0.0152 2
0.0175 2
0.0199 2
0.0223 2
0.0247 2
0.0270 2
0.0293 2
0.0316 2
0.0340 2
0.0363 2
0.0386 2
0.0409 2
0.0432 2
0.0455 2
0.0478 2
0.0501 2
0.0525 2
0.0548 2
0.0571 2
0.0594 2
0.0618 2
0.0641 2
0.0665 2
0.0688 2
0.0711 2
0.0734 2
0.0758 2
0.0781 2
0.0804 2
0.0827 2
0.0850 2
0.0873 2
0.0896 2
0.0921 2
0.0946 2
0.0971 2
0.0995 2
0.1019 2
0.1043 2
0.1067 2
0.1092 2
0.1116 2
0.1139 2
0.1163 2
0.1187 2
0.1210 2
0.1235 2
0.1258 2
0.1281 2
0.1304 2
0.1327 2
0.1350 2
0.1373 2
0.1396 2
0.1419 2
0.1442 2
0.1465 2
0.1488 2
0.1511 2
0.1534 2
0.1557 2
0.1581 2
0.1604 2
0.1627 2
0.1650 2
0.1673 2
0.1696 2
0.1719 2
0.1742 2
0.1766 2
0.1789 2
0.1812 2
0.1835 2
0.1858 2
0.1881 2
0.1904 2
0.1928 2
0.1951 2
0.1974 2
0.1997 2
0.2020 2
0.2043 2
0.2066 2
0.2090 2
0.2113 2
0.2136 2
0.2160 2
0.2183 2
0.2206 2
0.2229 2
0.2252 2
0.2275 2
0.2298 2
0.2321 2
0.2344 2
