0.0000 3
0.0032 3
0.0062 3
0.0090 3
0.0119 3
0.0148 3
0.0176 3
0.0204 3
0.0232 3
0.0260 3
0.0289 3
0.0317 3
0.0345 3
0.0373 3
0.0401 3
0.0429 3
0.0457 3
0.0485 3
0.0513 3
0.0541 3
0.0569 3
0.0597 3
0.0626 3
0.0654 3
0.0682 3
0.0710 3
0.0738 3
0.0766 3
0.0794 3
0.0822 3
0.0850 3
0.0878 3
0.0906 3
0.0935 3
0.0963 3
0.0991 3
0.1019 3
0.1047 3
0.1075 3
0.1103 3
0.1131 3
0.1159 3
0.1187 3
0.1216 3
0.1244 3
0.1272 3
0.1300 3
0.1328 3
0.1356 3
0.1384 3
0.1412 3
0.1440 3
0.1468 3
0.1497 3
0.1525 3
0.1553 3
0.1581 3
0.1609 3
0.1637 3
0.1665 3
0.1693 3
0.1721 3
0.1749 3
0.1777 3
0.1805 3
0.1833 3
0.1861 3
0.1889 3
0.1917 3
0.1945 3
0.1973 3
0.2001 3
0.2029 3
0.2057 3
0.2086 3
0.2114 3
0.2142 3
0.2170 3
0.2198 3
0.2226 3
0.2254 3
0.2283 3
0.2311 3
0.2339 3
0.2367 3
0.2395 3
0.2423 3
0.2451 3
0.2480 3
0.2508 3
0.2536 3
0.2565 3
0.2593 3
0.2621 3
0.2649 3
0.2677 3
0.2705 3
0.2733 3
0.2761 3
0.2789 3
0.2817 3
