0.0000 4
0.0007 3
0.0032 3
0.0062 3
0.0093 3
0.0124 3
0.0153 3
0.0183 3
0.0214 3
0.0244 3
0.0273 3
0.0303 3
0.0332 3
0.0362 3
0.0392 3
0.0421 3
0.0452 3
0.0481 3
0.0510 3
0.0539 3
0.0569 3
0.0598 3
0.0628 3
0.0657 3
0.0686 3
0.0716 3
0.0745 3
0.0774 3
0.0804 3
0.0833 3
0.0863 3
0.0893 3
0.0922 3
0.0951 3
0.0981 3
0.1011 3
0.1040 3
0.1070 3
0.1101 3
0.1130 3
0.1160 3
0.1189 3
0.1218 3
0.1248 3
0.1277 3
0.1306 3
0.1336 3
0.1365 3
0.1395 3
0.1424 3
0.1453 3
0.1483 3
0.1512 3
0.1542 3
0.1571 3
0.1600 3
0.1630 3
0.1659 3
0.1689 3
0.1719 3
0.1748 3
0.1778 3
0.1807 3
0.1837 3
0.1866 3
0.1896 3
0.1925 3
0.1954 3
0.1984 3
0.2013 3
0.2043 3
0.2072 3
0.2103 3
0.2132 3
0.2161 3
0.2191 3
0.2220 3
0.2249 3
0.2279 3
0.2308 3
0.2338 3
0.2367 3
0.2396 3
0.2426 3
0.2455 3
0.2485 3
0.2514 3
0.2543 3
0.2573 3
0.2602 3
0.2632 3
0.2661 3
0.2690 3
0.2720 3
0.2749 3
0.2778 3
0.2808 3
0.2837 3
0.2866 3
0.2896 3
0.2925 3
0.2955 3
