0.0000 3
0.0014 2
0.0031 2
0.0055 2
0.0079 2
0.0102 2
0.0126 2
0.0149 2
0.0173 2
0.0197 2
0.0220 2
0.0244 2
0.0267 2
0.0291 2
0.0313 2
0.0336 2
0.0360 2
0.0383 2
0.0406 2
0.0429 2
0.0452 2
0.0475 2
0.0498 2
0.0521 2
0.0544 2
0.0567 2
0.0590 2
0.0613 2
0.0636 2
0.0659 2
0.0682 2
0.0705 2
0.0728 2
0.0751 2
0.0774 2
0.0799 2
0.0822 2
0.0847 2
0.0871 2
0.0895 2
0.0919 2
0.0942 2
0.0967 2
0.0990 2
0.1014 2
0.1038 2
0.1061 2
0.1085 2
0.1109 2
0.1133 2
0.1157 2
0.1181 2
0.1205 2
0.1228 2
0.1252 2
0.1276 2
0.1299 2
0.1323 2
0.1346 2
0.1370 2
0.1393 2
0.1416 2
0.1440 2
0.1463 2
0.1486 2
0.1509 2
0.1532 2
0.1555 2
0.1578 2
0.1602 2
0.1625 2
0.1648 2
0.1671 2
0.1694 2
0.1717 2
0.1740 2
0.1763 2
0.1787 2
0.1810 2
0.1833 2
0.1856 2
0.1879 2
0.1903 2
0.1926 2
0.1949 2
0.1972 2
0.1995 2
0.2018 2
0.2041 2
0.2065 2
0.2089 2
0.2112 2
0.2136 2
0.2159 2
0.2182 2
0.2206 2
0.2229 2
0.2253 2
0.2277 2
0.2301 2
0.2324 2
0.2347 2
