0.0000 3
0.0027 3
0.0051 3
0.0076 3
0.0100 3
0.0124 3
0.0149 3
0.0173 3
0.0198 3
0.0222 3
0.0247 3
0.0271 3
0.0295 3
0.0320 3
0.0344 3
0.0367 3
0.0391 3
0.0416 3
0.0440 3
0.0464 3
0.0487 3
0.0511 3
0.0534 3
0.0558 3
0.0582 3
0.0605 3
0.0629 3
0.0652 3
0.0676 3
0.0700 3
0.0724 3
0.0748 3
0.0771 3
0.0795 3
0.0818 3
0.0842 3
0.0866 3
0.0889 3
0.0913 3
0.0936 3
0.0959 3
0.0983 3
0.1006 3
0.1030 3
0.1053 3
0.1076 3
0.1100 3
0.1123 3
0.1146 3
0.1170 3
0.1194 3
0.1217 3
0.1241 3
0.1264 3
0.1288 3
0.1311 3
0.1334 3
0.1358 3
0.1381 3
0.1404 3
0.1428 3
0.1452 3
0.1476 3
0.1499 3
0.1523 3
0.1547 3
0.1570 3
0.1594 3
0.1618 3
0.1641 3
0.1665 3
0.1688 3
0.1712 3
0.1736 3
0.1759 3
0.1783 3
0.1807 3
0.1830 3
0.1854 3
0.1878 3
0.1901 3
0.1925 3
0.1949 3
0.1972 3
0.1996 3
0.2020 3
0.2043 3
0.2067 3
0.2091 3
0.2116 3
0.2139 3
0.2163 3
0.2187 3
0.2210 3
0.2234 3
0.2258 3
0.2282 3
0.2306 3
0.2329 3
0.2353 3
0.2377 3
