0.0000 3
0.0002 2
0.0026 2
0.0049 2
0.0072 2
0.0095 2
0.0119 2
0.0142 2
0.0165 2
0.0188 2
0.0211 2
0.0236 2
0.0258 2
0.0282 2
0.0305 2
0.0328 2
0.0352 2
0.0374 2
0.0398 2
0.0420 2
0.0444 2
0.0467 2
0.0490 2
0.0513 2
0.0536 2
0.0560 2
0.0582 2
0.0606 2
0.0629 2
0.0652 2
0.0675 2
0.0698 2
0.0722 2
0.0744 2
0.0767 2
0.0790 2
0.0812 2
0.0835 2
0.0858 2
0.0880 2
0.0903 2
0.0926 2
0.0948 2
0.0971 2
0.0994 2
0.1017 2
0.1040 2
0.1063 2
0.1086 2
0.1108 2
0.1131 2
0.1154 2
0.1177 2
0.1199 2
0.1222 2
0.1244 2
0.1267 2
0.1289 2
0.1312 2
0.1335 2
0.1358 2
0.1380 2
0.1403 2
0.1425 2
0.1448 2
0.1471 2
0.1493 2
0.1516 2
0.1539 2
0.1562 2
0.1584 2
0.1607 2
0.1629 2
0.1652 2
0.1675 2
0.1697 2
0.1720 2
0.1743 2
0.1766 2
0.1789 2
0.1811 2
0.1834 2
0.1856 2
0.1879 2
0.1902 2
0.1925 2
0.1948 2
0.1971 2
0.1993 2
0.2016 2
0.2039 2
0.2062 2
0.2086 2
0.2108 2
0.2131 2
0.2154 2
0.2176 2
0.2199 2
0.2222 2
0.2244 2
0.2267 2
0.2290 2
