0.0000 4
0.0008 3
0.0032 3
0.0063 3
0.0094 3
0.0124 3
0.0154 3
0.0185 3
0.0214 3
0.0245 3
0.0275 3
0.0305 3
0.0335 3
0.0365 3
0.0395 3
0.0425 3
0.0455 3
0.0485 3
0.0514 3
0.0544 3
0.0574 3
0.0604 3
0.0634 3
0.0665 3
0.0694 3
0.0724 3
0.0754 3
0.0783 3
0.0813 3
0.0843 3
0.0873 3
0.0903 3
0.0932 3
0.0962 3
0.0992 3
0.1022 3
0.1051 3
0.1081 3
0.1111 3
0.1140 3
0.1170 3
0.1200 3
0.1230 3
0.1260 3
0.1290 3
0.1319 3
0.1349 3
0.1379 3
0.1409 3
0.1439 3
0.1469 3
0.1499 3
0.1529 3
0.1559 3
0.1589 3
0.1619 3
0.1649 3
0.1679 3
0.1710 3
0.1739 3
0.1770 3
0.1800 3
0.1830 3
0.1860 3
0.1890 3
0.1920 3
0.1949 3
0.1979 3
0.2009 3
0.2039 3
0.2069 3
0.2100 3
0.2130 3
0.2160 3
0.2190 3
0.2219 3
0.2249 3
0.2279 3
0.2309 3
0.2339 3
0.2368 3
0.2398 3
0.2428 3
0.2458 3
0.2488 3
0.2518 3
0.2548 3
0.2578 3
0.2608 3
0.2638 3
0.2669 3
0.2699 3
0.2728 3
0.2758 3
0.2788 3
0.2818 3
0.2849 3
0.2879 3
0.2910 3
0.2940 3
0.2973 3
0.3004 3
