0.0000 3
0.0025 3
0.0050 3
0.0074 3
0.0098 3
0.0122 3
0.0146 3
0.0170 3
0.0194 3
0.0218 3
0.0242 3
0.0266 3
0.0290 3
0.0313 3
0.0337 3
0.0360 3
0.0384 3
0.0407 3
0.0430 3
0.0453 3
0.0477 3
0.0500 3
0.0523 3
0.0547 3
0.0570 3
0.0593 3
0.0616 3
0.0639 3
0.0663 3
0.0686 3
0.0709 3
0.0732 3
0.0755 3
0.0778 3
0.0802 3
0.0825 3
0.0848 3
0.0871 3
0.0894 3
0.0918 3
0.0941 3
0.0964 3
0.0987 3
0.1011 3
0.1034 3
0.1057 3
0.1081 3
0.1104 3
0.1127 3
0.1150 3
0.1174 3
0.1197 3
0.1220 3
0.1243 3
0.1266 3
0.1290 3
0.1313 3
0.1336 3
0.1359 3
0.1383 3
0.1406 3
0.1429 3
0.1453 3
0.1477 3
0.1501 3
0.1524 3
0.1548 3
0.1572 3
0.1595 3
0.1619 3
0.1642 3
0.1666 3
0.1689 3
0.1713 3
0.1736 3
0.1760 3
0.1783 3
0.1810 3
0.1835 3
0.1861 3
0.1886 3
0.1909 3
0.1934 3
0.1959 3
0.1983 3
0.2007 3
0.2031 3
0.2056 3
0.2080 3
0.2104 3
0.2129 3
0.2153 3
0.2177 3
0.2201 3
0.2225 3
0.2249 3
0.2273 3
0.2297 3
0.2321 3
0.2345 3
0.2369 3
