0.0000 4
0.0006 3
0.0034 3
0.0064 3
0.0094 3
0.0124 3
0.0154 3
0.0185 3
0.0215 3
0.0244 3
0.0274 3
0.0303 3
0.0333 3
0.0362 3
0.0392 3
0.0421 3
0.0451 3
0.0480 3
0.0510 3
0.0539 3
0.0569 3
0.0599 3
0.0628 3
0.0658 3
0.0687 3
0.0716 3
0.0746 3
0.0775 3
0.0805 3
0.0834 3
0.0863 3
0.0893 3
0.0922 3
0.0951 3
0.0980 3
0.1010 3
0.1043 3
0.1073 3
0.1102 3
0.1132 3
0.1161 3
0.1192 3
0.1221 3
0.1251 3
0.1280 3
0.1309 3
0.1339 3
0.1368 3
0.1398 3
0.1428 3
0.1461 3
0.1491 3
0.1523 3
0.1552 3
0.1582 3
0.1612 3
0.1642 3
0.1672 3
0.1701 3
0.1731 3
0.1760 3
0.1789 3
0.1818 3
0.1848 3
0.1877 3
0.1907 3
0.1936 3
0.1966 3
0.1995 3
0.2024 3
0.2054 3
0.2084 3
0.2114 3
0.2143 3
0.2172 3
0.2202 3
0.2231 3
0.2260 3
0.2289 3
0.2319 3
0.2348 3
0.2378 3
0.2407 3
0.2436 3
0.2466 3
0.2496 3
0.2527 3
0.2556 3
0.2587 3
0.2616 3
0.2648 3
0.2677 3
0.2707 3
0.2736 3
0.2765 3
0.2794 3
0.2824 3
0.2853 3
0.2883 3
0.2912 3
0.2942 3
0.2971 3
