0.0000 3
0.0016 2
0.0035 2
0.0063 2
0.0091 2
0.0119 2
0.0146 2
0.0174 2
0.0202 2
0.0229 2
0.0257 2
0.0285 2
0.0312 2
0.0339 2
0.0367 2
0.0393 2
0.0420 2
0.0447 2
0.0474 2
0.0501 2
0.0528 2
0.0555 2
0.0581 2
0.0608 2
0.0636 2
0.0666 2
0.0693 2
0.0720 2
0.0747 2
0.0773 2
0.0800 2
0.0827 2
0.0854 2
0.0880 2
0.0907 2
0.0934 2
0.0961 2
0.0988 2
0.1015 2
0.1042 2
0.1072 2
0.1101 2
0.1128 2
0.1155 2
0.1182 2
0.1210 2
0.1237 2
0.1264 2
0.1291 2
0.1318 2
0.1345 2
0.1372 2
0.1399 2
0.1426 2
0.1453 2
0.1480 2
0.1507 2
0.1534 2
0.1561 2
0.1588 2
0.1615 2
0.1642 2
0.1669 2
0.1696 2
0.1723 2
0.1750 2
0.1777 2
0.1804 2
0.1831 2
0.1859 2
0.1886 2
0.1913 2
0.1940 2
0.1967 2
0.1994 2
0.2021 2
0.2047 2
0.2074 2
0.2102 2
0.2129 2
0.2156 2
0.2183 2
0.2210 2
0.2237 2
0.2263 2
0.2294 2
0.2321 2
0.2348 2
0.2375 2
0.2402 2
0.2429 2
0.2456 2
0.2483 2
0.2510 2
0.2537 2
0.2564 2
0.2591 2
0.2618 2
0.2645 2
0.2672 2
0.2699 2
0.2726 2
