0.0000 5
0.0038 5
0.0044 4
0.0071 4
0.0104 4
0.0136 4
0.0169 4
0.0202 4
0.0234 4
0.0266 4
0.0300 4
0.0332 4
0.0363 4
0.0395 4
0.0426 4
0.0458 4
0.0489 4
0.0521 4
0.0552 4
0.0584 4
0.0615 4
0.0647 4
0.0679 4
0.0710 4
0.0742 4
0.0773 4
0.0805 4
0.0836 4
0.0868 4
0.0899 4
0.0931 4
0.0962 4
0.0994 4
0.1025 4
0.1056 4
0.1088 4
0.1119 4
0.1150 4
0.1182 4
0.1213 4
0.1245 4
0.1277 4
0.1310 4
0.1343 4
0.1376 4
0.1408 4
0.1441 4
0.1473 4
0.1505 4
0.1538 4
0.1570 4
0.1603 4
0.1635 4
0.1667 4
0.1700 4
0.1732 4
0.1765 4
0.1797 4
0.1828 4
0.1861 4
0.1893 4
0.1925 4
0.1956 4
0.1988 4
0.2020 4
0.2051 4
0.2084 4
0.2115 4
0.2148 4
0.2179 4
0.2211 4
0.2242 4
0.2274 4
0.2305 4
0.2337 4
0.2368 4
0.2400 4
0.2431 4
0.2463 4
0.2495 4
0.2527 4
0.2558 4
0.2590 4
0.2622 4
0.2653 4
0.2685 4
0.2716 4
0.2748 4
0.2779 4
0.2811 4
0.2842 4
0.2874 4
0.2905 4
0.2937 4
0.2968 4
0.3000 4
0.3031 4
0.3063 4
0.3095 4
0.3126 4
0.3161 4
0.3193 4
0.3225 4
