0.0000 4
0.0014 3
0.0027 3
0.0051 3
0.0076 3
0.0102 3
0.0126 3
0.0151 3
0.0176 3
0.0201 3
0.0226 3
0.0251 3
0.0275 3
0.0300 3
0.0324 3
0.0349 3
0.0374 3
0.0398 3
0.0424 3
0.0448 3
0.0472 3
0.0497 3
0.0521 3
0.0546 3
0.0571 3
0.0595 3
0.0620 3
0.0645 3
0.0670 3
0.0694 3
0.0718 3
0.0742 3
0.0766 3
0.0790 3
0.0814 3
0.0838 3
0.0862 3
0.0886 3
0.0911 3
0.0935 3
0.0959 3
0.0983 3
0.1007 3
0.1031 3
0.1055 3
0.1079 3
0.1103 3
0.1127 3
0.1151 3
0.1175 3
0.1199 3
0.1224 3
0.1248 3
0.1272 3
0.1297 3
0.1321 3
0.1345 3
0.1370 3
0.1397 3
0.1421 3
0.1445 3
0.1470 3
0.1494 3
0.1518 3
0.1542 3
0.1566 3
0.1590 3
0.1614 3
0.1638 3
0.1662 3
0.1686 3
0.1710 3
0.1734 3
0.1758 3
0.1784 3
0.1810 3
0.1835 3
0.1859 3
0.1883 3
0.1908 3
0.1932 3
0.1956 3
0.1980 3
0.2004 3
0.2029 3
0.2053 3
0.2077 3
0.2102 3
0.2126 3
0.2150 3
0.2175 3
0.2199 3
0.2223 3
0.2247 3
0.2272 3
0.2296 3
0.2320 3
0.2345 3
0.2369 3
0.2393 3
0.2419 3
0.2443 3
