0.0000 3
0.0012 2
0.0031 2
0.0058 2
0.0086 2
0.0114 2
0.0142 2
0.0170 2
0.0197 2
0.0224 2
0.0251 2
0.0278 2
0.0305 2
0.0332 2
0.0359 2
0.0386 2
0.0413 2
0.0441 2
0.0468 2
0.0496 2
0.0523 2
0.0550 2
0.0577 2
0.0604 2
0.0631 2
0.0658 2
0.0685 2
0.0712 2
0.0739 2
0.0766 2
0.0793 2
0.0820 2
0.0847 2
0.0874 2
0.0901 2
0.0928 2
0.0955 2
0.0982 2
0.1009 2
0.1036 2
0.1063 2
0.1090 2
0.1117 2
0.1144 2
0.1171 2
0.1197 2
0.1224 2
0.1251 2
0.1278 2
0.1305 2
0.1332 2
0.1359 2
0.1386 2
0.1413 2
0.1440 2
0.1467 2
0.1494 2
0.1522 2
0.1550 2
0.1577 2
0.1605 2
0.1632 2
0.1659 2
0.1687 2
0.1714 2
0.1740 2
0.1768 2
0.1795 2
0.1822 2
0.1849 2
0.1876 2
0.1904 2
0.1931 2
0.1958 2
0.1986 2
0.2013 2
0.2040 2
0.2067 2
0.2095 2
0.2123 2
0.2151 2
0.2178 2
0.2206 2
0.2233 2
0.2260 2
0.2287 2
0.2314 2
0.2341 2
0.2368 2
0.2395 2
0.2422 2
0.2448 2
0.2475 2
0.2502 2
0.2529 2
0.2556 2
0.2583 2
0.2610 2
0.2636 2
0.2663 2
0.2690 2
0.2717 2
