0.0000 4
0.0015 3
0.0035 3
0.0065 3
0.0095 3
0.0126 3
0.0156 3
0.0185 3
0.0216 3
0.0246 3
0.0275 3
0.0305 3
0.0334 3
0.0363 3
0.0393 3
0.0422 3
0.0451 3
0.0480 3
0.0510 3
0.0539 3
0.0568 3
0.0597 3
0.0626 3
0.0655 3
0.0684 3
0.0714 3
0.0743 3
0.0772 3
0.0801 3
0.0830 3
0.0859 3
0.0888 3
0.0918 3
0.0947 3
0.0976 3
0.1005 3
0.1034 3
0.1063 3
0.1093 3
0.1123 3
0.1154 3
0.1184 3
0.1213 3
0.1244 3
0.1274 3
0.1303 3
0.1333 3
0.1362 3
0.1391 3
0.1420 3
0.1450 3
0.1479 3
0.1509 3
0.1538 3
0.1567 3
0.1596 3
0.1625 3
0.1654 3
0.1683 3
0.1712 3
0.1741 3
0.1772 3
0.1802 3
0.1832 3
0.1861 3
0.1891 3
0.1920 3
0.1949 3
0.1978 3
0.2007 3
0.2037 3
0.2066 3
0.2096 3
0.2125 3
0.2154 3
0.2183 3
0.2213 3
0.2242 3
0.2271 3
0.2300 3
0.2329 3
0.2358 3
0.2387 3
0.2416 3
0.2446 3
0.2475 3
0.2504 3
0.2533 3
0.2562 3
0.2591 3
0.2620 3
0.2649 3
0.2678 3
0.2707 3
0.2736 3
0.2765 3
0.2794 3
0.2823 3
0.2852 3
0.2881 3
0.2911 3
0.2940 3
