0.0000 3
0.0003 2
0.0031 2
0.0059 2
0.0088 2
0.0117 2
0.0145 2
0.0174 2
0.0202 2
0.0230 2
0.0257 2
0.0285 2
0.0313 2
0.0341 2
0.0369 2
0.0396 2
0.0424 2
0.0453 2
0.0481 2
0.0509 2
0.0536 2
0.0564 2
0.0592 2
0.0620 2
0.0647 2
0.0675 2
0.0703 2
0.0731 2
0.0758 2
0.0786 2
0.0814 2
0.0842 2
0.0870 2
0.0898 2
0.0926 2
0.0953 2
0.0981 2
0.1010 2
0.1038 2
0.1066 2
0.1094 2
0.1121 2
0.1149 2
0.1177 2
0.1205 2
0.1233 2
0.1260 2
0.1288 2
0.1316 2
0.1344 2
0.1372 2
0.1400 2
0.1428 2
0.1456 2
0.1484 2
0.1512 2
0.1539 2
0.1567 2
0.1595 2
0.1623 2
0.1652 2
0.1679 2
0.1707 2
0.1736 2
0.1764 2
0.1792 2
0.1820 2
0.1847 2
0.1875 2
0.1903 2
0.1931 2
0.1959 2
0.1987 2
0.2016 2
0.2046 2
0.2074 2
0.2102 2
0.2130 2
0.2158 2
0.2186 2
0.2215 2
0.2242 2
0.2270 2
0.2299 2
0.2327 2
0.2354 2
0.2382 2
0.2409 2
0.2437 2
0.2465 2
0.2493 2
0.2521 2
0.2549 2
0.2576 2
0.2604 2
0.2632 2
0.2660 2
0.2688 2
0.2715 2
0.2743 2
0.2771 2
0.2799 2
