0.0000 5
0.0031 4
0.0039 4
0.0072 4
0.0105 4
0.0138 4
0.0170 4
0.0202 4
0.0235 4
0.0267 4
0.0300 4
0.0335 4
0.0367 4
0.0399 4
0.0431 4
0.0463 4
0.0495 4
0.0527 4
0.0559 4
0.0591 4
0.0623 4
0.0655 4
0.0687 4
0.0719 4
0.0754 4
0.0788 4
0.0820 4
0.0852 4
0.0884 4
0.0916 4
0.0948 4
0.0981 4
0.1013 4
0.1044 4
0.1076 4
0.1108 4
0.1140 4
0.1171 4
0.1203 4
0.1235 4
0.1267 4
0.1299 4
0.1331 4
0.1363 4
0.1394 4
0.1426 4
0.1458 4
0.1489 4
0.1521 4
0.1553 4
0.1585 4
0.1617 4
0.1649 4
0.1681 4
0.1712 4
0.1744 4
0.1776 4
0.1808 4
0.1840 4
0.1872 4
0.1903 4
0.1935 4
0.1967 4
0.1999 4
0.2031 4
0.2063 4
0.2095 4
0.2127 4
0.2159 4
0.2191 4
0.2224 4
0.2256 4
0.2289 4
0.2322 4
0.2354 4
0.2387 4
0.2419 4
0.2452 4
0.2484 4
0.2516 4
0.2547 4
0.2579 4
0.2611 4
0.2643 4
0.2675 4
0.2707 4
0.2739 4
0.2771 4
0.2803 4
0.2834 4
0.2866 4
0.2899 4
0.2931 4
0.2963 4
0.2994 4
0.3026 4
0.3058 4
0.3090 4
0.3122 4
0.3154 4
0.3186 4
0.3219 4
