0.0000 3
0.0029 3
0.0053 3
0.0078 3
0.0102 3
0.0127 3
0.0151 3
0.0175 3
0.0200 3
0.0224 3
0.0248 3
0.0273 3
0.0297 3
0.0321 3
0.0345 3
0.0369 3
0.0393 3
0.0417 3
0.0441 3
0.0464 3
0.0488 3
0.0512 3
0.0535 3
0.0560 3
0.0584 3
0.0608 3
0.0632 3
0.0655 3
0.0679 3
0.0703 3
0.0727 3
0.0751 3
0.0774 3
0.0798 3
0.0822 3
0.0845 3
0.0869 3
0.0893 3
0.0916 3
0.0940 3
0.0964 3
0.0987 3
0.1011 3
0.1035 3
0.1058 3
0.1082 3
0.1106 3
0.1130 3
0.1154 3
0.1179 3
0.1203 3
0.1230 3
0.1257 3
0.1283 3
0.1308 3
0.1332 3
0.1357 3
0.1381 3
0.1406 3
0.1430 3
0.1454 3
0.1478 3
0.1502 3
0.1526 3
0.1551 3
0.1575 3
0.1599 3
0.1623 3
0.1649 3
0.1677 3
0.1702 3
0.1726 3
0.1750 3
0.1774 3
0.1799 3
0.1823 3
0.1847 3
0.1872 3
0.1896 3
0.1921 3
0.1946 3
0.1970 3
0.1994 3
0.2017 3
0.2041 3
0.2065 3
0.2088 3
0.2113 3
0.2137 3
0.2161 3
0.2185 3
0.2209 3
0.2233 3
0.2256 3
0.2281 3
0.2305 3
0.2328 3
0.2352 3
0.2375 3
0.2399 3
0.2423 3
