0.0000 5
0.0032 4
0.0032 4
0.0058 4
0.0085 4
0.0111 4
0.0137 4
0.0163 4
0.0189 4
0.0215 4
0.0241 4
0.0266 4
0.0292 4
0.0318 4
0.0343 4
0.0368 4
0.0393 4
0.0418 4
0.0444 4
0.0469 4
0.0494 4
0.0520 4
0.0545 4
0.0570 4
0.0595 4
0.0621 4
0.0646 4
0.0671 4
0.0696 4
0.0722 4
0.0747 4
0.0772 4
0.0797 4
0.0823 4
0.0848 4
0.0873 4
0.0898 4
0.0923 4
0.0948 4
0.0974 4
0.0999 4
0.1024 4
0.1049 4
0.1074 4
0.1100 4
0.1125 4
0.1150 4
0.1175 4
0.1200 4
0.1226 4
0.1251 4
0.1276 4
0.1302 4
0.1327 4
0.1352 4
0.1377 4
0.1403 4
0.1428 4
0.1453 4
0.1479 4
0.1505 4
0.1530 4
0.1556 4
0.1582 4
0.1608 4
0.1634 4
0.1659 4
0.1685 4
0.1710 4
0.1736 4
0.1761 4
0.1786 4
0.1811 4
0.1837 4
0.1862 4
0.1887 4
0.1913 4
0.1938 4
0.1964 4
0.1989 4
0.2014 4
0.2039 4
0.2065 4
0.2091 4
0.2116 4
0.2141 4
0.2167 4
0.2192 4
0.2217 4
0.2243 4
0.2268 4
0.2293 4
0.2319 4
0.2344 4
0.2369 4
0.2394 4
0.2420 4
0.2445 4
0.2470 4
0.2496 4
0.2521 4
0.2546 4
