0.0000 4
0.0024 3
0.0028 3
0.0053 3
0.0077 3
0.0102 3
0.0127 3
0.0151 3
0.0176 3
0.0200 3
0.0224 3
0.0249 3
0.0273 3
0.0297 3
0.0321 3
0.0347 3
0.0372 3
0.0399 3
0.0425 3
0.0450 3
0.0475 3
0.0500 3
0.0525 3
0.0550 3
0.0574 3
0.0600 3
0.0625 3
0.0649 3
0.0675 3
0.0700 3
0.0724 3
0.0749 3
0.0774 3
0.0798 3
0.0823 3
0.0847 3
0.0872 3
0.0896 3
0.0920 3
0.0945 3
0.0969 3
0.0993 3
0.1017 3
0.1042 3
0.1066 3
0.1090 3
0.1114 3
0.1138 3
0.1163 3
0.1187 3
0.1211 3
0.1235 3
0.1260 3
0.1284 3
0.1308 3
0.1332 3
0.1356 3
0.1381 3
0.1405 3
0.1429 3
0.1454 3
0.1478 3
0.1502 3
0.1526 3
0.1550 3
0.1574 3
0.1599 3
0.1623 3
0.1647 3
0.1671 3
0.1695 3
0.1720 3
0.1744 3
0.1768 3
0.1792 3
0.1816 3
0.1841 3
0.1865 3
0.1889 3
0.1913 3
0.1937 3
0.1962 3
0.1986 3
0.2010 3
0.2036 3
0.2062 3
0.2086 3
0.2110 3
0.2134 3
0.2158 3
0.2183 3
0.2206 3
0.2231 3
0.2255 3
0.2279 3
0.2303 3
0.2327 3
0.2351 3
0.2375 3
0.2399 3
0.2424 3
0.2460 3
