0.0000 3
0.0017 2
0.0029 2
0.0057 2
0.0084 2
0.0112 2
0.0140 2
0.0167 2
0.0194 2
0.0222 2
0.0251 2
0.0278 2
0.0306 2
0.0333 2
0.0359 2
0.0386 2
0.0414 2
0.0441 2
0.0467 2
0.0494 2
0.0524 2
0.0551 2
0.0577 2
0.0604 2
0.0631 2
0.0659 2
0.0686 2
0.0713 2
0.0739 2
0.0766 2
0.0793 2
0.0820 2
0.0847 2
0.0873 2
0.0900 2
0.0927 2
0.0954 2
0.0981 2
0.1008 2
0.1035 2
0.1062 2
0.1089 2
0.1116 2
0.1142 2
0.1169 2
0.1196 2
0.1223 2
0.1250 2
0.1277 2
0.1304 2
0.1331 2
0.1357 2
0.1384 2
0.1411 2
0.1437 2
0.1464 2
0.1491 2
0.1517 2
0.1544 2
0.1571 2
0.1598 2
0.1625 2
0.1651 2
0.1678 2
0.1705 2
0.1732 2
0.1759 2
0.1785 2
0.1812 2
0.1839 2
0.1866 2
0.1892 2
0.1919 2
0.1946 2
0.1972 2
0.1999 2
0.2026 2
0.2053 2
0.2080 2
0.2108 2
0.2135 2
0.2162 2
0.2189 2
0.2215 2
0.2242 2
0.2269 2
0.2296 2
0.2322 2
0.2349 2
0.2376 2
0.2402 2
0.2429 2
0.2456 2
0.2482 2
0.2509 2
0.2536 2
0.2563 2
0.2589 2
0.2616 2
0.2643 2
0.2669 2
0.2697 2
