0.0000 6
0.0036 6
0.0037 5
0.0067 5
0.0098 5
0.0128 5
0.0159 5
0.0189 5
0.0219 5
0.0249 5
0.0279 5
0.0309 5
0.0338 5
0.0368 5
0.0398 5
0.0428 5
0.0458 5
0.0488 5
0.0518 5
0.0548 5
0.0578 5
0.0607 5
0.0637 5
0.0667 5
0.0697 5
0.0727 5
0.0757 5
0.0786 5
0.0816 5
0.0846 5
0.0876 5
0.0909 5
0.0941 5
0.0972 5
0.1003 5
0.1034 5
0.1065 5
0.1095 5
0.1125 5
0.1156 5
0.1187 5
0.1218 5
0.1248 5
0.1279 5
0.1309 5
0.1340 5
0.1370 5
0.1400 5
0.1431 5
0.1462 5
0.1492 5
0.1522 5
0.1554 5
0.1586 5
0.1618 5
0.1650 5
0.1680 5
0.1710 5
0.1740 5
0.1769 5
0.1799 5
0.1829 5
0.1859 5
0.1889 5
0.1919 5
0.1949 5
0.1978 5
0.2008 5
0.2038 5
0.2069 5
0.2099 5
0.2128 5
0.2158 5
0.2188 5
0.2218 5
0.2248 5
0.2278 5
0.2308 5
0.2338 5
0.2368 5
0.2397 5
0.2427 5
0.2457 5
0.2486 5
0.2516 5
0.2546 5
0.2576 5
0.2606 5
0.2635 5
0.2665 5
0.2695 5
0.2725 5
0.2755 5
0.2785 5
0.2815 5
0.2845 5
0.2874 5
0.2904 5
0.2934 5
0.2963 5
0.2993 5
0.3022 5
0.3052 5
