0.0000 3
0.0020 2
0.0031 2
0.0061 2
0.0089 2
0.0118 2
0.0147 2
0.0175 2
0.0203 2
0.0231 2
0.0259 2
0.0287 2
0.0315 2
0.0344 2
0.0372 2
0.0400 2
0.0428 2
0.0456 2
0.0484 2
0.0512 2
0.0540 2
0.0568 2
0.0596 2
0.0624 2
0.0653 2
0.0681 2
0.0709 2
0.0737 2
0.0765 2
0.0793 2
0.0821 2
0.0849 2
0.0878 2
0.0907 2
0.0935 2
0.0963 2
0.0991 2
0.1019 2
0.1048 2
0.1076 2
0.1105 2
0.1134 2
0.1162 2
0.1191 2
0.1219 2
0.1247 2
0.1276 2
0.1304 2
0.1332 2
0.1361 2
0.1389 2
0.1417 2
0.1446 2
0.1475 2
0.1503 2
0.1531 2
0.1559 2
0.1587 2
0.1616 2
0.1644 2
0.1672 2
0.1700 2
0.1729 2
0.1758 2
0.1787 2
0.1817 2
0.1845 2
0.1873 2
0.1901 2
0.1930 2
0.1958 2
0.1986 2
0.2014 2
0.2043 2
0.2071 2
0.2100 2
0.2128 2
0.2156 2
0.2184 2
0.2212 2
0.2240 2
0.2269 2
0.2297 2
0.2325 2
0.2353 2
0.2381 2
0.2409 2
0.2437 2
0.2465 2
0.2494 2
0.2522 2
0.2550 2
0.2579 2
0.2607 2
0.2635 2
0.2664 2
0.2692 2
0.2720 2
0.2749 2
0.2777 2
0.2805 2
0.2833 2
