0.0000 3
0.0008 2
0.0025 2
0.0048 2
0.0071 2
0.0094 2
0.0117 2
0.0140 2
0.0163 2
0.0186 2
0.0208 2
0.0231 2
0.0254 2
0.0277 2
0.0299 2
0.0322 2
0.0344 2
0.0367 2
0.0389 2
0.0412 2
0.0434 2
0.0457 2
0.0479 2
0.0502 2
0.0524 2
0.0547 2
0.0570 2
0.0592 2
0.0615 2
0.0637 2
0.0660 2
0.0683 2
0.0705 2
0.0728 2
0.0750 2
0.0773 2
0.0795 2
0.0818 2
0.0841 2
0.0863 2
0.0886 2
0.0909 2
0.0932 2
0.0955 2
0.0978 2
0.1001 2
0.1023 2
0.1046 2
0.1069 2
0.1091 2
0.1114 2
0.1137 2
0.1160 2
0.1182 2
0.1208 2
0.1232 2
0.1255 2
0.1278 2
0.1301 2
0.1324 2
0.1347 2
0.1369 2
0.1392 2
0.1415 2
0.1438 2
0.1461 2
0.1483 2
0.1506 2
0.1529 2
0.1552 2
0.1574 2
0.1597 2
0.1622 2
0.1646 2
0.1670 2
0.1693 2
0.1716 2
0.1738 2
0.1761 2
0.1784 2
0.1807 2
0.1829 2
0.1852 2
0.1875 2
0.1898 2
0.1920 2
0.1943 2
0.1966 2
0.1988 2
0.2011 2
0.2033 2
0.2056 2
0.2079 2
0.2101 2
0.2124 2
0.2147 2
0.2169 2
0.2192 2
0.2214 2
0.2237 2
0.2259 2
0.2282 2
