0.0000 3
0.0006 2
0.0029 2
0.0052 2
0.0076 2
0.0100 2
0.0124 2
0.0148 2
0.0171 2
0.0195 2
0.0219 2
0.0242 2
0.0265 2
0.0289 2
0.0318 2
0.0341 2
0.0365 2
0.0388 2
0.0411 2
0.0434 2
0.0458 2
0.0481 2
0.0506 2
0.0529 2
0.0553 2
0.0576 2
0.0600 2
0.0624 2
0.0647 2
0.0670 2
0.0694 2
0.0717 2
0.0740 2
0.0764 2
0.0787 2
0.0810 2
0.0834 2
0.0857 2
0.0880 2
0.0904 2
0.0927 2
0.0951 2
0.0974 2
0.0998 2
0.1021 2
0.1044 2
0.1068 2
0.1091 2
0.1115 2
0.1139 2
0.1162 2
0.1185 2
0.1209 2
0.1232 2
0.1256 2
0.1279 2
0.1303 2
0.1326 2
0.1349 2
0.1373 2
0.1396 2
0.1419 2
0.1443 2
0.1466 2
0.1490 2
0.1514 2
0.1537 2
0.1560 2
0.1584 2
0.1607 2
0.1631 2
0.1654 2
0.1678 2
0.1701 2
0.1725 2
0.1748 2
0.1772 2
0.1795 2
0.1819 2
0.1842 2
0.1866 2
0.1889 2
0.1913 2
0.1936 2
0.1960 2
0.1983 2
0.2007 2
0.2030 2
0.2053 2
0.2077 2
0.2101 2
0.2124 2
0.2148 2
0.2171 2
0.2194 2
0.2218 2
0.2241 2
0.2265 2
0.2289 2
0.2312 2
0.2336 2
0.2359 2
