0.0000 3
0.0034 3
0.0063 3
0.0094 3
0.0124 3
0.0154 3
0.0183 3
0.0213 3
0.0242 3
0.0274 3
0.0306 3
0.0335 3
0.0365 3
0.0394 3
0.0423 3
0.0452 3
0.0482 3
0.0511 3
0.0540 3
0.0569 3
0.0598 3
0.0628 3
0.0657 3
0.0688 3
0.0720 3
0.0750 3
0.0780 3
0.0809 3
0.0838 3
0.0868 3
0.0897 3
0.0926 3
0.0956 3
0.0985 3
0.1014 3
0.1043 3
0.1072 3
0.1101 3
0.1130 3
0.1159 3
0.1188 3
0.1217 3
0.1246 3
0.1276 3
0.1305 3
0.1334 3
0.1363 3
0.1393 3
0.1422 3
0.1452 3
0.1481 3
0.1510 3
0.1539 3
0.1568 3
0.1597 3
0.1626 3
0.1657 3
0.1686 3
0.1715 3
0.1744 3
0.1774 3
0.1803 3
0.1832 3
0.1861 3
0.1891 3
0.1920 3
0.1950 3
0.1979 3
0.2008 3
0.2037 3
0.2066 3
0.2096 3
0.2126 3
0.2155 3
0.2184 3
0.2213 3
0.2242 3
0.2272 3
0.2301 3
0.2330 3
0.2359 3
0.2388 3
0.2417 3
0.2446 3
0.2475 3
0.2504 3
0.2533 3
0.2562 3
0.2591 3
0.2620 3
0.2649 3
0.2678 3
0.2707 3
0.2736 3
0.2765 3
0.2794 3
0.2824 3
0.2853 3
0.2882 3
0.2911 3
0.2940 3
