0.0000 4
0.0013 3
0.0027 3
0.0053 3
0.0078 3
0.0102 3
0.0127 3
0.0152 3
0.0177 3
0.0202 3
0.0226 3
0.0252 3
0.0277 3
0.0301 3
0.0325 3
0.0350 3
0.0374 3
0.0398 3
0.0422 3
0.0447 3
0.0472 3
0.0497 3
0.0521 3
0.0545 3
0.0570 3
0.0594 3
0.0619 3
0.0643 3
0.0667 3
0.0691 3
0.0715 3
0.0739 3
0.0764 3
0.0788 3
0.0812 3
0.0836 3
0.0860 3
0.0886 3
0.0911 3
0.0937 3
0.0963 3
0.0987 3
0.1012 3
0.1038 3
0.1062 3
0.1087 3
0.1111 3
0.1136 3
0.1161 3
0.1186 3
0.1211 3
0.1235 3
0.1259 3
0.1284 3
0.1308 3
0.1332 3
0.1356 3
0.1380 3
0.1404 3
0.1429 3
0.1452 3
0.1476 3
0.1500 3
0.1525 3
0.1549 3
0.1573 3
0.1597 3
0.1621 3
0.1645 3
0.1669 3
0.1692 3
0.1717 3
0.1741 3
0.1765 3
0.1789 3
0.1813 3
0.1837 3
0.1861 3
0.1885 3
0.1909 3
0.1933 3
0.1957 3
0.1981 3
0.2006 3
0.2030 3
0.2054 3
0.2078 3
0.2102 3
0.2127 3
0.2151 3
0.2174 3
0.2198 3
0.2222 3
0.2246 3
0.2270 3
0.2294 3
0.2318 3
0.2342 3
0.2366 3
0.2390 3
0.2414 3
0.2438 3
