0.0000 3
0.0029 2
0.0034 2
0.0064 2
0.0093 2
0.0122 2
0.0157 2
0.0187 2
0.0216 2
0.0245 2
0.0275 2
0.0305 2
0.0334 2
0.0363 2
0.0393 2
0.0422 2
0.0451 2
0.0480 2
0.0509 2
0.0538 2
0.0567 2
0.0596 2
0.0626 2
0.0654 2
0.0684 2
0.0713 2
0.0741 2
0.0769 2
0.0798 2
0.0826 2
0.0854 2
0.0883 2
0.0911 2
0.0939 2
0.0968 2
0.0997 2
0.1025 2
0.1053 2
0.1082 2
0.1110 2
0.1138 2
0.1167 2
0.1195 2
0.1224 2
0.1252 2
0.1280 2
0.1309 2
0.1337 2
0.1365 2
0.1393 2
0.1422 2
0.1450 2
0.1478 2
0.1507 2
0.1535 2
0.1563 2
0.1591 2
0.1620 2
0.1648 2
0.1676 2
0.1705 2
0.1733 2
0.1761 2
0.1789 2
0.1818 2
0.1846 2
0.1874 2
0.1903 2
0.1931 2
0.1959 2
0.1987 2
0.2017 2
0.2045 2
0.2073 2
0.2102 2
0.2130 2
0.2158 2
0.2187 2
0.2215 2
0.2243 2
0.2272 2
0.2300 2
0.2328 2
0.2357 2
0.2385 2
0.2413 2
0.2442 2
0.2470 2
0.2498 2
0.2527 2
0.2555 2
0.2584 2
0.2612 2
0.2641 2
0.2669 2
0.2698 2
0.2726 2
0.2754 2
0.2783 2
0.2811 2
0.2840 2
0.2868 2
