0.0000 3
0.0006 2
0.0031 2
0.0060 2
0.0088 2
0.0116 2
0.0145 2
0.0173 2
0.0201 2
0.0229 2
0.0257 2
0.0285 2
0.0314 2
0.0343 2
0.0371 2
0.0400 2
0.0428 2
0.0457 2
0.0485 2
0.0514 2
0.0542 2
0.0570 2
0.0598 2
0.0626 2
0.0654 2
0.0682 2
0.0710 2
0.0738 2
0.0766 2
0.0793 2
0.0821 2
0.0849 2
0.0877 2
0.0905 2
0.0933 2
0.0961 2
0.0989 2
0.1016 2
0.1044 2
0.1072 2
0.1100 2
0.1127 2
0.1155 2
0.1184 2
0.1212 2
0.1240 2
0.1267 2
0.1295 2
0.1323 2
0.1350 2
0.1378 2
0.1406 2
0.1434 2
0.1462 2
0.1490 2
0.1518 2
0.1547 2
0.1575 2
0.1603 2
0.1631 2
0.1659 2
0.1686 2
0.1714 2
0.1745 2
0.1774 2
0.1802 2
0.1830 2
0.1858 2
0.1886 2
0.1914 2
0.1941 2
0.1969 2
0.1997 2
0.2025 2
0.2053 2
0.2081 2
0.2109 2
0.2137 2
0.2168 2
0.2198 2
0.2226 2
0.2254 2
0.2282 2
0.2312 2
0.2340 2
0.2368 2
0.2396 2
0.2424 2
0.2452 2
0.2479 2
0.2507 2
0.2535 2
0.2563 2
0.2591 2
0.2619 2
0.2646 2
0.2674 2
0.2702 2
0.2730 2
0.2758 2
0.2785 2
0.2813 2
