0.0000 4
0.0021 3
0.0037 3
0.0068 3
0.0098 3
0.0128 3
0.0159 3
0.0188 3
0.0218 3
0.0248 3
0.0278 3
0.0308 3
0.0337 3
0.0367 3
0.0397 3
0.0426 3
0.0456 3
0.0485 3
0.0515 3
0.0545 3
0.0574 3
0.0604 3
0.0633 3
0.0663 3
0.0693 3
0.0722 3
0.0752 3
0.0782 3
0.0811 3
0.0841 3
0.0870 3
0.0900 3
0.0930 3
0.0959 3
0.0989 3
0.1019 3
0.1048 3
0.1078 3
0.1108 3
0.1137 3
0.1167 3
0.1196 3
0.1226 3
0.1256 3
0.1285 3
0.1315 3
0.1344 3
0.1374 3
0.1403 3
0.1433 3
0.1462 3
0.1492 3
0.1521 3
0.1552 3
0.1581 3
0.1611 3
0.1641 3
0.1671 3
0.1701 3
0.1731 3
0.1761 3
0.1790 3
0.1820 3
0.1849 3
0.1879 3
0.1909 3
0.1938 3
0.1968 3
0.1998 3
0.2028 3
0.2060 3
0.2090 3
0.2120 3
0.2149 3
0.2180 3
0.2209 3
0.2239 3
0.2269 3
0.2299 3
0.2328 3
0.2358 3
0.2387 3
0.2417 3
0.2446 3
0.2476 3
0.2506 3
0.2535 3
0.2565 3
0.2594 3
0.2624 3
0.2653 3
0.2683 3
0.2713 3
0.2742 3
0.2772 3
0.2801 3
0.2831 3
0.2860 3
0.2890 3
0.2919 3
0.2949 3
0.2979 3
