0.0000 3
0.0004 2
0.0025 2
0.0049 2
0.0072 2
0.0096 2
0.0119 2
0.0143 2
0.0166 2
0.0190 2
0.0213 2
0.0235 2
0.0258 2
0.0281 2
0.0304 2
0.0327 2
0.0350 2
0.0373 2
0.0396 2
0.0419 2
0.0442 2
0.0465 2
0.0488 2
0.0511 2
0.0535 2
0.0558 2
0.0582 2
0.0605 2
0.0628 2
0.0651 2
0.0673 2
0.0697 2
0.0720 2
0.0743 2
0.0765 2
0.0788 2
0.0810 2
0.0833 2
0.0856 2
0.0878 2
0.0901 2
0.0924 2
0.0947 2
0.0969 2
0.0992 2
0.1015 2
0.1037 2
0.1060 2
0.1083 2
0.1106 2
0.1128 2
0.1151 2
0.1174 2
0.1196 2
0.1219 2
0.1242 2
0.1264 2
0.1287 2
0.1310 2
0.1333 2
0.1356 2
0.1378 2
0.1401 2
0.1424 2
0.1447 2
0.1470 2
0.1493 2
0.1516 2
0.1538 2
0.1561 2
0.1584 2
0.1607 2
0.1629 2
0.1652 2
0.1675 2
0.1697 2
0.1720 2
0.1742 2
0.1765 2
0.1788 2
0.1811 2
0.1833 2
0.1856 2
0.1879 2
0.1901 2
0.1924 2
0.1947 2
0.1970 2
0.1992 2
0.2015 2
0.2038 2
0.2061 2
0.2084 2
0.2107 2
0.2130 2
0.2153 2
0.2176 2
0.2198 2
0.2221 2
0.2244 2
0.2266 2
0.2289 2
