0.0000 3
0.0026 3
0.0050 3
0.0074 3
0.0099 3
0.0123 3
0.0147 3
0.0172 3
0.0196 3
0.0220 3
0.0245 3
0.0269 3
0.0292 3
0.0316 3
0.0340 3
0.0364 3
0.0387 3
0.0411 3
0.0434 3
0.0458 3
0.0482 3
0.0506 3
0.0530 3
0.0553 3
0.0578 3
0.0602 3
0.0626 3
0.0650 3
0.0674 3
0.0697 3
0.0721 3
0.0745 3
0.0769 3
0.0792 3
0.0817 3
0.0841 3
0.0865 3
0.0889 3
0.0912 3
0.0937 3
0.0961 3
0.0984 3
0.1008 3
0.1032 3
0.1055 3
0.1079 3
0.1102 3
0.1126 3
0.1149 3
0.1173 3
0.1197 3
0.1220 3
0.1244 3
0.1267 3
0.1291 3
0.1315 3
0.1338 3
0.1362 3
0.1386 3
0.1410 3
0.1433 3
0.1457 3
0.1481 3
0.1504 3
0.1528 3
0.1551 3
0.1575 3
0.1598 3
0.1622 3
0.1645 3
0.1669 3
0.1693 3
0.1717 3
0.1740 3
0.1764 3
0.1787 3
0.1811 3
0.1834 3
0.1858 3
0.1881 3
0.1904 3
0.1928 3
0.1951 3
0.1975 3
0.1999 3
0.2023 3
0.2047 3
0.2071 3
0.2096 3
0.2119 3
0.2143 3
0.2167 3
0.2190 3
0.2214 3
0.2238 3
0.2261 3
0.2285 3
0.2309 3
0.2335 3
0.2360 3
0.2383 3
