0.0000 6
0.0028 6
0.0055 6
0.0081 6
0.0107 6
0.0134 6
0.0160 6
0.0186 6
0.0196 5
0.0213 5
0.0238 5
0.0264 5
0.0290 5
0.0316 5
0.0341 5
0.0368 5
0.0393 5
0.0419 5
0.0445 5
0.0470 5
0.0496 5
0.0522 5
0.0547 5
0.0573 5
0.0601 5
0.0627 5
0.0655 5
0.0682 5
0.0708 5
0.0734 5
0.0760 5
0.0786 5
0.0812 5
0.0838 5
0.0864 5
0.0890 5
0.0916 5
0.0941 5
0.0966 5
0.0992 5
0.1017 5
0.1042 5
0.1068 5
0.1093 5
0.1119 5
0.1144 5
0.1169 5
0.1194 5
0.1220 5
0.1245 5
0.1270 5
0.1296 5
0.1321 5
0.1346 5
0.1373 5
0.1398 5
0.1423 5
0.1448 5
0.1474 5
0.1499 5
0.1524 5
0.1549 5
0.1575 5
0.1601 5
0.1627 5
0.1652 5
0.1677 5
0.1702 5
0.1727 5
0.1752 5
0.1778 5
0.1803 5
0.1828 5
0.1853 5
0.1878 5
0.1903 5
0.1929 5
0.1954 5
0.1979 5
0.2005 5
0.2030 5
0.2055 5
0.2081 5
0.2107 5
0.2132 5
0.2157 5
0.2183 5
0.2208 5
0.2233 5
0.2259 5
0.2284 5
0.2309 5
0.2334 5
0.2359 5
0.2385 5
0.2410 5
0.2435 5
0.2461 5
0.2486 5
0.2511 5
0.2536 5
0.2561 5
0.2586 5
0.2611 5
0.2637 5
0.2662 5
0.2687 5
0.2712 5
0.2737 5
