0.0000 5
0.0029 5
0.0054 5
0.0079 5
0.0104 5
0.0130 5
0.0154 5
0.0179 5
0.0204 5
0.0228 5
0.0253 5
0.0278 5
0.0302 5
0.0327 5
0.0351 5
0.0375 5
0.0400 5
0.0425 5
0.0449 5
0.0474 5
0.0498 5
0.0522 5
0.0547 5
0.0571 5
0.0595 5
0.0620 5
0.0644 5
0.0668 5
0.0693 5
0.0718 5
0.0742 5
0.0767 5
0.0791 5
0.0815 5
0.0839 5
0.0864 5
0.0888 5
0.0912 5
0.0937 5
0.0961 5
0.0985 5
0.1010 5
0.1035 5
0.1060 5
0.1084 5
0.1109 5
0.1133 5
0.1158 5
0.1182 5
0.1206 5
0.1231 5
0.1255 5
0.1279 5
0.1303 5
0.1328 5
0.1352 5
0.1376 5
0.1401 5
0.1425 5
0.1449 5
0.1474 5
0.1498 5
0.1522 5
0.1547 5
0.1571 5
0.1596 5
0.1620 5
0.1644 5
0.1669 5
0.1693 5
0.1718 5
0.1742 5
0.1767 5
0.1791 5
0.1816 5
0.1840 5
0.1864 5
0.1889 5
0.1913 5
0.1938 5
0.1962 5
0.1987 5
0.2011 5
0.2035 5
0.2060 5
0.2085 5
0.2109 5
0.2134 5
0.2158 5
0.2182 5
0.2207 5
0.2231 5
0.2255 5
0.2280 5
0.2304 5
0.2329 5
0.2353 5
0.2377 5
0.2402 5
0.2426 5
0.2451 5
