0.0000 3
0.0027 3
0.0052 3
0.0077 3
0.0101 3
0.0125 3
0.0149 3
0.0173 3
0.0200 3
0.0226 3
0.0250 3
0.0275 3
0.0300 3
0.0325 3
0.0350 3
0.0375 3
0.0400 3
0.0423 3
0.0449 3
0.0473 3
0.0497 3
0.0522 3
0.0545 3
0.0569 3
0.0593 3
0.0619 3
0.0645 3
0.0669 3
0.0692 3
0.0716 3
0.0740 3
0.0764 3
0.0789 3
0.0813 3
0.0837 3
0.0861 3
0.0886 3
0.0910 3
0.0934 3
0.0958 3
0.0981 3
0.1006 3
0.1029 3
0.1053 3
0.1077 3
0.1100 3
0.1124 3
0.1148 3
0.1171 3
0.1195 3
0.1219 3
0.1242 3
0.1266 3
0.1289 3
0.1313 3
0.1336 3
0.1360 3
0.1384 3
0.1408 3
0.1432 3
0.1455 3
0.1479 3
0.1502 3
0.1525 3
0.1549 3
0.1572 3
0.1596 3
0.1619 3
0.1643 3
0.1667 3
0.1690 3
0.1714 3
0.1737 3
0.1761 3
0.1784 3
0.1809 3
0.1833 3
0.1857 3
0.1881 3
0.1904 3
0.1928 3
0.1952 3
0.1976 3
0.2000 3
0.2023 3
0.2047 3
0.2070 3
0.2094 3
0.2118 3
0.2141 3
0.2165 3
0.2188 3
0.2212 3
0.2236 3
0.2259 3
0.2283 3
0.2306 3
0.2330 3
0.2354 3
0.2377 3
0.2401 3
