0.0000 6
0.0031 6
0.0057 6
0.0082 6
0.0107 6
0.0113 5
0.0132 5
0.0157 5
0.0181 5
0.0206 5
0.0230 5
0.0254 5
0.0279 5
0.0303 5
0.0327 5
0.0351 5
0.0376 5
0.0400 5
0.0425 5
0.0449 5
0.0473 5
0.0498 5
0.0522 5
0.0546 5
0.0570 5
0.0594 5
0.0618 5
0.0643 5
0.0667 5
0.0691 5
0.0715 5
0.0739 5
0.0763 5
0.0787 5
0.0812 5
0.0836 5
0.0860 5
0.0884 5
0.0908 5
0.0932 5
0.0956 5
0.0980 5
0.1005 5
0.1029 5
0.1053 5
0.1077 5
0.1101 5
0.1125 5
0.1149 5
0.1173 5
0.1197 5
0.1221 5
0.1245 5
0.1269 5
0.1293 5
0.1317 5
0.1341 5
0.1365 5
0.1390 5
0.1414 5
0.1438 5
0.1462 5
0.1486 5
0.1510 5
0.1537 5
0.1563 5
0.1587 5
0.1612 5
0.1636 5
0.1660 5
0.1684 5
0.1708 5
0.1733 5
0.1757 5
0.1781 5
0.1805 5
0.1830 5
0.1854 5
0.1878 5
0.1903 5
0.1927 5
0.1953 5
0.1979 5
0.2004 5
0.2030 5
0.2054 5
0.2079 5
0.2103 5
0.2127 5
0.2151 5
0.2175 5
0.2199 5
0.2223 5
0.2247 5
0.2272 5
0.2296 5
0.2320 5
0.2345 5
0.2369 5
0.2393 5
0.2417 5
0.2441 5
0.2466 5
0.2491 5
0.2515 5
0.2539 5
