0.0000 3
0.0029 3
0.0055 3
0.0079 3
0.0104 3
0.0128 3
0.0153 3
0.0177 3
0.0201 3
0.0225 3
0.0248 3
0.0272 3
0.0296 3
0.0320 3
0.0344 3
0.0368 3
0.0392 3
0.0416 3
0.0439 3
0.0463 3
0.0487 3
0.0511 3
0.0535 3
0.0559 3
0.0582 3
0.0606 3
0.0630 3
0.0654 3
0.0678 3
0.0702 3
0.0726 3
0.0750 3
0.0774 3
0.0797 3
0.0821 3
0.0845 3
0.0869 3
0.0893 3
0.0917 3
0.0941 3
0.0964 3
0.0988 3
0.1012 3
0.1036 3
0.1060 3
0.1083 3
0.1107 3
0.1131 3
0.1155 3
0.1178 3
0.1202 3
0.1226 3
0.1249 3
0.1273 3
0.1297 3
0.1321 3
0.1345 3
0.1368 3
0.1392 3
0.1416 3
0.1440 3
0.1463 3
0.1487 3
0.1511 3
0.1534 3
0.1558 3
0.1582 3
0.1606 3
0.1629 3
0.1653 3
0.1677 3
0.1701 3
0.1724 3
0.1748 3
0.1772 3
0.1796 3
0.1820 3
0.1844 3
0.1868 3
0.1892 3
0.1916 3
0.1939 3
0.1963 3
0.1987 3
0.2011 3
0.2035 3
0.2059 3
0.2083 3
0.2107 3
0.2131 3
0.2154 3
0.2178 3
0.2202 3
0.2226 3
0.2249 3
0.2273 3
0.2297 3
0.2320 3
0.2344 3
0.2368 3
0.2391 3
