0.0000 4
0.0014 3
0.0027 3
0.0052 3
0.0076 3
0.0101 3
0.0126 3
0.0151 3
0.0175 3
0.0199 3
0.0224 3
0.0248 3
0.0272 3
0.0296 3
0.0320 3
0.0344 3
0.0368 3
0.0392 3
0.0416 3
0.0441 3
0.0465 3
0.0489 3
0.0513 3
0.0537 3
0.0561 3
0.0585 3
0.0609 3
0.0633 3
0.0658 3
0.0682 3
0.0706 3
0.0731 3
0.0755 3
0.0780 3
0.0804 3
0.0828 3
0.0853 3
0.0877 3
0.0901 3
0.0925 3
0.0949 3
0.0973 3
0.0997 3
0.1021 3
0.1046 3
0.1070 3
0.1094 3
0.1118 3
0.1142 3
0.1166 3
0.1190 3
0.1214 3
0.1238 3
0.1262 3
0.1286 3
0.1310 3
0.1335 3
0.1359 3
0.1383 3
0.1407 3
0.1431 3
0.1455 3
0.1479 3
0.1503 3
0.1527 3
0.1551 3
0.1576 3
0.1600 3
0.1624 3
0.1648 3
0.1672 3
0.1696 3
0.1720 3
0.1744 3
0.1768 3
0.1792 3
0.1817 3
0.1840 3
0.1865 3
0.1889 3
0.1913 3
0.1937 3
0.1961 3
0.1985 3
0.2009 3
0.2034 3
0.2059 3
0.2084 3
0.2110 3
0.2134 3
0.2158 3
0.2182 3
0.2206 3
0.2230 3
0.2254 3
0.2278 3
0.2302 3
0.2326 3
0.2350 3
0.2374 3
0.2398 3
0.2422 3
