0.0000 3
0.0009 2
0.0026 2
0.0051 2
0.0074 2
0.0098 2
0.0122 2
0.0145 2
0.0170 2
0.0194 2
0.0218 2
0.0242 2
0.0265 2
0.0289 2
0.0312 2
0.0336 2
0.0360 2
0.0383 2
0.0407 2
0.0431 2
0.0454 2
0.0478 2
0.0502 2
0.0525 2
0.0549 2
0.0572 2
0.0595 2
0.0618 2
0.0642 2
0.0665 2
0.0688 2
0.0711 2
0.0734 2
0.0758 2
0.0781 2
0.0804 2
0.0827 2
0.0850 2
0.0874 2
0.0897 2
0.0920 2
0.0943 2
0.0966 2
0.0989 2
0.1013 2
0.1036 2
0.1059 2
0.1082 2
0.1105 2
0.1128 2
0.1152 2
0.1175 2
0.1198 2
0.1221 2
0.1244 2
0.1267 2
0.1290 2
0.1313 2
0.1336 2
0.1359 2
0.1382 2
0.1405 2
0.1428 2
0.1452 2
0.1475 2
0.1498 2
0.1522 2
0.1545 2
0.1568 2
0.1591 2
0.1614 2
0.1638 2
0.1661 2
0.1684 2
0.1707 2
0.1730 2
0.1753 2
0.1776 2
0.1799 2
0.1822 2
0.1845 2
0.1868 2
0.1893 2
0.1916 2
0.1940 2
0.1965 2
0.1989 2
0.2014 2
0.2037 2
0.2060 2
0.2083 2
0.2106 2
0.2129 2
0.2152 2
0.2176 2
0.2199 2
0.2222 2
0.2245 2
0.2268 2
0.2291 2
0.2314 2
0.2337 2
