0.0000 4
0.0018 3
0.0028 3
0.0053 3
0.0078 3
0.0103 3
0.0127 3
0.0152 3
0.0176 3
0.0201 3
0.0226 3
0.0250 3
0.0275 3
0.0299 3
0.0325 3
0.0350 3
0.0374 3
0.0399 3
0.0424 3
0.0448 3
0.0473 3
0.0498 3
0.0523 3
0.0547 3
0.0571 3
0.0596 3
0.0620 3
0.0645 3
0.0669 3
0.0694 3
0.0718 3
0.0743 3
0.0767 3
0.0791 3
0.0816 3
0.0840 3
0.0864 3
0.0889 3
0.0913 3
0.0937 3
0.0962 3
0.0986 3
0.1010 3
0.1035 3
0.1059 3
0.1083 3
0.1108 3
0.1132 3
0.1156 3
0.1180 3
0.1205 3
0.1229 3
0.1253 3
0.1277 3
0.1301 3
0.1326 3
0.1350 3
0.1374 3
0.1399 3
0.1423 3
0.1447 3
0.1472 3
0.1496 3
0.1520 3
0.1545 3
0.1569 3
0.1593 3
0.1617 3
0.1641 3
0.1665 3
0.1690 3
0.1714 3
0.1738 3
0.1762 3
0.1786 3
0.1810 3
0.1835 3
0.1859 3
0.1883 3
0.1907 3
0.1931 3
0.1955 3
0.1979 3
0.2004 3
0.2028 3
0.2052 3
0.2077 3
0.2101 3
0.2125 3
0.2149 3
0.2174 3
0.2198 3
0.2222 3
0.2247 3
0.2271 3
0.2295 3
0.2320 3
0.2345 3
0.2369 3
0.2394 3
0.2419 3
0.2444 3
