0.0000 5
0.0034 5
0.0059 5
0.0085 5
0.0110 5
0.0135 5
0.0160 5
0.0185 5
0.0210 5
0.0235 5
0.0260 5
0.0285 5
0.0309 5
0.0334 5
0.0358 5
0.0383 5
0.0407 5
0.0432 5
0.0456 5
0.0480 5
0.0505 5
0.0529 5
0.0553 5
0.0578 5
0.0602 5
0.0627 5
0.0652 5
0.0677 5
0.0701 5
0.0725 5
0.0750 5
0.0774 5
0.0799 5
0.0823 5
0.0847 5
0.0872 5
0.0896 5
0.0921 5
0.0945 5
0.0969 5
0.0994 5
0.1018 5
0.1043 5
0.1067 5
0.1091 5
0.1116 5
0.1140 5
0.1165 5
0.1189 5
0.1214 5
0.1238 5
0.1263 5
0.1287 5
0.1312 5
0.1336 5
0.1361 5
0.1385 5
0.1410 5
0.1434 5
0.1458 5
0.1483 5
0.1507 5
0.1531 5
0.1556 5
0.1580 5
0.1608 5
0.1632 5
0.1657 5
0.1682 5
0.1706 5
0.1731 5
0.1755 5
0.1779 5
0.1804 5
0.1828 5
0.1853 5
0.1877 5
0.1901 5
0.1926 5
0.1950 5
0.1975 5
0.1999 5
0.2024 5
0.2048 5
0.2073 5
0.2100 5
0.2125 5
0.2150 5
0.2175 5
0.2199 5
0.2224 5
0.2250 5
0.2274 5
0.2299 5
0.2323 5
0.2347 5
0.2372 5
0.2396 5
0.2421 5
0.2445 5
0.2469 5
