0.0000 3
0.0010 2
0.0028 2
0.0052 2
0.0076 2
0.0099 2
0.0123 2
0.0146 2
0.0170 2
0.0194 2
0.0217 2
0.0241 2
0.0265 2
0.0288 2
0.0312 2
0.0336 2
0.0360 2
0.0383 2
0.0407 2
0.0430 2
0.0453 2
0.0477 2
0.0500 2
0.0524 2
0.0547 2
0.0571 2
0.0594 2
0.0617 2
0.0640 2
0.0663 2
0.0686 2
0.0709 2
0.0732 2
0.0756 2
0.0778 2
0.0801 2
0.0825 2
0.0848 2
0.0871 2
0.0894 2
0.0917 2
0.0940 2
0.0963 2
0.0986 2
0.1008 2
0.1031 2
0.1054 2
0.1077 2
0.1100 2
0.1123 2
0.1146 2
0.1169 2
0.1192 2
0.1215 2
0.1238 2
0.1261 2
0.1284 2
0.1307 2
0.1330 2
0.1353 2
0.1376 2
0.1399 2
0.1421 2
0.1444 2
0.1467 2
0.1490 2
0.1513 2
0.1536 2
0.1559 2
0.1582 2
0.1605 2
0.1627 2
0.1650 2
0.1675 2
0.1701 2
0.1724 2
0.1747 2
0.1771 2
0.1794 2
0.1817 2
0.1840 2
0.1863 2
0.1886 2
0.1909 2
0.1932 2
0.1955 2
0.1978 2
0.2001 2
0.2024 2
0.2047 2
0.2070 2
0.2096 2
0.2121 2
0.2144 2
0.2167 2
0.2191 2
0.2214 2
0.2237 2
0.2260 2
0.2283 2
0.2306 2
0.2328 2
