0.0000 3
0.0004 2
0.0032 2
0.0061 2
0.0089 2
0.0118 2
0.0147 2
0.0176 2
0.0205 2
0.0233 2
0.0261 2
0.0289 2
0.0317 2
0.0345 2
0.0373 2
0.0401 2
0.0429 2
0.0457 2
0.0485 2
0.0513 2
0.0541 2
0.0569 2
0.0597 2
0.0625 2
0.0654 2
0.0682 2
0.0710 2
0.0738 2
0.0766 2
0.0794 2
0.0822 2
0.0850 2
0.0878 2
0.0906 2
0.0934 2
0.0962 2
0.0990 2
0.1018 2
0.1046 2
0.1074 2
0.1102 2
0.1130 2
0.1158 2
0.1187 2
0.1215 2
0.1243 2
0.1271 2
0.1299 2
0.1327 2
0.1355 2
0.1383 2
0.1411 2
0.1439 2
0.1467 2
0.1495 2
0.1523 2
0.1552 2
0.1580 2
0.1608 2
0.1636 2
0.1664 2
0.1692 2
0.1720 2
0.1749 2
0.1777 2
0.1805 2
0.1833 2
0.1862 2
0.1890 2
0.1918 2
0.1946 2
0.1974 2
0.2002 2
0.2030 2
0.2059 2
0.2087 2
0.2115 2
0.2143 2
0.2171 2
0.2199 2
0.2228 2
0.2256 2
0.2284 2
0.2312 2
0.2341 2
0.2369 2
0.2397 2
0.2425 2
0.2452 2
0.2481 2
0.2509 2
0.2537 2
0.2565 2
0.2594 2
0.2622 2
0.2650 2
0.2678 2
0.2706 2
0.2734 2
0.2763 2
0.2791 2
0.2819 2
