0.0000 5
0.0037 5
0.0068 5
0.0098 5
0.0127 5
0.0158 5
0.0187 5
0.0217 5
0.0246 5
0.0276 5
0.0306 5
0.0335 5
0.0365 5
0.0395 5
0.0424 5
0.0454 5
0.0483 5
0.0513 5
0.0542 5
0.0572 5
0.0602 5
0.0631 5
0.0661 5
0.0690 5
0.0720 5
0.0749 5
0.0779 5
0.0808 5
0.0838 5
0.0868 5
0.0898 5
0.0928 5
0.0957 5
0.0988 5
0.1017 5
0.1047 5
0.1076 5
0.1106 5
0.1135 5
0.1165 5
0.1194 5
0.1223 5
0.1253 5
0.1282 5
0.1311 5
0.1341 5
0.1370 5
0.1400 5
0.1429 5
0.1458 5
0.1488 5
0.1517 5
0.1546 5
0.1576 5
0.1605 5
0.1635 5
0.1664 5
0.1694 5
0.1723 5
0.1752 5
0.1782 5
0.1811 5
0.1841 5
0.1870 5
0.1900 5
0.1929 5
0.1959 5
0.1988 5
0.2018 5
0.2047 5
0.2077 5
0.2107 5
0.2136 5
0.2166 5
0.2195 5
0.2225 5
0.2254 5
0.2284 5
0.2313 5
0.2342 5
0.2372 5
0.2401 5
0.2431 5
0.2460 5
0.2490 5
0.2520 5
0.2549 5
0.2579 5
0.2608 5
0.2638 5
0.2668 5
0.2697 5
0.2727 5
0.2756 5
0.2786 5
0.2815 5
0.2844 5
0.2874 5
0.2903 5
0.2933 5
0.2963 5
