0.0000 3
0.0032 3
0.0063 3
0.0094 3
0.0124 3
0.0155 3
0.0185 3
0.0216 3
0.0246 3
0.0276 3
0.0306 3
0.0336 3
0.0366 3
0.0396 3
0.0425 3
0.0455 3
0.0485 3
0.0515 3
0.0544 3
0.0574 3
0.0603 3
0.0633 3
0.0663 3
0.0692 3
0.0722 3
0.0752 3
0.0781 3
0.0811 3
0.0841 3
0.0870 3
0.0900 3
0.0930 3
0.0960 3
0.0989 3
0.1019 3
0.1049 3
0.1078 3
0.1108 3
0.1138 3
0.1167 3
0.1197 3
0.1226 3
0.1256 3
0.1286 3
0.1315 3
0.1345 3
0.1374 3
0.1404 3
0.1433 3
0.1463 3
0.1493 3
0.1522 3
0.1552 3
0.1581 3
0.1611 3
0.1641 3
0.1670 3
0.1700 3
0.1730 3
0.1759 3
0.1789 3
0.1818 3
0.1848 3
0.1877 3
0.1907 3
0.1936 3
0.1966 3
0.1995 3
0.2025 3
0.2055 3
0.2084 3
0.2114 3
0.2144 3
0.2173 3
0.2202 3
0.2232 3
0.2262 3
0.2292 3
0.2321 3
0.2351 3
0.2380 3
0.2410 3
0.2439 3
0.2469 3
0.2499 3
0.2530 3
0.2560 3
0.2589 3
0.2619 3
0.2648 3
0.2678 3
0.2708 3
0.2737 3
0.2767 3
0.2796 3
0.2826 3
0.2855 3
0.2885 3
0.2914 3
0.2944 3
0.2973 3
