0.0000 3
0.0011 2
0.0032 2
0.0059 2
0.0086 2
0.0114 2
0.0141 2
0.0168 2
0.0196 2
0.0223 2
0.0250 2
0.0277 2
0.0304 2
0.0331 2
0.0358 2
0.0385 2
0.0412 2
0.0439 2
0.0466 2
0.0493 2
0.0520 2
0.0547 2
0.0574 2
0.0601 2
0.0629 2
0.0656 2
0.0682 2
0.0709 2
0.0736 2
0.0763 2
0.0790 2
0.0817 2
0.0844 2
0.0871 2
0.0898 2
0.0925 2
0.0953 2
0.0980 2
0.1007 2
0.1034 2
0.1062 2
0.1089 2
0.1116 2
0.1143 2
0.1170 2
0.1197 2
0.1224 2
0.1251 2
0.1279 2
0.1306 2
0.1332 2
0.1359 2
0.1386 2
0.1413 2
0.1440 2
0.1467 2
0.1493 2
0.1520 2
0.1547 2
0.1574 2
0.1601 2
0.1628 2
0.1655 2
0.1681 2
0.1708 2
0.1735 2
0.1762 2
0.1790 2
0.1817 2
0.1844 2
0.1871 2
0.1898 2
0.1925 2
0.1952 2
0.1979 2
0.2006 2
0.2032 2
0.2060 2
0.2087 2
0.2114 2
0.2141 2
0.2168 2
0.2194 2
0.2221 2
0.2248 2
0.2275 2
0.2302 2
0.2328 2
0.2359 2
0.2385 2
0.2412 2
0.2439 2
0.2466 2
0.2492 2
0.2519 2
0.2546 2
0.2572 2
0.2599 2
0.2626 2
0.2653 2
0.2679 2
0.2706 2
