0.0000 5
0.0028 5
0.0038 4
0.0054 4
0.0081 4
0.0106 4
0.0132 4
0.0158 4
0.0183 4
0.0210 4
0.0236 4
0.0261 4
0.0287 4
0.0315 4
0.0342 4
0.0367 4
0.0392 4
0.0418 4
0.0444 4
0.0469 4
0.0494 4
0.0520 4
0.0545 4
0.0570 4
0.0595 4
0.0621 4
0.0646 4
0.0671 4
0.0697 4
0.0724 4
0.0751 4
0.0777 4
0.0804 4
0.0829 4
0.0854 4
0.0880 4
0.0905 4
0.0931 4
0.0956 4
0.0981 4
0.1007 4
0.1032 4
0.1057 4
0.1082 4
0.1108 4
0.1133 4
0.1158 4
0.1183 4
0.1208 4
0.1233 4
0.1258 4
0.1284 4
0.1309 4
0.1334 4
0.1359 4
0.1384 4
0.1409 4
0.1434 4
0.1460 4
0.1485 4
0.1510 4
0.1536 4
0.1561 4
0.1586 4
0.1611 4
0.1636 4
0.1661 4
0.1687 4
0.1712 4
0.1737 4
0.1762 4
0.1787 4
0.1813 4
0.1838 4
0.1863 4
0.1888 4
0.1913 4
0.1938 4
0.1963 4
0.1989 4
0.2014 4
0.2040 4
0.2065 4
0.2090 4
0.2115 4
0.2140 4
0.2165 4
0.2190 4
0.2215 4
0.2240 4
0.2265 4
0.2290 4
0.2316 4
0.2341 4
0.2366 4
0.2391 4
0.2416 4
0.2441 4
0.2466 4
0.2492 4
0.2517 4
0.2542 4
0.2567 4
