0.0000 6
0.0032 6
0.0034 5
0.0057 5
0.0082 5
0.0107 5
0.0131 5
0.0157 5
0.0181 5
0.0205 5
0.0230 5
0.0254 5
0.0278 5
0.0303 5
0.0327 5
0.0351 5
0.0376 5
0.0400 5
0.0425 5
0.0449 5
0.0473 5
0.0498 5
0.0522 5
0.0546 5
0.0570 5
0.0595 5
0.0620 5
0.0644 5
0.0669 5
0.0693 5
0.0717 5
0.0742 5
0.0766 5
0.0790 5
0.0814 5
0.0838 5
0.0863 5
0.0887 5
0.0911 5
0.0936 5
0.0961 5
0.0985 5
0.1009 5
0.1034 5
0.1059 5
0.1084 5
0.1108 5
0.1132 5
0.1156 5
0.1181 5
0.1205 5
0.1229 5
0.1253 5
0.1277 5
0.1301 5
0.1325 5
0.1350 5
0.1374 5
0.1398 5
0.1423 5
0.1447 5
0.1471 5
0.1495 5
0.1520 5
0.1544 5
0.1568 5
0.1592 5
0.1617 5
0.1641 5
0.1665 5
0.1690 5
0.1714 5
0.1738 5
0.1763 5
0.1788 5
0.1812 5
0.1836 5
0.1860 5
0.1885 5
0.1909 5
0.1933 5
0.1957 5
0.1981 5
0.2006 5
0.2030 5
0.2054 5
0.2079 5
0.2103 5
0.2128 5
0.2152 5
0.2176 5
0.2200 5
0.2225 5
0.2250 5
0.2275 5
0.2299 5
0.2324 5
0.2348 5
0.2373 5
0.2398 5
0.2422 5
0.2446 5
0.2471 5
