0.0000 6
0.0009 5
0.0034 5
0.0067 5
0.0099 5
0.0130 5
0.0161 5
0.0192 5
0.0223 5
0.0253 5
0.0284 5
0.0314 5
0.0345 5
0.0375 5
0.0406 5
0.0436 5
0.0467 5
0.0497 5
0.0528 5
0.0558 5
0.0588 5
0.0619 5
0.0649 5
0.0680 5
0.0710 5
0.0741 5
0.0771 5
0.0802 5
0.0833 5
0.0863 5
0.0894 5
0.0924 5
0.0955 5
0.0985 5
0.1016 5
0.1047 5
0.1077 5
0.1107 5
0.1138 5
0.1168 5
0.1199 5
0.1229 5
0.1259 5
0.1290 5
0.1320 5
0.1351 5
0.1381 5
0.1411 5
0.1441 5
0.1472 5
0.1502 5
0.1532 5
0.1563 5
0.1593 5
0.1623 5
0.1654 5
0.1685 5
0.1715 5
0.1745 5
0.1776 5
0.1806 5
0.1836 5
0.1867 5
0.1897 5
0.1927 5
0.1958 5
0.1988 5
0.2018 5
0.2049 5
0.2079 5
0.2109 5
0.2140 5
0.2170 5
0.2200 5
0.2231 5
0.2261 5
0.2291 5
0.2322 5
0.2352 5
0.2382 5
0.2413 5
0.2443 5
0.2474 5
0.2504 5
0.2534 5
0.2565 5
0.2595 5
0.2626 5
0.2656 5
0.2686 5
0.2717 5
0.2747 5
0.2778 5
0.2809 5
0.2839 5
0.2870 5
0.2900 5
0.2931 5
0.2961 5
0.2991 5
0.3022 5
0.3052 5
