0.0000 3
0.0031 3
0.0061 3
0.0090 3
0.0119 3
0.0154 3
0.0184 3
0.0214 3
0.0243 3
0.0272 3
0.0303 3
0.0332 3
0.0361 3
0.0390 3
0.0419 3
0.0448 3
0.0478 3
0.0507 3
0.0536 3
0.0564 3
0.0593 3
0.0623 3
0.0652 3
0.0681 3
0.0710 3
0.0739 3
0.0768 3
0.0797 3
0.0826 3
0.0855 3
0.0883 3
0.0912 3
0.0941 3
0.0970 3
0.0999 3
0.1028 3
0.1057 3
0.1085 3
0.1117 3
0.1147 3
0.1176 3
0.1206 3
0.1235 3
0.1265 3
0.1294 3
0.1324 3
0.1353 3
0.1383 3
0.1412 3
0.1442 3
0.1470 3
0.1499 3
0.1528 3
0.1557 3
0.1585 3
0.1614 3
0.1643 3
0.1672 3
0.1701 3
0.1729 3
0.1758 3
0.1787 3
0.1816 3
0.1845 3
0.1874 3
0.1903 3
0.1931 3
0.1960 3
0.1989 3
0.2018 3
0.2047 3
0.2076 3
0.2104 3
0.2133 3
0.2162 3
0.2191 3
0.2219 3
0.2248 3
0.2277 3
0.2306 3
0.2335 3
0.2364 3
0.2393 3
0.2422 3
0.2451 3
0.2480 3
0.2509 3
0.2538 3
0.2566 3
0.2595 3
0.2624 3
0.2653 3
0.2683 3
0.2712 3
0.2740 3
0.2769 3
0.2798 3
0.2827 3
0.2856 3
0.2885 3
0.2914 3
