0.0000 4
0.0031 4
0.0034 3
0.0057 3
0.0083 3
0.0108 3
0.0133 3
0.0158 3
0.0182 3
0.0208 3
0.0233 3
0.0258 3
0.0284 3
0.0308 3
0.0332 3
0.0358 3
0.0382 3
0.0407 3
0.0431 3
0.0455 3
0.0480 3
0.0504 3
0.0529 3
0.0553 3
0.0578 3
0.0602 3
0.0627 3
0.0652 3
0.0676 3
0.0701 3
0.0727 3
0.0751 3
0.0776 3
0.0800 3
0.0824 3
0.0849 3
0.0873 3
0.0897 3
0.0922 3
0.0946 3
0.0970 3
0.0994 3
0.1019 3
0.1043 3
0.1067 3
0.1092 3
0.1116 3
0.1140 3
0.1165 3
0.1189 3
0.1213 3
0.1238 3
0.1263 3
0.1287 3
0.1311 3
0.1336 3
0.1360 3
0.1384 3
0.1408 3
0.1433 3
0.1457 3
0.1481 3
0.1506 3
0.1530 3
0.1554 3
0.1579 3
0.1603 3
0.1627 3
0.1651 3
0.1675 3
0.1700 3
0.1724 3
0.1748 3
0.1772 3
0.1799 3
0.1825 3
0.1849 3
0.1874 3
0.1899 3
0.1923 3
0.1948 3
0.1972 3
0.1996 3
0.2021 3
0.2045 3
0.2070 3
0.2095 3
0.2119 3
0.2144 3
0.2168 3
0.2193 3
0.2226 3
0.2253 3
0.2278 3
0.2303 3
0.2327 3
0.2352 3
0.2376 3
0.2401 3
0.2426 3
0.2450 3
0.2475 3
0.2499 3
