0.0000 5
0.0013 4
0.0037 4
0.0063 4
0.0088 4
0.0115 4
0.0140 4
0.0166 4
0.0192 4
0.0218 4
0.0244 4
0.0269 4
0.0294 4
0.0319 4
0.0345 4
0.0370 4
0.0395 4
0.0420 4
0.0445 4
0.0471 4
0.0496 4
0.0521 4
0.0546 4
0.0571 4
0.0597 4
0.0622 4
0.0647 4
0.0672 4
0.0698 4
0.0723 4
0.0748 4
0.0773 4
0.0799 4
0.0826 4
0.0851 4
0.0876 4
0.0904 4
0.0931 4
0.0956 4
0.0981 4
0.1006 4
0.1031 4
0.1056 4
0.1082 4
0.1107 4
0.1132 4
0.1157 4
0.1182 4
0.1208 4
0.1233 4
0.1258 4
0.1283 4
0.1310 4
0.1338 4
0.1364 4
0.1390 4
0.1415 4
0.1440 4
0.1465 4
0.1491 4
0.1516 4
0.1541 4
0.1567 4
0.1592 4
0.1617 4
0.1643 4
0.1668 4
0.1693 4
0.1718 4
0.1743 4
0.1768 4
0.1794 4
0.1819 4
0.1844 4
0.1869 4
0.1894 4
0.1919 4
0.1945 4
0.1970 4
0.1995 4
0.2020 4
0.2046 4
0.2072 4
0.2097 4
0.2122 4
0.2147 4
0.2173 4
0.2198 4
0.2223 4
0.2248 4
0.2273 4
0.2298 4
0.2323 4
0.2348 4
0.2374 4
0.2398 4
0.2423 4
0.2449 4
0.2474 4
0.2499 4
0.2524 4
0.2549 4
