0.0000 4
0.0002 3
0.0026 3
0.0050 3
0.0074 3
0.0099 3
0.0123 3
0.0147 3
0.0171 3
0.0195 3
0.0219 3
0.0243 3
0.0266 3
0.0290 3
0.0314 3
0.0337 3
0.0361 3
0.0384 3
0.0408 3
0.0431 3
0.0456 3
0.0479 3
0.0502 3
0.0526 3
0.0549 3
0.0572 3
0.0595 3
0.0618 3
0.0641 3
0.0665 3
0.0688 3
0.0711 3
0.0734 3
0.0757 3
0.0780 3
0.0803 3
0.0826 3
0.0850 3
0.0873 3
0.0896 3
0.0919 3
0.0943 3
0.0966 3
0.0989 3
0.1012 3
0.1035 3
0.1059 3
0.1082 3
0.1105 3
0.1128 3
0.1151 3
0.1175 3
0.1198 3
0.1221 3
0.1245 3
0.1268 3
0.1291 3
0.1314 3
0.1337 3
0.1361 3
0.1384 3
0.1408 3
0.1431 3
0.1455 3
0.1478 3
0.1502 3
0.1525 3
0.1548 3
0.1572 3
0.1595 3
0.1618 3
0.1642 3
0.1665 3
0.1688 3
0.1712 3
0.1736 3
0.1759 3
0.1782 3
0.1806 3
0.1829 3
0.1852 3
0.1876 3
0.1899 3
0.1922 3
0.1945 3
0.1969 3
0.1992 3
0.2016 3
0.2039 3
0.2062 3
0.2086 3
0.2109 3
0.2134 3
0.2157 3
0.2180 3
0.2204 3
0.2227 3
0.2250 3
0.2273 3
0.2297 3
0.2320 3
0.2343 3
