0.0000 3
0.0001 2
0.0026 2
0.0050 2
0.0074 2
0.0097 2
0.0122 2
0.0145 2
0.0168 2
0.0191 2
0.0214 2
0.0238 2
0.0260 2
0.0283 2
0.0306 2
0.0329 2
0.0351 2
0.0373 2
0.0396 2
0.0418 2
0.0444 2
0.0469 2
0.0493 2
0.0515 2
0.0538 2
0.0561 2
0.0584 2
0.0607 2
0.0630 2
0.0652 2
0.0675 2
0.0697 2
0.0720 2
0.0743 2
0.0765 2
0.0788 2
0.0810 2
0.0833 2
0.0856 2
0.0878 2
0.0900 2
0.0923 2
0.0945 2
0.0968 2
0.0990 2
0.1013 2
0.1035 2
0.1058 2
0.1080 2
0.1103 2
0.1125 2
0.1147 2
0.1170 2
0.1192 2
0.1215 2
0.1237 2
0.1259 2
0.1282 2
0.1304 2
0.1327 2
0.1349 2
0.1372 2
0.1394 2
0.1417 2
0.1439 2
0.1462 2
0.1484 2
0.1507 2
0.1529 2
0.1552 2
0.1574 2
0.1597 2
0.1619 2
0.1641 2
0.1664 2
0.1686 2
0.1708 2
0.1731 2
0.1753 2
0.1776 2
0.1798 2
0.1821 2
0.1843 2
0.1865 2
0.1888 2
0.1910 2
0.1932 2
0.1955 2
0.1977 2
0.1999 2
0.2022 2
0.2044 2
0.2067 2
0.2089 2
0.2112 2
0.2134 2
0.2157 2
0.2179 2
0.2201 2
0.2224 2
0.2246 2
0.2268 2
