0.0000 6
0.0035 6
0.0066 6
0.0097 6
0.0130 6
0.0162 6
0.0194 6
0.0213 5
0.0225 5
0.0256 5
0.0288 5
0.0319 5
0.0350 5
0.0381 5
0.0411 5
0.0442 5
0.0473 5
0.0504 5
0.0534 5
0.0565 5
0.0596 5
0.0626 5
0.0657 5
0.0688 5
0.0718 5
0.0749 5
0.0780 5
0.0810 5
0.0841 5
0.0872 5
0.0903 5
0.0933 5
0.0964 5
0.0994 5
0.1025 5
0.1056 5
0.1086 5
0.1117 5
0.1148 5
0.1179 5
0.1210 5
0.1241 5
0.1271 5
0.1302 5
0.1332 5
0.1363 5
0.1394 5
0.1424 5
0.1455 5
0.1486 5
0.1516 5
0.1547 5
0.1577 5
0.1608 5
0.1639 5
0.1669 5
0.1700 5
0.1731 5
0.1761 5
0.1792 5
0.1822 5
0.1853 5
0.1884 5
0.1914 5
0.1945 5
0.1975 5
0.2006 5
0.2037 5
0.2068 5
0.2099 5
0.2130 5
0.2161 5
0.2192 5
0.2222 5
0.2253 5
0.2284 5
0.2315 5
0.2346 5
0.2377 5
0.2408 5
0.2438 5
0.2469 5
0.2500 5
0.2531 5
0.2561 5
0.2592 5
0.2623 5
0.2654 5
0.2684 5
0.2715 5
0.2746 5
0.2776 5
0.2807 5
0.2838 5
0.2868 5
0.2899 5
0.2929 5
0.2960 5
0.2991 5
0.3021 5
0.3052 5
0.3083 5
0.3113 5
0.3144 5
0.3175 5
0.3205 5
0.3236 5
0.3267 5
