0.0000 4
0.0003 3
0.0027 3
0.0053 3
0.0079 3
0.0105 3
0.0131 3
0.0155 3
0.0181 3
0.0207 3
0.0232 3
0.0257 3
0.0282 3
0.0308 3
0.0333 3
0.0358 3
0.0383 3
0.0409 3
0.0434 3
0.0459 3
0.0484 3
0.0509 3
0.0535 3
0.0559 3
0.0584 3
0.0609 3
0.0634 3
0.0658 3
0.0683 3
0.0708 3
0.0732 3
0.0757 3
0.0782 3
0.0806 3
0.0831 3
0.0856 3
0.0880 3
0.0905 3
0.0929 3
0.0954 3
0.0978 3
0.1003 3
0.1028 3
0.1053 3
0.1077 3
0.1102 3
0.1126 3
0.1151 3
0.1175 3
0.1200 3
0.1224 3
0.1248 3
0.1273 3
0.1298 3
0.1323 3
0.1347 3
0.1372 3
0.1396 3
0.1421 3
0.1446 3
0.1470 3
0.1495 3
0.1519 3
0.1544 3
0.1568 3
0.1593 3
0.1617 3
0.1642 3
0.1666 3
0.1691 3
0.1715 3
0.1740 3
0.1764 3
0.1789 3
0.1813 3
0.1837 3
0.1862 3
0.1886 3
0.1911 3
0.1935 3
0.1959 3
0.1984 3
0.2008 3
0.2032 3
0.2057 3
0.2081 3
0.2106 3
0.2131 3
0.2155 3
0.2179 3
0.2204 3
0.2228 3
0.2253 3
0.2277 3
0.2301 3
0.2326 3
0.2350 3
0.2375 3
0.2399 3
0.2424 3
0.2448 3
0.2473 3
