0.0000 4
0.0003 3
0.0034 3
0.0065 3
0.0095 3
0.0125 3
0.0156 3
0.0186 3
0.0216 3
0.0246 3
0.0276 3
0.0305 3
0.0335 3
0.0365 3
0.0395 3
0.0424 3
0.0454 3
0.0484 3
0.0513 3
0.0543 3
0.0572 3
0.0604 3
0.0633 3
0.0663 3
0.0693 3
0.0722 3
0.0752 3
0.0782 3
0.0811 3
0.0841 3
0.0871 3
0.0901 3
0.0933 3
0.0963 3
0.0993 3
0.1024 3
0.1053 3
0.1083 3
0.1113 3
0.1142 3
0.1172 3
0.1201 3
0.1231 3
0.1260 3
0.1290 3
0.1319 3
0.1349 3
0.1378 3
0.1408 3
0.1437 3
0.1467 3
0.1497 3
0.1526 3
0.1556 3
0.1585 3
0.1615 3
0.1644 3
0.1674 3
0.1704 3
0.1733 3
0.1763 3
0.1793 3
0.1822 3
0.1852 3
0.1882 3
0.1912 3
0.1942 3
0.1972 3
0.2003 3
0.2032 3
0.2062 3
0.2093 3
0.2122 3
0.2152 3
0.2181 3
0.2211 3
0.2240 3
0.2270 3
0.2299 3
0.2329 3
0.2358 3
0.2388 3
0.2417 3
0.2446 3
0.2476 3
0.2505 3
0.2534 3
0.2564 3
0.2593 3
0.2623 3
0.2652 3
0.2682 3
0.2711 3
0.2741 3
0.2770 3
0.2800 3
0.2829 3
0.2859 3
0.2888 3
0.2918 3
0.2947 3
0.2977 3
