0.0000 5
0.0034 5
0.0065 5
0.0094 5
0.0126 5
0.0156 5
0.0186 5
0.0215 5
0.0245 5
0.0275 5
0.0305 5
0.0334 5
0.0364 5
0.0393 5
0.0424 5
0.0453 5
0.0483 5
0.0512 5
0.0542 5
0.0572 5
0.0601 5
0.0631 5
0.0661 5
0.0691 5
0.0721 5
0.0751 5
0.0780 5
0.0810 5
0.0840 5
0.0869 5
0.0899 5
0.0929 5
0.0959 5
0.0989 5
0.1019 5
0.1049 5
0.1078 5
0.1108 5
0.1137 5
0.1167 5
0.1196 5
0.1226 5
0.1255 5
0.1285 5
0.1314 5
0.1345 5
0.1374 5
0.1404 5
0.1433 5
0.1463 5
0.1492 5
0.1522 5
0.1551 5
0.1581 5
0.1610 5
0.1640 5
0.1669 5
0.1699 5
0.1728 5
0.1757 5
0.1787 5
0.1817 5
0.1846 5
0.1876 5
0.1905 5
0.1935 5
0.1964 5
0.1994 5
0.2023 5
0.2053 5
0.2083 5
0.2113 5
0.2142 5
0.2172 5
0.2201 5
0.2231 5
0.2260 5
0.2290 5
0.2319 5
0.2349 5
0.2378 5
0.2407 5
0.2437 5
0.2467 5
0.2496 5
0.2526 5
0.2555 5
0.2585 5
0.2615 5
0.2644 5
0.2674 5
0.2704 5
0.2734 5
0.2764 5
0.2795 5
0.2825 5
0.2854 5
0.2884 5
0.2914 5
0.2943 5
0.2973 5
