0.0000 3
0.0032 3
0.0063 3
0.0094 3
0.0124 3
0.0154 3
0.0185 3
0.0215 3
0.0246 3
0.0276 3
0.0307 3
0.0338 3
0.0369 3
0.0399 3
0.0430 3
0.0460 3
0.0491 3
0.0521 3
0.0552 3
0.0582 3
0.0613 3
0.0643 3
0.0673 3
0.0704 3
0.0733 3
0.0764 3
0.0794 3
0.0823 3
0.0853 3
0.0884 3
0.0913 3
0.0943 3
0.0974 3
0.1003 3
0.1033 3
0.1063 3
0.1093 3
0.1122 3
0.1152 3
0.1182 3
0.1212 3
0.1242 3
0.1272 3
0.1301 3
0.1331 3
0.1361 3
0.1391 3
0.1421 3
0.1450 3
0.1480 3
0.1510 3
0.1539 3
0.1569 3
0.1599 3
0.1628 3
0.1658 3
0.1688 3
0.1718 3
0.1747 3
0.1777 3
0.1806 3
0.1836 3
0.1865 3
0.1895 3
0.1925 3
0.1955 3
0.1984 3
0.2014 3
0.2044 3
0.2073 3
0.2104 3
0.2134 3
0.2164 3
0.2193 3
0.2223 3
0.2253 3
0.2283 3
0.2312 3
0.2343 3
0.2372 3
0.2402 3
0.2431 3
0.2461 3
0.2491 3
0.2520 3
0.2550 3
0.2580 3
0.2609 3
0.2639 3
0.2668 3
0.2699 3
0.2729 3
0.2758 3
0.2788 3
0.2818 3
0.2848 3
0.2877 3
0.2907 3
0.2937 3
0.2966 3
0.2996 3
