0.0000 3
0.0005 2
0.0032 2
0.0060 2
0.0090 2
0.0119 2
0.0148 2
0.0177 2
0.0206 2
0.0235 2
0.0264 2
0.0292 2
0.0321 2
0.0349 2
0.0377 2
0.0406 2
0.0434 2
0.0462 2
0.0491 2
0.0520 2
0.0548 2
0.0577 2
0.0605 2
0.0634 2
0.0662 2
0.0690 2
0.0719 2
0.0747 2
0.0775 2
0.0804 2
0.0832 2
0.0860 2
0.0889 2
0.0917 2
0.0946 2
0.0974 2
0.1003 2
0.1031 2
0.1060 2
0.1088 2
0.1117 2
0.1145 2
0.1174 2
0.1202 2
0.1231 2
0.1259 2
0.1288 2
0.1316 2
0.1345 2
0.1373 2
0.1401 2
0.1430 2
0.1458 2
0.1487 2
0.1515 2
0.1544 2
0.1572 2
0.1600 2
0.1629 2
0.1658 2
0.1686 2
0.1714 2
0.1743 2
0.1772 2
0.1800 2
0.1829 2
0.1857 2
0.1885 2
0.1913 2
0.1942 2
0.1970 2
0.1998 2
0.2027 2
0.2055 2
0.2083 2
0.2111 2
0.2140 2
0.2168 2
0.2196 2
0.2225 2
0.2253 2
0.2281 2
0.2310 2
0.2338 2
0.2366 2
0.2394 2
0.2423 2
0.2451 2
0.2480 2
0.2508 2
0.2536 2
0.2565 2
0.2593 2
0.2622 2
0.2651 2
0.2681 2
0.2709 2
0.2737 2
0.2766 2
0.2795 2
0.2823 2
0.2851 2
