0.0000 5
0.0035 5
0.0066 5
0.0096 5
0.0125 5
0.0161 5
0.0191 5
0.0221 5
0.0250 5
0.0267 4
0.0280 4
0.0310 4
0.0340 4
0.0370 4
0.0401 4
0.0441 4
0.0471 4
0.0501 4
0.0531 4
0.0561 4
0.0591 4
0.0620 4
0.0651 4
0.0680 4
0.0710 4
0.0739 4
0.0770 4
0.0799 4
0.0829 4
0.0858 4
0.0888 4
0.0917 4
0.0947 4
0.0976 4
0.1006 4
0.1035 4
0.1064 4
0.1094 4
0.1123 4
0.1153 4
0.1182 4
0.1212 4
0.1241 4
0.1271 4
0.1300 4
0.1330 4
0.1361 4
0.1392 4
0.1422 4
0.1451 4
0.1481 4
0.1510 4
0.1540 4
0.1569 4
0.1599 4
0.1629 4
0.1658 4
0.1687 4
0.1717 4
0.1746 4
0.1776 4
0.1805 4
0.1834 4
0.1864 4
0.1893 4
0.1923 4
0.1952 4
0.1981 4
0.2011 4
0.2040 4
0.2070 4
0.2099 4
0.2129 4
0.2159 4
0.2188 4
0.2218 4
0.2247 4
0.2277 4
0.2306 4
0.2336 4
0.2366 4
0.2396 4
0.2426 4
0.2455 4
0.2486 4
0.2515 4
0.2545 4
0.2574 4
0.2604 4
0.2633 4
0.2663 4
0.2692 4
0.2722 4
0.2751 4
0.2781 4
0.2810 4
0.2840 4
0.2869 4
0.2899 4
0.2928 4
0.2958 4
0.2988 4
0.3017 4
0.3047 4
0.3076 4
0.3106 4
0.3136 4
0.3166 4
0.3195 4
0.3225 4
