0.0000 4
0.0027 4
0.0053 4
0.0078 4
0.0104 4
0.0129 4
0.0154 4
0.0179 4
0.0204 4
0.0230 4
0.0256 4
0.0281 4
0.0307 4
0.0331 4
0.0356 4
0.0381 4
0.0406 4
0.0431 4
0.0456 4
0.0481 4
0.0505 4
0.0530 4
0.0555 4
0.0579 4
0.0604 4
0.0629 4
0.0656 4
0.0682 4
0.0709 4
0.0736 4
0.0761 4
0.0788 4
0.0813 4
0.0839 4
0.0865 4
0.0890 4
0.0916 4
0.0942 4
0.0967 4
0.0993 4
0.1019 4
0.1045 4
0.1072 4
0.1097 4
0.1122 4
0.1149 4
0.1174 4
0.1200 4
0.1225 4
0.1249 4
0.1274 4
0.1300 4
0.1325 4
0.1350 4
0.1375 4
0.1399 4
0.1424 4
0.1449 4
0.1477 4
0.1504 4
0.1529 4
0.1554 4
0.1578 4
0.1603 4
0.1628 4
0.1653 4
0.1677 4
0.1703 4
0.1727 4
0.1752 4
0.1777 4
0.1801 4
0.1826 4
0.1851 4
0.1876 4
0.1901 4
0.1926 4
0.1951 4
0.1976 4
0.2001 4
0.2025 4
0.2050 4
0.2075 4
0.2100 4
0.2124 4
0.2149 4
0.2174 4
0.2199 4
0.2224 4
0.2248 4
0.2273 4
0.2298 4
0.2323 4
0.2347 4
0.2372 4
0.2397 4
0.2422 4
0.2447 4
0.2471 4
0.2496 4
0.2521 4
