0.0000 4
0.0016 3
0.0028 3
0.0054 3
0.0079 3
0.0104 3
0.0129 3
0.0153 3
0.0179 3
0.0204 3
0.0228 3
0.0253 3
0.0278 3
0.0302 3
0.0326 3
0.0351 3
0.0376 3
0.0400 3
0.0424 3
0.0449 3
0.0473 3
0.0497 3
0.0522 3
0.0546 3
0.0570 3
0.0595 3
0.0619 3
0.0644 3
0.0668 3
0.0692 3
0.0717 3
0.0741 3
0.0765 3
0.0790 3
0.0814 3
0.0838 3
0.0862 3
0.0887 3
0.0911 3
0.0935 3
0.0959 3
0.0984 3
0.1008 3
0.1032 3
0.1056 3
0.1082 3
0.1109 3
0.1133 3
0.1157 3
0.1182 3
0.1206 3
0.1230 3
0.1254 3
0.1278 3
0.1302 3
0.1327 3
0.1351 3
0.1375 3
0.1399 3
0.1423 3
0.1448 3
0.1472 3
0.1498 3
0.1524 3
0.1549 3
0.1573 3
0.1598 3
0.1622 3
0.1648 3
0.1672 3
0.1697 3
0.1722 3
0.1746 3
0.1771 3
0.1795 3
0.1819 3
0.1844 3
0.1868 3
0.1892 3
0.1916 3
0.1941 3
0.1966 3
0.1991 3
0.2016 3
0.2041 3
0.2065 3
0.2090 3
0.2114 3
0.2138 3
0.2163 3
0.2187 3
0.2211 3
0.2235 3
0.2259 3
0.2283 3
0.2307 3
0.2331 3
0.2355 3
0.2380 3
0.2404 3
0.2427 3
0.2451 3
