0.0000 5
0.0032 5
0.0058 5
0.0085 5
0.0112 5
0.0139 5
0.0149 4
0.0165 4
0.0191 4
0.0217 4
0.0243 4
0.0269 4
0.0294 4
0.0320 4
0.0346 4
0.0372 4
0.0397 4
0.0423 4
0.0448 4
0.0474 4
0.0499 4
0.0525 4
0.0550 4
0.0576 4
0.0601 4
0.0627 4
0.0652 4
0.0678 4
0.0703 4
0.0729 4
0.0754 4
0.0780 4
0.0806 4
0.0831 4
0.0857 4
0.0882 4
0.0907 4
0.0933 4
0.0958 4
0.0984 4
0.1009 4
0.1034 4
0.1060 4
0.1085 4
0.1111 4
0.1136 4
0.1162 4
0.1187 4
0.1212 4
0.1238 4
0.1264 4
0.1289 4
0.1315 4
0.1340 4
0.1366 4
0.1391 4
0.1416 4
0.1441 4
0.1467 4
0.1492 4
0.1517 4
0.1542 4
0.1568 4
0.1593 4
0.1618 4
0.1644 4
0.1669 4
0.1694 4
0.1719 4
0.1745 4
0.1770 4
0.1795 4
0.1821 4
0.1846 4
0.1871 4
0.1896 4
0.1922 4
0.1947 4
0.1972 4
0.1997 4
0.2023 4
0.2048 4
0.2074 4
0.2099 4
0.2125 4
0.2150 4
0.2175 4
0.2200 4
0.2226 4
0.2252 4
0.2277 4
0.2303 4
0.2328 4
0.2354 4
0.2379 4
0.2405 4
0.2430 4
0.2456 4
0.2481 4
0.2507 4
0.2532 4
0.2557 4
0.2582 4
0.2608 4
0.2633 4
0.2658 4
0.2684 4
