0.0000 3
0.0035 3
0.0060 3
0.0084 3
0.0109 3
0.0132 3
0.0157 3
0.0184 3
0.0208 3
0.0232 3
0.0256 3
0.0280 3
0.0303 3
0.0327 3
0.0350 3
0.0374 3
0.0397 3
0.0421 3
0.0444 3
0.0468 3
0.0492 3
0.0515 3
0.0539 3
0.0562 3
0.0586 3
0.0610 3
0.0633 3
0.0657 3
0.0681 3
0.0705 3
0.0728 3
0.0752 3
0.0775 3
0.0799 3
0.0823 3
0.0846 3
0.0870 3
0.0894 3
0.0918 3
0.0942 3
0.0965 3
0.0989 3
0.1013 3
0.1036 3
0.1060 3
0.1084 3
0.1107 3
0.1131 3
0.1155 3
0.1178 3
0.1203 3
0.1226 3
0.1250 3
0.1274 3
0.1297 3
0.1321 3
0.1344 3
0.1368 3
0.1391 3
0.1415 3
0.1438 3
0.1462 3
0.1486 3
0.1509 3
0.1533 3
0.1556 3
0.1580 3
0.1603 3
0.1627 3
0.1650 3
0.1674 3
0.1697 3
0.1721 3
0.1744 3
0.1768 3
0.1792 3
0.1815 3
0.1839 3
0.1863 3
0.1889 3
0.1914 3
0.1938 3
0.1962 3
0.1985 3
0.2009 3
0.2033 3
0.2057 3
0.2081 3
0.2105 3
0.2129 3
0.2153 3
0.2177 3
0.2201 3
0.2225 3
0.2249 3
0.2272 3
0.2296 3
0.2320 3
0.2344 3
0.2367 3
0.2391 3
