0.0000 4
0.0028 4
0.0054 4
0.0079 4
0.0105 4
0.0131 4
0.0156 4
0.0181 4
0.0206 4
0.0231 4
0.0257 4
0.0281 4
0.0306 4
0.0331 4
0.0356 4
0.0381 4
0.0406 4
0.0431 4
0.0456 4
0.0481 4
0.0506 4
0.0531 4
0.0555 4
0.0580 4
0.0605 4
0.0629 4
0.0654 4
0.0679 4
0.0703 4
0.0728 4
0.0753 4
0.0778 4
0.0803 4
0.0828 4
0.0853 4
0.0878 4
0.0903 4
0.0928 4
0.0952 4
0.0977 4
0.1002 4
0.1026 4
0.1051 4
0.1076 4
0.1100 4
0.1126 4
0.1150 4
0.1175 4
0.1200 4
0.1225 4
0.1249 4
0.1274 4
0.1299 4
0.1324 4
0.1349 4
0.1374 4
0.1398 4
0.1423 4
0.1447 4
0.1472 4
0.1496 4
0.1521 4
0.1546 4
0.1570 4
0.1595 4
0.1619 4
0.1644 4
0.1668 4
0.1693 4
0.1717 4
0.1742 4
0.1767 4
0.1791 4
0.1816 4
0.1841 4
0.1866 4
0.1890 4
0.1915 4
0.1940 4
0.1964 4
0.1989 4
0.2014 4
0.2038 4
0.2063 4
0.2088 4
0.2113 4
0.2138 4
0.2162 4
0.2187 4
0.2212 4
0.2236 4
0.2261 4
0.2286 4
0.2310 4
0.2335 4
0.2360 4
0.2385 4
0.2410 4
0.2434 4
0.2460 4
0.2484 4
