0.0000 5
0.0028 5
0.0052 5
0.0077 5
0.0102 5
0.0127 5
0.0151 5
0.0176 5
0.0201 5
0.0226 5
0.0250 5
0.0275 5
0.0300 5
0.0325 5
0.0349 5
0.0374 5
0.0399 5
0.0424 5
0.0449 5
0.0474 5
0.0498 5
0.0523 5
0.0547 5
0.0572 5
0.0596 5
0.0621 5
0.0645 5
0.0669 5
0.0694 5
0.0719 5
0.0743 5
0.0767 5
0.0792 5
0.0816 5
0.0841 5
0.0865 5
0.0889 5
0.0914 5
0.0938 5
0.0963 5
0.0987 5
0.1011 5
0.1036 5
0.1060 5
0.1085 5
0.1109 5
0.1134 5
0.1158 5
0.1183 5
0.1207 5
0.1232 5
0.1256 5
0.1280 5
0.1305 5
0.1329 5
0.1354 5
0.1378 5
0.1403 5
0.1427 5
0.1452 5
0.1476 5
0.1501 5
0.1525 5
0.1550 5
0.1574 5
0.1598 5
0.1623 5
0.1648 5
0.1672 5
0.1696 5
0.1721 5
0.1746 5
0.1770 5
0.1795 5
0.1819 5
0.1844 5
0.1868 5
0.1893 5
0.1917 5
0.1942 5
0.1966 5
0.1991 5
0.2015 5
0.2040 5
0.2064 5
0.2089 5
0.2113 5
0.2138 5
0.2162 5
0.2187 5
0.2211 5
0.2235 5
0.2260 5
0.2284 5
0.2309 5
0.2333 5
0.2358 5
0.2383 5
0.2407 5
0.2432 5
0.2456 5
