0.0000 3
0.0001 2
0.0030 2
0.0057 2
0.0085 2
0.0113 2
0.0141 2
0.0168 2
0.0196 2
0.0224 2
0.0251 2
0.0278 2
0.0305 2
0.0333 2
0.0360 2
0.0387 2
0.0414 2
0.0441 2
0.0468 2
0.0495 2
0.0522 2
0.0549 2
0.0575 2
0.0602 2
0.0629 2
0.0655 2
0.0682 2
0.0709 2
0.0735 2
0.0762 2
0.0789 2
0.0816 2
0.0843 2
0.0869 2
0.0896 2
0.0923 2
0.0950 2
0.0977 2
0.1003 2
0.1030 2
0.1057 2
0.1084 2
0.1111 2
0.1139 2
0.1166 2
0.1193 2
0.1220 2
0.1247 2
0.1275 2
0.1302 2
0.1329 2
0.1356 2
0.1383 2
0.1410 2
0.1437 2
0.1465 2
0.1492 2
0.1521 2
0.1549 2
0.1576 2
0.1605 2
0.1633 2
0.1660 2
0.1688 2
0.1716 2
0.1744 2
0.1771 2
0.1800 2
0.1828 2
0.1855 2
0.1883 2
0.1910 2
0.1937 2
0.1965 2
0.1993 2
0.2020 2
0.2047 2
0.2075 2
0.2102 2
0.2129 2
0.2156 2
0.2183 2
0.2210 2
0.2237 2
0.2264 2
0.2291 2
0.2318 2
0.2344 2
0.2371 2
0.2399 2
0.2426 2
0.2452 2
0.2479 2
0.2507 2
0.2534 2
0.2561 2
0.2588 2
0.2614 2
0.2641 2
0.2668 2
0.2695 2
0.2722 2
