0.0000 4
0.0022 3
0.0031 3
0.0056 3
0.0080 3
0.0105 3
0.0129 3
0.0153 3
0.0178 3
0.0202 3
0.0226 3
0.0250 3
0.0273 3
0.0297 3
0.0320 3
0.0344 3
0.0367 3
0.0391 3
0.0414 3
0.0438 3
0.0461 3
0.0485 3
0.0508 3
0.0532 3
0.0556 3
0.0580 3
0.0603 3
0.0627 3
0.0650 3
0.0673 3
0.0696 3
0.0720 3
0.0743 3
0.0766 3
0.0790 3
0.0813 3
0.0836 3
0.0859 3
0.0883 3
0.0906 3
0.0929 3
0.0953 3
0.0976 3
0.1000 3
0.1023 3
0.1046 3
0.1070 3
0.1093 3
0.1117 3
0.1140 3
0.1163 3
0.1187 3
0.1210 3
0.1234 3
0.1257 3
0.1281 3
0.1304 3
0.1328 3
0.1351 3
0.1374 3
0.1398 3
0.1422 3
0.1450 3
0.1476 3
0.1499 3
0.1523 3
0.1547 3
0.1571 3
0.1595 3
0.1619 3
0.1643 3
0.1666 3
0.1690 3
0.1713 3
0.1737 3
0.1760 3
0.1784 3
0.1807 3
0.1831 3
0.1860 3
0.1891 3
0.1915 3
0.1939 3
0.1962 3
0.1986 3
0.2009 3
0.2033 3
0.2057 3
0.2081 3
0.2105 3
0.2128 3
0.2152 3
0.2176 3
0.2200 3
0.2223 3
0.2246 3
0.2269 3
0.2293 3
0.2316 3
0.2339 3
0.2363 3
0.2386 3
