0.0000 3
0.0008 2
0.0030 2
0.0057 2
0.0085 2
0.0113 2
0.0140 2
0.0168 2
0.0196 2
0.0224 2
0.0252 2
0.0280 2
0.0307 2
0.0335 2
0.0363 2
0.0390 2
0.0418 2
0.0445 2
0.0473 2
0.0500 2
0.0528 2
0.0556 2
0.0586 2
0.0614 2
0.0642 2
0.0669 2
0.0697 2
0.0724 2
0.0751 2
0.0778 2
0.0805 2
0.0832 2
0.0859 2
0.0886 2
0.0913 2
0.0940 2
0.0967 2
0.0994 2
0.1021 2
0.1048 2
0.1075 2
0.1102 2
0.1129 2
0.1156 2
0.1183 2
0.1210 2
0.1237 2
0.1264 2
0.1291 2
0.1318 2
0.1345 2
0.1372 2
0.1399 2
0.1426 2
0.1453 2
0.1480 2
0.1507 2
0.1534 2
0.1561 2
0.1588 2
0.1615 2
0.1642 2
0.1669 2
0.1697 2
0.1724 2
0.1751 2
0.1778 2
0.1805 2
0.1832 2
0.1859 2
0.1886 2
0.1914 2
0.1941 2
0.1967 2
0.1995 2
0.2021 2
0.2049 2
0.2076 2
0.2104 2
0.2131 2
0.2158 2
0.2185 2
0.2212 2
0.2239 2
0.2266 2
0.2293 2
0.2320 2
0.2347 2
0.2374 2
0.2401 2
0.2428 2
0.2454 2
0.2481 2
0.2509 2
0.2535 2
0.2562 2
0.2589 2
0.2617 2
0.2644 2
0.2671 2
0.2698 2
0.2725 2
