0.0000 5
0.0020 4
0.0037 4
0.0070 4
0.0102 4
0.0134 4
0.0167 4
0.0200 4
0.0232 4
0.0264 4
0.0296 4
0.0327 4
0.0359 4
0.0391 4
0.0423 4
0.0455 4
0.0487 4
0.0519 4
0.0551 4
0.0582 4
0.0614 4
0.0645 4
0.0677 4
0.0709 4
0.0740 4
0.0772 4
0.0803 4
0.0835 4
0.0866 4
0.0898 4
0.0930 4
0.0961 4
0.0993 4
0.1024 4
0.1056 4
0.1088 4
0.1120 4
0.1153 4
0.1184 4
0.1216 4
0.1248 4
0.1279 4
0.1311 4
0.1343 4
0.1374 4
0.1406 4
0.1437 4
0.1469 4
0.1501 4
0.1532 4
0.1564 4
0.1596 4
0.1627 4
0.1659 4
0.1691 4
0.1722 4
0.1754 4
0.1785 4
0.1817 4
0.1849 4
0.1880 4
0.1912 4
0.1944 4
0.1976 4
0.2007 4
0.2039 4
0.2071 4
0.2103 4
0.2134 4
0.2166 4
0.2197 4
0.2229 4
0.2261 4
0.2292 4
0.2324 4
0.2355 4
0.2389 4
0.2422 4
0.2454 4
0.2485 4
0.2517 4
0.2548 4
0.2580 4
0.2611 4
0.2643 4
0.2674 4
0.2706 4
0.2737 4
0.2769 4
0.2802 4
0.2837 4
0.2869 4
0.2901 4
0.2932 4
0.2964 4
0.2996 4
0.3028 4
0.3060 4
0.3091 4
0.3123 4
0.3155 4
0.3187 4
