0.0000 6
0.0029 6
0.0053 6
0.0071 5
0.0079 5
0.0104 5
0.0128 5
0.0153 5
0.0177 5
0.0202 5
0.0226 5
0.0251 5
0.0275 5
0.0299 5
0.0324 5
0.0348 5
0.0372 5
0.0397 5
0.0421 5
0.0445 5
0.0469 5
0.0493 5
0.0518 5
0.0542 5
0.0566 5
0.0591 5
0.0615 5
0.0639 5
0.0664 5
0.0688 5
0.0712 5
0.0736 5
0.0761 5
0.0785 5
0.0809 5
0.0833 5
0.0858 5
0.0882 5
0.0906 5
0.0930 5
0.0955 5
0.0979 5
0.1003 5
0.1027 5
0.1051 5
0.1075 5
0.1100 5
0.1124 5
0.1148 5
0.1172 5
0.1196 5
0.1220 5
0.1244 5
0.1269 5
0.1293 5
0.1317 5
0.1341 5
0.1366 5
0.1390 5
0.1414 5
0.1438 5
0.1464 5
0.1491 5
0.1515 5
0.1539 5
0.1563 5
0.1587 5
0.1612 5
0.1636 5
0.1660 5
0.1684 5
0.1708 5
0.1732 5
0.1756 5
0.1781 5
0.1805 5
0.1829 5
0.1853 5
0.1880 5
0.1906 5
0.1931 5
0.1956 5
0.1980 5
0.2004 5
0.2029 5
0.2053 5
0.2078 5
0.2103 5
0.2128 5
0.2152 5
0.2176 5
0.2200 5
0.2225 5
0.2249 5
0.2273 5
0.2298 5
0.2322 5
0.2346 5
0.2370 5
0.2395 5
0.2419 5
0.2443 5
0.2467 5
0.2491 5
