0.0000 3
0.0031 3
0.0059 3
0.0089 3
0.0118 3
0.0146 3
0.0175 3
0.0203 3
0.0232 3
0.0260 3
0.0289 3
0.0317 3
0.0346 3
0.0374 3
0.0403 3
0.0432 3
0.0460 3
0.0490 3
0.0519 3
0.0548 3
0.0577 3
0.0605 3
0.0634 3
0.0662 3
0.0691 3
0.0719 3
0.0747 3
0.0775 3
0.0803 3
0.0831 3
0.0859 3
0.0888 3
0.0916 3
0.0944 3
0.0972 3
0.1000 3
0.1028 3
0.1056 3
0.1084 3
0.1112 3
0.1141 3
0.1172 3
0.1201 3
0.1229 3
0.1257 3
0.1285 3
0.1313 3
0.1341 3
0.1369 3
0.1397 3
0.1426 3
0.1454 3
0.1482 3
0.1510 3
0.1538 3
0.1568 3
0.1598 3
0.1627 3
0.1657 3
0.1688 3
0.1717 3
0.1745 3
0.1774 3
0.1803 3
0.1832 3
0.1861 3
0.1891 3
0.1920 3
0.1948 3
0.1977 3
0.2006 3
0.2035 3
0.2063 3
0.2093 3
0.2122 3
0.2150 3
0.2179 3
0.2208 3
0.2237 3
0.2265 3
0.2294 3
0.2324 3
0.2352 3
0.2381 3
0.2409 3
0.2438 3
0.2466 3
0.2494 3
0.2523 3
0.2551 3
0.2580 3
0.2608 3
0.2636 3
0.2664 3
0.2692 3
0.2720 3
0.2748 3
0.2776 3
0.2805 3
0.2833 3
0.2861 3
