0.0000 3
0.0028 3
0.0052 3
0.0076 3
0.0101 3
0.0125 3
0.0149 3
0.0174 3
0.0198 3
0.0223 3
0.0246 3
0.0270 3
0.0294 3
0.0318 3
0.0342 3
0.0366 3
0.0390 3
0.0414 3
0.0438 3
0.0462 3
0.0485 3
0.0509 3
0.0533 3
0.0557 3
0.0581 3
0.0605 3
0.0628 3
0.0652 3
0.0676 3
0.0701 3
0.0725 3
0.0749 3
0.0774 3
0.0798 3
0.0822 3
0.0846 3
0.0870 3
0.0894 3
0.0918 3
0.0942 3
0.0965 3
0.0990 3
0.1014 3
0.1037 3
0.1061 3
0.1085 3
0.1108 3
0.1132 3
0.1156 3
0.1179 3
0.1203 3
0.1226 3
0.1250 3
0.1274 3
0.1297 3
0.1321 3
0.1344 3
0.1368 3
0.1392 3
0.1415 3
0.1439 3
0.1462 3
0.1486 3
0.1509 3
0.1533 3
0.1556 3
0.1580 3
0.1603 3
0.1627 3
0.1651 3
0.1674 3
0.1698 3
0.1721 3
0.1745 3
0.1769 3
0.1792 3
0.1816 3
0.1840 3
0.1863 3
0.1887 3
0.1911 3
0.1935 3
0.1958 3
0.1982 3
0.2006 3
0.2030 3
0.2054 3
0.2078 3
0.2102 3
0.2125 3
0.2149 3
0.2173 3
0.2196 3
0.2220 3
0.2243 3
0.2267 3
0.2290 3
0.2314 3
0.2337 3
0.2361 3
0.2385 3
