0.0000 3
0.0001 2
0.0025 2
0.0048 2
0.0070 2
0.0094 2
0.0117 2
0.0140 2
0.0164 2
0.0187 2
0.0210 2
0.0235 2
0.0260 2
0.0287 2
0.0311 2
0.0336 2
0.0359 2
0.0383 2
0.0406 2
0.0430 2
0.0453 2
0.0476 2
0.0500 2
0.0522 2
0.0546 2
0.0569 2
0.0593 2
0.0617 2
0.0639 2
0.0663 2
0.0686 2
0.0709 2
0.0733 2
0.0756 2
0.0779 2
0.0802 2
0.0826 2
0.0849 2
0.0872 2
0.0896 2
0.0918 2
0.0942 2
0.0965 2
0.0988 2
0.1011 2
0.1034 2
0.1058 2
0.1080 2
0.1104 2
0.1127 2
0.1150 2
0.1174 2
0.1197 2
0.1220 2
0.1243 2
0.1266 2
0.1290 2
0.1313 2
0.1336 2
0.1358 2
0.1382 2
0.1405 2
0.1427 2
0.1450 2
0.1473 2
0.1496 2
0.1519 2
0.1541 2
0.1564 2
0.1586 2
0.1609 2
0.1631 2
0.1654 2
0.1676 2
0.1699 2
0.1721 2
0.1744 2
0.1766 2
0.1789 2
0.1811 2
0.1833 2
0.1856 2
0.1879 2
0.1901 2
0.1924 2
0.1947 2
0.1969 2
0.1992 2
0.2014 2
0.2036 2
0.2060 2
0.2082 2
0.2105 2
0.2127 2
0.2149 2
0.2172 2
0.2194 2
0.2217 2
0.2239 2
0.2262 2
0.2284 2
0.2306 2
