0.0000 3
0.0002 2
0.0030 2
0.0059 2
0.0087 2
0.0115 2
0.0143 2
0.0171 2
0.0199 2
0.0229 2
0.0259 2
0.0287 2
0.0314 2
0.0342 2
0.0370 2
0.0399 2
0.0428 2
0.0455 2
0.0483 2
0.0510 2
0.0537 2
0.0565 2
0.0592 2
0.0619 2
0.0647 2
0.0674 2
0.0702 2
0.0729 2
0.0756 2
0.0783 2
0.0811 2
0.0838 2
0.0865 2
0.0892 2
0.0919 2
0.0947 2
0.0974 2
0.1001 2
0.1029 2
0.1056 2
0.1083 2
0.1110 2
0.1137 2
0.1165 2
0.1192 2
0.1219 2
0.1246 2
0.1273 2
0.1300 2
0.1328 2
0.1355 2
0.1382 2
0.1410 2
0.1437 2
0.1464 2
0.1493 2
0.1520 2
0.1547 2
0.1576 2
0.1604 2
0.1631 2
0.1659 2
0.1687 2
0.1714 2
0.1741 2
0.1768 2
0.1796 2
0.1823 2
0.1850 2
0.1877 2
0.1905 2
0.1932 2
0.1959 2
0.1987 2
0.2014 2
0.2041 2
0.2069 2
0.2097 2
0.2124 2
0.2151 2
0.2178 2
0.2206 2
0.2233 2
0.2260 2
0.2287 2
0.2317 2
0.2344 2
0.2371 2
0.2399 2
0.2426 2
0.2453 2
0.2480 2
0.2508 2
0.2535 2
0.2562 2
0.2589 2
0.2616 2
0.2644 2
0.2671 2
0.2698 2
0.2725 2
0.2753 2
