0.0000 4
0.0029 4
0.0046 3
0.0055 3
0.0081 3
0.0106 3
0.0131 3
0.0157 3
0.0182 3
0.0207 3
0.0232 3
0.0257 3
0.0282 3
0.0306 3
0.0331 3
0.0356 3
0.0381 3
0.0405 3
0.0431 3
0.0455 3
0.0480 3
0.0504 3
0.0529 3
0.0553 3
0.0578 3
0.0602 3
0.0627 3
0.0652 3
0.0676 3
0.0701 3
0.0725 3
0.0750 3
0.0774 3
0.0799 3
0.0823 3
0.0848 3
0.0872 3
0.0897 3
0.0921 3
0.0946 3
0.0970 3
0.0995 3
0.1020 3
0.1044 3
0.1069 3
0.1093 3
0.1118 3
0.1143 3
0.1167 3
0.1192 3
0.1216 3
0.1241 3
0.1266 3
0.1290 3
0.1315 3
0.1339 3
0.1364 3
0.1389 3
0.1413 3
0.1438 3
0.1462 3
0.1487 3
0.1511 3
0.1536 3
0.1561 3
0.1585 3
0.1610 3
0.1634 3
0.1659 3
0.1683 3
0.1708 3
0.1733 3
0.1757 3
0.1782 3
0.1807 3
0.1831 3
0.1856 3
0.1881 3
0.1905 3
0.1930 3
0.1954 3
0.1979 3
0.2003 3
0.2028 3
0.2052 3
0.2078 3
0.2102 3
0.2127 3
0.2151 3
0.2176 3
0.2200 3
0.2225 3
0.2250 3
0.2275 3
0.2299 3
0.2324 3
0.2348 3
0.2373 3
0.2398 3
0.2422 3
0.2447 3
0.2472 3
0.2497 3
