0.0000 3
0.0029 3
0.0035 2
0.0052 2
0.0076 2
0.0099 2
0.0123 2
0.0146 2
0.0169 2
0.0193 2
0.0217 2
0.0240 2
0.0263 2
0.0286 2
0.0308 2
0.0331 2
0.0355 2
0.0379 2
0.0402 2
0.0425 2
0.0448 2
0.0471 2
0.0494 2
0.0517 2
0.0539 2
0.0562 2
0.0585 2
0.0608 2
0.0631 2
0.0654 2
0.0677 2
0.0700 2
0.0723 2
0.0746 2
0.0769 2
0.0791 2
0.0814 2
0.0837 2
0.0860 2
0.0883 2
0.0906 2
0.0929 2
0.0952 2
0.0975 2
0.0997 2
0.1020 2
0.1043 2
0.1066 2
0.1089 2
0.1112 2
0.1135 2
0.1157 2
0.1180 2
0.1203 2
0.1226 2
0.1249 2
0.1271 2
0.1294 2
0.1317 2
0.1340 2
0.1363 2
0.1385 2
0.1408 2
0.1432 2
0.1455 2
0.1478 2
0.1501 2
0.1524 2
0.1547 2
0.1570 2
0.1592 2
0.1615 2
0.1638 2
0.1661 2
0.1683 2
0.1706 2
0.1729 2
0.1752 2
0.1775 2
0.1798 2
0.1821 2
0.1844 2
0.1867 2
0.1890 2
0.1913 2
0.1935 2
0.1958 2
0.1981 2
0.2004 2
0.2027 2
0.2049 2
0.2073 2
0.2096 2
0.2119 2
0.2141 2
0.2164 2
0.2188 2
0.2210 2
0.2234 2
0.2257 2
0.2279 2
0.2303 2
0.2326 2
