0.0000 5
0.0032 5
0.0034 4
0.0062 4
0.0091 4
0.0121 4
0.0151 4
0.0180 4
0.0210 4
0.0239 4
0.0269 4
0.0298 4
0.0328 4
0.0358 4
0.0386 4
0.0416 4
0.0447 4
0.0476 4
0.0505 4
0.0534 4
0.0563 4
0.0592 4
0.0620 4
0.0649 4
0.0678 4
0.0707 4
0.0735 4
0.0764 4
0.0794 4
0.0823 4
0.0852 4
0.0881 4
0.0910 4
0.0939 4
0.0968 4
0.0997 4
0.1025 4
0.1054 4
0.1083 4
0.1111 4
0.1140 4
0.1169 4
0.1197 4
0.1226 4
0.1255 4
0.1284 4
0.1313 4
0.1341 4
0.1370 4
0.1399 4
0.1427 4
0.1456 4
0.1485 4
0.1513 4
0.1542 4
0.1572 4
0.1600 4
0.1629 4
0.1658 4
0.1686 4
0.1715 4
0.1744 4
0.1774 4
0.1805 4
0.1833 4
0.1862 4
0.1891 4
0.1920 4
0.1948 4
0.1977 4
0.2006 4
0.2034 4
0.2063 4
0.2093 4
0.2121 4
0.2150 4
0.2179 4
0.2207 4
0.2237 4
0.2266 4
0.2295 4
0.2324 4
0.2353 4
0.2382 4
0.2410 4
0.2439 4
0.2468 4
0.2497 4
0.2525 4
0.2554 4
0.2583 4
0.2612 4
0.2640 4
0.2669 4
0.2698 4
0.2726 4
0.2755 4
0.2783 4
0.2812 4
0.2840 4
0.2869 4
0.2898 4
0.2926 4
