0.0000 5
0.0034 5
0.0065 5
0.0095 5
0.0125 5
0.0156 5
0.0186 5
0.0216 5
0.0245 5
0.0275 5
0.0305 5
0.0335 5
0.0365 5
0.0395 5
0.0425 5
0.0455 5
0.0485 5
0.0517 5
0.0548 5
0.0579 5
0.0609 5
0.0640 5
0.0670 5
0.0701 5
0.0731 5
0.0762 5
0.0792 5
0.0823 5
0.0853 5
0.0883 5
0.0913 5
0.0943 5
0.0973 5
0.1003 5
0.1033 5
0.1062 5
0.1092 5
0.1123 5
0.1153 5
0.1183 5
0.1212 5
0.1242 5
0.1272 5
0.1302 5
0.1331 5
0.1361 5
0.1391 5
0.1421 5
0.1450 5
0.1480 5
0.1510 5
0.1541 5
0.1571 5
0.1601 5
0.1630 5
0.1661 5
0.1690 5
0.1720 5
0.1750 5
0.1780 5
0.1810 5
0.1839 5
0.1870 5
0.1900 5
0.1930 5
0.1959 5
0.1989 5
0.2019 5
0.2049 5
0.2079 5
0.2109 5
0.2138 5
0.2168 5
0.2198 5
0.2228 5
0.2257 5
0.2287 5
0.2317 5
0.2347 5
0.2376 5
0.2406 5
0.2436 5
0.2465 5
0.2495 5
0.2525 5
0.2555 5
0.2585 5
0.2615 5
0.2644 5
0.2674 5
0.2704 5
0.2734 5
0.2763 5
0.2793 5
0.2823 5
0.2852 5
0.2882 5
0.2912 5
0.2942 5
0.2971 5
0.3001 5
