0.0000 5
0.0034 5
0.0064 5
0.0094 5
0.0125 5
0.0156 5
0.0186 5
0.0215 5
0.0245 5
0.0276 5
0.0306 5
0.0335 5
0.0365 5
0.0395 5
0.0424 5
0.0454 5
0.0484 5
0.0513 5
0.0543 5
0.0572 5
0.0602 5
0.0632 5
0.0661 5
0.0691 5
0.0720 5
0.0750 5
0.0779 5
0.0809 5
0.0838 5
0.0868 5
0.0898 5
0.0927 5
0.0960 5
0.0991 5
0.1021 5
0.1050 5
0.1080 5
0.1110 5
0.1139 5
0.1169 5
0.1198 5
0.1228 5
0.1257 5
0.1287 5
0.1317 5
0.1347 5
0.1376 5
0.1406 5
0.1436 5
0.1465 5
0.1495 5
0.1524 5
0.1554 5
0.1583 5
0.1613 5
0.1643 5
0.1673 5
0.1703 5
0.1732 5
0.1762 5
0.1792 5
0.1821 5
0.1851 5
0.1880 5
0.1910 5
0.1939 5
0.1969 5
0.1999 5
0.2028 5
0.2058 5
0.2088 5
0.2117 5
0.2147 5
0.2176 5
0.2206 5
0.2235 5
0.2265 5
0.2294 5
0.2324 5
0.2354 5
0.2383 5
0.2413 5
0.2442 5
0.2472 5
0.2501 5
0.2531 5
0.2560 5
0.2590 5
0.2619 5
0.2649 5
0.2678 5
0.2708 5
0.2737 5
0.2766 5
0.2796 5
0.2825 5
0.2855 5
0.2885 5
0.2915 5
0.2944 5
0.2974 5
