0.0000 3
0.0031 3
0.0055 3
0.0079 3
0.0103 3
0.0127 3
0.0151 3
0.0174 3
0.0199 3
0.0222 3
0.0246 3
0.0269 3
0.0292 3
0.0316 3
0.0339 3
0.0362 3
0.0385 3
0.0410 3
0.0433 3
0.0456 3
0.0479 3
0.0502 3
0.0526 3
0.0549 3
0.0572 3
0.0595 3
0.0618 3
0.0641 3
0.0665 3
0.0688 3
0.0711 3
0.0734 3
0.0757 3
0.0780 3
0.0804 3
0.0827 3
0.0850 3
0.0873 3
0.0897 3
0.0920 3
0.0943 3
0.0966 3
0.0989 3
0.1013 3
0.1036 3
0.1059 3
0.1082 3
0.1106 3
0.1129 3
0.1152 3
0.1175 3
0.1199 3
0.1222 3
0.1245 3
0.1268 3
0.1292 3
0.1315 3
0.1338 3
0.1361 3
0.1385 3
0.1408 3
0.1431 3
0.1455 3
0.1478 3
0.1502 3
0.1526 3
0.1549 3
0.1573 3
0.1596 3
0.1619 3
0.1643 3
0.1666 3
0.1689 3
0.1713 3
0.1737 3
0.1760 3
0.1784 3
0.1807 3
0.1831 3
0.1854 3
0.1878 3
0.1901 3
0.1924 3
0.1947 3
0.1970 3
0.1994 3
0.2017 3
0.2040 3
0.2064 3
0.2088 3
0.2111 3
0.2135 3
0.2158 3
0.2181 3
0.2204 3
0.2228 3
0.2251 3
0.2274 3
0.2298 3
0.2321 3
0.2344 3
