0.0000 4
0.0017 3
0.0033 3
0.0064 3
0.0096 3
0.0128 3
0.0159 3
0.0190 3
0.0221 3
0.0253 3
0.0284 3
0.0315 3
0.0346 3
0.0378 3
0.0409 3
0.0440 3
0.0471 3
0.0503 3
0.0534 3
0.0566 3
0.0597 3
0.0628 3
0.0659 3
0.0690 3
0.0721 3
0.0751 3
0.0782 3
0.0812 3
0.0843 3
0.0873 3
0.0904 3
0.0934 3
0.0965 3
0.0995 3
0.1026 3
0.1057 3
0.1088 3
0.1118 3
0.1148 3
0.1179 3
0.1209 3
0.1240 3
0.1270 3
0.1301 3
0.1331 3
0.1362 3
0.1392 3
0.1422 3
0.1453 3
0.1483 3
0.1514 3
0.1544 3
0.1575 3
0.1605 3
0.1635 3
0.1666 3
0.1696 3
0.1726 3
0.1756 3
0.1787 3
0.1817 3
0.1848 3
0.1878 3
0.1909 3
0.1939 3
0.1969 3
0.2000 3
0.2030 3
0.2061 3
0.2092 3
0.2123 3
0.2153 3
0.2183 3
0.2214 3
0.2244 3
0.2275 3
0.2305 3
0.2335 3
0.2366 3
0.2396 3
0.2426 3
0.2456 3
0.2487 3
0.2517 3
0.2547 3
0.2578 3
0.2608 3
0.2638 3
0.2669 3
0.2699 3
0.2729 3
0.2760 3
0.2790 3
0.2820 3
0.2851 3
0.2881 3
0.2911 3
0.2942 3
0.2972 3
0.3002 3
0.3033 3
0.3063 3
