0.0000 6
0.0029 6
0.0054 6
0.0080 6
0.0107 6
0.0132 6
0.0158 6
0.0184 6
0.0210 6
0.0235 6
0.0260 6
0.0286 6
0.0311 6
0.0336 6
0.0362 6
0.0387 6
0.0412 6
0.0438 6
0.0464 6
0.0481 5
0.0492 5
0.0517 5
0.0542 5
0.0567 5
0.0593 5
0.0618 5
0.0643 5
0.0668 5
0.0693 5
0.0719 5
0.0745 5
0.0770 5
0.0795 5
0.0820 5
0.0845 5
0.0872 5
0.0899 5
0.0926 5
0.0951 5
0.0976 5
0.1002 5
0.1027 5
0.1052 5
0.1077 5
0.1102 5
0.1127 5
0.1152 5
0.1177 5
0.1202 5
0.1229 5
0.1254 5
0.1279 5
0.1304 5
0.1329 5
0.1355 5
0.1380 5
0.1405 5
0.1430 5
0.1455 5
0.1481 5
0.1506 5
0.1531 5
0.1556 5
0.1582 5
0.1607 5
0.1632 5
0.1658 5
0.1683 5
0.1708 5
0.1733 5
0.1758 5
0.1783 5
0.1808 5
0.1834 5
0.1859 5
0.1884 5
0.1909 5
0.1935 5
0.1960 5
0.1985 5
0.2010 5
0.2035 5
0.2061 5
0.2086 5
0.2111 5
0.2136 5
0.2162 5
0.2187 5
0.2212 5
0.2237 5
0.2262 5
0.2287 5
0.2313 5
0.2341 5
0.2366 5
0.2391 5
0.2416 5
0.2441 5
0.2466 5
0.2491 5
0.2516 5
0.2541 5
0.2566 5
0.2591 5
0.2616 5
0.2641 5
0.2666 5
0.2691 5
0.2716 5
0.2741 5
0.2766 5
0.2791 5
0.2816 5
0.2842 5
0.2867 5
0.2892 5
0.2918 5
0.2943 5
0.2968 5
0.2993 5
