0.0000 5
0.0015 4
0.0029 4
0.0055 4
0.0080 4
0.0106 4
0.0132 4
0.0157 4
0.0182 4
0.0207 4
0.0232 4
0.0257 4
0.0282 4
0.0307 4
0.0332 4
0.0357 4
0.0382 4
0.0407 4
0.0432 4
0.0456 4
0.0481 4
0.0506 4
0.0531 4
0.0556 4
0.0581 4
0.0605 4
0.0630 4
0.0655 4
0.0680 4
0.0704 4
0.0729 4
0.0754 4
0.0779 4
0.0803 4
0.0828 4
0.0853 4
0.0877 4
0.0902 4
0.0928 4
0.0955 4
0.0982 4
0.1007 4
0.1032 4
0.1058 4
0.1083 4
0.1109 4
0.1135 4
0.1159 4
0.1185 4
0.1210 4
0.1235 4
0.1261 4
0.1287 4
0.1313 4
0.1338 4
0.1363 4
0.1389 4
0.1415 4
0.1439 4
0.1465 4
0.1491 4
0.1516 4
0.1541 4
0.1567 4
0.1592 4
0.1618 4
0.1643 4
0.1669 4
0.1695 4
0.1720 4
0.1746 4
0.1772 4
0.1797 4
0.1822 4
0.1847 4
0.1872 4
0.1897 4
0.1921 4
0.1946 4
0.1971 4
0.1996 4
0.2021 4
0.2046 4
0.2071 4
0.2096 4
0.2121 4
0.2146 4
0.2171 4
0.2195 4
0.2220 4
0.2245 4
0.2270 4
0.2294 4
0.2319 4
0.2344 4
0.2368 4
0.2393 4
0.2418 4
0.2443 4
0.2467 4
0.2492 4
0.2517 4
