0.0000 3
0.0030 3
0.0059 3
0.0089 3
0.0117 3
0.0146 3
0.0175 3
0.0203 3
0.0232 3
0.0260 3
0.0288 3
0.0316 3
0.0345 3
0.0373 3
0.0401 3
0.0429 3
0.0457 3
0.0486 3
0.0514 3
0.0542 3
0.0570 3
0.0598 3
0.0626 3
0.0654 3
0.0682 3
0.0710 3
0.0739 3
0.0767 3
0.0795 3
0.0823 3
0.0852 3
0.0880 3
0.0908 3
0.0936 3
0.0964 3
0.0992 3
0.1020 3
0.1048 3
0.1076 3
0.1104 3
0.1131 3
0.1159 3
0.1188 3
0.1218 3
0.1246 3
0.1274 3
0.1302 3
0.1330 3
0.1359 3
0.1388 3
0.1418 3
0.1447 3
0.1475 3
0.1504 3
0.1533 3
0.1561 3
0.1590 3
0.1620 3
0.1651 3
0.1679 3
0.1707 3
0.1736 3
0.1765 3
0.1793 3
0.1821 3
0.1849 3
0.1878 3
0.1906 3
0.1935 3
0.1963 3
0.1991 3
0.2019 3
0.2047 3
0.2075 3
0.2103 3
0.2131 3
0.2159 3
0.2187 3
0.2215 3
0.2243 3
0.2271 3
0.2299 3
0.2327 3
0.2355 3
0.2383 3
0.2411 3
0.2439 3
0.2467 3
0.2495 3
0.2523 3
0.2551 3
0.2579 3
0.2607 3
0.2636 3
0.2664 3
0.2692 3
0.2720 3
0.2748 3
0.2776 3
0.2804 3
0.2832 3
