0.0000 6
0.0018 5
0.0028 5
0.0054 5
0.0079 5
0.0105 5
0.0130 5
0.0155 5
0.0180 5
0.0205 5
0.0230 5
0.0255 5
0.0279 5
0.0304 5
0.0329 5
0.0353 5
0.0378 5
0.0403 5
0.0427 5
0.0452 5
0.0477 5
0.0501 5
0.0526 5
0.0550 5
0.0575 5
0.0600 5
0.0624 5
0.0649 5
0.0674 5
0.0698 5
0.0723 5
0.0748 5
0.0772 5
0.0797 5
0.0822 5
0.0847 5
0.0871 5
0.0897 5
0.0922 5
0.0947 5
0.0972 5
0.0996 5
0.1021 5
0.1046 5
0.1070 5
0.1095 5
0.1119 5
0.1144 5
0.1168 5
0.1193 5
0.1217 5
0.1242 5
0.1267 5
0.1291 5
0.1316 5
0.1341 5
0.1365 5
0.1390 5
0.1414 5
0.1439 5
0.1464 5
0.1488 5
0.1513 5
0.1538 5
0.1563 5
0.1587 5
0.1612 5
0.1637 5
0.1661 5
0.1686 5
0.1711 5
0.1735 5
0.1760 5
0.1784 5
0.1809 5
0.1833 5
0.1858 5
0.1882 5
0.1907 5
0.1931 5
0.1956 5
0.1980 5
0.2005 5
0.2029 5
0.2055 5
0.2079 5
0.2104 5
0.2128 5
0.2153 5
0.2177 5
0.2202 5
0.2226 5
0.2251 5
0.2276 5
0.2300 5
0.2325 5
0.2350 5
0.2374 5
0.2399 5
0.2424 5
0.2448 5
0.2473 5
