0.0000 4
0.0010 3
0.0035 3
0.0060 3
0.0084 3
0.0108 3
0.0132 3
0.0157 3
0.0180 3
0.0204 3
0.0228 3
0.0252 3
0.0276 3
0.0299 3
0.0323 3
0.0348 3
0.0372 3
0.0396 3
0.0419 3
0.0443 3
0.0467 3
0.0491 3
0.0516 3
0.0539 3
0.0563 3
0.0587 3
0.0611 3
0.0635 3
0.0658 3
0.0683 3
0.0706 3
0.0730 3
0.0753 3
0.0777 3
0.0800 3
0.0823 3
0.0846 3
0.0870 3
0.0893 3
0.0916 3
0.0939 3
0.0963 3
0.0986 3
0.1009 3
0.1032 3
0.1056 3
0.1080 3
0.1104 3
0.1127 3
0.1150 3
0.1174 3
0.1197 3
0.1221 3
0.1244 3
0.1267 3
0.1291 3
0.1314 3
0.1338 3
0.1361 3
0.1384 3
0.1408 3
0.1431 3
0.1454 3
0.1478 3
0.1501 3
0.1525 3
0.1548 3
0.1572 3
0.1595 3
0.1619 3
0.1642 3
0.1665 3
0.1689 3
0.1712 3
0.1735 3
0.1759 3
0.1782 3
0.1806 3
0.1830 3
0.1853 3
0.1876 3
0.1900 3
0.1923 3
0.1946 3
0.1970 3
0.1993 3
0.2016 3
0.2040 3
0.2063 3
0.2087 3
0.2110 3
0.2133 3
0.2156 3
0.2179 3
0.2202 3
0.2225 3
0.2248 3
0.2271 3
0.2296 3
0.2321 3
0.2344 3
0.2367 3
