0.0000 6
0.0030 5
0.0034 5
0.0065 5
0.0096 5
0.0126 5
0.0158 5
0.0188 5
0.0219 5
0.0249 5
0.0280 5
0.0310 5
0.0341 5
0.0372 5
0.0402 5
0.0433 5
0.0464 5
0.0494 5
0.0525 5
0.0556 5
0.0586 5
0.0617 5
0.0647 5
0.0677 5
0.0707 5
0.0737 5
0.0767 5
0.0798 5
0.0828 5
0.0858 5
0.0888 5
0.0919 5
0.0949 5
0.0979 5
0.1010 5
0.1040 5
0.1070 5
0.1101 5
0.1132 5
0.1162 5
0.1193 5
0.1223 5
0.1253 5
0.1283 5
0.1314 5
0.1344 5
0.1375 5
0.1405 5
0.1435 5
0.1465 5
0.1496 5
0.1526 5
0.1556 5
0.1586 5
0.1616 5
0.1647 5
0.1677 5
0.1707 5
0.1737 5
0.1767 5
0.1797 5
0.1828 5
0.1858 5
0.1888 5
0.1918 5
0.1949 5
0.1979 5
0.2010 5
0.2040 5
0.2071 5
0.2101 5
0.2132 5
0.2162 5
0.2192 5
0.2223 5
0.2253 5
0.2283 5
0.2314 5
0.2344 5
0.2374 5
0.2405 5
0.2435 5
0.2465 5
0.2496 5
0.2526 5
0.2556 5
0.2587 5
0.2617 5
0.2647 5
0.2677 5
0.2708 5
0.2738 5
0.2769 5
0.2799 5
0.2830 5
0.2860 5
0.2890 5
0.2921 5
0.2951 5
0.2981 5
0.3012 5
0.3042 5
