0.0000 3
0.0029 3
0.0053 3
0.0077 3
0.0102 3
0.0126 3
0.0150 3
0.0175 3
0.0198 3
0.0222 3
0.0246 3
0.0270 3
0.0293 3
0.0317 3
0.0341 3
0.0364 3
0.0388 3
0.0412 3
0.0435 3
0.0459 3
0.0483 3
0.0507 3
0.0531 3
0.0554 3
0.0578 3
0.0602 3
0.0625 3
0.0649 3
0.0673 3
0.0696 3
0.0720 3
0.0744 3
0.0767 3
0.0791 3
0.0814 3
0.0838 3
0.0862 3
0.0886 3
0.0910 3
0.0933 3
0.0957 3
0.0980 3
0.1003 3
0.1027 3
0.1051 3
0.1074 3
0.1098 3
0.1121 3
0.1144 3
0.1168 3
0.1191 3
0.1215 3
0.1239 3
0.1263 3
0.1286 3
0.1310 3
0.1334 3
0.1358 3
0.1382 3
0.1406 3
0.1430 3
0.1454 3
0.1478 3
0.1502 3
0.1525 3
0.1549 3
0.1573 3
0.1597 3
0.1620 3
0.1645 3
0.1668 3
0.1692 3
0.1715 3
0.1739 3
0.1763 3
0.1786 3
0.1810 3
0.1833 3
0.1857 3
0.1881 3
0.1904 3
0.1928 3
0.1951 3
0.1975 3
0.1998 3
0.2022 3
0.2045 3
0.2069 3
0.2093 3
0.2116 3
0.2140 3
0.2164 3
0.2187 3
0.2211 3
0.2234 3
0.2258 3
0.2281 3
0.2304 3
0.2328 3
0.2351 3
0.2374 3
