0.0000 4
0.0005 3
0.0032 3
0.0062 3
0.0094 3
0.0125 3
0.0155 3
0.0185 3
0.0216 3
0.0246 3
0.0276 3
0.0306 3
0.0337 3
0.0367 3
0.0397 3
0.0427 3
0.0457 3
0.0487 3
0.0516 3
0.0546 3
0.0576 3
0.0605 3
0.0634 3
0.0664 3
0.0694 3
0.0723 3
0.0753 3
0.0783 3
0.0813 3
0.0842 3
0.0872 3
0.0901 3
0.0930 3
0.0959 3
0.0988 3
0.1016 3
0.1045 3
0.1074 3
0.1103 3
0.1133 3
0.1162 3
0.1191 3
0.1220 3
0.1249 3
0.1278 3
0.1307 3
0.1335 3
0.1364 3
0.1393 3
0.1422 3
0.1451 3
0.1480 3
0.1509 3
0.1537 3
0.1566 3
0.1595 3
0.1624 3
0.1653 3
0.1682 3
0.1710 3
0.1739 3
0.1768 3
0.1797 3
0.1825 3
0.1855 3
0.1884 3
0.1912 3
0.1942 3
0.1972 3
0.2000 3
0.2029 3
0.2058 3
0.2088 3
0.2117 3
0.2146 3
0.2175 3
0.2203 3
0.2232 3
0.2261 3
0.2290 3
0.2319 3
0.2349 3
0.2377 3
0.2406 3
0.2435 3
0.2464 3
0.2493 3
0.2522 3
0.2551 3
0.2580 3
0.2609 3
0.2638 3
0.2667 3
0.2696 3
0.2725 3
0.2754 3
0.2783 3
0.2811 3
0.2840 3
0.2869 3
0.2899 3
0.2928 3
