0.0000 5
0.0037 5
0.0068 5
0.0098 5
0.0128 5
0.0158 5
0.0188 5
0.0217 5
0.0247 5
0.0276 5
0.0307 5
0.0336 5
0.0366 5
0.0395 5
0.0425 5
0.0455 5
0.0485 5
0.0515 5
0.0545 5
0.0574 5
0.0604 5
0.0633 5
0.0662 5
0.0692 5
0.0721 5
0.0751 5
0.0780 5
0.0810 5
0.0839 5
0.0869 5
0.0898 5
0.0927 5
0.0957 5
0.0986 5
0.1016 5
0.1045 5
0.1075 5
0.1105 5
0.1134 5
0.1163 5
0.1193 5
0.1222 5
0.1252 5
0.1281 5
0.1311 5
0.1340 5
0.1370 5
0.1399 5
0.1429 5
0.1459 5
0.1488 5
0.1518 5
0.1547 5
0.1577 5
0.1606 5
0.1636 5
0.1665 5
0.1695 5
0.1725 5
0.1755 5
0.1784 5
0.1814 5
0.1843 5
0.1873 5
0.1902 5
0.1932 5
0.1961 5
0.1991 5
0.2020 5
0.2050 5
0.2079 5
0.2109 5
0.2139 5
0.2168 5
0.2198 5
0.2228 5
0.2257 5
0.2287 5
0.2317 5
0.2347 5
0.2377 5
0.2406 5
0.2436 5
0.2465 5
0.2495 5
0.2525 5
0.2554 5
0.2584 5
0.2614 5
0.2643 5
0.2673 5
0.2702 5
0.2732 5
0.2761 5
0.2791 5
0.2820 5
0.2850 5
0.2879 5
0.2909 5
0.2938 5
0.2969 5
