0.0000 5
0.0034 5
0.0065 5
0.0095 5
0.0125 5
0.0156 5
0.0185 5
0.0215 5
0.0244 5
0.0274 5
0.0303 5
0.0333 5
0.0362 5
0.0392 5
0.0422 5
0.0451 5
0.0481 5
0.0510 5
0.0539 5
0.0569 5
0.0598 5
0.0628 5
0.0658 5
0.0687 5
0.0717 5
0.0746 5
0.0776 5
0.0805 5
0.0834 5
0.0864 5
0.0893 5
0.0922 5
0.0951 5
0.0981 5
0.1010 5
0.1039 5
0.1069 5
0.1099 5
0.1129 5
0.1159 5
0.1188 5
0.1217 5
0.1247 5
0.1276 5
0.1306 5
0.1335 5
0.1364 5
0.1394 5
0.1423 5
0.1452 5
0.1482 5
0.1511 5
0.1540 5
0.1569 5
0.1599 5
0.1628 5
0.1657 5
0.1687 5
0.1716 5
0.1745 5
0.1775 5
0.1804 5
0.1834 5
0.1863 5
0.1893 5
0.1922 5
0.1954 5
0.1984 5
0.2013 5
0.2042 5
0.2073 5
0.2102 5
0.2131 5
0.2161 5
0.2190 5
0.2220 5
0.2249 5
0.2278 5
0.2307 5
0.2337 5
0.2369 5
0.2401 5
0.2431 5
0.2461 5
0.2490 5
0.2520 5
0.2549 5
0.2578 5
0.2607 5
0.2637 5
0.2667 5
0.2696 5
0.2725 5
0.2755 5
0.2784 5
0.2813 5
0.2843 5
0.2872 5
0.2902 5
0.2931 5
0.2960 5
