0.0000 3
0.0001 2
0.0025 2
0.0048 2
0.0071 2
0.0095 2
0.0117 2
0.0141 2
0.0163 2
0.0186 2
0.0209 2
0.0231 2
0.0254 2
0.0276 2
0.0299 2
0.0321 2
0.0344 2
0.0366 2
0.0389 2
0.0411 2
0.0434 2
0.0456 2
0.0478 2
0.0501 2
0.0523 2
0.0545 2
0.0568 2
0.0590 2
0.0613 2
0.0635 2
0.0658 2
0.0680 2
0.0703 2
0.0725 2
0.0747 2
0.0770 2
0.0792 2
0.0815 2
0.0837 2
0.0860 2
0.0882 2
0.0904 2
0.0927 2
0.0949 2
0.0972 2
0.0994 2
0.1017 2
0.1039 2
0.1062 2
0.1084 2
0.1106 2
0.1129 2
0.1151 2
0.1173 2
0.1196 2
0.1218 2
0.1240 2
0.1262 2
0.1285 2
0.1307 2
0.1329 2
0.1352 2
0.1374 2
0.1396 2
0.1419 2
0.1441 2
0.1464 2
0.1486 2
0.1509 2
0.1531 2
0.1553 2
0.1576 2
0.1598 2
0.1621 2
0.1643 2
0.1666 2
0.1688 2
0.1710 2
0.1732 2
0.1755 2
0.1779 2
0.1801 2
0.1824 2
0.1847 2
0.1869 2
0.1891 2
0.1914 2
0.1937 2
0.1959 2
0.1982 2
0.2004 2
0.2027 2
0.2049 2
0.2072 2
0.2095 2
0.2117 2
0.2140 2
0.2162 2
0.2186 2
0.2208 2
0.2231 2
0.2253 2
