0.0000 5
0.0029 5
0.0055 5
0.0080 5
0.0105 5
0.0131 5
0.0156 5
0.0181 5
0.0206 5
0.0230 5
0.0256 5
0.0281 5
0.0305 5
0.0330 5
0.0355 5
0.0379 5
0.0404 5
0.0429 5
0.0454 5
0.0479 5
0.0504 5
0.0529 5
0.0554 5
0.0579 5
0.0603 5
0.0628 5
0.0652 5
0.0677 5
0.0701 5
0.0726 5
0.0750 5
0.0775 5
0.0800 5
0.0824 5
0.0849 5
0.0874 5
0.0898 5
0.0923 5
0.0947 5
0.0972 5
0.0996 5
0.1021 5
0.1045 5
0.1070 5
0.1094 5
0.1119 5
0.1143 5
0.1168 5
0.1192 5
0.1217 5
0.1241 5
0.1266 5
0.1290 5
0.1315 5
0.1339 5
0.1364 5
0.1389 5
0.1413 5
0.1438 5
0.1462 5
0.1487 5
0.1512 5
0.1536 5
0.1561 5
0.1587 5
0.1612 5
0.1638 5
0.1664 5
0.1689 5
0.1714 5
0.1739 5
0.1763 5
0.1788 5
0.1812 5
0.1837 5
0.1861 5
0.1886 5
0.1910 5
0.1934 5
0.1959 5
0.1983 5
0.2008 5
0.2032 5
0.2057 5
0.2083 5
0.2107 5
0.2132 5
0.2156 5
0.2181 5
0.2205 5
0.2230 5
0.2254 5
0.2279 5
0.2303 5
0.2328 5
0.2352 5
0.2377 5
0.2401 5
0.2426 5
0.2451 5
0.2475 5
