0.0000 3
0.0025 2
0.0028 2
0.0051 2
0.0075 2
0.0099 2
0.0123 2
0.0147 2
0.0171 2
0.0194 2
0.0218 2
0.0242 2
0.0266 2
0.0289 2
0.0313 2
0.0336 2
0.0360 2
0.0383 2
0.0407 2
0.0430 2
0.0453 2
0.0477 2
0.0500 2
0.0524 2
0.0548 2
0.0571 2
0.0594 2
0.0618 2
0.0641 2
0.0665 2
0.0688 2
0.0711 2
0.0735 2
0.0758 2
0.0781 2
0.0804 2
0.0828 2
0.0851 2
0.0875 2
0.0899 2
0.0922 2
0.0946 2
0.0969 2
0.0992 2
0.1016 2
0.1039 2
0.1062 2
0.1085 2
0.1108 2
0.1131 2
0.1155 2
0.1178 2
0.1201 2
0.1224 2
0.1247 2
0.1271 2
0.1294 2
0.1317 2
0.1340 2
0.1363 2
0.1386 2
0.1410 2
0.1433 2
0.1456 2
0.1479 2
0.1502 2
0.1525 2
0.1550 2
0.1573 2
0.1596 2
0.1620 2
0.1643 2
0.1666 2
0.1689 2
0.1712 2
0.1736 2
0.1759 2
0.1782 2
0.1805 2
0.1828 2
0.1851 2
0.1875 2
0.1898 2
0.1921 2
0.1944 2
0.1967 2
0.1990 2
0.2013 2
0.2037 2
0.2060 2
0.2084 2
0.2107 2
0.2131 2
0.2155 2
0.2178 2
0.2201 2
0.2225 2
0.2248 2
0.2271 2
0.2295 2
0.2319 2
0.2342 2
