0.0000 3
0.0009 2
0.0030 2
0.0058 2
0.0086 2
0.0115 2
0.0145 2
0.0173 2
0.0201 2
0.0228 2
0.0255 2
0.0282 2
0.0309 2
0.0336 2
0.0363 2
0.0390 2
0.0417 2
0.0444 2
0.0472 2
0.0499 2
0.0528 2
0.0557 2
0.0585 2
0.0613 2
0.0641 2
0.0668 2
0.0695 2
0.0722 2
0.0750 2
0.0777 2
0.0804 2
0.0831 2
0.0859 2
0.0886 2
0.0913 2
0.0941 2
0.0968 2
0.0995 2
0.1022 2
0.1049 2
0.1076 2
0.1103 2
0.1131 2
0.1160 2
0.1187 2
0.1216 2
0.1244 2
0.1271 2
0.1299 2
0.1327 2
0.1355 2
0.1382 2
0.1409 2
0.1436 2
0.1463 2
0.1490 2
0.1517 2
0.1544 2
0.1571 2
0.1599 2
0.1626 2
0.1653 2
0.1680 2
0.1708 2
0.1735 2
0.1762 2
0.1789 2
0.1816 2
0.1843 2
0.1870 2
0.1897 2
0.1924 2
0.1951 2
0.1978 2
0.2005 2
0.2032 2
0.2059 2
0.2086 2
0.2113 2
0.2140 2
0.2167 2
0.2194 2
0.2220 2
0.2247 2
0.2274 2
0.2301 2
0.2328 2
0.2355 2
0.2382 2
0.2409 2
0.2436 2
0.2463 2
0.2491 2
0.2518 2
0.2545 2
0.2572 2
0.2599 2
0.2626 2
0.2653 2
0.2679 2
0.2706 2
0.2733 2
