0.0000 5
0.0009 4
0.0035 4
0.0068 4
0.0100 4
0.0132 4
0.0164 4
0.0195 4
0.0227 4
0.0259 4
0.0290 4
0.0322 4
0.0354 4
0.0385 4
0.0417 4
0.0450 4
0.0485 4
0.0516 4
0.0548 4
0.0580 4
0.0611 4
0.0643 4
0.0674 4
0.0706 4
0.0738 4
0.0769 4
0.0801 4
0.0833 4
0.0866 4
0.0900 4
0.0933 4
0.0965 4
0.0997 4
0.1030 4
0.1061 4
0.1093 4
0.1124 4
0.1156 4
0.1188 4
0.1219 4
0.1251 4
0.1283 4
0.1314 4
0.1346 4
0.1378 4
0.1409 4
0.1441 4
0.1473 4
0.1504 4
0.1536 4
0.1568 4
0.1599 4
0.1631 4
0.1662 4
0.1694 4
0.1725 4
0.1757 4
0.1788 4
0.1820 4
0.1851 4
0.1883 4
0.1915 4
0.1946 4
0.1978 4
0.2009 4
0.2041 4
0.2072 4
0.2104 4
0.2136 4
0.2167 4
0.2199 4
0.2231 4
0.2262 4
0.2293 4
0.2325 4
0.2357 4
0.2388 4
0.2420 4
0.2451 4
0.2483 4
0.2515 4
0.2546 4
0.2578 4
0.2610 4
0.2641 4
0.2673 4
0.2704 4
0.2736 4
0.2767 4
0.2799 4
0.2831 4
0.2862 4
0.2894 4
0.2925 4
0.2957 4
0.2988 4
0.3020 4
0.3051 4
0.3084 4
0.3115 4
0.3147 4
0.3179 4
