0.0000 3
0.0028 3
0.0054 3
0.0079 3
0.0103 3
0.0129 3
0.0154 3
0.0178 3
0.0203 3
0.0227 3
0.0252 3
0.0276 3
0.0301 3
0.0331 3
0.0356 3
0.0380 3
0.0405 3
0.0429 3
0.0454 3
0.0479 3
0.0503 3
0.0528 3
0.0552 3
0.0576 3
0.0601 3
0.0625 3
0.0650 3
0.0674 3
0.0698 3
0.0723 3
0.0748 3
0.0772 3
0.0797 3
0.0821 3
0.0846 3
0.0870 3
0.0895 3
0.0920 3
0.0945 3
0.0969 3
0.0994 3
0.1018 3
0.1043 3
0.1067 3
0.1092 3
0.1116 3
0.1141 3
0.1166 3
0.1190 3
0.1215 3
0.1240 3
0.1264 3
0.1289 3
0.1313 3
0.1338 3
0.1362 3
0.1387 3
0.1411 3
0.1436 3
0.1460 3
0.1485 3
0.1509 3
0.1534 3
0.1558 3
0.1583 3
0.1607 3
0.1632 3
0.1657 3
0.1682 3
0.1706 3
0.1731 3
0.1755 3
0.1779 3
0.1804 3
0.1828 3
0.1853 3
0.1877 3
0.1902 3
0.1927 3
0.1952 3
0.1976 3
0.2001 3
0.2025 3
0.2050 3
0.2074 3
0.2099 3
0.2123 3
0.2147 3
0.2172 3
0.2196 3
0.2221 3
0.2245 3
0.2270 3
0.2295 3
0.2319 3
0.2343 3
0.2369 3
0.2393 3
0.2419 3
0.2443 3
0.2468 3
