0.0000 6
0.0005 5
0.0027 5
0.0053 5
0.0077 5
0.0103 5
0.0129 5
0.0153 5
0.0179 5
0.0205 5
0.0230 5
0.0258 5
0.0283 5
0.0308 5
0.0333 5
0.0358 5
0.0383 5
0.0408 5
0.0433 5
0.0458 5
0.0483 5
0.0508 5
0.0534 5
0.0558 5
0.0583 5
0.0609 5
0.0633 5
0.0659 5
0.0684 5
0.0709 5
0.0733 5
0.0758 5
0.0782 5
0.0806 5
0.0831 5
0.0855 5
0.0880 5
0.0905 5
0.0929 5
0.0953 5
0.0978 5
0.1002 5
0.1027 5
0.1051 5
0.1075 5
0.1100 5
0.1124 5
0.1149 5
0.1173 5
0.1198 5
0.1223 5
0.1247 5
0.1271 5
0.1296 5
0.1321 5
0.1345 5
0.1369 5
0.1394 5
0.1422 5
0.1446 5
0.1470 5
0.1495 5
0.1519 5
0.1543 5
0.1568 5
0.1592 5
0.1617 5
0.1641 5
0.1665 5
0.1690 5
0.1714 5
0.1739 5
0.1763 5
0.1787 5
0.1812 5
0.1836 5
0.1860 5
0.1885 5
0.1909 5
0.1934 5
0.1958 5
0.1982 5
0.2007 5
0.2031 5
0.2055 5
0.2080 5
0.2105 5
0.2129 5
0.2154 5
0.2178 5
0.2202 5
0.2227 5
0.2251 5
0.2276 5
0.2300 5
0.2325 5
0.2349 5
0.2374 5
0.2398 5
0.2423 5
0.2447 5
0.2471 5
