0.0000 4
0.0011 3
0.0037 3
0.0066 3
0.0096 3
0.0125 3
0.0154 3
0.0184 3
0.0214 3
0.0243 3
0.0273 3
0.0302 3
0.0331 3
0.0361 3
0.0390 3
0.0419 3
0.0448 3
0.0477 3
0.0506 3
0.0535 3
0.0564 3
0.0594 3
0.0623 3
0.0652 3
0.0681 3
0.0711 3
0.0740 3
0.0769 3
0.0798 3
0.0827 3
0.0856 3
0.0884 3
0.0913 3
0.0942 3
0.0971 3
0.1000 3
0.1029 3
0.1059 3
0.1088 3
0.1117 3
0.1146 3
0.1175 3
0.1204 3
0.1233 3
0.1262 3
0.1292 3
0.1321 3
0.1350 3
0.1379 3
0.1408 3
0.1437 3
0.1466 3
0.1495 3
0.1524 3
0.1552 3
0.1581 3
0.1611 3
0.1640 3
0.1669 3
0.1698 3
0.1727 3
0.1756 3
0.1785 3
0.1814 3
0.1843 3
0.1872 3
0.1900 3
0.1929 3
0.1958 3
0.1987 3
0.2016 3
0.2045 3
0.2074 3
0.2103 3
0.2132 3
0.2160 3
0.2189 3
0.2218 3
0.2247 3
0.2276 3
0.2305 3
0.2334 3
0.2363 3
0.2392 3
0.2421 3
0.2450 3
0.2479 3
0.2508 3
0.2537 3
0.2566 3
0.2595 3
0.2624 3
0.2653 3
0.2682 3
0.2711 3
0.2740 3
0.2769 3
0.2798 3
0.2827 3
0.2856 3
0.2885 3
0.2914 3
