0.0000 4
0.0031 3
0.0037 3
0.0068 3
0.0098 3
0.0128 3
0.0158 3
0.0189 3
0.0219 3
0.0250 3
0.0280 3
0.0310 3
0.0340 3
0.0370 3
0.0400 3
0.0431 3
0.0461 3
0.0491 3
0.0521 3
0.0551 3
0.0583 3
0.0613 3
0.0643 3
0.0673 3
0.0703 3
0.0734 3
0.0764 3
0.0794 3
0.0825 3
0.0855 3
0.0885 3
0.0915 3
0.0945 3
0.0975 3
0.1005 3
0.1035 3
0.1065 3
0.1095 3
0.1125 3
0.1155 3
0.1185 3
0.1215 3
0.1245 3
0.1275 3
0.1305 3
0.1335 3
0.1365 3
0.1395 3
0.1425 3
0.1455 3
0.1485 3
0.1515 3
0.1546 3
0.1576 3
0.1606 3
0.1636 3
0.1666 3
0.1696 3
0.1726 3
0.1756 3
0.1787 3
0.1817 3
0.1854 3
0.1888 3
0.1919 3
0.1949 3
0.1979 3
0.2010 3
0.2040 3
0.2070 3
0.2101 3
0.2131 3
0.2161 3
0.2191 3
0.2221 3
0.2252 3
0.2285 3
0.2316 3
0.2347 3
0.2377 3
0.2407 3
0.2437 3
0.2466 3
0.2498 3
0.2530 3
0.2561 3
0.2590 3
0.2620 3
0.2651 3
0.2681 3
0.2711 3
0.2740 3
0.2771 3
0.2801 3
0.2831 3
0.2861 3
0.2891 3
0.2921 3
0.2951 3
0.2981 3
0.3011 3
0.3041 3
