0.0000 3
0.0033 3
0.0064 3
0.0095 3
0.0125 3
0.0161 3
0.0192 3
0.0222 3
0.0252 3
0.0282 3
0.0312 3
0.0342 3
0.0373 3
0.0403 3
0.0433 3
0.0463 3
0.0493 3
0.0523 3
0.0552 3
0.0582 3
0.0612 3
0.0642 3
0.0672 3
0.0702 3
0.0732 3
0.0762 3
0.0792 3
0.0821 3
0.0851 3
0.0881 3
0.0911 3
0.0941 3
0.0971 3
0.1001 3
0.1030 3
0.1060 3
0.1090 3
0.1120 3
0.1150 3
0.1180 3
0.1210 3
0.1240 3
0.1270 3
0.1299 3
0.1329 3
0.1359 3
0.1389 3
0.1419 3
0.1448 3
0.1479 3
0.1509 3
0.1538 3
0.1568 3
0.1598 3
0.1628 3
0.1658 3
0.1688 3
0.1718 3
0.1748 3
0.1778 3
0.1808 3
0.1837 3
0.1867 3
0.1898 3
0.1928 3
0.1959 3
0.1989 3
0.2019 3
0.2050 3
0.2080 3
0.2110 3
0.2140 3
0.2171 3
0.2202 3
0.2232 3
0.2262 3
0.2291 3
0.2321 3
0.2351 3
0.2381 3
0.2412 3
0.2442 3
0.2472 3
0.2502 3
0.2532 3
0.2562 3
0.2592 3
0.2622 3
0.2652 3
0.2682 3
0.2712 3
0.2742 3
0.2772 3
0.2802 3
0.2832 3
0.2862 3
0.2892 3
0.2922 3
0.2951 3
0.2981 3
0.3011 3
