0.0000 3
0.0007 2
0.0027 2
0.0050 2
0.0073 2
0.0097 2
0.0119 2
0.0143 2
0.0165 2
0.0188 2
0.0211 2
0.0234 2
0.0257 2
0.0280 2
0.0303 2
0.0326 2
0.0349 2
0.0373 2
0.0398 2
0.0422 2
0.0445 2
0.0468 2
0.0491 2
0.0513 2
0.0536 2
0.0558 2
0.0581 2
0.0604 2
0.0626 2
0.0652 2
0.0675 2
0.0697 2
0.0720 2
0.0743 2
0.0766 2
0.0788 2
0.0812 2
0.0834 2
0.0857 2
0.0879 2
0.0903 2
0.0925 2
0.0948 2
0.0970 2
0.0992 2
0.1015 2
0.1038 2
0.1061 2
0.1084 2
0.1106 2
0.1129 2
0.1151 2
0.1173 2
0.1196 2
0.1218 2
0.1241 2
0.1264 2
0.1286 2
0.1309 2
0.1332 2
0.1354 2
0.1377 2
0.1400 2
0.1423 2
0.1445 2
0.1468 2
0.1492 2
0.1514 2
0.1537 2
0.1560 2
0.1583 2
0.1606 2
0.1628 2
0.1651 2
0.1673 2
0.1696 2
0.1718 2
0.1741 2
0.1763 2
0.1786 2
0.1808 2
0.1831 2
0.1853 2
0.1876 2
0.1898 2
0.1920 2
0.1943 2
0.1965 2
0.1987 2
0.2010 2
0.2032 2
0.2056 2
0.2078 2
0.2101 2
0.2123 2
0.2145 2
0.2168 2
0.2190 2
0.2212 2
0.2235 2
0.2258 2
0.2281 2
