0.0000 4
0.0032 4
0.0060 4
0.0089 4
0.0118 4
0.0146 4
0.0175 4
0.0203 4
0.0231 4
0.0260 4
0.0288 4
0.0316 4
0.0345 4
0.0373 4
0.0401 4
0.0430 4
0.0458 4
0.0486 4
0.0515 4
0.0543 4
0.0571 4
0.0600 4
0.0629 4
0.0657 4
0.0686 4
0.0714 4
0.0742 4
0.0770 4
0.0799 4
0.0827 4
0.0855 4
0.0883 4
0.0911 4
0.0941 4
0.0969 4
0.0997 4
0.1025 4
0.1054 4
0.1082 4
0.1110 4
0.1138 4
0.1166 4
0.1195 4
0.1223 4
0.1251 4
0.1279 4
0.1307 4
0.1335 4
0.1363 4
0.1391 4
0.1419 4
0.1447 4
0.1476 4
0.1504 4
0.1532 4
0.1560 4
0.1588 4
0.1617 4
0.1645 4
0.1673 4
0.1701 4
0.1729 4
0.1757 4
0.1786 4
0.1814 4
0.1842 4
0.1870 4
0.1898 4
0.1926 4
0.1954 4
0.1982 4
0.2010 4
0.2038 4
0.2066 4
0.2095 4
0.2123 4
0.2151 4
0.2180 4
0.2209 4
0.2237 4
0.2265 4
0.2293 4
0.2321 4
0.2349 4
0.2376 4
0.2404 4
0.2432 4
0.2460 4
0.2488 4
0.2516 4
0.2544 4
0.2572 4
0.2600 4
0.2628 4
0.2656 4
0.2684 4
0.2712 4
0.2740 4
0.2768 4
0.2796 4
0.2824 4
