0.0000 6
0.0030 6
0.0038 5
0.0055 5
0.0080 5
0.0106 5
0.0130 5
0.0155 5
0.0179 5
0.0204 5
0.0228 5
0.0253 5
0.0277 5
0.0302 5
0.0326 5
0.0350 5
0.0375 5
0.0399 5
0.0423 5
0.0448 5
0.0472 5
0.0496 5
0.0520 5
0.0545 5
0.0569 5
0.0593 5
0.0617 5
0.0641 5
0.0665 5
0.0689 5
0.0714 5
0.0738 5
0.0762 5
0.0786 5
0.0810 5
0.0834 5
0.0858 5
0.0882 5
0.0906 5
0.0931 5
0.0955 5
0.0979 5
0.1003 5
0.1028 5
0.1052 5
0.1076 5
0.1101 5
0.1125 5
0.1149 5
0.1173 5
0.1197 5
0.1221 5
0.1245 5
0.1269 5
0.1293 5
0.1318 5
0.1342 5
0.1366 5
0.1391 5
0.1415 5
0.1439 5
0.1464 5
0.1488 5
0.1516 5
0.1540 5
0.1564 5
0.1589 5
0.1613 5
0.1638 5
0.1662 5
0.1686 5
0.1711 5
0.1735 5
0.1759 5
0.1784 5
0.1808 5
0.1832 5
0.1856 5
0.1881 5
0.1905 5
0.1929 5
0.1953 5
0.1978 5
0.2002 5
0.2026 5
0.2051 5
0.2075 5
0.2100 5
0.2124 5
0.2148 5
0.2173 5
0.2197 5
0.2221 5
0.2246 5
0.2270 5
0.2295 5
0.2319 5
0.2344 5
0.2368 5
0.2392 5
0.2417 5
0.2442 5
0.2466 5
