0.0000 3
0.0016 2
0.0034 2
0.0057 2
0.0080 2
0.0103 2
0.0127 2
0.0149 2
0.0172 2
0.0196 2
0.0218 2
0.0241 2
0.0264 2
0.0287 2
0.0310 2
0.0333 2
0.0356 2
0.0379 2
0.0402 2
0.0425 2
0.0449 2
0.0471 2
0.0494 2
0.0518 2
0.0540 2
0.0563 2
0.0586 2
0.0609 2
0.0631 2
0.0654 2
0.0677 2
0.0699 2
0.0722 2
0.0745 2
0.0768 2
0.0791 2
0.0813 2
0.0836 2
0.0859 2
0.0882 2
0.0904 2
0.0927 2
0.0950 2
0.0972 2
0.0995 2
0.1018 2
0.1040 2
0.1064 2
0.1087 2
0.1110 2
0.1134 2
0.1157 2
0.1180 2
0.1203 2
0.1226 2
0.1250 2
0.1273 2
0.1295 2
0.1318 2
0.1340 2
0.1363 2
0.1386 2
0.1409 2
0.1432 2
0.1455 2
0.1478 2
0.1500 2
0.1523 2
0.1546 2
0.1569 2
0.1591 2
0.1614 2
0.1637 2
0.1660 2
0.1682 2
0.1705 2
0.1728 2
0.1751 2
0.1773 2
0.1796 2
0.1819 2
0.1841 2
0.1864 2
0.1887 2
0.1909 2
0.1932 2
0.1955 2
0.1977 2
0.2000 2
0.2022 2
0.2045 2
0.2068 2
0.2091 2
0.2114 2
0.2136 2
0.2159 2
0.2182 2
0.2204 2
0.2227 2
0.2249 2
0.2272 2
0.2294 2
