0.0000 3
0.0007 2
0.0030 2
0.0057 2
0.0086 2
0.0114 2
0.0141 2
0.0169 2
0.0197 2
0.0225 2
0.0255 2
0.0283 2
0.0312 2
0.0339 2
0.0367 2
0.0395 2
0.0423 2
0.0450 2
0.0479 2
0.0506 2
0.0534 2
0.0561 2
0.0589 2
0.0616 2
0.0644 2
0.0671 2
0.0698 2
0.0724 2
0.0751 2
0.0778 2
0.0805 2
0.0832 2
0.0858 2
0.0885 2
0.0912 2
0.0939 2
0.0966 2
0.0993 2
0.1020 2
0.1047 2
0.1074 2
0.1102 2
0.1129 2
0.1156 2
0.1183 2
0.1210 2
0.1237 2
0.1264 2
0.1291 2
0.1318 2
0.1345 2
0.1371 2
0.1398 2
0.1425 2
0.1452 2
0.1479 2
0.1506 2
0.1533 2
0.1560 2
0.1587 2
0.1614 2
0.1641 2
0.1668 2
0.1695 2
0.1722 2
0.1749 2
0.1776 2
0.1803 2
0.1830 2
0.1857 2
0.1884 2
0.1911 2
0.1938 2
0.1965 2
0.1993 2
0.2020 2
0.2047 2
0.2075 2
0.2102 2
0.2129 2
0.2156 2
0.2183 2
0.2210 2
0.2237 2
0.2264 2
0.2291 2
0.2318 2
0.2345 2
0.2372 2
0.2399 2
0.2426 2
0.2453 2
0.2480 2
0.2507 2
0.2534 2
0.2561 2
0.2588 2
0.2615 2
0.2644 2
0.2672 2
0.2700 2
0.2729 2
