0.0000 6
0.0030 6
0.0049 5
0.0055 5
0.0080 5
0.0105 5
0.0130 5
0.0156 5
0.0180 5
0.0204 5
0.0230 5
0.0254 5
0.0279 5
0.0303 5
0.0328 5
0.0352 5
0.0377 5
0.0401 5
0.0425 5
0.0450 5
0.0474 5
0.0498 5
0.0522 5
0.0547 5
0.0571 5
0.0595 5
0.0619 5
0.0643 5
0.0667 5
0.0692 5
0.0716 5
0.0740 5
0.0764 5
0.0789 5
0.0813 5
0.0837 5
0.0861 5
0.0886 5
0.0910 5
0.0934 5
0.0958 5
0.0982 5
0.1006 5
0.1030 5
0.1054 5
0.1079 5
0.1103 5
0.1127 5
0.1151 5
0.1175 5
0.1200 5
0.1224 5
0.1249 5
0.1273 5
0.1297 5
0.1322 5
0.1346 5
0.1370 5
0.1394 5
0.1418 5
0.1442 5
0.1466 5
0.1490 5
0.1515 5
0.1539 5
0.1563 5
0.1587 5
0.1611 5
0.1636 5
0.1660 5
0.1684 5
0.1708 5
0.1732 5
0.1756 5
0.1780 5
0.1804 5
0.1828 5
0.1852 5
0.1876 5
0.1901 5
0.1925 5
0.1949 5
0.1973 5
0.1997 5
0.2021 5
0.2045 5
0.2070 5
0.2094 5
0.2119 5
0.2143 5
0.2167 5
0.2191 5
0.2215 5
0.2240 5
0.2264 5
0.2288 5
0.2312 5
0.2336 5
0.2360 5
0.2385 5
0.2409 5
0.2433 5
0.2457 5
