0.0000 6
0.0037 6
0.0068 6
0.0071 5
0.0099 5
0.0130 5
0.0160 5
0.0190 5
0.0220 5
0.0250 5
0.0280 5
0.0310 5
0.0343 5
0.0373 5
0.0402 5
0.0432 5
0.0462 5
0.0492 5
0.0521 5
0.0551 5
0.0580 5
0.0610 5
0.0639 5
0.0669 5
0.0699 5
0.0731 5
0.0763 5
0.0793 5
0.0823 5
0.0853 5
0.0884 5
0.0913 5
0.0943 5
0.0973 5
0.1003 5
0.1032 5
0.1062 5
0.1091 5
0.1121 5
0.1160 5
0.1192 5
0.1222 5
0.1252 5
0.1282 5
0.1311 5
0.1341 5
0.1372 5
0.1401 5
0.1431 5
0.1460 5
0.1490 5
0.1520 5
0.1550 5
0.1579 5
0.1609 5
0.1638 5
0.1668 5
0.1698 5
0.1727 5
0.1757 5
0.1787 5
0.1816 5
0.1846 5
0.1875 5
0.1905 5
0.1935 5
0.1964 5
0.1994 5
0.2023 5
0.2053 5
0.2082 5
0.2112 5
0.2142 5
0.2172 5
0.2201 5
0.2231 5
0.2261 5
0.2290 5
0.2320 5
0.2350 5
0.2379 5
0.2409 5
0.2439 5
0.2468 5
0.2498 5
0.2528 5
0.2557 5
0.2587 5
0.2617 5
0.2646 5
0.2676 5
0.2706 5
0.2736 5
0.2765 5
0.2795 5
0.2824 5
0.2855 5
0.2885 5
0.2914 5
0.2944 5
0.2973 5
0.3003 5
0.3032 5
0.3062 5
