0.0000 5
0.0034 5
0.0064 5
0.0094 5
0.0124 5
0.0153 5
0.0183 5
0.0212 5
0.0243 5
0.0272 5
0.0301 5
0.0331 5
0.0360 5
0.0390 5
0.0420 5
0.0449 5
0.0478 5
0.0508 5
0.0537 5
0.0567 5
0.0596 5
0.0626 5
0.0655 5
0.0685 5
0.0714 5
0.0744 5
0.0773 5
0.0803 5
0.0832 5
0.0862 5
0.0891 5
0.0921 5
0.0950 5
0.0980 5
0.1010 5
0.1039 5
0.1069 5
0.1098 5
0.1128 5
0.1157 5
0.1186 5
0.1216 5
0.1245 5
0.1275 5
0.1304 5
0.1336 5
0.1367 5
0.1398 5
0.1428 5
0.1458 5
0.1488 5
0.1518 5
0.1548 5
0.1577 5
0.1607 5
0.1638 5
0.1667 5
0.1696 5
0.1727 5
0.1756 5
0.1785 5
0.1815 5
0.1844 5
0.1874 5
0.1903 5
0.1933 5
0.1962 5
0.1992 5
0.2021 5
0.2050 5
0.2081 5
0.2110 5
0.2140 5
0.2169 5
0.2198 5
0.2228 5
0.2257 5
0.2287 5
0.2316 5
0.2346 5
0.2375 5
0.2406 5
0.2436 5
0.2465 5
0.2495 5
0.2524 5
0.2554 5
0.2583 5
0.2612 5
0.2642 5
0.2671 5
0.2700 5
0.2730 5
0.2759 5
0.2789 5
0.2818 5
0.2847 5
0.2877 5
0.2906 5
0.2935 5
0.2965 5
