0.0000 4
0.0035 4
0.0067 4
0.0099 4
0.0100 3
0.0132 3
0.0172 3
0.0206 3
0.0238 3
0.0270 3
0.0302 3
0.0334 3
0.0366 3
0.0398 3
0.0430 3
0.0463 3
0.0495 3
0.0526 3
0.0558 3
0.0590 3
0.0622 3
0.0653 3
0.0685 3
0.0716 3
0.0749 3
0.0781 3
0.0811 3
0.0842 3
0.0873 3
0.0904 3
0.0934 3
0.0965 3
0.0996 3
0.1026 3
0.1057 3
0.1088 3
0.1119 3
0.1149 3
0.1180 3
0.1211 3
0.1242 3
0.1272 3
0.1304 3
0.1337 3
0.1369 3
0.1400 3
0.1431 3
0.1462 3
0.1493 3
0.1523 3
0.1554 3
0.1585 3
0.1616 3
0.1647 3
0.1677 3
0.1708 3
0.1740 3
0.1773 3
0.1805 3
0.1836 3
0.1867 3
0.1897 3
0.1928 3
0.1959 3
0.1990 3
0.2021 3
0.2051 3
0.2082 3
0.2113 3
0.2143 3
0.2174 3
0.2205 3
0.2236 3
0.2267 3
0.2297 3
0.2328 3
0.2359 3
0.2390 3
0.2421 3
0.2452 3
0.2483 3
0.2514 3
0.2545 3
0.2576 3
0.2606 3
0.2637 3
0.2668 3
0.2699 3
0.2730 3
0.2760 3
0.2791 3
0.2822 3
0.2853 3
0.2883 3
0.2914 3
0.2945 3
0.2976 3
0.3007 3
0.3038 3
0.3069 3
0.3100 3
0.3131 3
0.3162 3
0.3192 3
0.3223 3
