0.0000 4
0.0027 4
0.0053 4
0.0077 4
0.0104 4
0.0115 3
0.0128 3
0.0153 3
0.0177 3
0.0202 3
0.0226 3
0.0251 3
0.0275 3
0.0300 3
0.0324 3
0.0348 3
0.0373 3
0.0397 3
0.0421 3
0.0445 3
0.0470 3
0.0494 3
0.0518 3
0.0542 3
0.0566 3
0.0591 3
0.0615 3
0.0639 3
0.0663 3
0.0687 3
0.0711 3
0.0735 3
0.0760 3
0.0784 3
0.0808 3
0.0832 3
0.0857 3
0.0881 3
0.0905 3
0.0929 3
0.0953 3
0.0977 3
0.1001 3
0.1025 3
0.1049 3
0.1073 3
0.1098 3
0.1122 3
0.1146 3
0.1170 3
0.1194 3
0.1219 3
0.1243 3
0.1267 3
0.1291 3
0.1315 3
0.1339 3
0.1363 3
0.1388 3
0.1412 3
0.1436 3
0.1460 3
0.1484 3
0.1508 3
0.1532 3
0.1557 3
0.1581 3
0.1605 3
0.1629 3
0.1653 3
0.1677 3
0.1701 3
0.1725 3
0.1750 3
0.1774 3
0.1798 3
0.1822 3
0.1846 3
0.1870 3
0.1894 3
0.1918 3
0.1943 3
0.1967 3
0.1991 3
0.2015 3
0.2039 3
0.2064 3
0.2088 3
0.2112 3
0.2137 3
0.2161 3
0.2185 3
0.2209 3
0.2233 3
0.2257 3
0.2281 3
0.2306 3
0.2330 3
0.2355 3
0.2379 3
0.2404 3
0.2428 3
0.2452 3
0.2477 3
0.2502 3
0.2526 3
