0.0000 4
0.0031 4
0.0060 4
0.0090 4
0.0119 4
0.0147 4
0.0176 4
0.0205 4
0.0233 4
0.0262 4
0.0290 4
0.0319 4
0.0347 4
0.0375 4
0.0404 4
0.0433 4
0.0461 4
0.0490 4
0.0518 4
0.0546 4
0.0575 4
0.0603 4
0.0632 4
0.0661 4
0.0689 4
0.0717 4
0.0745 4
0.0774 4
0.0802 4
0.0830 4
0.0858 4
0.0886 4
0.0914 4
0.0942 4
0.0971 4
0.0999 4
0.1027 4
0.1055 4
0.1083 4
0.1112 4
0.1140 4
0.1168 4
0.1196 4
0.1224 4
0.1252 4
0.1282 4
0.1310 4
0.1338 4
0.1367 4
0.1395 4
0.1423 4
0.1451 4
0.1480 4
0.1508 4
0.1536 4
0.1564 4
0.1593 4
0.1621 4
0.1649 4
0.1677 4
0.1705 4
0.1734 4
0.1762 4
0.1790 4
0.1818 4
0.1846 4
0.1875 4
0.1903 4
0.1931 4
0.1959 4
0.1988 4
0.2016 4
0.2044 4
0.2073 4
0.2101 4
0.2130 4
0.2159 4
0.2187 4
0.2216 4
0.2244 4
0.2272 4
0.2301 4
0.2329 4
0.2357 4
0.2386 4
0.2414 4
0.2442 4
0.2471 4
0.2499 4
0.2527 4
0.2556 4
0.2584 4
0.2612 4
0.2641 4
0.2669 4
0.2698 4
0.2727 4
0.2755 4
0.2783 4
0.2812 4
0.2840 4
