0.0000 4
0.0011 3
0.0032 3
0.0057 3
0.0081 3
0.0108 3
0.0133 3
0.0158 3
0.0184 3
0.0208 3
0.0234 3
0.0259 3
0.0284 3
0.0309 3
0.0334 3
0.0358 3
0.0383 3
0.0408 3
0.0432 3
0.0457 3
0.0481 3
0.0506 3
0.0531 3
0.0555 3
0.0580 3
0.0604 3
0.0629 3
0.0654 3
0.0678 3
0.0702 3
0.0727 3
0.0751 3
0.0776 3
0.0800 3
0.0826 3
0.0850 3
0.0875 3
0.0899 3
0.0924 3
0.0948 3
0.0973 3
0.0997 3
0.1022 3
0.1046 3
0.1071 3
0.1095 3
0.1120 3
0.1145 3
0.1170 3
0.1195 3
0.1220 3
0.1245 3
0.1269 3
0.1294 3
0.1319 3
0.1344 3
0.1368 3
0.1393 3
0.1418 3
0.1443 3
0.1468 3
0.1492 3
0.1517 3
0.1542 3
0.1566 3
0.1591 3
0.1616 3
0.1640 3
0.1665 3
0.1691 3
0.1718 3
0.1743 3
0.1768 3
0.1792 3
0.1817 3
0.1841 3
0.1866 3
0.1890 3
0.1915 3
0.1940 3
0.1964 3
0.1989 3
0.2013 3
0.2038 3
0.2063 3
0.2088 3
0.2116 3
0.2150 3
0.2175 3
0.2199 3
0.2224 3
0.2248 3
0.2274 3
0.2298 3
0.2323 3
0.2349 3
0.2373 3
0.2398 3
0.2422 3
0.2447 3
0.2471 3
0.2495 3
