0.0000 3
0.0038 3
0.0069 3
0.0099 3
0.0129 3
0.0160 3
0.0190 3
0.0220 3
0.0250 3
0.0280 3
0.0309 3
0.0339 3
0.0369 3
0.0399 3
0.0430 3
0.0460 3
0.0489 3
0.0519 3
0.0549 3
0.0578 3
0.0608 3
0.0638 3
0.0667 3
0.0697 3
0.0727 3
0.0756 3
0.0786 3
0.0816 3
0.0846 3
0.0875 3
0.0905 3
0.0935 3
0.0964 3
0.0994 3
0.1030 3
0.1065 3
0.1095 3
0.1125 3
0.1155 3
0.1185 3
0.1214 3
0.1244 3
0.1273 3
0.1303 3
0.1333 3
0.1362 3
0.1392 3
0.1422 3
0.1457 3
0.1489 3
0.1519 3
0.1548 3
0.1578 3
0.1608 3
0.1637 3
0.1667 3
0.1697 3
0.1727 3
0.1756 3
0.1786 3
0.1816 3
0.1845 3
0.1875 3
0.1905 3
0.1934 3
0.1967 3
0.1996 3
0.2026 3
0.2055 3
0.2085 3
0.2115 3
0.2145 3
0.2174 3
0.2204 3
0.2234 3
0.2263 3
0.2293 3
0.2322 3
0.2352 3
0.2382 3
0.2412 3
0.2442 3
0.2471 3
0.2501 3
0.2531 3
0.2560 3
0.2590 3
0.2620 3
0.2650 3
0.2679 3
0.2709 3
0.2738 3
0.2768 3
0.2797 3
0.2826 3
0.2856 3
0.2886 3
0.2915 3
0.2944 3
0.2974 3
0.3003 3
