0.0000 4
0.0020 3
0.0031 3
0.0057 3
0.0082 3
0.0107 3
0.0132 3
0.0157 3
0.0182 3
0.0207 3
0.0231 3
0.0256 3
0.0281 3
0.0305 3
0.0330 3
0.0355 3
0.0379 3
0.0404 3
0.0428 3
0.0453 3
0.0477 3
0.0502 3
0.0526 3
0.0551 3
0.0575 3
0.0600 3
0.0624 3
0.0649 3
0.0673 3
0.0698 3
0.0722 3
0.0746 3
0.0771 3
0.0795 3
0.0820 3
0.0844 3
0.0868 3
0.0893 3
0.0917 3
0.0942 3
0.0966 3
0.0990 3
0.1015 3
0.1039 3
0.1064 3
0.1088 3
0.1112 3
0.1137 3
0.1161 3
0.1185 3
0.1210 3
0.1234 3
0.1258 3
0.1282 3
0.1307 3
0.1331 3
0.1356 3
0.1380 3
0.1404 3
0.1429 3
0.1454 3
0.1478 3
0.1502 3
0.1527 3
0.1551 3
0.1576 3
0.1600 3
0.1625 3
0.1650 3
0.1674 3
0.1699 3
0.1723 3
0.1748 3
0.1772 3
0.1796 3
0.1821 3
0.1845 3
0.1870 3
0.1894 3
0.1919 3
0.1943 3
0.1967 3
0.1992 3
0.2016 3
0.2041 3
0.2066 3
0.2090 3
0.2114 3
0.2138 3
0.2163 3
0.2188 3
0.2212 3
0.2236 3
0.2261 3
0.2285 3
0.2309 3
0.2334 3
0.2358 3
0.2384 3
0.2408 3
0.2433 3
0.2458 3
