0.0000 4
0.0013 3
0.0033 3
0.0064 3
0.0093 3
0.0123 3
0.0152 3
0.0182 3
0.0212 3
0.0241 3
0.0272 3
0.0301 3
0.0330 3
0.0359 3
0.0389 3
0.0418 3
0.0447 3
0.0477 3
0.0506 3
0.0535 3
0.0566 3
0.0598 3
0.0629 3
0.0661 3
0.0691 3
0.0721 3
0.0751 3
0.0782 3
0.0811 3
0.0842 3
0.0872 3
0.0903 3
0.0932 3
0.0963 3
0.0993 3
0.1024 3
0.1054 3
0.1084 3
0.1114 3
0.1145 3
0.1175 3
0.1205 3
0.1235 3
0.1265 3
0.1295 3
0.1325 3
0.1356 3
0.1386 3
0.1416 3
0.1446 3
0.1477 3
0.1507 3
0.1536 3
0.1565 3
0.1594 3
0.1624 3
0.1653 3
0.1682 3
0.1711 3
0.1741 3
0.1770 3
0.1799 3
0.1829 3
0.1858 3
0.1887 3
0.1917 3
0.1946 3
0.1976 3
0.2005 3
0.2034 3
0.2064 3
0.2093 3
0.2123 3
0.2152 3
0.2184 3
0.2213 3
0.2243 3
0.2272 3
0.2301 3
0.2330 3
0.2359 3
0.2389 3
0.2418 3
0.2447 3
0.2476 3
0.2505 3
0.2534 3
0.2563 3
0.2592 3
0.2621 3
0.2650 3
0.2679 3
0.2708 3
0.2738 3
0.2767 3
0.2796 3
0.2825 3
0.2854 3
0.2883 3
0.2912 3
0.2941 3
0.2970 3
