0.0000 5
0.0033 4
0.0033 4
0.0062 4
0.0091 4
0.0120 4
0.0150 4
0.0179 4
0.0208 4
0.0236 4
0.0266 4
0.0295 4
0.0323 4
0.0352 4
0.0381 4
0.0409 4
0.0438 4
0.0467 4
0.0498 4
0.0529 4
0.0559 4
0.0589 4
0.0619 4
0.0649 4
0.0678 4
0.0708 4
0.0738 4
0.0767 4
0.0796 4
0.0826 4
0.0856 4
0.0885 4
0.0915 4
0.0944 4
0.0974 4
0.1003 4
0.1033 4
0.1063 4
0.1092 4
0.1121 4
0.1152 4
0.1181 4
0.1211 4
0.1240 4
0.1269 4
0.1299 4
0.1327 4
0.1356 4
0.1384 4
0.1413 4
0.1442 4
0.1470 4
0.1499 4
0.1528 4
0.1556 4
0.1585 4
0.1614 4
0.1643 4
0.1672 4
0.1700 4
0.1729 4
0.1757 4
0.1786 4
0.1814 4
0.1843 4
0.1871 4
0.1900 4
0.1928 4
0.1957 4
0.1986 4
0.2014 4
0.2043 4
0.2071 4
0.2100 4
0.2129 4
0.2158 4
0.2188 4
0.2217 4
0.2245 4
0.2275 4
0.2304 4
0.2333 4
0.2362 4
0.2391 4
0.2420 4
0.2449 4
0.2477 4
0.2506 4
0.2535 4
0.2563 4
0.2592 4
0.2621 4
0.2650 4
0.2678 4
0.2707 4
0.2735 4
0.2764 4
0.2793 4
0.2821 4
0.2850 4
0.2879 4
0.2907 4
0.2936 4
