0.0000 4
0.0028 4
0.0046 3
0.0053 3
0.0078 3
0.0103 3
0.0128 3
0.0153 3
0.0178 3
0.0203 3
0.0227 3
0.0252 3
0.0276 3
0.0301 3
0.0326 3
0.0350 3
0.0374 3
0.0399 3
0.0423 3
0.0447 3
0.0472 3
0.0496 3
0.0520 3
0.0544 3
0.0568 3
0.0593 3
0.0618 3
0.0642 3
0.0666 3
0.0690 3
0.0714 3
0.0739 3
0.0763 3
0.0787 3
0.0811 3
0.0836 3
0.0860 3
0.0884 3
0.0908 3
0.0933 3
0.0957 3
0.0981 3
0.1005 3
0.1029 3
0.1054 3
0.1078 3
0.1102 3
0.1126 3
0.1151 3
0.1175 3
0.1199 3
0.1223 3
0.1248 3
0.1272 3
0.1297 3
0.1321 3
0.1345 3
0.1369 3
0.1396 3
0.1423 3
0.1447 3
0.1472 3
0.1496 3
0.1521 3
0.1545 3
0.1569 3
0.1594 3
0.1618 3
0.1642 3
0.1666 3
0.1690 3
0.1715 3
0.1739 3
0.1763 3
0.1787 3
0.1813 3
0.1839 3
0.1865 3
0.1889 3
0.1913 3
0.1937 3
0.1961 3
0.1985 3
0.2009 3
0.2033 3
0.2057 3
0.2082 3
0.2107 3
0.2131 3
0.2155 3
0.2179 3
0.2203 3
0.2227 3
0.2251 3
0.2276 3
0.2300 3
0.2325 3
0.2349 3
0.2373 3
0.2397 3
0.2421 3
0.2445 3
0.2469 3
