0.0000 5
0.0028 5
0.0053 5
0.0078 5
0.0103 5
0.0129 5
0.0154 5
0.0179 5
0.0204 5
0.0229 5
0.0254 5
0.0278 5
0.0303 5
0.0327 5
0.0352 5
0.0376 5
0.0401 5
0.0425 5
0.0450 5
0.0475 5
0.0500 5
0.0524 5
0.0549 5
0.0574 5
0.0600 5
0.0625 5
0.0650 5
0.0675 5
0.0699 5
0.0725 5
0.0750 5
0.0774 5
0.0798 5
0.0823 5
0.0847 5
0.0872 5
0.0897 5
0.0921 5
0.0946 5
0.0970 5
0.0995 5
0.1019 5
0.1043 5
0.1068 5
0.1092 5
0.1117 5
0.1141 5
0.1166 5
0.1190 5
0.1215 5
0.1239 5
0.1263 5
0.1288 5
0.1312 5
0.1337 5
0.1361 5
0.1385 5
0.1410 5
0.1434 5
0.1458 5
0.1483 5
0.1507 5
0.1531 5
0.1556 5
0.1580 5
0.1604 5
0.1629 5
0.1653 5
0.1678 5
0.1702 5
0.1726 5
0.1751 5
0.1775 5
0.1799 5
0.1824 5
0.1848 5
0.1873 5
0.1897 5
0.1922 5
0.1947 5
0.1971 5
0.1995 5
0.2020 5
0.2044 5
0.2069 5
0.2094 5
0.2118 5
0.2142 5
0.2168 5
0.2192 5
0.2216 5
0.2241 5
0.2265 5
0.2289 5
0.2314 5
0.2338 5
0.2362 5
0.2387 5
0.2411 5
0.2435 5
0.2460 5
