0.0000 3
0.0015 2
0.0031 2
0.0059 2
0.0088 2
0.0117 2
0.0145 2
0.0174 2
0.0202 2
0.0231 2
0.0259 2
0.0287 2
0.0315 2
0.0342 2
0.0370 2
0.0398 2
0.0426 2
0.0454 2
0.0482 2
0.0510 2
0.0538 2
0.0566 2
0.0593 2
0.0621 2
0.0649 2
0.0677 2
0.0704 2
0.0733 2
0.0761 2
0.0789 2
0.0816 2
0.0844 2
0.0872 2
0.0899 2
0.0927 2
0.0954 2
0.0982 2
0.1010 2
0.1037 2
0.1065 2
0.1093 2
0.1121 2
0.1149 2
0.1176 2
0.1204 2
0.1232 2
0.1260 2
0.1288 2
0.1315 2
0.1343 2
0.1371 2
0.1398 2
0.1426 2
0.1454 2
0.1481 2
0.1509 2
0.1537 2
0.1564 2
0.1592 2
0.1620 2
0.1647 2
0.1675 2
0.1703 2
0.1731 2
0.1759 2
0.1786 2
0.1814 2
0.1841 2
0.1869 2
0.1897 2
0.1924 2
0.1952 2
0.1980 2
0.2007 2
0.2035 2
0.2063 2
0.2091 2
0.2118 2
0.2146 2
0.2174 2
0.2201 2
0.2229 2
0.2256 2
0.2284 2
0.2312 2
0.2339 2
0.2367 2
0.2394 2
0.2422 2
0.2450 2
0.2478 2
0.2507 2
0.2535 2
0.2563 2
0.2591 2
0.2620 2
0.2650 2
0.2678 2
0.2706 2
0.2734 2
0.2762 2
0.2792 2
