0.0000 3
0.0027 3
0.0052 3
0.0076 3
0.0100 3
0.0125 3
0.0149 3
0.0174 3
0.0197 3
0.0222 3
0.0247 3
0.0271 3
0.0294 3
0.0318 3
0.0341 3
0.0365 3
0.0388 3
0.0412 3
0.0435 3
0.0459 3
0.0483 3
0.0507 3
0.0530 3
0.0554 3
0.0578 3
0.0602 3
0.0625 3
0.0648 3
0.0672 3
0.0695 3
0.0719 3
0.0742 3
0.0765 3
0.0789 3
0.0812 3
0.0835 3
0.0859 3
0.0882 3
0.0906 3
0.0929 3
0.0952 3
0.0976 3
0.0999 3
0.1023 3
0.1046 3
0.1069 3
0.1094 3
0.1118 3
0.1141 3
0.1165 3
0.1188 3
0.1212 3
0.1235 3
0.1259 3
0.1282 3
0.1306 3
0.1330 3
0.1353 3
0.1377 3
0.1400 3
0.1424 3
0.1447 3
0.1471 3
0.1494 3
0.1518 3
0.1541 3
0.1565 3
0.1588 3
0.1612 3
0.1635 3
0.1658 3
0.1682 3
0.1705 3
0.1729 3
0.1752 3
0.1776 3
0.1799 3
0.1822 3
0.1846 3
0.1869 3
0.1893 3
0.1916 3
0.1940 3
0.1965 3
0.1990 3
0.2014 3
0.2037 3
0.2061 3
0.2085 3
0.2109 3
0.2133 3
0.2157 3
0.2181 3
0.2205 3
0.2230 3
0.2254 3
0.2278 3
0.2302 3
0.2326 3
0.2349 3
0.2374 3
