0.0000 3
0.0018 2
0.0035 2
0.0064 2
0.0094 2
0.0123 2
0.0153 2
0.0182 2
0.0212 2
0.0241 2
0.0271 2
0.0300 2
0.0329 2
0.0358 2
0.0386 2
0.0415 2
0.0445 2
0.0473 2
0.0502 2
0.0531 2
0.0560 2
0.0589 2
0.0618 2
0.0648 2
0.0677 2
0.0706 2
0.0735 2
0.0764 2
0.0794 2
0.0822 2
0.0851 2
0.0880 2
0.0909 2
0.0937 2
0.0966 2
0.0995 2
0.1023 2
0.1052 2
0.1080 2
0.1109 2
0.1138 2
0.1166 2
0.1195 2
0.1224 2
0.1252 2
0.1281 2
0.1309 2
0.1338 2
0.1367 2
0.1395 2
0.1424 2
0.1453 2
0.1481 2
0.1510 2
0.1539 2
0.1568 2
0.1597 2
0.1626 2
0.1654 2
0.1683 2
0.1712 2
0.1740 2
0.1769 2
0.1798 2
0.1826 2
0.1855 2
0.1884 2
0.1914 2
0.1944 2
0.1973 2
0.2002 2
0.2031 2
0.2060 2
0.2089 2
0.2117 2
0.2146 2
0.2175 2
0.2204 2
0.2232 2
0.2261 2
0.2290 2
0.2320 2
0.2352 2
0.2381 2
0.2411 2
0.2440 2
0.2469 2
0.2498 2
0.2526 2
0.2556 2
0.2584 2
0.2613 2
0.2642 2
0.2671 2
0.2700 2
0.2728 2
0.2757 2
0.2786 2
0.2815 2
0.2843 2
0.2872 2
0.2901 2
