0.0000 4
0.0024 3
0.0027 3
0.0052 3
0.0076 3
0.0101 3
0.0126 3
0.0150 3
0.0176 3
0.0200 3
0.0225 3
0.0249 3
0.0273 3
0.0298 3
0.0322 3
0.0346 3
0.0371 3
0.0395 3
0.0419 3
0.0444 3
0.0468 3
0.0493 3
0.0517 3
0.0541 3
0.0566 3
0.0590 3
0.0614 3
0.0638 3
0.0663 3
0.0688 3
0.0712 3
0.0737 3
0.0761 3
0.0786 3
0.0811 3
0.0835 3
0.0860 3
0.0884 3
0.0908 3
0.0934 3
0.0958 3
0.0982 3
0.1007 3
0.1031 3
0.1055 3
0.1080 3
0.1104 3
0.1129 3
0.1153 3
0.1177 3
0.1201 3
0.1226 3
0.1250 3
0.1274 3
0.1298 3
0.1323 3
0.1347 3
0.1371 3
0.1395 3
0.1419 3
0.1443 3
0.1467 3
0.1492 3
0.1516 3
0.1540 3
0.1564 3
0.1588 3
0.1613 3
0.1637 3
0.1661 3
0.1685 3
0.1709 3
0.1733 3
0.1757 3
0.1781 3
0.1806 3
0.1830 3
0.1854 3
0.1881 3
0.1905 3
0.1929 3
0.1954 3
0.1978 3
0.2002 3
0.2026 3
0.2050 3
0.2075 3
0.2099 3
0.2123 3
0.2148 3
0.2172 3
0.2196 3
0.2220 3
0.2245 3
0.2269 3
0.2293 3
0.2317 3
0.2341 3
0.2366 3
0.2390 3
0.2414 3
0.2438 3
