0.0000 3
0.0030 3
0.0054 3
0.0078 3
0.0103 3
0.0127 3
0.0151 3
0.0176 3
0.0200 3
0.0223 3
0.0247 3
0.0271 3
0.0294 3
0.0318 3
0.0341 3
0.0364 3
0.0388 3
0.0412 3
0.0435 3
0.0459 3
0.0483 3
0.0506 3
0.0530 3
0.0554 3
0.0578 3
0.0601 3
0.0626 3
0.0649 3
0.0673 3
0.0697 3
0.0720 3
0.0744 3
0.0768 3
0.0791 3
0.0815 3
0.0839 3
0.0862 3
0.0886 3
0.0909 3
0.0933 3
0.0957 3
0.0980 3
0.1004 3
0.1027 3
0.1051 3
0.1075 3
0.1098 3
0.1122 3
0.1145 3
0.1169 3
0.1193 3
0.1216 3
0.1240 3
0.1264 3
0.1289 3
0.1314 3
0.1338 3
0.1361 3
0.1385 3
0.1408 3
0.1432 3
0.1456 3
0.1479 3
0.1503 3
0.1526 3
0.1550 3
0.1574 3
0.1598 3
0.1621 3
0.1645 3
0.1669 3
0.1692 3
0.1716 3
0.1740 3
0.1763 3
0.1787 3
0.1811 3
0.1835 3
0.1859 3
0.1883 3
0.1906 3
0.1930 3
0.1954 3
0.1978 3
0.2002 3
0.2025 3
0.2049 3
0.2074 3
0.2097 3
0.2121 3
0.2145 3
0.2169 3
0.2193 3
0.2216 3
0.2240 3
0.2264 3
0.2288 3
0.2313 3
0.2337 3
0.2360 3
0.2384 3
