0.0000 4
0.0008 3
0.0034 3
0.0065 3
0.0095 3
0.0126 3
0.0156 3
0.0186 3
0.0216 3
0.0246 3
0.0276 3
0.0305 3
0.0335 3
0.0365 3
0.0395 3
0.0425 3
0.0455 3
0.0484 3
0.0514 3
0.0544 3
0.0574 3
0.0604 3
0.0634 3
0.0665 3
0.0695 3
0.0725 3
0.0755 3
0.0785 3
0.0815 3
0.0844 3
0.0874 3
0.0905 3
0.0935 3
0.0964 3
0.0994 3
0.1024 3
0.1056 3
0.1086 3
0.1115 3
0.1145 3
0.1175 3
0.1205 3
0.1235 3
0.1264 3
0.1294 3
0.1325 3
0.1355 3
0.1385 3
0.1415 3
0.1445 3
0.1475 3
0.1505 3
0.1535 3
0.1565 3
0.1594 3
0.1624 3
0.1654 3
0.1684 3
0.1716 3
0.1748 3
0.1779 3
0.1809 3
0.1840 3
0.1870 3
0.1901 3
0.1931 3
0.1960 3
0.1990 3
0.2020 3
0.2050 3
0.2079 3
0.2109 3
0.2139 3
0.2169 3
0.2199 3
0.2228 3
0.2258 3
0.2288 3
0.2318 3
0.2348 3
0.2378 3
0.2407 3
0.2437 3
0.2467 3
0.2497 3
0.2527 3
0.2557 3
0.2587 3
0.2616 3
0.2646 3
0.2676 3
0.2705 3
0.2735 3
0.2765 3
0.2795 3
0.2824 3
0.2854 3
0.2884 3
0.2914 3
0.2944 3
0.2974 3
0.3004 3
