0.0000 4
0.0027 3
0.0027 3
0.0051 3
0.0076 3
0.0101 3
0.0125 3
0.0150 3
0.0174 3
0.0198 3
0.0222 3
0.0247 3
0.0271 3
0.0295 3
0.0319 3
0.0344 3
0.0368 3
0.0392 3
0.0416 3
0.0440 3
0.0464 3
0.0488 3
0.0512 3
0.0536 3
0.0560 3
0.0584 3
0.0609 3
0.0633 3
0.0657 3
0.0681 3
0.0705 3
0.0729 3
0.0753 3
0.0777 3
0.0801 3
0.0826 3
0.0850 3
0.0874 3
0.0898 3
0.0922 3
0.0946 3
0.0970 3
0.0994 3
0.1018 3
0.1042 3
0.1066 3
0.1090 3
0.1114 3
0.1138 3
0.1162 3
0.1186 3
0.1210 3
0.1234 3
0.1258 3
0.1282 3
0.1306 3
0.1330 3
0.1354 3
0.1378 3
0.1401 3
0.1426 3
0.1450 3
0.1474 3
0.1498 3
0.1522 3
0.1546 3
0.1570 3
0.1594 3
0.1618 3
0.1642 3
0.1666 3
0.1690 3
0.1714 3
0.1738 3
0.1762 3
0.1785 3
0.1810 3
0.1834 3
0.1858 3
0.1882 3
0.1906 3
0.1930 3
0.1953 3
0.1977 3
0.2001 3
0.2025 3
0.2049 3
0.2073 3
0.2097 3
0.2121 3
0.2145 3
0.2168 3
0.2192 3
0.2216 3
0.2240 3
0.2264 3
0.2288 3
0.2312 3
0.2336 3
0.2360 3
0.2384 3
0.2408 3
