0.0000 3
0.0034 3
0.0058 3
0.0083 3
0.0107 3
0.0131 3
0.0156 3
0.0180 3
0.0204 3
0.0228 3
0.0252 3
0.0276 3
0.0300 3
0.0324 3
0.0348 3
0.0371 3
0.0396 3
0.0419 3
0.0443 3
0.0467 3
0.0491 3
0.0514 3
0.0538 3
0.0562 3
0.0585 3
0.0609 3
0.0633 3
0.0656 3
0.0680 3
0.0703 3
0.0727 3
0.0750 3
0.0774 3
0.0798 3
0.0821 3
0.0845 3
0.0868 3
0.0892 3
0.0915 3
0.0939 3
0.0963 3
0.0986 3
0.1010 3
0.1034 3
0.1057 3
0.1081 3
0.1105 3
0.1128 3
0.1152 3
0.1176 3
0.1200 3
0.1224 3
0.1248 3
0.1274 3
0.1298 3
0.1322 3
0.1345 3
0.1369 3
0.1392 3
0.1416 3
0.1440 3
0.1463 3
0.1487 3
0.1511 3
0.1534 3
0.1558 3
0.1582 3
0.1605 3
0.1629 3
0.1652 3
0.1678 3
0.1703 3
0.1728 3
0.1752 3
0.1775 3
0.1799 3
0.1822 3
0.1846 3
0.1869 3
0.1893 3
0.1916 3
0.1940 3
0.1964 3
0.1988 3
0.2011 3
0.2035 3
0.2059 3
0.2083 3
0.2107 3
0.2130 3
0.2155 3
0.2179 3
0.2202 3
0.2226 3
0.2249 3
0.2273 3
0.2297 3
0.2320 3
0.2343 3
0.2367 3
0.2392 3
