0.0000 4
0.0016 3
0.0029 3
0.0055 3
0.0081 3
0.0107 3
0.0133 3
0.0159 3
0.0185 3
0.0211 3
0.0237 3
0.0262 3
0.0288 3
0.0314 3
0.0345 3
0.0371 3
0.0396 3
0.0422 3
0.0447 3
0.0473 3
0.0498 3
0.0524 3
0.0549 3
0.0574 3
0.0600 3
0.0625 3
0.0650 3
0.0675 3
0.0701 3
0.0726 3
0.0751 3
0.0776 3
0.0802 3
0.0827 3
0.0852 3
0.0877 3
0.0902 3
0.0927 3
0.0953 3
0.0978 3
0.1003 3
0.1028 3
0.1054 3
0.1079 3
0.1104 3
0.1129 3
0.1154 3
0.1179 3
0.1204 3
0.1229 3
0.1254 3
0.1280 3
0.1305 3
0.1330 3
0.1355 3
0.1380 3
0.1405 3
0.1430 3
0.1455 3
0.1480 3
0.1506 3
0.1531 3
0.1556 3
0.1581 3
0.1606 3
0.1632 3
0.1657 3
0.1682 3
0.1707 3
0.1732 3
0.1757 3
0.1782 3
0.1807 3
0.1833 3
0.1858 3
0.1883 3
0.1908 3
0.1934 3
0.1959 3
0.1984 3
0.2009 3
0.2034 3
0.2059 3
0.2084 3
0.2110 3
0.2135 3
0.2160 3
0.2185 3
0.2210 3
0.2235 3
0.2260 3
0.2286 3
0.2311 3
0.2336 3
0.2361 3
0.2386 3
0.2411 3
0.2436 3
0.2462 3
0.2487 3
0.2512 3
0.2537 3
