0.0000 5
0.0035 5
0.0068 5
0.0102 5
0.0135 5
0.0153 4
0.0168 4
0.0200 4
0.0233 4
0.0265 4
0.0298 4
0.0331 4
0.0363 4
0.0395 4
0.0427 4
0.0459 4
0.0491 4
0.0523 4
0.0555 4
0.0586 4
0.0618 4
0.0650 4
0.0682 4
0.0714 4
0.0746 4
0.0777 4
0.0809 4
0.0841 4
0.0873 4
0.0905 4
0.0937 4
0.0969 4
0.1001 4
0.1033 4
0.1064 4
0.1096 4
0.1128 4
0.1160 4
0.1192 4
0.1226 4
0.1258 4
0.1290 4
0.1322 4
0.1353 4
0.1385 4
0.1417 4
0.1449 4
0.1481 4
0.1513 4
0.1544 4
0.1576 4
0.1608 4
0.1640 4
0.1672 4
0.1704 4
0.1736 4
0.1768 4
0.1800 4
0.1831 4
0.1863 4
0.1895 4
0.1927 4
0.1959 4
0.1991 4
0.2023 4
0.2054 4
0.2087 4
0.2119 4
0.2151 4
0.2183 4
0.2214 4
0.2246 4
0.2278 4
0.2310 4
0.2342 4
0.2374 4
0.2406 4
0.2438 4
0.2470 4
0.2502 4
0.2534 4
0.2566 4
0.2598 4
0.2630 4
0.2662 4
0.2695 4
0.2727 4
0.2759 4
0.2791 4
0.2823 4
0.2855 4
0.2887 4
0.2919 4
0.2950 4
0.2982 4
0.3014 4
0.3046 4
0.3077 4
0.3109 4
0.3141 4
0.3173 4
0.3205 4
0.3237 4
0.3269 4
0.3300 4
0.3332 4
