0.0000 6
0.0028 6
0.0055 6
0.0081 6
0.0107 6
0.0133 6
0.0160 6
0.0169 5
0.0186 5
0.0212 5
0.0238 5
0.0263 5
0.0289 5
0.0314 5
0.0339 5
0.0364 5
0.0390 5
0.0415 5
0.0441 5
0.0467 5
0.0492 5
0.0518 5
0.0543 5
0.0568 5
0.0594 5
0.0619 5
0.0644 5
0.0669 5
0.0695 5
0.0720 5
0.0746 5
0.0771 5
0.0796 5
0.0821 5
0.0847 5
0.0872 5
0.0897 5
0.0922 5
0.0947 5
0.0972 5
0.0997 5
0.1022 5
0.1048 5
0.1073 5
0.1098 5
0.1123 5
0.1148 5
0.1173 5
0.1198 5
0.1224 5
0.1251 5
0.1277 5
0.1302 5
0.1328 5
0.1353 5
0.1378 5
0.1404 5
0.1429 5
0.1455 5
0.1480 5
0.1505 5
0.1531 5
0.1556 5
0.1581 5
0.1606 5
0.1632 5
0.1659 5
0.1687 5
0.1712 5
0.1738 5
0.1763 5
0.1788 5
0.1814 5
0.1839 5
0.1865 5
0.1891 5
0.1916 5
0.1941 5
0.1967 5
0.1992 5
0.2017 5
0.2043 5
0.2068 5
0.2093 5
0.2119 5
0.2144 5
0.2169 5
0.2194 5
0.2220 5
0.2245 5
0.2270 5
0.2295 5
0.2321 5
0.2346 5
0.2371 5
0.2396 5
0.2422 5
0.2447 5
0.2472 5
0.2497 5
0.2523 5
0.2549 5
0.2574 5
0.2599 5
0.2624 5
0.2649 5
0.2674 5
0.2699 5
