0.0000 3
0.0007 2
0.0030 2
0.0053 2
0.0077 2
0.0100 2
0.0124 2
0.0148 2
0.0171 2
0.0194 2
0.0218 2
0.0241 2
0.0264 2
0.0287 2
0.0310 2
0.0333 2
0.0357 2
0.0380 2
0.0403 2
0.0426 2
0.0449 2
0.0472 2
0.0495 2
0.0518 2
0.0542 2
0.0565 2
0.0588 2
0.0611 2
0.0634 2
0.0657 2
0.0680 2
0.0703 2
0.0726 2
0.0749 2
0.0771 2
0.0795 2
0.0818 2
0.0840 2
0.0864 2
0.0886 2
0.0909 2
0.0932 2
0.0956 2
0.0979 2
0.1002 2
0.1025 2
0.1048 2
0.1071 2
0.1094 2
0.1117 2
0.1140 2
0.1164 2
0.1187 2
0.1211 2
0.1234 2
0.1258 2
0.1281 2
0.1305 2
0.1328 2
0.1351 2
0.1375 2
0.1398 2
0.1420 2
0.1443 2
0.1466 2
0.1489 2
0.1512 2
0.1535 2
0.1557 2
0.1581 2
0.1604 2
0.1627 2
0.1650 2
0.1672 2
0.1695 2
0.1721 2
0.1743 2
0.1766 2
0.1789 2
0.1812 2
0.1835 2
0.1858 2
0.1881 2
0.1904 2
0.1927 2
0.1950 2
0.1973 2
0.1996 2
0.2019 2
0.2041 2
0.2065 2
0.2088 2
0.2111 2
0.2134 2
0.2156 2
0.2179 2
0.2202 2
0.2225 2
0.2248 2
0.2271 2
0.2294 2
0.2317 2
