0.0000 6
0.0029 6
0.0036 5
0.0054 5
0.0079 5
0.0104 5
0.0129 5
0.0154 5
0.0179 5
0.0204 5
0.0228 5
0.0252 5
0.0277 5
0.0301 5
0.0325 5
0.0350 5
0.0374 5
0.0399 5
0.0423 5
0.0447 5
0.0472 5
0.0496 5
0.0520 5
0.0545 5
0.0569 5
0.0593 5
0.0617 5
0.0641 5
0.0666 5
0.0690 5
0.0715 5
0.0739 5
0.0763 5
0.0787 5
0.0811 5
0.0836 5
0.0860 5
0.0884 5
0.0909 5
0.0933 5
0.0957 5
0.0982 5
0.1006 5
0.1030 5
0.1055 5
0.1079 5
0.1103 5
0.1128 5
0.1152 5
0.1177 5
0.1201 5
0.1226 5
0.1250 5
0.1274 5
0.1299 5
0.1323 5
0.1348 5
0.1372 5
0.1397 5
0.1424 5
0.1450 5
0.1474 5
0.1498 5
0.1523 5
0.1547 5
0.1571 5
0.1596 5
0.1620 5
0.1644 5
0.1668 5
0.1692 5
0.1717 5
0.1741 5
0.1766 5
0.1790 5
0.1815 5
0.1842 5
0.1866 5
0.1891 5
0.1916 5
0.1940 5
0.1964 5
0.1988 5
0.2012 5
0.2036 5
0.2061 5
0.2085 5
0.2109 5
0.2134 5
0.2158 5
0.2182 5
0.2206 5
0.2231 5
0.2255 5
0.2280 5
0.2304 5
0.2328 5
0.2352 5
0.2377 5
0.2402 5
0.2426 5
0.2451 5
0.2475 5
