0.0000 5
0.0027 5
0.0053 5
0.0077 5
0.0102 5
0.0128 5
0.0154 5
0.0179 5
0.0203 5
0.0228 5
0.0253 5
0.0278 5
0.0303 5
0.0327 5
0.0352 5
0.0377 5
0.0401 5
0.0426 5
0.0451 5
0.0476 5
0.0500 5
0.0525 5
0.0550 5
0.0575 5
0.0600 5
0.0625 5
0.0650 5
0.0675 5
0.0699 5
0.0724 5
0.0749 5
0.0773 5
0.0798 5
0.0822 5
0.0847 5
0.0871 5
0.0896 5
0.0920 5
0.0945 5
0.0969 5
0.0994 5
0.1019 5
0.1044 5
0.1068 5
0.1093 5
0.1117 5
0.1142 5
0.1166 5
0.1191 5
0.1216 5
0.1240 5
0.1265 5
0.1289 5
0.1314 5
0.1338 5
0.1363 5
0.1387 5
0.1413 5
0.1437 5
0.1462 5
0.1486 5
0.1511 5
0.1535 5
0.1560 5
0.1584 5
0.1609 5
0.1634 5
0.1658 5
0.1682 5
0.1707 5
0.1731 5
0.1756 5
0.1780 5
0.1804 5
0.1829 5
0.1853 5
0.1878 5
0.1902 5
0.1926 5
0.1951 5
0.1975 5
0.1999 5
0.2024 5
0.2048 5
0.2073 5
0.2098 5
0.2122 5
0.2147 5
0.2172 5
0.2196 5
0.2221 5
0.2245 5
0.2270 5
0.2294 5
0.2319 5
0.2343 5
0.2367 5
0.2392 5
0.2416 5
0.2441 5
0.2465 5
