0.0000 3
0.0026 3
0.0051 3
0.0075 3
0.0100 3
0.0125 3
0.0149 3
0.0173 3
0.0198 3
0.0222 3
0.0248 3
0.0272 3
0.0297 3
0.0321 3
0.0345 3
0.0370 3
0.0394 3
0.0419 3
0.0444 3
0.0467 3
0.0491 3
0.0515 3
0.0540 3
0.0563 3
0.0587 3
0.0612 3
0.0636 3
0.0660 3
0.0684 3
0.0708 3
0.0731 3
0.0758 3
0.0781 3
0.0805 3
0.0829 3
0.0853 3
0.0877 3
0.0900 3
0.0924 3
0.0948 3
0.0972 3
0.0996 3
0.1019 3
0.1043 3
0.1066 3
0.1090 3
0.1114 3
0.1137 3
0.1161 3
0.1185 3
0.1208 3
0.1232 3
0.1256 3
0.1280 3
0.1303 3
0.1327 3
0.1351 3
0.1374 3
0.1398 3
0.1422 3
0.1446 3
0.1469 3
0.1493 3
0.1516 3
0.1540 3
0.1564 3
0.1587 3
0.1611 3
0.1635 3
0.1658 3
0.1682 3
0.1706 3
0.1730 3
0.1753 3
0.1777 3
0.1801 3
0.1824 3
0.1848 3
0.1872 3
0.1895 3
0.1919 3
0.1943 3
0.1967 3
0.1991 3
0.2014 3
0.2038 3
0.2062 3
0.2087 3
0.2111 3
0.2134 3
0.2159 3
0.2183 3
0.2207 3
0.2231 3
0.2254 3
0.2278 3
0.2302 3
0.2325 3
0.2349 3
0.2373 3
0.2397 3
