0.0000 3
0.0011 2
0.0030 2
0.0054 2
0.0076 2
0.0100 2
0.0123 2
0.0146 2
0.0169 2
0.0191 2
0.0214 2
0.0237 2
0.0259 2
0.0282 2
0.0305 2
0.0328 2
0.0351 2
0.0373 2
0.0396 2
0.0419 2
0.0441 2
0.0464 2
0.0487 2
0.0510 2
0.0532 2
0.0555 2
0.0578 2
0.0601 2
0.0623 2
0.0646 2
0.0669 2
0.0692 2
0.0714 2
0.0737 2
0.0760 2
0.0783 2
0.0806 2
0.0829 2
0.0853 2
0.0875 2
0.0898 2
0.0921 2
0.0944 2
0.0967 2
0.0990 2
0.1014 2
0.1040 2
0.1065 2
0.1091 2
0.1115 2
0.1139 2
0.1163 2
0.1186 2
0.1210 2
0.1233 2
0.1257 2
0.1279 2
0.1303 2
0.1327 2
0.1350 2
0.1374 2
0.1396 2
0.1420 2
0.1443 2
0.1467 2
0.1491 2
0.1514 2
0.1538 2
0.1561 2
0.1584 2
0.1608 2
0.1631 2
0.1655 2
0.1678 2
0.1702 2
0.1725 2
0.1748 2
0.1772 2
0.1795 2
0.1819 2
0.1842 2
0.1865 2
0.1889 2
0.1912 2
0.1936 2
0.1958 2
0.1982 2
0.2006 2
0.2029 2
0.2053 2
0.2076 2
0.2099 2
0.2122 2
0.2145 2
0.2169 2
0.2191 2
0.2215 2
0.2238 2
0.2260 2
0.2283 2
0.2306 2
0.2328 2
