0.0000 4
0.0013 3
0.0033 3
0.0063 3
0.0093 3
0.0122 3
0.0152 3
0.0182 3
0.0211 3
0.0242 3
0.0274 3
0.0304 3
0.0334 3
0.0363 3
0.0392 3
0.0421 3
0.0450 3
0.0479 3
0.0508 3
0.0537 3
0.0566 3
0.0595 3
0.0623 3
0.0652 3
0.0684 3
0.0715 3
0.0744 3
0.0773 3
0.0802 3
0.0831 3
0.0860 3
0.0889 3
0.0918 3
0.0947 3
0.0976 3
0.1005 3
0.1034 3
0.1063 3
0.1093 3
0.1122 3
0.1151 3
0.1180 3
0.1208 3
0.1237 3
0.1266 3
0.1295 3
0.1324 3
0.1353 3
0.1382 3
0.1411 3
0.1440 3
0.1469 3
0.1498 3
0.1527 3
0.1555 3
0.1584 3
0.1613 3
0.1642 3
0.1671 3
0.1700 3
0.1728 3
0.1757 3
0.1786 3
0.1815 3
0.1844 3
0.1873 3
0.1902 3
0.1930 3
0.1959 3
0.1988 3
0.2017 3
0.2046 3
0.2075 3
0.2104 3
0.2133 3
0.2162 3
0.2191 3
0.2221 3
0.2250 3
0.2280 3
0.2309 3
0.2339 3
0.2369 3
0.2398 3
0.2427 3
0.2456 3
0.2484 3
0.2514 3
0.2544 3
0.2573 3
0.2601 3
0.2630 3
0.2659 3
0.2688 3
0.2717 3
0.2745 3
0.2774 3
0.2803 3
0.2832 3
0.2861 3
0.2890 3
0.2918 3
