0.0000 3
0.0010 2
0.0034 2
0.0062 2
0.0091 2
0.0119 2
0.0148 2
0.0176 2
0.0205 2
0.0233 2
0.0260 2
0.0288 2
0.0316 2
0.0344 2
0.0371 2
0.0399 2
0.0427 2
0.0455 2
0.0482 2
0.0510 2
0.0538 2
0.0565 2
0.0593 2
0.0621 2
0.0648 2
0.0676 2
0.0704 2
0.0731 2
0.0759 2
0.0787 2
0.0815 2
0.0843 2
0.0871 2
0.0899 2
0.0927 2
0.0955 2
0.0983 2
0.1010 2
0.1038 2
0.1066 2
0.1094 2
0.1121 2
0.1149 2
0.1177 2
0.1205 2
0.1232 2
0.1260 2
0.1288 2
0.1315 2
0.1343 2
0.1371 2
0.1399 2
0.1427 2
0.1454 2
0.1482 2
0.1510 2
0.1538 2
0.1566 2
0.1594 2
0.1621 2
0.1649 2
0.1677 2
0.1705 2
0.1733 2
0.1761 2
0.1788 2
0.1816 2
0.1844 2
0.1871 2
0.1899 2
0.1927 2
0.1954 2
0.1982 2
0.2010 2
0.2038 2
0.2066 2
0.2094 2
0.2122 2
0.2150 2
0.2177 2
0.2205 2
0.2233 2
0.2260 2
0.2288 2
0.2316 2
0.2343 2
0.2371 2
0.2399 2
0.2427 2
0.2454 2
0.2482 2
0.2510 2
0.2537 2
0.2565 2
0.2593 2
0.2620 2
0.2648 2
0.2676 2
0.2704 2
0.2732 2
0.2759 2
0.2787 2
