0.0000 5
0.0026 4
0.0028 4
0.0054 4
0.0079 4
0.0105 4
0.0131 4
0.0156 4
0.0182 4
0.0207 4
0.0232 4
0.0258 4
0.0282 4
0.0307 4
0.0332 4
0.0357 4
0.0382 4
0.0407 4
0.0432 4
0.0457 4
0.0481 4
0.0506 4
0.0531 4
0.0555 4
0.0580 4
0.0605 4
0.0630 4
0.0655 4
0.0680 4
0.0704 4
0.0729 4
0.0754 4
0.0779 4
0.0804 4
0.0828 4
0.0853 4
0.0878 4
0.0903 4
0.0929 4
0.0954 4
0.0979 4
0.1004 4
0.1030 4
0.1055 4
0.1081 4
0.1105 4
0.1130 4
0.1155 4
0.1179 4
0.1204 4
0.1229 4
0.1254 4
0.1279 4
0.1304 4
0.1328 4
0.1353 4
0.1377 4
0.1402 4
0.1427 4
0.1452 4
0.1477 4
0.1502 4
0.1527 4
0.1552 4
0.1577 4
0.1601 4
0.1626 4
0.1651 4
0.1675 4
0.1700 4
0.1725 4
0.1749 4
0.1774 4
0.1799 4
0.1824 4
0.1848 4
0.1873 4
0.1898 4
0.1922 4
0.1947 4
0.1972 4
0.1997 4
0.2021 4
0.2047 4
0.2072 4
0.2096 4
0.2121 4
0.2146 4
0.2170 4
0.2195 4
0.2220 4
0.2245 4
0.2269 4
0.2295 4
0.2322 4
0.2347 4
0.2371 4
0.2396 4
0.2421 4
0.2445 4
0.2470 4
0.2494 4
