0.0000 3
0.0001 2
0.0025 2
0.0049 2
0.0072 2
0.0097 2
0.0120 2
0.0144 2
0.0167 2
0.0191 2
0.0215 2
0.0238 2
0.0262 2
0.0285 2
0.0308 2
0.0331 2
0.0354 2
0.0377 2
0.0400 2
0.0423 2
0.0446 2
0.0469 2
0.0491 2
0.0514 2
0.0537 2
0.0560 2
0.0583 2
0.0605 2
0.0628 2
0.0651 2
0.0674 2
0.0697 2
0.0720 2
0.0743 2
0.0766 2
0.0789 2
0.0812 2
0.0835 2
0.0858 2
0.0881 2
0.0904 2
0.0927 2
0.0950 2
0.0972 2
0.0995 2
0.1018 2
0.1041 2
0.1064 2
0.1087 2
0.1110 2
0.1133 2
0.1156 2
0.1179 2
0.1202 2
0.1225 2
0.1248 2
0.1271 2
0.1294 2
0.1317 2
0.1340 2
0.1363 2
0.1386 2
0.1409 2
0.1432 2
0.1455 2
0.1477 2
0.1500 2
0.1523 2
0.1546 2
0.1569 2
0.1592 2
0.1615 2
0.1637 2
0.1660 2
0.1683 2
0.1706 2
0.1729 2
0.1752 2
0.1775 2
0.1797 2
0.1820 2
0.1843 2
0.1866 2
0.1889 2
0.1912 2
0.1936 2
0.1959 2
0.1982 2
0.2005 2
0.2028 2
0.2051 2
0.2074 2
0.2097 2
0.2120 2
0.2143 2
0.2166 2
0.2188 2
0.2211 2
0.2234 2
0.2257 2
0.2279 2
0.2302 2
