0.0000 3
0.0036 3
0.0067 3
0.0097 3
0.0127 3
0.0157 3
0.0188 3
0.0217 3
0.0246 3
0.0275 3
0.0306 3
0.0335 3
0.0364 3
0.0393 3
0.0422 3
0.0451 3
0.0481 3
0.0510 3
0.0539 3
0.0568 3
0.0598 3
0.0627 3
0.0656 3
0.0685 3
0.0714 3
0.0744 3
0.0774 3
0.0803 3
0.0832 3
0.0861 3
0.0890 3
0.0919 3
0.0950 3
0.0979 3
0.1008 3
0.1038 3
0.1068 3
0.1097 3
0.1126 3
0.1155 3
0.1184 3
0.1213 3
0.1243 3
0.1272 3
0.1301 3
0.1330 3
0.1360 3
0.1389 3
0.1418 3
0.1447 3
0.1476 3
0.1506 3
0.1535 3
0.1564 3
0.1593 3
0.1623 3
0.1652 3
0.1681 3
0.1710 3
0.1740 3
0.1769 3
0.1798 3
0.1828 3
0.1857 3
0.1886 3
0.1915 3
0.1945 3
0.1974 3
0.2003 3
0.2032 3
0.2062 3
0.2091 3
0.2120 3
0.2149 3
0.2179 3
0.2208 3
0.2237 3
0.2266 3
0.2295 3
0.2324 3
0.2354 3
0.2383 3
0.2412 3
0.2441 3
0.2470 3
0.2499 3
0.2528 3
0.2558 3
0.2587 3
0.2616 3
0.2646 3
0.2675 3
0.2705 3
0.2734 3
0.2766 3
0.2795 3
0.2825 3
0.2854 3
0.2884 3
0.2913 3
0.2942 3
