0.0000 3
0.0009 2
0.0030 2
0.0055 2
0.0079 2
0.0103 2
0.0128 2
0.0152 2
0.0176 2
0.0200 2
0.0224 2
0.0249 2
0.0272 2
0.0296 2
0.0320 2
0.0343 2
0.0367 2
0.0390 2
0.0414 2
0.0437 2
0.0460 2
0.0484 2
0.0507 2
0.0530 2
0.0554 2
0.0578 2
0.0601 2
0.0625 2
0.0648 2
0.0671 2
0.0695 2
0.0718 2
0.0741 2
0.0765 2
0.0788 2
0.0811 2
0.0834 2
0.0858 2
0.0881 2
0.0904 2
0.0928 2
0.0952 2
0.0975 2
0.0998 2
0.1021 2
0.1045 2
0.1068 2
0.1091 2
0.1115 2
0.1138 2
0.1161 2
0.1184 2
0.1208 2
0.1231 2
0.1254 2
0.1278 2
0.1303 2
0.1326 2
0.1349 2
0.1372 2
0.1396 2
0.1419 2
0.1442 2
0.1466 2
0.1489 2
0.1512 2
0.1535 2
0.1559 2
0.1582 2
0.1605 2
0.1628 2
0.1651 2
0.1674 2
0.1698 2
0.1721 2
0.1744 2
0.1767 2
0.1791 2
0.1814 2
0.1837 2
0.1860 2
0.1884 2
0.1907 2
0.1930 2
0.1953 2
0.1977 2
0.2000 2
0.2023 2
0.2046 2
0.2069 2
0.2093 2
0.2117 2
0.2140 2
0.2163 2
0.2186 2
0.2210 2
0.2233 2
0.2256 2
0.2279 2
0.2302 2
0.2325 2
0.2348 2
