0.0000 4
0.0037 4
0.0045 3
0.0067 3
0.0097 3
0.0127 3
0.0157 3
0.0186 3
0.0215 3
0.0245 3
0.0274 3
0.0303 3
0.0332 3
0.0361 3
0.0390 3
0.0419 3
0.0449 3
0.0478 3
0.0507 3
0.0536 3
0.0565 3
0.0594 3
0.0623 3
0.0653 3
0.0682 3
0.0711 3
0.0741 3
0.0771 3
0.0800 3
0.0829 3
0.0858 3
0.0887 3
0.0917 3
0.0946 3
0.0975 3
0.1004 3
0.1033 3
0.1062 3
0.1091 3
0.1120 3
0.1149 3
0.1178 3
0.1207 3
0.1236 3
0.1265 3
0.1294 3
0.1323 3
0.1352 3
0.1381 3
0.1410 3
0.1439 3
0.1468 3
0.1497 3
0.1526 3
0.1555 3
0.1584 3
0.1613 3
0.1642 3
0.1672 3
0.1701 3
0.1730 3
0.1759 3
0.1788 3
0.1817 3
0.1846 3
0.1875 3
0.1904 3
0.1934 3
0.1963 3
0.1992 3
0.2021 3
0.2050 3
0.2080 3
0.2109 3
0.2138 3
0.2167 3
0.2199 3
0.2230 3
0.2259 3
0.2288 3
0.2318 3
0.2347 3
0.2376 3
0.2405 3
0.2434 3
0.2463 3
0.2492 3
0.2520 3
0.2549 3
0.2578 3
0.2609 3
0.2641 3
0.2671 3
0.2700 3
0.2729 3
0.2759 3
0.2788 3
0.2818 3
0.2847 3
0.2876 3
0.2905 3
0.2935 3
0.2964 3
