0.0000 4
0.0015 3
0.0035 3
0.0066 3
0.0096 3
0.0126 3
0.0155 3
0.0185 3
0.0214 3
0.0243 3
0.0273 3
0.0302 3
0.0331 3
0.0360 3
0.0389 3
0.0418 3
0.0448 3
0.0477 3
0.0506 3
0.0534 3
0.0563 3
0.0592 3
0.0621 3
0.0650 3
0.0679 3
0.0708 3
0.0737 3
0.0766 3
0.0795 3
0.0824 3
0.0853 3
0.0882 3
0.0911 3
0.0940 3
0.0969 3
0.0998 3
0.1027 3
0.1056 3
0.1085 3
0.1114 3
0.1143 3
0.1171 3
0.1200 3
0.1229 3
0.1258 3
0.1287 3
0.1315 3
0.1344 3
0.1373 3
0.1402 3
0.1431 3
0.1459 3
0.1488 3
0.1517 3
0.1546 3
0.1575 3
0.1604 3
0.1633 3
0.1662 3
0.1691 3
0.1720 3
0.1750 3
0.1779 3
0.1808 3
0.1836 3
0.1865 3
0.1894 3
0.1923 3
0.1952 3
0.1982 3
0.2011 3
0.2039 3
0.2068 3
0.2099 3
0.2128 3
0.2156 3
0.2185 3
0.2214 3
0.2243 3
0.2272 3
0.2301 3
0.2329 3
0.2358 3
0.2387 3
0.2416 3
0.2445 3
0.2474 3
0.2503 3
0.2532 3
0.2561 3
0.2590 3
0.2619 3
0.2648 3
0.2677 3
0.2705 3
0.2734 3
0.2763 3
0.2792 3
0.2821 3
0.2849 3
0.2878 3
0.2907 3
