0.0000 5
0.0031 4
0.0037 4
0.0070 4
0.0103 4
0.0136 4
0.0174 4
0.0207 4
0.0240 4
0.0274 4
0.0306 4
0.0339 4
0.0372 4
0.0404 4
0.0437 4
0.0470 4
0.0502 4
0.0535 4
0.0567 4
0.0600 4
0.0632 4
0.0665 4
0.0698 4
0.0730 4
0.0763 4
0.0796 4
0.0828 4
0.0861 4
0.0894 4
0.0926 4
0.0959 4
0.0992 4
0.1025 4
0.1058 4
0.1090 4
0.1123 4
0.1155 4
0.1187 4
0.1220 4
0.1252 4
0.1285 4
0.1317 4
0.1350 4
0.1382 4
0.1414 4
0.1447 4
0.1479 4
0.1512 4
0.1544 4
0.1578 4
0.1610 4
0.1643 4
0.1675 4
0.1708 4
0.1740 4
0.1773 4
0.1805 4
0.1838 4
0.1870 4
0.1903 4
0.1935 4
0.1968 4
0.2000 4
0.2033 4
0.2065 4
0.2098 4
0.2130 4
0.2163 4
0.2196 4
0.2231 4
0.2264 4
0.2297 4
0.2329 4
0.2362 4
0.2394 4
0.2427 4
0.2460 4
0.2492 4
0.2525 4
0.2557 4
0.2590 4
0.2624 4
0.2660 4
0.2693 4
0.2725 4
0.2758 4
0.2791 4
0.2823 4
0.2855 4
0.2888 4
0.2920 4
0.2953 4
0.2985 4
0.3017 4
0.3050 4
0.3082 4
0.3115 4
0.3147 4
0.3180 4
0.3212 4
0.3245 4
0.3277 4
