0.0000 4
0.0034 4
0.0062 4
0.0091 4
0.0120 4
0.0148 4
0.0176 4
0.0205 4
0.0234 4
0.0262 4
0.0291 4
0.0321 4
0.0349 4
0.0377 4
0.0405 4
0.0433 4
0.0462 4
0.0490 4
0.0519 4
0.0547 4
0.0575 4
0.0604 4
0.0632 4
0.0660 4
0.0688 4
0.0716 4
0.0744 4
0.0773 4
0.0801 4
0.0829 4
0.0857 4
0.0885 4
0.0913 4
0.0942 4
0.0971 4
0.0999 4
0.1028 4
0.1056 4
0.1084 4
0.1112 4
0.1140 4
0.1169 4
0.1197 4
0.1225 4
0.1253 4
0.1282 4
0.1310 4
0.1338 4
0.1367 4
0.1395 4
0.1423 4
0.1452 4
0.1480 4
0.1508 4
0.1537 4
0.1565 4
0.1593 4
0.1621 4
0.1649 4
0.1677 4
0.1706 4
0.1734 4
0.1762 4
0.1790 4
0.1819 4
0.1847 4
0.1875 4
0.1903 4
0.1931 4
0.1960 4
0.1988 4
0.2016 4
0.2044 4
0.2075 4
0.2104 4
0.2132 4
0.2160 4
0.2188 4
0.2216 4
0.2245 4
0.2273 4
0.2301 4
0.2329 4
0.2357 4
0.2385 4
0.2413 4
0.2441 4
0.2470 4
0.2501 4
0.2531 4
0.2560 4
0.2588 4
0.2616 4
0.2645 4
0.2673 4
0.2701 4
0.2730 4
0.2759 4
0.2787 4
0.2816 4
0.2844 4
