0.0000 3
0.0033 3
0.0064 3
0.0094 3
0.0124 3
0.0154 3
0.0184 3
0.0214 3
0.0243 3
0.0273 3
0.0302 3
0.0331 3
0.0361 3
0.0391 3
0.0420 3
0.0449 3
0.0478 3
0.0508 3
0.0541 3
0.0571 3
0.0601 3
0.0630 3
0.0660 3
0.0690 3
0.0719 3
0.0749 3
0.0778 3
0.0807 3
0.0836 3
0.0866 3
0.0895 3
0.0925 3
0.0957 3
0.0987 3
0.1017 3
0.1047 3
0.1076 3
0.1105 3
0.1134 3
0.1163 3
0.1193 3
0.1222 3
0.1251 3
0.1281 3
0.1310 3
0.1340 3
0.1369 3
0.1398 3
0.1428 3
0.1457 3
0.1486 3
0.1515 3
0.1544 3
0.1574 3
0.1603 3
0.1632 3
0.1661 3
0.1690 3
0.1719 3
0.1749 3
0.1778 3
0.1807 3
0.1836 3
0.1865 3
0.1895 3
0.1924 3
0.1953 3
0.1984 3
0.2015 3
0.2045 3
0.2075 3
0.2105 3
0.2136 3
0.2166 3
0.2196 3
0.2226 3
0.2257 3
0.2286 3
0.2315 3
0.2344 3
0.2373 3
0.2402 3
0.2431 3
0.2460 3
0.2489 3
0.2518 3
0.2548 3
0.2577 3
0.2607 3
0.2636 3
0.2665 3
0.2694 3
0.2723 3
0.2752 3
0.2782 3
0.2811 3
0.2840 3
0.2869 3
0.2898 3
0.2927 3
0.2956 3
