0.0000 3
0.0026 3
0.0051 3
0.0075 3
0.0099 3
0.0123 3
0.0147 3
0.0172 3
0.0196 3
0.0219 3
0.0244 3
0.0267 3
0.0291 3
0.0316 3
0.0339 3
0.0363 3
0.0387 3
0.0411 3
0.0435 3
0.0458 3
0.0482 3
0.0506 3
0.0530 3
0.0553 3
0.0577 3
0.0601 3
0.0624 3
0.0648 3
0.0671 3
0.0695 3
0.0718 3
0.0741 3
0.0764 3
0.0787 3
0.0811 3
0.0834 3
0.0857 3
0.0880 3
0.0903 3
0.0927 3
0.0950 3
0.0973 3
0.0996 3
0.1020 3
0.1045 3
0.1069 3
0.1093 3
0.1116 3
0.1139 3
0.1162 3
0.1185 3
0.1208 3
0.1232 3
0.1255 3
0.1278 3
0.1301 3
0.1324 3
0.1347 3
0.1370 3
0.1394 3
0.1417 3
0.1442 3
0.1467 3
0.1492 3
0.1516 3
0.1539 3
0.1562 3
0.1585 3
0.1609 3
0.1633 3
0.1657 3
0.1680 3
0.1703 3
0.1729 3
0.1753 3
0.1776 3
0.1800 3
0.1823 3
0.1847 3
0.1870 3
0.1893 3
0.1916 3
0.1940 3
0.1963 3
0.1986 3
0.2009 3
0.2033 3
0.2056 3
0.2080 3
0.2103 3
0.2127 3
0.2150 3
0.2173 3
0.2196 3
0.2219 3
0.2242 3
0.2266 3
0.2289 3
0.2312 3
0.2335 3
0.2359 3
