0.0000 5
0.0017 4
0.0029 4
0.0056 4
0.0083 4
0.0108 4
0.0135 4
0.0161 4
0.0188 4
0.0214 4
0.0241 4
0.0267 4
0.0293 4
0.0319 4
0.0346 4
0.0372 4
0.0397 4
0.0423 4
0.0448 4
0.0474 4
0.0499 4
0.0524 4
0.0549 4
0.0575 4
0.0600 4
0.0626 4
0.0651 4
0.0676 4
0.0702 4
0.0727 4
0.0753 4
0.0778 4
0.0804 4
0.0829 4
0.0854 4
0.0880 4
0.0905 4
0.0930 4
0.0956 4
0.0981 4
0.1006 4
0.1032 4
0.1057 4
0.1083 4
0.1108 4
0.1133 4
0.1159 4
0.1184 4
0.1209 4
0.1235 4
0.1260 4
0.1286 4
0.1311 4
0.1336 4
0.1362 4
0.1387 4
0.1413 4
0.1438 4
0.1463 4
0.1489 4
0.1514 4
0.1539 4
0.1564 4
0.1589 4
0.1615 4
0.1640 4
0.1665 4
0.1691 4
0.1716 4
0.1742 4
0.1768 4
0.1794 4
0.1819 4
0.1846 4
0.1872 4
0.1898 4
0.1924 4
0.1949 4
0.1975 4
0.2001 4
0.2027 4
0.2053 4
0.2080 4
0.2105 4
0.2131 4
0.2157 4
0.2182 4
0.2208 4
0.2233 4
0.2259 4
0.2284 4
0.2309 4
0.2334 4
0.2360 4
0.2386 4
0.2412 4
0.2437 4
0.2463 4
0.2489 4
0.2514 4
0.2539 4
0.2565 4
