0.0000 4
0.0010 3
0.0032 3
0.0063 3
0.0094 3
0.0124 3
0.0153 3
0.0184 3
0.0214 3
0.0244 3
0.0275 3
0.0305 3
0.0336 3
0.0368 3
0.0399 3
0.0430 3
0.0460 3
0.0490 3
0.0520 3
0.0549 3
0.0580 3
0.0610 3
0.0640 3
0.0670 3
0.0700 3
0.0730 3
0.0759 3
0.0789 3
0.0819 3
0.0849 3
0.0878 3
0.0908 3
0.0938 3
0.0968 3
0.0997 3
0.1027 3
0.1057 3
0.1087 3
0.1117 3
0.1146 3
0.1176 3
0.1206 3
0.1236 3
0.1266 3
0.1296 3
0.1325 3
0.1355 3
0.1385 3
0.1415 3
0.1445 3
0.1475 3
0.1505 3
0.1535 3
0.1565 3
0.1594 3
0.1624 3
0.1654 3
0.1684 3
0.1714 3
0.1744 3
0.1774 3
0.1804 3
0.1834 3
0.1864 3
0.1895 3
0.1926 3
0.1957 3
0.1987 3
0.2017 3
0.2047 3
0.2077 3
0.2107 3
0.2137 3
0.2167 3
0.2196 3
0.2226 3
0.2256 3
0.2286 3
0.2316 3
0.2345 3
0.2375 3
0.2405 3
0.2435 3
0.2464 3
0.2494 3
0.2524 3
0.2554 3
0.2583 3
0.2613 3
0.2643 3
0.2672 3
0.2702 3
0.2731 3
0.2761 3
0.2791 3
0.2820 3
0.2850 3
0.2880 3
0.2910 3
0.2939 3
0.2969 3
0.2999 3
