0.0000 3
0.0011 2
0.0026 2
0.0049 2
0.0073 2
0.0097 2
0.0121 2
0.0145 2
0.0168 2
0.0192 2
0.0215 2
0.0239 2
0.0262 2
0.0284 2
0.0307 2
0.0330 2
0.0353 2
0.0376 2
0.0399 2
0.0422 2
0.0445 2
0.0468 2
0.0491 2
0.0514 2
0.0537 2
0.0560 2
0.0583 2
0.0606 2
0.0629 2
0.0652 2
0.0675 2
0.0698 2
0.0721 2
0.0745 2
0.0767 2
0.0790 2
0.0813 2
0.0836 2
0.0859 2
0.0882 2
0.0905 2
0.0928 2
0.0951 2
0.0974 2
0.0997 2
0.1020 2
0.1043 2
0.1068 2
0.1092 2
0.1115 2
0.1139 2
0.1162 2
0.1185 2
0.1208 2
0.1231 2
0.1254 2
0.1277 2
0.1300 2
0.1323 2
0.1346 2
0.1369 2
0.1392 2
0.1415 2
0.1438 2
0.1462 2
0.1487 2
0.1512 2
0.1535 2
0.1559 2
0.1582 2
0.1605 2
0.1629 2
0.1652 2
0.1675 2
0.1698 2
0.1721 2
0.1745 2
0.1768 2
0.1791 2
0.1814 2
0.1837 2
0.1860 2
0.1883 2
0.1906 2
0.1929 2
0.1952 2
0.1975 2
0.1998 2
0.2022 2
0.2045 2
0.2068 2
0.2091 2
0.2114 2
0.2137 2
0.2160 2
0.2183 2
0.2206 2
0.2229 2
0.2253 2
0.2276 2
0.2299 2
0.2322 2
