0.0000 5
0.0014 4
0.0037 4
0.0070 4
0.0102 4
0.0135 4
0.0167 4
0.0200 4
0.0232 4
0.0264 4
0.0296 4
0.0328 4
0.0360 4
0.0393 4
0.0425 4
0.0457 4
0.0489 4
0.0521 4
0.0553 4
0.0585 4
0.0617 4
0.0649 4
0.0680 4
0.0712 4
0.0744 4
0.0776 4
0.0808 4
0.0840 4
0.0872 4
0.0904 4
0.0936 4
0.0968 4
0.1000 4
0.1031 4
0.1063 4
0.1095 4
0.1127 4
0.1158 4
0.1190 4
0.1222 4
0.1254 4
0.1285 4
0.1317 4
0.1349 4
0.1381 4
0.1413 4
0.1444 4
0.1476 4
0.1508 4
0.1540 4
0.1572 4
0.1604 4
0.1636 4
0.1667 4
0.1699 4
0.1730 4
0.1762 4
0.1793 4
0.1825 4
0.1857 4
0.1888 4
0.1920 4
0.1952 4
0.1984 4
0.2015 4
0.2047 4
0.2080 4
0.2112 4
0.2143 4
0.2175 4
0.2207 4
0.2238 4
0.2270 4
0.2302 4
0.2333 4
0.2365 4
0.2396 4
0.2428 4
0.2460 4
0.2492 4
0.2523 4
0.2555 4
0.2587 4
0.2618 4
0.2650 4
0.2681 4
0.2713 4
0.2745 4
0.2776 4
0.2808 4
0.2840 4
0.2871 4
0.2903 4
0.2935 4
0.2966 4
0.2998 4
0.3030 4
0.3062 4
0.3093 4
0.3125 4
0.3157 4
0.3188 4
