0.0000 4
0.0027 4
0.0053 4
0.0072 3
0.0078 3
0.0103 3
0.0129 3
0.0153 3
0.0179 3
0.0204 3
0.0228 3
0.0253 3
0.0278 3
0.0302 3
0.0326 3
0.0351 3
0.0375 3
0.0399 3
0.0423 3
0.0448 3
0.0472 3
0.0496 3
0.0520 3
0.0545 3
0.0570 3
0.0594 3
0.0618 3
0.0644 3
0.0669 3
0.0694 3
0.0718 3
0.0743 3
0.0768 3
0.0792 3
0.0817 3
0.0841 3
0.0865 3
0.0891 3
0.0915 3
0.0939 3
0.0963 3
0.0987 3
0.1012 3
0.1036 3
0.1060 3
0.1085 3
0.1109 3
0.1133 3
0.1157 3
0.1181 3
0.1206 3
0.1230 3
0.1254 3
0.1278 3
0.1302 3
0.1326 3
0.1351 3
0.1375 3
0.1399 3
0.1423 3
0.1448 3
0.1472 3
0.1497 3
0.1521 3
0.1545 3
0.1572 3
0.1598 3
0.1622 3
0.1646 3
0.1671 3
0.1695 3
0.1719 3
0.1743 3
0.1768 3
0.1792 3
0.1816 3
0.1840 3
0.1864 3
0.1888 3
0.1912 3
0.1936 3
0.1961 3
0.1994 3
0.2036 3
0.2061 3
0.2086 3
0.2111 3
0.2135 3
0.2160 3
0.2185 3
0.2210 3
0.2235 3
0.2259 3
0.2284 3
0.2309 3
0.2333 3
0.2358 3
0.2382 3
0.2406 3
0.2431 3
0.2455 3
0.2479 3
0.2504 3
0.2528 3
