0.0000 6
0.0003 5
0.0033 5
0.0063 5
0.0093 5
0.0123 5
0.0153 5
0.0183 5
0.0212 5
0.0242 5
0.0271 5
0.0301 5
0.0331 5
0.0360 5
0.0390 5
0.0419 5
0.0449 5
0.0478 5
0.0507 5
0.0537 5
0.0566 5
0.0595 5
0.0625 5
0.0655 5
0.0684 5
0.0713 5
0.0743 5
0.0772 5
0.0801 5
0.0831 5
0.0860 5
0.0889 5
0.0918 5
0.0948 5
0.0977 5
0.1007 5
0.1036 5
0.1066 5
0.1095 5
0.1125 5
0.1154 5
0.1184 5
0.1213 5
0.1242 5
0.1272 5
0.1301 5
0.1330 5
0.1360 5
0.1389 5
0.1418 5
0.1448 5
0.1477 5
0.1507 5
0.1537 5
0.1567 5
0.1596 5
0.1626 5
0.1655 5
0.1684 5
0.1714 5
0.1743 5
0.1772 5
0.1802 5
0.1831 5
0.1861 5
0.1890 5
0.1919 5
0.1949 5
0.1978 5
0.2008 5
0.2037 5
0.2067 5
0.2097 5
0.2126 5
0.2156 5
0.2185 5
0.2214 5
0.2244 5
0.2273 5
0.2302 5
0.2332 5
0.2361 5
0.2391 5
0.2420 5
0.2451 5
0.2483 5
0.2516 5
0.2548 5
0.2580 5
0.2612 5
0.2644 5
0.2675 5
0.2706 5
0.2736 5
0.2766 5
0.2797 5
0.2827 5
0.2858 5
0.2887 5
0.2918 5
0.2949 5
0.2979 5
