0.0000 3
0.0036 3
0.0067 3
0.0097 3
0.0127 3
0.0157 3
0.0187 3
0.0217 3
0.0247 3
0.0277 3
0.0307 3
0.0336 3
0.0365 3
0.0394 3
0.0424 3
0.0453 3
0.0482 3
0.0511 3
0.0540 3
0.0570 3
0.0599 3
0.0628 3
0.0659 3
0.0689 3
0.0719 3
0.0748 3
0.0777 3
0.0807 3
0.0836 3
0.0865 3
0.0895 3
0.0924 3
0.0953 3
0.0983 3
0.1012 3
0.1041 3
0.1070 3
0.1100 3
0.1129 3
0.1158 3
0.1187 3
0.1216 3
0.1246 3
0.1276 3
0.1305 3
0.1334 3
0.1364 3
0.1394 3
0.1423 3
0.1453 3
0.1482 3
0.1511 3
0.1541 3
0.1570 3
0.1600 3
0.1629 3
0.1658 3
0.1687 3
0.1717 3
0.1746 3
0.1775 3
0.1804 3
0.1834 3
0.1863 3
0.1892 3
0.1922 3
0.1951 3
0.1980 3
0.2009 3
0.2038 3
0.2069 3
0.2098 3
0.2127 3
0.2157 3
0.2186 3
0.2215 3
0.2245 3
0.2274 3
0.2304 3
0.2333 3
0.2363 3
0.2393 3
0.2422 3
0.2451 3
0.2480 3
0.2509 3
0.2538 3
0.2569 3
0.2599 3
0.2633 3
0.2664 3
0.2693 3
0.2723 3
0.2753 3
0.2782 3
0.2811 3
0.2840 3
0.2870 3
0.2899 3
0.2928 3
0.2958 3
