0.0000 5
0.0009 4
0.0032 4
0.0061 4
0.0090 4
0.0119 4
0.0148 4
0.0177 4
0.0206 4
0.0235 4
0.0264 4
0.0293 4
0.0322 4
0.0351 4
0.0380 4
0.0409 4
0.0439 4
0.0468 4
0.0497 4
0.0527 4
0.0556 4
0.0584 4
0.0613 4
0.0642 4
0.0671 4
0.0699 4
0.0728 4
0.0757 4
0.0786 4
0.0815 4
0.0844 4
0.0873 4
0.0901 4
0.0930 4
0.0959 4
0.0989 4
0.1018 4
0.1047 4
0.1076 4
0.1105 4
0.1135 4
0.1164 4
0.1195 4
0.1224 4
0.1254 4
0.1283 4
0.1312 4
0.1340 4
0.1369 4
0.1397 4
0.1426 4
0.1455 4
0.1484 4
0.1512 4
0.1541 4
0.1569 4
0.1598 4
0.1627 4
0.1656 4
0.1685 4
0.1713 4
0.1742 4
0.1770 4
0.1799 4
0.1827 4
0.1856 4
0.1885 4
0.1913 4
0.1942 4
0.1971 4
0.1999 4
0.2028 4
0.2057 4
0.2086 4
0.2115 4
0.2144 4
0.2172 4
0.2201 4
0.2229 4
0.2258 4
0.2287 4
0.2315 4
0.2344 4
0.2373 4
0.2401 4
0.2430 4
0.2459 4
0.2487 4
0.2516 4
0.2545 4
0.2573 4
0.2602 4
0.2631 4
0.2659 4
0.2688 4
0.2717 4
0.2746 4
0.2774 4
0.2803 4
0.2832 4
0.2861 4
0.2891 4
