0.0000 3
0.0005 2
0.0026 2
0.0049 2
0.0073 2
0.0096 2
0.0119 2
0.0143 2
0.0165 2
0.0188 2
0.0211 2
0.0233 2
0.0256 2
0.0279 2
0.0302 2
0.0325 2
0.0349 2
0.0371 2
0.0395 2
0.0418 2
0.0441 2
0.0465 2
0.0487 2
0.0511 2
0.0533 2
0.0556 2
0.0579 2
0.0602 2
0.0625 2
0.0647 2
0.0670 2
0.0693 2
0.0715 2
0.0738 2
0.0760 2
0.0783 2
0.0805 2
0.0828 2
0.0850 2
0.0873 2
0.0896 2
0.0918 2
0.0941 2
0.0963 2
0.0986 2
0.1008 2
0.1032 2
0.1054 2
0.1077 2
0.1099 2
0.1122 2
0.1144 2
0.1167 2
0.1189 2
0.1212 2
0.1234 2
0.1257 2
0.1279 2
0.1302 2
0.1324 2
0.1347 2
0.1369 2
0.1392 2
0.1414 2
0.1438 2
0.1462 2
0.1486 2
0.1511 2
0.1535 2
0.1558 2
0.1582 2
0.1604 2
0.1628 2
0.1651 2
0.1675 2
0.1698 2
0.1721 2
0.1745 2
0.1767 2
0.1791 2
0.1813 2
0.1837 2
0.1860 2
0.1883 2
0.1907 2
0.1931 2
0.1955 2
0.1978 2
0.2001 2
0.2025 2
0.2048 2
0.2072 2
0.2095 2
0.2118 2
0.2142 2
0.2165 2
0.2188 2
0.2211 2
0.2234 2
0.2257 2
0.2280 2
0.2303 2
