0.0000 5
0.0023 4
0.0037 4
0.0070 4
0.0102 4
0.0135 4
0.0167 4
0.0199 4
0.0231 4
0.0263 4
0.0295 4
0.0327 4
0.0358 4
0.0390 4
0.0422 4
0.0454 4
0.0485 4
0.0517 4
0.0549 4
0.0581 4
0.0613 4
0.0644 4
0.0676 4
0.0708 4
0.0739 4
0.0771 4
0.0803 4
0.0834 4
0.0866 4
0.0898 4
0.0929 4
0.0961 4
0.0993 4
0.1024 4
0.1056 4
0.1088 4
0.1119 4
0.1151 4
0.1183 4
0.1215 4
0.1246 4
0.1278 4
0.1310 4
0.1341 4
0.1373 4
0.1405 4
0.1437 4
0.1469 4
0.1501 4
0.1532 4
0.1564 4
0.1596 4
0.1628 4
0.1660 4
0.1692 4
0.1723 4
0.1755 4
0.1787 4
0.1818 4
0.1850 4
0.1882 4
0.1914 4
0.1946 4
0.1977 4
0.2009 4
0.2040 4
0.2073 4
0.2105 4
0.2136 4
0.2168 4
0.2200 4
0.2232 4
0.2263 4
0.2295 4
0.2327 4
0.2358 4
0.2390 4
0.2422 4
0.2453 4
0.2485 4
0.2516 4
0.2548 4
0.2580 4
0.2611 4
0.2643 4
0.2674 4
0.2710 4
0.2741 4
0.2773 4
0.2805 4
0.2837 4
0.2868 4
0.2900 4
0.2932 4
0.2963 4
0.2996 4
0.3027 4
0.3059 4
0.3090 4
0.3122 4
0.3154 4
0.3185 4
