0.0000 3
0.0013 2
0.0032 2
0.0055 2
0.0078 2
0.0102 2
0.0125 2
0.0148 2
0.0172 2
0.0195 2
0.0219 2
0.0241 2
0.0264 2
0.0287 2
0.0310 2
0.0333 2
0.0355 2
0.0378 2
0.0401 2
0.0424 2
0.0448 2
0.0471 2
0.0494 2
0.0517 2
0.0540 2
0.0564 2
0.0586 2
0.0610 2
0.0633 2
0.0656 2
0.0680 2
0.0703 2
0.0726 2
0.0749 2
0.0772 2
0.0795 2
0.0818 2
0.0840 2
0.0863 2
0.0886 2
0.0909 2
0.0932 2
0.0955 2
0.0978 2
0.1000 2
0.1023 2
0.1046 2
0.1068 2
0.1092 2
0.1114 2
0.1137 2
0.1160 2
0.1183 2
0.1206 2
0.1228 2
0.1251 2
0.1273 2
0.1296 2
0.1318 2
0.1341 2
0.1364 2
0.1386 2
0.1409 2
0.1432 2
0.1454 2
0.1477 2
0.1499 2
0.1522 2
0.1545 2
0.1567 2
0.1590 2
0.1612 2
0.1635 2
0.1658 2
0.1680 2
0.1703 2
0.1726 2
0.1749 2
0.1771 2
0.1794 2
0.1817 2
0.1840 2
0.1862 2
0.1885 2
0.1907 2
0.1930 2
0.1953 2
0.1976 2
0.1999 2
0.2021 2
0.2044 2
0.2067 2
0.2091 2
0.2113 2
0.2136 2
0.2158 2
0.2181 2
0.2204 2
0.2226 2
0.2249 2
0.2271 2
0.2294 2
