0.0000 6
0.0034 6
0.0060 6
0.0085 6
0.0111 6
0.0137 6
0.0163 6
0.0189 6
0.0214 6
0.0240 6
0.0265 5
0.0265 5
0.0290 5
0.0315 5
0.0341 5
0.0366 5
0.0391 5
0.0416 5
0.0441 5
0.0466 5
0.0492 5
0.0517 5
0.0542 5
0.0568 5
0.0593 5
0.0618 5
0.0643 5
0.0668 5
0.0693 5
0.0718 5
0.0743 5
0.0768 5
0.0793 5
0.0819 5
0.0844 5
0.0869 5
0.0894 5
0.0919 5
0.0945 5
0.0970 5
0.0995 5
0.1021 5
0.1046 5
0.1071 5
0.1096 5
0.1121 5
0.1147 5
0.1172 5
0.1197 5
0.1222 5
0.1247 5
0.1272 5
0.1297 5
0.1322 5
0.1348 5
0.1373 5
0.1398 5
0.1426 5
0.1451 5
0.1476 5
0.1501 5
0.1526 5
0.1552 5
0.1577 5
0.1602 5
0.1627 5
0.1652 5
0.1677 5
0.1702 5
0.1727 5
0.1752 5
0.1778 5
0.1803 5
0.1829 5
0.1854 5
0.1880 5
0.1906 5
0.1931 5
0.1958 5
0.1983 5
0.2008 5
0.2034 5
0.2059 5
0.2085 5
0.2110 5
0.2135 5
0.2160 5
0.2185 5
0.2211 5
0.2236 5
0.2261 5
0.2286 5
0.2311 5
0.2336 5
0.2361 5
0.2386 5
0.2411 5
0.2436 5
0.2461 5
0.2486 5
0.2511 5
0.2537 5
0.2562 5
0.2587 5
0.2612 5
0.2637 5
0.2662 5
0.2687 5
0.2712 5
0.2737 5
0.2762 5
0.2788 5
