0.0000 5
0.0031 5
0.0061 5
0.0085 4
0.0091 4
0.0120 4
0.0149 4
0.0178 4
0.0207 4
0.0236 4
0.0265 4
0.0294 4
0.0323 4
0.0351 4
0.0380 4
0.0409 4
0.0437 4
0.0466 4
0.0494 4
0.0523 4
0.0552 4
0.0580 4
0.0609 4
0.0638 4
0.0666 4
0.0695 4
0.0724 4
0.0752 4
0.0781 4
0.0810 4
0.0838 4
0.0867 4
0.0896 4
0.0925 4
0.0954 4
0.0983 4
0.1012 4
0.1044 4
0.1074 4
0.1104 4
0.1135 4
0.1165 4
0.1195 4
0.1225 4
0.1254 4
0.1285 4
0.1314 4
0.1344 4
0.1374 4
0.1403 4
0.1432 4
0.1462 4
0.1492 4
0.1522 4
0.1551 4
0.1580 4
0.1610 4
0.1639 4
0.1668 4
0.1698 4
0.1727 4
0.1756 4
0.1785 4
0.1815 4
0.1843 4
0.1872 4
0.1900 4
0.1929 4
0.1957 4
0.1986 4
0.2015 4
0.2043 4
0.2072 4
0.2101 4
0.2130 4
0.2159 4
0.2187 4
0.2216 4
0.2245 4
0.2273 4
0.2302 4
0.2331 4
0.2359 4
0.2388 4
0.2417 4
0.2445 4
0.2474 4
0.2503 4
0.2531 4
0.2560 4
0.2588 4
0.2617 4
0.2645 4
0.2674 4
0.2702 4
0.2731 4
0.2759 4
0.2788 4
0.2817 4
0.2846 4
0.2875 4
0.2903 4
0.2933 4
0.2962 4
