0.0000 6
0.0030 6
0.0057 6
0.0084 6
0.0110 6
0.0137 6
0.0164 6
0.0190 6
0.0216 6
0.0243 6
0.0269 6
0.0295 6
0.0310 5
0.0321 5
0.0353 5
0.0379 5
0.0405 5
0.0431 5
0.0457 5
0.0482 5
0.0508 5
0.0534 5
0.0559 5
0.0585 5
0.0611 5
0.0636 5
0.0662 5
0.0688 5
0.0713 5
0.0739 5
0.0765 5
0.0790 5
0.0816 5
0.0842 5
0.0867 5
0.0893 5
0.0919 5
0.0944 5
0.0970 5
0.0996 5
0.1022 5
0.1047 5
0.1074 5
0.1099 5
0.1126 5
0.1151 5
0.1177 5
0.1204 5
0.1230 5
0.1256 5
0.1282 5
0.1308 5
0.1334 5
0.1361 5
0.1386 5
0.1411 5
0.1438 5
0.1463 5
0.1489 5
0.1515 5
0.1540 5
0.1566 5
0.1592 5
0.1617 5
0.1643 5
0.1668 5
0.1694 5
0.1720 5
0.1745 5
0.1772 5
0.1797 5
0.1823 5
0.1849 5
0.1874 5
0.1900 5
0.1927 5
0.1952 5
0.1978 5
0.2004 5
0.2029 5
0.2055 5
0.2081 5
0.2107 5
0.2132 5
0.2158 5
0.2183 5
0.2209 5
0.2234 5
0.2260 5
0.2285 5
0.2311 5
0.2337 5
0.2362 5
0.2388 5
0.2413 5
0.2439 5
0.2465 5
0.2490 5
0.2516 5
0.2541 5
0.2567 5
0.2593 5
0.2619 5
0.2644 5
0.2670 5
0.2695 5
0.2721 5
0.2747 5
0.2772 5
0.2798 5
0.2824 5
0.2849 5
0.2875 5
