0.0000 4
0.0030 4
0.0036 3
0.0055 3
0.0080 3
0.0104 3
0.0129 3
0.0154 3
0.0178 3
0.0202 3
0.0227 3
0.0252 3
0.0276 3
0.0301 3
0.0325 3
0.0349 3
0.0374 3
0.0398 3
0.0422 3
0.0447 3
0.0471 3
0.0495 3
0.0519 3
0.0544 3
0.0568 3
0.0592 3
0.0616 3
0.0641 3
0.0665 3
0.0689 3
0.0714 3
0.0738 3
0.0762 3
0.0786 3
0.0811 3
0.0835 3
0.0859 3
0.0884 3
0.0908 3
0.0932 3
0.0957 3
0.0981 3
0.1005 3
0.1029 3
0.1053 3
0.1078 3
0.1102 3
0.1126 3
0.1150 3
0.1175 3
0.1201 3
0.1225 3
0.1249 3
0.1274 3
0.1298 3
0.1323 3
0.1347 3
0.1371 3
0.1395 3
0.1419 3
0.1443 3
0.1467 3
0.1491 3
0.1516 3
0.1540 3
0.1565 3
0.1590 3
0.1616 3
0.1643 3
0.1667 3
0.1691 3
0.1716 3
0.1740 3
0.1765 3
0.1790 3
0.1814 3
0.1839 3
0.1863 3
0.1887 3
0.1912 3
0.1936 3
0.1960 3
0.1985 3
0.2009 3
0.2034 3
0.2058 3
0.2082 3
0.2107 3
0.2131 3
0.2155 3
0.2179 3
0.2203 3
0.2227 3
0.2251 3
0.2275 3
0.2300 3
0.2324 3
0.2348 3
0.2372 3
0.2397 3
0.2420 3
0.2444 3
0.2468 3
