0.0000 3
0.0028 3
0.0035 2
0.0051 2
0.0075 2
0.0099 2
0.0122 2
0.0145 2
0.0168 2
0.0192 2
0.0214 2
0.0237 2
0.0260 2
0.0283 2
0.0306 2
0.0329 2
0.0352 2
0.0374 2
0.0397 2
0.0420 2
0.0443 2
0.0465 2
0.0488 2
0.0511 2
0.0534 2
0.0557 2
0.0580 2
0.0603 2
0.0626 2
0.0648 2
0.0671 2
0.0694 2
0.0717 2
0.0740 2
0.0762 2
0.0785 2
0.0808 2
0.0831 2
0.0854 2
0.0876 2
0.0899 2
0.0922 2
0.0945 2
0.0968 2
0.0991 2
0.1014 2
0.1036 2
0.1059 2
0.1082 2
0.1105 2
0.1128 2
0.1151 2
0.1174 2
0.1197 2
0.1220 2
0.1243 2
0.1267 2
0.1290 2
0.1313 2
0.1336 2
0.1359 2
0.1382 2
0.1405 2
0.1428 2
0.1451 2
0.1474 2
0.1497 2
0.1519 2
0.1542 2
0.1565 2
0.1588 2
0.1611 2
0.1633 2
0.1657 2
0.1681 2
0.1705 2
0.1728 2
0.1751 2
0.1775 2
0.1798 2
0.1822 2
0.1844 2
0.1868 2
0.1891 2
0.1914 2
0.1937 2
0.1960 2
0.1983 2
0.2005 2
0.2028 2
0.2051 2
0.2074 2
0.2097 2
0.2120 2
0.2142 2
0.2165 2
0.2188 2
0.2211 2
0.2234 2
0.2257 2
0.2279 2
0.2302 2
0.2325 2
