0.0000 3
0.0006 2
0.0031 2
0.0060 2
0.0091 2
0.0120 2
0.0149 2
0.0178 2
0.0207 2
0.0235 2
0.0263 2
0.0292 2
0.0320 2
0.0348 2
0.0377 2
0.0405 2
0.0434 2
0.0463 2
0.0491 2
0.0519 2
0.0548 2
0.0576 2
0.0604 2
0.0632 2
0.0660 2
0.0688 2
0.0716 2
0.0745 2
0.0773 2
0.0801 2
0.0829 2
0.0858 2
0.0886 2
0.0914 2
0.0942 2
0.0970 2
0.0998 2
0.1026 2
0.1054 2
0.1082 2
0.1111 2
0.1139 2
0.1167 2
0.1195 2
0.1223 2
0.1251 2
0.1279 2
0.1307 2
0.1335 2
0.1364 2
0.1392 2
0.1420 2
0.1448 2
0.1476 2
0.1504 2
0.1532 2
0.1560 2
0.1588 2
0.1619 2
0.1648 2
0.1676 2
0.1705 2
0.1733 2
0.1762 2
0.1790 2
0.1819 2
0.1847 2
0.1876 2
0.1904 2
0.1932 2
0.1960 2
0.1988 2
0.2017 2
0.2049 2
0.2079 2
0.2108 2
0.2136 2
0.2164 2
0.2192 2
0.2221 2
0.2249 2
0.2277 2
0.2305 2
0.2333 2
0.2361 2
0.2390 2
0.2418 2
0.2446 2
0.2474 2
0.2503 2
0.2531 2
0.2559 2
0.2587 2
0.2615 2
0.2643 2
0.2671 2
0.2699 2
0.2727 2
0.2755 2
0.2783 2
0.2811 2
0.2839 2
