0.0000 4
0.0031 4
0.0040 3
0.0056 3
0.0081 3
0.0105 3
0.0130 3
0.0155 3
0.0180 3
0.0205 3
0.0229 3
0.0253 3
0.0277 3
0.0301 3
0.0325 3
0.0349 3
0.0374 3
0.0398 3
0.0422 3
0.0445 3
0.0469 3
0.0493 3
0.0517 3
0.0541 3
0.0565 3
0.0589 3
0.0613 3
0.0637 3
0.0661 3
0.0685 3
0.0709 3
0.0733 3
0.0757 3
0.0781 3
0.0805 3
0.0829 3
0.0854 3
0.0878 3
0.0902 3
0.0926 3
0.0950 3
0.0974 3
0.0998 3
0.1022 3
0.1046 3
0.1069 3
0.1093 3
0.1117 3
0.1141 3
0.1165 3
0.1189 3
0.1213 3
0.1237 3
0.1261 3
0.1285 3
0.1309 3
0.1333 3
0.1357 3
0.1381 3
0.1405 3
0.1429 3
0.1452 3
0.1477 3
0.1501 3
0.1526 3
0.1550 3
0.1574 3
0.1598 3
0.1623 3
0.1647 3
0.1671 3
0.1695 3
0.1719 3
0.1743 3
0.1767 3
0.1791 3
0.1815 3
0.1839 3
0.1863 3
0.1887 3
0.1911 3
0.1935 3
0.1959 3
0.1983 3
0.2007 3
0.2031 3
0.2055 3
0.2079 3
0.2103 3
0.2128 3
0.2152 3
0.2176 3
0.2200 3
0.2224 3
0.2248 3
0.2272 3
0.2296 3
0.2320 3
0.2344 3
0.2368 3
0.2392 3
0.2416 3
0.2440 3
