0.0000 5
0.0022 4
0.0036 4
0.0069 4
0.0102 4
0.0134 4
0.0166 4
0.0201 4
0.0234 4
0.0267 4
0.0299 4
0.0331 4
0.0363 4
0.0395 4
0.0427 4
0.0458 4
0.0491 4
0.0523 4
0.0555 4
0.0586 4
0.0618 4
0.0650 4
0.0682 4
0.0714 4
0.0746 4
0.0778 4
0.0809 4
0.0841 4
0.0873 4
0.0905 4
0.0937 4
0.0969 4
0.1001 4
0.1032 4
0.1064 4
0.1096 4
0.1128 4
0.1159 4
0.1191 4
0.1223 4
0.1255 4
0.1287 4
0.1319 4
0.1351 4
0.1382 4
0.1414 4
0.1446 4
0.1478 4
0.1510 4
0.1542 4
0.1574 4
0.1605 4
0.1637 4
0.1669 4
0.1701 4
0.1733 4
0.1764 4
0.1796 4
0.1828 4
0.1861 4
0.1892 4
0.1924 4
0.1956 4
0.1988 4
0.2020 4
0.2052 4
0.2084 4
0.2116 4
0.2148 4
0.2180 4
0.2211 4
0.2243 4
0.2275 4
0.2306 4
0.2338 4
0.2370 4
0.2402 4
0.2434 4
0.2465 4
0.2497 4
0.2529 4
0.2561 4
0.2592 4
0.2624 4
0.2656 4
0.2688 4
0.2719 4
0.2751 4
0.2783 4
0.2815 4
0.2846 4
0.2879 4
0.2911 4
0.2943 4
0.2975 4
0.3007 4
0.3039 4
0.3071 4
0.3103 4
0.3134 4
0.3166 4
0.3198 4
