0.0000 5
0.0032 5
0.0063 5
0.0094 5
0.0124 5
0.0154 5
0.0183 5
0.0213 5
0.0242 5
0.0272 5
0.0301 5
0.0330 5
0.0360 5
0.0389 5
0.0418 5
0.0448 5
0.0477 5
0.0506 5
0.0537 5
0.0566 5
0.0595 5
0.0625 5
0.0654 5
0.0683 5
0.0712 5
0.0742 5
0.0771 5
0.0800 5
0.0829 5
0.0858 5
0.0887 5
0.0917 5
0.0946 5
0.0975 5
0.1004 5
0.1033 5
0.1062 5
0.1092 5
0.1121 5
0.1150 5
0.1179 5
0.1208 5
0.1238 5
0.1267 5
0.1296 5
0.1325 5
0.1354 5
0.1384 5
0.1413 5
0.1442 5
0.1471 5
0.1500 5
0.1529 5
0.1558 5
0.1588 5
0.1617 5
0.1646 5
0.1675 5
0.1705 5
0.1734 5
0.1763 5
0.1792 5
0.1821 5
0.1850 5
0.1879 5
0.1909 5
0.1938 5
0.1970 5
0.2000 5
0.2029 5
0.2059 5
0.2089 5
0.2118 5
0.2147 5
0.2176 5
0.2205 5
0.2234 5
0.2263 5
0.2292 5
0.2321 5
0.2351 5
0.2383 5
0.2414 5
0.2444 5
0.2473 5
0.2503 5
0.2532 5
0.2562 5
0.2591 5
0.2620 5
0.2650 5
0.2679 5
0.2709 5
0.2738 5
0.2767 5
0.2797 5
0.2826 5
0.2855 5
0.2885 5
0.2914 5
0.2943 5
