0.0000 3
0.0034 3
0.0063 3
0.0093 3
0.0124 3
0.0154 3
0.0183 3
0.0213 3
0.0242 3
0.0272 3
0.0301 3
0.0331 3
0.0360 3
0.0389 3
0.0419 3
0.0448 3
0.0478 3
0.0507 3
0.0536 3
0.0565 3
0.0595 3
0.0624 3
0.0654 3
0.0683 3
0.0714 3
0.0743 3
0.0772 3
0.0802 3
0.0831 3
0.0861 3
0.0890 3
0.0920 3
0.0949 3
0.0978 3
0.1008 3
0.1038 3
0.1067 3
0.1097 3
0.1126 3
0.1156 3
0.1185 3
0.1214 3
0.1243 3
0.1273 3
0.1302 3
0.1331 3
0.1360 3
0.1389 3
0.1418 3
0.1448 3
0.1477 3
0.1506 3
0.1535 3
0.1565 3
0.1594 3
0.1623 3
0.1653 3
0.1682 3
0.1712 3
0.1741 3
0.1771 3
0.1800 3
0.1829 3
0.1859 3
0.1888 3
0.1917 3
0.1947 3
0.1976 3
0.2006 3
0.2035 3
0.2065 3
0.2095 3
0.2124 3
0.2153 3
0.2183 3
0.2212 3
0.2242 3
0.2271 3
0.2300 3
0.2330 3
0.2359 3
0.2388 3
0.2418 3
0.2447 3
0.2477 3
0.2506 3
0.2535 3
0.2565 3
0.2594 3
0.2623 3
0.2653 3
0.2682 3
0.2711 3
0.2740 3
0.2770 3
0.2799 3
0.2828 3
0.2857 3
0.2887 3
0.2916 3
0.2945 3
