0.0000 3
0.0003 2
0.0025 2
0.0048 2
0.0071 2
0.0095 2
0.0117 2
0.0141 2
0.0163 2
0.0187 2
0.0210 2
0.0233 2
0.0256 2
0.0278 2
0.0301 2
0.0323 2
0.0346 2
0.0369 2
0.0392 2
0.0415 2
0.0438 2
0.0461 2
0.0483 2
0.0506 2
0.0529 2
0.0551 2
0.0574 2
0.0596 2
0.0619 2
0.0641 2
0.0664 2
0.0686 2
0.0709 2
0.0731 2
0.0754 2
0.0776 2
0.0799 2
0.0821 2
0.0844 2
0.0866 2
0.0889 2
0.0912 2
0.0935 2
0.0957 2
0.0980 2
0.1002 2
0.1025 2
0.1048 2
0.1070 2
0.1093 2
0.1115 2
0.1138 2
0.1160 2
0.1183 2
0.1206 2
0.1228 2
0.1251 2
0.1273 2
0.1296 2
0.1318 2
0.1341 2
0.1363 2
0.1386 2
0.1408 2
0.1431 2
0.1453 2
0.1476 2
0.1498 2
0.1521 2
0.1543 2
0.1566 2
0.1588 2
0.1611 2
0.1633 2
0.1656 2
0.1678 2
0.1701 2
0.1723 2
0.1746 2
0.1768 2
0.1791 2
0.1813 2
0.1836 2
0.1858 2
0.1881 2
0.1904 2
0.1926 2
0.1950 2
0.1973 2
0.1995 2
0.2019 2
0.2041 2
0.2064 2
0.2087 2
0.2110 2
0.2133 2
0.2156 2
0.2179 2
0.2202 2
0.2224 2
0.2246 2
0.2269 2
