0.0000 5
0.0003 4
0.0039 4
0.0068 4
0.0097 4
0.0127 4
0.0156 4
0.0184 4
0.0213 4
0.0242 4
0.0271 4
0.0300 4
0.0329 4
0.0358 4
0.0387 4
0.0416 4
0.0445 4
0.0474 4
0.0503 4
0.0531 4
0.0560 4
0.0589 4
0.0618 4
0.0647 4
0.0675 4
0.0704 4
0.0733 4
0.0761 4
0.0790 4
0.0819 4
0.0847 4
0.0876 4
0.0905 4
0.0933 4
0.0962 4
0.0991 4
0.1020 4
0.1049 4
0.1077 4
0.1106 4
0.1135 4
0.1164 4
0.1193 4
0.1222 4
0.1250 4
0.1279 4
0.1309 4
0.1337 4
0.1366 4
0.1394 4
0.1423 4
0.1452 4
0.1481 4
0.1509 4
0.1538 4
0.1567 4
0.1595 4
0.1628 4
0.1658 4
0.1688 4
0.1719 4
0.1749 4
0.1778 4
0.1808 4
0.1838 4
0.1868 4
0.1897 4
0.1926 4
0.1956 4
0.1986 4
0.2015 4
0.2046 4
0.2076 4
0.2106 4
0.2135 4
0.2164 4
0.2194 4
0.2224 4
0.2253 4
0.2282 4
0.2311 4
0.2339 4
0.2368 4
0.2397 4
0.2426 4
0.2455 4
0.2484 4
0.2513 4
0.2542 4
0.2571 4
0.2600 4
0.2629 4
0.2658 4
0.2687 4
0.2716 4
0.2745 4
0.2773 4
0.2802 4
0.2831 4
0.2860 4
0.2888 4
0.2917 4
