0.0000 3
0.0032 2
0.0036 2
0.0064 2
0.0091 2
0.0119 2
0.0147 2
0.0174 2
0.0201 2
0.0229 2
0.0255 2
0.0282 2
0.0309 2
0.0336 2
0.0363 2
0.0390 2
0.0417 2
0.0443 2
0.0471 2
0.0498 2
0.0525 2
0.0553 2
0.0579 2
0.0606 2
0.0634 2
0.0661 2
0.0688 2
0.0714 2
0.0741 2
0.0768 2
0.0795 2
0.0821 2
0.0848 2
0.0875 2
0.0901 2
0.0928 2
0.0955 2
0.0982 2
0.1009 2
0.1036 2
0.1062 2
0.1089 2
0.1116 2
0.1143 2
0.1169 2
0.1196 2
0.1224 2
0.1250 2
0.1277 2
0.1304 2
0.1331 2
0.1358 2
0.1385 2
0.1412 2
0.1438 2
0.1465 2
0.1492 2
0.1520 2
0.1548 2
0.1576 2
0.1603 2
0.1630 2
0.1657 2
0.1685 2
0.1713 2
0.1740 2
0.1767 2
0.1794 2
0.1821 2
0.1850 2
0.1879 2
0.1906 2
0.1933 2
0.1959 2
0.1986 2
0.2013 2
0.2040 2
0.2067 2
0.2093 2
0.2120 2
0.2147 2
0.2174 2
0.2201 2
0.2227 2
0.2255 2
0.2284 2
0.2313 2
0.2340 2
0.2367 2
0.2394 2
0.2421 2
0.2447 2
0.2474 2
0.2501 2
0.2528 2
0.2555 2
0.2582 2
0.2609 2
0.2636 2
0.2663 2
0.2690 2
0.2717 2
