0.0000 5
0.0004 4
0.0033 4
0.0059 4
0.0086 4
0.0112 4
0.0139 4
0.0165 4
0.0191 4
0.0218 4
0.0244 4
0.0270 4
0.0296 4
0.0322 4
0.0347 4
0.0373 4
0.0399 4
0.0425 4
0.0451 4
0.0476 4
0.0502 4
0.0528 4
0.0554 4
0.0580 4
0.0605 4
0.0631 4
0.0656 4
0.0682 4
0.0708 4
0.0733 4
0.0759 4
0.0785 4
0.0810 4
0.0836 4
0.0861 4
0.0887 4
0.0913 4
0.0938 4
0.0964 4
0.0989 4
0.1015 4
0.1040 4
0.1066 4
0.1092 4
0.1117 4
0.1143 4
0.1169 4
0.1194 4
0.1220 4
0.1245 4
0.1271 4
0.1297 4
0.1322 4
0.1348 4
0.1374 4
0.1399 4
0.1425 4
0.1450 4
0.1476 4
0.1502 4
0.1527 4
0.1553 4
0.1578 4
0.1604 4
0.1629 4
0.1655 4
0.1680 4
0.1706 4
0.1731 4
0.1757 4
0.1783 4
0.1809 4
0.1834 4
0.1860 4
0.1885 4
0.1911 4
0.1936 4
0.1962 4
0.1987 4
0.2013 4
0.2038 4
0.2065 4
0.2090 4
0.2115 4
0.2141 4
0.2166 4
0.2192 4
0.2217 4
0.2243 4
0.2269 4
0.2294 4
0.2320 4
0.2345 4
0.2371 4
0.2397 4
0.2422 4
0.2448 4
0.2473 4
0.2499 4
0.2525 4
0.2550 4
0.2576 4
