0.0000 4
0.0019 3
0.0030 3
0.0054 3
0.0079 3
0.0104 3
0.0128 3
0.0153 3
0.0177 3
0.0202 3
0.0226 3
0.0250 3
0.0275 3
0.0299 3
0.0324 3
0.0348 3
0.0372 3
0.0396 3
0.0421 3
0.0445 3
0.0469 3
0.0493 3
0.0518 3
0.0542 3
0.0566 3
0.0590 3
0.0614 3
0.0638 3
0.0662 3
0.0686 3
0.0710 3
0.0734 3
0.0758 3
0.0782 3
0.0806 3
0.0830 3
0.0854 3
0.0878 3
0.0902 3
0.0926 3
0.0950 3
0.0974 3
0.0997 3
0.1021 3
0.1045 3
0.1069 3
0.1093 3
0.1117 3
0.1142 3
0.1166 3
0.1190 3
0.1214 3
0.1238 3
0.1262 3
0.1286 3
0.1310 3
0.1334 3
0.1358 3
0.1382 3
0.1406 3
0.1430 3
0.1454 3
0.1479 3
0.1503 3
0.1527 3
0.1551 3
0.1575 3
0.1599 3
0.1623 3
0.1647 3
0.1671 3
0.1695 3
0.1719 3
0.1743 3
0.1767 3
0.1791 3
0.1815 3
0.1839 3
0.1862 3
0.1886 3
0.1910 3
0.1934 3
0.1958 3
0.1982 3
0.2006 3
0.2030 3
0.2054 3
0.2079 3
0.2102 3
0.2126 3
0.2152 3
0.2175 3
0.2200 3
0.2224 3
0.2249 3
0.2273 3
0.2298 3
0.2322 3
0.2347 3
0.2371 3
0.2396 3
0.2420 3
