0.0000 3
0.0033 3
0.0063 3
0.0094 3
0.0124 3
0.0154 3
0.0183 3
0.0213 3
0.0242 3
0.0272 3
0.0301 3
0.0330 3
0.0360 3
0.0389 3
0.0419 3
0.0448 3
0.0477 3
0.0507 3
0.0537 3
0.0566 3
0.0595 3
0.0625 3
0.0654 3
0.0683 3
0.0713 3
0.0742 3
0.0772 3
0.0801 3
0.0831 3
0.0860 3
0.0889 3
0.0918 3
0.0948 3
0.0977 3
0.1006 3
0.1036 3
0.1069 3
0.1098 3
0.1128 3
0.1158 3
0.1187 3
0.1216 3
0.1246 3
0.1275 3
0.1304 3
0.1334 3
0.1363 3
0.1392 3
0.1422 3
0.1451 3
0.1480 3
0.1510 3
0.1539 3
0.1568 3
0.1598 3
0.1627 3
0.1656 3
0.1685 3
0.1715 3
0.1744 3
0.1773 3
0.1803 3
0.1832 3
0.1861 3
0.1891 3
0.1920 3
0.1949 3
0.1978 3
0.2007 3
0.2037 3
0.2067 3
0.2096 3
0.2125 3
0.2155 3
0.2184 3
0.2213 3
0.2242 3
0.2271 3
0.2301 3
0.2330 3
0.2359 3
0.2388 3
0.2418 3
0.2447 3
0.2476 3
0.2506 3
0.2535 3
0.2564 3
0.2593 3
0.2623 3
0.2652 3
0.2681 3
0.2710 3
0.2740 3
0.2769 3
0.2799 3
0.2829 3
0.2858 3
0.2888 3
0.2917 3
0.2946 3
