0.0000 4
0.0039 4
0.0053 3
0.0069 3
0.0095 3
0.0120 3
0.0145 3
0.0169 3
0.0194 3
0.0218 3
0.0243 3
0.0267 3
0.0291 3
0.0316 3
0.0340 3
0.0364 3
0.0389 3
0.0413 3
0.0437 3
0.0462 3
0.0486 3
0.0510 3
0.0535 3
0.0559 3
0.0583 3
0.0607 3
0.0632 3
0.0656 3
0.0680 3
0.0705 3
0.0729 3
0.0753 3
0.0777 3
0.0801 3
0.0825 3
0.0850 3
0.0874 3
0.0898 3
0.0922 3
0.0946 3
0.0970 3
0.0994 3
0.1018 3
0.1042 3
0.1066 3
0.1091 3
0.1115 3
0.1139 3
0.1163 3
0.1188 3
0.1212 3
0.1236 3
0.1260 3
0.1284 3
0.1308 3
0.1332 3
0.1356 3
0.1380 3
0.1404 3
0.1428 3
0.1452 3
0.1476 3
0.1500 3
0.1524 3
0.1548 3
0.1572 3
0.1596 3
0.1620 3
0.1644 3
0.1668 3
0.1692 3
0.1716 3
0.1740 3
0.1764 3
0.1789 3
0.1813 3
0.1837 3
0.1861 3
0.1885 3
0.1909 3
0.1933 3
0.1958 3
0.1982 3
0.2006 3
0.2030 3
0.2054 3
0.2078 3
0.2104 3
0.2128 3
0.2154 3
0.2178 3
0.2203 3
0.2228 3
0.2252 3
0.2276 3
0.2300 3
0.2325 3
0.2349 3
0.2373 3
0.2397 3
0.2421 3
0.2445 3
0.2469 3
