0.0000 4
0.0032 4
0.0057 4
0.0082 4
0.0108 4
0.0133 4
0.0159 4
0.0184 4
0.0209 4
0.0235 4
0.0260 4
0.0285 4
0.0309 4
0.0334 4
0.0359 4
0.0383 4
0.0408 4
0.0433 4
0.0457 4
0.0482 4
0.0508 4
0.0532 4
0.0557 4
0.0582 4
0.0607 4
0.0632 4
0.0656 4
0.0681 4
0.0706 4
0.0730 4
0.0755 4
0.0780 4
0.0804 4
0.0829 4
0.0854 4
0.0878 4
0.0903 4
0.0928 4
0.0952 4
0.0977 4
0.1002 4
0.1027 4
0.1051 4
0.1076 4
0.1101 4
0.1125 4
0.1150 4
0.1175 4
0.1199 4
0.1225 4
0.1249 4
0.1274 4
0.1298 4
0.1323 4
0.1347 4
0.1372 4
0.1396 4
0.1421 4
0.1445 4
0.1470 4
0.1495 4
0.1519 4
0.1545 4
0.1571 4
0.1596 4
0.1621 4
0.1646 4
0.1670 4
0.1695 4
0.1719 4
0.1744 4
0.1768 4
0.1793 4
0.1817 4
0.1842 4
0.1866 4
0.1891 4
0.1916 4
0.1940 4
0.1965 4
0.1989 4
0.2014 4
0.2039 4
0.2064 4
0.2089 4
0.2114 4
0.2138 4
0.2163 4
0.2188 4
0.2213 4
0.2237 4
0.2262 4
0.2286 4
0.2311 4
0.2335 4
0.2360 4
0.2384 4
0.2408 4
0.2433 4
0.2457 4
0.2482 4
