0.0000 3
0.0003 2
0.0029 2
0.0056 2
0.0084 2
0.0111 2
0.0138 2
0.0166 2
0.0193 2
0.0220 2
0.0247 2
0.0274 2
0.0301 2
0.0328 2
0.0355 2
0.0382 2
0.0409 2
0.0436 2
0.0463 2
0.0490 2
0.0517 2
0.0544 2
0.0571 2
0.0598 2
0.0625 2
0.0652 2
0.0679 2
0.0706 2
0.0733 2
0.0760 2
0.0787 2
0.0814 2
0.0841 2
0.0867 2
0.0894 2
0.0921 2
0.0948 2
0.0975 2
0.1002 2
0.1028 2
0.1055 2
0.1082 2
0.1109 2
0.1136 2
0.1163 2
0.1190 2
0.1217 2
0.1244 2
0.1271 2
0.1298 2
0.1324 2
0.1352 2
0.1379 2
0.1406 2
0.1433 2
0.1460 2
0.1488 2
0.1515 2
0.1542 2
0.1569 2
0.1596 2
0.1623 2
0.1651 2
0.1678 2
0.1705 2
0.1732 2
0.1759 2
0.1786 2
0.1813 2
0.1840 2
0.1867 2
0.1895 2
0.1922 2
0.1949 2
0.1976 2
0.2003 2
0.2031 2
0.2058 2
0.2086 2
0.2113 2
0.2140 2
0.2167 2
0.2194 2
0.2220 2
0.2248 2
0.2275 2
0.2302 2
0.2330 2
0.2357 2
0.2384 2
0.2412 2
0.2439 2
0.2466 2
0.2494 2
0.2521 2
0.2548 2
0.2576 2
0.2603 2
0.2630 2
0.2657 2
0.2684 2
0.2711 2
