0.0000 4
0.0033 4
0.0044 3
0.0063 3
0.0094 3
0.0124 3
0.0155 3
0.0185 3
0.0216 3
0.0246 3
0.0276 3
0.0305 3
0.0335 3
0.0365 3
0.0395 3
0.0425 3
0.0455 3
0.0484 3
0.0514 3
0.0544 3
0.0573 3
0.0603 3
0.0633 3
0.0663 3
0.0693 3
0.0723 3
0.0752 3
0.0782 3
0.0812 3
0.0842 3
0.0872 3
0.0901 3
0.0931 3
0.0964 3
0.0995 3
0.1025 3
0.1055 3
0.1084 3
0.1114 3
0.1143 3
0.1173 3
0.1203 3
0.1233 3
0.1262 3
0.1292 3
0.1321 3
0.1351 3
0.1384 3
0.1415 3
0.1446 3
0.1477 3
0.1506 3
0.1537 3
0.1567 3
0.1597 3
0.1627 3
0.1657 3
0.1686 3
0.1716 3
0.1745 3
0.1775 3
0.1805 3
0.1835 3
0.1864 3
0.1894 3
0.1923 3
0.1953 3
0.1983 3
0.2013 3
0.2042 3
0.2072 3
0.2102 3
0.2131 3
0.2161 3
0.2191 3
0.2220 3
0.2250 3
0.2279 3
0.2309 3
0.2338 3
0.2368 3
0.2397 3
0.2427 3
0.2457 3
0.2486 3
0.2516 3
0.2546 3
0.2575 3
0.2605 3
0.2635 3
0.2665 3
0.2694 3
0.2724 3
0.2753 3
0.2783 3
0.2813 3
0.2843 3
0.2872 3
0.2903 3
0.2933 3
0.2963 3
0.2993 3
0.3024 3
