0.0000 3
0.0005 2
0.0035 2
0.0065 2
0.0095 2
0.0125 2
0.0155 2
0.0185 2
0.0214 2
0.0245 2
0.0275 2
0.0305 2
0.0335 2
0.0365 2
0.0395 2
0.0424 2
0.0454 2
0.0484 2
0.0514 2
0.0543 2
0.0573 2
0.0603 2
0.0633 2
0.0662 2
0.0692 2
0.0721 2
0.0750 2
0.0779 2
0.0808 2
0.0837 2
0.0866 2
0.0895 2
0.0927 2
0.0956 2
0.0985 2
0.1015 2
0.1044 2
0.1073 2
0.1102 2
0.1131 2
0.1161 2
0.1190 2
0.1219 2
0.1248 2
0.1277 2
0.1307 2
0.1338 2
0.1369 2
0.1399 2
0.1428 2
0.1458 2
0.1489 2
0.1518 2
0.1548 2
0.1577 2
0.1606 2
0.1636 2
0.1665 2
0.1694 2
0.1723 2
0.1752 2
0.1781 2
0.1810 2
0.1840 2
0.1869 2
0.1899 2
0.1928 2
0.1958 2
0.1987 2
0.2016 2
0.2045 2
0.2074 2
0.2103 2
0.2132 2
0.2161 2
0.2190 2
0.2219 2
0.2248 2
0.2277 2
0.2306 2
0.2335 2
0.2365 2
0.2394 2
0.2423 2
0.2452 2
0.2481 2
0.2510 2
0.2539 2
0.2571 2
0.2601 2
0.2630 2
0.2659 2
0.2688 2
0.2717 2
0.2746 2
0.2776 2
0.2805 2
0.2834 2
0.2862 2
0.2891 2
0.2920 2
0.2949 2
