0.0000 4
0.0038 3
0.0040 3
0.0070 3
0.0100 3
0.0129 3
0.0159 3
0.0190 3
0.0219 3
0.0249 3
0.0278 3
0.0307 3
0.0337 3
0.0366 3
0.0395 3
0.0425 3
0.0454 3
0.0484 3
0.0513 3
0.0542 3
0.0571 3
0.0600 3
0.0629 3
0.0658 3
0.0687 3
0.0716 3
0.0745 3
0.0774 3
0.0803 3
0.0832 3
0.0861 3
0.0890 3
0.0920 3
0.0950 3
0.0979 3
0.1008 3
0.1038 3
0.1067 3
0.1096 3
0.1126 3
0.1155 3
0.1184 3
0.1212 3
0.1241 3
0.1270 3
0.1299 3
0.1328 3
0.1357 3
0.1386 3
0.1415 3
0.1444 3
0.1472 3
0.1501 3
0.1530 3
0.1559 3
0.1588 3
0.1617 3
0.1646 3
0.1675 3
0.1704 3
0.1733 3
0.1761 3
0.1790 3
0.1819 3
0.1848 3
0.1877 3
0.1906 3
0.1935 3
0.1964 3
0.1993 3
0.2022 3
0.2051 3
0.2080 3
0.2110 3
0.2139 3
0.2169 3
0.2201 3
0.2231 3
0.2260 3
0.2289 3
0.2318 3
0.2347 3
0.2376 3
0.2406 3
0.2435 3
0.2464 3
0.2493 3
0.2522 3
0.2551 3
0.2581 3
0.2613 3
0.2643 3
0.2672 3
0.2701 3
0.2730 3
0.2758 3
0.2787 3
0.2816 3
0.2845 3
0.2874 3
0.2903 3
0.2932 3
