0.0000 3
0.0020 2
0.0031 2
0.0059 2
0.0088 2
0.0117 2
0.0145 2
0.0174 2
0.0202 2
0.0230 2
0.0259 2
0.0287 2
0.0315 2
0.0343 2
0.0371 2
0.0398 2
0.0426 2
0.0454 2
0.0481 2
0.0509 2
0.0537 2
0.0565 2
0.0593 2
0.0620 2
0.0648 2
0.0677 2
0.0705 2
0.0734 2
0.0762 2
0.0790 2
0.0818 2
0.0846 2
0.0873 2
0.0901 2
0.0929 2
0.0957 2
0.0984 2
0.1012 2
0.1040 2
0.1068 2
0.1096 2
0.1123 2
0.1151 2
0.1179 2
0.1207 2
0.1234 2
0.1262 2
0.1290 2
0.1317 2
0.1345 2
0.1373 2
0.1400 2
0.1428 2
0.1456 2
0.1485 2
0.1512 2
0.1540 2
0.1569 2
0.1596 2
0.1624 2
0.1653 2
0.1681 2
0.1708 2
0.1736 2
0.1764 2
0.1792 2
0.1820 2
0.1848 2
0.1876 2
0.1904 2
0.1932 2
0.1961 2
0.1988 2
0.2016 2
0.2043 2
0.2071 2
0.2100 2
0.2128 2
0.2156 2
0.2183 2
0.2211 2
0.2239 2
0.2266 2
0.2294 2
0.2322 2
0.2350 2
0.2378 2
0.2406 2
0.2434 2
0.2462 2
0.2490 2
0.2518 2
0.2546 2
0.2574 2
0.2602 2
0.2630 2
0.2658 2
0.2686 2
0.2714 2
0.2742 2
0.2769 2
0.2797 2
