0.0000 3
0.0022 2
0.0035 2
0.0064 2
0.0095 2
0.0125 2
0.0154 2
0.0183 2
0.0213 2
0.0242 2
0.0271 2
0.0300 2
0.0328 2
0.0357 2
0.0386 2
0.0414 2
0.0443 2
0.0472 2
0.0500 2
0.0529 2
0.0558 2
0.0586 2
0.0615 2
0.0644 2
0.0673 2
0.0702 2
0.0730 2
0.0760 2
0.0789 2
0.0817 2
0.0847 2
0.0876 2
0.0905 2
0.0935 2
0.0963 2
0.0992 2
0.1022 2
0.1050 2
0.1080 2
0.1109 2
0.1137 2
0.1166 2
0.1195 2
0.1223 2
0.1252 2
0.1281 2
0.1310 2
0.1338 2
0.1367 2
0.1396 2
0.1424 2
0.1453 2
0.1482 2
0.1511 2
0.1539 2
0.1568 2
0.1597 2
0.1625 2
0.1654 2
0.1683 2
0.1712 2
0.1741 2
0.1770 2
0.1799 2
0.1827 2
0.1856 2
0.1885 2
0.1913 2
0.1942 2
0.1971 2
0.1999 2
0.2029 2
0.2060 2
0.2090 2
0.2118 2
0.2148 2
0.2177 2
0.2205 2
0.2234 2
0.2263 2
0.2292 2
0.2321 2
0.2349 2
0.2378 2
0.2407 2
0.2436 2
0.2467 2
0.2498 2
0.2527 2
0.2556 2
0.2584 2
0.2614 2
0.2643 2
0.2671 2
0.2701 2
0.2729 2
0.2758 2
0.2787 2
0.2816 2
0.2845 2
0.2874 2
0.2902 2
