0.0000 3
0.0032 3
0.0061 3
0.0090 3
0.0119 3
0.0147 3
0.0177 3
0.0206 3
0.0236 3
0.0267 3
0.0296 3
0.0326 3
0.0355 3
0.0385 3
0.0415 3
0.0445 3
0.0474 3
0.0503 3
0.0532 3
0.0560 3
0.0588 3
0.0616 3
0.0644 3
0.0671 3
0.0700 3
0.0728 3
0.0756 3
0.0784 3
0.0812 3
0.0840 3
0.0868 3
0.0896 3
0.0924 3
0.0952 3
0.0980 3
0.1008 3
0.1036 3
0.1064 3
0.1092 3
0.1120 3
0.1148 3
0.1175 3
0.1204 3
0.1232 3
0.1260 3
0.1288 3
0.1316 3
0.1345 3
0.1373 3
0.1401 3
0.1429 3
0.1457 3
0.1485 3
0.1513 3
0.1541 3
0.1569 3
0.1597 3
0.1625 3
0.1653 3
0.1682 3
0.1710 3
0.1738 3
0.1766 3
0.1795 3
0.1823 3
0.1852 3
0.1880 3
0.1908 3
0.1937 3
0.1966 3
0.1994 3
0.2022 3
0.2050 3
0.2078 3
0.2107 3
0.2135 3
0.2163 3
0.2191 3
0.2219 3
0.2247 3
0.2276 3
0.2304 3
0.2332 3
0.2360 3
0.2388 3
0.2416 3
0.2444 3
0.2473 3
0.2501 3
0.2529 3
0.2557 3
0.2585 3
0.2613 3
0.2641 3
0.2669 3
0.2697 3
0.2725 3
0.2753 3
0.2781 3
0.2809 3
0.2837 3
