0.0000 4
0.0025 3
0.0038 3
0.0068 3
0.0098 3
0.0128 3
0.0159 3
0.0189 3
0.0218 3
0.0249 3
0.0279 3
0.0309 3
0.0338 3
0.0370 3
0.0399 3
0.0428 3
0.0457 3
0.0487 3
0.0516 3
0.0545 3
0.0574 3
0.0603 3
0.0632 3
0.0661 3
0.0690 3
0.0720 3
0.0749 3
0.0778 3
0.0807 3
0.0836 3
0.0866 3
0.0895 3
0.0924 3
0.0954 3
0.0983 3
0.1012 3
0.1041 3
0.1071 3
0.1100 3
0.1129 3
0.1158 3
0.1187 3
0.1216 3
0.1245 3
0.1274 3
0.1303 3
0.1332 3
0.1361 3
0.1391 3
0.1420 3
0.1449 3
0.1478 3
0.1507 3
0.1536 3
0.1566 3
0.1595 3
0.1626 3
0.1657 3
0.1688 3
0.1720 3
0.1749 3
0.1778 3
0.1807 3
0.1836 3
0.1866 3
0.1895 3
0.1924 3
0.1953 3
0.1981 3
0.2010 3
0.2039 3
0.2070 3
0.2099 3
0.2128 3
0.2157 3
0.2187 3
0.2216 3
0.2245 3
0.2275 3
0.2304 3
0.2333 3
0.2362 3
0.2392 3
0.2420 3
0.2449 3
0.2478 3
0.2508 3
0.2537 3
0.2566 3
0.2595 3
0.2624 3
0.2653 3
0.2682 3
0.2711 3
0.2740 3
0.2769 3
0.2798 3
0.2827 3
0.2856 3
0.2885 3
0.2915 3
0.2944 3
