0.0000 3
0.0038 3
0.0069 3
0.0099 3
0.0130 3
0.0160 3
0.0191 3
0.0222 3
0.0252 3
0.0282 3
0.0312 3
0.0342 3
0.0372 3
0.0402 3
0.0432 3
0.0463 3
0.0492 3
0.0522 3
0.0553 3
0.0583 3
0.0613 3
0.0643 3
0.0673 3
0.0703 3
0.0733 3
0.0762 3
0.0793 3
0.0823 3
0.0853 3
0.0882 3
0.0912 3
0.0941 3
0.0971 3
0.1000 3
0.1030 3
0.1059 3
0.1089 3
0.1119 3
0.1148 3
0.1178 3
0.1207 3
0.1237 3
0.1266 3
0.1296 3
0.1325 3
0.1355 3
0.1384 3
0.1414 3
0.1443 3
0.1473 3
0.1503 3
0.1532 3
0.1562 3
0.1591 3
0.1621 3
0.1651 3
0.1680 3
0.1710 3
0.1740 3
0.1769 3
0.1799 3
0.1829 3
0.1859 3
0.1889 3
0.1919 3
0.1948 3
0.1978 3
0.2008 3
0.2037 3
0.2068 3
0.2097 3
0.2127 3
0.2156 3
0.2186 3
0.2215 3
0.2245 3
0.2275 3
0.2304 3
0.2334 3
0.2364 3
0.2393 3
0.2423 3
0.2453 3
0.2482 3
0.2512 3
0.2543 3
0.2572 3
0.2602 3
0.2633 3
0.2662 3
0.2692 3
0.2721 3
0.2751 3
0.2780 3
0.2810 3
0.2840 3
0.2870 3
0.2899 3
0.2929 3
0.2959 3
0.2988 3
