0.0000 5
0.0033 4
0.0035 4
0.0068 4
0.0100 4
0.0133 4
0.0165 4
0.0197 4
0.0229 4
0.0261 4
0.0292 4
0.0324 4
0.0356 4
0.0387 4
0.0420 4
0.0451 4
0.0483 4
0.0515 4
0.0548 4
0.0582 4
0.0615 4
0.0647 4
0.0679 4
0.0712 4
0.0744 4
0.0777 4
0.0810 4
0.0843 4
0.0875 4
0.0907 4
0.0940 4
0.0972 4
0.1005 4
0.1037 4
0.1069 4
0.1102 4
0.1135 4
0.1167 4
0.1198 4
0.1230 4
0.1262 4
0.1293 4
0.1325 4
0.1357 4
0.1388 4
0.1420 4
0.1452 4
0.1483 4
0.1515 4
0.1547 4
0.1579 4
0.1610 4
0.1642 4
0.1673 4
0.1705 4
0.1737 4
0.1768 4
0.1800 4
0.1832 4
0.1863 4
0.1895 4
0.1926 4
0.1958 4
0.1989 4
0.2021 4
0.2053 4
0.2085 4
0.2117 4
0.2148 4
0.2180 4
0.2212 4
0.2243 4
0.2275 4
0.2306 4
0.2338 4
0.2370 4
0.2401 4
0.2433 4
0.2466 4
0.2498 4
0.2529 4
0.2561 4
0.2593 4
0.2625 4
0.2657 4
0.2688 4
0.2720 4
0.2752 4
0.2783 4
0.2815 4
0.2847 4
0.2879 4
0.2910 4
0.2942 4
0.2974 4
0.3005 4
0.3037 4
0.3069 4
0.3100 4
0.3132 4
0.3164 4
0.3196 4
