0.0000 3
0.0008 2
0.0027 2
0.0051 2
0.0074 2
0.0098 2
0.0121 2
0.0146 2
0.0169 2
0.0192 2
0.0214 2
0.0237 2
0.0261 2
0.0284 2
0.0307 2
0.0330 2
0.0352 2
0.0375 2
0.0398 2
0.0421 2
0.0444 2
0.0467 2
0.0490 2
0.0514 2
0.0539 2
0.0564 2
0.0587 2
0.0610 2
0.0633 2
0.0656 2
0.0679 2
0.0702 2
0.0725 2
0.0748 2
0.0771 2
0.0794 2
0.0817 2
0.0840 2
0.0863 2
0.0886 2
0.0909 2
0.0933 2
0.0958 2
0.0983 2
0.1006 2
0.1028 2
0.1051 2
0.1074 2
0.1097 2
0.1120 2
0.1143 2
0.1166 2
0.1189 2
0.1212 2
0.1234 2
0.1257 2
0.1280 2
0.1303 2
0.1326 2
0.1348 2
0.1371 2
0.1394 2
0.1416 2
0.1439 2
0.1462 2
0.1485 2
0.1508 2
0.1531 2
0.1554 2
0.1577 2
0.1599 2
0.1622 2
0.1645 2
0.1668 2
0.1691 2
0.1714 2
0.1737 2
0.1760 2
0.1783 2
0.1806 2
0.1829 2
0.1852 2
0.1874 2
0.1897 2
0.1920 2
0.1943 2
0.1966 2
0.1989 2
0.2012 2
0.2035 2
0.2058 2
0.2081 2
0.2103 2
0.2127 2
0.2150 2
0.2174 2
0.2197 2
0.2220 2
0.2243 2
0.2266 2
0.2289 2
0.2312 2
