0.0000 6
0.0007 5
0.0029 5
0.0054 5
0.0078 5
0.0103 5
0.0128 5
0.0153 5
0.0177 5
0.0202 5
0.0226 5
0.0250 5
0.0274 5
0.0298 5
0.0323 5
0.0347 5
0.0371 5
0.0395 5
0.0419 5
0.0444 5
0.0468 5
0.0492 5
0.0516 5
0.0540 5
0.0563 5
0.0587 5
0.0611 5
0.0635 5
0.0660 5
0.0684 5
0.0708 5
0.0732 5
0.0756 5
0.0780 5
0.0805 5
0.0831 5
0.0856 5
0.0880 5
0.0904 5
0.0928 5
0.0952 5
0.0976 5
0.1000 5
0.1024 5
0.1048 5
0.1072 5
0.1096 5
0.1120 5
0.1144 5
0.1168 5
0.1192 5
0.1216 5
0.1240 5
0.1264 5
0.1288 5
0.1312 5
0.1336 5
0.1360 5
0.1384 5
0.1408 5
0.1433 5
0.1457 5
0.1481 5
0.1504 5
0.1528 5
0.1552 5
0.1576 5
0.1600 5
0.1624 5
0.1648 5
0.1672 5
0.1695 5
0.1719 5
0.1743 5
0.1767 5
0.1791 5
0.1815 5
0.1839 5
0.1864 5
0.1888 5
0.1912 5
0.1936 5
0.1960 5
0.1984 5
0.2007 5
0.2031 5
0.2056 5
0.2080 5
0.2103 5
0.2127 5
0.2151 5
0.2175 5
0.2199 5
0.2222 5
0.2246 5
0.2270 5
0.2294 5
0.2318 5
0.2342 5
0.2366 5
0.2390 5
0.2414 5
