0.0000 4
0.0023 3
0.0038 3
0.0069 3
0.0099 3
0.0130 3
0.0160 3
0.0190 3
0.0220 3
0.0249 3
0.0279 3
0.0309 3
0.0339 3
0.0369 3
0.0399 3
0.0429 3
0.0458 3
0.0488 3
0.0517 3
0.0547 3
0.0577 3
0.0606 3
0.0636 3
0.0665 3
0.0695 3
0.0725 3
0.0755 3
0.0784 3
0.0814 3
0.0844 3
0.0874 3
0.0903 3
0.0933 3
0.0963 3
0.0993 3
0.1022 3
0.1052 3
0.1081 3
0.1111 3
0.1141 3
0.1170 3
0.1200 3
0.1230 3
0.1259 3
0.1289 3
0.1318 3
0.1348 3
0.1378 3
0.1408 3
0.1437 3
0.1467 3
0.1497 3
0.1526 3
0.1557 3
0.1587 3
0.1617 3
0.1646 3
0.1676 3
0.1706 3
0.1736 3
0.1765 3
0.1795 3
0.1825 3
0.1854 3
0.1884 3
0.1913 3
0.1943 3
0.1973 3
0.2005 3
0.2035 3
0.2066 3
0.2095 3
0.2125 3
0.2155 3
0.2184 3
0.2214 3
0.2244 3
0.2273 3
0.2303 3
0.2333 3
0.2362 3
0.2392 3
0.2421 3
0.2451 3
0.2481 3
0.2510 3
0.2540 3
0.2570 3
0.2599 3
0.2629 3
0.2659 3
0.2688 3
0.2718 3
0.2748 3
0.2778 3
0.2808 3
0.2838 3
0.2869 3
0.2899 3
0.2929 3
0.2959 3
0.2989 3
