0.0000 3
0.0008 2
0.0028 2
0.0051 2
0.0076 2
0.0100 2
0.0123 2
0.0148 2
0.0172 2
0.0196 2
0.0220 2
0.0243 2
0.0268 2
0.0291 2
0.0316 2
0.0340 2
0.0363 2
0.0388 2
0.0411 2
0.0435 2
0.0459 2
0.0483 2
0.0508 2
0.0532 2
0.0557 2
0.0584 2
0.0608 2
0.0632 2
0.0656 2
0.0680 2
0.0704 2
0.0728 2
0.0752 2
0.0775 2
0.0799 2
0.0822 2
0.0845 2
0.0869 2
0.0893 2
0.0916 2
0.0940 2
0.0963 2
0.0987 2
0.1010 2
0.1033 2
0.1057 2
0.1080 2
0.1104 2
0.1127 2
0.1151 2
0.1174 2
0.1197 2
0.1221 2
0.1244 2
0.1267 2
0.1291 2
0.1314 2
0.1338 2
0.1361 2
0.1384 2
0.1407 2
0.1431 2
0.1454 2
0.1477 2
0.1501 2
0.1524 2
0.1547 2
0.1570 2
0.1594 2
0.1617 2
0.1640 2
0.1664 2
0.1687 2
0.1710 2
0.1733 2
0.1756 2
0.1779 2
0.1803 2
0.1826 2
0.1850 2
0.1876 2
0.1900 2
0.1924 2
0.1947 2
0.1971 2
0.1994 2
0.2017 2
0.2040 2
0.2064 2
0.2087 2
0.2111 2
0.2134 2
0.2157 2
0.2180 2
0.2203 2
0.2226 2
0.2249 2
0.2274 2
0.2299 2
0.2322 2
0.2345 2
0.2368 2
