0.0000 5
0.0035 5
0.0065 5
0.0095 5
0.0104 4
0.0126 4
0.0155 4
0.0185 4
0.0214 4
0.0242 4
0.0271 4
0.0300 4
0.0329 4
0.0358 4
0.0387 4
0.0416 4
0.0444 4
0.0474 4
0.0506 4
0.0536 4
0.0564 4
0.0593 4
0.0622 4
0.0651 4
0.0680 4
0.0708 4
0.0737 4
0.0766 4
0.0795 4
0.0823 4
0.0852 4
0.0881 4
0.0912 4
0.0943 4
0.0971 4
0.1000 4
0.1029 4
0.1058 4
0.1086 4
0.1115 4
0.1144 4
0.1172 4
0.1201 4
0.1230 4
0.1259 4
0.1287 4
0.1316 4
0.1345 4
0.1373 4
0.1402 4
0.1431 4
0.1460 4
0.1488 4
0.1517 4
0.1546 4
0.1574 4
0.1603 4
0.1632 4
0.1660 4
0.1689 4
0.1718 4
0.1746 4
0.1775 4
0.1804 4
0.1832 4
0.1861 4
0.1890 4
0.1918 4
0.1947 4
0.1976 4
0.2005 4
0.2033 4
0.2062 4
0.2090 4
0.2119 4
0.2149 4
0.2178 4
0.2206 4
0.2235 4
0.2264 4
0.2292 4
0.2321 4
0.2350 4
0.2378 4
0.2407 4
0.2436 4
0.2464 4
0.2493 4
0.2521 4
0.2550 4
0.2579 4
0.2607 4
0.2636 4
0.2665 4
0.2694 4
0.2722 4
0.2751 4
0.2779 4
0.2808 4
0.2836 4
0.2865 4
0.2894 4
0.2922 4
0.2951 4
0.2979 4
