0.0000 3
0.0026 3
0.0042 2
0.0050 2
0.0072 2
0.0096 2
0.0120 2
0.0143 2
0.0166 2
0.0189 2
0.0212 2
0.0235 2
0.0259 2
0.0282 2
0.0304 2
0.0328 2
0.0350 2
0.0373 2
0.0396 2
0.0418 2
0.0441 2
0.0464 2
0.0486 2
0.0509 2
0.0532 2
0.0554 2
0.0577 2
0.0600 2
0.0622 2
0.0645 2
0.0668 2
0.0690 2
0.0713 2
0.0737 2
0.0759 2
0.0782 2
0.0804 2
0.0827 2
0.0849 2
0.0872 2
0.0895 2
0.0918 2
0.0941 2
0.0964 2
0.0986 2
0.1010 2
0.1033 2
0.1055 2
0.1078 2
0.1101 2
0.1124 2
0.1147 2
0.1170 2
0.1192 2
0.1215 2
0.1238 2
0.1260 2
0.1283 2
0.1306 2
0.1329 2
0.1351 2
0.1374 2
0.1397 2
0.1419 2
0.1442 2
0.1465 2
0.1487 2
0.1510 2
0.1533 2
0.1555 2
0.1578 2
0.1601 2
0.1624 2
0.1646 2
0.1669 2
0.1692 2
0.1714 2
0.1737 2
0.1760 2
0.1782 2
0.1805 2
0.1828 2
0.1850 2
0.1873 2
0.1896 2
0.1918 2
0.1941 2
0.1963 2
0.1986 2
0.2008 2
0.2031 2
0.2053 2
0.2076 2
0.2099 2
0.2122 2
0.2145 2
0.2167 2
0.2190 2
0.2213 2
0.2236 2
0.2258 2
0.2282 2
0.2306 2
