0.0000 3
0.0008 2
0.0026 2
0.0050 2
0.0073 2
0.0097 2
0.0120 2
0.0143 2
0.0171 2
0.0194 2
0.0217 2
0.0240 2
0.0262 2
0.0285 2
0.0308 2
0.0331 2
0.0354 2
0.0377 2
0.0400 2
0.0423 2
0.0446 2
0.0469 2
0.0492 2
0.0515 2
0.0537 2
0.0560 2
0.0583 2
0.0606 2
0.0629 2
0.0652 2
0.0675 2
0.0698 2
0.0721 2
0.0744 2
0.0767 2
0.0790 2
0.0813 2
0.0835 2
0.0858 2
0.0881 2
0.0904 2
0.0927 2
0.0950 2
0.0972 2
0.0995 2
0.1018 2
0.1041 2
0.1064 2
0.1086 2
0.1109 2
0.1132 2
0.1155 2
0.1178 2
0.1200 2
0.1223 2
0.1246 2
0.1269 2
0.1292 2
0.1314 2
0.1337 2
0.1360 2
0.1383 2
0.1406 2
0.1429 2
0.1452 2
0.1475 2
0.1498 2
0.1521 2
0.1544 2
0.1567 2
0.1590 2
0.1613 2
0.1635 2
0.1658 2
0.1682 2
0.1705 2
0.1728 2
0.1751 2
0.1775 2
0.1798 2
0.1821 2
0.1844 2
0.1867 2
0.1890 2
0.1913 2
0.1936 2
0.1959 2
0.1982 2
0.2005 2
0.2028 2
0.2051 2
0.2074 2
0.2097 2
0.2120 2
0.2143 2
0.2166 2
0.2189 2
0.2211 2
0.2234 2
0.2257 2
0.2280 2
0.2303 2
