0.0000 3
0.0005 2
0.0026 2
0.0049 2
0.0073 2
0.0095 2
0.0119 2
0.0142 2
0.0165 2
0.0188 2
0.0211 2
0.0235 2
0.0259 2
0.0283 2
0.0307 2
0.0329 2
0.0352 2
0.0375 2
0.0399 2
0.0422 2
0.0445 2
0.0468 2
0.0491 2
0.0514 2
0.0536 2
0.0559 2
0.0582 2
0.0605 2
0.0628 2
0.0651 2
0.0674 2
0.0696 2
0.0720 2
0.0743 2
0.0765 2
0.0788 2
0.0811 2
0.0833 2
0.0856 2
0.0879 2
0.0901 2
0.0924 2
0.0947 2
0.0969 2
0.0992 2
0.1015 2
0.1037 2
0.1060 2
0.1083 2
0.1106 2
0.1128 2
0.1151 2
0.1174 2
0.1196 2
0.1219 2
0.1242 2
0.1265 2
0.1288 2
0.1310 2
0.1333 2
0.1356 2
0.1379 2
0.1401 2
0.1424 2
0.1446 2
0.1469 2
0.1491 2
0.1514 2
0.1537 2
0.1560 2
0.1583 2
0.1605 2
0.1628 2
0.1651 2
0.1674 2
0.1697 2
0.1720 2
0.1744 2
0.1767 2
0.1791 2
0.1813 2
0.1837 2
0.1860 2
0.1883 2
0.1907 2
0.1930 2
0.1953 2
0.1976 2
0.2000 2
0.2023 2
0.2046 2
0.2070 2
0.2092 2
0.2116 2
0.2139 2
0.2162 2
0.2185 2
0.2208 2
0.2232 2
0.2255 2
0.2278 2
0.2302 2
