0.0000 6
0.0040 6
0.0072 6
0.0103 6
0.0134 6
0.0166 6
0.0198 6
0.0219 5
0.0229 5
0.0259 5
0.0290 5
0.0321 5
0.0352 5
0.0383 5
0.0414 5
0.0444 5
0.0475 5
0.0506 5
0.0537 5
0.0570 5
0.0603 5
0.0639 5
0.0670 5
0.0702 5
0.0733 5
0.0765 5
0.0797 5
0.0829 5
0.0859 5
0.0890 5
0.0921 5
0.0952 5
0.0983 5
0.1014 5
0.1046 5
0.1076 5
0.1107 5
0.1138 5
0.1169 5
0.1200 5
0.1230 5
0.1261 5
0.1293 5
0.1324 5
0.1355 5
0.1386 5
0.1417 5
0.1448 5
0.1478 5
0.1509 5
0.1540 5
0.1571 5
0.1601 5
0.1632 5
0.1663 5
0.1694 5
0.1725 5
0.1756 5
0.1787 5
0.1817 5
0.1848 5
0.1878 5
0.1909 5
0.1940 5
0.1971 5
0.2002 5
0.2032 5
0.2063 5
0.2095 5
0.2125 5
0.2156 5
0.2187 5
0.2217 5
0.2248 5
0.2279 5
0.2310 5
0.2340 5
0.2371 5
0.2402 5
0.2432 5
0.2463 5
0.2494 5
0.2524 5
0.2556 5
0.2587 5
0.2617 5
0.2648 5
0.2679 5
0.2709 5
0.2741 5
0.2773 5
0.2807 5
0.2839 5
0.2870 5
0.2900 5
0.2931 5
0.2962 5
0.2992 5
0.3023 5
0.3054 5
0.3085 5
0.3115 5
0.3146 5
0.3177 5
0.3210 5
0.3243 5
0.3274 5
0.3305 5
