0.0000 5
0.0028 5
0.0055 5
0.0079 5
0.0105 5
0.0130 5
0.0154 5
0.0179 5
0.0203 5
0.0228 5
0.0253 5
0.0277 5
0.0302 5
0.0327 5
0.0351 5
0.0375 5
0.0400 5
0.0424 5
0.0449 5
0.0473 5
0.0498 5
0.0523 5
0.0547 5
0.0572 5
0.0596 5
0.0621 5
0.0646 5
0.0671 5
0.0695 5
0.0720 5
0.0744 5
0.0769 5
0.0793 5
0.0818 5
0.0842 5
0.0867 5
0.0891 5
0.0916 5
0.0940 5
0.0965 5
0.0990 5
0.1014 5
0.1039 5
0.1064 5
0.1088 5
0.1113 5
0.1137 5
0.1161 5
0.1186 5
0.1210 5
0.1235 5
0.1260 5
0.1284 5
0.1309 5
0.1333 5
0.1358 5
0.1383 5
0.1407 5
0.1432 5
0.1457 5
0.1482 5
0.1506 5
0.1531 5
0.1555 5
0.1580 5
0.1605 5
0.1630 5
0.1654 5
0.1679 5
0.1703 5
0.1728 5
0.1752 5
0.1777 5
0.1801 5
0.1826 5
0.1850 5
0.1874 5
0.1899 5
0.1923 5
0.1947 5
0.1972 5
0.1996 5
0.2021 5
0.2045 5
0.2070 5
0.2094 5
0.2118 5
0.2143 5
0.2167 5
0.2192 5
0.2217 5
0.2241 5
0.2266 5
0.2290 5
0.2314 5
0.2339 5
0.2363 5
0.2388 5
0.2412 5
0.2436 5
0.2461 5
