0.0000 4
0.0029 3
0.0033 3
0.0064 3
0.0094 3
0.0124 3
0.0154 3
0.0185 3
0.0215 3
0.0245 3
0.0275 3
0.0305 3
0.0335 3
0.0364 3
0.0394 3
0.0423 3
0.0453 3
0.0482 3
0.0511 3
0.0540 3
0.0569 3
0.0598 3
0.0626 3
0.0655 3
0.0684 3
0.0713 3
0.0742 3
0.0771 3
0.0800 3
0.0829 3
0.0859 3
0.0888 3
0.0917 3
0.0947 3
0.0976 3
0.1005 3
0.1035 3
0.1067 3
0.1097 3
0.1126 3
0.1155 3
0.1184 3
0.1213 3
0.1242 3
0.1271 3
0.1300 3
0.1329 3
0.1358 3
0.1387 3
0.1416 3
0.1445 3
0.1474 3
0.1503 3
0.1532 3
0.1561 3
0.1590 3
0.1619 3
0.1649 3
0.1677 3
0.1706 3
0.1736 3
0.1765 3
0.1794 3
0.1823 3
0.1852 3
0.1881 3
0.1910 3
0.1939 3
0.1968 3
0.1997 3
0.2027 3
0.2057 3
0.2087 3
0.2117 3
0.2146 3
0.2175 3
0.2204 3
0.2233 3
0.2262 3
0.2291 3
0.2320 3
0.2350 3
0.2379 3
0.2409 3
0.2438 3
0.2467 3
0.2496 3
0.2525 3
0.2554 3
0.2583 3
0.2612 3
0.2642 3
0.2671 3
0.2700 3
0.2729 3
0.2758 3
0.2787 3
0.2817 3
0.2846 3
0.2875 3
0.2904 3
0.2933 3
