0.0000 6
0.0012 5
0.0027 5
0.0053 5
0.0078 5
0.0103 5
0.0128 5
0.0153 5
0.0178 5
0.0203 5
0.0228 5
0.0252 5
0.0276 5
0.0301 5
0.0325 5
0.0349 5
0.0374 5
0.0398 5
0.0422 5
0.0446 5
0.0470 5
0.0494 5
0.0518 5
0.0542 5
0.0567 5
0.0591 5
0.0615 5
0.0640 5
0.0664 5
0.0688 5
0.0712 5
0.0737 5
0.0761 5
0.0785 5
0.0809 5
0.0833 5
0.0858 5
0.0882 5
0.0906 5
0.0930 5
0.0955 5
0.0980 5
0.1004 5
0.1028 5
0.1052 5
0.1076 5
0.1100 5
0.1124 5
0.1148 5
0.1172 5
0.1196 5
0.1220 5
0.1244 5
0.1268 5
0.1292 5
0.1317 5
0.1341 5
0.1365 5
0.1390 5
0.1414 5
0.1438 5
0.1462 5
0.1486 5
0.1510 5
0.1534 5
0.1558 5
0.1582 5
0.1606 5
0.1631 5
0.1656 5
0.1683 5
0.1707 5
0.1733 5
0.1757 5
0.1782 5
0.1807 5
0.1831 5
0.1856 5
0.1881 5
0.1905 5
0.1929 5
0.1953 5
0.1977 5
0.2001 5
0.2025 5
0.2049 5
0.2073 5
0.2098 5
0.2122 5
0.2146 5
0.2170 5
0.2194 5
0.2218 5
0.2242 5
0.2267 5
0.2291 5
0.2315 5
0.2339 5
0.2363 5
0.2387 5
0.2411 5
0.2435 5
