0.0000 3
0.0015 2
0.0025 2
0.0049 2
0.0073 2
0.0096 2
0.0120 2
0.0143 2
0.0167 2
0.0190 2
0.0213 2
0.0236 2
0.0258 2
0.0281 2
0.0304 2
0.0327 2
0.0350 2
0.0373 2
0.0395 2
0.0418 2
0.0441 2
0.0464 2
0.0487 2
0.0509 2
0.0532 2
0.0555 2
0.0578 2
0.0601 2
0.0623 2
0.0646 2
0.0669 2
0.0692 2
0.0714 2
0.0737 2
0.0760 2
0.0782 2
0.0805 2
0.0828 2
0.0851 2
0.0873 2
0.0896 2
0.0919 2
0.0942 2
0.0965 2
0.0988 2
0.1011 2
0.1033 2
0.1056 2
0.1079 2
0.1102 2
0.1125 2
0.1148 2
0.1171 2
0.1193 2
0.1216 2
0.1239 2
0.1262 2
0.1285 2
0.1308 2
0.1331 2
0.1354 2
0.1378 2
0.1401 2
0.1423 2
0.1446 2
0.1469 2
0.1492 2
0.1515 2
0.1538 2
0.1561 2
0.1584 2
0.1607 2
0.1629 2
0.1652 2
0.1675 2
0.1698 2
0.1721 2
0.1744 2
0.1767 2
0.1790 2
0.1812 2
0.1835 2
0.1858 2
0.1881 2
0.1903 2
0.1926 2
0.1949 2
0.1972 2
0.1994 2
0.2017 2
0.2041 2
0.2064 2
0.2088 2
0.2111 2
0.2134 2
0.2157 2
0.2180 2
0.2203 2
0.2226 2
0.2248 2
0.2271 2
0.2294 2
