0.0000 4
0.0018 3
0.0031 3
0.0056 3
0.0082 3
0.0106 3
0.0131 3
0.0156 3
0.0180 3
0.0206 3
0.0230 3
0.0255 3
0.0279 3
0.0303 3
0.0327 3
0.0351 3
0.0376 3
0.0400 3
0.0424 3
0.0448 3
0.0473 3
0.0498 3
0.0522 3
0.0546 3
0.0570 3
0.0594 3
0.0618 3
0.0642 3
0.0666 3
0.0691 3
0.0715 3
0.0739 3
0.0764 3
0.0788 3
0.0812 3
0.0836 3
0.0861 3
0.0885 3
0.0909 3
0.0933 3
0.0957 3
0.0981 3
0.1005 3
0.1029 3
0.1053 3
0.1077 3
0.1102 3
0.1126 3
0.1150 3
0.1174 3
0.1198 3
0.1222 3
0.1246 3
0.1271 3
0.1295 3
0.1319 3
0.1343 3
0.1367 3
0.1391 3
0.1416 3
0.1440 3
0.1464 3
0.1488 3
0.1512 3
0.1537 3
0.1565 3
0.1589 3
0.1613 3
0.1638 3
0.1662 3
0.1686 3
0.1710 3
0.1734 3
0.1758 3
0.1782 3
0.1806 3
0.1830 3
0.1854 3
0.1878 3
0.1902 3
0.1926 3
0.1950 3
0.1974 3
0.1998 3
0.2023 3
0.2047 3
0.2071 3
0.2095 3
0.2119 3
0.2143 3
0.2168 3
0.2192 3
0.2216 3
0.2240 3
0.2264 3
0.2288 3
0.2312 3
0.2336 3
0.2360 3
0.2384 3
0.2408 3
0.2432 3
