0.0000 3
0.0007 2
0.0027 2
0.0051 2
0.0075 2
0.0099 2
0.0122 2
0.0146 2
0.0169 2
0.0192 2
0.0215 2
0.0238 2
0.0262 2
0.0285 2
0.0307 2
0.0330 2
0.0353 2
0.0376 2
0.0399 2
0.0422 2
0.0445 2
0.0468 2
0.0491 2
0.0514 2
0.0537 2
0.0560 2
0.0582 2
0.0605 2
0.0629 2
0.0652 2
0.0675 2
0.0698 2
0.0721 2
0.0744 2
0.0767 2
0.0790 2
0.0812 2
0.0835 2
0.0858 2
0.0881 2
0.0905 2
0.0928 2
0.0951 2
0.0974 2
0.0997 2
0.1020 2
0.1043 2
0.1066 2
0.1089 2
0.1111 2
0.1134 2
0.1157 2
0.1180 2
0.1203 2
0.1226 2
0.1249 2
0.1272 2
0.1295 2
0.1318 2
0.1342 2
0.1365 2
0.1389 2
0.1412 2
0.1435 2
0.1459 2
0.1482 2
0.1505 2
0.1528 2
0.1552 2
0.1575 2
0.1598 2
0.1621 2
0.1644 2
0.1667 2
0.1690 2
0.1713 2
0.1736 2
0.1759 2
0.1782 2
0.1805 2
0.1828 2
0.1851 2
0.1874 2
0.1897 2
0.1920 2
0.1943 2
0.1966 2
0.1989 2
0.2012 2
0.2035 2
0.2058 2
0.2082 2
0.2105 2
0.2127 2
0.2150 2
0.2173 2
0.2196 2
0.2219 2
0.2242 2
0.2265 2
0.2288 2
0.2311 2
