0.0000 4
0.0029 4
0.0054 4
0.0080 4
0.0105 4
0.0131 4
0.0156 4
0.0181 4
0.0206 4
0.0231 4
0.0255 4
0.0280 4
0.0305 4
0.0330 4
0.0354 4
0.0379 4
0.0404 4
0.0428 4
0.0453 4
0.0478 4
0.0502 4
0.0527 4
0.0551 4
0.0576 4
0.0601 4
0.0625 4
0.0650 4
0.0674 4
0.0699 4
0.0724 4
0.0749 4
0.0774 4
0.0799 4
0.0823 4
0.0848 4
0.0872 4
0.0897 4
0.0922 4
0.0946 4
0.0971 4
0.0995 4
0.1020 4
0.1044 4
0.1069 4
0.1094 4
0.1118 4
0.1143 4
0.1167 4
0.1192 4
0.1216 4
0.1242 4
0.1269 4
0.1294 4
0.1319 4
0.1343 4
0.1368 4
0.1393 4
0.1417 4
0.1442 4
0.1467 4
0.1491 4
0.1516 4
0.1540 4
0.1565 4
0.1589 4
0.1615 4
0.1639 4
0.1664 4
0.1688 4
0.1713 4
0.1738 4
0.1762 4
0.1787 4
0.1812 4
0.1836 4
0.1861 4
0.1885 4
0.1910 4
0.1935 4
0.1959 4
0.1984 4
0.2009 4
0.2033 4
0.2058 4
0.2083 4
0.2108 4
0.2133 4
0.2157 4
0.2182 4
0.2207 4
0.2231 4
0.2256 4
0.2281 4
0.2305 4
0.2330 4
0.2355 4
0.2380 4
0.2405 4
0.2429 4
0.2454 4
0.2479 4
