0.0000 4
0.0036 4
0.0065 4
0.0094 4
0.0123 4
0.0151 4
0.0180 4
0.0209 4
0.0238 4
0.0267 4
0.0295 4
0.0324 4
0.0352 4
0.0381 4
0.0410 4
0.0438 4
0.0466 4
0.0495 4
0.0523 4
0.0551 4
0.0579 4
0.0608 4
0.0636 4
0.0664 4
0.0693 4
0.0721 4
0.0749 4
0.0778 4
0.0806 4
0.0834 4
0.0862 4
0.0890 4
0.0918 4
0.0946 4
0.0975 4
0.1003 4
0.1031 4
0.1060 4
0.1088 4
0.1116 4
0.1144 4
0.1173 4
0.1201 4
0.1229 4
0.1258 4
0.1286 4
0.1314 4
0.1342 4
0.1370 4
0.1398 4
0.1427 4
0.1455 4
0.1483 4
0.1511 4
0.1539 4
0.1568 4
0.1596 4
0.1624 4
0.1653 4
0.1681 4
0.1709 4
0.1737 4
0.1766 4
0.1794 4
0.1822 4
0.1850 4
0.1878 4
0.1906 4
0.1934 4
0.1962 4
0.1990 4
0.2018 4
0.2046 4
0.2075 4
0.2104 4
0.2132 4
0.2160 4
0.2188 4
0.2216 4
0.2245 4
0.2273 4
0.2301 4
0.2329 4
0.2357 4
0.2385 4
0.2413 4
0.2442 4
0.2470 4
0.2499 4
0.2527 4
0.2556 4
0.2584 4
0.2612 4
0.2641 4
0.2670 4
0.2698 4
0.2727 4
0.2755 4
0.2784 4
0.2812 4
0.2840 4
