0.0000 5
0.0029 4
0.0032 4
0.0058 4
0.0085 4
0.0112 4
0.0137 4
0.0164 4
0.0191 4
0.0216 4
0.0243 4
0.0270 4
0.0296 4
0.0323 4
0.0349 4
0.0375 4
0.0401 4
0.0427 4
0.0453 4
0.0478 4
0.0504 4
0.0529 4
0.0558 4
0.0584 4
0.0610 4
0.0635 4
0.0661 4
0.0687 4
0.0713 4
0.0738 4
0.0764 4
0.0789 4
0.0815 4
0.0840 4
0.0866 4
0.0891 4
0.0916 4
0.0942 4
0.0967 4
0.0992 4
0.1018 4
0.1043 4
0.1069 4
0.1094 4
0.1119 4
0.1145 4
0.1170 4
0.1196 4
0.1221 4
0.1246 4
0.1272 4
0.1297 4
0.1323 4
0.1348 4
0.1373 4
0.1399 4
0.1424 4
0.1450 4
0.1475 4
0.1500 4
0.1527 4
0.1552 4
0.1577 4
0.1603 4
0.1628 4
0.1653 4
0.1679 4
0.1705 4
0.1731 4
0.1757 4
0.1782 4
0.1808 4
0.1835 4
0.1861 4
0.1887 4
0.1914 4
0.1939 4
0.1965 4
0.1991 4
0.2017 4
0.2043 4
0.2070 4
0.2095 4
0.2121 4
0.2147 4
0.2172 4
0.2197 4
0.2223 4
0.2248 4
0.2273 4
0.2298 4
0.2324 4
0.2349 4
0.2374 4
0.2399 4
0.2424 4
0.2449 4
0.2475 4
0.2500 4
0.2525 4
0.2551 4
0.2576 4
