0.0000 3
0.0012 2
0.0033 2
0.0062 2
0.0092 2
0.0120 2
0.0150 2
0.0179 2
0.0208 2
0.0237 2
0.0267 2
0.0296 2
0.0325 2
0.0354 2
0.0383 2
0.0412 2
0.0441 2
0.0470 2
0.0499 2
0.0528 2
0.0557 2
0.0586 2
0.0614 2
0.0643 2
0.0671 2
0.0700 2
0.0729 2
0.0757 2
0.0786 2
0.0815 2
0.0843 2
0.0872 2
0.0901 2
0.0930 2
0.0959 2
0.0988 2
0.1016 2
0.1045 2
0.1074 2
0.1102 2
0.1131 2
0.1159 2
0.1188 2
0.1217 2
0.1245 2
0.1274 2
0.1303 2
0.1331 2
0.1360 2
0.1389 2
0.1417 2
0.1446 2
0.1475 2
0.1503 2
0.1532 2
0.1560 2
0.1589 2
0.1618 2
0.1646 2
0.1675 2
0.1704 2
0.1732 2
0.1761 2
0.1790 2
0.1818 2
0.1847 2
0.1875 2
0.1904 2
0.1933 2
0.1961 2
0.1990 2
0.2019 2
0.2047 2
0.2076 2
0.2105 2
0.2133 2
0.2162 2
0.2191 2
0.2220 2
0.2248 2
0.2277 2
0.2306 2
0.2335 2
0.2363 2
0.2392 2
0.2420 2
0.2449 2
0.2477 2
0.2506 2
0.2534 2
0.2563 2
0.2592 2
0.2620 2
0.2649 2
0.2678 2
0.2707 2
0.2735 2
0.2764 2
0.2792 2
0.2821 2
0.2851 2
0.2881 2
