0.0000 3
0.0028 3
0.0052 3
0.0076 3
0.0100 3
0.0123 3
0.0147 3
0.0171 3
0.0194 3
0.0217 3
0.0241 3
0.0264 3
0.0287 3
0.0310 3
0.0334 3
0.0357 3
0.0380 3
0.0403 3
0.0426 3
0.0450 3
0.0473 3
0.0497 3
0.0520 3
0.0543 3
0.0566 3
0.0590 3
0.0613 3
0.0636 3
0.0664 3
0.0687 3
0.0713 3
0.0738 3
0.0762 3
0.0787 3
0.0811 3
0.0836 3
0.0861 3
0.0884 3
0.0909 3
0.0933 3
0.0957 3
0.0982 3
0.1005 3
0.1030 3
0.1054 3
0.1078 3
0.1101 3
0.1125 3
0.1148 3
0.1171 3
0.1195 3
0.1218 3
0.1242 3
0.1265 3
0.1288 3
0.1312 3
0.1335 3
0.1359 3
0.1383 3
0.1407 3
0.1430 3
0.1454 3
0.1477 3
0.1500 3
0.1523 3
0.1547 3
0.1570 3
0.1593 3
0.1617 3
0.1640 3
0.1663 3
0.1687 3
0.1710 3
0.1733 3
0.1756 3
0.1779 3
0.1803 3
0.1826 3
0.1850 3
0.1873 3
0.1896 3
0.1919 3
0.1944 3
0.1968 3
0.1991 3
0.2014 3
0.2037 3
0.2061 3
0.2085 3
0.2112 3
0.2135 3
0.2159 3
0.2182 3
0.2206 3
0.2229 3
0.2253 3
0.2276 3
0.2300 3
0.2323 3
0.2349 3
0.2374 3
