0.0000 6
0.0034 6
0.0041 5
0.0065 5
0.0097 5
0.0128 5
0.0159 5
0.0190 5
0.0221 5
0.0251 5
0.0282 5
0.0312 5
0.0343 5
0.0374 5
0.0404 5
0.0435 5
0.0466 5
0.0497 5
0.0527 5
0.0558 5
0.0588 5
0.0619 5
0.0649 5
0.0680 5
0.0710 5
0.0741 5
0.0772 5
0.0802 5
0.0833 5
0.0864 5
0.0894 5
0.0925 5
0.0955 5
0.0986 5
0.1017 5
0.1048 5
0.1078 5
0.1109 5
0.1139 5
0.1170 5
0.1200 5
0.1234 5
0.1265 5
0.1296 5
0.1327 5
0.1358 5
0.1389 5
0.1419 5
0.1450 5
0.1481 5
0.1511 5
0.1542 5
0.1572 5
0.1603 5
0.1634 5
0.1665 5
0.1696 5
0.1727 5
0.1757 5
0.1788 5
0.1819 5
0.1849 5
0.1880 5
0.1910 5
0.1941 5
0.1971 5
0.2002 5
0.2032 5
0.2064 5
0.2094 5
0.2125 5
0.2155 5
0.2186 5
0.2216 5
0.2247 5
0.2278 5
0.2308 5
0.2339 5
0.2369 5
0.2400 5
0.2430 5
0.2461 5
0.2491 5
0.2522 5
0.2552 5
0.2583 5
0.2614 5
0.2645 5
0.2675 5
0.2706 5
0.2736 5
0.2767 5
0.2797 5
0.2828 5
0.2858 5
0.2889 5
0.2919 5
0.2949 5
0.2979 5
0.3010 5
0.3040 5
0.3070 5
0.3102 5
