0.0000 5
0.0040 5
0.0063 4
0.0073 4
0.0105 4
0.0137 4
0.0170 4
0.0202 4
0.0235 4
0.0267 4
0.0299 4
0.0330 4
0.0362 4
0.0394 4
0.0425 4
0.0457 4
0.0488 4
0.0520 4
0.0552 4
0.0583 4
0.0615 4
0.0646 4
0.0678 4
0.0710 4
0.0741 4
0.0773 4
0.0804 4
0.0838 4
0.0869 4
0.0901 4
0.0933 4
0.0965 4
0.0996 4
0.1028 4
0.1059 4
0.1091 4
0.1123 4
0.1154 4
0.1186 4
0.1217 4
0.1249 4
0.1281 4
0.1313 4
0.1344 4
0.1376 4
0.1408 4
0.1440 4
0.1471 4
0.1503 4
0.1535 4
0.1566 4
0.1598 4
0.1629 4
0.1661 4
0.1693 4
0.1725 4
0.1756 4
0.1788 4
0.1819 4
0.1851 4
0.1883 4
0.1915 4
0.1947 4
0.1979 4
0.2010 4
0.2042 4
0.2075 4
0.2107 4
0.2139 4
0.2170 4
0.2202 4
0.2234 4
0.2265 4
0.2297 4
0.2329 4
0.2361 4
0.2393 4
0.2425 4
0.2457 4
0.2488 4
0.2520 4
0.2552 4
0.2584 4
0.2615 4
0.2647 4
0.2678 4
0.2710 4
0.2741 4
0.2773 4
0.2805 4
0.2836 4
0.2868 4
0.2900 4
0.2931 4
0.2963 4
0.2994 4
0.3026 4
0.3058 4
0.3090 4
0.3121 4
0.3153 4
0.3185 4
0.3216 4
