0.0000 3
0.0033 3
0.0063 3
0.0093 3
0.0123 3
0.0154 3
0.0184 3
0.0213 3
0.0243 3
0.0272 3
0.0301 3
0.0331 3
0.0360 3
0.0389 3
0.0418 3
0.0448 3
0.0477 3
0.0506 3
0.0535 3
0.0564 3
0.0593 3
0.0623 3
0.0652 3
0.0681 3
0.0710 3
0.0740 3
0.0769 3
0.0798 3
0.0828 3
0.0857 3
0.0886 3
0.0915 3
0.0945 3
0.0974 3
0.1003 3
0.1033 3
0.1062 3
0.1091 3
0.1120 3
0.1150 3
0.1180 3
0.1209 3
0.1238 3
0.1267 3
0.1296 3
0.1326 3
0.1355 3
0.1384 3
0.1413 3
0.1443 3
0.1472 3
0.1501 3
0.1531 3
0.1560 3
0.1589 3
0.1618 3
0.1647 3
0.1677 3
0.1706 3
0.1735 3
0.1764 3
0.1794 3
0.1823 3
0.1853 3
0.1882 3
0.1911 3
0.1940 3
0.1969 3
0.1998 3
0.2027 3
0.2058 3
0.2089 3
0.2119 3
0.2148 3
0.2178 3
0.2207 3
0.2236 3
0.2265 3
0.2295 3
0.2324 3
0.2353 3
0.2382 3
0.2411 3
0.2441 3
0.2470 3
0.2499 3
0.2528 3
0.2557 3
0.2586 3
0.2616 3
0.2645 3
0.2674 3
0.2703 3
0.2732 3
0.2761 3
0.2790 3
0.2819 3
0.2848 3
0.2878 3
0.2907 3
0.2936 3
