0.0000 4
0.0027 4
0.0053 4
0.0078 4
0.0104 4
0.0129 4
0.0153 4
0.0179 4
0.0204 4
0.0228 4
0.0254 4
0.0279 4
0.0304 4
0.0329 4
0.0353 4
0.0378 4
0.0404 4
0.0428 4
0.0453 4
0.0478 4
0.0503 4
0.0528 4
0.0552 4
0.0577 4
0.0602 4
0.0627 4
0.0652 4
0.0676 4
0.0701 4
0.0726 4
0.0750 4
0.0775 4
0.0800 4
0.0825 4
0.0850 4
0.0875 4
0.0899 4
0.0924 4
0.0950 4
0.0977 4
0.1003 4
0.1028 4
0.1053 4
0.1077 4
0.1103 4
0.1128 4
0.1153 4
0.1177 4
0.1202 4
0.1227 4
0.1251 4
0.1276 4
0.1301 4
0.1326 4
0.1350 4
0.1377 4
0.1404 4
0.1430 4
0.1456 4
0.1480 4
0.1505 4
0.1529 4
0.1554 4
0.1578 4
0.1603 4
0.1628 4
0.1653 4
0.1677 4
0.1702 4
0.1727 4
0.1752 4
0.1777 4
0.1802 4
0.1827 4
0.1852 4
0.1877 4
0.1902 4
0.1926 4
0.1951 4
0.1976 4
0.2001 4
0.2025 4
0.2050 4
0.2075 4
0.2100 4
0.2125 4
0.2149 4
0.2174 4
0.2199 4
0.2224 4
0.2248 4
0.2273 4
0.2298 4
0.2322 4
0.2347 4
0.2372 4
0.2397 4
0.2422 4
0.2446 4
0.2471 4
0.2496 4
