0.0000 3
0.0034 3
0.0067 3
0.0098 3
0.0129 3
0.0160 3
0.0190 3
0.0219 3
0.0249 3
0.0278 3
0.0308 3
0.0337 3
0.0367 3
0.0396 3
0.0426 3
0.0455 3
0.0485 3
0.0514 3
0.0544 3
0.0573 3
0.0602 3
0.0632 3
0.0661 3
0.0691 3
0.0720 3
0.0749 3
0.0779 3
0.0808 3
0.0837 3
0.0867 3
0.0896 3
0.0926 3
0.0955 3
0.0985 3
0.1014 3
0.1044 3
0.1073 3
0.1102 3
0.1132 3
0.1162 3
0.1191 3
0.1220 3
0.1252 3
0.1284 3
0.1314 3
0.1344 3
0.1374 3
0.1404 3
0.1434 3
0.1464 3
0.1494 3
0.1525 3
0.1554 3
0.1585 3
0.1615 3
0.1645 3
0.1675 3
0.1706 3
0.1736 3
0.1767 3
0.1797 3
0.1827 3
0.1857 3
0.1887 3
0.1917 3
0.1947 3
0.1976 3
0.2006 3
0.2035 3
0.2065 3
0.2094 3
0.2124 3
0.2154 3
0.2183 3
0.2213 3
0.2242 3
0.2272 3
0.2301 3
0.2331 3
0.2360 3
0.2390 3
0.2420 3
0.2449 3
0.2479 3
0.2508 3
0.2538 3
0.2567 3
0.2597 3
0.2626 3
0.2655 3
0.2684 3
0.2714 3
0.2743 3
0.2773 3
0.2802 3
0.2832 3
0.2861 3
0.2891 3
0.2920 3
0.2949 3
0.2979 3
