0.0000 4
0.0021 3
0.0035 3
0.0066 3
0.0096 3
0.0128 3
0.0158 3
0.0189 3
0.0220 3
0.0250 3
0.0280 3
0.0310 3
0.0340 3
0.0370 3
0.0401 3
0.0431 3
0.0462 3
0.0493 3
0.0524 3
0.0554 3
0.0585 3
0.0616 3
0.0646 3
0.0676 3
0.0706 3
0.0736 3
0.0767 3
0.0797 3
0.0827 3
0.0857 3
0.0887 3
0.0917 3
0.0946 3
0.0976 3
0.1007 3
0.1037 3
0.1067 3
0.1097 3
0.1127 3
0.1157 3
0.1187 3
0.1217 3
0.1247 3
0.1277 3
0.1307 3
0.1337 3
0.1367 3
0.1397 3
0.1427 3
0.1457 3
0.1487 3
0.1518 3
0.1548 3
0.1578 3
0.1608 3
0.1638 3
0.1668 3
0.1699 3
0.1729 3
0.1759 3
0.1789 3
0.1819 3
0.1849 3
0.1879 3
0.1910 3
0.1940 3
0.1970 3
0.2000 3
0.2030 3
0.2060 3
0.2091 3
0.2121 3
0.2151 3
0.2182 3
0.2213 3
0.2243 3
0.2274 3
0.2304 3
0.2334 3
0.2365 3
0.2395 3
0.2425 3
0.2455 3
0.2486 3
0.2516 3
0.2546 3
0.2576 3
0.2607 3
0.2637 3
0.2667 3
0.2697 3
0.2728 3
0.2758 3
0.2788 3
0.2818 3
0.2848 3
0.2878 3
0.2908 3
0.2938 3
0.2969 3
0.2999 3
0.3029 3
