0.0000 3
0.0008 2
0.0032 2
0.0062 2
0.0092 2
0.0122 2
0.0157 2
0.0186 2
0.0215 2
0.0245 2
0.0274 2
0.0303 2
0.0333 2
0.0362 2
0.0390 2
0.0419 2
0.0448 2
0.0477 2
0.0506 2
0.0535 2
0.0564 2
0.0592 2
0.0622 2
0.0654 2
0.0685 2
0.0714 2
0.0743 2
0.0772 2
0.0801 2
0.0830 2
0.0860 2
0.0889 2
0.0918 2
0.0947 2
0.0976 2
0.1005 2
0.1034 2
0.1066 2
0.1098 2
0.1128 2
0.1157 2
0.1185 2
0.1215 2
0.1244 2
0.1273 2
0.1302 2
0.1331 2
0.1360 2
0.1389 2
0.1418 2
0.1447 2
0.1476 2
0.1505 2
0.1534 2
0.1563 2
0.1592 2
0.1621 2
0.1650 2
0.1679 2
0.1708 2
0.1737 2
0.1766 2
0.1795 2
0.1824 2
0.1852 2
0.1881 2
0.1910 2
0.1939 2
0.1968 2
0.1997 2
0.2026 2
0.2055 2
0.2084 2
0.2112 2
0.2141 2
0.2170 2
0.2199 2
0.2228 2
0.2257 2
0.2286 2
0.2315 2
0.2345 2
0.2374 2
0.2403 2
0.2432 2
0.2461 2
0.2490 2
0.2518 2
0.2547 2
0.2576 2
0.2606 2
0.2635 2
0.2665 2
0.2694 2
0.2724 2
0.2753 2
0.2782 2
0.2811 2
0.2840 2
0.2869 2
0.2901 2
0.2933 2
