0.0000 3
0.0027 3
0.0052 3
0.0077 3
0.0101 3
0.0126 3
0.0150 3
0.0174 3
0.0199 3
0.0223 3
0.0248 3
0.0272 3
0.0296 3
0.0320 3
0.0344 3
0.0368 3
0.0392 3
0.0416 3
0.0440 3
0.0463 3
0.0487 3
0.0511 3
0.0534 3
0.0558 3
0.0582 3
0.0605 3
0.0629 3
0.0652 3
0.0676 3
0.0699 3
0.0723 3
0.0747 3
0.0770 3
0.0794 3
0.0817 3
0.0841 3
0.0865 3
0.0889 3
0.0912 3
0.0936 3
0.0960 3
0.0983 3
0.1007 3
0.1031 3
0.1054 3
0.1078 3
0.1101 3
0.1125 3
0.1149 3
0.1172 3
0.1196 3
0.1220 3
0.1243 3
0.1267 3
0.1291 3
0.1314 3
0.1338 3
0.1361 3
0.1385 3
0.1409 3
0.1432 3
0.1456 3
0.1479 3
0.1503 3
0.1527 3
0.1550 3
0.1574 3
0.1598 3
0.1621 3
0.1645 3
0.1669 3
0.1692 3
0.1716 3
0.1740 3
0.1763 3
0.1787 3
0.1811 3
0.1834 3
0.1858 3
0.1881 3
0.1905 3
0.1928 3
0.1952 3
0.1976 3
0.2000 3
0.2023 3
0.2048 3
0.2071 3
0.2095 3
0.2120 3
0.2143 3
0.2167 3
0.2190 3
0.2214 3
0.2237 3
0.2261 3
0.2284 3
0.2307 3
0.2331 3
0.2354 3
0.2378 3
