0.0000 4
0.0032 4
0.0059 4
0.0088 4
0.0116 4
0.0144 4
0.0172 4
0.0200 4
0.0228 4
0.0257 4
0.0285 4
0.0313 4
0.0341 4
0.0369 4
0.0397 4
0.0426 4
0.0455 4
0.0483 4
0.0511 4
0.0540 4
0.0567 4
0.0595 4
0.0623 4
0.0652 4
0.0679 4
0.0707 4
0.0735 4
0.0763 4
0.0791 4
0.0819 4
0.0846 4
0.0874 4
0.0903 4
0.0931 4
0.0958 4
0.0986 4
0.1014 4
0.1042 4
0.1070 4
0.1098 4
0.1126 4
0.1154 4
0.1182 4
0.1211 4
0.1239 4
0.1267 4
0.1296 4
0.1324 4
0.1352 4
0.1381 4
0.1409 4
0.1437 4
0.1466 4
0.1494 4
0.1522 4
0.1551 4
0.1579 4
0.1607 4
0.1634 4
0.1662 4
0.1690 4
0.1718 4
0.1746 4
0.1774 4
0.1802 4
0.1829 4
0.1857 4
0.1885 4
0.1913 4
0.1941 4
0.1970 4
0.1997 4
0.2025 4
0.2053 4
0.2081 4
0.2110 4
0.2137 4
0.2165 4
0.2193 4
0.2221 4
0.2249 4
0.2277 4
0.2305 4
0.2333 4
0.2361 4
0.2389 4
0.2417 4
0.2446 4
0.2474 4
0.2502 4
0.2530 4
0.2558 4
0.2587 4
0.2615 4
0.2643 4
0.2671 4
0.2699 4
0.2727 4
0.2755 4
0.2783 4
0.2810 4
