0.0000 4
0.0034 4
0.0037 3
0.0067 3
0.0100 3
0.0132 3
0.0164 3
0.0196 3
0.0229 3
0.0260 3
0.0292 3
0.0322 3
0.0353 3
0.0384 3
0.0415 3
0.0446 3
0.0477 3
0.0508 3
0.0539 3
0.0571 3
0.0601 3
0.0632 3
0.0663 3
0.0694 3
0.0725 3
0.0755 3
0.0787 3
0.0818 3
0.0848 3
0.0879 3
0.0910 3
0.0941 3
0.0972 3
0.1003 3
0.1033 3
0.1064 3
0.1095 3
0.1126 3
0.1156 3
0.1187 3
0.1217 3
0.1248 3
0.1278 3
0.1308 3
0.1339 3
0.1369 3
0.1399 3
0.1429 3
0.1459 3
0.1489 3
0.1518 3
0.1548 3
0.1578 3
0.1608 3
0.1638 3
0.1668 3
0.1698 3
0.1728 3
0.1757 3
0.1787 3
0.1817 3
0.1847 3
0.1876 3
0.1906 3
0.1936 3
0.1967 3
0.1997 3
0.2030 3
0.2061 3
0.2091 3
0.2122 3
0.2152 3
0.2183 3
0.2214 3
0.2244 3
0.2274 3
0.2305 3
0.2335 3
0.2365 3
0.2395 3
0.2426 3
0.2456 3
0.2487 3
0.2517 3
0.2547 3
0.2578 3
0.2608 3
0.2638 3
0.2668 3
0.2699 3
0.2730 3
0.2760 3
0.2789 3
0.2819 3
0.2848 3
0.2878 3
0.2908 3
0.2937 3
0.2967 3
0.2996 3
0.3026 3
0.3056 3
0.3085 3
