0.0000 5
0.0038 4
0.0038 4
0.0070 4
0.0102 4
0.0134 4
0.0167 4
0.0199 4
0.0231 4
0.0263 4
0.0296 4
0.0327 4
0.0359 4
0.0390 4
0.0421 4
0.0453 4
0.0485 4
0.0517 4
0.0548 4
0.0583 4
0.0616 4
0.0649 4
0.0681 4
0.0713 4
0.0745 4
0.0778 4
0.0809 4
0.0841 4
0.0872 4
0.0904 4
0.0936 4
0.0967 4
0.0999 4
0.1030 4
0.1062 4
0.1093 4
0.1125 4
0.1156 4
0.1187 4
0.1219 4
0.1250 4
0.1282 4
0.1313 4
0.1345 4
0.1376 4
0.1408 4
0.1439 4
0.1470 4
0.1502 4
0.1533 4
0.1565 4
0.1596 4
0.1628 4
0.1659 4
0.1691 4
0.1722 4
0.1753 4
0.1785 4
0.1817 4
0.1848 4
0.1880 4
0.1911 4
0.1943 4
0.1974 4
0.2006 4
0.2037 4
0.2068 4
0.2100 4
0.2131 4
0.2163 4
0.2194 4
0.2226 4
0.2257 4
0.2288 4
0.2320 4
0.2352 4
0.2383 4
0.2415 4
0.2446 4
0.2478 4
0.2510 4
0.2541 4
0.2574 4
0.2605 4
0.2637 4
0.2669 4
0.2701 4
0.2732 4
0.2764 4
0.2795 4
0.2827 4
0.2858 4
0.2889 4
0.2922 4
0.2953 4
0.2985 4
0.3017 4
0.3050 4
0.3081 4
0.3113 4
0.3144 4
0.3175 4
0.3207 4
