0.0000 5
0.0008 4
0.0040 4
0.0073 4
0.0105 4
0.0137 4
0.0170 4
0.0201 4
0.0233 4
0.0265 4
0.0296 4
0.0328 4
0.0360 4
0.0394 4
0.0426 4
0.0457 4
0.0489 4
0.0521 4
0.0552 4
0.0584 4
0.0615 4
0.0647 4
0.0679 4
0.0710 4
0.0742 4
0.0773 4
0.0805 4
0.0837 4
0.0869 4
0.0901 4
0.0932 4
0.0963 4
0.0995 4
0.1026 4
0.1058 4
0.1089 4
0.1121 4
0.1153 4
0.1184 4
0.1216 4
0.1247 4
0.1279 4
0.1311 4
0.1342 4
0.1374 4
0.1406 4
0.1438 4
0.1470 4
0.1501 4
0.1533 4
0.1564 4
0.1596 4
0.1627 4
0.1659 4
0.1690 4
0.1722 4
0.1753 4
0.1785 4
0.1816 4
0.1848 4
0.1880 4
0.1911 4
0.1943 4
0.1974 4
0.2006 4
0.2038 4
0.2070 4
0.2102 4
0.2135 4
0.2166 4
0.2199 4
0.2230 4
0.2262 4
0.2293 4
0.2325 4
0.2356 4
0.2388 4
0.2420 4
0.2451 4
0.2483 4
0.2514 4
0.2546 4
0.2577 4
0.2609 4
0.2641 4
0.2672 4
0.2704 4
0.2735 4
0.2766 4
0.2798 4
0.2830 4
0.2861 4
0.2893 4
0.2924 4
0.2956 4
0.2987 4
0.3019 4
0.3050 4
0.3082 4
0.3114 4
0.3145 4
0.3177 4
