0.0000 5
0.0030 5
0.0058 5
0.0085 5
0.0110 5
0.0136 5
0.0162 5
0.0188 5
0.0214 5
0.0240 5
0.0265 5
0.0291 5
0.0316 5
0.0347 5
0.0372 5
0.0398 5
0.0423 5
0.0449 5
0.0474 5
0.0500 5
0.0525 5
0.0551 5
0.0576 5
0.0602 5
0.0627 5
0.0653 5
0.0679 5
0.0704 5
0.0730 5
0.0755 5
0.0781 5
0.0807 5
0.0832 5
0.0858 5
0.0883 5
0.0908 5
0.0934 5
0.0959 5
0.0985 5
0.1011 5
0.1036 5
0.1061 5
0.1087 5
0.1112 5
0.1138 5
0.1163 5
0.1188 5
0.1214 5
0.1240 5
0.1265 5
0.1291 5
0.1316 5
0.1342 5
0.1367 5
0.1393 5
0.1418 5
0.1443 5
0.1469 5
0.1494 5
0.1519 5
0.1545 5
0.1570 5
0.1595 5
0.1621 5
0.1646 5
0.1671 5
0.1697 5
0.1722 5
0.1747 5
0.1773 5
0.1798 5
0.1823 5
0.1849 5
0.1874 5
0.1899 5
0.1924 5
0.1950 5
0.1975 5
0.2000 5
0.2025 5
0.2050 5
0.2075 5
0.2100 5
0.2125 5
0.2150 5
0.2176 5
0.2201 5
0.2226 5
0.2251 5
0.2278 5
0.2305 5
0.2330 5
0.2355 5
0.2381 5
0.2406 5
0.2431 5
0.2457 5
0.2482 5
0.2508 5
0.2533 5
0.2558 5
