0.0000 3
0.0030 3
0.0054 3
0.0054 2
0.0079 2
0.0102 2
0.0126 2
0.0151 2
0.0174 2
0.0198 2
0.0221 2
0.0245 2
0.0268 2
0.0292 2
0.0315 2
0.0338 2
0.0362 2
0.0386 2
0.0409 2
0.0433 2
0.0456 2
0.0479 2
0.0503 2
0.0526 2
0.0549 2
0.0572 2
0.0596 2
0.0619 2
0.0642 2
0.0665 2
0.0689 2
0.0713 2
0.0736 2
0.0759 2
0.0782 2
0.0806 2
0.0829 2
0.0852 2
0.0875 2
0.0899 2
0.0922 2
0.0945 2
0.0969 2
0.0992 2
0.1015 2
0.1038 2
0.1061 2
0.1085 2
0.1108 2
0.1131 2
0.1155 2
0.1178 2
0.1201 2
0.1225 2
0.1248 2
0.1272 2
0.1295 2
0.1319 2
0.1342 2
0.1365 2
0.1389 2
0.1412 2
0.1435 2
0.1459 2
0.1483 2
0.1506 2
0.1529 2
0.1553 2
0.1576 2
0.1599 2
0.1623 2
0.1646 2
0.1669 2
0.1692 2
0.1715 2
0.1738 2
0.1761 2
0.1784 2
0.1808 2
0.1831 2
0.1854 2
0.1877 2
0.1900 2
0.1923 2
0.1947 2
0.1970 2
0.1993 2
0.2016 2
0.2039 2
0.2062 2
0.2086 2
0.2109 2
0.2132 2
0.2155 2
0.2178 2
0.2202 2
0.2225 2
0.2248 2
0.2271 2
0.2294 2
0.2318 2
0.2341 2
0.2364 2
0.2388 2
