0.0000 6
0.0039 6
0.0057 5
0.0070 5
0.0101 5
0.0131 5
0.0162 5
0.0193 5
0.0223 5
0.0254 5
0.0285 5
0.0315 5
0.0344 5
0.0374 5
0.0404 5
0.0435 5
0.0465 5
0.0495 5
0.0525 5
0.0555 5
0.0585 5
0.0615 5
0.0645 5
0.0675 5
0.0705 5
0.0734 5
0.0764 5
0.0795 5
0.0825 5
0.0854 5
0.0884 5
0.0914 5
0.0944 5
0.0974 5
0.1004 5
0.1034 5
0.1064 5
0.1094 5
0.1123 5
0.1153 5
0.1183 5
0.1213 5
0.1243 5
0.1276 5
0.1306 5
0.1336 5
0.1366 5
0.1396 5
0.1425 5
0.1455 5
0.1485 5
0.1515 5
0.1549 5
0.1581 5
0.1611 5
0.1641 5
0.1671 5
0.1701 5
0.1731 5
0.1761 5
0.1791 5
0.1821 5
0.1852 5
0.1882 5
0.1912 5
0.1943 5
0.1983 5
0.2014 5
0.2044 5
0.2074 5
0.2104 5
0.2134 5
0.2164 5
0.2194 5
0.2224 5
0.2254 5
0.2284 5
0.2314 5
0.2344 5
0.2374 5
0.2404 5
0.2434 5
0.2464 5
0.2493 5
0.2524 5
0.2554 5
0.2584 5
0.2614 5
0.2644 5
0.2674 5
0.2704 5
0.2733 5
0.2763 5
0.2793 5
0.2823 5
0.2852 5
0.2882 5
0.2912 5
0.2942 5
0.2972 5
0.3001 5
0.3031 5
0.3061 5
