0.0000 6
0.0035 6
0.0043 5
0.0067 5
0.0099 5
0.0130 5
0.0161 5
0.0193 5
0.0225 5
0.0256 5
0.0287 5
0.0318 5
0.0349 5
0.0380 5
0.0411 5
0.0442 5
0.0473 5
0.0505 5
0.0536 5
0.0567 5
0.0598 5
0.0630 5
0.0661 5
0.0692 5
0.0723 5
0.0757 5
0.0787 5
0.0819 5
0.0850 5
0.0881 5
0.0912 5
0.0944 5
0.0975 5
0.1006 5
0.1037 5
0.1068 5
0.1099 5
0.1130 5
0.1160 5
0.1191 5
0.1222 5
0.1252 5
0.1284 5
0.1314 5
0.1345 5
0.1376 5
0.1407 5
0.1438 5
0.1469 5
0.1500 5
0.1531 5
0.1561 5
0.1592 5
0.1623 5
0.1654 5
0.1685 5
0.1716 5
0.1747 5
0.1778 5
0.1809 5
0.1839 5
0.1870 5
0.1901 5
0.1932 5
0.1963 5
0.1994 5
0.2024 5
0.2056 5
0.2087 5
0.2118 5
0.2148 5
0.2179 5
0.2210 5
0.2241 5
0.2272 5
0.2303 5
0.2333 5
0.2364 5
0.2395 5
0.2426 5
0.2457 5
0.2488 5
0.2519 5
0.2549 5
0.2580 5
0.2612 5
0.2643 5
0.2674 5
0.2705 5
0.2737 5
0.2768 5
0.2800 5
0.2830 5
0.2861 5
0.2892 5
0.2923 5
0.2953 5
0.2984 5
0.3015 5
0.3045 5
0.3076 5
0.3107 5
0.3137 5
