0.0000 5
0.0029 5
0.0051 4
0.0055 4
0.0081 4
0.0107 4
0.0133 4
0.0159 4
0.0185 4
0.0211 4
0.0236 4
0.0262 4
0.0287 4
0.0312 4
0.0338 4
0.0363 4
0.0389 4
0.0414 4
0.0439 4
0.0465 4
0.0490 4
0.0516 4
0.0542 4
0.0567 4
0.0592 4
0.0618 4
0.0644 4
0.0669 4
0.0695 4
0.0720 4
0.0745 4
0.0771 4
0.0796 4
0.0821 4
0.0846 4
0.0872 4
0.0897 4
0.0923 4
0.0948 4
0.0973 4
0.0999 4
0.1024 4
0.1050 4
0.1075 4
0.1100 4
0.1125 4
0.1150 4
0.1176 4
0.1201 4
0.1227 4
0.1252 4
0.1278 4
0.1303 4
0.1328 4
0.1354 4
0.1380 4
0.1405 4
0.1430 4
0.1456 4
0.1482 4
0.1507 4
0.1532 4
0.1558 4
0.1583 4
0.1609 4
0.1634 4
0.1659 4
0.1684 4
0.1710 4
0.1735 4
0.1762 4
0.1789 4
0.1815 4
0.1840 4
0.1866 4
0.1891 4
0.1916 4
0.1943 4
0.1968 4
0.1994 4
0.2019 4
0.2044 4
0.2069 4
0.2095 4
0.2120 4
0.2145 4
0.2172 4
0.2207 4
0.2233 4
0.2259 4
0.2285 4
0.2311 4
0.2336 4
0.2361 4
0.2387 4
0.2412 4
0.2438 4
0.2463 4
0.2489 4
0.2514 4
0.2539 4
0.2565 4
0.2590 4
