0.0000 5
0.0005 4
0.0031 4
0.0058 4
0.0084 4
0.0110 4
0.0136 4
0.0162 4
0.0189 4
0.0215 4
0.0241 4
0.0267 4
0.0293 4
0.0318 4
0.0344 4
0.0370 4
0.0395 4
0.0421 4
0.0447 4
0.0472 4
0.0498 4
0.0524 4
0.0549 4
0.0575 4
0.0601 4
0.0626 4
0.0652 4
0.0678 4
0.0704 4
0.0730 4
0.0755 4
0.0781 4
0.0807 4
0.0832 4
0.0857 4
0.0883 4
0.0908 4
0.0934 4
0.0959 4
0.0984 4
0.1009 4
0.1035 4
0.1061 4
0.1086 4
0.1112 4
0.1138 4
0.1163 4
0.1189 4
0.1214 4
0.1239 4
0.1265 4
0.1290 4
0.1316 4
0.1341 4
0.1366 4
0.1392 4
0.1417 4
0.1443 4
0.1468 4
0.1493 4
0.1519 4
0.1545 4
0.1570 4
0.1595 4
0.1621 4
0.1646 4
0.1671 4
0.1697 4
0.1722 4
0.1747 4
0.1772 4
0.1797 4
0.1823 4
0.1848 4
0.1873 4
0.1899 4
0.1924 4
0.1949 4
0.1974 4
0.2000 4
0.2025 4
0.2050 4
0.2076 4
0.2101 4
0.2126 4
0.2151 4
0.2177 4
0.2202 4
0.2227 4
0.2252 4
0.2277 4
0.2303 4
0.2328 4
0.2353 4
0.2380 4
0.2407 4
0.2432 4
0.2458 4
0.2483 4
0.2508 4
0.2534 4
0.2559 4
