0.0000 6
0.0056 6
0.0064 5
0.0088 5
0.0120 5
0.0151 5
0.0182 5
0.0213 5
0.0244 5
0.0275 5
0.0307 5
0.0337 5
0.0368 5
0.0399 5
0.0432 5
0.0472 5
0.0503 5
0.0533 5
0.0564 5
0.0595 5
0.0626 5
0.0656 5
0.0687 5
0.0717 5
0.0747 5
0.0778 5
0.0808 5
0.0839 5
0.0869 5
0.0899 5
0.0929 5
0.0960 5
0.0989 5
0.1020 5
0.1049 5
0.1079 5
0.1109 5
0.1139 5
0.1169 5
0.1198 5
0.1228 5
0.1258 5
0.1288 5
0.1317 5
0.1347 5
0.1377 5
0.1407 5
0.1436 5
0.1466 5
0.1496 5
0.1526 5
0.1556 5
0.1586 5
0.1616 5
0.1646 5
0.1676 5
0.1705 5
0.1735 5
0.1765 5
0.1795 5
0.1825 5
0.1855 5
0.1885 5
0.1915 5
0.1945 5
0.1975 5
0.2005 5
0.2035 5
0.2065 5
0.2094 5
0.2124 5
0.2154 5
0.2184 5
0.2214 5
0.2244 5
0.2274 5
0.2303 5
0.2333 5
0.2363 5
0.2393 5
0.2422 5
0.2452 5
0.2482 5
0.2512 5
0.2541 5
0.2571 5
0.2601 5
0.2630 5
0.2660 5
0.2690 5
0.2719 5
0.2749 5
0.2779 5
0.2809 5
0.2838 5
0.2868 5
0.2898 5
0.2928 5
0.2957 5
0.2987 5
0.3017 5
0.3046 5
0.3077 5
