0.0000 3
0.0020 2
0.0033 2
0.0061 2
0.0089 2
0.0117 2
0.0145 2
0.0172 2
0.0200 2
0.0227 2
0.0254 2
0.0282 2
0.0310 2
0.0337 2
0.0364 2
0.0392 2
0.0419 2
0.0446 2
0.0474 2
0.0501 2
0.0528 2
0.0555 2
0.0582 2
0.0610 2
0.0637 2
0.0664 2
0.0691 2
0.0719 2
0.0746 2
0.0773 2
0.0801 2
0.0828 2
0.0855 2
0.0882 2
0.0910 2
0.0937 2
0.0964 2
0.0991 2
0.1019 2
0.1046 2
0.1073 2
0.1101 2
0.1128 2
0.1155 2
0.1182 2
0.1209 2
0.1236 2
0.1264 2
0.1291 2
0.1318 2
0.1345 2
0.1372 2
0.1399 2
0.1426 2
0.1453 2
0.1480 2
0.1508 2
0.1536 2
0.1563 2
0.1591 2
0.1618 2
0.1645 2
0.1672 2
0.1699 2
0.1726 2
0.1753 2
0.1780 2
0.1807 2
0.1834 2
0.1861 2
0.1889 2
0.1916 2
0.1944 2
0.1971 2
0.1998 2
0.2027 2
0.2055 2
0.2082 2
0.2110 2
0.2137 2
0.2165 2
0.2192 2
0.2219 2
0.2247 2
0.2274 2
0.2301 2
0.2329 2
0.2356 2
0.2384 2
0.2411 2
0.2438 2
0.2465 2
0.2492 2
0.2519 2
0.2546 2
0.2574 2
0.2601 2
0.2628 2
0.2655 2
0.2683 2
0.2710 2
0.2737 2
