0.0000 4
0.0003 3
0.0033 3
0.0064 3
0.0094 3
0.0125 3
0.0155 3
0.0186 3
0.0215 3
0.0245 3
0.0275 3
0.0305 3
0.0336 3
0.0366 3
0.0395 3
0.0425 3
0.0455 3
0.0485 3
0.0515 3
0.0544 3
0.0574 3
0.0604 3
0.0634 3
0.0663 3
0.0693 3
0.0723 3
0.0752 3
0.0782 3
0.0812 3
0.0841 3
0.0871 3
0.0901 3
0.0930 3
0.0960 3
0.0990 3
0.1019 3
0.1049 3
0.1079 3
0.1110 3
0.1141 3
0.1171 3
0.1202 3
0.1233 3
0.1263 3
0.1294 3
0.1324 3
0.1354 3
0.1383 3
0.1413 3
0.1443 3
0.1473 3
0.1503 3
0.1533 3
0.1562 3
0.1592 3
0.1622 3
0.1652 3
0.1682 3
0.1711 3
0.1741 3
0.1771 3
0.1801 3
0.1831 3
0.1860 3
0.1890 3
0.1920 3
0.1950 3
0.1979 3
0.2009 3
0.2039 3
0.2068 3
0.2099 3
0.2129 3
0.2158 3
0.2188 3
0.2218 3
0.2248 3
0.2277 3
0.2307 3
0.2337 3
0.2367 3
0.2397 3
0.2427 3
0.2456 3
0.2486 3
0.2516 3
0.2545 3
0.2575 3
0.2604 3
0.2634 3
0.2664 3
0.2693 3
0.2723 3
0.2753 3
0.2782 3
0.2812 3
0.2843 3
0.2873 3
0.2902 3
0.2933 3
0.2962 3
0.2992 3
