0.0000 3
0.0007 2
0.0030 2
0.0058 2
0.0088 2
0.0116 2
0.0144 2
0.0173 2
0.0201 2
0.0230 2
0.0258 2
0.0287 2
0.0316 2
0.0344 2
0.0373 2
0.0402 2
0.0430 2
0.0458 2
0.0487 2
0.0515 2
0.0543 2
0.0572 2
0.0600 2
0.0628 2
0.0656 2
0.0685 2
0.0713 2
0.0741 2
0.0769 2
0.0797 2
0.0825 2
0.0852 2
0.0879 2
0.0907 2
0.0934 2
0.0962 2
0.0990 2
0.1017 2
0.1045 2
0.1072 2
0.1100 2
0.1127 2
0.1155 2
0.1182 2
0.1210 2
0.1237 2
0.1264 2
0.1292 2
0.1320 2
0.1347 2
0.1375 2
0.1403 2
0.1430 2
0.1458 2
0.1485 2
0.1513 2
0.1540 2
0.1568 2
0.1595 2
0.1622 2
0.1650 2
0.1678 2
0.1705 2
0.1732 2
0.1760 2
0.1788 2
0.1815 2
0.1843 2
0.1870 2
0.1897 2
0.1925 2
0.1953 2
0.1980 2
0.2008 2
0.2035 2
0.2063 2
0.2091 2
0.2119 2
0.2147 2
0.2175 2
0.2202 2
0.2230 2
0.2257 2
0.2285 2
0.2312 2
0.2340 2
0.2368 2
0.2395 2
0.2423 2
0.2450 2
0.2478 2
0.2506 2
0.2533 2
0.2561 2
0.2588 2
0.2616 2
0.2643 2
0.2671 2
0.2698 2
0.2726 2
0.2753 2
0.2781 2
