0.0000 5
0.0022 4
0.0029 4
0.0055 4
0.0080 4
0.0106 4
0.0131 4
0.0157 4
0.0183 4
0.0208 4
0.0234 4
0.0259 4
0.0285 4
0.0309 4
0.0335 4
0.0360 4
0.0385 4
0.0410 4
0.0435 4
0.0460 4
0.0485 4
0.0510 4
0.0535 4
0.0560 4
0.0585 4
0.0610 4
0.0635 4
0.0660 4
0.0685 4
0.0710 4
0.0735 4
0.0760 4
0.0785 4
0.0810 4
0.0835 4
0.0860 4
0.0885 4
0.0910 4
0.0935 4
0.0961 4
0.0986 4
0.1010 4
0.1035 4
0.1060 4
0.1085 4
0.1110 4
0.1135 4
0.1160 4
0.1185 4
0.1210 4
0.1235 4
0.1260 4
0.1285 4
0.1310 4
0.1335 4
0.1360 4
0.1385 4
0.1410 4
0.1435 4
0.1460 4
0.1484 4
0.1509 4
0.1534 4
0.1559 4
0.1584 4
0.1609 4
0.1633 4
0.1658 4
0.1683 4
0.1708 4
0.1732 4
0.1757 4
0.1782 4
0.1807 4
0.1832 4
0.1857 4
0.1882 4
0.1907 4
0.1932 4
0.1957 4
0.1982 4
0.2007 4
0.2032 4
0.2057 4
0.2083 4
0.2107 4
0.2132 4
0.2157 4
0.2182 4
0.2207 4
0.2232 4
0.2257 4
0.2281 4
0.2306 4
0.2331 4
0.2356 4
0.2381 4
0.2406 4
0.2431 4
0.2456 4
0.2480 4
0.2505 4
