0.0000 5
0.0007 4
0.0035 4
0.0068 4
0.0101 4
0.0134 4
0.0166 4
0.0197 4
0.0229 4
0.0261 4
0.0293 4
0.0325 4
0.0356 4
0.0388 4
0.0420 4
0.0452 4
0.0483 4
0.0515 4
0.0547 4
0.0579 4
0.0611 4
0.0643 4
0.0675 4
0.0706 4
0.0738 4
0.0770 4
0.0802 4
0.0834 4
0.0866 4
0.0898 4
0.0930 4
0.0961 4
0.0993 4
0.1026 4
0.1058 4
0.1090 4
0.1123 4
0.1155 4
0.1188 4
0.1220 4
0.1252 4
0.1284 4
0.1316 4
0.1348 4
0.1380 4
0.1412 4
0.1444 4
0.1476 4
0.1508 4
0.1541 4
0.1573 4
0.1605 4
0.1637 4
0.1668 4
0.1701 4
0.1732 4
0.1764 4
0.1796 4
0.1828 4
0.1860 4
0.1893 4
0.1925 4
0.1957 4
0.1989 4
0.2021 4
0.2053 4
0.2085 4
0.2117 4
0.2149 4
0.2181 4
0.2213 4
0.2245 4
0.2277 4
0.2309 4
0.2341 4
0.2373 4
0.2405 4
0.2437 4
0.2469 4
0.2501 4
0.2533 4
0.2565 4
0.2597 4
0.2631 4
0.2665 4
0.2698 4
0.2731 4
0.2764 4
0.2796 4
0.2829 4
0.2862 4
0.2895 4
0.2928 4
0.2961 4
0.2993 4
0.3026 4
0.3058 4
0.3090 4
0.3121 4
0.3153 4
0.3185 4
0.3217 4
