0.0000 3
0.0033 3
0.0066 3
0.0096 3
0.0127 3
0.0165 3
0.0197 3
0.0229 3
0.0261 3
0.0293 3
0.0324 3
0.0355 3
0.0386 3
0.0416 3
0.0447 3
0.0477 3
0.0508 3
0.0538 3
0.0569 3
0.0599 3
0.0629 3
0.0660 3
0.0691 3
0.0721 3
0.0752 3
0.0783 3
0.0813 3
0.0843 3
0.0874 3
0.0904 3
0.0934 3
0.0965 3
0.0995 3
0.1025 3
0.1056 3
0.1086 3
0.1117 3
0.1147 3
0.1177 3
0.1208 3
0.1238 3
0.1268 3
0.1299 3
0.1329 3
0.1359 3
0.1390 3
0.1420 3
0.1450 3
0.1481 3
0.1511 3
0.1542 3
0.1572 3
0.1602 3
0.1633 3
0.1663 3
0.1694 3
0.1724 3
0.1755 3
0.1785 3
0.1816 3
0.1847 3
0.1877 3
0.1908 3
0.1939 3
0.1969 3
0.2000 3
0.2030 3
0.2061 3
0.2092 3
0.2123 3
0.2153 3
0.2183 3
0.2213 3
0.2243 3
0.2274 3
0.2304 3
0.2334 3
0.2365 3
0.2395 3
0.2426 3
0.2456 3
0.2486 3
0.2516 3
0.2547 3
0.2577 3
0.2607 3
0.2638 3
0.2668 3
0.2699 3
0.2729 3
0.2759 3
0.2790 3
0.2820 3
0.2850 3
0.2881 3
0.2911 3
0.2941 3
0.2972 3
0.3002 3
0.3032 3
0.3062 3
