0.0000 6
0.0032 6
0.0045 5
0.0058 5
0.0083 5
0.0109 5
0.0135 5
0.0161 5
0.0187 5
0.0212 5
0.0237 5
0.0262 5
0.0287 5
0.0312 5
0.0343 5
0.0368 5
0.0393 5
0.0419 5
0.0444 5
0.0469 5
0.0494 5
0.0520 5
0.0545 5
0.0570 5
0.0596 5
0.0621 5
0.0645 5
0.0670 5
0.0695 5
0.0720 5
0.0745 5
0.0769 5
0.0794 5
0.0819 5
0.0843 5
0.0868 5
0.0893 5
0.0918 5
0.0943 5
0.0967 5
0.0992 5
0.1017 5
0.1042 5
0.1066 5
0.1091 5
0.1116 5
0.1140 5
0.1165 5
0.1190 5
0.1215 5
0.1239 5
0.1264 5
0.1289 5
0.1313 5
0.1338 5
0.1363 5
0.1388 5
0.1413 5
0.1437 5
0.1462 5
0.1487 5
0.1512 5
0.1536 5
0.1561 5
0.1586 5
0.1610 5
0.1635 5
0.1662 5
0.1689 5
0.1713 5
0.1738 5
0.1763 5
0.1788 5
0.1813 5
0.1837 5
0.1862 5
0.1886 5
0.1911 5
0.1936 5
0.1960 5
0.1985 5
0.2009 5
0.2034 5
0.2059 5
0.2089 5
0.2116 5
0.2142 5
0.2167 5
0.2193 5
0.2218 5
0.2243 5
0.2268 5
0.2293 5
0.2318 5
0.2343 5
0.2368 5
0.2393 5
0.2418 5
0.2443 5
0.2467 5
0.2492 5
0.2517 5
0.2542 5
