0.0000 6
0.0022 5
0.0029 5
0.0054 5
0.0080 5
0.0105 5
0.0130 5
0.0155 5
0.0179 5
0.0204 5
0.0228 5
0.0253 5
0.0277 5
0.0302 5
0.0326 5
0.0351 5
0.0375 5
0.0399 5
0.0424 5
0.0448 5
0.0472 5
0.0496 5
0.0521 5
0.0545 5
0.0569 5
0.0594 5
0.0618 5
0.0642 5
0.0667 5
0.0691 5
0.0715 5
0.0740 5
0.0764 5
0.0788 5
0.0812 5
0.0836 5
0.0861 5
0.0885 5
0.0909 5
0.0934 5
0.0959 5
0.0983 5
0.1007 5
0.1033 5
0.1057 5
0.1081 5
0.1107 5
0.1131 5
0.1156 5
0.1180 5
0.1204 5
0.1229 5
0.1253 5
0.1277 5
0.1301 5
0.1326 5
0.1350 5
0.1374 5
0.1399 5
0.1423 5
0.1447 5
0.1472 5
0.1496 5
0.1520 5
0.1545 5
0.1569 5
0.1593 5
0.1618 5
0.1642 5
0.1666 5
0.1690 5
0.1715 5
0.1739 5
0.1763 5
0.1787 5
0.1812 5
0.1836 5
0.1860 5
0.1885 5
0.1909 5
0.1933 5
0.1958 5
0.1982 5
0.2006 5
0.2031 5
0.2056 5
0.2080 5
0.2105 5
0.2129 5
0.2153 5
0.2177 5
0.2202 5
0.2226 5
0.2250 5
0.2275 5
0.2299 5
0.2323 5
0.2348 5
0.2372 5
0.2396 5
0.2420 5
0.2444 5
