0.0000 4
0.0031 3
0.0034 3
0.0059 3
0.0084 3
0.0110 3
0.0135 3
0.0160 3
0.0186 3
0.0210 3
0.0235 3
0.0260 3
0.0285 3
0.0309 3
0.0334 3
0.0360 3
0.0384 3
0.0409 3
0.0434 3
0.0459 3
0.0483 3
0.0508 3
0.0532 3
0.0557 3
0.0581 3
0.0606 3
0.0630 3
0.0654 3
0.0679 3
0.0704 3
0.0728 3
0.0753 3
0.0777 3
0.0802 3
0.0826 3
0.0851 3
0.0875 3
0.0900 3
0.0924 3
0.0949 3
0.0974 3
0.0998 3
0.1023 3
0.1047 3
0.1072 3
0.1096 3
0.1120 3
0.1145 3
0.1169 3
0.1194 3
0.1218 3
0.1243 3
0.1267 3
0.1292 3
0.1316 3
0.1341 3
0.1365 3
0.1389 3
0.1414 3
0.1438 3
0.1462 3
0.1487 3
0.1511 3
0.1535 3
0.1559 3
0.1583 3
0.1608 3
0.1632 3
0.1656 3
0.1681 3
0.1705 3
0.1729 3
0.1753 3
0.1778 3
0.1802 3
0.1826 3
0.1851 3
0.1875 3
0.1899 3
0.1924 3
0.1948 3
0.1972 3
0.1997 3
0.2021 3
0.2045 3
0.2071 3
0.2095 3
0.2120 3
0.2144 3
0.2169 3
0.2193 3
0.2218 3
0.2242 3
0.2266 3
0.2291 3
0.2315 3
0.2340 3
0.2364 3
0.2389 3
0.2414 3
0.2439 3
0.2464 3
