0.0000 5
0.0013 4
0.0030 4
0.0056 4
0.0083 4
0.0109 4
0.0135 4
0.0162 4
0.0188 4
0.0214 4
0.0241 4
0.0267 4
0.0293 4
0.0320 4
0.0345 4
0.0372 4
0.0399 4
0.0427 4
0.0453 4
0.0479 4
0.0504 4
0.0530 4
0.0555 4
0.0581 4
0.0606 4
0.0632 4
0.0657 4
0.0682 4
0.0708 4
0.0733 4
0.0759 4
0.0784 4
0.0813 4
0.0845 4
0.0871 4
0.0896 4
0.0922 4
0.0947 4
0.0972 4
0.0998 4
0.1023 4
0.1048 4
0.1074 4
0.1100 4
0.1125 4
0.1151 4
0.1177 4
0.1202 4
0.1228 4
0.1253 4
0.1279 4
0.1304 4
0.1329 4
0.1355 4
0.1380 4
0.1405 4
0.1431 4
0.1456 4
0.1481 4
0.1507 4
0.1532 4
0.1558 4
0.1583 4
0.1609 4
0.1634 4
0.1660 4
0.1686 4
0.1711 4
0.1737 4
0.1762 4
0.1787 4
0.1813 4
0.1838 4
0.1863 4
0.1889 4
0.1914 4
0.1939 4
0.1965 4
0.1990 4
0.2016 4
0.2041 4
0.2067 4
0.2093 4
0.2118 4
0.2144 4
0.2169 4
0.2194 4
0.2220 4
0.2245 4
0.2270 4
0.2295 4
0.2321 4
0.2346 4
0.2372 4
0.2397 4
0.2423 4
0.2448 4
0.2474 4
0.2500 4
0.2525 4
0.2550 4
0.2576 4
