0.0000 3
0.0020 2
0.0031 2
0.0056 2
0.0079 2
0.0103 2
0.0127 2
0.0150 2
0.0175 2
0.0198 2
0.0221 2
0.0244 2
0.0267 2
0.0290 2
0.0314 2
0.0338 2
0.0361 2
0.0385 2
0.0408 2
0.0431 2
0.0454 2
0.0478 2
0.0501 2
0.0524 2
0.0548 2
0.0572 2
0.0595 2
0.0618 2
0.0641 2
0.0666 2
0.0689 2
0.0712 2
0.0736 2
0.0760 2
0.0784 2
0.0808 2
0.0831 2
0.0854 2
0.0877 2
0.0901 2
0.0924 2
0.0948 2
0.0971 2
0.0995 2
0.1018 2
0.1041 2
0.1064 2
0.1088 2
0.1111 2
0.1134 2
0.1157 2
0.1181 2
0.1204 2
0.1228 2
0.1251 2
0.1274 2
0.1298 2
0.1321 2
0.1345 2
0.1369 2
0.1392 2
0.1417 2
0.1440 2
0.1464 2
0.1487 2
0.1510 2
0.1533 2
0.1556 2
0.1580 2
0.1603 2
0.1627 2
0.1650 2
0.1673 2
0.1697 2
0.1721 2
0.1744 2
0.1767 2
0.1790 2
0.1813 2
0.1836 2
0.1860 2
0.1883 2
0.1906 2
0.1929 2
0.1952 2
0.1975 2
0.1998 2
0.2021 2
0.2045 2
0.2068 2
0.2092 2
0.2115 2
0.2138 2
0.2161 2
0.2184 2
0.2207 2
0.2231 2
0.2254 2
0.2277 2
0.2300 2
0.2324 2
0.2347 2
