0.0000 5
0.0030 5
0.0054 5
0.0080 5
0.0106 5
0.0131 5
0.0156 5
0.0181 5
0.0206 5
0.0231 5
0.0255 5
0.0280 5
0.0304 5
0.0329 5
0.0353 5
0.0378 5
0.0402 5
0.0426 5
0.0451 5
0.0475 5
0.0500 5
0.0524 5
0.0549 5
0.0573 5
0.0598 5
0.0622 5
0.0647 5
0.0671 5
0.0695 5
0.0720 5
0.0744 5
0.0768 5
0.0793 5
0.0817 5
0.0842 5
0.0866 5
0.0890 5
0.0915 5
0.0939 5
0.0964 5
0.0988 5
0.1013 5
0.1037 5
0.1062 5
0.1086 5
0.1110 5
0.1135 5
0.1159 5
0.1183 5
0.1208 5
0.1232 5
0.1256 5
0.1281 5
0.1305 5
0.1330 5
0.1354 5
0.1379 5
0.1403 5
0.1427 5
0.1452 5
0.1476 5
0.1500 5
0.1525 5
0.1549 5
0.1573 5
0.1598 5
0.1623 5
0.1648 5
0.1672 5
0.1697 5
0.1722 5
0.1747 5
0.1772 5
0.1797 5
0.1821 5
0.1845 5
0.1870 5
0.1894 5
0.1919 5
0.1944 5
0.1968 5
0.1993 5
0.2017 5
0.2042 5
0.2067 5
0.2091 5
0.2116 5
0.2141 5
0.2165 5
0.2189 5
0.2214 5
0.2238 5
0.2263 5
0.2287 5
0.2312 5
0.2336 5
0.2360 5
0.2385 5
0.2409 5
0.2434 5
0.2458 5
