0.0000 3
0.0028 3
0.0052 3
0.0077 3
0.0101 3
0.0126 3
0.0151 3
0.0175 3
0.0200 3
0.0224 3
0.0251 3
0.0277 3
0.0301 3
0.0326 3
0.0351 3
0.0375 3
0.0399 3
0.0424 3
0.0448 3
0.0473 3
0.0496 3
0.0521 3
0.0546 3
0.0570 3
0.0594 3
0.0618 3
0.0642 3
0.0666 3
0.0690 3
0.0713 3
0.0737 3
0.0760 3
0.0785 3
0.0809 3
0.0833 3
0.0856 3
0.0880 3
0.0904 3
0.0928 3
0.0951 3
0.0975 3
0.0999 3
0.1023 3
0.1046 3
0.1070 3
0.1094 3
0.1118 3
0.1141 3
0.1165 3
0.1189 3
0.1213 3
0.1238 3
0.1262 3
0.1285 3
0.1309 3
0.1333 3
0.1356 3
0.1380 3
0.1404 3
0.1428 3
0.1452 3
0.1476 3
0.1500 3
0.1523 3
0.1547 3
0.1570 3
0.1594 3
0.1618 3
0.1641 3
0.1665 3
0.1688 3
0.1712 3
0.1736 3
0.1760 3
0.1784 3
0.1808 3
0.1832 3
0.1856 3
0.1880 3
0.1904 3
0.1929 3
0.1953 3
0.1976 3
0.2000 3
0.2023 3
0.2047 3
0.2070 3
0.2094 3
0.2117 3
0.2141 3
0.2164 3
0.2188 3
0.2211 3
0.2235 3
0.2258 3
0.2282 3
0.2305 3
0.2329 3
0.2353 3
0.2376 3
0.2399 3
