0.0000 3
0.0031 3
0.0056 3
0.0080 3
0.0103 3
0.0128 3
0.0152 3
0.0176 3
0.0199 3
0.0223 3
0.0248 3
0.0271 3
0.0295 3
0.0318 3
0.0341 3
0.0365 3
0.0388 3
0.0411 3
0.0435 3
0.0458 3
0.0482 3
0.0505 3
0.0529 3
0.0552 3
0.0575 3
0.0599 3
0.0622 3
0.0645 3
0.0669 3
0.0692 3
0.0716 3
0.0739 3
0.0762 3
0.0786 3
0.0809 3
0.0832 3
0.0856 3
0.0879 3
0.0902 3
0.0925 3
0.0949 3
0.0972 3
0.0995 3
0.1018 3
0.1042 3
0.1065 3
0.1088 3
0.1111 3
0.1135 3
0.1158 3
0.1181 3
0.1205 3
0.1228 3
0.1251 3
0.1274 3
0.1297 3
0.1321 3
0.1344 3
0.1367 3
0.1390 3
0.1414 3
0.1438 3
0.1463 3
0.1486 3
0.1510 3
0.1533 3
0.1556 3
0.1580 3
0.1603 3
0.1626 3
0.1649 3
0.1672 3
0.1695 3
0.1718 3
0.1741 3
0.1765 3
0.1788 3
0.1812 3
0.1835 3
0.1860 3
0.1886 3
0.1909 3
0.1933 3
0.1957 3
0.1980 3
0.2003 3
0.2026 3
0.2050 3
0.2073 3
0.2097 3
0.2120 3
0.2143 3
0.2168 3
0.2191 3
0.2214 3
0.2237 3
0.2260 3
0.2284 3
0.2307 3
0.2330 3
0.2354 3
