0.0000 3
0.0009 2
0.0036 2
0.0066 2
0.0096 2
0.0125 2
0.0155 2
0.0184 2
0.0213 2
0.0242 2
0.0271 2
0.0300 2
0.0328 2
0.0357 2
0.0386 2
0.0415 2
0.0444 2
0.0473 2
0.0502 2
0.0531 2
0.0560 2
0.0589 2
0.0618 2
0.0647 2
0.0676 2
0.0705 2
0.0734 2
0.0763 2
0.0791 2
0.0820 2
0.0849 2
0.0878 2
0.0907 2
0.0936 2
0.0965 2
0.0994 2
0.1023 2
0.1053 2
0.1082 2
0.1110 2
0.1139 2
0.1168 2
0.1197 2
0.1226 2
0.1255 2
0.1284 2
0.1313 2
0.1342 2
0.1371 2
0.1400 2
0.1428 2
0.1457 2
0.1486 2
0.1515 2
0.1544 2
0.1573 2
0.1601 2
0.1630 2
0.1659 2
0.1688 2
0.1717 2
0.1746 2
0.1775 2
0.1804 2
0.1833 2
0.1862 2
0.1891 2
0.1919 2
0.1948 2
0.1977 2
0.2006 2
0.2035 2
0.2064 2
0.2093 2
0.2122 2
0.2151 2
0.2180 2
0.2210 2
0.2239 2
0.2268 2
0.2297 2
0.2326 2
0.2355 2
0.2384 2
0.2413 2
0.2442 2
0.2471 2
0.2500 2
0.2530 2
0.2559 2
0.2588 2
0.2618 2
0.2648 2
0.2677 2
0.2707 2
0.2735 2
0.2764 2
0.2793 2
0.2822 2
0.2851 2
0.2880 2
0.2909 2
