0.0000 4
0.0016 3
0.0036 3
0.0066 3
0.0096 3
0.0127 3
0.0157 3
0.0187 3
0.0217 3
0.0247 3
0.0277 3
0.0307 3
0.0337 3
0.0367 3
0.0397 3
0.0427 3
0.0457 3
0.0487 3
0.0517 3
0.0547 3
0.0578 3
0.0608 3
0.0639 3
0.0669 3
0.0699 3
0.0729 3
0.0759 3
0.0789 3
0.0820 3
0.0850 3
0.0880 3
0.0910 3
0.0940 3
0.0971 3
0.1001 3
0.1031 3
0.1061 3
0.1091 3
0.1121 3
0.1151 3
0.1181 3
0.1211 3
0.1241 3
0.1271 3
0.1301 3
0.1331 3
0.1361 3
0.1391 3
0.1421 3
0.1451 3
0.1481 3
0.1511 3
0.1541 3
0.1572 3
0.1602 3
0.1632 3
0.1662 3
0.1692 3
0.1722 3
0.1753 3
0.1783 3
0.1813 3
0.1843 3
0.1874 3
0.1904 3
0.1934 3
0.1964 3
0.1995 3
0.2025 3
0.2055 3
0.2086 3
0.2116 3
0.2146 3
0.2176 3
0.2206 3
0.2237 3
0.2267 3
0.2297 3
0.2327 3
0.2357 3
0.2388 3
0.2418 3
0.2448 3
0.2478 3
0.2509 3
0.2539 3
0.2569 3
0.2600 3
0.2630 3
0.2659 3
0.2689 3
0.2719 3
0.2749 3
0.2780 3
0.2810 3
0.2840 3
0.2870 3
0.2900 3
0.2930 3
0.2960 3
0.2990 3
0.3020 3
