0.0000 6
0.0019 5
0.0037 5
0.0068 5
0.0098 5
0.0128 5
0.0158 5
0.0189 5
0.0219 5
0.0249 5
0.0278 5
0.0308 5
0.0338 5
0.0368 5
0.0398 5
0.0427 5
0.0457 5
0.0487 5
0.0516 5
0.0546 5
0.0576 5
0.0605 5
0.0635 5
0.0664 5
0.0697 5
0.0730 5
0.0760 5
0.0789 5
0.0819 5
0.0848 5
0.0878 5
0.0910 5
0.0939 5
0.0968 5
0.0998 5
0.1028 5
0.1057 5
0.1086 5
0.1120 5
0.1165 5
0.1216 5
0.1260 5
0.1290 5
0.1320 5
0.1349 5
0.1379 5
0.1408 5
0.1438 5
0.1468 5
0.1497 5
0.1527 5
0.1556 5
0.1586 5
0.1616 5
0.1645 5
0.1674 5
0.1704 5
0.1733 5
0.1763 5
0.1792 5
0.1822 5
0.1851 5
0.1881 5
0.1910 5
0.1940 5
0.1969 5
0.1998 5
0.2028 5
0.2057 5
0.2086 5
0.2115 5
0.2145 5
0.2174 5
0.2203 5
0.2233 5
0.2262 5
0.2292 5
0.2321 5
0.2350 5
0.2380 5
0.2410 5
0.2439 5
0.2468 5
0.2498 5
0.2527 5
0.2556 5
0.2586 5
0.2615 5
0.2644 5
0.2673 5
0.2703 5
0.2732 5
0.2762 5
0.2791 5
0.2821 5
0.2850 5
0.2879 5
0.2908 5
0.2937 5
0.2967 5
0.2996 5
0.3025 5
