0.0000 3
0.0034 3
0.0065 3
0.0095 3
0.0125 3
0.0156 3
0.0186 3
0.0216 3
0.0246 3
0.0277 3
0.0307 3
0.0337 3
0.0367 3
0.0398 3
0.0428 3
0.0458 3
0.0487 3
0.0517 3
0.0546 3
0.0576 3
0.0605 3
0.0635 3
0.0664 3
0.0693 3
0.0723 3
0.0752 3
0.0782 3
0.0811 3
0.0841 3
0.0870 3
0.0900 3
0.0929 3
0.0959 3
0.0988 3
0.1018 3
0.1047 3
0.1077 3
0.1106 3
0.1136 3
0.1165 3
0.1194 3
0.1224 3
0.1253 3
0.1283 3
0.1312 3
0.1341 3
0.1371 3
0.1400 3
0.1430 3
0.1459 3
0.1489 3
0.1518 3
0.1547 3
0.1577 3
0.1606 3
0.1636 3
0.1665 3
0.1694 3
0.1724 3
0.1753 3
0.1783 3
0.1812 3
0.1842 3
0.1871 3
0.1901 3
0.1930 3
0.1959 3
0.1989 3
0.2018 3
0.2048 3
0.2078 3
0.2107 3
0.2137 3
0.2166 3
0.2196 3
0.2226 3
0.2255 3
0.2284 3
0.2314 3
0.2343 3
0.2373 3
0.2402 3
0.2432 3
0.2461 3
0.2490 3
0.2520 3
0.2549 3
0.2579 3
0.2608 3
0.2637 3
0.2667 3
0.2696 3
0.2725 3
0.2755 3
0.2784 3
0.2814 3
0.2844 3
0.2874 3
0.2903 3
0.2932 3
0.2964 3
