0.0000 6
0.0034 6
0.0065 6
0.0077 5
0.0096 5
0.0126 5
0.0156 5
0.0186 5
0.0217 5
0.0247 5
0.0278 5
0.0308 5
0.0338 5
0.0368 5
0.0399 5
0.0429 5
0.0459 5
0.0490 5
0.0520 5
0.0550 5
0.0580 5
0.0610 5
0.0640 5
0.0670 5
0.0700 5
0.0729 5
0.0759 5
0.0788 5
0.0817 5
0.0847 5
0.0876 5
0.0906 5
0.0936 5
0.0966 5
0.0995 5
0.1025 5
0.1054 5
0.1084 5
0.1114 5
0.1143 5
0.1174 5
0.1204 5
0.1234 5
0.1263 5
0.1293 5
0.1322 5
0.1352 5
0.1381 5
0.1411 5
0.1440 5
0.1470 5
0.1499 5
0.1529 5
0.1559 5
0.1588 5
0.1618 5
0.1647 5
0.1677 5
0.1706 5
0.1736 5
0.1766 5
0.1796 5
0.1825 5
0.1855 5
0.1884 5
0.1914 5
0.1943 5
0.1973 5
0.2002 5
0.2032 5
0.2061 5
0.2092 5
0.2121 5
0.2151 5
0.2181 5
0.2211 5
0.2241 5
0.2270 5
0.2300 5
0.2329 5
0.2359 5
0.2389 5
0.2418 5
0.2448 5
0.2477 5
0.2507 5
0.2537 5
0.2566 5
0.2596 5
0.2625 5
0.2655 5
0.2684 5
0.2713 5
0.2743 5
0.2772 5
0.2802 5
0.2831 5
0.2861 5
0.2890 5
0.2919 5
0.2949 5
0.2978 5
0.3008 5
0.3037 5
