0.0000 5
0.0034 5
0.0059 5
0.0084 5
0.0110 5
0.0135 5
0.0160 5
0.0185 5
0.0209 5
0.0234 5
0.0259 5
0.0284 5
0.0309 5
0.0334 5
0.0359 5
0.0384 5
0.0408 5
0.0433 5
0.0458 5
0.0482 5
0.0507 5
0.0532 5
0.0557 5
0.0582 5
0.0607 5
0.0631 5
0.0656 5
0.0681 5
0.0706 5
0.0730 5
0.0755 5
0.0780 5
0.0804 5
0.0829 5
0.0854 5
0.0878 5
0.0903 5
0.0928 5
0.0952 5
0.0977 5
0.1002 5
0.1026 5
0.1051 5
0.1077 5
0.1102 5
0.1126 5
0.1152 5
0.1177 5
0.1201 5
0.1226 5
0.1251 5
0.1275 5
0.1300 5
0.1325 5
0.1351 5
0.1376 5
0.1401 5
0.1427 5
0.1452 5
0.1477 5
0.1503 5
0.1528 5
0.1554 5
0.1579 5
0.1605 5
0.1630 5
0.1654 5
0.1679 5
0.1705 5
0.1729 5
0.1754 5
0.1779 5
0.1803 5
0.1828 5
0.1853 5
0.1877 5
0.1902 5
0.1926 5
0.1951 5
0.1976 5
0.2000 5
0.2025 5
0.2049 5
0.2075 5
0.2099 5
0.2124 5
0.2149 5
0.2173 5
0.2198 5
0.2223 5
0.2248 5
0.2272 5
0.2297 5
0.2322 5
0.2347 5
0.2371 5
0.2396 5
0.2421 5
0.2445 5
0.2470 5
0.2495 5
