0.0000 5
0.0008 4
0.0031 4
0.0057 4
0.0082 4
0.0108 4
0.0133 4
0.0159 4
0.0185 4
0.0209 4
0.0234 4
0.0260 4
0.0285 4
0.0310 4
0.0335 4
0.0360 4
0.0385 4
0.0410 4
0.0435 4
0.0459 4
0.0484 4
0.0509 4
0.0533 4
0.0558 4
0.0583 4
0.0608 4
0.0632 4
0.0657 4
0.0682 4
0.0707 4
0.0731 4
0.0756 4
0.0781 4
0.0806 4
0.0830 4
0.0855 4
0.0880 4
0.0905 4
0.0930 4
0.0955 4
0.0979 4
0.1004 4
0.1029 4
0.1054 4
0.1078 4
0.1103 4
0.1128 4
0.1153 4
0.1178 4
0.1202 4
0.1227 4
0.1252 4
0.1277 4
0.1302 4
0.1327 4
0.1352 4
0.1376 4
0.1401 4
0.1426 4
0.1451 4
0.1476 4
0.1501 4
0.1526 4
0.1551 4
0.1576 4
0.1601 4
0.1625 4
0.1650 4
0.1675 4
0.1701 4
0.1726 4
0.1751 4
0.1775 4
0.1800 4
0.1825 4
0.1850 4
0.1875 4
0.1899 4
0.1924 4
0.1949 4
0.1974 4
0.1998 4
0.2023 4
0.2048 4
0.2073 4
0.2098 4
0.2123 4
0.2148 4
0.2173 4
0.2197 4
0.2222 4
0.2247 4
0.2271 4
0.2296 4
0.2321 4
0.2345 4
0.2370 4
0.2395 4
0.2419 4
0.2444 4
0.2468 4
0.2493 4
