0.0000 4
0.0005 3
0.0026 3
0.0051 3
0.0076 3
0.0101 3
0.0126 3
0.0150 3
0.0175 3
0.0199 3
0.0224 3
0.0249 3
0.0273 3
0.0298 3
0.0323 3
0.0347 3
0.0372 3
0.0396 3
0.0420 3
0.0445 3
0.0469 3
0.0494 3
0.0518 3
0.0542 3
0.0566 3
0.0590 3
0.0614 3
0.0638 3
0.0662 3
0.0686 3
0.0710 3
0.0733 3
0.0769 3
0.0794 3
0.0818 3
0.0843 3
0.0867 3
0.0891 3
0.0915 3
0.0939 3
0.0963 3
0.0987 3
0.1011 3
0.1034 3
0.1058 3
0.1082 3
0.1105 3
0.1129 3
0.1153 3
0.1180 3
0.1210 3
0.1234 3
0.1259 3
0.1283 3
0.1307 3
0.1331 3
0.1355 3
0.1379 3
0.1403 3
0.1427 3
0.1450 3
0.1474 3
0.1511 3
0.1536 3
0.1560 3
0.1584 3
0.1608 3
0.1632 3
0.1657 3
0.1681 3
0.1705 3
0.1729 3
0.1753 3
0.1777 3
0.1801 3
0.1824 3
0.1848 3
0.1872 3
0.1896 3
0.1920 3
0.1944 3
0.1967 3
0.1991 3
0.2015 3
0.2039 3
0.2062 3
0.2087 3
0.2111 3
0.2135 3
0.2158 3
0.2182 3
0.2206 3
0.2230 3
0.2254 3
0.2277 3
0.2301 3
0.2325 3
0.2349 3
0.2372 3
0.2396 3
0.2420 3
0.2444 3
