0.0000 3
0.0015 2
0.0031 2
0.0059 2
0.0089 2
0.0117 2
0.0146 2
0.0175 2
0.0203 2
0.0231 2
0.0259 2
0.0288 2
0.0316 2
0.0344 2
0.0372 2
0.0400 2
0.0428 2
0.0458 2
0.0486 2
0.0514 2
0.0542 2
0.0570 2
0.0598 2
0.0627 2
0.0656 2
0.0684 2
0.0712 2
0.0740 2
0.0769 2
0.0797 2
0.0825 2
0.0853 2
0.0882 2
0.0910 2
0.0938 2
0.0966 2
0.0994 2
0.1023 2
0.1052 2
0.1080 2
0.1108 2
0.1136 2
0.1164 2
0.1192 2
0.1220 2
0.1249 2
0.1277 2
0.1305 2
0.1333 2
0.1361 2
0.1389 2
0.1417 2
0.1445 2
0.1474 2
0.1502 2
0.1530 2
0.1558 2
0.1586 2
0.1615 2
0.1643 2
0.1671 2
0.1700 2
0.1728 2
0.1756 2
0.1784 2
0.1813 2
0.1841 2
0.1869 2
0.1898 2
0.1926 2
0.1954 2
0.1983 2
0.2011 2
0.2039 2
0.2067 2
0.2096 2
0.2125 2
0.2153 2
0.2181 2
0.2209 2
0.2237 2
0.2266 2
0.2294 2
0.2322 2
0.2350 2
0.2378 2
0.2407 2
0.2435 2
0.2464 2
0.2492 2
0.2520 2
0.2549 2
0.2577 2
0.2605 2
0.2633 2
0.2661 2
0.2691 2
0.2719 2
0.2747 2
0.2775 2
0.2803 2
0.2831 2
