0.0000 5
0.0006 4
0.0028 4
0.0055 4
0.0082 4
0.0107 4
0.0134 4
0.0160 4
0.0186 4
0.0212 4
0.0239 4
0.0265 4
0.0290 4
0.0316 4
0.0342 4
0.0367 4
0.0393 4
0.0419 4
0.0444 4
0.0470 4
0.0495 4
0.0520 4
0.0546 4
0.0571 4
0.0597 4
0.0622 4
0.0647 4
0.0673 4
0.0699 4
0.0725 4
0.0751 4
0.0777 4
0.0802 4
0.0829 4
0.0854 4
0.0882 4
0.0909 4
0.0934 4
0.0959 4
0.0985 4
0.1011 4
0.1036 4
0.1062 4
0.1087 4
0.1112 4
0.1138 4
0.1163 4
0.1189 4
0.1214 4
0.1239 4
0.1265 4
0.1295 4
0.1328 4
0.1354 4
0.1380 4
0.1406 4
0.1432 4
0.1457 4
0.1483 4
0.1509 4
0.1536 4
0.1563 4
0.1590 4
0.1616 4
0.1644 4
0.1670 4
0.1696 4
0.1722 4
0.1748 4
0.1774 4
0.1801 4
0.1826 4
0.1853 4
0.1879 4
0.1905 4
0.1931 4
0.1957 4
0.1983 4
0.2009 4
0.2035 4
0.2061 4
0.2087 4
0.2113 4
0.2139 4
0.2165 4
0.2191 4
0.2217 4
0.2243 4
0.2269 4
0.2295 4
0.2321 4
0.2346 4
0.2372 4
0.2398 4
0.2424 4
0.2450 4
0.2476 4
0.2502 4
0.2528 4
0.2554 4
0.2580 4
0.2606 4
