0.0000 3
0.0009 2
0.0028 2
0.0052 2
0.0075 2
0.0099 2
0.0122 2
0.0146 2
0.0169 2
0.0192 2
0.0216 2
0.0239 2
0.0262 2
0.0286 2
0.0308 2
0.0332 2
0.0354 2
0.0378 2
0.0401 2
0.0423 2
0.0447 2
0.0470 2
0.0493 2
0.0516 2
0.0539 2
0.0562 2
0.0585 2
0.0609 2
0.0631 2
0.0654 2
0.0677 2
0.0700 2
0.0722 2
0.0745 2
0.0767 2
0.0790 2
0.0812 2
0.0835 2
0.0857 2
0.0879 2
0.0902 2
0.0925 2
0.0947 2
0.0970 2
0.0992 2
0.1014 2
0.1037 2
0.1059 2
0.1081 2
0.1104 2
0.1126 2
0.1148 2
0.1170 2
0.1192 2
0.1215 2
0.1237 2
0.1259 2
0.1282 2
0.1304 2
0.1327 2
0.1349 2
0.1371 2
0.1394 2
0.1416 2
0.1438 2
0.1461 2
0.1483 2
0.1505 2
0.1528 2
0.1550 2
0.1572 2
0.1594 2
0.1617 2
0.1639 2
0.1661 2
0.1684 2
0.1706 2
0.1728 2
0.1751 2
0.1773 2
0.1796 2
0.1818 2
0.1840 2
0.1863 2
0.1885 2
0.1907 2
0.1930 2
0.1952 2
0.1975 2
0.1997 2
0.2020 2
0.2042 2
0.2064 2
0.2087 2
0.2109 2
0.2132 2
0.2154 2
0.2176 2
0.2198 2
0.2221 2
0.2243 2
0.2265 2
