0.0000 3
0.0009 2
0.0028 2
0.0051 2
0.0075 2
0.0098 2
0.0122 2
0.0145 2
0.0169 2
0.0194 2
0.0218 2
0.0242 2
0.0264 2
0.0287 2
0.0310 2
0.0333 2
0.0355 2
0.0378 2
0.0401 2
0.0424 2
0.0447 2
0.0470 2
0.0493 2
0.0516 2
0.0539 2
0.0562 2
0.0585 2
0.0610 2
0.0635 2
0.0658 2
0.0682 2
0.0705 2
0.0728 2
0.0751 2
0.0774 2
0.0797 2
0.0819 2
0.0842 2
0.0865 2
0.0888 2
0.0911 2
0.0934 2
0.0956 2
0.0979 2
0.1004 2
0.1028 2
0.1051 2
0.1074 2
0.1097 2
0.1120 2
0.1142 2
0.1165 2
0.1188 2
0.1211 2
0.1233 2
0.1256 2
0.1279 2
0.1301 2
0.1324 2
0.1347 2
0.1369 2
0.1392 2
0.1414 2
0.1437 2
0.1459 2
0.1482 2
0.1505 2
0.1527 2
0.1550 2
0.1573 2
0.1596 2
0.1619 2
0.1641 2
0.1664 2
0.1687 2
0.1710 2
0.1733 2
0.1756 2
0.1779 2
0.1802 2
0.1824 2
0.1847 2
0.1870 2
0.1893 2
0.1916 2
0.1939 2
0.1962 2
0.1985 2
0.2007 2
0.2030 2
0.2053 2
0.2077 2
0.2099 2
0.2122 2
0.2145 2
0.2168 2
0.2191 2
0.2213 2
0.2236 2
0.2259 2
0.2282 2
0.2305 2
