0.0000 3
0.0027 3
0.0052 3
0.0075 3
0.0100 3
0.0124 3
0.0148 3
0.0173 3
0.0196 3
0.0221 3
0.0245 3
0.0269 3
0.0292 3
0.0316 3
0.0340 3
0.0364 3
0.0387 3
0.0411 3
0.0435 3
0.0459 3
0.0483 3
0.0507 3
0.0530 3
0.0553 3
0.0577 3
0.0600 3
0.0624 3
0.0647 3
0.0671 3
0.0694 3
0.0718 3
0.0741 3
0.0764 3
0.0788 3
0.0811 3
0.0835 3
0.0858 3
0.0882 3
0.0906 3
0.0929 3
0.0953 3
0.0976 3
0.1000 3
0.1023 3
0.1047 3
0.1070 3
0.1094 3
0.1117 3
0.1141 3
0.1164 3
0.1188 3
0.1211 3
0.1234 3
0.1258 3
0.1282 3
0.1306 3
0.1330 3
0.1354 3
0.1378 3
0.1403 3
0.1427 3
0.1451 3
0.1474 3
0.1497 3
0.1521 3
0.1544 3
0.1568 3
0.1591 3
0.1614 3
0.1638 3
0.1661 3
0.1685 3
0.1708 3
0.1731 3
0.1755 3
0.1778 3
0.1802 3
0.1825 3
0.1848 3
0.1872 3
0.1895 3
0.1919 3
0.1942 3
0.1966 3
0.1989 3
0.2013 3
0.2036 3
0.2060 3
0.2087 3
0.2111 3
0.2134 3
0.2158 3
0.2181 3
0.2205 3
0.2228 3
0.2251 3
0.2275 3
0.2298 3
0.2321 3
0.2345 3
0.2368 3
