0.0000 4
0.0018 3
0.0031 3
0.0056 3
0.0080 3
0.0105 3
0.0130 3
0.0154 3
0.0178 3
0.0203 3
0.0228 3
0.0252 3
0.0276 3
0.0301 3
0.0325 3
0.0350 3
0.0374 3
0.0398 3
0.0422 3
0.0446 3
0.0470 3
0.0494 3
0.0518 3
0.0542 3
0.0566 3
0.0590 3
0.0613 3
0.0637 3
0.0661 3
0.0685 3
0.0709 3
0.0732 3
0.0756 3
0.0780 3
0.0804 3
0.0828 3
0.0852 3
0.0876 3
0.0901 3
0.0925 3
0.0949 3
0.0974 3
0.0998 3
0.1022 3
0.1046 3
0.1070 3
0.1094 3
0.1117 3
0.1141 3
0.1165 3
0.1189 3
0.1213 3
0.1237 3
0.1261 3
0.1285 3
0.1308 3
0.1332 3
0.1356 3
0.1380 3
0.1404 3
0.1428 3
0.1452 3
0.1476 3
0.1503 3
0.1529 3
0.1553 3
0.1577 3
0.1601 3
0.1625 3
0.1649 3
0.1673 3
0.1696 3
0.1720 3
0.1744 3
0.1768 3
0.1793 3
0.1817 3
0.1841 3
0.1865 3
0.1888 3
0.1915 3
0.1941 3
0.1966 3
0.1990 3
0.2014 3
0.2038 3
0.2063 3
0.2087 3
0.2111 3
0.2135 3
0.2159 3
0.2183 3
0.2207 3
0.2231 3
0.2255 3
0.2279 3
0.2303 3
0.2327 3
0.2351 3
0.2375 3
0.2399 3
0.2423 3
