0.0000 3
0.0007 2
0.0033 2
0.0062 2
0.0091 2
0.0120 2
0.0149 2
0.0177 2
0.0205 2
0.0233 2
0.0261 2
0.0289 2
0.0317 2
0.0345 2
0.0373 2
0.0402 2
0.0430 2
0.0458 2
0.0486 2
0.0514 2
0.0542 2
0.0570 2
0.0598 2
0.0626 2
0.0654 2
0.0682 2
0.0710 2
0.0738 2
0.0767 2
0.0795 2
0.0823 2
0.0851 2
0.0879 2
0.0907 2
0.0935 2
0.0963 2
0.0991 2
0.1019 2
0.1048 2
0.1076 2
0.1104 2
0.1132 2
0.1160 2
0.1188 2
0.1216 2
0.1244 2
0.1272 2
0.1300 2
0.1328 2
0.1356 2
0.1384 2
0.1413 2
0.1441 2
0.1469 2
0.1497 2
0.1525 2
0.1553 2
0.1582 2
0.1610 2
0.1638 2
0.1668 2
0.1696 2
0.1724 2
0.1753 2
0.1781 2
0.1810 2
0.1837 2
0.1866 2
0.1894 2
0.1922 2
0.1950 2
0.1979 2
0.2007 2
0.2035 2
0.2064 2
0.2092 2
0.2120 2
0.2148 2
0.2176 2
0.2205 2
0.2233 2
0.2261 2
0.2289 2
0.2317 2
0.2345 2
0.2373 2
0.2401 2
0.2429 2
0.2457 2
0.2485 2
0.2513 2
0.2541 2
0.2569 2
0.2597 2
0.2625 2
0.2653 2
0.2682 2
0.2710 2
0.2738 2
0.2766 2
0.2793 2
0.2822 2
