0.0000 4
0.0031 4
0.0060 4
0.0089 4
0.0117 4
0.0146 4
0.0175 4
0.0203 4
0.0232 4
0.0260 4
0.0288 4
0.0317 4
0.0346 4
0.0376 4
0.0405 4
0.0433 4
0.0461 4
0.0489 4
0.0517 4
0.0546 4
0.0574 4
0.0602 4
0.0631 4
0.0659 4
0.0687 4
0.0715 4
0.0744 4
0.0772 4
0.0800 4
0.0828 4
0.0856 4
0.0885 4
0.0913 4
0.0941 4
0.0969 4
0.0997 4
0.1027 4
0.1055 4
0.1083 4
0.1112 4
0.1140 4
0.1168 4
0.1197 4
0.1225 4
0.1253 4
0.1281 4
0.1309 4
0.1339 4
0.1367 4
0.1395 4
0.1423 4
0.1451 4
0.1480 4
0.1508 4
0.1536 4
0.1564 4
0.1592 4
0.1621 4
0.1649 4
0.1677 4
0.1705 4
0.1733 4
0.1762 4
0.1790 4
0.1821 4
0.1850 4
0.1878 4
0.1906 4
0.1934 4
0.1963 4
0.1991 4
0.2020 4
0.2048 4
0.2077 4
0.2105 4
0.2133 4
0.2162 4
0.2190 4
0.2218 4
0.2246 4
0.2275 4
0.2303 4
0.2331 4
0.2359 4
0.2388 4
0.2416 4
0.2445 4
0.2473 4
0.2501 4
0.2530 4
0.2558 4
0.2587 4
0.2615 4
0.2643 4
0.2671 4
0.2699 4
0.2727 4
0.2755 4
0.2784 4
0.2812 4
0.2840 4
