0.0000 3
0.0025 3
0.0050 3
0.0073 3
0.0097 3
0.0121 3
0.0145 3
0.0169 3
0.0192 3
0.0217 3
0.0240 3
0.0264 3
0.0289 3
0.0312 3
0.0336 3
0.0360 3
0.0383 3
0.0407 3
0.0430 3
0.0454 3
0.0477 3
0.0501 3
0.0524 3
0.0547 3
0.0571 3
0.0594 3
0.0617 3
0.0641 3
0.0664 3
0.0688 3
0.0711 3
0.0734 3
0.0757 3
0.0780 3
0.0803 3
0.0826 3
0.0849 3
0.0872 3
0.0895 3
0.0919 3
0.0942 3
0.0965 3
0.0988 3
0.1011 3
0.1034 3
0.1058 3
0.1081 3
0.1104 3
0.1128 3
0.1151 3
0.1174 3
0.1197 3
0.1221 3
0.1245 3
0.1268 3
0.1292 3
0.1315 3
0.1338 3
0.1362 3
0.1385 3
0.1408 3
0.1431 3
0.1456 3
0.1479 3
0.1503 3
0.1526 3
0.1549 3
0.1573 3
0.1597 3
0.1621 3
0.1645 3
0.1669 3
0.1693 3
0.1716 3
0.1739 3
0.1762 3
0.1786 3
0.1809 3
0.1832 3
0.1855 3
0.1878 3
0.1901 3
0.1925 3
0.1948 3
0.1971 3
0.1994 3
0.2017 3
0.2040 3
0.2064 3
0.2088 3
0.2111 3
0.2134 3
0.2158 3
0.2182 3
0.2205 3
0.2228 3
0.2251 3
0.2275 3
0.2298 3
0.2322 3
0.2345 3
