0.0000 4
0.0040 4
0.0051 3
0.0070 3
0.0101 3
0.0132 3
0.0162 3
0.0192 3
0.0222 3
0.0252 3
0.0282 3
0.0312 3
0.0342 3
0.0373 3
0.0403 3
0.0433 3
0.0463 3
0.0493 3
0.0523 3
0.0553 3
0.0583 3
0.0613 3
0.0643 3
0.0673 3
0.0703 3
0.0733 3
0.0763 3
0.0793 3
0.0824 3
0.0854 3
0.0884 3
0.0914 3
0.0944 3
0.0974 3
0.1004 3
0.1034 3
0.1064 3
0.1094 3
0.1124 3
0.1155 3
0.1185 3
0.1217 3
0.1247 3
0.1277 3
0.1307 3
0.1337 3
0.1367 3
0.1397 3
0.1427 3
0.1461 3
0.1493 3
0.1524 3
0.1555 3
0.1586 3
0.1618 3
0.1649 3
0.1679 3
0.1711 3
0.1742 3
0.1772 3
0.1803 3
0.1833 3
0.1864 3
0.1895 3
0.1926 3
0.1956 3
0.1987 3
0.2018 3
0.2048 3
0.2079 3
0.2109 3
0.2139 3
0.2169 3
0.2199 3
0.2229 3
0.2259 3
0.2289 3
0.2319 3
0.2349 3
0.2379 3
0.2409 3
0.2438 3
0.2468 3
0.2501 3
0.2532 3
0.2562 3
0.2592 3
0.2622 3
0.2652 3
0.2683 3
0.2713 3
0.2743 3
0.2773 3
0.2803 3
0.2833 3
0.2864 3
0.2894 3
0.2927 3
0.2958 3
0.2988 3
0.3018 3
0.3048 3
0.3078 3
