0.0000 6
0.0034 6
0.0061 5
0.0066 5
0.0097 5
0.0129 5
0.0162 5
0.0195 5
0.0227 5
0.0259 5
0.0291 5
0.0323 5
0.0354 5
0.0386 5
0.0418 5
0.0449 5
0.0481 5
0.0512 5
0.0543 5
0.0575 5
0.0606 5
0.0637 5
0.0668 5
0.0700 5
0.0731 5
0.0762 5
0.0793 5
0.0824 5
0.0856 5
0.0888 5
0.0919 5
0.0949 5
0.0981 5
0.1012 5
0.1043 5
0.1073 5
0.1104 5
0.1135 5
0.1165 5
0.1196 5
0.1226 5
0.1256 5
0.1287 5
0.1318 5
0.1348 5
0.1379 5
0.1409 5
0.1440 5
0.1471 5
0.1501 5
0.1532 5
0.1563 5
0.1593 5
0.1624 5
0.1655 5
0.1685 5
0.1716 5
0.1746 5
0.1777 5
0.1807 5
0.1838 5
0.1868 5
0.1900 5
0.1930 5
0.1961 5
0.1991 5
0.2022 5
0.2052 5
0.2084 5
0.2114 5
0.2145 5
0.2176 5
0.2206 5
0.2237 5
0.2268 5
0.2298 5
0.2332 5
0.2364 5
0.2395 5
0.2428 5
0.2459 5
0.2490 5
0.2521 5
0.2552 5
0.2582 5
0.2614 5
0.2644 5
0.2675 5
0.2706 5
0.2738 5
0.2772 5
0.2802 5
0.2833 5
0.2863 5
0.2894 5
0.2924 5
0.2955 5
0.2985 5
0.3015 5
0.3046 5
0.3076 5
0.3107 5
0.3138 5
