0.0000 6
0.0029 6
0.0038 5
0.0055 5
0.0080 5
0.0105 5
0.0130 5
0.0154 5
0.0179 5
0.0204 5
0.0228 5
0.0252 5
0.0276 5
0.0300 5
0.0324 5
0.0349 5
0.0373 5
0.0397 5
0.0421 5
0.0446 5
0.0470 5
0.0494 5
0.0518 5
0.0542 5
0.0566 5
0.0590 5
0.0614 5
0.0638 5
0.0662 5
0.0687 5
0.0711 5
0.0735 5
0.0759 5
0.0784 5
0.0808 5
0.0832 5
0.0856 5
0.0880 5
0.0905 5
0.0929 5
0.0953 5
0.0978 5
0.1002 5
0.1026 5
0.1050 5
0.1074 5
0.1098 5
0.1122 5
0.1146 5
0.1171 5
0.1195 5
0.1219 5
0.1243 5
0.1267 5
0.1291 5
0.1315 5
0.1339 5
0.1364 5
0.1388 5
0.1412 5
0.1436 5
0.1460 5
0.1484 5
0.1508 5
0.1532 5
0.1556 5
0.1580 5
0.1604 5
0.1628 5
0.1652 5
0.1676 5
0.1700 5
0.1725 5
0.1749 5
0.1773 5
0.1797 5
0.1823 5
0.1850 5
0.1874 5
0.1899 5
0.1923 5
0.1948 5
0.1973 5
0.1997 5
0.2022 5
0.2047 5
0.2071 5
0.2096 5
0.2120 5
0.2144 5
0.2168 5
0.2192 5
0.2216 5
0.2240 5
0.2264 5
0.2288 5
0.2312 5
0.2336 5
0.2360 5
0.2384 5
0.2409 5
0.2433 5
0.2457 5
