0.0000 3
0.0028 3
0.0053 3
0.0077 3
0.0101 3
0.0125 3
0.0148 3
0.0172 3
0.0195 3
0.0219 3
0.0243 3
0.0266 3
0.0290 3
0.0313 3
0.0337 3
0.0360 3
0.0383 3
0.0408 3
0.0431 3
0.0455 3
0.0479 3
0.0502 3
0.0527 3
0.0552 3
0.0575 3
0.0598 3
0.0621 3
0.0645 3
0.0668 3
0.0691 3
0.0714 3
0.0737 3
0.0760 3
0.0784 3
0.0807 3
0.0830 3
0.0853 3
0.0876 3
0.0900 3
0.0924 3
0.0949 3
0.0974 3
0.0997 3
0.1021 3
0.1046 3
0.1069 3
0.1094 3
0.1117 3
0.1140 3
0.1163 3
0.1186 3
0.1209 3
0.1232 3
0.1256 3
0.1279 3
0.1302 3
0.1325 3
0.1348 3
0.1371 3
0.1395 3
0.1418 3
0.1441 3
0.1464 3
0.1488 3
0.1511 3
0.1534 3
0.1557 3
0.1580 3
0.1604 3
0.1627 3
0.1650 3
0.1673 3
0.1696 3
0.1720 3
0.1743 3
0.1766 3
0.1789 3
0.1812 3
0.1836 3
0.1859 3
0.1882 3
0.1905 3
0.1929 3
0.1952 3
0.1976 3
0.2000 3
0.2023 3
0.2046 3
0.2069 3
0.2092 3
0.2116 3
0.2139 3
0.2162 3
0.2186 3
0.2209 3
0.2232 3
0.2255 3
0.2279 3
0.2302 3
0.2325 3
0.2348 3
