0.0000 4
0.0034 4
0.0045 3
0.0059 3
0.0084 3
0.0109 3
0.0134 3
0.0159 3
0.0183 3
0.0208 3
0.0234 3
0.0258 3
0.0283 3
0.0308 3
0.0332 3
0.0357 3
0.0382 3
0.0407 3
0.0432 3
0.0456 3
0.0481 3
0.0505 3
0.0529 3
0.0554 3
0.0578 3
0.0603 3
0.0628 3
0.0652 3
0.0677 3
0.0701 3
0.0725 3
0.0749 3
0.0773 3
0.0797 3
0.0821 3
0.0845 3
0.0870 3
0.0894 3
0.0918 3
0.0942 3
0.0967 3
0.0991 3
0.1016 3
0.1040 3
0.1064 3
0.1088 3
0.1112 3
0.1136 3
0.1160 3
0.1185 3
0.1209 3
0.1234 3
0.1258 3
0.1282 3
0.1306 3
0.1330 3
0.1354 3
0.1378 3
0.1402 3
0.1426 3
0.1450 3
0.1474 3
0.1498 3
0.1523 3
0.1548 3
0.1573 3
0.1597 3
0.1622 3
0.1647 3
0.1671 3
0.1696 3
0.1720 3
0.1745 3
0.1769 3
0.1793 3
0.1817 3
0.1841 3
0.1865 3
0.1889 3
0.1913 3
0.1937 3
0.1961 3
0.1985 3
0.2009 3
0.2033 3
0.2057 3
0.2081 3
0.2105 3
0.2129 3
0.2153 3
0.2177 3
0.2201 3
0.2225 3
0.2249 3
0.2273 3
0.2297 3
0.2321 3
0.2345 3
0.2368 3
0.2392 3
0.2417 3
0.2441 3
0.2465 3
