0.0000 4
0.0005 3
0.0031 3
0.0055 3
0.0078 3
0.0103 3
0.0127 3
0.0151 3
0.0174 3
0.0198 3
0.0222 3
0.0246 3
0.0269 3
0.0293 3
0.0316 3
0.0340 3
0.0364 3
0.0387 3
0.0411 3
0.0434 3
0.0458 3
0.0481 3
0.0505 3
0.0528 3
0.0553 3
0.0576 3
0.0600 3
0.0624 3
0.0648 3
0.0671 3
0.0695 3
0.0721 3
0.0746 3
0.0771 3
0.0796 3
0.0822 3
0.0848 3
0.0873 3
0.0899 3
0.0924 3
0.0948 3
0.0973 3
0.0996 3
0.1021 3
0.1045 3
0.1069 3
0.1094 3
0.1118 3
0.1143 3
0.1167 3
0.1191 3
0.1216 3
0.1239 3
0.1263 3
0.1288 3
0.1311 3
0.1336 3
0.1359 3
0.1384 3
0.1408 3
0.1432 3
0.1457 3
0.1480 3
0.1505 3
0.1529 3
0.1553 3
0.1578 3
0.1602 3
0.1626 3
0.1651 3
0.1674 3
0.1699 3
0.1723 3
0.1747 3
0.1771 3
0.1795 3
0.1820 3
0.1844 3
0.1868 3
0.1893 3
0.1916 3
0.1941 3
0.1964 3
0.1988 3
0.2011 3
0.2035 3
0.2060 3
0.2083 3
0.2106 3
0.2130 3
0.2153 3
0.2177 3
0.2200 3
0.2223 3
0.2247 3
0.2270 3
0.2294 3
0.2317 3
0.2341 3
0.2364 3
0.2388 3
0.2411 3
