0.0000 3
0.0032 3
0.0061 3
0.0092 3
0.0122 3
0.0151 3
0.0181 3
0.0212 3
0.0242 3
0.0272 3
0.0302 3
0.0332 3
0.0361 3
0.0391 3
0.0420 3
0.0449 3
0.0479 3
0.0508 3
0.0537 3
0.0566 3
0.0595 3
0.0624 3
0.0654 3
0.0683 3
0.0712 3
0.0741 3
0.0770 3
0.0800 3
0.0829 3
0.0858 3
0.0887 3
0.0916 3
0.0946 3
0.0975 3
0.1004 3
0.1033 3
0.1063 3
0.1092 3
0.1121 3
0.1150 3
0.1179 3
0.1208 3
0.1238 3
0.1267 3
0.1296 3
0.1325 3
0.1355 3
0.1384 3
0.1413 3
0.1442 3
0.1472 3
0.1502 3
0.1531 3
0.1560 3
0.1591 3
0.1634 3
0.1680 3
0.1711 3
0.1742 3
0.1771 3
0.1801 3
0.1830 3
0.1860 3
0.1889 3
0.1919 3
0.1948 3
0.1977 3
0.2008 3
0.2040 3
0.2070 3
0.2101 3
0.2130 3
0.2159 3
0.2189 3
0.2218 3
0.2247 3
0.2277 3
0.2306 3
0.2335 3
0.2365 3
0.2394 3
0.2423 3
0.2453 3
0.2482 3
0.2511 3
0.2541 3
0.2570 3
0.2599 3
0.2629 3
0.2659 3
0.2688 3
0.2718 3
0.2747 3
0.2776 3
0.2806 3
0.2835 3
0.2864 3
0.2893 3
0.2922 3
0.2952 3
0.2981 3
