0.0000 3
0.0003 2
0.0028 2
0.0051 2
0.0076 2
0.0099 2
0.0123 2
0.0146 2
0.0169 2
0.0192 2
0.0215 2
0.0238 2
0.0261 2
0.0284 2
0.0307 2
0.0330 2
0.0353 2
0.0376 2
0.0399 2
0.0422 2
0.0445 2
0.0468 2
0.0491 2
0.0514 2
0.0537 2
0.0560 2
0.0583 2
0.0606 2
0.0629 2
0.0652 2
0.0675 2
0.0698 2
0.0721 2
0.0744 2
0.0767 2
0.0790 2
0.0813 2
0.0836 2
0.0858 2
0.0881 2
0.0904 2
0.0927 2
0.0950 2
0.0973 2
0.0996 2
0.1019 2
0.1042 2
0.1065 2
0.1087 2
0.1113 2
0.1136 2
0.1159 2
0.1181 2
0.1204 2
0.1227 2
0.1249 2
0.1272 2
0.1295 2
0.1318 2
0.1341 2
0.1364 2
0.1386 2
0.1409 2
0.1432 2
0.1455 2
0.1478 2
0.1500 2
0.1523 2
0.1546 2
0.1568 2
0.1591 2
0.1614 2
0.1637 2
0.1660 2
0.1683 2
0.1706 2
0.1729 2
0.1751 2
0.1774 2
0.1797 2
0.1820 2
0.1843 2
0.1866 2
0.1889 2
0.1911 2
0.1934 2
0.1957 2
0.1980 2
0.2003 2
0.2026 2
0.2048 2
0.2072 2
0.2095 2
0.2119 2
0.2142 2
0.2165 2
0.2188 2
0.2211 2
0.2234 2
0.2257 2
0.2279 2
0.2302 2
