0.0000 3
0.0032 3
0.0063 3
0.0092 3
0.0123 3
0.0153 3
0.0183 3
0.0213 3
0.0242 3
0.0271 3
0.0301 3
0.0330 3
0.0360 3
0.0389 3
0.0419 3
0.0448 3
0.0478 3
0.0507 3
0.0536 3
0.0566 3
0.0595 3
0.0625 3
0.0654 3
0.0683 3
0.0713 3
0.0742 3
0.0772 3
0.0801 3
0.0830 3
0.0860 3
0.0889 3
0.0919 3
0.0948 3
0.0978 3
0.1007 3
0.1036 3
0.1066 3
0.1095 3
0.1125 3
0.1154 3
0.1184 3
0.1213 3
0.1242 3
0.1272 3
0.1302 3
0.1331 3
0.1361 3
0.1391 3
0.1420 3
0.1450 3
0.1480 3
0.1510 3
0.1540 3
0.1570 3
0.1599 3
0.1629 3
0.1658 3
0.1688 3
0.1717 3
0.1747 3
0.1777 3
0.1806 3
0.1836 3
0.1865 3
0.1894 3
0.1924 3
0.1953 3
0.1983 3
0.2012 3
0.2042 3
0.2072 3
0.2102 3
0.2131 3
0.2161 3
0.2190 3
0.2220 3
0.2249 3
0.2279 3
0.2308 3
0.2338 3
0.2367 3
0.2396 3
0.2426 3
0.2455 3
0.2484 3
0.2514 3
0.2543 3
0.2572 3
0.2602 3
0.2631 3
0.2660 3
0.2690 3
0.2719 3
0.2748 3
0.2778 3
0.2807 3
0.2836 3
0.2866 3
0.2895 3
0.2924 3
0.2954 3
