0.0000 6
0.0019 5
0.0034 5
0.0065 5
0.0096 5
0.0126 5
0.0156 5
0.0187 5
0.0216 5
0.0246 5
0.0277 5
0.0306 5
0.0336 5
0.0366 5
0.0395 5
0.0425 5
0.0454 5
0.0484 5
0.0514 5
0.0545 5
0.0575 5
0.0605 5
0.0634 5
0.0664 5
0.0694 5
0.0724 5
0.0755 5
0.0784 5
0.0814 5
0.0844 5
0.0873 5
0.0903 5
0.0932 5
0.0962 5
0.0991 5
0.1021 5
0.1050 5
0.1080 5
0.1109 5
0.1139 5
0.1168 5
0.1198 5
0.1227 5
0.1257 5
0.1286 5
0.1316 5
0.1346 5
0.1375 5
0.1405 5
0.1434 5
0.1464 5
0.1493 5
0.1523 5
0.1552 5
0.1582 5
0.1611 5
0.1640 5
0.1670 5
0.1699 5
0.1728 5
0.1758 5
0.1787 5
0.1817 5
0.1846 5
0.1876 5
0.1905 5
0.1937 5
0.1966 5
0.1996 5
0.2025 5
0.2062 5
0.2093 5
0.2123 5
0.2152 5
0.2182 5
0.2211 5
0.2241 5
0.2270 5
0.2301 5
0.2331 5
0.2361 5
0.2390 5
0.2421 5
0.2450 5
0.2490 5
0.2523 5
0.2554 5
0.2583 5
0.2613 5
0.2643 5
0.2673 5
0.2702 5
0.2732 5
0.2761 5
0.2791 5
0.2821 5
0.2850 5
0.2880 5
0.2909 5
0.2939 5
0.2968 5
0.2998 5
