0.0000 6
0.0013 5
0.0028 5
0.0053 5
0.0079 5
0.0103 5
0.0129 5
0.0153 5
0.0178 5
0.0204 5
0.0228 5
0.0253 5
0.0279 5
0.0304 5
0.0330 5
0.0354 5
0.0379 5
0.0404 5
0.0430 5
0.0456 5
0.0481 5
0.0505 5
0.0529 5
0.0553 5
0.0577 5
0.0601 5
0.0625 5
0.0650 5
0.0674 5
0.0698 5
0.0722 5
0.0746 5
0.0770 5
0.0794 5
0.0818 5
0.0843 5
0.0867 5
0.0891 5
0.0915 5
0.0939 5
0.0964 5
0.0988 5
0.1011 5
0.1035 5
0.1059 5
0.1083 5
0.1107 5
0.1131 5
0.1155 5
0.1179 5
0.1203 5
0.1227 5
0.1251 5
0.1274 5
0.1298 5
0.1322 5
0.1346 5
0.1370 5
0.1394 5
0.1417 5
0.1442 5
0.1466 5
0.1490 5
0.1515 5
0.1539 5
0.1563 5
0.1587 5
0.1612 5
0.1636 5
0.1660 5
0.1684 5
0.1709 5
0.1733 5
0.1757 5
0.1781 5
0.1806 5
0.1830 5
0.1854 5
0.1878 5
0.1902 5
0.1927 5
0.1951 5
0.1975 5
0.1999 5
0.2023 5
0.2047 5
0.2072 5
0.2096 5
0.2120 5
0.2144 5
0.2168 5
0.2192 5
0.2216 5
0.2241 5
0.2265 5
0.2289 5
0.2313 5
0.2337 5
0.2362 5
0.2386 5
0.2410 5
0.2434 5
