0.0000 4
0.0027 3
0.0032 3
0.0063 3
0.0093 3
0.0123 3
0.0153 3
0.0184 3
0.0214 3
0.0243 3
0.0273 3
0.0303 3
0.0332 3
0.0362 3
0.0391 3
0.0421 3
0.0452 3
0.0481 3
0.0511 3
0.0540 3
0.0570 3
0.0600 3
0.0629 3
0.0659 3
0.0689 3
0.0719 3
0.0749 3
0.0778 3
0.0808 3
0.0838 3
0.0868 3
0.0898 3
0.0929 3
0.0959 3
0.0989 3
0.1019 3
0.1049 3
0.1079 3
0.1109 3
0.1140 3
0.1169 3
0.1199 3
0.1229 3
0.1258 3
0.1288 3
0.1317 3
0.1347 3
0.1376 3
0.1406 3
0.1435 3
0.1465 3
0.1494 3
0.1524 3
0.1553 3
0.1583 3
0.1612 3
0.1642 3
0.1672 3
0.1701 3
0.1731 3
0.1760 3
0.1790 3
0.1819 3
0.1849 3
0.1878 3
0.1908 3
0.1938 3
0.1968 3
0.1997 3
0.2027 3
0.2057 3
0.2087 3
0.2117 3
0.2147 3
0.2176 3
0.2206 3
0.2236 3
0.2265 3
0.2295 3
0.2327 3
0.2361 3
0.2394 3
0.2425 3
0.2457 3
0.2488 3
0.2518 3
0.2549 3
0.2580 3
0.2611 3
0.2641 3
0.2671 3
0.2702 3
0.2733 3
0.2764 3
0.2796 3
0.2827 3
0.2857 3
0.2888 3
0.2917 3
0.2948 3
0.2979 3
0.3009 3
