0.0000 4
0.0003 3
0.0033 3
0.0065 3
0.0095 3
0.0127 3
0.0164 3
0.0197 3
0.0231 3
0.0262 3
0.0294 3
0.0325 3
0.0358 3
0.0389 3
0.0420 3
0.0451 3
0.0482 3
0.0513 3
0.0544 3
0.0574 3
0.0606 3
0.0636 3
0.0667 3
0.0698 3
0.0730 3
0.0761 3
0.0792 3
0.0823 3
0.0854 3
0.0886 3
0.0917 3
0.0948 3
0.0979 3
0.1010 3
0.1041 3
0.1071 3
0.1102 3
0.1132 3
0.1163 3
0.1194 3
0.1224 3
0.1255 3
0.1285 3
0.1315 3
0.1346 3
0.1376 3
0.1406 3
0.1437 3
0.1467 3
0.1497 3
0.1529 3
0.1559 3
0.1590 3
0.1620 3
0.1651 3
0.1681 3
0.1712 3
0.1742 3
0.1773 3
0.1803 3
0.1833 3
0.1864 3
0.1894 3
0.1925 3
0.1955 3
0.1986 3
0.2016 3
0.2047 3
0.2078 3
0.2108 3
0.2139 3
0.2169 3
0.2200 3
0.2231 3
0.2261 3
0.2292 3
0.2322 3
0.2353 3
0.2383 3
0.2415 3
0.2445 3
0.2476 3
0.2506 3
0.2537 3
0.2567 3
0.2599 3
0.2629 3
0.2660 3
0.2691 3
0.2722 3
0.2753 3
0.2783 3
0.2814 3
0.2844 3
0.2875 3
0.2905 3
0.2936 3
0.2967 3
0.2997 3
0.3028 3
0.3058 3
0.3089 3
