0.0000 3
0.0012 2
0.0031 2
0.0054 2
0.0077 2
0.0099 2
0.0122 2
0.0145 2
0.0169 2
0.0193 2
0.0216 2
0.0239 2
0.0261 2
0.0284 2
0.0307 2
0.0329 2
0.0352 2
0.0375 2
0.0398 2
0.0420 2
0.0443 2
0.0465 2
0.0488 2
0.0511 2
0.0533 2
0.0555 2
0.0577 2
0.0599 2
0.0621 2
0.0644 2
0.0666 2
0.0689 2
0.0711 2
0.0733 2
0.0756 2
0.0778 2
0.0800 2
0.0823 2
0.0845 2
0.0868 2
0.0890 2
0.0912 2
0.0934 2
0.0957 2
0.0979 2
0.1001 2
0.1023 2
0.1046 2
0.1068 2
0.1091 2
0.1113 2
0.1136 2
0.1158 2
0.1180 2
0.1202 2
0.1225 2
0.1247 2
0.1269 2
0.1292 2
0.1314 2
0.1336 2
0.1359 2
0.1381 2
0.1405 2
0.1428 2
0.1451 2
0.1475 2
0.1497 2
0.1520 2
0.1543 2
0.1566 2
0.1589 2
0.1611 2
0.1635 2
0.1657 2
0.1680 2
0.1702 2
0.1725 2
0.1748 2
0.1770 2
0.1792 2
0.1814 2
0.1836 2
0.1859 2
0.1881 2
0.1903 2
0.1925 2
0.1947 2
0.1969 2
0.1992 2
0.2014 2
0.2036 2
0.2058 2
0.2081 2
0.2104 2
0.2126 2
0.2148 2
0.2170 2
0.2192 2
0.2215 2
0.2237 2
0.2259 2
