0.0000 3
0.0006 2
0.0026 2
0.0050 2
0.0073 2
0.0096 2
0.0119 2
0.0142 2
0.0165 2
0.0187 2
0.0210 2
0.0233 2
0.0255 2
0.0278 2
0.0300 2
0.0323 2
0.0345 2
0.0368 2
0.0390 2
0.0413 2
0.0436 2
0.0458 2
0.0481 2
0.0504 2
0.0526 2
0.0548 2
0.0571 2
0.0594 2
0.0617 2
0.0639 2
0.0662 2
0.0685 2
0.0708 2
0.0730 2
0.0753 2
0.0776 2
0.0798 2
0.0820 2
0.0843 2
0.0865 2
0.0887 2
0.0910 2
0.0932 2
0.0955 2
0.0977 2
0.0999 2
0.1022 2
0.1044 2
0.1067 2
0.1089 2
0.1111 2
0.1134 2
0.1156 2
0.1178 2
0.1202 2
0.1225 2
0.1247 2
0.1269 2
0.1292 2
0.1314 2
0.1336 2
0.1359 2
0.1381 2
0.1404 2
0.1426 2
0.1449 2
0.1471 2
0.1493 2
0.1515 2
0.1538 2
0.1560 2
0.1582 2
0.1604 2
0.1626 2
0.1649 2
0.1671 2
0.1693 2
0.1715 2
0.1737 2
0.1760 2
0.1782 2
0.1804 2
0.1826 2
0.1849 2
0.1871 2
0.1893 2
0.1916 2
0.1938 2
0.1961 2
0.1983 2
0.2005 2
0.2027 2
0.2050 2
0.2072 2
0.2095 2
0.2117 2
0.2139 2
0.2161 2
0.2183 2
0.2206 2
0.2228 2
0.2250 2
