0.0000 4
0.0039 4
0.0046 3
0.0069 3
0.0100 3
0.0131 3
0.0161 3
0.0191 3
0.0221 3
0.0251 3
0.0281 3
0.0311 3
0.0342 3
0.0372 3
0.0402 3
0.0433 3
0.0463 3
0.0493 3
0.0524 3
0.0555 3
0.0586 3
0.0617 3
0.0647 3
0.0677 3
0.0707 3
0.0737 3
0.0767 3
0.0798 3
0.0828 3
0.0858 3
0.0888 3
0.0918 3
0.0949 3
0.0979 3
0.1008 3
0.1038 3
0.1068 3
0.1098 3
0.1129 3
0.1159 3
0.1189 3
0.1219 3
0.1249 3
0.1279 3
0.1309 3
0.1340 3
0.1371 3
0.1401 3
0.1432 3
0.1463 3
0.1493 3
0.1524 3
0.1554 3
0.1584 3
0.1615 3
0.1645 3
0.1676 3
0.1706 3
0.1736 3
0.1767 3
0.1797 3
0.1827 3
0.1857 3
0.1888 3
0.1918 3
0.1948 3
0.1978 3
0.2008 3
0.2038 3
0.2069 3
0.2099 3
0.2129 3
0.2159 3
0.2190 3
0.2220 3
0.2250 3
0.2280 3
0.2311 3
0.2341 3
0.2371 3
0.2402 3
0.2432 3
0.2462 3
0.2492 3
0.2522 3
0.2552 3
0.2583 3
0.2614 3
0.2644 3
0.2674 3
0.2704 3
0.2734 3
0.2764 3
0.2794 3
0.2825 3
0.2855 3
0.2885 3
0.2915 3
0.2945 3
0.2975 3
0.3005 3
0.3035 3
0.3066 3
