0.0000 3
0.0011 2
0.0034 2
0.0062 2
0.0090 2
0.0118 2
0.0152 2
0.0180 2
0.0207 2
0.0235 2
0.0263 2
0.0291 2
0.0318 2
0.0346 2
0.0374 2
0.0401 2
0.0429 2
0.0456 2
0.0484 2
0.0512 2
0.0539 2
0.0567 2
0.0594 2
0.0622 2
0.0650 2
0.0678 2
0.0706 2
0.0734 2
0.0761 2
0.0790 2
0.0817 2
0.0845 2
0.0874 2
0.0901 2
0.0929 2
0.0958 2
0.0985 2
0.1013 2
0.1040 2
0.1068 2
0.1096 2
0.1123 2
0.1151 2
0.1178 2
0.1206 2
0.1233 2
0.1261 2
0.1288 2
0.1316 2
0.1343 2
0.1371 2
0.1398 2
0.1425 2
0.1453 2
0.1480 2
0.1508 2
0.1535 2
0.1563 2
0.1590 2
0.1618 2
0.1645 2
0.1673 2
0.1701 2
0.1728 2
0.1755 2
0.1786 2
0.1813 2
0.1841 2
0.1869 2
0.1896 2
0.1923 2
0.1951 2
0.1978 2
0.2006 2
0.2033 2
0.2060 2
0.2088 2
0.2115 2
0.2143 2
0.2171 2
0.2198 2
0.2226 2
0.2253 2
0.2281 2
0.2308 2
0.2336 2
0.2364 2
0.2392 2
0.2419 2
0.2447 2
0.2475 2
0.2502 2
0.2530 2
0.2557 2
0.2585 2
0.2612 2
0.2640 2
0.2668 2
0.2695 2
0.2724 2
0.2751 2
0.2779 2
