0.0000 3
0.0001 2
0.0026 2
0.0050 2
0.0074 2
0.0099 2
0.0122 2
0.0147 2
0.0170 2
0.0194 2
0.0218 2
0.0242 2
0.0265 2
0.0289 2
0.0312 2
0.0335 2
0.0359 2
0.0382 2
0.0405 2
0.0429 2
0.0452 2
0.0476 2
0.0499 2
0.0522 2
0.0546 2
0.0569 2
0.0592 2
0.0616 2
0.0639 2
0.0662 2
0.0685 2
0.0708 2
0.0732 2
0.0755 2
0.0779 2
0.0802 2
0.0825 2
0.0848 2
0.0872 2
0.0896 2
0.0920 2
0.0944 2
0.0967 2
0.0991 2
0.1014 2
0.1037 2
0.1060 2
0.1083 2
0.1106 2
0.1129 2
0.1153 2
0.1176 2
0.1199 2
0.1222 2
0.1245 2
0.1268 2
0.1291 2
0.1315 2
0.1338 2
0.1361 2
0.1384 2
0.1407 2
0.1430 2
0.1453 2
0.1476 2
0.1499 2
0.1523 2
0.1547 2
0.1570 2
0.1593 2
0.1616 2
0.1639 2
0.1663 2
0.1686 2
0.1709 2
0.1732 2
0.1755 2
0.1778 2
0.1801 2
0.1825 2
0.1848 2
0.1871 2
0.1894 2
0.1917 2
0.1940 2
0.1963 2
0.1986 2
0.2009 2
0.2033 2
0.2056 2
0.2080 2
0.2103 2
0.2126 2
0.2149 2
0.2172 2
0.2195 2
0.2219 2
0.2242 2
0.2266 2
0.2289 2
0.2312 2
0.2335 2
