0.0000 3
0.0026 3
0.0050 3
0.0074 3
0.0098 3
0.0122 3
0.0146 3
0.0169 3
0.0192 3
0.0216 3
0.0239 3
0.0262 3
0.0285 3
0.0309 3
0.0332 3
0.0356 3
0.0379 3
0.0402 3
0.0426 3
0.0449 3
0.0472 3
0.0496 3
0.0519 3
0.0542 3
0.0565 3
0.0588 3
0.0611 3
0.0634 3
0.0657 3
0.0681 3
0.0704 3
0.0727 3
0.0751 3
0.0774 3
0.0797 3
0.0820 3
0.0843 3
0.0867 3
0.0890 3
0.0913 3
0.0936 3
0.0959 3
0.0983 3
0.1007 3
0.1030 3
0.1054 3
0.1077 3
0.1100 3
0.1123 3
0.1146 3
0.1169 3
0.1193 3
0.1216 3
0.1239 3
0.1263 3
0.1286 3
0.1309 3
0.1332 3
0.1355 3
0.1378 3
0.1401 3
0.1424 3
0.1447 3
0.1471 3
0.1494 3
0.1517 3
0.1540 3
0.1563 3
0.1586 3
0.1610 3
0.1633 3
0.1657 3
0.1680 3
0.1703 3
0.1726 3
0.1749 3
0.1772 3
0.1795 3
0.1819 3
0.1842 3
0.1865 3
0.1888 3
0.1912 3
0.1935 3
0.1958 3
0.1982 3
0.2005 3
0.2028 3
0.2052 3
0.2075 3
0.2098 3
0.2121 3
0.2145 3
0.2168 3
0.2191 3
0.2215 3
0.2238 3
0.2262 3
0.2285 3
0.2309 3
0.2332 3
