0.0000 3
0.0035 2
0.0037 2
0.0062 2
0.0086 2
0.0110 2
0.0134 2
0.0158 2
0.0182 2
0.0206 2
0.0229 2
0.0252 2
0.0276 2
0.0300 2
0.0323 2
0.0346 2
0.0369 2
0.0393 2
0.0416 2
0.0441 2
0.0467 2
0.0491 2
0.0515 2
0.0539 2
0.0562 2
0.0586 2
0.0609 2
0.0633 2
0.0656 2
0.0680 2
0.0703 2
0.0726 2
0.0749 2
0.0773 2
0.0796 2
0.0819 2
0.0843 2
0.0866 2
0.0889 2
0.0912 2
0.0936 2
0.0959 2
0.0982 2
0.1005 2
0.1028 2
0.1051 2
0.1074 2
0.1097 2
0.1121 2
0.1144 2
0.1168 2
0.1191 2
0.1214 2
0.1238 2
0.1261 2
0.1284 2
0.1308 2
0.1331 2
0.1355 2
0.1378 2
0.1401 2
0.1424 2
0.1448 2
0.1471 2
0.1494 2
0.1517 2
0.1540 2
0.1563 2
0.1586 2
0.1609 2
0.1633 2
0.1656 2
0.1680 2
0.1703 2
0.1726 2
0.1749 2
0.1773 2
0.1796 2
0.1819 2
0.1842 2
0.1866 2
0.1889 2
0.1912 2
0.1935 2
0.1958 2
0.1982 2
0.2005 2
0.2028 2
0.2051 2
0.2075 2
0.2099 2
0.2124 2
0.2149 2
0.2173 2
0.2197 2
0.2221 2
0.2244 2
0.2268 2
0.2291 2
0.2315 2
0.2339 2
0.2362 2
