0.0000 3
0.0035 3
0.0064 3
0.0093 3
0.0123 3
0.0152 3
0.0181 3
0.0210 3
0.0240 3
0.0269 3
0.0299 3
0.0328 3
0.0357 3
0.0386 3
0.0415 3
0.0444 3
0.0473 3
0.0501 3
0.0530 3
0.0558 3
0.0587 3
0.0615 3
0.0644 3
0.0672 3
0.0700 3
0.0729 3
0.0757 3
0.0785 3
0.0814 3
0.0842 3
0.0870 3
0.0898 3
0.0927 3
0.0955 3
0.0984 3
0.1012 3
0.1040 3
0.1069 3
0.1097 3
0.1126 3
0.1154 3
0.1182 3
0.1210 3
0.1239 3
0.1267 3
0.1295 3
0.1324 3
0.1352 3
0.1380 3
0.1409 3
0.1437 3
0.1466 3
0.1494 3
0.1523 3
0.1551 3
0.1579 3
0.1608 3
0.1636 3
0.1664 3
0.1693 3
0.1721 3
0.1749 3
0.1777 3
0.1806 3
0.1834 3
0.1862 3
0.1891 3
0.1919 3
0.1948 3
0.1976 3
0.2004 3
0.2033 3
0.2061 3
0.2090 3
0.2118 3
0.2147 3
0.2175 3
0.2203 3
0.2232 3
0.2260 3
0.2288 3
0.2317 3
0.2346 3
0.2374 3
0.2402 3
0.2431 3
0.2459 3
0.2487 3
0.2516 3
0.2544 3
0.2572 3
0.2600 3
0.2629 3
0.2657 3
0.2685 3
0.2713 3
0.2741 3
0.2770 3
0.2798 3
0.2826 3
0.2854 3
