0.0000 4
0.0035 4
0.0064 3
0.0066 3
0.0098 3
0.0129 3
0.0160 3
0.0191 3
0.0222 3
0.0254 3
0.0285 3
0.0315 3
0.0346 3
0.0377 3
0.0408 3
0.0439 3
0.0469 3
0.0500 3
0.0531 3
0.0561 3
0.0592 3
0.0623 3
0.0654 3
0.0685 3
0.0715 3
0.0746 3
0.0776 3
0.0806 3
0.0836 3
0.0866 3
0.0896 3
0.0926 3
0.0957 3
0.0987 3
0.1017 3
0.1048 3
0.1078 3
0.1108 3
0.1138 3
0.1168 3
0.1198 3
0.1229 3
0.1259 3
0.1289 3
0.1319 3
0.1349 3
0.1380 3
0.1410 3
0.1439 3
0.1469 3
0.1499 3
0.1530 3
0.1560 3
0.1590 3
0.1620 3
0.1650 3
0.1680 3
0.1710 3
0.1741 3
0.1771 3
0.1802 3
0.1832 3
0.1862 3
0.1892 3
0.1922 3
0.1952 3
0.1982 3
0.2012 3
0.2043 3
0.2073 3
0.2104 3
0.2134 3
0.2164 3
0.2195 3
0.2225 3
0.2255 3
0.2285 3
0.2315 3
0.2345 3
0.2375 3
0.2405 3
0.2435 3
0.2465 3
0.2495 3
0.2525 3
0.2555 3
0.2585 3
0.2615 3
0.2646 3
0.2676 3
0.2706 3
0.2737 3
0.2767 3
0.2797 3
0.2827 3
0.2857 3
0.2887 3
0.2917 3
0.2947 3
0.2977 3
0.3008 3
0.3038 3
0.3068 3
