0.0000 4
0.0006 3
0.0027 3
0.0052 3
0.0077 3
0.0102 3
0.0127 3
0.0151 3
0.0176 3
0.0200 3
0.0225 3
0.0250 3
0.0274 3
0.0299 3
0.0323 3
0.0348 3
0.0372 3
0.0397 3
0.0421 3
0.0446 3
0.0470 3
0.0495 3
0.0519 3
0.0546 3
0.0571 3
0.0597 3
0.0623 3
0.0647 3
0.0673 3
0.0698 3
0.0723 3
0.0748 3
0.0773 3
0.0797 3
0.0822 3
0.0846 3
0.0871 3
0.0896 3
0.0920 3
0.0945 3
0.0969 3
0.0994 3
0.1018 3
0.1042 3
0.1067 3
0.1091 3
0.1116 3
0.1140 3
0.1165 3
0.1190 3
0.1214 3
0.1239 3
0.1263 3
0.1287 3
0.1312 3
0.1336 3
0.1360 3
0.1385 3
0.1409 3
0.1433 3
0.1458 3
0.1482 3
0.1506 3
0.1530 3
0.1555 3
0.1579 3
0.1603 3
0.1627 3
0.1652 3
0.1676 3
0.1700 3
0.1724 3
0.1748 3
0.1773 3
0.1797 3
0.1821 3
0.1846 3
0.1870 3
0.1894 3
0.1918 3
0.1942 3
0.1967 3
0.1991 3
0.2015 3
0.2040 3
0.2067 3
0.2093 3
0.2117 3
0.2141 3
0.2166 3
0.2190 3
0.2214 3
0.2239 3
0.2263 3
0.2287 3
0.2311 3
0.2336 3
0.2360 3
0.2384 3
0.2408 3
0.2432 3
0.2458 3
