0.0000 5
0.0034 5
0.0064 5
0.0094 5
0.0124 5
0.0155 5
0.0184 5
0.0214 5
0.0243 5
0.0273 5
0.0303 5
0.0332 5
0.0362 5
0.0391 5
0.0421 5
0.0451 5
0.0480 5
0.0510 5
0.0539 5
0.0569 5
0.0599 5
0.0628 5
0.0658 5
0.0687 5
0.0717 5
0.0746 5
0.0776 5
0.0805 5
0.0835 5
0.0864 5
0.0894 5
0.0923 5
0.0953 5
0.0982 5
0.1012 5
0.1041 5
0.1071 5
0.1100 5
0.1130 5
0.1160 5
0.1189 5
0.1219 5
0.1248 5
0.1277 5
0.1307 5
0.1336 5
0.1366 5
0.1395 5
0.1424 5
0.1454 5
0.1483 5
0.1513 5
0.1542 5
0.1572 5
0.1602 5
0.1632 5
0.1661 5
0.1691 5
0.1721 5
0.1750 5
0.1780 5
0.1810 5
0.1839 5
0.1869 5
0.1899 5
0.1928 5
0.1958 5
0.1988 5
0.2018 5
0.2047 5
0.2078 5
0.2108 5
0.2138 5
0.2167 5
0.2197 5
0.2227 5
0.2257 5
0.2287 5
0.2316 5
0.2346 5
0.2376 5
0.2405 5
0.2435 5
0.2465 5
0.2494 5
0.2524 5
0.2554 5
0.2583 5
0.2613 5
0.2643 5
0.2673 5
0.2703 5
0.2732 5
0.2762 5
0.2792 5
0.2821 5
0.2851 5
0.2880 5
0.2910 5
0.2940 5
0.2970 5
