0.0000 4
0.0037 4
0.0067 4
0.0078 3
0.0096 3
0.0126 3
0.0155 3
0.0185 3
0.0214 3
0.0244 3
0.0274 3
0.0303 3
0.0332 3
0.0361 3
0.0390 3
0.0419 3
0.0448 3
0.0477 3
0.0506 3
0.0534 3
0.0563 3
0.0592 3
0.0621 3
0.0650 3
0.0679 3
0.0707 3
0.0736 3
0.0765 3
0.0794 3
0.0823 3
0.0852 3
0.0881 3
0.0911 3
0.0940 3
0.0969 3
0.0998 3
0.1027 3
0.1056 3
0.1085 3
0.1117 3
0.1146 3
0.1175 3
0.1204 3
0.1233 3
0.1262 3
0.1291 3
0.1320 3
0.1349 3
0.1378 3
0.1407 3
0.1436 3
0.1465 3
0.1493 3
0.1525 3
0.1557 3
0.1586 3
0.1614 3
0.1643 3
0.1672 3
0.1701 3
0.1730 3
0.1759 3
0.1788 3
0.1817 3
0.1846 3
0.1875 3
0.1904 3
0.1933 3
0.1961 3
0.1990 3
0.2019 3
0.2048 3
0.2080 3
0.2110 3
0.2139 3
0.2169 3
0.2198 3
0.2227 3
0.2256 3
0.2285 3
0.2314 3
0.2343 3
0.2372 3
0.2400 3
0.2429 3
0.2458 3
0.2488 3
0.2517 3
0.2546 3
0.2575 3
0.2604 3
0.2633 3
0.2662 3
0.2690 3
0.2719 3
0.2748 3
0.2777 3
0.2806 3
0.2835 3
0.2864 3
0.2893 3
0.2922 3
0.2952 3
0.2981 3
