0.0000 4
0.0005 3
0.0026 3
0.0050 3
0.0074 3
0.0098 3
0.0122 3
0.0147 3
0.0170 3
0.0194 3
0.0217 3
0.0249 3
0.0277 3
0.0301 3
0.0325 3
0.0348 3
0.0372 3
0.0397 3
0.0420 3
0.0444 3
0.0467 3
0.0491 3
0.0515 3
0.0538 3
0.0562 3
0.0586 3
0.0610 3
0.0633 3
0.0657 3
0.0680 3
0.0704 3
0.0728 3
0.0752 3
0.0775 3
0.0799 3
0.0823 3
0.0846 3
0.0870 3
0.0894 3
0.0917 3
0.0941 3
0.0965 3
0.0989 3
0.1013 3
0.1036 3
0.1060 3
0.1084 3
0.1107 3
0.1131 3
0.1155 3
0.1178 3
0.1202 3
0.1225 3
0.1249 3
0.1272 3
0.1296 3
0.1319 3
0.1343 3
0.1366 3
0.1390 3
0.1413 3
0.1437 3
0.1461 3
0.1484 3
0.1507 3
0.1531 3
0.1554 3
0.1578 3
0.1601 3
0.1624 3
0.1648 3
0.1671 3
0.1694 3
0.1717 3
0.1741 3
0.1764 3
0.1788 3
0.1811 3
0.1835 3
0.1858 3
0.1882 3
0.1905 3
0.1929 3
0.1952 3
0.1976 3
0.2000 3
0.2023 3
0.2047 3
0.2071 3
0.2095 3
0.2118 3
0.2141 3
0.2165 3
0.2188 3
0.2212 3
0.2235 3
0.2258 3
0.2282 3
0.2305 3
0.2329 3
0.2352 3
0.2375 3
