0.0000 3
0.0008 2
0.0035 2
0.0064 2
0.0093 2
0.0122 2
0.0150 2
0.0179 2
0.0207 2
0.0236 2
0.0265 2
0.0293 2
0.0321 2
0.0349 2
0.0378 2
0.0406 2
0.0434 2
0.0462 2
0.0490 2
0.0518 2
0.0546 2
0.0575 2
0.0603 2
0.0632 2
0.0660 2
0.0688 2
0.0716 2
0.0744 2
0.0772 2
0.0800 2
0.0828 2
0.0856 2
0.0885 2
0.0913 2
0.0941 2
0.0969 2
0.0997 2
0.1025 2
0.1053 2
0.1081 2
0.1109 2
0.1137 2
0.1165 2
0.1193 2
0.1221 2
0.1249 2
0.1277 2
0.1305 2
0.1333 2
0.1361 2
0.1389 2
0.1418 2
0.1446 2
0.1474 2
0.1501 2
0.1529 2
0.1558 2
0.1586 2
0.1614 2
0.1642 2
0.1670 2
0.1698 2
0.1725 2
0.1753 2
0.1781 2
0.1809 2
0.1837 2
0.1866 2
0.1894 2
0.1921 2
0.1949 2
0.1978 2
0.2009 2
0.2040 2
0.2069 2
0.2099 2
0.2130 2
0.2160 2
0.2190 2
0.2219 2
0.2249 2
0.2277 2
0.2306 2
0.2335 2
0.2364 2
0.2392 2
0.2421 2
0.2451 2
0.2479 2
0.2508 2
0.2537 2
0.2566 2
0.2595 2
0.2624 2
0.2653 2
0.2682 2
0.2710 2
0.2739 2
0.2768 2
0.2797 2
0.2825 2
0.2854 2
