0.0000 5
0.0026 4
0.0036 4
0.0069 4
0.0101 4
0.0133 4
0.0166 4
0.0198 4
0.0230 4
0.0261 4
0.0293 4
0.0325 4
0.0356 4
0.0388 4
0.0420 4
0.0452 4
0.0484 4
0.0515 4
0.0547 4
0.0579 4
0.0611 4
0.0642 4
0.0674 4
0.0706 4
0.0737 4
0.0769 4
0.0800 4
0.0832 4
0.0864 4
0.0896 4
0.0927 4
0.0959 4
0.0990 4
0.1022 4
0.1054 4
0.1086 4
0.1117 4
0.1149 4
0.1181 4
0.1212 4
0.1244 4
0.1276 4
0.1307 4
0.1339 4
0.1370 4
0.1403 4
0.1435 4
0.1467 4
0.1499 4
0.1531 4
0.1562 4
0.1594 4
0.1626 4
0.1657 4
0.1689 4
0.1721 4
0.1752 4
0.1784 4
0.1815 4
0.1847 4
0.1878 4
0.1910 4
0.1941 4
0.1973 4
0.2004 4
0.2036 4
0.2068 4
0.2100 4
0.2131 4
0.2163 4
0.2195 4
0.2226 4
0.2258 4
0.2289 4
0.2321 4
0.2352 4
0.2384 4
0.2415 4
0.2447 4
0.2479 4
0.2511 4
0.2542 4
0.2574 4
0.2606 4
0.2638 4
0.2669 4
0.2703 4
0.2737 4
0.2768 4
0.2800 4
0.2832 4
0.2864 4
0.2895 4
0.2927 4
0.2959 4
0.2990 4
0.3022 4
0.3053 4
0.3085 4
0.3119 4
0.3153 4
0.3186 4
