0.0000 5
0.0005 4
0.0035 4
0.0069 4
0.0101 4
0.0134 4
0.0166 4
0.0198 4
0.0230 4
0.0262 4
0.0295 4
0.0326 4
0.0359 4
0.0391 4
0.0423 4
0.0455 4
0.0487 4
0.0520 4
0.0552 4
0.0583 4
0.0615 4
0.0647 4
0.0680 4
0.0713 4
0.0745 4
0.0777 4
0.0809 4
0.0841 4
0.0873 4
0.0905 4
0.0937 4
0.0969 4
0.1001 4
0.1033 4
0.1064 4
0.1096 4
0.1129 4
0.1161 4
0.1192 4
0.1224 4
0.1256 4
0.1289 4
0.1322 4
0.1354 4
0.1386 4
0.1418 4
0.1450 4
0.1482 4
0.1514 4
0.1545 4
0.1577 4
0.1609 4
0.1641 4
0.1673 4
0.1705 4
0.1737 4
0.1768 4
0.1800 4
0.1832 4
0.1864 4
0.1896 4
0.1928 4
0.1960 4
0.1991 4
0.2023 4
0.2055 4
0.2088 4
0.2120 4
0.2152 4
0.2183 4
0.2215 4
0.2247 4
0.2279 4
0.2311 4
0.2342 4
0.2374 4
0.2406 4
0.2437 4
0.2469 4
0.2501 4
0.2533 4
0.2564 4
0.2596 4
0.2628 4
0.2660 4
0.2692 4
0.2724 4
0.2755 4
0.2787 4
0.2819 4
0.2851 4
0.2883 4
0.2915 4
0.2947 4
0.2979 4
0.3010 4
0.3042 4
0.3074 4
0.3106 4
0.3137 4
0.3169 4
0.3202 4
