0.0000 6
0.0037 6
0.0053 5
0.0068 5
0.0099 5
0.0130 5
0.0162 5
0.0193 5
0.0224 5
0.0255 5
0.0287 5
0.0317 5
0.0348 5
0.0378 5
0.0408 5
0.0440 5
0.0470 5
0.0500 5
0.0531 5
0.0561 5
0.0592 5
0.0622 5
0.0652 5
0.0682 5
0.0713 5
0.0743 5
0.0773 5
0.0804 5
0.0835 5
0.0865 5
0.0896 5
0.0926 5
0.0956 5
0.0987 5
0.1017 5
0.1048 5
0.1079 5
0.1109 5
0.1139 5
0.1170 5
0.1202 5
0.1233 5
0.1263 5
0.1294 5
0.1324 5
0.1355 5
0.1385 5
0.1416 5
0.1446 5
0.1476 5
0.1507 5
0.1537 5
0.1568 5
0.1598 5
0.1629 5
0.1659 5
0.1692 5
0.1723 5
0.1753 5
0.1784 5
0.1814 5
0.1845 5
0.1875 5
0.1906 5
0.1936 5
0.1967 5
0.1997 5
0.2028 5
0.2058 5
0.2091 5
0.2123 5
0.2154 5
0.2184 5
0.2215 5
0.2245 5
0.2275 5
0.2306 5
0.2336 5
0.2367 5
0.2397 5
0.2427 5
0.2458 5
0.2488 5
0.2519 5
0.2549 5
0.2579 5
0.2610 5
0.2640 5
0.2670 5
0.2700 5
0.2731 5
0.2761 5
0.2792 5
0.2823 5
0.2853 5
0.2884 5
0.2914 5
0.2945 5
0.2975 5
0.3006 5
0.3036 5
0.3066 5
0.3098 5
