0.0000 3
0.0033 3
0.0062 3
0.0091 3
0.0120 3
0.0149 3
0.0177 3
0.0206 3
0.0234 3
0.0262 3
0.0290 3
0.0318 3
0.0347 3
0.0375 3
0.0404 3
0.0433 3
0.0461 3
0.0489 3
0.0517 3
0.0545 3
0.0573 3
0.0601 3
0.0629 3
0.0658 3
0.0686 3
0.0714 3
0.0742 3
0.0770 3
0.0798 3
0.0826 3
0.0854 3
0.0882 3
0.0910 3
0.0938 3
0.0966 3
0.0994 3
0.1022 3
0.1050 3
0.1079 3
0.1107 3
0.1135 3
0.1163 3
0.1191 3
0.1219 3
0.1247 3
0.1275 3
0.1304 3
0.1331 3
0.1360 3
0.1388 3
0.1416 3
0.1444 3
0.1472 3
0.1500 3
0.1528 3
0.1556 3
0.1584 3
0.1612 3
0.1640 3
0.1668 3
0.1696 3
0.1724 3
0.1752 3
0.1780 3
0.1808 3
0.1836 3
0.1864 3
0.1892 3
0.1920 3
0.1948 3
0.1976 3
0.2004 3
0.2033 3
0.2063 3
0.2092 3
0.2121 3
0.2149 3
0.2177 3
0.2205 3
0.2233 3
0.2261 3
0.2289 3
0.2317 3
0.2345 3
0.2373 3
0.2401 3
0.2429 3
0.2457 3
0.2485 3
0.2513 3
0.2541 3
0.2571 3
0.2600 3
0.2628 3
0.2656 3
0.2684 3
0.2712 3
0.2740 3
0.2768 3
0.2796 3
0.2824 3
