0.0000 4
0.0004 3
0.0032 3
0.0062 3
0.0092 3
0.0122 3
0.0152 3
0.0182 3
0.0212 3
0.0242 3
0.0271 3
0.0301 3
0.0331 3
0.0361 3
0.0390 3
0.0421 3
0.0451 3
0.0480 3
0.0510 3
0.0539 3
0.0569 3
0.0598 3
0.0628 3
0.0658 3
0.0687 3
0.0717 3
0.0747 3
0.0776 3
0.0806 3
0.0837 3
0.0869 3
0.0900 3
0.0930 3
0.0960 3
0.0990 3
0.1019 3
0.1049 3
0.1078 3
0.1108 3
0.1137 3
0.1168 3
0.1197 3
0.1227 3
0.1257 3
0.1286 3
0.1316 3
0.1345 3
0.1375 3
0.1404 3
0.1434 3
0.1464 3
0.1493 3
0.1523 3
0.1552 3
0.1582 3
0.1612 3
0.1642 3
0.1672 3
0.1701 3
0.1731 3
0.1760 3
0.1790 3
0.1820 3
0.1851 3
0.1881 3
0.1911 3
0.1941 3
0.1970 3
0.2000 3
0.2029 3
0.2060 3
0.2089 3
0.2119 3
0.2148 3
0.2178 3
0.2207 3
0.2237 3
0.2266 3
0.2296 3
0.2326 3
0.2355 3
0.2385 3
0.2414 3
0.2444 3
0.2474 3
0.2504 3
0.2533 3
0.2563 3
0.2592 3
0.2622 3
0.2652 3
0.2682 3
0.2712 3
0.2741 3
0.2770 3
0.2800 3
0.2830 3
0.2859 3
0.2889 3
0.2918 3
0.2948 3
0.2977 3
