0.0000 5
0.0030 5
0.0057 5
0.0084 5
0.0109 5
0.0134 5
0.0160 5
0.0184 5
0.0210 5
0.0235 5
0.0260 5
0.0285 5
0.0310 5
0.0335 5
0.0359 5
0.0384 5
0.0409 5
0.0433 5
0.0458 5
0.0483 5
0.0507 5
0.0532 5
0.0557 5
0.0581 5
0.0606 5
0.0631 5
0.0655 5
0.0680 5
0.0705 5
0.0729 5
0.0754 5
0.0780 5
0.0804 5
0.0829 5
0.0853 5
0.0878 5
0.0903 5
0.0928 5
0.0952 5
0.0978 5
0.1002 5
0.1027 5
0.1051 5
0.1076 5
0.1101 5
0.1125 5
0.1150 5
0.1175 5
0.1199 5
0.1224 5
0.1249 5
0.1274 5
0.1299 5
0.1323 5
0.1348 5
0.1373 5
0.1397 5
0.1422 5
0.1447 5
0.1471 5
0.1496 5
0.1520 5
0.1545 5
0.1570 5
0.1595 5
0.1620 5
0.1645 5
0.1671 5
0.1696 5
0.1721 5
0.1747 5
0.1771 5
0.1796 5
0.1821 5
0.1845 5
0.1870 5
0.1894 5
0.1919 5
0.1944 5
0.1968 5
0.1992 5
0.2017 5
0.2041 5
0.2066 5
0.2090 5
0.2115 5
0.2139 5
0.2164 5
0.2188 5
0.2213 5
0.2238 5
0.2262 5
0.2287 5
0.2311 5
0.2336 5
0.2360 5
0.2385 5
0.2410 5
0.2434 5
0.2459 5
0.2484 5
