0.0000 3
0.0005 2
0.0043 2
0.0072 2
0.0102 2
0.0132 2
0.0162 2
0.0191 2
0.0221 2
0.0251 2
0.0280 2
0.0309 2
0.0338 2
0.0367 2
0.0395 2
0.0424 2
0.0453 2
0.0482 2
0.0511 2
0.0540 2
0.0568 2
0.0597 2
0.0626 2
0.0655 2
0.0684 2
0.0713 2
0.0742 2
0.0772 2
0.0801 2
0.0830 2
0.0859 2
0.0887 2
0.0916 2
0.0945 2
0.0974 2
0.1003 2
0.1031 2
0.1060 2
0.1089 2
0.1118 2
0.1146 2
0.1175 2
0.1204 2
0.1232 2
0.1261 2
0.1290 2
0.1319 2
0.1347 2
0.1376 2
0.1405 2
0.1434 2
0.1462 2
0.1492 2
0.1521 2
0.1550 2
0.1579 2
0.1608 2
0.1638 2
0.1667 2
0.1695 2
0.1724 2
0.1753 2
0.1782 2
0.1811 2
0.1840 2
0.1869 2
0.1898 2
0.1927 2
0.1956 2
0.1984 2
0.2013 2
0.2042 2
0.2071 2
0.2100 2
0.2129 2
0.2158 2
0.2186 2
0.2215 2
0.2244 2
0.2272 2
0.2301 2
0.2330 2
0.2358 2
0.2387 2
0.2416 2
0.2447 2
0.2477 2
0.2507 2
0.2536 2
0.2567 2
0.2597 2
0.2626 2
0.2655 2
0.2685 2
0.2716 2
0.2745 2
0.2774 2
0.2804 2
0.2834 2
0.2863 2
0.2893 2
0.2923 2
