0.0000 4
0.0035 4
0.0060 3
0.0066 3
0.0098 3
0.0129 3
0.0161 3
0.0192 3
0.0223 3
0.0254 3
0.0286 3
0.0317 3
0.0348 3
0.0379 3
0.0411 3
0.0442 3
0.0474 3
0.0504 3
0.0535 3
0.0566 3
0.0597 3
0.0628 3
0.0659 3
0.0690 3
0.0722 3
0.0753 3
0.0784 3
0.0816 3
0.0848 3
0.0880 3
0.0912 3
0.0943 3
0.0975 3
0.1006 3
0.1037 3
0.1068 3
0.1099 3
0.1130 3
0.1160 3
0.1191 3
0.1222 3
0.1252 3
0.1283 3
0.1313 3
0.1344 3
0.1375 3
0.1405 3
0.1437 3
0.1467 3
0.1498 3
0.1530 3
0.1560 3
0.1591 3
0.1622 3
0.1653 3
0.1684 3
0.1715 3
0.1745 3
0.1777 3
0.1807 3
0.1838 3
0.1869 3
0.1899 3
0.1930 3
0.1961 3
0.1991 3
0.2022 3
0.2053 3
0.2084 3
0.2114 3
0.2145 3
0.2176 3
0.2206 3
0.2237 3
0.2268 3
0.2299 3
0.2330 3
0.2361 3
0.2391 3
0.2422 3
0.2453 3
0.2484 3
0.2515 3
0.2545 3
0.2576 3
0.2608 3
0.2639 3
0.2669 3
0.2699 3
0.2731 3
0.2762 3
0.2793 3
0.2823 3
0.2854 3
0.2886 3
0.2917 3
0.2948 3
0.2979 3
0.3010 3
0.3042 3
0.3072 3
0.3102 3
0.3133 3
