0.0000 3
0.0028 3
0.0053 3
0.0077 3
0.0101 3
0.0126 3
0.0150 3
0.0175 3
0.0198 3
0.0222 3
0.0247 3
0.0271 3
0.0294 3
0.0318 3
0.0342 3
0.0366 3
0.0389 3
0.0413 3
0.0437 3
0.0460 3
0.0484 3
0.0507 3
0.0530 3
0.0554 3
0.0577 3
0.0601 3
0.0624 3
0.0648 3
0.0672 3
0.0695 3
0.0719 3
0.0743 3
0.0766 3
0.0790 3
0.0814 3
0.0837 3
0.0861 3
0.0885 3
0.0912 3
0.0938 3
0.0962 3
0.0986 3
0.1010 3
0.1034 3
0.1059 3
0.1083 3
0.1107 3
0.1131 3
0.1155 3
0.1178 3
0.1202 3
0.1226 3
0.1250 3
0.1274 3
0.1297 3
0.1323 3
0.1349 3
0.1374 3
0.1398 3
0.1422 3
0.1446 3
0.1470 3
0.1494 3
0.1517 3
0.1541 3
0.1565 3
0.1589 3
0.1612 3
0.1636 3
0.1660 3
0.1684 3
0.1707 3
0.1731 3
0.1755 3
0.1778 3
0.1802 3
0.1826 3
0.1850 3
0.1874 3
0.1897 3
0.1921 3
0.1944 3
0.1969 3
0.1993 3
0.2017 3
0.2040 3
0.2064 3
0.2089 3
0.2112 3
0.2136 3
0.2160 3
0.2184 3
0.2207 3
0.2231 3
0.2255 3
0.2279 3
0.2302 3
0.2326 3
0.2350 3
0.2374 3
0.2398 3
