0.0000 5
0.0035 5
0.0059 5
0.0084 5
0.0110 5
0.0134 5
0.0160 5
0.0184 5
0.0209 5
0.0235 5
0.0260 5
0.0285 5
0.0309 5
0.0334 5
0.0358 5
0.0383 5
0.0408 5
0.0432 5
0.0457 5
0.0482 5
0.0507 5
0.0532 5
0.0557 5
0.0582 5
0.0607 5
0.0632 5
0.0656 5
0.0681 5
0.0705 5
0.0730 5
0.0754 5
0.0778 5
0.0803 5
0.0827 5
0.0852 5
0.0876 5
0.0901 5
0.0926 5
0.0950 5
0.0975 5
0.0999 5
0.1024 5
0.1048 5
0.1073 5
0.1097 5
0.1121 5
0.1146 5
0.1170 5
0.1195 5
0.1220 5
0.1245 5
0.1269 5
0.1294 5
0.1318 5
0.1343 5
0.1367 5
0.1392 5
0.1417 5
0.1442 5
0.1467 5
0.1492 5
0.1517 5
0.1542 5
0.1566 5
0.1592 5
0.1616 5
0.1641 5
0.1665 5
0.1689 5
0.1715 5
0.1739 5
0.1764 5
0.1788 5
0.1813 5
0.1837 5
0.1862 5
0.1886 5
0.1910 5
0.1935 5
0.1959 5
0.1984 5
0.2009 5
0.2036 5
0.2062 5
0.2086 5
0.2111 5
0.2135 5
0.2160 5
0.2184 5
0.2208 5
0.2233 5
0.2257 5
0.2281 5
0.2306 5
0.2330 5
0.2354 5
0.2379 5
0.2403 5
0.2428 5
0.2455 5
0.2481 5
