0.0000 3
0.0028 3
0.0052 3
0.0077 3
0.0101 3
0.0125 3
0.0150 3
0.0174 3
0.0198 3
0.0222 3
0.0246 3
0.0270 3
0.0294 3
0.0318 3
0.0342 3
0.0366 3
0.0390 3
0.0414 3
0.0437 3
0.0461 3
0.0485 3
0.0508 3
0.0532 3
0.0556 3
0.0580 3
0.0604 3
0.0628 3
0.0651 3
0.0675 3
0.0699 3
0.0723 3
0.0747 3
0.0770 3
0.0794 3
0.0818 3
0.0842 3
0.0866 3
0.0890 3
0.0914 3
0.0937 3
0.0961 3
0.0985 3
0.1009 3
0.1032 3
0.1056 3
0.1080 3
0.1104 3
0.1127 3
0.1151 3
0.1175 3
0.1199 3
0.1225 3
0.1249 3
0.1273 3
0.1296 3
0.1320 3
0.1344 3
0.1367 3
0.1391 3
0.1415 3
0.1439 3
0.1463 3
0.1486 3
0.1510 3
0.1534 3
0.1558 3
0.1582 3
0.1606 3
0.1629 3
0.1653 3
0.1677 3
0.1700 3
0.1724 3
0.1747 3
0.1771 3
0.1795 3
0.1818 3
0.1842 3
0.1866 3
0.1890 3
0.1914 3
0.1937 3
0.1961 3
0.1985 3
0.2009 3
0.2033 3
0.2057 3
0.2082 3
0.2105 3
0.2129 3
0.2153 3
0.2177 3
0.2201 3
0.2224 3
0.2248 3
0.2273 3
0.2296 3
0.2320 3
0.2344 3
0.2367 3
0.2391 3
