0.0000 3
0.0007 2
0.0037 2
0.0064 2
0.0092 2
0.0120 2
0.0148 2
0.0176 2
0.0204 2
0.0231 2
0.0258 2
0.0285 2
0.0313 2
0.0340 2
0.0367 2
0.0394 2
0.0421 2
0.0449 2
0.0476 2
0.0503 2
0.0530 2
0.0558 2
0.0585 2
0.0613 2
0.0640 2
0.0667 2
0.0694 2
0.0721 2
0.0749 2
0.0776 2
0.0803 2
0.0830 2
0.0857 2
0.0885 2
0.0912 2
0.0939 2
0.0966 2
0.0993 2
0.1021 2
0.1048 2
0.1075 2
0.1102 2
0.1129 2
0.1156 2
0.1184 2
0.1212 2
0.1239 2
0.1266 2
0.1294 2
0.1321 2
0.1348 2
0.1375 2
0.1402 2
0.1429 2
0.1456 2
0.1483 2
0.1511 2
0.1538 2
0.1565 2
0.1592 2
0.1619 2
0.1646 2
0.1673 2
0.1700 2
0.1728 2
0.1755 2
0.1782 2
0.1809 2
0.1836 2
0.1863 2
0.1891 2
0.1918 2
0.1945 2
0.1972 2
0.1999 2
0.2026 2
0.2054 2
0.2082 2
0.2109 2
0.2136 2
0.2163 2
0.2190 2
0.2218 2
0.2245 2
0.2272 2
0.2299 2
0.2326 2
0.2353 2
0.2380 2
0.2409 2
0.2436 2
0.2463 2
0.2490 2
0.2518 2
0.2546 2
0.2575 2
0.2603 2
0.2630 2
0.2657 2
0.2684 2
0.2712 2
0.2739 2
