0.0000 5
0.0010 4
0.0030 4
0.0055 4
0.0081 4
0.0107 4
0.0132 4
0.0158 4
0.0183 4
0.0209 4
0.0235 4
0.0260 4
0.0285 4
0.0311 4
0.0336 4
0.0361 4
0.0385 4
0.0410 4
0.0435 4
0.0460 4
0.0485 4
0.0510 4
0.0535 4
0.0560 4
0.0585 4
0.0609 4
0.0634 4
0.0659 4
0.0686 4
0.0712 4
0.0736 4
0.0761 4
0.0786 4
0.0811 4
0.0836 4
0.0861 4
0.0885 4
0.0910 4
0.0935 4
0.0960 4
0.0985 4
0.1010 4
0.1036 4
0.1061 4
0.1085 4
0.1111 4
0.1136 4
0.1161 4
0.1186 4
0.1211 4
0.1236 4
0.1261 4
0.1286 4
0.1311 4
0.1336 4
0.1360 4
0.1385 4
0.1410 4
0.1435 4
0.1460 4
0.1484 4
0.1509 4
0.1534 4
0.1559 4
0.1583 4
0.1608 4
0.1633 4
0.1658 4
0.1683 4
0.1707 4
0.1732 4
0.1757 4
0.1782 4
0.1806 4
0.1832 4
0.1857 4
0.1881 4
0.1906 4
0.1931 4
0.1955 4
0.1980 4
0.2005 4
0.2030 4
0.2054 4
0.2080 4
0.2105 4
0.2130 4
0.2154 4
0.2179 4
0.2204 4
0.2229 4
0.2253 4
0.2279 4
0.2303 4
0.2328 4
0.2353 4
0.2378 4
0.2403 4
0.2428 4
0.2453 4
0.2477 4
0.2502 4
