0.0000 4
0.0031 4
0.0060 4
0.0089 4
0.0118 4
0.0147 4
0.0175 4
0.0204 4
0.0233 4
0.0261 4
0.0290 4
0.0318 4
0.0347 4
0.0376 4
0.0405 4
0.0434 4
0.0463 4
0.0491 4
0.0520 4
0.0548 4
0.0576 4
0.0604 4
0.0633 4
0.0661 4
0.0689 4
0.0717 4
0.0745 4
0.0774 4
0.0802 4
0.0830 4
0.0858 4
0.0887 4
0.0915 4
0.0943 4
0.0971 4
0.0999 4
0.1028 4
0.1056 4
0.1084 4
0.1112 4
0.1141 4
0.1169 4
0.1197 4
0.1225 4
0.1254 4
0.1282 4
0.1310 4
0.1338 4
0.1367 4
0.1395 4
0.1423 4
0.1451 4
0.1480 4
0.1508 4
0.1537 4
0.1566 4
0.1594 4
0.1622 4
0.1650 4
0.1678 4
0.1707 4
0.1735 4
0.1763 4
0.1792 4
0.1823 4
0.1854 4
0.1885 4
0.1914 4
0.1944 4
0.1973 4
0.2002 4
0.2032 4
0.2061 4
0.2090 4
0.2119 4
0.2149 4
0.2178 4
0.2206 4
0.2236 4
0.2266 4
0.2297 4
0.2326 4
0.2356 4
0.2386 4
0.2415 4
0.2443 4
0.2472 4
0.2501 4
0.2529 4
0.2558 4
0.2587 4
0.2616 4
0.2644 4
0.2674 4
0.2703 4
0.2732 4
0.2760 4
0.2789 4
0.2817 4
0.2846 4
0.2874 4
