0.0000 4
0.0032 4
0.0054 3
0.0063 3
0.0093 3
0.0122 3
0.0153 3
0.0183 3
0.0213 3
0.0242 3
0.0273 3
0.0302 3
0.0331 3
0.0361 3
0.0390 3
0.0419 3
0.0449 3
0.0478 3
0.0508 3
0.0537 3
0.0566 3
0.0596 3
0.0625 3
0.0654 3
0.0683 3
0.0712 3
0.0742 3
0.0771 3
0.0800 3
0.0829 3
0.0858 3
0.0888 3
0.0917 3
0.0946 3
0.0975 3
0.1004 3
0.1033 3
0.1063 3
0.1092 3
0.1121 3
0.1150 3
0.1179 3
0.1209 3
0.1238 3
0.1267 3
0.1297 3
0.1326 3
0.1355 3
0.1384 3
0.1414 3
0.1443 3
0.1472 3
0.1501 3
0.1531 3
0.1560 3
0.1589 3
0.1618 3
0.1647 3
0.1677 3
0.1706 3
0.1735 3
0.1764 3
0.1794 3
0.1823 3
0.1852 3
0.1882 3
0.1911 3
0.1940 3
0.1969 3
0.1999 3
0.2028 3
0.2059 3
0.2088 3
0.2117 3
0.2146 3
0.2176 3
0.2205 3
0.2234 3
0.2264 3
0.2293 3
0.2322 3
0.2351 3
0.2380 3
0.2409 3
0.2438 3
0.2468 3
0.2497 3
0.2526 3
0.2556 3
0.2585 3
0.2615 3
0.2644 3
0.2674 3
0.2704 3
0.2733 3
0.2762 3
0.2792 3
0.2822 3
0.2851 3
0.2880 3
0.2909 3
0.2938 3
0.2967 3
