0.0000 3
0.0030 3
0.0060 3
0.0089 3
0.0118 3
0.0148 3
0.0180 3
0.0208 3
0.0236 3
0.0266 3
0.0294 3
0.0322 3
0.0350 3
0.0379 3
0.0407 3
0.0436 3
0.0464 3
0.0492 3
0.0520 3
0.0548 3
0.0577 3
0.0605 3
0.0634 3
0.0662 3
0.0690 3
0.0719 3
0.0747 3
0.0775 3
0.0804 3
0.0832 3
0.0860 3
0.0889 3
0.0918 3
0.0947 3
0.0975 3
0.1004 3
0.1032 3
0.1060 3
0.1088 3
0.1117 3
0.1145 3
0.1173 3
0.1201 3
0.1229 3
0.1257 3
0.1285 3
0.1313 3
0.1341 3
0.1369 3
0.1397 3
0.1425 3
0.1453 3
0.1482 3
0.1510 3
0.1538 3
0.1566 3
0.1594 3
0.1623 3
0.1651 3
0.1679 3
0.1707 3
0.1735 3
0.1763 3
0.1792 3
0.1820 3
0.1848 3
0.1876 3
0.1904 3
0.1932 3
0.1960 3
0.1988 3
0.2017 3
0.2045 3
0.2074 3
0.2102 3
0.2130 3
0.2158 3
0.2186 3
0.2215 3
0.2243 3
0.2271 3
0.2300 3
0.2328 3
0.2356 3
0.2384 3
0.2412 3
0.2440 3
0.2469 3
0.2497 3
0.2525 3
0.2553 3
0.2582 3
0.2610 3
0.2638 3
0.2666 3
0.2694 3
0.2722 3
0.2750 3
0.2779 3
0.2807 3
0.2835 3
