0.0000 6
0.0040 6
0.0072 6
0.0104 6
0.0136 6
0.0168 6
0.0200 6
0.0231 6
0.0262 6
0.0294 6
0.0325 6
0.0356 6
0.0388 6
0.0419 6
0.0433 5
0.0450 5
0.0481 5
0.0511 5
0.0542 5
0.0573 5
0.0603 5
0.0634 5
0.0664 5
0.0695 5
0.0727 5
0.0758 5
0.0788 5
0.0820 5
0.0850 5
0.0881 5
0.0911 5
0.0942 5
0.0973 5
0.1004 5
0.1035 5
0.1067 5
0.1098 5
0.1130 5
0.1161 5
0.1192 5
0.1223 5
0.1256 5
0.1287 5
0.1317 5
0.1348 5
0.1379 5
0.1410 5
0.1441 5
0.1472 5
0.1503 5
0.1534 5
0.1565 5
0.1596 5
0.1627 5
0.1658 5
0.1688 5
0.1719 5
0.1749 5
0.1780 5
0.1810 5
0.1841 5
0.1872 5
0.1902 5
0.1932 5
0.1963 5
0.1993 5
0.2024 5
0.2054 5
0.2086 5
0.2116 5
0.2146 5
0.2177 5
0.2207 5
0.2238 5
0.2268 5
0.2298 5
0.2329 5
0.2359 5
0.2390 5
0.2420 5
0.2451 5
0.2481 5
0.2512 5
0.2542 5
0.2573 5
0.2604 5
0.2634 5
0.2665 5
0.2696 5
0.2726 5
0.2757 5
0.2788 5
0.2818 5
0.2849 5
0.2880 5
0.2910 5
0.2941 5
0.2972 5
0.3003 5
0.3034 5
0.3064 5
0.3095 5
0.3126 5
0.3157 5
0.3187 5
0.3217 5
0.3248 5
0.3279 5
0.3310 5
0.3340 5
0.3371 5
0.3401 5
0.3432 5
0.3462 5
0.3493 5
