0.0000 3
0.0021 2
0.0026 2
0.0050 2
0.0073 2
0.0097 2
0.0120 2
0.0144 2
0.0167 2
0.0191 2
0.0215 2
0.0238 2
0.0260 2
0.0283 2
0.0307 2
0.0330 2
0.0352 2
0.0375 2
0.0398 2
0.0421 2
0.0444 2
0.0467 2
0.0490 2
0.0513 2
0.0536 2
0.0559 2
0.0581 2
0.0604 2
0.0627 2
0.0650 2
0.0673 2
0.0696 2
0.0719 2
0.0742 2
0.0765 2
0.0788 2
0.0810 2
0.0833 2
0.0856 2
0.0879 2
0.0902 2
0.0924 2
0.0947 2
0.0970 2
0.0993 2
0.1016 2
0.1038 2
0.1061 2
0.1084 2
0.1107 2
0.1130 2
0.1152 2
0.1175 2
0.1198 2
0.1221 2
0.1244 2
0.1267 2
0.1290 2
0.1313 2
0.1335 2
0.1358 2
0.1381 2
0.1404 2
0.1427 2
0.1450 2
0.1473 2
0.1496 2
0.1519 2
0.1542 2
0.1565 2
0.1588 2
0.1611 2
0.1634 2
0.1657 2
0.1679 2
0.1702 2
0.1725 2
0.1748 2
0.1770 2
0.1793 2
0.1816 2
0.1839 2
0.1861 2
0.1884 2
0.1907 2
0.1930 2
0.1952 2
0.1975 2
0.1998 2
0.2021 2
0.2043 2
0.2067 2
0.2090 2
0.2113 2
0.2135 2
0.2158 2
0.2181 2
0.2203 2
0.2226 2
0.2249 2
0.2272 2
0.2295 2
