0.0000 3
0.0005 2
0.0027 2
0.0050 2
0.0074 2
0.0097 2
0.0120 2
0.0144 2
0.0167 2
0.0190 2
0.0213 2
0.0236 2
0.0259 2
0.0282 2
0.0304 2
0.0327 2
0.0350 2
0.0372 2
0.0395 2
0.0418 2
0.0441 2
0.0463 2
0.0486 2
0.0509 2
0.0532 2
0.0555 2
0.0578 2
0.0601 2
0.0623 2
0.0646 2
0.0669 2
0.0692 2
0.0715 2
0.0737 2
0.0760 2
0.0783 2
0.0807 2
0.0832 2
0.0855 2
0.0878 2
0.0901 2
0.0924 2
0.0947 2
0.0969 2
0.0992 2
0.1015 2
0.1037 2
0.1060 2
0.1083 2
0.1106 2
0.1129 2
0.1151 2
0.1174 2
0.1197 2
0.1221 2
0.1246 2
0.1270 2
0.1293 2
0.1316 2
0.1338 2
0.1361 2
0.1384 2
0.1406 2
0.1429 2
0.1452 2
0.1475 2
0.1499 2
0.1521 2
0.1546 2
0.1570 2
0.1594 2
0.1619 2
0.1642 2
0.1665 2
0.1689 2
0.1712 2
0.1736 2
0.1759 2
0.1783 2
0.1806 2
0.1829 2
0.1853 2
0.1876 2
0.1900 2
0.1923 2
0.1947 2
0.1970 2
0.1993 2
0.2017 2
0.2040 2
0.2064 2
0.2087 2
0.2110 2
0.2134 2
0.2157 2
0.2180 2
0.2202 2
0.2225 2
0.2248 2
0.2271 2
0.2294 2
0.2317 2
