0.0000 5
0.0032 5
0.0061 5
0.0091 5
0.0108 4
0.0120 4
0.0149 4
0.0178 4
0.0208 4
0.0237 4
0.0266 4
0.0295 4
0.0324 4
0.0352 4
0.0381 4
0.0410 4
0.0438 4
0.0467 4
0.0496 4
0.0525 4
0.0554 4
0.0582 4
0.0611 4
0.0639 4
0.0668 4
0.0697 4
0.0725 4
0.0754 4
0.0783 4
0.0812 4
0.0841 4
0.0869 4
0.0898 4
0.0927 4
0.0955 4
0.0984 4
0.1013 4
0.1042 4
0.1070 4
0.1099 4
0.1127 4
0.1156 4
0.1185 4
0.1214 4
0.1242 4
0.1271 4
0.1300 4
0.1328 4
0.1357 4
0.1386 4
0.1414 4
0.1443 4
0.1472 4
0.1500 4
0.1529 4
0.1558 4
0.1586 4
0.1615 4
0.1644 4
0.1672 4
0.1701 4
0.1729 4
0.1758 4
0.1787 4
0.1815 4
0.1844 4
0.1873 4
0.1901 4
0.1930 4
0.1958 4
0.1987 4
0.2015 4
0.2044 4
0.2073 4
0.2102 4
0.2130 4
0.2159 4
0.2187 4
0.2216 4
0.2245 4
0.2274 4
0.2303 4
0.2332 4
0.2360 4
0.2389 4
0.2417 4
0.2446 4
0.2475 4
0.2503 4
0.2532 4
0.2561 4
0.2589 4
0.2618 4
0.2646 4
0.2675 4
0.2704 4
0.2734 4
0.2763 4
0.2791 4
0.2820 4
0.2849 4
0.2877 4
0.2906 4
0.2934 4
0.2963 4
