0.0000 4
0.0029 4
0.0055 4
0.0080 4
0.0106 4
0.0131 3
0.0132 3
0.0157 3
0.0183 3
0.0208 3
0.0233 3
0.0259 3
0.0283 3
0.0308 3
0.0333 3
0.0357 3
0.0382 3
0.0406 3
0.0431 3
0.0455 3
0.0480 3
0.0504 3
0.0529 3
0.0553 3
0.0578 3
0.0603 3
0.0627 3
0.0652 3
0.0676 3
0.0701 3
0.0725 3
0.0750 3
0.0774 3
0.0799 3
0.0823 3
0.0848 3
0.0872 3
0.0898 3
0.0922 3
0.0947 3
0.0971 3
0.0995 3
0.1020 3
0.1045 3
0.1069 3
0.1094 3
0.1119 3
0.1143 3
0.1168 3
0.1192 3
0.1217 3
0.1241 3
0.1265 3
0.1290 3
0.1314 3
0.1342 3
0.1367 3
0.1392 3
0.1416 3
0.1441 3
0.1466 3
0.1491 3
0.1516 3
0.1540 3
0.1565 3
0.1590 3
0.1614 3
0.1639 3
0.1663 3
0.1687 3
0.1712 3
0.1736 3
0.1760 3
0.1785 3
0.1809 3
0.1834 3
0.1858 3
0.1882 3
0.1907 3
0.1932 3
0.1956 3
0.1980 3
0.2005 3
0.2029 3
0.2054 3
0.2079 3
0.2103 3
0.2127 3
0.2152 3
0.2176 3
0.2201 3
0.2225 3
0.2249 3
0.2274 3
0.2298 3
0.2323 3
0.2347 3
0.2372 3
0.2396 3
0.2420 3
0.2445 3
0.2469 3
0.2494 3
0.2518 3
0.2542 3
0.2567 3
