0.0000 3
0.0013 2
0.0032 2
0.0055 2
0.0078 2
0.0102 2
0.0125 2
0.0148 2
0.0171 2
0.0193 2
0.0216 2
0.0239 2
0.0262 2
0.0284 2
0.0307 2
0.0329 2
0.0352 2
0.0374 2
0.0396 2
0.0420 2
0.0442 2
0.0465 2
0.0488 2
0.0510 2
0.0533 2
0.0555 2
0.0578 2
0.0600 2
0.0622 2
0.0644 2
0.0667 2
0.0689 2
0.0711 2
0.0733 2
0.0756 2
0.0778 2
0.0800 2
0.0822 2
0.0845 2
0.0867 2
0.0889 2
0.0912 2
0.0934 2
0.0956 2
0.0980 2
0.1002 2
0.1024 2
0.1047 2
0.1069 2
0.1091 2
0.1113 2
0.1135 2
0.1158 2
0.1180 2
0.1202 2
0.1224 2
0.1246 2
0.1268 2
0.1290 2
0.1312 2
0.1334 2
0.1356 2
0.1378 2
0.1400 2
0.1422 2
0.1444 2
0.1467 2
0.1489 2
0.1511 2
0.1533 2
0.1555 2
0.1577 2
0.1599 2
0.1622 2
0.1644 2
0.1666 2
0.1689 2
0.1711 2
0.1733 2
0.1756 2
0.1778 2
0.1800 2
0.1822 2
0.1844 2
0.1866 2
0.1889 2
0.1912 2
0.1934 2
0.1956 2
0.1979 2
0.2001 2
0.2023 2
0.2046 2
0.2068 2
0.2091 2
0.2113 2
0.2135 2
0.2158 2
0.2180 2
0.2202 2
0.2224 2
0.2246 2
