0.0000 5
0.0024 4
0.0030 4
0.0056 4
0.0082 4
0.0108 4
0.0134 4
0.0160 4
0.0185 4
0.0210 4
0.0235 4
0.0261 4
0.0286 4
0.0311 4
0.0336 4
0.0361 4
0.0386 4
0.0411 4
0.0436 4
0.0461 4
0.0487 4
0.0512 4
0.0537 4
0.0562 4
0.0588 4
0.0614 4
0.0642 4
0.0669 4
0.0697 4
0.0722 4
0.0749 4
0.0774 4
0.0800 4
0.0827 4
0.0851 4
0.0878 4
0.0904 4
0.0929 4
0.0956 4
0.0982 4
0.1007 4
0.1033 4
0.1059 4
0.1086 4
0.1113 4
0.1139 4
0.1165 4
0.1191 4
0.1217 4
0.1243 4
0.1269 4
0.1295 4
0.1321 4
0.1347 4
0.1372 4
0.1398 4
0.1424 4
0.1450 4
0.1476 4
0.1501 4
0.1527 4
0.1553 4
0.1578 4
0.1604 4
0.1630 4
0.1655 4
0.1680 4
0.1705 4
0.1730 4
0.1755 4
0.1780 4
0.1806 4
0.1831 4
0.1856 4
0.1881 4
0.1906 4
0.1931 4
0.1956 4
0.1982 4
0.2007 4
0.2032 4
0.2057 4
0.2083 4
0.2108 4
0.2133 4
0.2159 4
0.2184 4
0.2209 4
0.2235 4
0.2260 4
0.2285 4
0.2310 4
0.2336 4
0.2361 4
0.2386 4
0.2411 4
0.2436 4
0.2461 4
0.2486 4
0.2511 4
0.2536 4
0.2561 4
