0.0000 4
0.0003 3
0.0026 3
0.0050 3
0.0074 3
0.0097 3
0.0121 3
0.0144 3
0.0168 3
0.0191 3
0.0215 3
0.0238 3
0.0262 3
0.0285 3
0.0308 3
0.0331 3
0.0355 3
0.0379 3
0.0402 3
0.0427 3
0.0450 3
0.0473 3
0.0496 3
0.0519 3
0.0544 3
0.0567 3
0.0590 3
0.0613 3
0.0637 3
0.0660 3
0.0683 3
0.0706 3
0.0729 3
0.0753 3
0.0776 3
0.0799 3
0.0822 3
0.0845 3
0.0870 3
0.0893 3
0.0916 3
0.0939 3
0.0963 3
0.0986 3
0.1009 3
0.1032 3
0.1055 3
0.1078 3
0.1102 3
0.1125 3
0.1148 3
0.1170 3
0.1193 3
0.1216 3
0.1239 3
0.1262 3
0.1285 3
0.1308 3
0.1331 3
0.1354 3
0.1377 3
0.1400 3
0.1423 3
0.1446 3
0.1469 3
0.1492 3
0.1515 3
0.1538 3
0.1561 3
0.1584 3
0.1607 3
0.1630 3
0.1653 3
0.1676 3
0.1699 3
0.1722 3
0.1746 3
0.1769 3
0.1792 3
0.1815 3
0.1838 3
0.1861 3
0.1884 3
0.1907 3
0.1930 3
0.1954 3
0.1977 3
0.2000 3
0.2023 3
0.2046 3
0.2070 3
0.2093 3
0.2116 3
0.2139 3
0.2163 3
0.2186 3
0.2209 3
0.2232 3
0.2255 3
0.2278 3
0.2301 3
0.2324 3
