0.0000 3
0.0005 2
0.0027 2
0.0051 2
0.0075 2
0.0099 2
0.0124 2
0.0148 2
0.0171 2
0.0196 2
0.0219 2
0.0243 2
0.0266 2
0.0290 2
0.0314 2
0.0337 2
0.0361 2
0.0384 2
0.0408 2
0.0431 2
0.0455 2
0.0478 2
0.0501 2
0.0525 2
0.0548 2
0.0572 2
0.0595 2
0.0619 2
0.0642 2
0.0666 2
0.0689 2
0.0712 2
0.0736 2
0.0759 2
0.0783 2
0.0806 2
0.0830 2
0.0853 2
0.0877 2
0.0900 2
0.0924 2
0.0959 2
0.0983 2
0.1007 2
0.1032 2
0.1055 2
0.1078 2
0.1102 2
0.1125 2
0.1149 2
0.1172 2
0.1196 2
0.1219 2
0.1243 2
0.1266 2
0.1289 2
0.1313 2
0.1336 2
0.1362 2
0.1388 2
0.1412 2
0.1435 2
0.1459 2
0.1482 2
0.1506 2
0.1529 2
0.1553 2
0.1576 2
0.1599 2
0.1623 2
0.1647 2
0.1670 2
0.1693 2
0.1717 2
0.1740 2
0.1763 2
0.1787 2
0.1810 2
0.1833 2
0.1857 2
0.1880 2
0.1903 2
0.1927 2
0.1950 2
0.1973 2
0.1997 2
0.2021 2
0.2044 2
0.2067 2
0.2090 2
0.2114 2
0.2137 2
0.2160 2
0.2184 2
0.2207 2
0.2230 2
0.2253 2
0.2277 2
0.2300 2
0.2323 2
0.2346 2
0.2369 2
