0.0000 3
0.0037 3
0.0066 3
0.0097 3
0.0126 3
0.0156 3
0.0186 3
0.0215 3
0.0246 3
0.0276 3
0.0306 3
0.0335 3
0.0365 3
0.0395 3
0.0424 3
0.0454 3
0.0483 3
0.0513 3
0.0543 3
0.0572 3
0.0602 3
0.0631 3
0.0661 3
0.0690 3
0.0720 3
0.0749 3
0.0778 3
0.0808 3
0.0837 3
0.0867 3
0.0897 3
0.0926 3
0.0956 3
0.0985 3
0.1015 3
0.1044 3
0.1074 3
0.1103 3
0.1133 3
0.1162 3
0.1191 3
0.1221 3
0.1250 3
0.1280 3
0.1309 3
0.1339 3
0.1368 3
0.1398 3
0.1427 3
0.1457 3
0.1486 3
0.1516 3
0.1545 3
0.1575 3
0.1604 3
0.1633 3
0.1663 3
0.1692 3
0.1722 3
0.1751 3
0.1781 3
0.1810 3
0.1840 3
0.1869 3
0.1899 3
0.1928 3
0.1957 3
0.1987 3
0.2016 3
0.2046 3
0.2076 3
0.2105 3
0.2135 3
0.2164 3
0.2194 3
0.2223 3
0.2254 3
0.2283 3
0.2313 3
0.2343 3
0.2372 3
0.2402 3
0.2432 3
0.2461 3
0.2490 3
0.2519 3
0.2549 3
0.2579 3
0.2608 3
0.2637 3
0.2666 3
0.2695 3
0.2725 3
0.2754 3
0.2783 3
0.2813 3
0.2842 3
0.2871 3
0.2900 3
0.2930 3
0.2960 3
