0.0000 4
0.0028 4
0.0054 4
0.0079 4
0.0104 4
0.0130 4
0.0154 4
0.0180 4
0.0205 4
0.0231 4
0.0257 4
0.0282 4
0.0307 4
0.0332 4
0.0357 4
0.0382 4
0.0408 4
0.0433 4
0.0458 4
0.0483 4
0.0508 4
0.0534 4
0.0559 4
0.0584 4
0.0609 4
0.0634 4
0.0660 4
0.0684 4
0.0709 4
0.0734 4
0.0759 4
0.0783 4
0.0808 4
0.0833 4
0.0857 4
0.0882 4
0.0908 4
0.0932 4
0.0957 4
0.0982 4
0.1006 4
0.1031 4
0.1056 4
0.1080 4
0.1105 4
0.1130 4
0.1154 4
0.1179 4
0.1204 4
0.1229 4
0.1254 4
0.1279 4
0.1304 4
0.1329 4
0.1354 4
0.1378 4
0.1403 4
0.1428 4
0.1453 4
0.1478 4
0.1503 4
0.1528 4
0.1552 4
0.1577 4
0.1602 4
0.1627 4
0.1652 4
0.1677 4
0.1702 4
0.1727 4
0.1752 4
0.1777 4
0.1802 4
0.1826 4
0.1851 4
0.1876 4
0.1901 4
0.1926 4
0.1951 4
0.1976 4
0.2001 4
0.2026 4
0.2051 4
0.2075 4
0.2101 4
0.2125 4
0.2150 4
0.2175 4
0.2200 4
0.2224 4
0.2249 4
0.2274 4
0.2298 4
0.2323 4
0.2348 4
0.2372 4
0.2397 4
0.2422 4
0.2446 4
0.2471 4
0.2495 4
