0.0000 5
0.0007 4
0.0032 4
0.0062 4
0.0091 4
0.0121 4
0.0150 4
0.0180 4
0.0209 4
0.0239 4
0.0269 4
0.0299 4
0.0329 4
0.0359 4
0.0389 4
0.0418 4
0.0448 4
0.0478 4
0.0507 4
0.0535 4
0.0564 4
0.0593 4
0.0622 4
0.0651 4
0.0680 4
0.0708 4
0.0737 4
0.0766 4
0.0795 4
0.0824 4
0.0853 4
0.0882 4
0.0911 4
0.0941 4
0.0970 4
0.0999 4
0.1028 4
0.1057 4
0.1086 4
0.1115 4
0.1143 4
0.1172 4
0.1201 4
0.1230 4
0.1259 4
0.1288 4
0.1317 4
0.1346 4
0.1375 4
0.1404 4
0.1433 4
0.1462 4
0.1490 4
0.1519 4
0.1548 4
0.1577 4
0.1606 4
0.1635 4
0.1664 4
0.1693 4
0.1722 4
0.1750 4
0.1779 4
0.1808 4
0.1838 4
0.1867 4
0.1896 4
0.1926 4
0.1955 4
0.1984 4
0.2013 4
0.2042 4
0.2072 4
0.2101 4
0.2130 4
0.2159 4
0.2188 4
0.2217 4
0.2247 4
0.2276 4
0.2305 4
0.2334 4
0.2363 4
0.2392 4
0.2422 4
0.2452 4
0.2482 4
0.2511 4
0.2540 4
0.2570 4
0.2599 4
0.2628 4
0.2658 4
0.2687 4
0.2716 4
0.2745 4
0.2774 4
0.2803 4
0.2832 4
0.2861 4
0.2890 4
0.2919 4
