0.0000 5
0.0027 4
0.0030 4
0.0056 4
0.0082 4
0.0108 4
0.0133 4
0.0160 4
0.0186 4
0.0213 4
0.0240 4
0.0266 4
0.0292 4
0.0319 4
0.0351 4
0.0376 4
0.0403 4
0.0429 4
0.0455 4
0.0481 4
0.0506 4
0.0532 4
0.0558 4
0.0583 4
0.0609 4
0.0636 4
0.0664 4
0.0691 4
0.0719 4
0.0744 4
0.0770 4
0.0795 4
0.0821 4
0.0846 4
0.0871 4
0.0897 4
0.0923 4
0.0949 4
0.0975 4
0.1000 4
0.1026 4
0.1051 4
0.1077 4
0.1102 4
0.1128 4
0.1153 4
0.1179 4
0.1204 4
0.1232 4
0.1258 4
0.1284 4
0.1309 4
0.1335 4
0.1360 4
0.1386 4
0.1411 4
0.1437 4
0.1462 4
0.1488 4
0.1513 4
0.1539 4
0.1565 4
0.1590 4
0.1616 4
0.1641 4
0.1667 4
0.1692 4
0.1718 4
0.1744 4
0.1769 4
0.1795 4
0.1820 4
0.1845 4
0.1871 4
0.1896 4
0.1921 4
0.1947 4
0.1972 4
0.1998 4
0.2023 4
0.2048 4
0.2074 4
0.2099 4
0.2124 4
0.2150 4
0.2175 4
0.2201 4
0.2226 4
0.2253 4
0.2278 4
0.2303 4
0.2329 4
0.2355 4
0.2380 4
0.2405 4
0.2431 4
0.2456 4
0.2481 4
0.2506 4
0.2532 4
0.2557 4
0.2582 4
