0.0000 5
0.0014 4
0.0036 4
0.0063 4
0.0089 4
0.0115 4
0.0141 4
0.0167 4
0.0193 4
0.0219 4
0.0245 4
0.0271 4
0.0297 4
0.0323 4
0.0348 4
0.0374 4
0.0400 4
0.0425 4
0.0451 4
0.0476 4
0.0501 4
0.0527 4
0.0552 4
0.0577 4
0.0602 4
0.0628 4
0.0653 4
0.0678 4
0.0704 4
0.0729 4
0.0754 4
0.0779 4
0.0804 4
0.0830 4
0.0855 4
0.0880 4
0.0906 4
0.0932 4
0.0957 4
0.0982 4
0.1007 4
0.1032 4
0.1057 4
0.1082 4
0.1108 4
0.1133 4
0.1158 4
0.1183 4
0.1209 4
0.1234 4
0.1260 4
0.1288 4
0.1313 4
0.1338 4
0.1364 4
0.1389 4
0.1415 4
0.1440 4
0.1465 4
0.1490 4
0.1515 4
0.1541 4
0.1566 4
0.1591 4
0.1617 4
0.1642 4
0.1669 4
0.1703 4
0.1730 4
0.1756 4
0.1781 4
0.1807 4
0.1832 4
0.1858 4
0.1883 4
0.1908 4
0.1933 4
0.1959 4
0.1984 4
0.2009 4
0.2035 4
0.2060 4
0.2086 4
0.2111 4
0.2137 4
0.2162 4
0.2187 4
0.2212 4
0.2238 4
0.2263 4
0.2288 4
0.2313 4
0.2339 4
0.2364 4
0.2389 4
0.2415 4
0.2440 4
0.2465 4
0.2491 4
0.2516 4
0.2541 4
0.2566 4
