0.0000 3
0.0034 3
0.0064 3
0.0097 3
0.0129 3
0.0161 3
0.0194 3
0.0226 3
0.0259 3
0.0289 3
0.0320 3
0.0351 3
0.0382 3
0.0412 3
0.0443 3
0.0474 3
0.0505 3
0.0535 3
0.0566 3
0.0596 3
0.0627 3
0.0657 3
0.0687 3
0.0718 3
0.0749 3
0.0779 3
0.0809 3
0.0840 3
0.0871 3
0.0901 3
0.0931 3
0.0962 3
0.0993 3
0.1023 3
0.1053 3
0.1084 3
0.1114 3
0.1145 3
0.1175 3
0.1205 3
0.1236 3
0.1266 3
0.1296 3
0.1326 3
0.1356 3
0.1386 3
0.1415 3
0.1445 3
0.1474 3
0.1504 3
0.1533 3
0.1563 3
0.1592 3
0.1622 3
0.1651 3
0.1681 3
0.1710 3
0.1740 3
0.1770 3
0.1800 3
0.1831 3
0.1860 3
0.1890 3
0.1921 3
0.1952 3
0.1982 3
0.2012 3
0.2041 3
0.2072 3
0.2101 3
0.2131 3
0.2160 3
0.2190 3
0.2219 3
0.2248 3
0.2278 3
0.2307 3
0.2337 3
0.2366 3
0.2396 3
0.2425 3
0.2455 3
0.2484 3
0.2514 3
0.2543 3
0.2572 3
0.2602 3
0.2631 3
0.2661 3
0.2691 3
0.2720 3
0.2749 3
0.2779 3
0.2808 3
0.2838 3
0.2868 3
0.2897 3
0.2927 3
0.2957 3
0.2987 3
0.3016 3
