0.0000 3
0.0030 2
0.0032 2
0.0062 2
0.0091 2
0.0120 2
0.0150 2
0.0178 2
0.0207 2
0.0235 2
0.0264 2
0.0292 2
0.0321 2
0.0349 2
0.0378 2
0.0406 2
0.0435 2
0.0463 2
0.0491 2
0.0520 2
0.0548 2
0.0577 2
0.0605 2
0.0634 2
0.0663 2
0.0691 2
0.0720 2
0.0748 2
0.0777 2
0.0805 2
0.0834 2
0.0862 2
0.0891 2
0.0919 2
0.0948 2
0.0976 2
0.1005 2
0.1033 2
0.1062 2
0.1090 2
0.1119 2
0.1147 2
0.1176 2
0.1205 2
0.1234 2
0.1262 2
0.1291 2
0.1319 2
0.1348 2
0.1376 2
0.1405 2
0.1433 2
0.1462 2
0.1490 2
0.1522 2
0.1551 2
0.1580 2
0.1608 2
0.1637 2
0.1666 2
0.1694 2
0.1723 2
0.1751 2
0.1780 2
0.1808 2
0.1836 2
0.1865 2
0.1893 2
0.1922 2
0.1951 2
0.1980 2
0.2008 2
0.2037 2
0.2067 2
0.2096 2
0.2124 2
0.2153 2
0.2181 2
0.2210 2
0.2238 2
0.2266 2
0.2295 2
0.2324 2
0.2352 2
0.2381 2
0.2409 2
0.2438 2
0.2466 2
0.2495 2
0.2523 2
0.2552 2
0.2581 2
0.2609 2
0.2638 2
0.2666 2
0.2695 2
0.2723 2
0.2752 2
0.2780 2
0.2809 2
0.2837 2
0.2866 2
