0.0000 6
0.0026 5
0.0028 5
0.0054 5
0.0080 5
0.0106 5
0.0132 5
0.0158 5
0.0183 5
0.0209 5
0.0235 5
0.0260 5
0.0286 5
0.0311 5
0.0336 5
0.0361 5
0.0386 5
0.0411 5
0.0436 5
0.0461 5
0.0486 5
0.0511 5
0.0536 5
0.0562 5
0.0587 5
0.0612 5
0.0638 5
0.0663 5
0.0688 5
0.0713 5
0.0738 5
0.0763 5
0.0788 5
0.0813 5
0.0838 5
0.0863 5
0.0888 5
0.0913 5
0.0938 5
0.0963 5
0.0988 5
0.1015 5
0.1040 5
0.1065 5
0.1090 5
0.1115 5
0.1139 5
0.1164 5
0.1189 5
0.1214 5
0.1239 5
0.1263 5
0.1288 5
0.1313 5
0.1338 5
0.1363 5
0.1388 5
0.1413 5
0.1437 5
0.1462 5
0.1487 5
0.1512 5
0.1538 5
0.1563 5
0.1588 5
0.1613 5
0.1638 5
0.1664 5
0.1689 5
0.1714 5
0.1739 5
0.1764 5
0.1789 5
0.1814 5
0.1839 5
0.1864 5
0.1889 5
0.1914 5
0.1939 5
0.1965 5
0.1990 5
0.2015 5
0.2040 5
0.2065 5
0.2091 5
0.2116 5
0.2141 5
0.2166 5
0.2191 5
0.2216 5
0.2242 5
0.2267 5
0.2293 5
0.2318 5
0.2343 5
0.2369 5
0.2395 5
0.2420 5
0.2445 5
0.2470 5
0.2495 5
0.2520 5
