0.0000 3
0.0032 3
0.0063 3
0.0094 3
0.0125 3
0.0154 3
0.0185 3
0.0215 3
0.0244 3
0.0274 3
0.0304 3
0.0334 3
0.0364 3
0.0394 3
0.0423 3
0.0453 3
0.0483 3
0.0513 3
0.0542 3
0.0573 3
0.0602 3
0.0632 3
0.0662 3
0.0692 3
0.0722 3
0.0752 3
0.0782 3
0.0813 3
0.0842 3
0.0872 3
0.0902 3
0.0931 3
0.0961 3
0.0991 3
0.1021 3
0.1050 3
0.1080 3
0.1110 3
0.1139 3
0.1169 3
0.1199 3
0.1228 3
0.1258 3
0.1287 3
0.1317 3
0.1347 3
0.1380 3
0.1412 3
0.1443 3
0.1473 3
0.1504 3
0.1535 3
0.1565 3
0.1596 3
0.1626 3
0.1657 3
0.1687 3
0.1717 3
0.1747 3
0.1778 3
0.1808 3
0.1838 3
0.1868 3
0.1898 3
0.1927 3
0.1957 3
0.1987 3
0.2020 3
0.2050 3
0.2080 3
0.2110 3
0.2139 3
0.2169 3
0.2198 3
0.2228 3
0.2257 3
0.2287 3
0.2316 3
0.2346 3
0.2375 3
0.2406 3
0.2441 3
0.2471 3
0.2501 3
0.2531 3
0.2561 3
0.2590 3
0.2621 3
0.2651 3
0.2681 3
0.2710 3
0.2740 3
0.2770 3
0.2799 3
0.2829 3
0.2859 3
0.2888 3
0.2918 3
0.2947 3
0.2977 3
0.3006 3
