0.0000 3
0.0024 2
0.0036 2
0.0065 2
0.0093 2
0.0122 2
0.0151 2
0.0179 2
0.0208 2
0.0237 2
0.0265 2
0.0293 2
0.0321 2
0.0349 2
0.0377 2
0.0406 2
0.0435 2
0.0464 2
0.0492 2
0.0520 2
0.0549 2
0.0577 2
0.0605 2
0.0633 2
0.0661 2
0.0689 2
0.0718 2
0.0746 2
0.0774 2
0.0802 2
0.0830 2
0.0858 2
0.0886 2
0.0915 2
0.0943 2
0.0971 2
0.0999 2
0.1028 2
0.1056 2
0.1084 2
0.1113 2
0.1141 2
0.1169 2
0.1198 2
0.1226 2
0.1254 2
0.1282 2
0.1311 2
0.1339 2
0.1367 2
0.1395 2
0.1423 2
0.1452 2
0.1480 2
0.1508 2
0.1536 2
0.1564 2
0.1593 2
0.1621 2
0.1649 2
0.1677 2
0.1706 2
0.1734 2
0.1762 2
0.1790 2
0.1819 2
0.1847 2
0.1875 2
0.1903 2
0.1931 2
0.1960 2
0.1988 2
0.2017 2
0.2045 2
0.2074 2
0.2102 2
0.2130 2
0.2158 2
0.2186 2
0.2214 2
0.2242 2
0.2270 2
0.2298 2
0.2326 2
0.2354 2
0.2383 2
0.2411 2
0.2439 2
0.2467 2
0.2495 2
0.2524 2
0.2552 2
0.2580 2
0.2609 2
0.2637 2
0.2666 2
0.2695 2
0.2723 2
0.2752 2
0.2781 2
0.2809 2
0.2838 2
