0.0000 5
0.0033 5
0.0063 5
0.0093 5
0.0124 5
0.0154 5
0.0184 5
0.0214 5
0.0244 5
0.0275 5
0.0305 5
0.0335 5
0.0366 5
0.0396 5
0.0425 5
0.0456 5
0.0485 5
0.0515 5
0.0545 5
0.0575 5
0.0605 5
0.0634 5
0.0664 5
0.0694 5
0.0724 5
0.0753 5
0.0783 5
0.0812 5
0.0842 5
0.0871 5
0.0900 5
0.0930 5
0.0962 5
0.0993 5
0.1022 5
0.1052 5
0.1081 5
0.1111 5
0.1142 5
0.1171 5
0.1201 5
0.1231 5
0.1260 5
0.1290 5
0.1320 5
0.1350 5
0.1382 5
0.1414 5
0.1444 5
0.1474 5
0.1503 5
0.1533 5
0.1563 5
0.1593 5
0.1623 5
0.1653 5
0.1683 5
0.1713 5
0.1742 5
0.1772 5
0.1801 5
0.1831 5
0.1861 5
0.1891 5
0.1921 5
0.1950 5
0.1979 5
0.2009 5
0.2038 5
0.2068 5
0.2098 5
0.2127 5
0.2156 5
0.2186 5
0.2215 5
0.2245 5
0.2274 5
0.2303 5
0.2333 5
0.2362 5
0.2392 5
0.2421 5
0.2450 5
0.2480 5
0.2509 5
0.2539 5
0.2568 5
0.2598 5
0.2627 5
0.2656 5
0.2686 5
0.2715 5
0.2745 5
0.2774 5
0.2803 5
0.2833 5
0.2862 5
0.2892 5
0.2921 5
0.2950 5
0.2980 5
