0.0000 3
0.0034 3
0.0059 3
0.0083 3
0.0108 3
0.0132 3
0.0157 3
0.0181 3
0.0205 3
0.0230 3
0.0254 3
0.0279 3
0.0303 3
0.0327 3
0.0352 3
0.0375 3
0.0399 3
0.0424 3
0.0448 3
0.0473 3
0.0497 3
0.0522 3
0.0546 3
0.0570 3
0.0593 3
0.0618 3
0.0642 3
0.0666 3
0.0689 3
0.0713 3
0.0737 3
0.0761 3
0.0784 3
0.0808 3
0.0832 3
0.0856 3
0.0879 3
0.0903 3
0.0927 3
0.0950 3
0.0974 3
0.0998 3
0.1022 3
0.1045 3
0.1069 3
0.1093 3
0.1116 3
0.1140 3
0.1164 3
0.1188 3
0.1211 3
0.1235 3
0.1259 3
0.1283 3
0.1307 3
0.1331 3
0.1355 3
0.1379 3
0.1402 3
0.1426 3
0.1450 3
0.1473 3
0.1497 3
0.1521 3
0.1544 3
0.1568 3
0.1591 3
0.1615 3
0.1639 3
0.1662 3
0.1686 3
0.1709 3
0.1733 3
0.1757 3
0.1780 3
0.1804 3
0.1827 3
0.1851 3
0.1874 3
0.1898 3
0.1922 3
0.1946 3
0.1970 3
0.1993 3
0.2017 3
0.2041 3
0.2066 3
0.2090 3
0.2113 3
0.2137 3
0.2161 3
0.2185 3
0.2209 3
0.2232 3
0.2256 3
0.2280 3
0.2304 3
0.2327 3
0.2352 3
0.2375 3
0.2399 3
