0.0000 4
0.0012 3
0.0032 3
0.0062 3
0.0093 3
0.0123 3
0.0153 3
0.0183 3
0.0213 3
0.0243 3
0.0273 3
0.0302 3
0.0332 3
0.0361 3
0.0391 3
0.0420 3
0.0450 3
0.0479 3
0.0509 3
0.0538 3
0.0568 3
0.0597 3
0.0626 3
0.0656 3
0.0685 3
0.0715 3
0.0745 3
0.0774 3
0.0804 3
0.0834 3
0.0863 3
0.0894 3
0.0923 3
0.0953 3
0.0982 3
0.1012 3
0.1041 3
0.1071 3
0.1100 3
0.1129 3
0.1158 3
0.1188 3
0.1217 3
0.1247 3
0.1276 3
0.1305 3
0.1335 3
0.1364 3
0.1394 3
0.1424 3
0.1453 3
0.1483 3
0.1512 3
0.1542 3
0.1571 3
0.1601 3
0.1630 3
0.1660 3
0.1690 3
0.1721 3
0.1751 3
0.1781 3
0.1810 3
0.1840 3
0.1869 3
0.1899 3
0.1928 3
0.1958 3
0.1988 3
0.2020 3
0.2050 3
0.2080 3
0.2110 3
0.2140 3
0.2170 3
0.2199 3
0.2229 3
0.2258 3
0.2288 3
0.2317 3
0.2347 3
0.2377 3
0.2408 3
0.2440 3
0.2470 3
0.2501 3
0.2530 3
0.2559 3
0.2589 3
0.2618 3
0.2648 3
0.2677 3
0.2707 3
0.2737 3
0.2766 3
0.2796 3
0.2825 3
0.2855 3
0.2884 3
0.2913 3
0.2943 3
0.2972 3
