0.0000 5
0.0011 4
0.0028 4
0.0055 4
0.0082 4
0.0108 4
0.0135 4
0.0162 4
0.0188 4
0.0214 4
0.0241 4
0.0267 4
0.0293 4
0.0319 4
0.0345 4
0.0370 4
0.0396 4
0.0422 4
0.0447 4
0.0473 4
0.0498 4
0.0524 4
0.0550 4
0.0575 4
0.0601 4
0.0626 4
0.0652 4
0.0677 4
0.0703 4
0.0728 4
0.0754 4
0.0779 4
0.0805 4
0.0830 4
0.0856 4
0.0881 4
0.0906 4
0.0932 4
0.0957 4
0.0983 4
0.1009 4
0.1035 4
0.1060 4
0.1086 4
0.1111 4
0.1137 4
0.1162 4
0.1188 4
0.1213 4
0.1239 4
0.1265 4
0.1290 4
0.1316 4
0.1341 4
0.1366 4
0.1392 4
0.1418 4
0.1443 4
0.1468 4
0.1494 4
0.1519 4
0.1545 4
0.1570 4
0.1596 4
0.1621 4
0.1648 4
0.1673 4
0.1699 4
0.1725 4
0.1751 4
0.1776 4
0.1801 4
0.1827 4
0.1852 4
0.1878 4
0.1903 4
0.1929 4
0.1954 4
0.1980 4
0.2005 4
0.2031 4
0.2056 4
0.2082 4
0.2108 4
0.2133 4
0.2159 4
0.2184 4
0.2211 4
0.2236 4
0.2261 4
0.2287 4
0.2312 4
0.2338 4
0.2363 4
0.2388 4
0.2414 4
0.2439 4
0.2465 4
0.2490 4
0.2516 4
0.2541 4
0.2566 4
