0.0000 4
0.0040 4
0.0070 4
0.0090 3
0.0102 3
0.0131 3
0.0162 3
0.0191 3
0.0221 3
0.0252 3
0.0282 3
0.0311 3
0.0341 3
0.0371 3
0.0401 3
0.0431 3
0.0460 3
0.0490 3
0.0519 3
0.0549 3
0.0578 3
0.0609 3
0.0638 3
0.0668 3
0.0697 3
0.0727 3
0.0756 3
0.0786 3
0.0815 3
0.0845 3
0.0874 3
0.0903 3
0.0933 3
0.0963 3
0.0992 3
0.1022 3
0.1054 3
0.1083 3
0.1112 3
0.1142 3
0.1171 3
0.1200 3
0.1230 3
0.1259 3
0.1288 3
0.1318 3
0.1347 3
0.1376 3
0.1406 3
0.1435 3
0.1464 3
0.1493 3
0.1523 3
0.1553 3
0.1583 3
0.1613 3
0.1643 3
0.1673 3
0.1703 3
0.1733 3
0.1762 3
0.1792 3
0.1822 3
0.1851 3
0.1882 3
0.1911 3
0.1940 3
0.1970 3
0.1999 3
0.2029 3
0.2058 3
0.2089 3
0.2118 3
0.2148 3
0.2177 3
0.2207 3
0.2236 3
0.2266 3
0.2296 3
0.2326 3
0.2356 3
0.2385 3
0.2415 3
0.2444 3
0.2474 3
0.2503 3
0.2533 3
0.2562 3
0.2592 3
0.2621 3
0.2651 3
0.2680 3
0.2710 3
0.2740 3
0.2769 3
0.2799 3
0.2828 3
0.2857 3
0.2887 3
0.2916 3
0.2946 3
0.2976 3
0.3007 3
0.3037 3
