0.0000 3
0.0031 3
0.0060 3
0.0091 3
0.0121 3
0.0150 3
0.0179 3
0.0208 3
0.0236 3
0.0266 3
0.0295 3
0.0323 3
0.0352 3
0.0380 3
0.0409 3
0.0437 3
0.0465 3
0.0494 3
0.0523 3
0.0551 3
0.0579 3
0.0608 3
0.0636 3
0.0664 3
0.0692 3
0.0720 3
0.0748 3
0.0777 3
0.0805 3
0.0833 3
0.0862 3
0.0890 3
0.0918 3
0.0946 3
0.0974 3
0.1002 3
0.1031 3
0.1059 3
0.1088 3
0.1116 3
0.1144 3
0.1172 3
0.1200 3
0.1229 3
0.1258 3
0.1286 3
0.1314 3
0.1342 3
0.1370 3
0.1398 3
0.1426 3
0.1454 3
0.1482 3
0.1510 3
0.1539 3
0.1567 3
0.1595 3
0.1623 3
0.1651 3
0.1680 3
0.1708 3
0.1736 3
0.1764 3
0.1792 3
0.1821 3
0.1849 3
0.1877 3
0.1905 3
0.1934 3
0.1962 3
0.1990 3
0.2018 3
0.2047 3
0.2075 3
0.2104 3
0.2132 3
0.2161 3
0.2189 3
0.2217 3
0.2245 3
0.2274 3
0.2303 3
0.2331 3
0.2359 3
0.2387 3
0.2416 3
0.2444 3
0.2472 3
0.2501 3
0.2529 3
0.2557 3
0.2585 3
0.2614 3
0.2642 3
0.2670 3
0.2699 3
0.2727 3
0.2755 3
0.2784 3
0.2812 3
0.2840 3
