0.0000 3
0.0007 2
0.0032 2
0.0060 2
0.0089 2
0.0118 2
0.0146 2
0.0174 2
0.0203 2
0.0230 2
0.0258 2
0.0286 2
0.0314 2
0.0342 2
0.0370 2
0.0397 2
0.0425 2
0.0453 2
0.0481 2
0.0509 2
0.0536 2
0.0564 2
0.0592 2
0.0620 2
0.0647 2
0.0675 2
0.0703 2
0.0731 2
0.0759 2
0.0787 2
0.0815 2
0.0843 2
0.0870 2
0.0898 2
0.0926 2
0.0954 2
0.0982 2
0.1009 2
0.1040 2
0.1068 2
0.1096 2
0.1124 2
0.1152 2
0.1179 2
0.1207 2
0.1234 2
0.1262 2
0.1290 2
0.1317 2
0.1345 2
0.1373 2
0.1400 2
0.1428 2
0.1456 2
0.1483 2
0.1511 2
0.1540 2
0.1567 2
0.1595 2
0.1623 2
0.1650 2
0.1678 2
0.1706 2
0.1733 2
0.1761 2
0.1789 2
0.1817 2
0.1844 2
0.1872 2
0.1900 2
0.1928 2
0.1955 2
0.1983 2
0.2010 2
0.2038 2
0.2066 2
0.2094 2
0.2122 2
0.2150 2
0.2177 2
0.2205 2
0.2233 2
0.2260 2
0.2288 2
0.2316 2
0.2343 2
0.2371 2
0.2399 2
0.2426 2
0.2454 2
0.2482 2
0.2509 2
0.2537 2
0.2565 2
0.2592 2
0.2620 2
0.2648 2
0.2676 2
0.2703 2
0.2731 2
0.2759 2
0.2786 2
