0.0000 3
0.0005 2
0.0029 2
0.0053 2
0.0077 2
0.0102 2
0.0126 2
0.0150 2
0.0174 2
0.0198 2
0.0222 2
0.0246 2
0.0269 2
0.0292 2
0.0315 2
0.0338 2
0.0361 2
0.0384 2
0.0407 2
0.0429 2
0.0452 2
0.0475 2
0.0498 2
0.0521 2
0.0544 2
0.0567 2
0.0590 2
0.0613 2
0.0636 2
0.0658 2
0.0681 2
0.0704 2
0.0727 2
0.0750 2
0.0773 2
0.0796 2
0.0819 2
0.0842 2
0.0865 2
0.0888 2
0.0910 2
0.0933 2
0.0956 2
0.0979 2
0.1002 2
0.1025 2
0.1048 2
0.1070 2
0.1093 2
0.1116 2
0.1139 2
0.1162 2
0.1184 2
0.1207 2
0.1230 2
0.1253 2
0.1276 2
0.1299 2
0.1322 2
0.1345 2
0.1367 2
0.1390 2
0.1413 2
0.1436 2
0.1459 2
0.1482 2
0.1505 2
0.1527 2
0.1550 2
0.1573 2
0.1596 2
0.1619 2
0.1645 2
0.1667 2
0.1690 2
0.1713 2
0.1737 2
0.1760 2
0.1784 2
0.1807 2
0.1829 2
0.1852 2
0.1875 2
0.1898 2
0.1921 2
0.1944 2
0.1966 2
0.1989 2
0.2012 2
0.2035 2
0.2057 2
0.2081 2
0.2104 2
0.2126 2
0.2149 2
0.2172 2
0.2195 2
0.2217 2
0.2240 2
0.2263 2
0.2286 2
0.2309 2
