0.0000 3
0.0006 2
0.0031 2
0.0054 2
0.0077 2
0.0101 2
0.0124 2
0.0147 2
0.0171 2
0.0194 2
0.0218 2
0.0240 2
0.0263 2
0.0286 2
0.0309 2
0.0331 2
0.0354 2
0.0377 2
0.0400 2
0.0422 2
0.0446 2
0.0468 2
0.0491 2
0.0514 2
0.0537 2
0.0560 2
0.0582 2
0.0605 2
0.0628 2
0.0651 2
0.0674 2
0.0697 2
0.0720 2
0.0742 2
0.0765 2
0.0788 2
0.0811 2
0.0834 2
0.0856 2
0.0879 2
0.0902 2
0.0925 2
0.0947 2
0.0970 2
0.0993 2
0.1016 2
0.1039 2
0.1062 2
0.1085 2
0.1107 2
0.1130 2
0.1153 2
0.1175 2
0.1198 2
0.1221 2
0.1244 2
0.1267 2
0.1289 2
0.1312 2
0.1335 2
0.1358 2
0.1380 2
0.1403 2
0.1426 2
0.1448 2
0.1471 2
0.1494 2
0.1517 2
0.1540 2
0.1562 2
0.1585 2
0.1608 2
0.1630 2
0.1655 2
0.1677 2
0.1700 2
0.1723 2
0.1745 2
0.1768 2
0.1790 2
0.1813 2
0.1836 2
0.1859 2
0.1882 2
0.1904 2
0.1927 2
0.1950 2
0.1974 2
0.1996 2
0.2019 2
0.2042 2
0.2064 2
0.2088 2
0.2111 2
0.2133 2
0.2156 2
0.2179 2
0.2201 2
0.2224 2
0.2247 2
0.2270 2
0.2294 2
