0.0000 5
0.0035 5
0.0065 5
0.0096 5
0.0126 5
0.0155 5
0.0186 5
0.0215 5
0.0245 5
0.0274 5
0.0305 5
0.0334 5
0.0364 5
0.0396 5
0.0427 5
0.0458 5
0.0487 5
0.0517 5
0.0546 5
0.0575 5
0.0605 5
0.0634 5
0.0664 5
0.0694 5
0.0723 5
0.0752 5
0.0783 5
0.0812 5
0.0842 5
0.0871 5
0.0900 5
0.0930 5
0.0959 5
0.0988 5
0.1017 5
0.1047 5
0.1076 5
0.1105 5
0.1134 5
0.1163 5
0.1193 5
0.1222 5
0.1251 5
0.1281 5
0.1310 5
0.1339 5
0.1369 5
0.1399 5
0.1428 5
0.1458 5
0.1488 5
0.1517 5
0.1546 5
0.1576 5
0.1605 5
0.1634 5
0.1663 5
0.1693 5
0.1722 5
0.1751 5
0.1781 5
0.1810 5
0.1839 5
0.1868 5
0.1898 5
0.1928 5
0.1958 5
0.1987 5
0.2017 5
0.2047 5
0.2077 5
0.2109 5
0.2138 5
0.2168 5
0.2197 5
0.2226 5
0.2256 5
0.2285 5
0.2314 5
0.2344 5
0.2373 5
0.2402 5
0.2432 5
0.2461 5
0.2491 5
0.2520 5
0.2549 5
0.2579 5
0.2608 5
0.2637 5
0.2667 5
0.2696 5
0.2725 5
0.2755 5
0.2784 5
0.2814 5
0.2844 5
0.2873 5
0.2903 5
0.2932 5
0.2962 5
