0.0000 6
0.0028 6
0.0053 6
0.0079 6
0.0103 6
0.0118 5
0.0128 5
0.0153 5
0.0178 5
0.0202 5
0.0227 5
0.0251 5
0.0276 5
0.0300 5
0.0325 5
0.0349 5
0.0373 5
0.0398 5
0.0422 5
0.0447 5
0.0472 5
0.0496 5
0.0520 5
0.0544 5
0.0569 5
0.0593 5
0.0617 5
0.0641 5
0.0665 5
0.0689 5
0.0714 5
0.0738 5
0.0763 5
0.0788 5
0.0813 5
0.0837 5
0.0862 5
0.0887 5
0.0911 5
0.0935 5
0.0959 5
0.0983 5
0.1007 5
0.1032 5
0.1056 5
0.1080 5
0.1104 5
0.1128 5
0.1152 5
0.1176 5
0.1201 5
0.1225 5
0.1250 5
0.1274 5
0.1298 5
0.1323 5
0.1347 5
0.1371 5
0.1396 5
0.1420 5
0.1444 5
0.1468 5
0.1492 5
0.1516 5
0.1540 5
0.1565 5
0.1589 5
0.1613 5
0.1638 5
0.1662 5
0.1686 5
0.1711 5
0.1735 5
0.1759 5
0.1783 5
0.1807 5
0.1831 5
0.1856 5
0.1880 5
0.1904 5
0.1928 5
0.1952 5
0.1976 5
0.2000 5
0.2024 5
0.2048 5
0.2073 5
0.2097 5
0.2121 5
0.2145 5
0.2169 5
0.2193 5
0.2217 5
0.2241 5
0.2266 5
0.2290 5
0.2314 5
0.2338 5
0.2362 5
0.2386 5
0.2410 5
0.2434 5
0.2458 5
0.2483 5
0.2507 5
0.2532 5
