0.0000 3
0.0007 2
0.0034 2
0.0064 2
0.0094 2
0.0123 2
0.0152 2
0.0181 2
0.0210 2
0.0239 2
0.0267 2
0.0295 2
0.0323 2
0.0351 2
0.0379 2
0.0407 2
0.0436 2
0.0466 2
0.0496 2
0.0524 2
0.0552 2
0.0580 2
0.0608 2
0.0636 2
0.0664 2
0.0692 2
0.0720 2
0.0748 2
0.0776 2
0.0804 2
0.0832 2
0.0861 2
0.0889 2
0.0917 2
0.0945 2
0.0973 2
0.1001 2
0.1029 2
0.1057 2
0.1085 2
0.1113 2
0.1141 2
0.1170 2
0.1198 2
0.1226 2
0.1254 2
0.1282 2
0.1310 2
0.1338 2
0.1366 2
0.1394 2
0.1422 2
0.1450 2
0.1478 2
0.1505 2
0.1533 2
0.1561 2
0.1589 2
0.1617 2
0.1645 2
0.1673 2
0.1700 2
0.1728 2
0.1756 2
0.1784 2
0.1812 2
0.1840 2
0.1868 2
0.1895 2
0.1923 2
0.1951 2
0.1979 2
0.2007 2
0.2035 2
0.2062 2
0.2090 2
0.2118 2
0.2146 2
0.2174 2
0.2202 2
0.2230 2
0.2257 2
0.2285 2
0.2313 2
0.2341 2
0.2369 2
0.2397 2
0.2424 2
0.2453 2
0.2480 2
0.2508 2
0.2536 2
0.2564 2
0.2592 2
0.2620 2
0.2648 2
0.2675 2
0.2703 2
0.2731 2
0.2759 2
0.2787 2
0.2815 2
