0.0000 3
0.0029 3
0.0053 3
0.0078 3
0.0102 3
0.0126 3
0.0151 3
0.0175 3
0.0199 3
0.0223 3
0.0247 3
0.0272 3
0.0295 3
0.0321 3
0.0347 3
0.0371 3
0.0396 3
0.0420 3
0.0445 3
0.0469 3
0.0494 3
0.0517 3
0.0541 3
0.0565 3
0.0589 3
0.0613 3
0.0637 3
0.0660 3
0.0684 3
0.0707 3
0.0731 3
0.0755 3
0.0778 3
0.0802 3
0.0825 3
0.0849 3
0.0874 3
0.0898 3
0.0923 3
0.0947 3
0.0971 3
0.0996 3
0.1019 3
0.1044 3
0.1068 3
0.1092 3
0.1116 3
0.1140 3
0.1163 3
0.1187 3
0.1211 3
0.1234 3
0.1258 3
0.1281 3
0.1305 3
0.1328 3
0.1352 3
0.1376 3
0.1399 3
0.1423 3
0.1447 3
0.1470 3
0.1494 3
0.1517 3
0.1541 3
0.1565 3
0.1588 3
0.1612 3
0.1635 3
0.1659 3
0.1682 3
0.1706 3
0.1729 3
0.1753 3
0.1776 3
0.1800 3
0.1824 3
0.1848 3
0.1872 3
0.1896 3
0.1920 3
0.1945 3
0.1969 3
0.1993 3
0.2017 3
0.2041 3
0.2065 3
0.2088 3
0.2112 3
0.2136 3
0.2159 3
0.2184 3
0.2207 3
0.2231 3
0.2254 3
0.2278 3
0.2302 3
0.2325 3
0.2349 3
0.2372 3
0.2396 3
