0.0000 5
0.0014 4
0.0036 4
0.0068 4
0.0101 4
0.0134 4
0.0166 4
0.0198 4
0.0230 4
0.0261 4
0.0293 4
0.0325 4
0.0356 4
0.0388 4
0.0420 4
0.0451 4
0.0483 4
0.0514 4
0.0546 4
0.0578 4
0.0609 4
0.0641 4
0.0673 4
0.0704 4
0.0736 4
0.0769 4
0.0801 4
0.0833 4
0.0864 4
0.0896 4
0.0928 4
0.0959 4
0.0991 4
0.1023 4
0.1055 4
0.1087 4
0.1120 4
0.1153 4
0.1185 4
0.1217 4
0.1249 4
0.1281 4
0.1313 4
0.1344 4
0.1376 4
0.1407 4
0.1440 4
0.1471 4
0.1503 4
0.1534 4
0.1566 4
0.1597 4
0.1628 4
0.1660 4
0.1691 4
0.1723 4
0.1754 4
0.1786 4
0.1817 4
0.1849 4
0.1880 4
0.1912 4
0.1944 4
0.1975 4
0.2007 4
0.2038 4
0.2070 4
0.2103 4
0.2134 4
0.2167 4
0.2198 4
0.2230 4
0.2263 4
0.2294 4
0.2326 4
0.2358 4
0.2389 4
0.2421 4
0.2453 4
0.2484 4
0.2516 4
0.2548 4
0.2579 4
0.2611 4
0.2643 4
0.2674 4
0.2706 4
0.2737 4
0.2769 4
0.2801 4
0.2834 4
0.2866 4
0.2897 4
0.2930 4
0.2961 4
0.2993 4
0.3025 4
0.3057 4
0.3089 4
0.3120 4
0.3152 4
0.3183 4
