0.0000 5
0.0030 5
0.0055 5
0.0081 5
0.0106 5
0.0131 5
0.0157 5
0.0182 5
0.0207 5
0.0231 5
0.0256 5
0.0281 5
0.0305 5
0.0330 5
0.0354 5
0.0379 5
0.0404 5
0.0428 5
0.0453 5
0.0477 5
0.0502 5
0.0527 5
0.0551 5
0.0576 5
0.0600 5
0.0625 5
0.0649 5
0.0674 5
0.0698 5
0.0723 5
0.0748 5
0.0772 5
0.0797 5
0.0821 5
0.0846 5
0.0870 5
0.0895 5
0.0919 5
0.0944 5
0.0968 5
0.0993 5
0.1017 5
0.1042 5
0.1066 5
0.1091 5
0.1115 5
0.1140 5
0.1164 5
0.1189 5
0.1213 5
0.1239 5
0.1263 5
0.1288 5
0.1312 5
0.1337 5
0.1361 5
0.1386 5
0.1410 5
0.1435 5
0.1459 5
0.1484 5
0.1508 5
0.1532 5
0.1557 5
0.1581 5
0.1606 5
0.1630 5
0.1655 5
0.1679 5
0.1704 5
0.1728 5
0.1753 5
0.1777 5
0.1802 5
0.1826 5
0.1851 5
0.1875 5
0.1900 5
0.1924 5
0.1949 5
0.1973 5
0.1997 5
0.2022 5
0.2046 5
0.2072 5
0.2096 5
0.2120 5
0.2145 5
0.2170 5
0.2194 5
0.2219 5
0.2243 5
0.2268 5
0.2292 5
0.2317 5
0.2341 5
0.2366 5
0.2390 5
0.2415 5
0.2439 5
0.2464 5
