0.0000 3
0.0003 2
0.0026 2
0.0050 2
0.0074 2
0.0097 2
0.0121 2
0.0145 2
0.0169 2
0.0193 2
0.0216 2
0.0240 2
0.0264 2
0.0287 2
0.0310 2
0.0333 2
0.0356 2
0.0379 2
0.0402 2
0.0425 2
0.0449 2
0.0472 2
0.0495 2
0.0519 2
0.0542 2
0.0565 2
0.0588 2
0.0611 2
0.0634 2
0.0657 2
0.0680 2
0.0703 2
0.0726 2
0.0749 2
0.0772 2
0.0795 2
0.0818 2
0.0841 2
0.0864 2
0.0887 2
0.0910 2
0.0932 2
0.0955 2
0.0978 2
0.1001 2
0.1023 2
0.1046 2
0.1069 2
0.1092 2
0.1115 2
0.1138 2
0.1161 2
0.1184 2
0.1207 2
0.1230 2
0.1253 2
0.1276 2
0.1299 2
0.1322 2
0.1345 2
0.1368 2
0.1390 2
0.1413 2
0.1436 2
0.1459 2
0.1482 2
0.1505 2
0.1528 2
0.1551 2
0.1574 2
0.1596 2
0.1619 2
0.1642 2
0.1665 2
0.1688 2
0.1711 2
0.1733 2
0.1756 2
0.1779 2
0.1802 2
0.1826 2
0.1849 2
0.1872 2
0.1894 2
0.1918 2
0.1941 2
0.1965 2
0.1987 2
0.2010 2
0.2034 2
0.2058 2
0.2082 2
0.2105 2
0.2128 2
0.2151 2
0.2174 2
0.2197 2
0.2220 2
0.2243 2
0.2266 2
0.2289 2
0.2312 2
