0.0000 4
0.0017 3
0.0034 3
0.0064 3
0.0095 3
0.0125 3
0.0156 3
0.0187 3
0.0217 3
0.0247 3
0.0277 3
0.0307 3
0.0337 3
0.0367 3
0.0397 3
0.0427 3
0.0456 3
0.0486 3
0.0516 3
0.0546 3
0.0576 3
0.0606 3
0.0636 3
0.0666 3
0.0696 3
0.0726 3
0.0756 3
0.0786 3
0.0816 3
0.0848 3
0.0878 3
0.0909 3
0.0938 3
0.0969 3
0.0999 3
0.1029 3
0.1059 3
0.1088 3
0.1118 3
0.1148 3
0.1178 3
0.1208 3
0.1240 3
0.1273 3
0.1304 3
0.1334 3
0.1364 3
0.1394 3
0.1423 3
0.1453 3
0.1483 3
0.1513 3
0.1543 3
0.1573 3
0.1602 3
0.1632 3
0.1662 3
0.1692 3
0.1723 3
0.1753 3
0.1782 3
0.1812 3
0.1842 3
0.1872 3
0.1901 3
0.1931 3
0.1961 3
0.1990 3
0.2020 3
0.2050 3
0.2080 3
0.2109 3
0.2139 3
0.2169 3
0.2199 3
0.2229 3
0.2258 3
0.2288 3
0.2318 3
0.2348 3
0.2378 3
0.2408 3
0.2438 3
0.2468 3
0.2497 3
0.2527 3
0.2557 3
0.2587 3
0.2617 3
0.2647 3
0.2677 3
0.2707 3
0.2737 3
0.2767 3
0.2797 3
0.2826 3
0.2856 3
0.2886 3
0.2916 3
0.2946 3
0.2976 3
0.3006 3
