0.0000 4
0.0031 4
0.0043 3
0.0056 3
0.0081 3
0.0105 3
0.0131 3
0.0156 3
0.0180 3
0.0205 3
0.0229 3
0.0254 3
0.0279 3
0.0303 3
0.0328 3
0.0352 3
0.0376 3
0.0400 3
0.0424 3
0.0449 3
0.0473 3
0.0497 3
0.0521 3
0.0545 3
0.0569 3
0.0593 3
0.0617 3
0.0641 3
0.0665 3
0.0689 3
0.0713 3
0.0737 3
0.0761 3
0.0785 3
0.0809 3
0.0833 3
0.0856 3
0.0880 3
0.0904 3
0.0928 3
0.0952 3
0.0977 3
0.1001 3
0.1025 3
0.1049 3
0.1073 3
0.1097 3
0.1122 3
0.1145 3
0.1169 3
0.1193 3
0.1217 3
0.1241 3
0.1265 3
0.1290 3
0.1314 3
0.1339 3
0.1363 3
0.1388 3
0.1413 3
0.1436 3
0.1461 3
0.1485 3
0.1510 3
0.1534 3
0.1559 3
0.1583 3
0.1607 3
0.1631 3
0.1656 3
0.1680 3
0.1704 3
0.1728 3
0.1753 3
0.1777 3
0.1801 3
0.1825 3
0.1849 3
0.1873 3
0.1897 3
0.1922 3
0.1946 3
0.1970 3
0.1994 3
0.2018 3
0.2042 3
0.2066 3
0.2091 3
0.2116 3
0.2140 3
0.2164 3
0.2188 3
0.2213 3
0.2237 3
0.2261 3
0.2285 3
0.2309 3
0.2333 3
0.2357 3
0.2380 3
0.2405 3
0.2429 3
0.2453 3
