0.0000 4
0.0033 4
0.0062 4
0.0091 4
0.0119 4
0.0147 4
0.0177 4
0.0205 4
0.0233 4
0.0262 4
0.0291 4
0.0319 4
0.0348 4
0.0378 4
0.0407 4
0.0436 4
0.0464 4
0.0493 4
0.0521 4
0.0549 4
0.0577 4
0.0605 4
0.0633 4
0.0661 4
0.0693 4
0.0721 4
0.0749 4
0.0777 4
0.0805 4
0.0834 4
0.0862 4
0.0890 4
0.0918 4
0.0947 4
0.0975 4
0.1003 4
0.1031 4
0.1060 4
0.1088 4
0.1117 4
0.1145 4
0.1173 4
0.1202 4
0.1230 4
0.1258 4
0.1286 4
0.1314 4
0.1343 4
0.1371 4
0.1399 4
0.1427 4
0.1455 4
0.1484 4
0.1512 4
0.1540 4
0.1568 4
0.1597 4
0.1625 4
0.1653 4
0.1682 4
0.1711 4
0.1739 4
0.1768 4
0.1796 4
0.1824 4
0.1853 4
0.1881 4
0.1909 4
0.1937 4
0.1966 4
0.1994 4
0.2024 4
0.2053 4
0.2082 4
0.2111 4
0.2140 4
0.2168 4
0.2196 4
0.2225 4
0.2253 4
0.2282 4
0.2310 4
0.2338 4
0.2367 4
0.2395 4
0.2423 4
0.2451 4
0.2479 4
0.2507 4
0.2536 4
0.2564 4
0.2592 4
0.2620 4
0.2648 4
0.2676 4
0.2704 4
0.2733 4
0.2761 4
0.2789 4
0.2817 4
0.2845 4
