0.0000 3
0.0019 2
0.0028 2
0.0052 2
0.0076 2
0.0099 2
0.0123 2
0.0147 2
0.0170 2
0.0194 2
0.0218 2
0.0242 2
0.0265 2
0.0289 2
0.0312 2
0.0335 2
0.0359 2
0.0382 2
0.0405 2
0.0428 2
0.0451 2
0.0474 2
0.0497 2
0.0521 2
0.0544 2
0.0567 2
0.0591 2
0.0614 2
0.0637 2
0.0660 2
0.0684 2
0.0707 2
0.0730 2
0.0753 2
0.0775 2
0.0798 2
0.0821 2
0.0844 2
0.0867 2
0.0890 2
0.0914 2
0.0937 2
0.0961 2
0.0984 2
0.1008 2
0.1031 2
0.1054 2
0.1078 2
0.1101 2
0.1124 2
0.1147 2
0.1170 2
0.1193 2
0.1216 2
0.1239 2
0.1262 2
0.1285 2
0.1309 2
0.1332 2
0.1355 2
0.1377 2
0.1401 2
0.1424 2
0.1447 2
0.1471 2
0.1493 2
0.1516 2
0.1539 2
0.1562 2
0.1584 2
0.1607 2
0.1630 2
0.1652 2
0.1675 2
0.1698 2
0.1721 2
0.1743 2
0.1766 2
0.1789 2
0.1812 2
0.1835 2
0.1858 2
0.1880 2
0.1903 2
0.1926 2
0.1949 2
0.1972 2
0.1995 2
0.2017 2
0.2040 2
0.2063 2
0.2085 2
0.2108 2
0.2131 2
0.2154 2
0.2177 2
0.2199 2
0.2222 2
0.2245 2
0.2268 2
0.2292 2
0.2315 2
