0.0000 4
0.0008 3
0.0033 3
0.0064 3
0.0095 3
0.0126 3
0.0156 3
0.0187 3
0.0217 3
0.0247 3
0.0277 3
0.0309 3
0.0339 3
0.0369 3
0.0398 3
0.0428 3
0.0458 3
0.0488 3
0.0518 3
0.0548 3
0.0578 3
0.0608 3
0.0638 3
0.0667 3
0.0697 3
0.0727 3
0.0757 3
0.0790 3
0.0820 3
0.0851 3
0.0881 3
0.0912 3
0.0942 3
0.0972 3
0.1001 3
0.1031 3
0.1061 3
0.1091 3
0.1121 3
0.1150 3
0.1180 3
0.1210 3
0.1240 3
0.1270 3
0.1300 3
0.1329 3
0.1359 3
0.1389 3
0.1419 3
0.1449 3
0.1479 3
0.1509 3
0.1539 3
0.1569 3
0.1599 3
0.1629 3
0.1659 3
0.1689 3
0.1719 3
0.1749 3
0.1779 3
0.1809 3
0.1838 3
0.1868 3
0.1898 3
0.1928 3
0.1957 3
0.1988 3
0.2017 3
0.2048 3
0.2078 3
0.2108 3
0.2138 3
0.2167 3
0.2197 3
0.2227 3
0.2257 3
0.2287 3
0.2317 3
0.2346 3
0.2376 3
0.2406 3
0.2436 3
0.2466 3
0.2496 3
0.2526 3
0.2556 3
0.2586 3
0.2616 3
0.2646 3
0.2675 3
0.2705 3
0.2735 3
0.2765 3
0.2795 3
0.2824 3
0.2854 3
0.2884 3
0.2914 3
0.2944 3
0.2974 3
0.3004 3
