0.0000 4
0.0005 3
0.0026 3
0.0051 3
0.0075 3
0.0100 3
0.0125 3
0.0149 3
0.0174 3
0.0198 3
0.0223 3
0.0248 3
0.0272 3
0.0296 3
0.0320 3
0.0345 3
0.0369 3
0.0393 3
0.0417 3
0.0441 3
0.0465 3
0.0490 3
0.0514 3
0.0538 3
0.0562 3
0.0586 3
0.0610 3
0.0635 3
0.0659 3
0.0683 3
0.0708 3
0.0732 3
0.0756 3
0.0780 3
0.0804 3
0.0828 3
0.0852 3
0.0876 3
0.0900 3
0.0924 3
0.0948 3
0.0972 3
0.0996 3
0.1020 3
0.1044 3
0.1068 3
0.1093 3
0.1117 3
0.1141 3
0.1165 3
0.1189 3
0.1213 3
0.1236 3
0.1261 3
0.1284 3
0.1308 3
0.1332 3
0.1355 3
0.1379 3
0.1403 3
0.1427 3
0.1451 3
0.1475 3
0.1499 3
0.1523 3
0.1547 3
0.1572 3
0.1595 3
0.1622 3
0.1646 3
0.1669 3
0.1693 3
0.1717 3
0.1741 3
0.1764 3
0.1788 3
0.1811 3
0.1835 3
0.1859 3
0.1882 3
0.1906 3
0.1930 3
0.1953 3
0.1977 3
0.2001 3
0.2024 3
0.2048 3
0.2072 3
0.2096 3
0.2120 3
0.2143 3
0.2167 3
0.2190 3
0.2214 3
0.2238 3
0.2261 3
0.2285 3
0.2308 3
0.2332 3
0.2356 3
0.2380 3
0.2404 3
