0.0000 3
0.0010 2
0.0032 2
0.0061 2
0.0090 2
0.0118 2
0.0147 2
0.0178 2
0.0208 2
0.0236 2
0.0265 2
0.0293 2
0.0321 2
0.0349 2
0.0377 2
0.0405 2
0.0433 2
0.0461 2
0.0489 2
0.0517 2
0.0546 2
0.0575 2
0.0608 2
0.0637 2
0.0666 2
0.0695 2
0.0723 2
0.0751 2
0.0779 2
0.0807 2
0.0836 2
0.0864 2
0.0893 2
0.0921 2
0.0949 2
0.0977 2
0.1005 2
0.1034 2
0.1062 2
0.1090 2
0.1118 2
0.1146 2
0.1174 2
0.1202 2
0.1230 2
0.1258 2
0.1286 2
0.1314 2
0.1342 2
0.1370 2
0.1398 2
0.1426 2
0.1454 2
0.1483 2
0.1511 2
0.1539 2
0.1567 2
0.1595 2
0.1623 2
0.1651 2
0.1679 2
0.1707 2
0.1735 2
0.1763 2
0.1792 2
0.1820 2
0.1848 2
0.1876 2
0.1904 2
0.1932 2
0.1961 2
0.1989 2
0.2017 2
0.2045 2
0.2073 2
0.2102 2
0.2130 2
0.2159 2
0.2188 2
0.2216 2
0.2245 2
0.2274 2
0.2303 2
0.2331 2
0.2359 2
0.2387 2
0.2415 2
0.2444 2
0.2472 2
0.2500 2
0.2528 2
0.2556 2
0.2584 2
0.2613 2
0.2641 2
0.2670 2
0.2698 2
0.2728 2
0.2757 2
0.2787 2
0.2816 2
0.2845 2
