0.0000 3
0.0013 2
0.0032 2
0.0061 2
0.0090 2
0.0119 2
0.0148 2
0.0176 2
0.0204 2
0.0233 2
0.0261 2
0.0289 2
0.0317 2
0.0345 2
0.0374 2
0.0402 2
0.0430 2
0.0458 2
0.0486 2
0.0514 2
0.0542 2
0.0570 2
0.0598 2
0.0626 2
0.0654 2
0.0682 2
0.0710 2
0.0738 2
0.0766 2
0.0794 2
0.0823 2
0.0851 2
0.0879 2
0.0907 2
0.0935 2
0.0963 2
0.0991 2
0.1018 2
0.1046 2
0.1075 2
0.1103 2
0.1131 2
0.1159 2
0.1187 2
0.1215 2
0.1243 2
0.1271 2
0.1299 2
0.1327 2
0.1355 2
0.1383 2
0.1412 2
0.1440 2
0.1468 2
0.1496 2
0.1524 2
0.1552 2
0.1580 2
0.1608 2
0.1636 2
0.1664 2
0.1693 2
0.1721 2
0.1749 2
0.1777 2
0.1805 2
0.1833 2
0.1861 2
0.1889 2
0.1917 2
0.1946 2
0.1974 2
0.2002 2
0.2030 2
0.2058 2
0.2087 2
0.2115 2
0.2143 2
0.2171 2
0.2199 2
0.2227 2
0.2255 2
0.2283 2
0.2311 2
0.2339 2
0.2367 2
0.2395 2
0.2424 2
0.2452 2
0.2480 2
0.2508 2
0.2536 2
0.2564 2
0.2592 2
0.2620 2
0.2648 2
0.2676 2
0.2704 2
0.2732 2
0.2760 2
0.2788 2
0.2816 2
