0.0000 4
0.0007 3
0.0033 3
0.0062 3
0.0092 3
0.0122 3
0.0151 3
0.0181 3
0.0211 3
0.0241 3
0.0270 3
0.0299 3
0.0329 3
0.0359 3
0.0388 3
0.0418 3
0.0447 3
0.0476 3
0.0506 3
0.0535 3
0.0564 3
0.0593 3
0.0623 3
0.0652 3
0.0680 3
0.0709 3
0.0738 3
0.0767 3
0.0796 3
0.0825 3
0.0854 3
0.0883 3
0.0912 3
0.0941 3
0.0970 3
0.0999 3
0.1028 3
0.1057 3
0.1086 3
0.1115 3
0.1144 3
0.1172 3
0.1201 3
0.1230 3
0.1259 3
0.1288 3
0.1316 3
0.1345 3
0.1374 3
0.1403 3
0.1432 3
0.1461 3
0.1490 3
0.1520 3
0.1550 3
0.1580 3
0.1610 3
0.1640 3
0.1669 3
0.1699 3
0.1729 3
0.1758 3
0.1787 3
0.1817 3
0.1847 3
0.1876 3
0.1906 3
0.1935 3
0.1965 3
0.1994 3
0.2024 3
0.2054 3
0.2084 3
0.2113 3
0.2142 3
0.2172 3
0.2201 3
0.2230 3
0.2259 3
0.2288 3
0.2316 3
0.2345 3
0.2374 3
0.2403 3
0.2432 3
0.2461 3
0.2492 3
0.2521 3
0.2551 3
0.2581 3
0.2610 3
0.2640 3
0.2669 3
0.2699 3
0.2728 3
0.2758 3
0.2787 3
0.2817 3
0.2846 3
0.2875 3
0.2903 3
0.2932 3
