0.0000 4
0.0007 3
0.0032 3
0.0062 3
0.0092 3
0.0123 3
0.0152 3
0.0182 3
0.0212 3
0.0242 3
0.0272 3
0.0302 3
0.0331 3
0.0361 3
0.0391 3
0.0420 3
0.0450 3
0.0480 3
0.0509 3
0.0539 3
0.0568 3
0.0600 3
0.0629 3
0.0659 3
0.0690 3
0.0719 3
0.0749 3
0.0779 3
0.0809 3
0.0839 3
0.0868 3
0.0898 3
0.0927 3
0.0957 3
0.0987 3
0.1016 3
0.1046 3
0.1075 3
0.1105 3
0.1134 3
0.1164 3
0.1193 3
0.1223 3
0.1252 3
0.1282 3
0.1311 3
0.1341 3
0.1371 3
0.1400 3
0.1430 3
0.1460 3
0.1489 3
0.1519 3
0.1548 3
0.1578 3
0.1607 3
0.1636 3
0.1666 3
0.1697 3
0.1726 3
0.1756 3
0.1786 3
0.1816 3
0.1846 3
0.1875 3
0.1905 3
0.1935 3
0.1965 3
0.1994 3
0.2024 3
0.2053 3
0.2084 3
0.2113 3
0.2143 3
0.2172 3
0.2202 3
0.2231 3
0.2261 3
0.2291 3
0.2321 3
0.2351 3
0.2380 3
0.2410 3
0.2439 3
0.2469 3
0.2498 3
0.2528 3
0.2558 3
0.2587 3
0.2617 3
0.2646 3
0.2676 3
0.2705 3
0.2735 3
0.2765 3
0.2794 3
0.2824 3
0.2853 3
0.2883 3
0.2912 3
0.2942 3
0.2971 3
