0.0000 3
0.0032 3
0.0061 3
0.0092 3
0.0121 3
0.0151 3
0.0181 3
0.0210 3
0.0239 3
0.0269 3
0.0299 3
0.0328 3
0.0358 3
0.0389 3
0.0419 3
0.0449 3
0.0479 3
0.0509 3
0.0538 3
0.0567 3
0.0597 3
0.0627 3
0.0656 3
0.0685 3
0.0715 3
0.0744 3
0.0773 3
0.0803 3
0.0832 3
0.0861 3
0.0891 3
0.0920 3
0.0949 3
0.0979 3
0.1008 3
0.1038 3
0.1067 3
0.1096 3
0.1126 3
0.1155 3
0.1184 3
0.1213 3
0.1243 3
0.1272 3
0.1301 3
0.1331 3
0.1360 3
0.1389 3
0.1419 3
0.1448 3
0.1477 3
0.1506 3
0.1536 3
0.1565 3
0.1595 3
0.1624 3
0.1653 3
0.1683 3
0.1713 3
0.1742 3
0.1772 3
0.1801 3
0.1830 3
0.1859 3
0.1888 3
0.1918 3
0.1948 3
0.1978 3
0.2007 3
0.2037 3
0.2067 3
0.2097 3
0.2127 3
0.2156 3
0.2185 3
0.2214 3
0.2244 3
0.2273 3
0.2302 3
0.2331 3
0.2360 3
0.2390 3
0.2419 3
0.2448 3
0.2478 3
0.2507 3
0.2536 3
0.2566 3
0.2595 3
0.2624 3
0.2654 3
0.2683 3
0.2713 3
0.2742 3
0.2771 3
0.2801 3
0.2830 3
0.2860 3
0.2889 3
0.2918 3
0.2947 3
