0.0000 6
0.0029 6
0.0033 5
0.0055 5
0.0081 5
0.0106 5
0.0131 5
0.0157 5
0.0182 5
0.0207 5
0.0233 5
0.0258 5
0.0284 5
0.0309 5
0.0333 5
0.0358 5
0.0383 5
0.0407 5
0.0431 5
0.0456 5
0.0480 5
0.0504 5
0.0529 5
0.0553 5
0.0578 5
0.0602 5
0.0627 5
0.0651 5
0.0676 5
0.0700 5
0.0725 5
0.0749 5
0.0774 5
0.0798 5
0.0823 5
0.0847 5
0.0871 5
0.0896 5
0.0920 5
0.0945 5
0.0970 5
0.0994 5
0.1019 5
0.1043 5
0.1068 5
0.1092 5
0.1117 5
0.1141 5
0.1166 5
0.1191 5
0.1215 5
0.1240 5
0.1264 5
0.1289 5
0.1314 5
0.1338 5
0.1363 5
0.1388 5
0.1412 5
0.1437 5
0.1462 5
0.1487 5
0.1512 5
0.1536 5
0.1564 5
0.1590 5
0.1615 5
0.1639 5
0.1664 5
0.1688 5
0.1713 5
0.1737 5
0.1762 5
0.1786 5
0.1811 5
0.1835 5
0.1860 5
0.1885 5
0.1909 5
0.1935 5
0.1960 5
0.1987 5
0.2013 5
0.2038 5
0.2064 5
0.2090 5
0.2114 5
0.2139 5
0.2164 5
0.2189 5
0.2214 5
0.2239 5
0.2263 5
0.2288 5
0.2313 5
0.2337 5
0.2362 5
0.2386 5
0.2411 5
0.2435 5
0.2460 5
0.2484 5
0.2509 5
