0.0000 3
0.0007 2
0.0030 2
0.0060 2
0.0089 2
0.0118 2
0.0146 2
0.0176 2
0.0205 2
0.0233 2
0.0262 2
0.0291 2
0.0320 2
0.0348 2
0.0377 2
0.0406 2
0.0434 2
0.0463 2
0.0491 2
0.0520 2
0.0548 2
0.0577 2
0.0605 2
0.0633 2
0.0662 2
0.0690 2
0.0718 2
0.0747 2
0.0775 2
0.0803 2
0.0831 2
0.0858 2
0.0886 2
0.0914 2
0.0942 2
0.0970 2
0.0998 2
0.1026 2
0.1053 2
0.1081 2
0.1109 2
0.1137 2
0.1165 2
0.1193 2
0.1220 2
0.1248 2
0.1276 2
0.1304 2
0.1332 2
0.1360 2
0.1388 2
0.1416 2
0.1445 2
0.1473 2
0.1501 2
0.1529 2
0.1556 2
0.1584 2
0.1612 2
0.1640 2
0.1668 2
0.1696 2
0.1724 2
0.1752 2
0.1780 2
0.1808 2
0.1836 2
0.1863 2
0.1891 2
0.1919 2
0.1947 2
0.1975 2
0.2003 2
0.2031 2
0.2059 2
0.2088 2
0.2116 2
0.2144 2
0.2172 2
0.2200 2
0.2228 2
0.2256 2
0.2284 2
0.2312 2
0.2340 2
0.2368 2
0.2396 2
0.2424 2
0.2452 2
0.2480 2
0.2508 2
0.2536 2
0.2564 2
0.2592 2
0.2620 2
0.2648 2
0.2676 2
0.2704 2
0.2732 2
0.2760 2
0.2788 2
0.2815 2
