0.0000 4
0.0015 3
0.0042 3
0.0073 3
0.0103 3
0.0134 3
0.0164 3
0.0194 3
0.0225 3
0.0256 3
0.0286 3
0.0317 3
0.0350 3
0.0381 3
0.0412 3
0.0442 3
0.0472 3
0.0502 3
0.0532 3
0.0562 3
0.0592 3
0.0622 3
0.0652 3
0.0682 3
0.0711 3
0.0741 3
0.0771 3
0.0801 3
0.0831 3
0.0861 3
0.0891 3
0.0921 3
0.0951 3
0.0981 3
0.1010 3
0.1040 3
0.1070 3
0.1099 3
0.1129 3
0.1159 3
0.1188 3
0.1218 3
0.1247 3
0.1278 3
0.1307 3
0.1337 3
0.1367 3
0.1396 3
0.1426 3
0.1455 3
0.1485 3
0.1515 3
0.1545 3
0.1574 3
0.1604 3
0.1634 3
0.1664 3
0.1695 3
0.1725 3
0.1755 3
0.1785 3
0.1815 3
0.1844 3
0.1874 3
0.1904 3
0.1934 3
0.1964 3
0.1994 3
0.2024 3
0.2053 3
0.2083 3
0.2113 3
0.2142 3
0.2172 3
0.2202 3
0.2231 3
0.2261 3
0.2291 3
0.2320 3
0.2350 3
0.2379 3
0.2409 3
0.2439 3
0.2468 3
0.2498 3
0.2528 3
0.2557 3
0.2587 3
0.2616 3
0.2646 3
0.2676 3
0.2706 3
0.2735 3
0.2765 3
0.2794 3
0.2824 3
0.2853 3
0.2883 3
0.2912 3
0.2942 3
0.2972 3
0.3002 3
