0.0000 4
0.0027 3
0.0033 3
0.0063 3
0.0092 3
0.0122 3
0.0152 3
0.0182 3
0.0211 3
0.0240 3
0.0269 3
0.0299 3
0.0328 3
0.0357 3
0.0387 3
0.0416 3
0.0445 3
0.0475 3
0.0504 3
0.0534 3
0.0563 3
0.0593 3
0.0622 3
0.0651 3
0.0680 3
0.0709 3
0.0739 3
0.0768 3
0.0797 3
0.0827 3
0.0856 3
0.0886 3
0.0916 3
0.0945 3
0.0974 3
0.1003 3
0.1032 3
0.1061 3
0.1090 3
0.1120 3
0.1149 3
0.1178 3
0.1207 3
0.1237 3
0.1266 3
0.1295 3
0.1324 3
0.1353 3
0.1382 3
0.1411 3
0.1440 3
0.1469 3
0.1498 3
0.1527 3
0.1556 3
0.1585 3
0.1614 3
0.1643 3
0.1672 3
0.1701 3
0.1730 3
0.1759 3
0.1788 3
0.1817 3
0.1846 3
0.1875 3
0.1904 3
0.1933 3
0.1962 3
0.1991 3
0.2020 3
0.2048 3
0.2078 3
0.2108 3
0.2137 3
0.2166 3
0.2195 3
0.2224 3
0.2254 3
0.2283 3
0.2312 3
0.2341 3
0.2369 3
0.2398 3
0.2427 3
0.2457 3
0.2486 3
0.2516 3
0.2545 3
0.2574 3
0.2603 3
0.2632 3
0.2661 3
0.2689 3
0.2718 3
0.2749 3
0.2778 3
0.2807 3
0.2836 3
0.2865 3
0.2894 3
0.2923 3
