0.0000 3
0.0020 2
0.0030 2
0.0054 2
0.0078 2
0.0101 2
0.0125 2
0.0148 2
0.0172 2
0.0195 2
0.0218 2
0.0242 2
0.0265 2
0.0289 2
0.0312 2
0.0335 2
0.0359 2
0.0382 2
0.0406 2
0.0429 2
0.0452 2
0.0476 2
0.0499 2
0.0523 2
0.0546 2
0.0570 2
0.0594 2
0.0617 2
0.0641 2
0.0664 2
0.0688 2
0.0711 2
0.0734 2
0.0757 2
0.0779 2
0.0802 2
0.0825 2
0.0848 2
0.0871 2
0.0893 2
0.0917 2
0.0939 2
0.0962 2
0.0985 2
0.1007 2
0.1030 2
0.1053 2
0.1075 2
0.1098 2
0.1121 2
0.1143 2
0.1166 2
0.1189 2
0.1211 2
0.1234 2
0.1257 2
0.1279 2
0.1302 2
0.1325 2
0.1347 2
0.1370 2
0.1393 2
0.1416 2
0.1438 2
0.1461 2
0.1484 2
0.1507 2
0.1529 2
0.1552 2
0.1575 2
0.1598 2
0.1621 2
0.1643 2
0.1666 2
0.1689 2
0.1712 2
0.1734 2
0.1757 2
0.1780 2
0.1803 2
0.1825 2
0.1848 2
0.1871 2
0.1896 2
0.1919 2
0.1941 2
0.1964 2
0.1987 2
0.2010 2
0.2032 2
0.2055 2
0.2078 2
0.2101 2
0.2123 2
0.2146 2
0.2169 2
0.2192 2
0.2214 2
0.2236 2
0.2259 2
0.2282 2
0.2307 2
