0.0000 5
0.0030 5
0.0052 4
0.0056 4
0.0082 4
0.0108 4
0.0134 4
0.0160 4
0.0185 4
0.0210 4
0.0235 4
0.0261 4
0.0286 4
0.0311 4
0.0337 4
0.0362 4
0.0387 4
0.0412 4
0.0437 4
0.0462 4
0.0487 4
0.0512 4
0.0537 4
0.0562 4
0.0587 4
0.0613 4
0.0638 4
0.0664 4
0.0689 4
0.0714 4
0.0739 4
0.0765 4
0.0790 4
0.0815 4
0.0840 4
0.0865 4
0.0890 4
0.0916 4
0.0941 4
0.0966 4
0.0991 4
0.1016 4
0.1041 4
0.1066 4
0.1091 4
0.1117 4
0.1142 4
0.1167 4
0.1192 4
0.1218 4
0.1244 4
0.1269 4
0.1295 4
0.1321 4
0.1346 4
0.1371 4
0.1396 4
0.1422 4
0.1447 4
0.1472 4
0.1497 4
0.1522 4
0.1548 4
0.1573 4
0.1598 4
0.1623 4
0.1649 4
0.1674 4
0.1699 4
0.1724 4
0.1749 4
0.1774 4
0.1799 4
0.1824 4
0.1849 4
0.1875 4
0.1900 4
0.1925 4
0.1950 4
0.1975 4
0.2000 4
0.2026 4
0.2051 4
0.2076 4
0.2102 4
0.2127 4
0.2152 4
0.2178 4
0.2203 4
0.2228 4
0.2253 4
0.2278 4
0.2303 4
0.2329 4
0.2354 4
0.2379 4
0.2404 4
0.2429 4
0.2454 4
0.2479 4
0.2504 4
0.2529 4
0.2556 4
