0.0000 4
0.0028 3
0.0034 3
0.0065 3
0.0095 3
0.0126 3
0.0156 3
0.0186 3
0.0217 3
0.0248 3
0.0278 3
0.0309 3
0.0341 3
0.0373 3
0.0404 3
0.0435 3
0.0466 3
0.0497 3
0.0528 3
0.0558 3
0.0588 3
0.0618 3
0.0649 3
0.0679 3
0.0709 3
0.0738 3
0.0769 3
0.0798 3
0.0828 3
0.0858 3
0.0888 3
0.0918 3
0.0947 3
0.0977 3
0.1007 3
0.1036 3
0.1066 3
0.1096 3
0.1126 3
0.1155 3
0.1185 3
0.1215 3
0.1244 3
0.1274 3
0.1304 3
0.1333 3
0.1363 3
0.1393 3
0.1423 3
0.1454 3
0.1485 3
0.1515 3
0.1545 3
0.1576 3
0.1606 3
0.1636 3
0.1667 3
0.1698 3
0.1727 3
0.1757 3
0.1787 3
0.1816 3
0.1846 3
0.1876 3
0.1906 3
0.1936 3
0.1965 3
0.1995 3
0.2025 3
0.2055 3
0.2085 3
0.2115 3
0.2145 3
0.2174 3
0.2204 3
0.2234 3
0.2264 3
0.2294 3
0.2325 3
0.2355 3
0.2384 3
0.2414 3
0.2444 3
0.2474 3
0.2504 3
0.2534 3
0.2564 3
0.2594 3
0.2624 3
0.2654 3
0.2685 3
0.2715 3
0.2745 3
0.2776 3
0.2806 3
0.2838 3
0.2868 3
0.2898 3
0.2928 3
0.2958 3
0.2988 3
0.3018 3
