0.0000 3
0.0003 2
0.0025 2
0.0049 2
0.0072 2
0.0096 2
0.0120 2
0.0145 2
0.0167 2
0.0191 2
0.0215 2
0.0238 2
0.0262 2
0.0285 2
0.0308 2
0.0332 2
0.0355 2
0.0379 2
0.0401 2
0.0425 2
0.0448 2
0.0471 2
0.0495 2
0.0518 2
0.0542 2
0.0564 2
0.0588 2
0.0611 2
0.0634 2
0.0658 2
0.0681 2
0.0704 2
0.0727 2
0.0750 2
0.0774 2
0.0797 2
0.0821 2
0.0843 2
0.0867 2
0.0890 2
0.0912 2
0.0935 2
0.0958 2
0.0981 2
0.1003 2
0.1026 2
0.1049 2
0.1072 2
0.1095 2
0.1117 2
0.1140 2
0.1163 2
0.1185 2
0.1208 2
0.1231 2
0.1253 2
0.1276 2
0.1299 2
0.1322 2
0.1344 2
0.1367 2
0.1390 2
0.1412 2
0.1435 2
0.1458 2
0.1480 2
0.1503 2
0.1525 2
0.1548 2
0.1571 2
0.1594 2
0.1617 2
0.1639 2
0.1662 2
0.1685 2
0.1708 2
0.1731 2
0.1754 2
0.1777 2
0.1799 2
0.1823 2
0.1846 2
0.1870 2
0.1892 2
0.1915 2
0.1938 2
0.1960 2
0.1983 2
0.2006 2
0.2028 2
0.2052 2
0.2075 2
0.2097 2
0.2120 2
0.2142 2
0.2165 2
0.2187 2
0.2210 2
0.2232 2
0.2255 2
0.2277 2
0.2300 2
