0.0000 3
0.0038 3
0.0068 3
0.0099 3
0.0129 3
0.0160 3
0.0190 3
0.0220 3
0.0250 3
0.0280 3
0.0310 3
0.0340 3
0.0370 3
0.0400 3
0.0430 3
0.0459 3
0.0489 3
0.0519 3
0.0548 3
0.0578 3
0.0608 3
0.0637 3
0.0667 3
0.0696 3
0.0726 3
0.0755 3
0.0784 3
0.0814 3
0.0843 3
0.0873 3
0.0902 3
0.0931 3
0.0961 3
0.0990 3
0.1020 3
0.1049 3
0.1079 3
0.1108 3
0.1138 3
0.1167 3
0.1197 3
0.1226 3
0.1256 3
0.1286 3
0.1315 3
0.1345 3
0.1374 3
0.1404 3
0.1433 3
0.1463 3
0.1492 3
0.1522 3
0.1552 3
0.1582 3
0.1612 3
0.1642 3
0.1672 3
0.1702 3
0.1732 3
0.1762 3
0.1791 3
0.1821 3
0.1850 3
0.1880 3
0.1909 3
0.1938 3
0.1968 3
0.1997 3
0.2027 3
0.2056 3
0.2086 3
0.2116 3
0.2145 3
0.2175 3
0.2204 3
0.2234 3
0.2263 3
0.2292 3
0.2322 3
0.2351 3
0.2381 3
0.2410 3
0.2440 3
0.2469 3
0.2499 3
0.2529 3
0.2558 3
0.2588 3
0.2618 3
0.2647 3
0.2677 3
0.2706 3
0.2736 3
0.2765 3
0.2795 3
0.2824 3
0.2854 3
0.2884 3
0.2914 3
0.2945 3
0.2977 3
