0.0000 3
0.0002 2
0.0026 2
0.0050 2
0.0073 2
0.0097 2
0.0120 2
0.0143 2
0.0167 2
0.0190 2
0.0213 2
0.0236 2
0.0259 2
0.0282 2
0.0304 2
0.0328 2
0.0350 2
0.0373 2
0.0396 2
0.0419 2
0.0442 2
0.0464 2
0.0487 2
0.0510 2
0.0533 2
0.0556 2
0.0579 2
0.0602 2
0.0625 2
0.0647 2
0.0670 2
0.0693 2
0.0716 2
0.0739 2
0.0762 2
0.0784 2
0.0807 2
0.0830 2
0.0853 2
0.0876 2
0.0898 2
0.0921 2
0.0944 2
0.0967 2
0.0990 2
0.1013 2
0.1035 2
0.1058 2
0.1081 2
0.1104 2
0.1127 2
0.1149 2
0.1172 2
0.1195 2
0.1218 2
0.1241 2
0.1264 2
0.1286 2
0.1310 2
0.1333 2
0.1356 2
0.1379 2
0.1401 2
0.1424 2
0.1447 2
0.1471 2
0.1495 2
0.1519 2
0.1542 2
0.1565 2
0.1587 2
0.1610 2
0.1633 2
0.1656 2
0.1679 2
0.1701 2
0.1724 2
0.1747 2
0.1770 2
0.1792 2
0.1815 2
0.1838 2
0.1861 2
0.1885 2
0.1910 2
0.1935 2
0.1958 2
0.1981 2
0.2004 2
0.2027 2
0.2049 2
0.2072 2
0.2096 2
0.2118 2
0.2141 2
0.2164 2
0.2187 2
0.2209 2
0.2232 2
0.2255 2
0.2278 2
0.2302 2
