0.0000 6
0.0031 5
0.0039 5
0.0069 5
0.0100 5
0.0131 5
0.0161 5
0.0192 5
0.0223 5
0.0254 5
0.0284 5
0.0315 5
0.0346 5
0.0376 5
0.0406 5
0.0437 5
0.0467 5
0.0497 5
0.0528 5
0.0558 5
0.0589 5
0.0619 5
0.0650 5
0.0680 5
0.0710 5
0.0741 5
0.0771 5
0.0802 5
0.0832 5
0.0862 5
0.0892 5
0.0923 5
0.0953 5
0.0984 5
0.1014 5
0.1045 5
0.1076 5
0.1107 5
0.1139 5
0.1169 5
0.1199 5
0.1230 5
0.1262 5
0.1292 5
0.1322 5
0.1353 5
0.1384 5
0.1414 5
0.1444 5
0.1475 5
0.1505 5
0.1535 5
0.1566 5
0.1597 5
0.1627 5
0.1658 5
0.1689 5
0.1719 5
0.1750 5
0.1781 5
0.1812 5
0.1843 5
0.1873 5
0.1904 5
0.1935 5
0.1965 5
0.1995 5
0.2026 5
0.2057 5
0.2088 5
0.2118 5
0.2149 5
0.2179 5
0.2209 5
0.2240 5
0.2270 5
0.2301 5
0.2331 5
0.2362 5
0.2392 5
0.2423 5
0.2453 5
0.2483 5
0.2514 5
0.2545 5
0.2575 5
0.2605 5
0.2636 5
0.2667 5
0.2697 5
0.2727 5
0.2758 5
0.2788 5
0.2818 5
0.2849 5
0.2879 5
0.2910 5
0.2940 5
0.2970 5
0.3001 5
0.3031 5
0.3061 5
