0.0000 3
0.0009 2
0.0030 2
0.0054 2
0.0078 2
0.0101 2
0.0125 2
0.0149 2
0.0172 2
0.0197 2
0.0220 2
0.0244 2
0.0267 2
0.0290 2
0.0313 2
0.0338 2
0.0363 2
0.0387 2
0.0410 2
0.0433 2
0.0456 2
0.0479 2
0.0502 2
0.0526 2
0.0549 2
0.0572 2
0.0595 2
0.0618 2
0.0642 2
0.0665 2
0.0688 2
0.0711 2
0.0734 2
0.0757 2
0.0780 2
0.0803 2
0.0826 2
0.0849 2
0.0872 2
0.0895 2
0.0918 2
0.0941 2
0.0964 2
0.0987 2
0.1010 2
0.1033 2
0.1056 2
0.1079 2
0.1102 2
0.1125 2
0.1148 2
0.1171 2
0.1193 2
0.1216 2
0.1239 2
0.1262 2
0.1285 2
0.1308 2
0.1331 2
0.1354 2
0.1377 2
0.1400 2
0.1423 2
0.1446 2
0.1469 2
0.1491 2
0.1514 2
0.1538 2
0.1560 2
0.1583 2
0.1606 2
0.1629 2
0.1652 2
0.1675 2
0.1698 2
0.1721 2
0.1744 2
0.1767 2
0.1790 2
0.1813 2
0.1836 2
0.1859 2
0.1882 2
0.1905 2
0.1928 2
0.1951 2
0.1974 2
0.1997 2
0.2020 2
0.2043 2
0.2066 2
0.2090 2
0.2113 2
0.2136 2
0.2160 2
0.2182 2
0.2205 2
0.2228 2
0.2251 2
0.2274 2
0.2297 2
0.2320 2
