0.0000 3
0.0026 3
0.0050 3
0.0075 3
0.0100 3
0.0124 3
0.0148 3
0.0172 3
0.0196 3
0.0220 3
0.0244 3
0.0267 3
0.0291 3
0.0315 3
0.0338 3
0.0362 3
0.0386 3
0.0409 3
0.0433 3
0.0456 3
0.0480 3
0.0503 3
0.0527 3
0.0550 3
0.0574 3
0.0597 3
0.0621 3
0.0644 3
0.0668 3
0.0691 3
0.0715 3
0.0738 3
0.0762 3
0.0785 3
0.0808 3
0.0832 3
0.0856 3
0.0880 3
0.0903 3
0.0927 3
0.0951 3
0.0974 3
0.0998 3
0.1022 3
0.1045 3
0.1069 3
0.1093 3
0.1118 3
0.1141 3
0.1165 3
0.1188 3
0.1212 3
0.1235 3
0.1260 3
0.1283 3
0.1308 3
0.1331 3
0.1355 3
0.1380 3
0.1403 3
0.1427 3
0.1451 3
0.1474 3
0.1498 3
0.1521 3
0.1545 3
0.1568 3
0.1592 3
0.1615 3
0.1639 3
0.1662 3
0.1685 3
0.1709 3
0.1732 3
0.1756 3
0.1779 3
0.1803 3
0.1827 3
0.1850 3
0.1874 3
0.1898 3
0.1922 3
0.1945 3
0.1969 3
0.1993 3
0.2017 3
0.2040 3
0.2065 3
0.2089 3
0.2112 3
0.2136 3
0.2160 3
0.2184 3
0.2208 3
0.2232 3
0.2255 3
0.2279 3
0.2303 3
0.2327 3
0.2350 3
0.2374 3
