0.0000 4
0.0033 4
0.0053 3
0.0063 3
0.0094 3
0.0124 3
0.0153 3
0.0184 3
0.0214 3
0.0244 3
0.0274 3
0.0304 3
0.0334 3
0.0363 3
0.0393 3
0.0424 3
0.0453 3
0.0483 3
0.0513 3
0.0543 3
0.0573 3
0.0603 3
0.0633 3
0.0664 3
0.0694 3
0.0724 3
0.0754 3
0.0784 3
0.0814 3
0.0844 3
0.0873 3
0.0903 3
0.0933 3
0.0963 3
0.0993 3
0.1023 3
0.1053 3
0.1083 3
0.1113 3
0.1143 3
0.1173 3
0.1202 3
0.1232 3
0.1262 3
0.1292 3
0.1322 3
0.1351 3
0.1381 3
0.1412 3
0.1442 3
0.1472 3
0.1502 3
0.1532 3
0.1562 3
0.1591 3
0.1621 3
0.1651 3
0.1681 3
0.1711 3
0.1741 3
0.1770 3
0.1800 3
0.1830 3
0.1860 3
0.1890 3
0.1919 3
0.1949 3
0.1979 3
0.2009 3
0.2038 3
0.2069 3
0.2099 3
0.2129 3
0.2159 3
0.2189 3
0.2218 3
0.2249 3
0.2278 3
0.2308 3
0.2338 3
0.2368 3
0.2398 3
0.2428 3
0.2458 3
0.2487 3
0.2517 3
0.2547 3
0.2576 3
0.2606 3
0.2636 3
0.2665 3
0.2696 3
0.2726 3
0.2756 3
0.2786 3
0.2816 3
0.2845 3
0.2875 3
0.2905 3
0.2934 3
0.2964 3
0.2994 3
0.3024 3
