0.0000 3
0.0034 3
0.0058 3
0.0082 3
0.0106 3
0.0130 3
0.0154 3
0.0177 3
0.0201 3
0.0224 3
0.0247 3
0.0271 3
0.0294 3
0.0317 3
0.0341 3
0.0364 3
0.0388 3
0.0411 3
0.0434 3
0.0457 3
0.0481 3
0.0504 3
0.0528 3
0.0551 3
0.0574 3
0.0598 3
0.0621 3
0.0644 3
0.0667 3
0.0690 3
0.0713 3
0.0737 3
0.0760 3
0.0783 3
0.0807 3
0.0830 3
0.0854 3
0.0877 3
0.0900 3
0.0923 3
0.0948 3
0.0971 3
0.0994 3
0.1018 3
0.1041 3
0.1064 3
0.1087 3
0.1111 3
0.1134 3
0.1157 3
0.1181 3
0.1204 3
0.1228 3
0.1252 3
0.1275 3
0.1299 3
0.1323 3
0.1346 3
0.1369 3
0.1393 3
0.1417 3
0.1440 3
0.1463 3
0.1486 3
0.1510 3
0.1533 3
0.1556 3
0.1579 3
0.1602 3
0.1625 3
0.1649 3
0.1673 3
0.1696 3
0.1719 3
0.1742 3
0.1765 3
0.1788 3
0.1811 3
0.1834 3
0.1858 3
0.1881 3
0.1904 3
0.1927 3
0.1950 3
0.1973 3
0.1997 3
0.2020 3
0.2043 3
0.2067 3
0.2090 3
0.2114 3
0.2137 3
0.2160 3
0.2183 3
0.2206 3
0.2230 3
0.2253 3
0.2276 3
0.2299 3
0.2323 3
0.2346 3
