0.0000 4
0.0011 3
0.0028 3
0.0053 3
0.0078 3
0.0102 3
0.0127 3
0.0152 3
0.0176 3
0.0201 3
0.0226 3
0.0250 3
0.0274 3
0.0299 3
0.0324 3
0.0348 3
0.0373 3
0.0397 3
0.0422 3
0.0446 3
0.0471 3
0.0495 3
0.0520 3
0.0544 3
0.0569 3
0.0593 3
0.0618 3
0.0642 3
0.0667 3
0.0691 3
0.0716 3
0.0740 3
0.0764 3
0.0789 3
0.0813 3
0.0838 3
0.0862 3
0.0886 3
0.0911 3
0.0935 3
0.0959 3
0.0984 3
0.1008 3
0.1032 3
0.1057 3
0.1081 3
0.1105 3
0.1129 3
0.1153 3
0.1178 3
0.1202 3
0.1226 3
0.1250 3
0.1274 3
0.1298 3
0.1322 3
0.1347 3
0.1371 3
0.1395 3
0.1420 3
0.1444 3
0.1468 3
0.1493 3
0.1517 3
0.1541 3
0.1566 3
0.1591 3
0.1615 3
0.1639 3
0.1663 3
0.1688 3
0.1712 3
0.1736 3
0.1761 3
0.1785 3
0.1809 3
0.1834 3
0.1858 3
0.1882 3
0.1907 3
0.1931 3
0.1955 3
0.1980 3
0.2004 3
0.2028 3
0.2053 3
0.2077 3
0.2102 3
0.2126 3
0.2151 3
0.2176 3
0.2201 3
0.2225 3
0.2250 3
0.2274 3
0.2299 3
0.2323 3
0.2347 3
0.2372 3
0.2396 3
0.2420 3
0.2444 3
