0.0000 4
0.0025 3
0.0031 3
0.0056 3
0.0081 3
0.0106 3
0.0131 3
0.0156 3
0.0181 3
0.0206 3
0.0230 3
0.0255 3
0.0279 3
0.0303 3
0.0327 3
0.0352 3
0.0376 3
0.0400 3
0.0424 3
0.0449 3
0.0473 3
0.0497 3
0.0522 3
0.0546 3
0.0570 3
0.0594 3
0.0619 3
0.0643 3
0.0667 3
0.0691 3
0.0716 3
0.0741 3
0.0767 3
0.0792 3
0.0818 3
0.0843 3
0.0867 3
0.0893 3
0.0918 3
0.0942 3
0.0968 3
0.0992 3
0.1017 3
0.1042 3
0.1066 3
0.1090 3
0.1114 3
0.1139 3
0.1163 3
0.1187 3
0.1211 3
0.1235 3
0.1260 3
0.1284 3
0.1308 3
0.1332 3
0.1356 3
0.1381 3
0.1406 3
0.1430 3
0.1454 3
0.1479 3
0.1504 3
0.1528 3
0.1552 3
0.1576 3
0.1601 3
0.1625 3
0.1650 3
0.1674 3
0.1698 3
0.1722 3
0.1747 3
0.1771 3
0.1795 3
0.1819 3
0.1844 3
0.1868 3
0.1892 3
0.1916 3
0.1940 3
0.1964 3
0.1989 3
0.2013 3
0.2037 3
0.2061 3
0.2085 3
0.2111 3
0.2137 3
0.2162 3
0.2186 3
0.2210 3
0.2234 3
0.2258 3
0.2282 3
0.2306 3
0.2330 3
0.2354 3
0.2378 3
0.2402 3
0.2426 3
0.2450 3
