0.0000 3
0.0031 3
0.0056 3
0.0079 3
0.0104 3
0.0128 3
0.0152 3
0.0175 3
0.0199 3
0.0222 3
0.0246 3
0.0269 3
0.0292 3
0.0316 3
0.0340 3
0.0363 3
0.0387 3
0.0410 3
0.0434 3
0.0458 3
0.0481 3
0.0505 3
0.0529 3
0.0553 3
0.0576 3
0.0599 3
0.0623 3
0.0647 3
0.0670 3
0.0693 3
0.0716 3
0.0740 3
0.0763 3
0.0786 3
0.0810 3
0.0833 3
0.0856 3
0.0879 3
0.0903 3
0.0926 3
0.0949 3
0.0972 3
0.0996 3
0.1019 3
0.1042 3
0.1065 3
0.1089 3
0.1112 3
0.1135 3
0.1159 3
0.1182 3
0.1205 3
0.1228 3
0.1251 3
0.1274 3
0.1297 3
0.1321 3
0.1344 3
0.1367 3
0.1390 3
0.1414 3
0.1437 3
0.1460 3
0.1483 3
0.1506 3
0.1529 3
0.1552 3
0.1575 3
0.1599 3
0.1622 3
0.1645 3
0.1668 3
0.1691 3
0.1715 3
0.1738 3
0.1761 3
0.1784 3
0.1808 3
0.1831 3
0.1854 3
0.1877 3
0.1901 3
0.1924 3
0.1948 3
0.1971 3
0.1995 3
0.2018 3
0.2041 3
0.2065 3
0.2088 3
0.2112 3
0.2135 3
0.2158 3
0.2182 3
0.2205 3
0.2228 3
0.2251 3
0.2274 3
0.2297 3
0.2320 3
0.2343 3
