0.0000 4
0.0035 4
0.0054 3
0.0065 3
0.0096 3
0.0126 3
0.0157 3
0.0188 3
0.0218 3
0.0248 3
0.0278 3
0.0308 3
0.0338 3
0.0368 3
0.0398 3
0.0428 3
0.0459 3
0.0489 3
0.0519 3
0.0549 3
0.0579 3
0.0609 3
0.0639 3
0.0669 3
0.0699 3
0.0729 3
0.0759 3
0.0789 3
0.0819 3
0.0849 3
0.0879 3
0.0909 3
0.0939 3
0.0969 3
0.0999 3
0.1029 3
0.1058 3
0.1088 3
0.1118 3
0.1148 3
0.1178 3
0.1207 3
0.1237 3
0.1267 3
0.1297 3
0.1327 3
0.1357 3
0.1387 3
0.1417 3
0.1447 3
0.1476 3
0.1507 3
0.1537 3
0.1567 3
0.1597 3
0.1626 3
0.1656 3
0.1686 3
0.1716 3
0.1746 3
0.1776 3
0.1806 3
0.1836 3
0.1866 3
0.1896 3
0.1925 3
0.1955 3
0.1985 3
0.2015 3
0.2045 3
0.2075 3
0.2105 3
0.2135 3
0.2165 3
0.2195 3
0.2225 3
0.2254 3
0.2284 3
0.2314 3
0.2344 3
0.2374 3
0.2404 3
0.2434 3
0.2464 3
0.2494 3
0.2525 3
0.2554 3
0.2584 3
0.2614 3
0.2644 3
0.2674 3
0.2704 3
0.2733 3
0.2763 3
0.2793 3
0.2824 3
0.2853 3
0.2886 3
0.2919 3
0.2951 3
0.2983 3
0.3015 3
0.3045 3
