0.0000 5
0.0010 4
0.0034 4
0.0067 4
0.0100 4
0.0133 4
0.0165 4
0.0197 4
0.0228 4
0.0261 4
0.0293 4
0.0325 4
0.0357 4
0.0388 4
0.0420 4
0.0452 4
0.0483 4
0.0515 4
0.0546 4
0.0579 4
0.0611 4
0.0642 4
0.0674 4
0.0706 4
0.0737 4
0.0769 4
0.0801 4
0.0832 4
0.0864 4
0.0896 4
0.0927 4
0.0959 4
0.0990 4
0.1022 4
0.1054 4
0.1085 4
0.1117 4
0.1149 4
0.1180 4
0.1212 4
0.1244 4
0.1275 4
0.1307 4
0.1339 4
0.1370 4
0.1402 4
0.1434 4
0.1465 4
0.1497 4
0.1529 4
0.1560 4
0.1592 4
0.1623 4
0.1655 4
0.1687 4
0.1718 4
0.1750 4
0.1781 4
0.1813 4
0.1844 4
0.1876 4
0.1908 4
0.1939 4
0.1971 4
0.2002 4
0.2034 4
0.2066 4
0.2097 4
0.2128 4
0.2160 4
0.2191 4
0.2223 4
0.2254 4
0.2286 4
0.2317 4
0.2349 4
0.2381 4
0.2412 4
0.2444 4
0.2475 4
0.2507 4
0.2539 4
0.2570 4
0.2602 4
0.2634 4
0.2666 4
0.2698 4
0.2729 4
0.2761 4
0.2793 4
0.2825 4
0.2856 4
0.2888 4
0.2920 4
0.2951 4
0.2983 4
0.3014 4
0.3046 4
0.3077 4
0.3109 4
0.3141 4
0.3172 4
