0.0000 3
0.0036 3
0.0065 3
0.0094 3
0.0123 3
0.0152 3
0.0181 3
0.0209 3
0.0238 3
0.0267 3
0.0295 3
0.0323 3
0.0352 3
0.0380 3
0.0408 3
0.0436 3
0.0465 3
0.0493 3
0.0521 3
0.0549 3
0.0578 3
0.0606 3
0.0634 3
0.0662 3
0.0690 3
0.0719 3
0.0747 3
0.0775 3
0.0803 3
0.0831 3
0.0860 3
0.0888 3
0.0917 3
0.0945 3
0.0973 3
0.1001 3
0.1029 3
0.1058 3
0.1086 3
0.1114 3
0.1142 3
0.1170 3
0.1200 3
0.1230 3
0.1258 3
0.1287 3
0.1315 3
0.1343 3
0.1371 3
0.1399 3
0.1428 3
0.1456 3
0.1484 3
0.1512 3
0.1542 3
0.1572 3
0.1601 3
0.1632 3
0.1662 3
0.1691 3
0.1720 3
0.1748 3
0.1777 3
0.1805 3
0.1833 3
0.1862 3
0.1891 3
0.1919 3
0.1947 3
0.1976 3
0.2004 3
0.2032 3
0.2061 3
0.2090 3
0.2118 3
0.2146 3
0.2175 3
0.2203 3
0.2231 3
0.2260 3
0.2288 3
0.2316 3
0.2344 3
0.2372 3
0.2400 3
0.2428 3
0.2457 3
0.2485 3
0.2513 3
0.2541 3
0.2569 3
0.2597 3
0.2625 3
0.2654 3
0.2682 3
0.2710 3
0.2738 3
0.2766 3
0.2794 3
0.2822 3
0.2850 3
