0.0000 3
0.0034 3
0.0065 3
0.0094 3
0.0124 3
0.0154 3
0.0184 3
0.0213 3
0.0243 3
0.0272 3
0.0301 3
0.0330 3
0.0360 3
0.0389 3
0.0418 3
0.0447 3
0.0476 3
0.0506 3
0.0535 3
0.0564 3
0.0593 3
0.0622 3
0.0651 3
0.0680 3
0.0710 3
0.0739 3
0.0768 3
0.0797 3
0.0826 3
0.0855 3
0.0884 3
0.0914 3
0.0944 3
0.0973 3
0.1002 3
0.1031 3
0.1061 3
0.1090 3
0.1119 3
0.1148 3
0.1177 3
0.1207 3
0.1236 3
0.1265 3
0.1294 3
0.1323 3
0.1353 3
0.1382 3
0.1411 3
0.1440 3
0.1469 3
0.1499 3
0.1528 3
0.1557 3
0.1586 3
0.1615 3
0.1644 3
0.1674 3
0.1703 3
0.1732 3
0.1761 3
0.1790 3
0.1820 3
0.1849 3
0.1878 3
0.1907 3
0.1936 3
0.1965 3
0.1994 3
0.2024 3
0.2054 3
0.2083 3
0.2113 3
0.2142 3
0.2171 3
0.2200 3
0.2229 3
0.2258 3
0.2287 3
0.2319 3
0.2348 3
0.2377 3
0.2407 3
0.2436 3
0.2465 3
0.2494 3
0.2523 3
0.2552 3
0.2582 3
0.2611 3
0.2640 3
0.2669 3
0.2698 3
0.2727 3
0.2756 3
0.2786 3
0.2815 3
0.2844 3
0.2873 3
0.2903 3
0.2932 3
