0.0000 3
0.0032 3
0.0062 3
0.0092 3
0.0122 3
0.0152 3
0.0182 3
0.0212 3
0.0243 3
0.0272 3
0.0301 3
0.0331 3
0.0360 3
0.0389 3
0.0418 3
0.0447 3
0.0477 3
0.0506 3
0.0535 3
0.0564 3
0.0593 3
0.0623 3
0.0653 3
0.0682 3
0.0711 3
0.0741 3
0.0770 3
0.0799 3
0.0828 3
0.0858 3
0.0887 3
0.0916 3
0.0945 3
0.0975 3
0.1005 3
0.1034 3
0.1064 3
0.1094 3
0.1123 3
0.1153 3
0.1183 3
0.1212 3
0.1242 3
0.1271 3
0.1301 3
0.1330 3
0.1359 3
0.1389 3
0.1418 3
0.1448 3
0.1477 3
0.1506 3
0.1535 3
0.1565 3
0.1594 3
0.1624 3
0.1653 3
0.1683 3
0.1712 3
0.1742 3
0.1771 3
0.1800 3
0.1829 3
0.1859 3
0.1889 3
0.1918 3
0.1947 3
0.1977 3
0.2006 3
0.2035 3
0.2065 3
0.2095 3
0.2124 3
0.2154 3
0.2183 3
0.2212 3
0.2241 3
0.2271 3
0.2300 3
0.2329 3
0.2358 3
0.2389 3
0.2422 3
0.2451 3
0.2481 3
0.2510 3
0.2540 3
0.2569 3
0.2598 3
0.2628 3
0.2657 3
0.2686 3
0.2716 3
0.2745 3
0.2774 3
0.2805 3
0.2837 3
0.2867 3
0.2897 3
0.2926 3
0.2956 3
