0.0000 3
0.0026 3
0.0051 3
0.0075 3
0.0100 3
0.0125 3
0.0149 3
0.0174 3
0.0198 3
0.0223 3
0.0247 3
0.0271 3
0.0296 3
0.0322 3
0.0348 3
0.0372 3
0.0395 3
0.0420 3
0.0444 3
0.0468 3
0.0492 3
0.0517 3
0.0540 3
0.0564 3
0.0588 3
0.0612 3
0.0636 3
0.0659 3
0.0683 3
0.0707 3
0.0731 3
0.0754 3
0.0778 3
0.0802 3
0.0825 3
0.0849 3
0.0872 3
0.0896 3
0.0919 3
0.0943 3
0.0966 3
0.0990 3
0.1014 3
0.1037 3
0.1061 3
0.1085 3
0.1108 3
0.1132 3
0.1156 3
0.1179 3
0.1203 3
0.1227 3
0.1253 3
0.1276 3
0.1300 3
0.1324 3
0.1347 3
0.1371 3
0.1394 3
0.1418 3
0.1442 3
0.1465 3
0.1489 3
0.1513 3
0.1536 3
0.1560 3
0.1583 3
0.1607 3
0.1630 3
0.1653 3
0.1677 3
0.1700 3
0.1724 3
0.1748 3
0.1771 3
0.1795 3
0.1818 3
0.1842 3
0.1866 3
0.1889 3
0.1913 3
0.1937 3
0.1960 3
0.1984 3
0.2007 3
0.2031 3
0.2055 3
0.2078 3
0.2103 3
0.2127 3
0.2150 3
0.2174 3
0.2198 3
0.2221 3
0.2245 3
0.2268 3
0.2292 3
0.2315 3
0.2339 3
0.2362 3
0.2386 3
