0.0000 4
0.0004 3
0.0028 3
0.0052 3
0.0076 3
0.0100 3
0.0124 3
0.0148 3
0.0171 3
0.0195 3
0.0218 3
0.0242 3
0.0265 3
0.0288 3
0.0312 3
0.0335 3
0.0359 3
0.0382 3
0.0405 3
0.0429 3
0.0452 3
0.0476 3
0.0499 3
0.0522 3
0.0546 3
0.0569 3
0.0592 3
0.0618 3
0.0641 3
0.0664 3
0.0688 3
0.0711 3
0.0734 3
0.0757 3
0.0781 3
0.0804 3
0.0827 3
0.0851 3
0.0874 3
0.0897 3
0.0920 3
0.0944 3
0.0967 3
0.0990 3
0.1014 3
0.1037 3
0.1060 3
0.1083 3
0.1107 3
0.1130 3
0.1153 3
0.1176 3
0.1199 3
0.1223 3
0.1246 3
0.1269 3
0.1292 3
0.1316 3
0.1339 3
0.1362 3
0.1385 3
0.1408 3
0.1432 3
0.1455 3
0.1478 3
0.1501 3
0.1524 3
0.1548 3
0.1571 3
0.1594 3
0.1617 3
0.1641 3
0.1664 3
0.1687 3
0.1711 3
0.1734 3
0.1757 3
0.1781 3
0.1804 3
0.1828 3
0.1851 3
0.1874 3
0.1897 3
0.1921 3
0.1944 3
0.1967 3
0.1991 3
0.2014 3
0.2037 3
0.2062 3
0.2085 3
0.2108 3
0.2132 3
0.2155 3
0.2178 3
0.2202 3
0.2225 3
0.2248 3
0.2271 3
0.2294 3
0.2318 3
0.2341 3
