0.0000 5
0.0009 4
0.0033 4
0.0058 4
0.0085 4
0.0111 4
0.0136 4
0.0162 4
0.0188 4
0.0214 4
0.0240 4
0.0265 4
0.0291 4
0.0316 4
0.0342 4
0.0369 4
0.0396 4
0.0421 4
0.0447 4
0.0472 4
0.0497 4
0.0522 4
0.0547 4
0.0572 4
0.0598 4
0.0623 4
0.0648 4
0.0673 4
0.0698 4
0.0723 4
0.0748 4
0.0774 4
0.0799 4
0.0824 4
0.0849 4
0.0874 4
0.0899 4
0.0924 4
0.0949 4
0.0973 4
0.0999 4
0.1024 4
0.1049 4
0.1074 4
0.1099 4
0.1124 4
0.1149 4
0.1174 4
0.1199 4
0.1223 4
0.1249 4
0.1274 4
0.1298 4
0.1323 4
0.1348 4
0.1374 4
0.1399 4
0.1424 4
0.1449 4
0.1474 4
0.1499 4
0.1524 4
0.1549 4
0.1574 4
0.1599 4
0.1624 4
0.1649 4
0.1674 4
0.1699 4
0.1724 4
0.1749 4
0.1774 4
0.1799 4
0.1824 4
0.1850 4
0.1876 4
0.1902 4
0.1928 4
0.1953 4
0.1979 4
0.2004 4
0.2030 4
0.2056 4
0.2081 4
0.2106 4
0.2131 4
0.2156 4
0.2181 4
0.2206 4
0.2232 4
0.2257 4
0.2282 4
0.2307 4
0.2332 4
0.2357 4
0.2382 4
0.2407 4
0.2432 4
0.2457 4
0.2482 4
0.2507 4
0.2531 4
