0.0000 3
0.0008 2
0.0030 2
0.0055 2
0.0079 2
0.0103 2
0.0128 2
0.0151 2
0.0176 2
0.0201 2
0.0225 2
0.0249 2
0.0273 2
0.0297 2
0.0321 2
0.0345 2
0.0369 2
0.0393 2
0.0417 2
0.0441 2
0.0464 2
0.0489 2
0.0512 2
0.0536 2
0.0560 2
0.0583 2
0.0607 2
0.0630 2
0.0655 2
0.0678 2
0.0702 2
0.0725 2
0.0748 2
0.0772 2
0.0796 2
0.0819 2
0.0843 2
0.0866 2
0.0889 2
0.0912 2
0.0935 2
0.0958 2
0.0981 2
0.1005 2
0.1028 2
0.1051 2
0.1074 2
0.1097 2
0.1120 2
0.1143 2
0.1166 2
0.1190 2
0.1213 2
0.1236 2
0.1259 2
0.1282 2
0.1305 2
0.1329 2
0.1352 2
0.1375 2
0.1412 2
0.1436 2
0.1459 2
0.1483 2
0.1506 2
0.1530 2
0.1553 2
0.1576 2
0.1599 2
0.1623 2
0.1646 2
0.1669 2
0.1692 2
0.1716 2
0.1739 2
0.1762 2
0.1785 2
0.1810 2
0.1836 2
0.1860 2
0.1884 2
0.1907 2
0.1930 2
0.1954 2
0.1977 2
0.2000 2
0.2023 2
0.2047 2
0.2070 2
0.2095 2
0.2118 2
0.2142 2
0.2166 2
0.2189 2
0.2213 2
0.2237 2
0.2261 2
0.2286 2
0.2309 2
0.2332 2
0.2355 2
0.2379 2
