0.0000 3
0.0027 3
0.0051 3
0.0076 3
0.0100 3
0.0124 3
0.0148 3
0.0172 3
0.0196 3
0.0220 3
0.0243 3
0.0267 3
0.0290 3
0.0315 3
0.0338 3
0.0362 3
0.0386 3
0.0410 3
0.0433 3
0.0457 3
0.0481 3
0.0504 3
0.0528 3
0.0551 3
0.0575 3
0.0598 3
0.0622 3
0.0645 3
0.0668 3
0.0692 3
0.0715 3
0.0739 3
0.0762 3
0.0786 3
0.0809 3
0.0833 3
0.0856 3
0.0880 3
0.0904 3
0.0927 3
0.0951 3
0.0975 3
0.0999 3
0.1022 3
0.1046 3
0.1070 3
0.1094 3
0.1118 3
0.1141 3
0.1165 3
0.1189 3
0.1212 3
0.1236 3
0.1260 3
0.1283 3
0.1307 3
0.1330 3
0.1353 3
0.1377 3
0.1401 3
0.1424 3
0.1447 3
0.1471 3
0.1495 3
0.1518 3
0.1542 3
0.1565 3
0.1589 3
0.1612 3
0.1636 3
0.1659 3
0.1683 3
0.1706 3
0.1730 3
0.1753 3
0.1776 3
0.1800 3
0.1823 3
0.1847 3
0.1870 3
0.1894 3
0.1917 3
0.1941 3
0.1964 3
0.1987 3
0.2014 3
0.2038 3
0.2062 3
0.2086 3
0.2109 3
0.2133 3
0.2156 3
0.2180 3
0.2203 3
0.2227 3
0.2250 3
0.2274 3
0.2297 3
0.2321 3
0.2344 3
0.2367 3
