0.0000 3
0.0016 2
0.0032 2
0.0059 2
0.0087 2
0.0115 2
0.0142 2
0.0170 2
0.0197 2
0.0224 2
0.0252 2
0.0279 2
0.0306 2
0.0333 2
0.0360 2
0.0387 2
0.0414 2
0.0442 2
0.0470 2
0.0497 2
0.0524 2
0.0551 2
0.0578 2
0.0606 2
0.0633 2
0.0660 2
0.0689 2
0.0716 2
0.0743 2
0.0771 2
0.0798 2
0.0825 2
0.0853 2
0.0880 2
0.0908 2
0.0935 2
0.0963 2
0.0990 2
0.1017 2
0.1044 2
0.1071 2
0.1098 2
0.1125 2
0.1152 2
0.1180 2
0.1207 2
0.1234 2
0.1261 2
0.1288 2
0.1315 2
0.1342 2
0.1370 2
0.1397 2
0.1424 2
0.1451 2
0.1478 2
0.1505 2
0.1532 2
0.1559 2
0.1585 2
0.1612 2
0.1639 2
0.1666 2
0.1693 2
0.1720 2
0.1747 2
0.1774 2
0.1801 2
0.1828 2
0.1855 2
0.1882 2
0.1908 2
0.1935 2
0.1962 2
0.1989 2
0.2016 2
0.2043 2
0.2078 2
0.2107 2
0.2134 2
0.2162 2
0.2189 2
0.2216 2
0.2243 2
0.2271 2
0.2298 2
0.2325 2
0.2352 2
0.2379 2
0.2406 2
0.2434 2
0.2461 2
0.2491 2
0.2524 2
0.2552 2
0.2579 2
0.2606 2
0.2633 2
0.2660 2
0.2687 2
0.2714 2
0.2741 2
