0.0000 4
0.0027 4
0.0053 4
0.0079 4
0.0104 4
0.0129 4
0.0155 4
0.0179 4
0.0205 4
0.0230 4
0.0255 4
0.0281 4
0.0305 4
0.0330 4
0.0355 4
0.0379 4
0.0404 4
0.0428 4
0.0453 4
0.0477 4
0.0502 4
0.0527 4
0.0551 4
0.0576 4
0.0601 4
0.0625 4
0.0650 4
0.0674 4
0.0699 4
0.0723 4
0.0748 4
0.0772 4
0.0797 4
0.0822 4
0.0846 4
0.0871 4
0.0895 4
0.0920 4
0.0944 4
0.0969 4
0.0994 4
0.1018 4
0.1043 4
0.1068 4
0.1093 4
0.1118 4
0.1142 4
0.1167 4
0.1191 4
0.1216 4
0.1240 4
0.1265 4
0.1290 4
0.1316 4
0.1340 4
0.1365 4
0.1389 4
0.1414 4
0.1439 4
0.1464 4
0.1489 4
0.1514 4
0.1538 4
0.1563 4
0.1588 4
0.1613 4
0.1637 4
0.1662 4
0.1686 4
0.1711 4
0.1736 4
0.1761 4
0.1785 4
0.1810 4
0.1834 4
0.1859 4
0.1884 4
0.1908 4
0.1933 4
0.1958 4
0.1982 4
0.2006 4
0.2031 4
0.2056 4
0.2082 4
0.2107 4
0.2132 4
0.2156 4
0.2181 4
0.2207 4
0.2231 4
0.2256 4
0.2282 4
0.2307 4
0.2331 4
0.2356 4
0.2381 4
0.2405 4
0.2430 4
0.2455 4
0.2479 4
