0.0000 6
0.0023 5
0.0035 5
0.0066 5
0.0096 5
0.0127 5
0.0157 5
0.0187 5
0.0218 5
0.0248 5
0.0278 5
0.0308 5
0.0337 5
0.0367 5
0.0397 5
0.0427 5
0.0457 5
0.0486 5
0.0516 5
0.0546 5
0.0575 5
0.0605 5
0.0635 5
0.0664 5
0.0694 5
0.0724 5
0.0753 5
0.0783 5
0.0813 5
0.0842 5
0.0872 5
0.0902 5
0.0931 5
0.0961 5
0.0990 5
0.1020 5
0.1049 5
0.1079 5
0.1108 5
0.1138 5
0.1167 5
0.1197 5
0.1226 5
0.1256 5
0.1286 5
0.1315 5
0.1345 5
0.1375 5
0.1404 5
0.1434 5
0.1464 5
0.1493 5
0.1523 5
0.1552 5
0.1582 5
0.1611 5
0.1641 5
0.1670 5
0.1700 5
0.1729 5
0.1759 5
0.1788 5
0.1818 5
0.1848 5
0.1877 5
0.1907 5
0.1936 5
0.1966 5
0.1995 5
0.2025 5
0.2054 5
0.2085 5
0.2114 5
0.2144 5
0.2173 5
0.2203 5
0.2232 5
0.2262 5
0.2291 5
0.2321 5
0.2350 5
0.2380 5
0.2409 5
0.2439 5
0.2468 5
0.2498 5
0.2527 5
0.2557 5
0.2586 5
0.2616 5
0.2646 5
0.2675 5
0.2705 5
0.2734 5
0.2764 5
0.2794 5
0.2824 5
0.2853 5
0.2883 5
0.2913 5
0.2942 5
0.2972 5
