0.0000 3
0.0007 2
0.0030 2
0.0053 2
0.0077 2
0.0100 2
0.0123 2
0.0147 2
0.0171 2
0.0194 2
0.0218 2
0.0240 2
0.0264 2
0.0287 2
0.0310 2
0.0334 2
0.0357 2
0.0380 2
0.0402 2
0.0425 2
0.0448 2
0.0471 2
0.0494 2
0.0517 2
0.0540 2
0.0562 2
0.0585 2
0.0608 2
0.0631 2
0.0654 2
0.0677 2
0.0700 2
0.0723 2
0.0746 2
0.0769 2
0.0792 2
0.0815 2
0.0837 2
0.0860 2
0.0883 2
0.0906 2
0.0929 2
0.0952 2
0.0975 2
0.0998 2
0.1021 2
0.1044 2
0.1067 2
0.1090 2
0.1113 2
0.1136 2
0.1159 2
0.1182 2
0.1204 2
0.1227 2
0.1250 2
0.1273 2
0.1296 2
0.1319 2
0.1341 2
0.1364 2
0.1387 2
0.1410 2
0.1433 2
0.1456 2
0.1479 2
0.1502 2
0.1525 2
0.1548 2
0.1571 2
0.1595 2
0.1621 2
0.1645 2
0.1667 2
0.1690 2
0.1714 2
0.1737 2
0.1760 2
0.1782 2
0.1805 2
0.1828 2
0.1851 2
0.1873 2
0.1897 2
0.1920 2
0.1943 2
0.1966 2
0.1989 2
0.2012 2
0.2037 2
0.2062 2
0.2085 2
0.2109 2
0.2132 2
0.2155 2
0.2179 2
0.2202 2
0.2225 2
0.2248 2
0.2271 2
0.2294 2
0.2316 2
