0.0000 6
0.0028 6
0.0055 6
0.0066 5
0.0081 5
0.0107 5
0.0133 5
0.0159 5
0.0185 5
0.0212 5
0.0237 5
0.0263 5
0.0290 5
0.0315 5
0.0341 5
0.0368 5
0.0393 5
0.0420 5
0.0445 5
0.0471 5
0.0497 5
0.0523 5
0.0548 5
0.0575 5
0.0601 5
0.0626 5
0.0652 5
0.0677 5
0.0703 5
0.0728 5
0.0753 5
0.0778 5
0.0803 5
0.0828 5
0.0853 5
0.0878 5
0.0904 5
0.0929 5
0.0954 5
0.0979 5
0.1005 5
0.1030 5
0.1055 5
0.1080 5
0.1105 5
0.1130 5
0.1156 5
0.1181 5
0.1206 5
0.1231 5
0.1257 5
0.1282 5
0.1307 5
0.1332 5
0.1358 5
0.1383 5
0.1409 5
0.1435 5
0.1462 5
0.1489 5
0.1514 5
0.1540 5
0.1565 5
0.1591 5
0.1616 5
0.1642 5
0.1667 5
0.1692 5
0.1718 5
0.1743 5
0.1768 5
0.1794 5
0.1819 5
0.1844 5
0.1872 5
0.1899 5
0.1925 5
0.1950 5
0.1975 5
0.2000 5
0.2026 5
0.2051 5
0.2076 5
0.2102 5
0.2127 5
0.2153 5
0.2178 5
0.2203 5
0.2229 5
0.2255 5
0.2281 5
0.2306 5
0.2331 5
0.2356 5
0.2382 5
0.2407 5
0.2432 5
0.2458 5
0.2483 5
0.2508 5
0.2533 5
0.2559 5
0.2584 5
0.2610 5
