0.0000 3
0.0007 2
0.0025 2
0.0048 2
0.0071 2
0.0095 2
0.0117 2
0.0141 2
0.0164 2
0.0187 2
0.0211 2
0.0234 2
0.0256 2
0.0279 2
0.0302 2
0.0325 2
0.0347 2
0.0370 2
0.0392 2
0.0415 2
0.0437 2
0.0460 2
0.0483 2
0.0505 2
0.0528 2
0.0550 2
0.0573 2
0.0596 2
0.0618 2
0.0641 2
0.0663 2
0.0685 2
0.0708 2
0.0731 2
0.0753 2
0.0776 2
0.0798 2
0.0821 2
0.0843 2
0.0865 2
0.0888 2
0.0910 2
0.0932 2
0.0955 2
0.0977 2
0.0999 2
0.1022 2
0.1044 2
0.1066 2
0.1089 2
0.1112 2
0.1135 2
0.1157 2
0.1180 2
0.1202 2
0.1225 2
0.1248 2
0.1270 2
0.1293 2
0.1315 2
0.1338 2
0.1360 2
0.1382 2
0.1405 2
0.1427 2
0.1449 2
0.1472 2
0.1494 2
0.1517 2
0.1539 2
0.1562 2
0.1584 2
0.1607 2
0.1629 2
0.1652 2
0.1674 2
0.1697 2
0.1719 2
0.1741 2
0.1764 2
0.1786 2
0.1809 2
0.1831 2
0.1854 2
0.1877 2
0.1899 2
0.1922 2
0.1944 2
0.1967 2
0.1989 2
0.2012 2
0.2034 2
0.2057 2
0.2080 2
0.2103 2
0.2126 2
0.2149 2
0.2171 2
0.2194 2
0.2216 2
0.2238 2
0.2261 2
