0.0000 3
0.0009 2
0.0030 2
0.0053 2
0.0076 2
0.0101 2
0.0124 2
0.0147 2
0.0171 2
0.0194 2
0.0218 2
0.0241 2
0.0264 2
0.0290 2
0.0313 2
0.0335 2
0.0358 2
0.0381 2
0.0404 2
0.0426 2
0.0449 2
0.0472 2
0.0495 2
0.0518 2
0.0541 2
0.0564 2
0.0587 2
0.0609 2
0.0632 2
0.0655 2
0.0678 2
0.0700 2
0.0723 2
0.0746 2
0.0769 2
0.0792 2
0.0814 2
0.0837 2
0.0860 2
0.0883 2
0.0905 2
0.0928 2
0.0950 2
0.0973 2
0.0996 2
0.1019 2
0.1042 2
0.1064 2
0.1087 2
0.1110 2
0.1132 2
0.1155 2
0.1178 2
0.1200 2
0.1223 2
0.1246 2
0.1269 2
0.1292 2
0.1315 2
0.1337 2
0.1360 2
0.1383 2
0.1405 2
0.1428 2
0.1451 2
0.1473 2
0.1496 2
0.1519 2
0.1542 2
0.1565 2
0.1587 2
0.1610 2
0.1633 2
0.1657 2
0.1679 2
0.1702 2
0.1725 2
0.1748 2
0.1771 2
0.1794 2
0.1817 2
0.1840 2
0.1862 2
0.1885 2
0.1908 2
0.1931 2
0.1954 2
0.1977 2
0.2000 2
0.2023 2
0.2046 2
0.2069 2
0.2092 2
0.2115 2
0.2137 2
0.2160 2
0.2183 2
0.2206 2
0.2229 2
0.2252 2
0.2274 2
0.2297 2
