0.0000 3
0.0017 2
0.0025 2
0.0050 2
0.0073 2
0.0097 2
0.0120 2
0.0143 2
0.0167 2
0.0190 2
0.0213 2
0.0237 2
0.0260 2
0.0283 2
0.0306 2
0.0329 2
0.0352 2
0.0375 2
0.0398 2
0.0421 2
0.0444 2
0.0467 2
0.0490 2
0.0513 2
0.0537 2
0.0560 2
0.0583 2
0.0606 2
0.0629 2
0.0652 2
0.0675 2
0.0698 2
0.0720 2
0.0743 2
0.0766 2
0.0789 2
0.0812 2
0.0835 2
0.0857 2
0.0880 2
0.0903 2
0.0929 2
0.0952 2
0.0975 2
0.0998 2
0.1020 2
0.1044 2
0.1067 2
0.1090 2
0.1113 2
0.1137 2
0.1162 2
0.1187 2
0.1212 2
0.1236 2
0.1259 2
0.1283 2
0.1306 2
0.1330 2
0.1352 2
0.1376 2
0.1400 2
0.1423 2
0.1447 2
0.1469 2
0.1493 2
0.1516 2
0.1540 2
0.1563 2
0.1586 2
0.1610 2
0.1633 2
0.1657 2
0.1679 2
0.1702 2
0.1725 2
0.1748 2
0.1771 2
0.1794 2
0.1817 2
0.1840 2
0.1863 2
0.1886 2
0.1909 2
0.1932 2
0.1955 2
0.1978 2
0.2001 2
0.2023 2
0.2046 2
0.2069 2
0.2093 2
0.2115 2
0.2138 2
0.2161 2
0.2184 2
0.2207 2
0.2229 2
0.2252 2
0.2275 2
0.2298 2
0.2320 2
