0.0000 3
0.0027 3
0.0050 3
0.0075 3
0.0099 3
0.0123 3
0.0147 3
0.0171 3
0.0195 3
0.0219 3
0.0243 3
0.0267 3
0.0290 3
0.0314 3
0.0337 3
0.0361 3
0.0384 3
0.0408 3
0.0431 3
0.0454 3
0.0478 3
0.0501 3
0.0525 3
0.0548 3
0.0571 3
0.0595 3
0.0618 3
0.0641 3
0.0665 3
0.0688 3
0.0711 3
0.0735 3
0.0758 3
0.0781 3
0.0805 3
0.0828 3
0.0851 3
0.0874 3
0.0897 3
0.0920 3
0.0943 3
0.0967 3
0.0990 3
0.1013 3
0.1036 3
0.1059 3
0.1082 3
0.1106 3
0.1129 3
0.1152 3
0.1175 3
0.1198 3
0.1222 3
0.1245 3
0.1269 3
0.1292 3
0.1315 3
0.1338 3
0.1362 3
0.1385 3
0.1408 3
0.1432 3
0.1455 3
0.1478 3
0.1501 3
0.1524 3
0.1547 3
0.1570 3
0.1594 3
0.1617 3
0.1640 3
0.1663 3
0.1686 3
0.1710 3
0.1733 3
0.1757 3
0.1780 3
0.1803 3
0.1826 3
0.1849 3
0.1873 3
0.1896 3
0.1919 3
0.1943 3
0.1966 3
0.1990 3
0.2013 3
0.2036 3
0.2061 3
0.2084 3
0.2107 3
0.2131 3
0.2154 3
0.2178 3
0.2201 3
0.2224 3
0.2247 3
0.2271 3
0.2294 3
0.2317 3
0.2341 3
