0.0000 3
0.0010 2
0.0033 2
0.0063 2
0.0092 2
0.0121 2
0.0151 2
0.0182 2
0.0213 2
0.0241 2
0.0271 2
0.0300 2
0.0329 2
0.0357 2
0.0386 2
0.0414 2
0.0443 2
0.0471 2
0.0500 2
0.0528 2
0.0557 2
0.0587 2
0.0619 2
0.0648 2
0.0677 2
0.0705 2
0.0735 2
0.0763 2
0.0792 2
0.0821 2
0.0850 2
0.0878 2
0.0906 2
0.0935 2
0.0963 2
0.0992 2
0.1020 2
0.1048 2
0.1077 2
0.1105 2
0.1134 2
0.1162 2
0.1190 2
0.1219 2
0.1247 2
0.1276 2
0.1304 2
0.1333 2
0.1365 2
0.1393 2
0.1422 2
0.1450 2
0.1478 2
0.1507 2
0.1535 2
0.1564 2
0.1592 2
0.1621 2
0.1649 2
0.1677 2
0.1706 2
0.1734 2
0.1763 2
0.1791 2
0.1820 2
0.1848 2
0.1877 2
0.1905 2
0.1934 2
0.1962 2
0.1991 2
0.2019 2
0.2048 2
0.2077 2
0.2106 2
0.2135 2
0.2164 2
0.2193 2
0.2222 2
0.2251 2
0.2280 2
0.2308 2
0.2337 2
0.2365 2
0.2394 2
0.2422 2
0.2451 2
0.2479 2
0.2508 2
0.2536 2
0.2565 2
0.2593 2
0.2621 2
0.2650 2
0.2678 2
0.2707 2
0.2735 2
0.2763 2
0.2792 2
0.2820 2
0.2849 2
0.2877 2
