0.0000 3
0.0028 3
0.0053 3
0.0078 3
0.0103 3
0.0127 3
0.0151 3
0.0175 3
0.0199 3
0.0222 3
0.0246 3
0.0269 3
0.0293 3
0.0316 3
0.0339 3
0.0363 3
0.0386 3
0.0413 3
0.0436 3
0.0461 3
0.0487 3
0.0511 3
0.0534 3
0.0558 3
0.0581 3
0.0605 3
0.0628 3
0.0652 3
0.0675 3
0.0698 3
0.0721 3
0.0744 3
0.0768 3
0.0791 3
0.0814 3
0.0837 3
0.0860 3
0.0883 3
0.0907 3
0.0931 3
0.0956 3
0.0981 3
0.1005 3
0.1028 3
0.1052 3
0.1075 3
0.1098 3
0.1121 3
0.1145 3
0.1168 3
0.1191 3
0.1214 3
0.1237 3
0.1261 3
0.1284 3
0.1308 3
0.1331 3
0.1354 3
0.1377 3
0.1400 3
0.1424 3
0.1447 3
0.1470 3
0.1493 3
0.1516 3
0.1540 3
0.1563 3
0.1586 3
0.1609 3
0.1632 3
0.1656 3
0.1679 3
0.1702 3
0.1725 3
0.1749 3
0.1772 3
0.1795 3
0.1818 3
0.1842 3
0.1865 3
0.1888 3
0.1911 3
0.1935 3
0.1958 3
0.1982 3
0.2005 3
0.2029 3
0.2052 3
0.2076 3
0.2099 3
0.2123 3
0.2146 3
0.2170 3
0.2193 3
0.2217 3
0.2240 3
0.2263 3
0.2287 3
0.2310 3
0.2333 3
0.2356 3
