0.0000 5
0.0010 4
0.0028 4
0.0054 4
0.0080 4
0.0106 4
0.0132 4
0.0158 4
0.0184 4
0.0209 4
0.0236 4
0.0261 4
0.0287 4
0.0312 4
0.0338 4
0.0364 4
0.0389 4
0.0415 4
0.0440 4
0.0465 4
0.0490 4
0.0516 4
0.0541 4
0.0566 4
0.0591 4
0.0616 4
0.0641 4
0.0667 4
0.0692 4
0.0717 4
0.0742 4
0.0767 4
0.0795 4
0.0820 4
0.0845 4
0.0871 4
0.0895 4
0.0920 4
0.0945 4
0.0970 4
0.0995 4
0.1020 4
0.1045 4
0.1070 4
0.1095 4
0.1120 4
0.1146 4
0.1171 4
0.1196 4
0.1221 4
0.1246 4
0.1271 4
0.1296 4
0.1321 4
0.1347 4
0.1373 4
0.1398 4
0.1423 4
0.1449 4
0.1474 4
0.1499 4
0.1525 4
0.1550 4
0.1575 4
0.1601 4
0.1626 4
0.1651 4
0.1676 4
0.1702 4
0.1727 4
0.1752 4
0.1777 4
0.1802 4
0.1827 4
0.1853 4
0.1878 4
0.1903 4
0.1928 4
0.1953 4
0.1978 4
0.2004 4
0.2029 4
0.2054 4
0.2080 4
0.2105 4
0.2130 4
0.2155 4
0.2180 4
0.2205 4
0.2231 4
0.2256 4
0.2283 4
0.2310 4
0.2336 4
0.2362 4
0.2388 4
0.2413 4
0.2439 4
0.2465 4
0.2490 4
0.2516 4
0.2541 4
