0.0000 4
0.0008 3
0.0028 3
0.0053 3
0.0078 3
0.0103 3
0.0128 3
0.0153 3
0.0178 3
0.0202 3
0.0227 3
0.0252 3
0.0276 3
0.0301 3
0.0325 3
0.0350 3
0.0375 3
0.0399 3
0.0423 3
0.0448 3
0.0472 3
0.0496 3
0.0521 3
0.0545 3
0.0569 3
0.0594 3
0.0618 3
0.0642 3
0.0666 3
0.0691 3
0.0715 3
0.0739 3
0.0764 3
0.0788 3
0.0812 3
0.0836 3
0.0861 3
0.0885 3
0.0909 3
0.0934 3
0.0958 3
0.0982 3
0.1007 3
0.1031 3
0.1056 3
0.1080 3
0.1105 3
0.1130 3
0.1155 3
0.1180 3
0.1205 3
0.1230 3
0.1254 3
0.1280 3
0.1305 3
0.1329 3
0.1354 3
0.1378 3
0.1402 3
0.1427 3
0.1452 3
0.1477 3
0.1501 3
0.1525 3
0.1550 3
0.1574 3
0.1598 3
0.1622 3
0.1647 3
0.1671 3
0.1695 3
0.1720 3
0.1744 3
0.1768 3
0.1793 3
0.1817 3
0.1842 3
0.1866 3
0.1890 3
0.1915 3
0.1939 3
0.1963 3
0.1988 3
0.2012 3
0.2036 3
0.2061 3
0.2086 3
0.2110 3
0.2134 3
0.2158 3
0.2183 3
0.2207 3
0.2231 3
0.2256 3
0.2280 3
0.2304 3
0.2328 3
0.2352 3
0.2378 3
0.2402 3
0.2427 3
0.2451 3
