0.0000 3
0.0012 2
0.0034 2
0.0062 2
0.0092 2
0.0121 2
0.0150 2
0.0178 2
0.0207 2
0.0236 2
0.0265 2
0.0293 2
0.0321 2
0.0350 2
0.0378 2
0.0406 2
0.0434 2
0.0462 2
0.0490 2
0.0518 2
0.0546 2
0.0574 2
0.0603 2
0.0631 2
0.0659 2
0.0687 2
0.0715 2
0.0744 2
0.0772 2
0.0800 2
0.0829 2
0.0857 2
0.0885 2
0.0913 2
0.0942 2
0.0970 2
0.0998 2
0.1027 2
0.1055 2
0.1084 2
0.1113 2
0.1141 2
0.1169 2
0.1198 2
0.1226 2
0.1254 2
0.1282 2
0.1311 2
0.1339 2
0.1367 2
0.1395 2
0.1423 2
0.1452 2
0.1480 2
0.1509 2
0.1537 2
0.1565 2
0.1593 2
0.1621 2
0.1649 2
0.1678 2
0.1707 2
0.1735 2
0.1764 2
0.1792 2
0.1820 2
0.1850 2
0.1878 2
0.1906 2
0.1934 2
0.1962 2
0.1990 2
0.2018 2
0.2047 2
0.2076 2
0.2104 2
0.2132 2
0.2160 2
0.2188 2
0.2216 2
0.2244 2
0.2273 2
0.2301 2
0.2329 2
0.2357 2
0.2385 2
0.2413 2
0.2441 2
0.2469 2
0.2497 2
0.2525 2
0.2553 2
0.2581 2
0.2609 2
0.2637 2
0.2665 2
0.2693 2
0.2722 2
0.2750 2
0.2778 2
0.2806 2
0.2834 2
