0.0000 4
0.0042 4
0.0063 3
0.0072 3
0.0103 3
0.0133 3
0.0163 3
0.0193 3
0.0223 3
0.0255 3
0.0288 3
0.0319 3
0.0349 3
0.0380 3
0.0411 3
0.0442 3
0.0473 3
0.0503 3
0.0534 3
0.0565 3
0.0595 3
0.0626 3
0.0656 3
0.0687 3
0.0718 3
0.0748 3
0.0778 3
0.0809 3
0.0840 3
0.0870 3
0.0900 3
0.0931 3
0.0961 3
0.0990 3
0.1020 3
0.1050 3
0.1080 3
0.1110 3
0.1140 3
0.1170 3
0.1200 3
0.1229 3
0.1259 3
0.1289 3
0.1319 3
0.1349 3
0.1379 3
0.1409 3
0.1439 3
0.1469 3
0.1499 3
0.1529 3
0.1559 3
0.1589 3
0.1619 3
0.1652 3
0.1682 3
0.1712 3
0.1742 3
0.1772 3
0.1802 3
0.1832 3
0.1862 3
0.1892 3
0.1922 3
0.1952 3
0.1982 3
0.2012 3
0.2041 3
0.2073 3
0.2103 3
0.2133 3
0.2164 3
0.2194 3
0.2224 3
0.2254 3
0.2284 3
0.2314 3
0.2344 3
0.2374 3
0.2404 3
0.2434 3
0.2464 3
0.2495 3
0.2525 3
0.2555 3
0.2585 3
0.2616 3
0.2646 3
0.2676 3
0.2706 3
0.2736 3
0.2767 3
0.2797 3
0.2827 3
0.2857 3
0.2886 3
0.2916 3
0.2946 3
0.2976 3
0.3006 3
0.3036 3
0.3066 3
