0.0000 4
0.0002 3
0.0027 3
0.0052 3
0.0077 3
0.0101 3
0.0127 3
0.0152 3
0.0177 3
0.0202 3
0.0227 3
0.0251 3
0.0276 3
0.0301 3
0.0325 3
0.0349 3
0.0373 3
0.0398 3
0.0422 3
0.0446 3
0.0471 3
0.0495 3
0.0519 3
0.0543 3
0.0567 3
0.0592 3
0.0617 3
0.0641 3
0.0665 3
0.0690 3
0.0714 3
0.0738 3
0.0763 3
0.0787 3
0.0811 3
0.0836 3
0.0860 3
0.0884 3
0.0908 3
0.0933 3
0.0957 3
0.0981 3
0.1005 3
0.1029 3
0.1054 3
0.1078 3
0.1102 3
0.1126 3
0.1150 3
0.1175 3
0.1199 3
0.1223 3
0.1247 3
0.1272 3
0.1296 3
0.1320 3
0.1344 3
0.1368 3
0.1393 3
0.1417 3
0.1441 3
0.1465 3
0.1490 3
0.1514 3
0.1538 3
0.1562 3
0.1587 3
0.1611 3
0.1636 3
0.1660 3
0.1684 3
0.1708 3
0.1732 3
0.1756 3
0.1780 3
0.1804 3
0.1829 3
0.1853 3
0.1878 3
0.1902 3
0.1926 3
0.1950 3
0.1974 3
0.1998 3
0.2022 3
0.2047 3
0.2072 3
0.2096 3
0.2120 3
0.2145 3
0.2169 3
0.2193 3
0.2217 3
0.2241 3
0.2265 3
0.2289 3
0.2313 3
0.2338 3
0.2362 3
0.2386 3
0.2410 3
0.2434 3
