0.0000 4
0.0020 3
0.0033 3
0.0064 3
0.0095 3
0.0126 3
0.0157 3
0.0187 3
0.0218 3
0.0249 3
0.0280 3
0.0310 3
0.0341 3
0.0371 3
0.0402 3
0.0433 3
0.0463 3
0.0494 3
0.0525 3
0.0556 3
0.0586 3
0.0617 3
0.0648 3
0.0678 3
0.0708 3
0.0739 3
0.0769 3
0.0799 3
0.0829 3
0.0859 3
0.0890 3
0.0921 3
0.0951 3
0.0981 3
0.1011 3
0.1041 3
0.1071 3
0.1101 3
0.1131 3
0.1162 3
0.1192 3
0.1222 3
0.1252 3
0.1282 3
0.1312 3
0.1342 3
0.1372 3
0.1402 3
0.1433 3
0.1463 3
0.1493 3
0.1523 3
0.1553 3
0.1584 3
0.1616 3
0.1646 3
0.1677 3
0.1707 3
0.1737 3
0.1767 3
0.1797 3
0.1827 3
0.1857 3
0.1888 3
0.1918 3
0.1948 3
0.1978 3
0.2010 3
0.2043 3
0.2074 3
0.2105 3
0.2135 3
0.2166 3
0.2196 3
0.2226 3
0.2257 3
0.2287 3
0.2317 3
0.2348 3
0.2378 3
0.2408 3
0.2438 3
0.2468 3
0.2498 3
0.2529 3
0.2560 3
0.2590 3
0.2620 3
0.2650 3
0.2680 3
0.2710 3
0.2740 3
0.2770 3
0.2801 3
0.2831 3
0.2861 3
0.2891 3
0.2922 3
0.2952 3
0.2982 3
0.3012 3
0.3042 3
