0.0000 5
0.0016 4
0.0032 4
0.0058 4
0.0085 4
0.0111 4
0.0137 4
0.0164 4
0.0189 4
0.0215 4
0.0242 4
0.0268 4
0.0294 4
0.0320 4
0.0346 4
0.0372 4
0.0399 4
0.0425 4
0.0452 4
0.0478 4
0.0504 4
0.0531 4
0.0557 4
0.0583 4
0.0610 4
0.0636 4
0.0662 4
0.0687 4
0.0712 4
0.0738 4
0.0763 4
0.0789 4
0.0814 4
0.0840 4
0.0865 4
0.0891 4
0.0916 4
0.0941 4
0.0967 4
0.0992 4
0.1018 4
0.1043 4
0.1069 4
0.1094 4
0.1120 4
0.1145 4
0.1170 4
0.1196 4
0.1221 4
0.1246 4
0.1272 4
0.1298 4
0.1323 4
0.1349 4
0.1374 4
0.1399 4
0.1424 4
0.1450 4
0.1476 4
0.1501 4
0.1527 4
0.1553 4
0.1578 4
0.1604 4
0.1629 4
0.1655 4
0.1680 4
0.1706 4
0.1731 4
0.1756 4
0.1781 4
0.1807 4
0.1832 4
0.1857 4
0.1882 4
0.1907 4
0.1932 4
0.1957 4
0.1982 4
0.2008 4
0.2033 4
0.2058 4
0.2084 4
0.2109 4
0.2135 4
0.2161 4
0.2186 4
0.2212 4
0.2237 4
0.2262 4
0.2287 4
0.2313 4
0.2338 4
0.2363 4
0.2388 4
0.2413 4
0.2438 4
0.2463 4
0.2489 4
0.2514 4
0.2539 4
0.2564 4
