0.0000 3
0.0012 2
0.0025 2
0.0049 2
0.0072 2
0.0094 2
0.0118 2
0.0140 2
0.0164 2
0.0187 2
0.0210 2
0.0232 2
0.0255 2
0.0278 2
0.0301 2
0.0324 2
0.0347 2
0.0370 2
0.0393 2
0.0416 2
0.0439 2
0.0461 2
0.0485 2
0.0507 2
0.0530 2
0.0553 2
0.0575 2
0.0598 2
0.0620 2
0.0643 2
0.0665 2
0.0688 2
0.0710 2
0.0732 2
0.0755 2
0.0777 2
0.0800 2
0.0822 2
0.0844 2
0.0867 2
0.0889 2
0.0912 2
0.0934 2
0.0957 2
0.0979 2
0.1001 2
0.1024 2
0.1046 2
0.1069 2
0.1091 2
0.1113 2
0.1136 2
0.1158 2
0.1181 2
0.1203 2
0.1225 2
0.1247 2
0.1270 2
0.1292 2
0.1314 2
0.1336 2
0.1359 2
0.1381 2
0.1403 2
0.1426 2
0.1448 2
0.1470 2
0.1492 2
0.1515 2
0.1537 2
0.1560 2
0.1583 2
0.1607 2
0.1631 2
0.1653 2
0.1675 2
0.1697 2
0.1720 2
0.1742 2
0.1764 2
0.1786 2
0.1809 2
0.1832 2
0.1854 2
0.1876 2
0.1899 2
0.1921 2
0.1943 2
0.1966 2
0.1988 2
0.2013 2
0.2037 2
0.2060 2
0.2083 2
0.2105 2
0.2127 2
0.2151 2
0.2174 2
0.2196 2
0.2219 2
0.2242 2
0.2264 2
