0.0000 3
0.0004 2
0.0037 2
0.0067 2
0.0096 2
0.0125 2
0.0155 2
0.0184 2
0.0213 2
0.0243 2
0.0272 2
0.0301 2
0.0330 2
0.0359 2
0.0389 2
0.0418 2
0.0447 2
0.0475 2
0.0504 2
0.0533 2
0.0561 2
0.0590 2
0.0619 2
0.0648 2
0.0677 2
0.0705 2
0.0734 2
0.0763 2
0.0791 2
0.0820 2
0.0849 2
0.0878 2
0.0907 2
0.0938 2
0.0968 2
0.0998 2
0.1027 2
0.1057 2
0.1086 2
0.1116 2
0.1145 2
0.1175 2
0.1204 2
0.1233 2
0.1262 2
0.1291 2
0.1320 2
0.1349 2
0.1377 2
0.1406 2
0.1435 2
0.1463 2
0.1492 2
0.1521 2
0.1549 2
0.1578 2
0.1607 2
0.1635 2
0.1664 2
0.1693 2
0.1721 2
0.1750 2
0.1778 2
0.1807 2
0.1836 2
0.1864 2
0.1893 2
0.1922 2
0.1950 2
0.1979 2
0.2008 2
0.2036 2
0.2065 2
0.2094 2
0.2123 2
0.2152 2
0.2181 2
0.2209 2
0.2238 2
0.2267 2
0.2296 2
0.2325 2
0.2353 2
0.2382 2
0.2411 2
0.2440 2
0.2469 2
0.2498 2
0.2527 2
0.2556 2
0.2585 2
0.2613 2
0.2642 2
0.2671 2
0.2700 2
0.2729 2
0.2758 2
0.2786 2
0.2816 2
0.2845 2
0.2874 2
0.2903 2
