0.0000 3
0.0004 2
0.0027 2
0.0051 2
0.0075 2
0.0099 2
0.0122 2
0.0146 2
0.0169 2
0.0192 2
0.0216 2
0.0239 2
0.0261 2
0.0284 2
0.0308 2
0.0331 2
0.0354 2
0.0377 2
0.0400 2
0.0423 2
0.0446 2
0.0469 2
0.0492 2
0.0516 2
0.0539 2
0.0562 2
0.0585 2
0.0608 2
0.0631 2
0.0654 2
0.0677 2
0.0700 2
0.0723 2
0.0746 2
0.0769 2
0.0792 2
0.0816 2
0.0840 2
0.0863 2
0.0886 2
0.0909 2
0.0932 2
0.0955 2
0.0981 2
0.1004 2
0.1029 2
0.1052 2
0.1075 2
0.1098 2
0.1120 2
0.1143 2
0.1166 2
0.1189 2
0.1212 2
0.1235 2
0.1258 2
0.1281 2
0.1304 2
0.1327 2
0.1350 2
0.1374 2
0.1397 2
0.1420 2
0.1443 2
0.1467 2
0.1489 2
0.1512 2
0.1535 2
0.1558 2
0.1581 2
0.1604 2
0.1627 2
0.1650 2
0.1673 2
0.1696 2
0.1719 2
0.1742 2
0.1765 2
0.1787 2
0.1810 2
0.1833 2
0.1856 2
0.1879 2
0.1902 2
0.1924 2
0.1947 2
0.1970 2
0.1993 2
0.2016 2
0.2039 2
0.2063 2
0.2086 2
0.2109 2
0.2132 2
0.2155 2
0.2177 2
0.2200 2
0.2223 2
0.2246 2
0.2269 2
0.2292 2
0.2316 2
