0.0000 3
0.0003 2
0.0032 2
0.0061 2
0.0090 2
0.0119 2
0.0148 2
0.0176 2
0.0204 2
0.0232 2
0.0261 2
0.0289 2
0.0317 2
0.0345 2
0.0373 2
0.0401 2
0.0429 2
0.0457 2
0.0486 2
0.0514 2
0.0542 2
0.0570 2
0.0598 2
0.0626 2
0.0654 2
0.0682 2
0.0711 2
0.0739 2
0.0767 2
0.0795 2
0.0823 2
0.0851 2
0.0879 2
0.0907 2
0.0936 2
0.0964 2
0.0992 2
0.1020 2
0.1048 2
0.1076 2
0.1104 2
0.1132 2
0.1160 2
0.1188 2
0.1216 2
0.1244 2
0.1273 2
0.1301 2
0.1329 2
0.1357 2
0.1385 2
0.1413 2
0.1441 2
0.1469 2
0.1497 2
0.1526 2
0.1554 2
0.1582 2
0.1610 2
0.1638 2
0.1666 2
0.1694 2
0.1722 2
0.1750 2
0.1782 2
0.1810 2
0.1838 2
0.1866 2
0.1894 2
0.1922 2
0.1950 2
0.1979 2
0.2007 2
0.2035 2
0.2063 2
0.2092 2
0.2120 2
0.2148 2
0.2177 2
0.2205 2
0.2234 2
0.2262 2
0.2291 2
0.2319 2
0.2347 2
0.2376 2
0.2404 2
0.2432 2
0.2461 2
0.2489 2
0.2518 2
0.2546 2
0.2576 2
0.2606 2
0.2635 2
0.2665 2
0.2695 2
0.2724 2
0.2753 2
0.2782 2
0.2811 2
0.2840 2
