0.0000 3
0.0005 2
0.0025 2
0.0049 2
0.0072 2
0.0095 2
0.0118 2
0.0141 2
0.0165 2
0.0187 2
0.0211 2
0.0234 2
0.0257 2
0.0279 2
0.0302 2
0.0324 2
0.0347 2
0.0369 2
0.0392 2
0.0414 2
0.0436 2
0.0459 2
0.0481 2
0.0503 2
0.0526 2
0.0548 2
0.0571 2
0.0593 2
0.0615 2
0.0638 2
0.0660 2
0.0683 2
0.0705 2
0.0727 2
0.0750 2
0.0772 2
0.0794 2
0.0817 2
0.0839 2
0.0861 2
0.0884 2
0.0906 2
0.0928 2
0.0951 2
0.0973 2
0.0996 2
0.1018 2
0.1040 2
0.1063 2
0.1085 2
0.1108 2
0.1130 2
0.1152 2
0.1175 2
0.1197 2
0.1219 2
0.1242 2
0.1264 2
0.1286 2
0.1309 2
0.1331 2
0.1353 2
0.1375 2
0.1398 2
0.1420 2
0.1442 2
0.1465 2
0.1487 2
0.1509 2
0.1531 2
0.1553 2
0.1576 2
0.1598 2
0.1620 2
0.1643 2
0.1666 2
0.1688 2
0.1710 2
0.1733 2
0.1755 2
0.1777 2
0.1800 2
0.1822 2
0.1844 2
0.1867 2
0.1889 2
0.1911 2
0.1934 2
0.1956 2
0.1979 2
0.2001 2
0.2023 2
0.2046 2
0.2068 2
0.2091 2
0.2114 2
0.2136 2
0.2160 2
0.2182 2
0.2205 2
0.2227 2
0.2250 2
