0.0000 4
0.0011 3
0.0030 3
0.0054 3
0.0079 3
0.0103 3
0.0127 3
0.0153 3
0.0176 3
0.0201 3
0.0225 3
0.0249 3
0.0274 3
0.0297 3
0.0322 3
0.0345 3
0.0369 3
0.0394 3
0.0417 3
0.0442 3
0.0466 3
0.0490 3
0.0514 3
0.0538 3
0.0563 3
0.0587 3
0.0611 3
0.0635 3
0.0659 3
0.0683 3
0.0706 3
0.0730 3
0.0754 3
0.0777 3
0.0801 3
0.0824 3
0.0847 3
0.0871 3
0.0894 3
0.0918 3
0.0941 3
0.0965 3
0.0988 3
0.1012 3
0.1035 3
0.1058 3
0.1082 3
0.1105 3
0.1128 3
0.1152 3
0.1175 3
0.1198 3
0.1222 3
0.1245 3
0.1268 3
0.1292 3
0.1315 3
0.1338 3
0.1362 3
0.1385 3
0.1408 3
0.1432 3
0.1456 3
0.1479 3
0.1502 3
0.1526 3
0.1549 3
0.1572 3
0.1596 3
0.1619 3
0.1643 3
0.1666 3
0.1690 3
0.1713 3
0.1737 3
0.1761 3
0.1785 3
0.1808 3
0.1831 3
0.1855 3
0.1878 3
0.1901 3
0.1924 3
0.1948 3
0.1971 3
0.1994 3
0.2017 3
0.2041 3
0.2065 3
0.2088 3
0.2112 3
0.2135 3
0.2158 3
0.2182 3
0.2205 3
0.2229 3
0.2252 3
0.2275 3
0.2299 3
0.2322 3
0.2345 3
0.2369 3
