0.0000 4
0.0039 4
0.0070 4
0.0079 3
0.0102 3
0.0133 3
0.0164 3
0.0195 3
0.0226 3
0.0257 3
0.0289 3
0.0320 3
0.0350 3
0.0381 3
0.0413 3
0.0444 3
0.0475 3
0.0506 3
0.0537 3
0.0568 3
0.0599 3
0.0629 3
0.0661 3
0.0692 3
0.0723 3
0.0754 3
0.0785 3
0.0815 3
0.0846 3
0.0876 3
0.0906 3
0.0937 3
0.0967 3
0.0998 3
0.1028 3
0.1058 3
0.1088 3
0.1118 3
0.1148 3
0.1178 3
0.1208 3
0.1238 3
0.1268 3
0.1298 3
0.1328 3
0.1358 3
0.1388 3
0.1419 3
0.1449 3
0.1479 3
0.1509 3
0.1539 3
0.1569 3
0.1599 3
0.1629 3
0.1660 3
0.1690 3
0.1721 3
0.1751 3
0.1782 3
0.1812 3
0.1842 3
0.1872 3
0.1902 3
0.1932 3
0.1962 3
0.1992 3
0.2022 3
0.2052 3
0.2083 3
0.2113 3
0.2143 3
0.2173 3
0.2203 3
0.2233 3
0.2263 3
0.2293 3
0.2323 3
0.2353 3
0.2383 3
0.2413 3
0.2443 3
0.2474 3
0.2504 3
0.2534 3
0.2564 3
0.2594 3
0.2624 3
0.2654 3
0.2684 3
0.2715 3
0.2745 3
0.2776 3
0.2806 3
0.2836 3
0.2866 3
0.2896 3
0.2927 3
0.2957 3
0.2987 3
0.3017 3
0.3048 3
0.3078 3
0.3108 3
