0.0000 3
0.0001 2
0.0029 2
0.0057 2
0.0085 2
0.0113 2
0.0141 2
0.0169 2
0.0196 2
0.0224 2
0.0252 2
0.0280 2
0.0307 2
0.0336 2
0.0364 2
0.0391 2
0.0420 2
0.0447 2
0.0475 2
0.0503 2
0.0531 2
0.0558 2
0.0586 2
0.0614 2
0.0641 2
0.0669 2
0.0696 2
0.0724 2
0.0751 2
0.0778 2
0.0806 2
0.0833 2
0.0860 2
0.0887 2
0.0914 2
0.0941 2
0.0968 2
0.0995 2
0.1022 2
0.1049 2
0.1076 2
0.1103 2
0.1130 2
0.1157 2
0.1184 2
0.1211 2
0.1240 2
0.1267 2
0.1294 2
0.1321 2
0.1348 2
0.1375 2
0.1402 2
0.1429 2
0.1456 2
0.1483 2
0.1510 2
0.1537 2
0.1564 2
0.1591 2
0.1618 2
0.1646 2
0.1673 2
0.1700 2
0.1727 2
0.1754 2
0.1781 2
0.1808 2
0.1835 2
0.1862 2
0.1889 2
0.1916 2
0.1943 2
0.1970 2
0.1997 2
0.2024 2
0.2051 2
0.2078 2
0.2105 2
0.2131 2
0.2159 2
0.2186 2
0.2213 2
0.2240 2
0.2266 2
0.2293 2
0.2320 2
0.2347 2
0.2374 2
0.2401 2
0.2428 2
0.2455 2
0.2482 2
0.2509 2
0.2536 2
0.2563 2
0.2590 2
0.2617 2
0.2644 2
0.2670 2
0.2697 2
0.2724 2
