0.0000 3
0.0032 3
0.0061 3
0.0090 3
0.0120 3
0.0149 3
0.0177 3
0.0207 3
0.0235 3
0.0263 3
0.0291 3
0.0319 3
0.0349 3
0.0378 3
0.0406 3
0.0435 3
0.0463 3
0.0491 3
0.0519 3
0.0547 3
0.0575 3
0.0603 3
0.0631 3
0.0659 3
0.0687 3
0.0715 3
0.0743 3
0.0771 3
0.0799 3
0.0827 3
0.0855 3
0.0884 3
0.0912 3
0.0940 3
0.0968 3
0.0996 3
0.1024 3
0.1053 3
0.1081 3
0.1109 3
0.1137 3
0.1165 3
0.1193 3
0.1221 3
0.1249 3
0.1277 3
0.1305 3
0.1333 3
0.1361 3
0.1389 3
0.1417 3
0.1446 3
0.1474 3
0.1502 3
0.1530 3
0.1558 3
0.1587 3
0.1615 3
0.1643 3
0.1671 3
0.1699 3
0.1727 3
0.1756 3
0.1788 3
0.1816 3
0.1844 3
0.1872 3
0.1901 3
0.1929 3
0.1957 3
0.1985 3
0.2013 3
0.2041 3
0.2070 3
0.2099 3
0.2127 3
0.2155 3
0.2183 3
0.2211 3
0.2239 3
0.2267 3
0.2295 3
0.2324 3
0.2352 3
0.2380 3
0.2408 3
0.2436 3
0.2464 3
0.2492 3
0.2520 3
0.2548 3
0.2576 3
0.2604 3
0.2632 3
0.2659 3
0.2687 3
0.2715 3
0.2744 3
0.2772 3
0.2800 3
0.2828 3
