0.0000 4
0.0014 3
0.0028 3
0.0053 3
0.0077 3
0.0102 3
0.0127 3
0.0151 3
0.0175 3
0.0199 3
0.0223 3
0.0248 3
0.0272 3
0.0296 3
0.0320 3
0.0345 3
0.0369 3
0.0393 3
0.0417 3
0.0441 3
0.0465 3
0.0489 3
0.0513 3
0.0538 3
0.0561 3
0.0585 3
0.0609 3
0.0633 3
0.0657 3
0.0680 3
0.0704 3
0.0728 3
0.0752 3
0.0776 3
0.0800 3
0.0824 3
0.0848 3
0.0872 3
0.0896 3
0.0919 3
0.0943 3
0.0967 3
0.0991 3
0.1015 3
0.1039 3
0.1063 3
0.1087 3
0.1110 3
0.1134 3
0.1158 3
0.1182 3
0.1206 3
0.1229 3
0.1253 3
0.1277 3
0.1301 3
0.1324 3
0.1348 3
0.1372 3
0.1396 3
0.1420 3
0.1443 3
0.1467 3
0.1491 3
0.1515 3
0.1539 3
0.1562 3
0.1586 3
0.1610 3
0.1634 3
0.1657 3
0.1681 3
0.1705 3
0.1729 3
0.1752 3
0.1776 3
0.1800 3
0.1823 3
0.1847 3
0.1871 3
0.1895 3
0.1919 3
0.1942 3
0.1966 3
0.1990 3
0.2013 3
0.2037 3
0.2062 3
0.2086 3
0.2110 3
0.2133 3
0.2157 3
0.2181 3
0.2205 3
0.2229 3
0.2252 3
0.2276 3
0.2300 3
0.2324 3
0.2347 3
0.2371 3
0.2394 3
