0.0000 5
0.0006 4
0.0030 4
0.0056 4
0.0082 4
0.0109 4
0.0134 4
0.0160 4
0.0186 4
0.0212 4
0.0238 4
0.0267 4
0.0292 4
0.0318 4
0.0343 4
0.0369 4
0.0395 4
0.0420 4
0.0446 4
0.0471 4
0.0497 4
0.0522 4
0.0548 4
0.0573 4
0.0599 4
0.0625 4
0.0651 4
0.0676 4
0.0702 4
0.0727 4
0.0753 4
0.0778 4
0.0804 4
0.0829 4
0.0854 4
0.0879 4
0.0905 4
0.0930 4
0.0955 4
0.0981 4
0.1006 4
0.1032 4
0.1057 4
0.1082 4
0.1108 4
0.1133 4
0.1158 4
0.1184 4
0.1209 4
0.1235 4
0.1261 4
0.1286 4
0.1312 4
0.1337 4
0.1363 4
0.1388 4
0.1414 4
0.1439 4
0.1464 4
0.1490 4
0.1515 4
0.1540 4
0.1566 4
0.1591 4
0.1617 4
0.1642 4
0.1667 4
0.1693 4
0.1718 4
0.1743 4
0.1768 4
0.1794 4
0.1819 4
0.1845 4
0.1870 4
0.1895 4
0.1920 4
0.1945 4
0.1971 4
0.1996 4
0.2021 4
0.2046 4
0.2072 4
0.2098 4
0.2123 4
0.2148 4
0.2173 4
0.2199 4
0.2224 4
0.2249 4
0.2275 4
0.2300 4
0.2325 4
0.2351 4
0.2376 4
0.2401 4
0.2426 4
0.2451 4
0.2476 4
0.2502 4
0.2527 4
0.2552 4
