0.0000 4
0.0028 4
0.0052 4
0.0069 3
0.0077 3
0.0102 3
0.0127 3
0.0152 3
0.0175 3
0.0200 3
0.0223 3
0.0247 3
0.0272 3
0.0296 3
0.0320 3
0.0344 3
0.0368 3
0.0392 3
0.0416 3
0.0440 3
0.0464 3
0.0488 3
0.0512 3
0.0536 3
0.0560 3
0.0584 3
0.0609 3
0.0632 3
0.0656 3
0.0680 3
0.0704 3
0.0728 3
0.0752 3
0.0776 3
0.0800 3
0.0824 3
0.0847 3
0.0871 3
0.0895 3
0.0919 3
0.0943 3
0.0967 3
0.0991 3
0.1015 3
0.1041 3
0.1065 3
0.1089 3
0.1112 3
0.1136 3
0.1161 3
0.1185 3
0.1209 3
0.1233 3
0.1257 3
0.1281 3
0.1305 3
0.1329 3
0.1353 3
0.1377 3
0.1401 3
0.1425 3
0.1448 3
0.1472 3
0.1496 3
0.1520 3
0.1544 3
0.1568 3
0.1592 3
0.1616 3
0.1640 3
0.1664 3
0.1687 3
0.1711 3
0.1735 3
0.1759 3
0.1783 3
0.1807 3
0.1831 3
0.1855 3
0.1879 3
0.1903 3
0.1927 3
0.1951 3
0.1975 3
0.1999 3
0.2023 3
0.2046 3
0.2070 3
0.2094 3
0.2118 3
0.2142 3
0.2166 3
0.2190 3
0.2214 3
0.2238 3
0.2262 3
0.2286 3
0.2310 3
0.2334 3
0.2358 3
0.2382 3
0.2406 3
0.2430 3
0.2454 3
