0.0000 5
0.0039 5
0.0068 5
0.0091 4
0.0098 4
0.0128 4
0.0157 4
0.0186 4
0.0215 4
0.0245 4
0.0273 4
0.0302 4
0.0331 4
0.0360 4
0.0389 4
0.0418 4
0.0447 4
0.0476 4
0.0505 4
0.0533 4
0.0563 4
0.0591 4
0.0620 4
0.0649 4
0.0677 4
0.0706 4
0.0735 4
0.0763 4
0.0792 4
0.0821 4
0.0849 4
0.0878 4
0.0907 4
0.0935 4
0.0964 4
0.0993 4
0.1021 4
0.1050 4
0.1078 4
0.1107 4
0.1136 4
0.1164 4
0.1193 4
0.1222 4
0.1250 4
0.1279 4
0.1307 4
0.1336 4
0.1365 4
0.1394 4
0.1423 4
0.1451 4
0.1480 4
0.1508 4
0.1536 4
0.1565 4
0.1594 4
0.1623 4
0.1651 4
0.1680 4
0.1709 4
0.1737 4
0.1766 4
0.1794 4
0.1823 4
0.1852 4
0.1880 4
0.1909 4
0.1938 4
0.1966 4
0.1995 4
0.2024 4
0.2053 4
0.2082 4
0.2111 4
0.2140 4
0.2169 4
0.2197 4
0.2226 4
0.2254 4
0.2283 4
0.2312 4
0.2340 4
0.2370 4
0.2399 4
0.2427 4
0.2456 4
0.2484 4
0.2513 4
0.2542 4
0.2571 4
0.2600 4
0.2629 4
0.2657 4
0.2686 4
0.2715 4
0.2743 4
0.2772 4
0.2801 4
0.2829 4
0.2858 4
0.2886 4
0.2915 4
0.2944 4
