0.0000 6
0.0009 5
0.0037 5
0.0067 5
0.0097 5
0.0127 5
0.0158 5
0.0187 5
0.0217 5
0.0247 5
0.0276 5
0.0306 5
0.0336 5
0.0366 5
0.0395 5
0.0425 5
0.0455 5
0.0484 5
0.0514 5
0.0543 5
0.0573 5
0.0602 5
0.0632 5
0.0661 5
0.0690 5
0.0720 5
0.0749 5
0.0779 5
0.0808 5
0.0838 5
0.0867 5
0.0897 5
0.0927 5
0.0956 5
0.0987 5
0.1017 5
0.1046 5
0.1076 5
0.1105 5
0.1135 5
0.1164 5
0.1193 5
0.1223 5
0.1252 5
0.1282 5
0.1311 5
0.1340 5
0.1370 5
0.1399 5
0.1428 5
0.1457 5
0.1486 5
0.1517 5
0.1546 5
0.1575 5
0.1606 5
0.1636 5
0.1666 5
0.1695 5
0.1725 5
0.1755 5
0.1785 5
0.1814 5
0.1843 5
0.1873 5
0.1903 5
0.1932 5
0.1961 5
0.1991 5
0.2021 5
0.2050 5
0.2080 5
0.2110 5
0.2139 5
0.2169 5
0.2198 5
0.2227 5
0.2257 5
0.2286 5
0.2315 5
0.2345 5
0.2374 5
0.2403 5
0.2433 5
0.2462 5
0.2491 5
0.2520 5
0.2550 5
0.2579 5
0.2608 5
0.2638 5
0.2667 5
0.2697 5
0.2726 5
0.2755 5
0.2785 5
0.2814 5
0.2843 5
0.2872 5
0.2902 5
0.2931 5
0.2968 5
