0.0000 6
0.0029 6
0.0051 5
0.0055 5
0.0081 5
0.0108 5
0.0133 5
0.0159 5
0.0185 5
0.0211 5
0.0236 5
0.0261 5
0.0287 5
0.0312 5
0.0337 5
0.0362 5
0.0387 5
0.0412 5
0.0438 5
0.0464 5
0.0490 5
0.0515 5
0.0540 5
0.0565 5
0.0591 5
0.0616 5
0.0641 5
0.0667 5
0.0693 5
0.0718 5
0.0743 5
0.0768 5
0.0794 5
0.0819 5
0.0844 5
0.0869 5
0.0894 5
0.0919 5
0.0945 5
0.0970 5
0.0995 5
0.1020 5
0.1045 5
0.1071 5
0.1096 5
0.1121 5
0.1146 5
0.1172 5
0.1197 5
0.1222 5
0.1247 5
0.1272 5
0.1297 5
0.1322 5
0.1347 5
0.1372 5
0.1397 5
0.1422 5
0.1447 5
0.1472 5
0.1497 5
0.1522 5
0.1547 5
0.1573 5
0.1598 5
0.1623 5
0.1648 5
0.1673 5
0.1698 5
0.1723 5
0.1748 5
0.1773 5
0.1798 5
0.1826 5
0.1853 5
0.1878 5
0.1903 5
0.1928 5
0.1953 5
0.1978 5
0.2004 5
0.2029 5
0.2054 5
0.2080 5
0.2105 5
0.2130 5
0.2155 5
0.2180 5
0.2205 5
0.2231 5
0.2259 5
0.2285 5
0.2310 5
0.2335 5
0.2360 5
0.2385 5
0.2411 5
0.2436 5
0.2461 5
0.2486 5
0.2511 5
0.2536 5
0.2561 5
