0.0000 4
0.0022 3
0.0034 3
0.0064 3
0.0093 3
0.0123 3
0.0153 3
0.0183 3
0.0213 3
0.0242 3
0.0271 3
0.0300 3
0.0330 3
0.0359 3
0.0388 3
0.0417 3
0.0446 3
0.0475 3
0.0504 3
0.0534 3
0.0563 3
0.0593 3
0.0622 3
0.0651 3
0.0680 3
0.0709 3
0.0737 3
0.0766 3
0.0795 3
0.0824 3
0.0853 3
0.0883 3
0.0912 3
0.0941 3
0.0970 3
0.0998 3
0.1027 3
0.1056 3
0.1085 3
0.1114 3
0.1143 3
0.1172 3
0.1201 3
0.1230 3
0.1258 3
0.1287 3
0.1316 3
0.1345 3
0.1374 3
0.1403 3
0.1432 3
0.1461 3
0.1490 3
0.1519 3
0.1548 3
0.1578 3
0.1607 3
0.1636 3
0.1665 3
0.1694 3
0.1723 3
0.1753 3
0.1782 3
0.1810 3
0.1840 3
0.1869 3
0.1898 3
0.1927 3
0.1956 3
0.1985 3
0.2014 3
0.2043 3
0.2073 3
0.2102 3
0.2131 3
0.2160 3
0.2188 3
0.2217 3
0.2246 3
0.2275 3
0.2304 3
0.2333 3
0.2362 3
0.2391 3
0.2419 3
0.2448 3
0.2477 3
0.2506 3
0.2535 3
0.2564 3
0.2593 3
0.2622 3
0.2651 3
0.2680 3
0.2709 3
0.2738 3
0.2767 3
0.2796 3
0.2825 3
0.2854 3
0.2882 3
0.2911 3
