0.0000 4
0.0032 4
0.0061 4
0.0090 4
0.0119 4
0.0147 4
0.0176 4
0.0205 4
0.0233 4
0.0263 4
0.0291 4
0.0320 4
0.0349 4
0.0377 4
0.0406 4
0.0434 4
0.0463 4
0.0492 4
0.0520 4
0.0548 4
0.0576 4
0.0605 4
0.0633 4
0.0661 4
0.0690 4
0.0718 4
0.0746 4
0.0774 4
0.0802 4
0.0831 4
0.0859 4
0.0887 4
0.0915 4
0.0943 4
0.0971 4
0.1000 4
0.1028 4
0.1056 4
0.1085 4
0.1113 4
0.1142 4
0.1171 4
0.1199 4
0.1228 4
0.1257 4
0.1286 4
0.1314 4
0.1342 4
0.1372 4
0.1400 4
0.1428 4
0.1457 4
0.1485 4
0.1513 4
0.1542 4
0.1570 4
0.1599 4
0.1627 4
0.1656 4
0.1684 4
0.1712 4
0.1741 4
0.1769 4
0.1797 4
0.1825 4
0.1854 4
0.1882 4
0.1910 4
0.1939 4
0.1967 4
0.1995 4
0.2024 4
0.2052 4
0.2081 4
0.2110 4
0.2139 4
0.2168 4
0.2196 4
0.2224 4
0.2253 4
0.2282 4
0.2310 4
0.2338 4
0.2367 4
0.2395 4
0.2424 4
0.2452 4
0.2481 4
0.2509 4
0.2537 4
0.2565 4
0.2594 4
0.2622 4
0.2651 4
0.2679 4
0.2707 4
0.2736 4
0.2764 4
0.2792 4
0.2820 4
0.2849 4
