0.0000 3
0.0014 2
0.0032 2
0.0055 2
0.0078 2
0.0102 2
0.0126 2
0.0148 2
0.0173 2
0.0195 2
0.0219 2
0.0242 2
0.0265 2
0.0288 2
0.0311 2
0.0335 2
0.0358 2
0.0381 2
0.0404 2
0.0428 2
0.0452 2
0.0475 2
0.0499 2
0.0523 2
0.0547 2
0.0570 2
0.0593 2
0.0617 2
0.0641 2
0.0664 2
0.0687 2
0.0710 2
0.0732 2
0.0755 2
0.0777 2
0.0800 2
0.0823 2
0.0845 2
0.0868 2
0.0890 2
0.0913 2
0.0936 2
0.0958 2
0.0981 2
0.1003 2
0.1026 2
0.1049 2
0.1071 2
0.1094 2
0.1116 2
0.1139 2
0.1162 2
0.1184 2
0.1207 2
0.1230 2
0.1252 2
0.1275 2
0.1297 2
0.1320 2
0.1342 2
0.1365 2
0.1387 2
0.1410 2
0.1432 2
0.1455 2
0.1478 2
0.1500 2
0.1523 2
0.1545 2
0.1568 2
0.1590 2
0.1616 2
0.1638 2
0.1661 2
0.1683 2
0.1706 2
0.1728 2
0.1751 2
0.1773 2
0.1796 2
0.1818 2
0.1841 2
0.1863 2
0.1886 2
0.1908 2
0.1931 2
0.1953 2
0.1976 2
0.1998 2
0.2021 2
0.2043 2
0.2066 2
0.2089 2
0.2112 2
0.2134 2
0.2157 2
0.2179 2
0.2202 2
0.2224 2
0.2247 2
0.2269 2
0.2293 2
