0.0000 4
0.0027 3
0.0028 3
0.0053 3
0.0078 3
0.0103 3
0.0128 3
0.0153 3
0.0177 3
0.0202 3
0.0227 3
0.0251 3
0.0276 3
0.0300 3
0.0325 3
0.0350 3
0.0374 3
0.0399 3
0.0423 3
0.0448 3
0.0473 3
0.0498 3
0.0523 3
0.0547 3
0.0571 3
0.0597 3
0.0621 3
0.0646 3
0.0670 3
0.0694 3
0.0718 3
0.0742 3
0.0766 3
0.0790 3
0.0814 3
0.0838 3
0.0862 3
0.0886 3
0.0910 3
0.0934 3
0.0958 3
0.0982 3
0.1007 3
0.1031 3
0.1055 3
0.1080 3
0.1104 3
0.1128 3
0.1151 3
0.1175 3
0.1199 3
0.1224 3
0.1248 3
0.1272 3
0.1296 3
0.1320 3
0.1344 3
0.1368 3
0.1393 3
0.1417 3
0.1440 3
0.1464 3
0.1488 3
0.1512 3
0.1536 3
0.1560 3
0.1584 3
0.1608 3
0.1632 3
0.1656 3
0.1680 3
0.1705 3
0.1729 3
0.1753 3
0.1777 3
0.1801 3
0.1825 3
0.1849 3
0.1873 3
0.1897 3
0.1921 3
0.1945 3
0.1970 3
0.1994 3
0.2018 3
0.2042 3
0.2066 3
0.2091 3
0.2115 3
0.2139 3
0.2163 3
0.2187 3
0.2211 3
0.2235 3
0.2259 3
0.2283 3
0.2307 3
0.2331 3
0.2355 3
0.2379 3
0.2403 3
0.2427 3
