0.0000 3
0.0008 2
0.0034 2
0.0061 2
0.0089 2
0.0117 2
0.0144 2
0.0172 2
0.0201 2
0.0230 2
0.0258 2
0.0286 2
0.0313 2
0.0339 2
0.0366 2
0.0393 2
0.0420 2
0.0447 2
0.0474 2
0.0501 2
0.0527 2
0.0555 2
0.0582 2
0.0609 2
0.0635 2
0.0663 2
0.0689 2
0.0716 2
0.0743 2
0.0770 2
0.0797 2
0.0824 2
0.0851 2
0.0879 2
0.0906 2
0.0933 2
0.0960 2
0.0987 2
0.1014 2
0.1041 2
0.1068 2
0.1095 2
0.1122 2
0.1149 2
0.1175 2
0.1202 2
0.1229 2
0.1257 2
0.1284 2
0.1311 2
0.1338 2
0.1365 2
0.1392 2
0.1419 2
0.1445 2
0.1473 2
0.1500 2
0.1526 2
0.1554 2
0.1581 2
0.1608 2
0.1635 2
0.1662 2
0.1689 2
0.1716 2
0.1743 2
0.1770 2
0.1797 2
0.1825 2
0.1852 2
0.1879 2
0.1907 2
0.1934 2
0.1961 2
0.1988 2
0.2015 2
0.2042 2
0.2070 2
0.2097 2
0.2124 2
0.2151 2
0.2178 2
0.2206 2
0.2233 2
0.2260 2
0.2287 2
0.2314 2
0.2341 2
0.2368 2
0.2396 2
0.2423 2
0.2450 2
0.2477 2
0.2504 2
0.2531 2
0.2558 2
0.2585 2
0.2612 2
0.2639 2
0.2666 2
0.2693 2
0.2720 2
