0.0000 3
0.0032 3
0.0060 3
0.0089 3
0.0118 3
0.0148 3
0.0176 3
0.0205 3
0.0234 3
0.0262 3
0.0290 3
0.0318 3
0.0347 3
0.0375 3
0.0403 3
0.0431 3
0.0459 3
0.0488 3
0.0516 3
0.0544 3
0.0572 3
0.0600 3
0.0628 3
0.0656 3
0.0684 3
0.0712 3
0.0741 3
0.0769 3
0.0798 3
0.0826 3
0.0854 3
0.0882 3
0.0910 3
0.0939 3
0.0967 3
0.0995 3
0.1023 3
0.1051 3
0.1079 3
0.1107 3
0.1135 3
0.1163 3
0.1191 3
0.1219 3
0.1247 3
0.1275 3
0.1303 3
0.1331 3
0.1359 3
0.1387 3
0.1415 3
0.1443 3
0.1471 3
0.1499 3
0.1527 3
0.1555 3
0.1583 3
0.1612 3
0.1640 3
0.1668 3
0.1696 3
0.1724 3
0.1752 3
0.1780 3
0.1809 3
0.1837 3
0.1865 3
0.1893 3
0.1921 3
0.1949 3
0.1977 3
0.2004 3
0.2032 3
0.2061 3
0.2089 3
0.2118 3
0.2146 3
0.2174 3
0.2202 3
0.2230 3
0.2258 3
0.2286 3
0.2314 3
0.2342 3
0.2370 3
0.2398 3
0.2426 3
0.2454 3
0.2482 3
0.2510 3
0.2538 3
0.2566 3
0.2594 3
0.2622 3
0.2650 3
0.2678 3
0.2706 3
0.2735 3
0.2763 3
0.2791 3
0.2819 3
