0.0000 4
0.0033 4
0.0059 4
0.0084 4
0.0110 4
0.0136 4
0.0161 4
0.0186 4
0.0210 4
0.0236 4
0.0261 4
0.0286 4
0.0311 4
0.0336 4
0.0361 4
0.0387 4
0.0412 4
0.0437 4
0.0462 4
0.0487 4
0.0512 4
0.0537 4
0.0563 4
0.0588 4
0.0614 4
0.0639 4
0.0664 4
0.0690 4
0.0715 4
0.0740 4
0.0765 4
0.0790 4
0.0815 4
0.0840 4
0.0865 4
0.0890 4
0.0914 4
0.0939 4
0.0964 4
0.0989 4
0.1014 4
0.1039 4
0.1064 4
0.1088 4
0.1113 4
0.1138 4
0.1163 4
0.1188 4
0.1212 4
0.1237 4
0.1262 4
0.1287 4
0.1312 4
0.1337 4
0.1361 4
0.1389 4
0.1414 4
0.1439 4
0.1464 4
0.1489 4
0.1513 4
0.1538 4
0.1563 4
0.1588 4
0.1612 4
0.1637 4
0.1662 4
0.1686 4
0.1711 4
0.1736 4
0.1761 4
0.1786 4
0.1811 4
0.1836 4
0.1861 4
0.1885 4
0.1910 4
0.1935 4
0.1959 4
0.1984 4
0.2009 4
0.2034 4
0.2059 4
0.2084 4
0.2109 4
0.2133 4
0.2158 4
0.2183 4
0.2208 4
0.2232 4
0.2257 4
0.2282 4
0.2307 4
0.2331 4
0.2357 4
0.2381 4
0.2406 4
0.2432 4
0.2456 4
0.2481 4
0.2506 4
