0.0000 6
0.0020 5
0.0028 5
0.0054 5
0.0079 5
0.0105 5
0.0131 5
0.0157 5
0.0182 5
0.0208 5
0.0233 5
0.0259 5
0.0285 5
0.0310 5
0.0335 5
0.0360 5
0.0385 5
0.0410 5
0.0435 5
0.0460 5
0.0485 5
0.0510 5
0.0535 5
0.0561 5
0.0586 5
0.0611 5
0.0636 5
0.0661 5
0.0686 5
0.0711 5
0.0736 5
0.0761 5
0.0786 5
0.0811 5
0.0836 5
0.0861 5
0.0886 5
0.0911 5
0.0936 5
0.0961 5
0.0985 5
0.1011 5
0.1036 5
0.1061 5
0.1086 5
0.1111 5
0.1135 5
0.1160 5
0.1185 5
0.1210 5
0.1235 5
0.1261 5
0.1286 5
0.1311 5
0.1336 5
0.1360 5
0.1385 5
0.1410 5
0.1435 5
0.1459 5
0.1484 5
0.1509 5
0.1534 5
0.1559 5
0.1584 5
0.1609 5
0.1634 5
0.1659 5
0.1683 5
0.1709 5
0.1734 5
0.1758 5
0.1783 5
0.1808 5
0.1833 5
0.1858 5
0.1882 5
0.1907 5
0.1932 5
0.1957 5
0.1981 5
0.2006 5
0.2031 5
0.2055 5
0.2081 5
0.2106 5
0.2131 5
0.2155 5
0.2180 5
0.2205 5
0.2230 5
0.2254 5
0.2279 5
0.2304 5
0.2329 5
0.2353 5
0.2378 5
0.2403 5
0.2428 5
0.2453 5
0.2478 5
0.2503 5
