0.0000 4
0.0004 3
0.0027 3
0.0051 3
0.0074 3
0.0099 3
0.0123 3
0.0147 3
0.0171 3
0.0195 3
0.0219 3
0.0243 3
0.0266 3
0.0290 3
0.0313 3
0.0337 3
0.0360 3
0.0384 3
0.0407 3
0.0430 3
0.0454 3
0.0477 3
0.0502 3
0.0525 3
0.0549 3
0.0573 3
0.0598 3
0.0622 3
0.0646 3
0.0670 3
0.0693 3
0.0717 3
0.0740 3
0.0764 3
0.0788 3
0.0811 3
0.0835 3
0.0858 3
0.0882 3
0.0905 3
0.0929 3
0.0952 3
0.0976 3
0.0999 3
0.1023 3
0.1047 3
0.1070 3
0.1094 3
0.1117 3
0.1141 3
0.1164 3
0.1187 3
0.1211 3
0.1234 3
0.1257 3
0.1281 3
0.1304 3
0.1328 3
0.1352 3
0.1375 3
0.1399 3
0.1423 3
0.1447 3
0.1471 3
0.1495 3
0.1519 3
0.1542 3
0.1566 3
0.1590 3
0.1613 3
0.1637 3
0.1661 3
0.1684 3
0.1708 3
0.1732 3
0.1756 3
0.1780 3
0.1803 3
0.1827 3
0.1853 3
0.1878 3
0.1902 3
0.1926 3
0.1950 3
0.1975 3
0.1999 3
0.2023 3
0.2048 3
0.2073 3
0.2096 3
0.2119 3
0.2143 3
0.2167 3
0.2191 3
0.2215 3
0.2238 3
0.2264 3
0.2294 3
0.2319 3
0.2344 3
0.2367 3
0.2391 3
