0.0000 5
0.0027 4
0.0032 4
0.0061 4
0.0091 4
0.0119 4
0.0148 4
0.0178 4
0.0207 4
0.0236 4
0.0265 4
0.0293 4
0.0322 4
0.0351 4
0.0380 4
0.0409 4
0.0437 4
0.0466 4
0.0494 4
0.0523 4
0.0552 4
0.0580 4
0.0609 4
0.0638 4
0.0667 4
0.0695 4
0.0724 4
0.0753 4
0.0782 4
0.0811 4
0.0841 4
0.0871 4
0.0900 4
0.0929 4
0.0957 4
0.0986 4
0.1015 4
0.1044 4
0.1073 4
0.1102 4
0.1130 4
0.1159 4
0.1188 4
0.1216 4
0.1246 4
0.1284 4
0.1314 4
0.1343 4
0.1372 4
0.1400 4
0.1429 4
0.1458 4
0.1489 4
0.1518 4
0.1546 4
0.1575 4
0.1604 4
0.1633 4
0.1662 4
0.1690 4
0.1719 4
0.1748 4
0.1777 4
0.1807 4
0.1836 4
0.1865 4
0.1894 4
0.1923 4
0.1951 4
0.1980 4
0.2009 4
0.2038 4
0.2067 4
0.2096 4
0.2124 4
0.2153 4
0.2182 4
0.2211 4
0.2240 4
0.2268 4
0.2297 4
0.2326 4
0.2355 4
0.2384 4
0.2412 4
0.2442 4
0.2471 4
0.2500 4
0.2529 4
0.2558 4
0.2586 4
0.2615 4
0.2644 4
0.2673 4
0.2702 4
0.2730 4
0.2759 4
0.2789 4
0.2819 4
0.2848 4
0.2877 4
0.2907 4
