0.0000 3
0.0013 2
0.0030 2
0.0054 2
0.0079 2
0.0102 2
0.0126 2
0.0150 2
0.0174 2
0.0198 2
0.0221 2
0.0245 2
0.0268 2
0.0292 2
0.0316 2
0.0339 2
0.0363 2
0.0386 2
0.0410 2
0.0433 2
0.0456 2
0.0480 2
0.0503 2
0.0526 2
0.0549 2
0.0572 2
0.0596 2
0.0619 2
0.0642 2
0.0666 2
0.0689 2
0.0712 2
0.0735 2
0.0758 2
0.0781 2
0.0804 2
0.0827 2
0.0850 2
0.0872 2
0.0895 2
0.0918 2
0.0941 2
0.0964 2
0.0987 2
0.1010 2
0.1032 2
0.1055 2
0.1078 2
0.1101 2
0.1124 2
0.1147 2
0.1170 2
0.1193 2
0.1216 2
0.1239 2
0.1262 2
0.1284 2
0.1307 2
0.1330 2
0.1353 2
0.1376 2
0.1399 2
0.1422 2
0.1445 2
0.1468 2
0.1491 2
0.1514 2
0.1536 2
0.1559 2
0.1582 2
0.1605 2
0.1628 2
0.1651 2
0.1674 2
0.1697 2
0.1720 2
0.1743 2
0.1766 2
0.1788 2
0.1811 2
0.1834 2
0.1856 2
0.1879 2
0.1902 2
0.1925 2
0.1948 2
0.1971 2
0.1994 2
0.2017 2
0.2040 2
0.2062 2
0.2086 2
0.2109 2
0.2132 2
0.2156 2
0.2179 2
0.2202 2
0.2224 2
0.2247 2
0.2270 2
0.2293 2
0.2316 2
