0.0000 3
0.0019 2
0.0027 2
0.0051 2
0.0075 2
0.0098 2
0.0122 2
0.0145 2
0.0169 2
0.0192 2
0.0215 2
0.0239 2
0.0262 2
0.0286 2
0.0308 2
0.0331 2
0.0354 2
0.0377 2
0.0400 2
0.0422 2
0.0447 2
0.0470 2
0.0493 2
0.0517 2
0.0540 2
0.0563 2
0.0586 2
0.0610 2
0.0633 2
0.0656 2
0.0680 2
0.0703 2
0.0726 2
0.0749 2
0.0772 2
0.0795 2
0.0818 2
0.0841 2
0.0864 2
0.0887 2
0.0910 2
0.0933 2
0.0956 2
0.0979 2
0.1003 2
0.1026 2
0.1049 2
0.1072 2
0.1095 2
0.1118 2
0.1141 2
0.1164 2
0.1187 2
0.1210 2
0.1233 2
0.1256 2
0.1279 2
0.1302 2
0.1325 2
0.1348 2
0.1371 2
0.1394 2
0.1416 2
0.1439 2
0.1462 2
0.1485 2
0.1508 2
0.1531 2
0.1554 2
0.1576 2
0.1600 2
0.1623 2
0.1646 2
0.1669 2
0.1692 2
0.1714 2
0.1737 2
0.1760 2
0.1783 2
0.1806 2
0.1829 2
0.1852 2
0.1875 2
0.1898 2
0.1922 2
0.1945 2
0.1969 2
0.1992 2
0.2015 2
0.2038 2
0.2060 2
0.2084 2
0.2107 2
0.2130 2
0.2153 2
0.2176 2
0.2199 2
0.2221 2
0.2245 2
0.2270 2
0.2293 2
0.2316 2
