0.0000 3
0.0004 2
0.0025 2
0.0049 2
0.0071 2
0.0095 2
0.0118 2
0.0141 2
0.0164 2
0.0186 2
0.0210 2
0.0232 2
0.0255 2
0.0278 2
0.0301 2
0.0323 2
0.0346 2
0.0369 2
0.0392 2
0.0415 2
0.0437 2
0.0460 2
0.0483 2
0.0506 2
0.0529 2
0.0551 2
0.0574 2
0.0597 2
0.0620 2
0.0643 2
0.0666 2
0.0688 2
0.0711 2
0.0733 2
0.0756 2
0.0778 2
0.0801 2
0.0823 2
0.0846 2
0.0868 2
0.0891 2
0.0914 2
0.0936 2
0.0959 2
0.0981 2
0.1003 2
0.1026 2
0.1048 2
0.1071 2
0.1093 2
0.1115 2
0.1138 2
0.1160 2
0.1183 2
0.1205 2
0.1228 2
0.1250 2
0.1273 2
0.1295 2
0.1318 2
0.1340 2
0.1362 2
0.1385 2
0.1407 2
0.1429 2
0.1452 2
0.1474 2
0.1497 2
0.1519 2
0.1541 2
0.1563 2
0.1585 2
0.1608 2
0.1630 2
0.1652 2
0.1674 2
0.1697 2
0.1719 2
0.1741 2
0.1763 2
0.1786 2
0.1808 2
0.1831 2
0.1853 2
0.1875 2
0.1897 2
0.1920 2
0.1942 2
0.1964 2
0.1986 2
0.2009 2
0.2031 2
0.2053 2
0.2076 2
0.2099 2
0.2121 2
0.2144 2
0.2166 2
0.2188 2
0.2211 2
0.2233 2
0.2255 2
