0.0000 3
0.0019 2
0.0035 2
0.0066 2
0.0095 2
0.0124 2
0.0153 2
0.0182 2
0.0211 2
0.0239 2
0.0268 2
0.0297 2
0.0326 2
0.0354 2
0.0383 2
0.0412 2
0.0440 2
0.0469 2
0.0498 2
0.0527 2
0.0555 2
0.0584 2
0.0614 2
0.0642 2
0.0671 2
0.0700 2
0.0728 2
0.0755 2
0.0783 2
0.0811 2
0.0839 2
0.0867 2
0.0894 2
0.0922 2
0.0950 2
0.0978 2
0.1006 2
0.1033 2
0.1062 2
0.1090 2
0.1118 2
0.1146 2
0.1173 2
0.1201 2
0.1229 2
0.1257 2
0.1285 2
0.1312 2
0.1340 2
0.1368 2
0.1396 2
0.1423 2
0.1451 2
0.1479 2
0.1507 2
0.1535 2
0.1562 2
0.1590 2
0.1618 2
0.1646 2
0.1673 2
0.1701 2
0.1729 2
0.1757 2
0.1784 2
0.1812 2
0.1840 2
0.1867 2
0.1895 2
0.1923 2
0.1950 2
0.1978 2
0.2006 2
0.2033 2
0.2061 2
0.2089 2
0.2117 2
0.2144 2
0.2172 2
0.2199 2
0.2227 2
0.2255 2
0.2283 2
0.2311 2
0.2338 2
0.2366 2
0.2394 2
0.2421 2
0.2449 2
0.2477 2
0.2505 2
0.2532 2
0.2560 2
0.2588 2
0.2615 2
0.2643 2
0.2671 2
0.2698 2
0.2726 2
0.2753 2
0.2781 2
0.2808 2
