0.0000 6
0.0034 6
0.0040 5
0.0066 5
0.0096 5
0.0127 5
0.0159 5
0.0189 5
0.0219 5
0.0250 5
0.0280 5
0.0310 5
0.0341 5
0.0371 5
0.0401 5
0.0432 5
0.0462 5
0.0492 5
0.0523 5
0.0553 5
0.0583 5
0.0614 5
0.0644 5
0.0674 5
0.0705 5
0.0735 5
0.0765 5
0.0796 5
0.0826 5
0.0856 5
0.0886 5
0.0917 5
0.0947 5
0.0977 5
0.1008 5
0.1038 5
0.1069 5
0.1099 5
0.1130 5
0.1160 5
0.1190 5
0.1221 5
0.1251 5
0.1282 5
0.1312 5
0.1343 5
0.1374 5
0.1405 5
0.1435 5
0.1465 5
0.1496 5
0.1526 5
0.1557 5
0.1587 5
0.1617 5
0.1647 5
0.1677 5
0.1708 5
0.1738 5
0.1768 5
0.1799 5
0.1829 5
0.1860 5
0.1890 5
0.1920 5
0.1950 5
0.1981 5
0.2011 5
0.2041 5
0.2073 5
0.2103 5
0.2134 5
0.2164 5
0.2195 5
0.2225 5
0.2255 5
0.2286 5
0.2316 5
0.2347 5
0.2377 5
0.2407 5
0.2438 5
0.2468 5
0.2498 5
0.2529 5
0.2559 5
0.2589 5
0.2620 5
0.2650 5
0.2680 5
0.2711 5
0.2741 5
0.2771 5
0.2802 5
0.2832 5
0.2862 5
0.2892 5
0.2923 5
0.2953 5
0.2983 5
0.3013 5
0.3044 5
0.3074 5
