0.0000 5
0.0009 4
0.0034 4
0.0060 4
0.0086 4
0.0112 4
0.0138 4
0.0165 4
0.0192 4
0.0218 4
0.0245 4
0.0270 4
0.0296 4
0.0322 4
0.0348 4
0.0373 4
0.0399 4
0.0426 4
0.0451 4
0.0477 4
0.0503 4
0.0529 4
0.0554 4
0.0580 4
0.0606 4
0.0632 4
0.0658 4
0.0683 4
0.0709 4
0.0735 4
0.0761 4
0.0786 4
0.0812 4
0.0838 4
0.0864 4
0.0890 4
0.0915 4
0.0941 4
0.0967 4
0.0993 4
0.1018 4
0.1044 4
0.1070 4
0.1095 4
0.1121 4
0.1147 4
0.1172 4
0.1198 4
0.1224 4
0.1250 4
0.1276 4
0.1302 4
0.1327 4
0.1353 4
0.1379 4
0.1404 4
0.1430 4
0.1456 4
0.1481 4
0.1507 4
0.1532 4
0.1558 4
0.1584 4
0.1609 4
0.1635 4
0.1660 4
0.1686 4
0.1711 4
0.1737 4
0.1762 4
0.1788 4
0.1813 4
0.1839 4
0.1864 4
0.1889 4
0.1915 4
0.1940 4
0.1966 4
0.1991 4
0.2017 4
0.2042 4
0.2069 4
0.2094 4
0.2119 4
0.2145 4
0.2170 4
0.2196 4
0.2221 4
0.2247 4
0.2272 4
0.2298 4
0.2324 4
0.2349 4
0.2375 4
0.2401 4
0.2427 4
0.2452 4
0.2478 4
0.2503 4
0.2529 4
0.2555 4
0.2580 4
