0.0000 4
0.0027 4
0.0053 4
0.0078 4
0.0104 4
0.0128 3
0.0129 3
0.0154 3
0.0179 3
0.0204 3
0.0229 3
0.0254 3
0.0278 3
0.0302 3
0.0328 3
0.0352 3
0.0376 3
0.0401 3
0.0426 3
0.0450 3
0.0475 3
0.0500 3
0.0524 3
0.0548 3
0.0572 3
0.0597 3
0.0621 3
0.0645 3
0.0669 3
0.0694 3
0.0718 3
0.0742 3
0.0766 3
0.0790 3
0.0815 3
0.0839 3
0.0864 3
0.0888 3
0.0912 3
0.0937 3
0.0961 3
0.0985 3
0.1009 3
0.1033 3
0.1058 3
0.1082 3
0.1106 3
0.1130 3
0.1154 3
0.1178 3
0.1203 3
0.1227 3
0.1252 3
0.1276 3
0.1300 3
0.1324 3
0.1348 3
0.1373 3
0.1397 3
0.1421 3
0.1445 3
0.1469 3
0.1493 3
0.1518 3
0.1542 3
0.1566 3
0.1590 3
0.1614 3
0.1638 3
0.1662 3
0.1686 3
0.1711 3
0.1736 3
0.1760 3
0.1784 3
0.1808 3
0.1833 3
0.1857 3
0.1881 3
0.1905 3
0.1930 3
0.1954 3
0.1978 3
0.2002 3
0.2027 3
0.2051 3
0.2075 3
0.2100 3
0.2124 3
0.2148 3
0.2172 3
0.2197 3
0.2221 3
0.2245 3
0.2269 3
0.2294 3
0.2318 3
0.2342 3
0.2366 3
0.2390 3
0.2415 3
0.2439 3
0.2463 3
0.2487 3
0.2512 3
0.2536 3
