0.0000 5
0.0032 5
0.0033 4
0.0059 4
0.0085 4
0.0110 4
0.0136 4
0.0161 4
0.0186 4
0.0211 4
0.0236 4
0.0262 4
0.0286 4
0.0311 4
0.0336 4
0.0361 4
0.0386 4
0.0411 4
0.0436 4
0.0461 4
0.0486 4
0.0510 4
0.0535 4
0.0560 4
0.0585 4
0.0612 4
0.0642 4
0.0669 4
0.0696 4
0.0722 4
0.0750 4
0.0776 4
0.0802 4
0.0827 4
0.0853 4
0.0879 4
0.0904 4
0.0930 4
0.0955 4
0.0981 4
0.1007 4
0.1032 4
0.1058 4
0.1084 4
0.1109 4
0.1135 4
0.1161 4
0.1186 4
0.1213 4
0.1238 4
0.1264 4
0.1290 4
0.1314 4
0.1341 4
0.1367 4
0.1392 4
0.1418 4
0.1444 4
0.1469 4
0.1495 4
0.1520 4
0.1545 4
0.1571 4
0.1596 4
0.1622 4
0.1648 4
0.1673 4
0.1699 4
0.1725 4
0.1751 4
0.1777 4
0.1803 4
0.1828 4
0.1854 4
0.1878 4
0.1903 4
0.1930 4
0.1955 4
0.1981 4
0.2007 4
0.2032 4
0.2058 4
0.2083 4
0.2108 4
0.2134 4
0.2159 4
0.2185 4
0.2210 4
0.2235 4
0.2261 4
0.2287 4
0.2312 4
0.2338 4
0.2363 4
0.2388 4
0.2414 4
0.2439 4
0.2465 4
0.2491 4
0.2516 4
0.2541 4
0.2567 4
0.2592 4
