0.0000 5
0.0010 4
0.0033 4
0.0059 4
0.0086 4
0.0112 4
0.0138 4
0.0165 4
0.0191 4
0.0217 4
0.0243 4
0.0269 4
0.0295 4
0.0321 4
0.0347 4
0.0373 4
0.0400 4
0.0426 4
0.0452 4
0.0478 4
0.0504 4
0.0530 4
0.0556 4
0.0582 4
0.0608 4
0.0634 4
0.0660 4
0.0687 4
0.0712 4
0.0738 4
0.0764 4
0.0789 4
0.0815 4
0.0840 4
0.0866 4
0.0891 4
0.0917 4
0.0943 4
0.0968 4
0.0994 4
0.1019 4
0.1045 4
0.1071 4
0.1097 4
0.1122 4
0.1147 4
0.1173 4
0.1199 4
0.1224 4
0.1250 4
0.1275 4
0.1301 4
0.1326 4
0.1351 4
0.1376 4
0.1402 4
0.1427 4
0.1453 4
0.1478 4
0.1504 4
0.1529 4
0.1555 4
0.1580 4
0.1606 4
0.1632 4
0.1657 4
0.1682 4
0.1708 4
0.1733 4
0.1758 4
0.1784 4
0.1809 4
0.1834 4
0.1860 4
0.1885 4
0.1911 4
0.1936 4
0.1961 4
0.1986 4
0.2012 4
0.2041 4
0.2067 4
0.2095 4
0.2121 4
0.2148 4
0.2174 4
0.2201 4
0.2227 4
0.2253 4
0.2280 4
0.2306 4
0.2332 4
0.2359 4
0.2384 4
0.2411 4
0.2438 4
0.2463 4
0.2490 4
0.2517 4
0.2543 4
0.2569 4
0.2596 4
