0.0000 3
0.0002 2
0.0032 2
0.0061 2
0.0090 2
0.0119 2
0.0149 2
0.0177 2
0.0206 2
0.0236 2
0.0264 2
0.0292 2
0.0321 2
0.0349 2
0.0377 2
0.0406 2
0.0435 2
0.0463 2
0.0492 2
0.0520 2
0.0549 2
0.0578 2
0.0606 2
0.0635 2
0.0664 2
0.0692 2
0.0720 2
0.0749 2
0.0777 2
0.0806 2
0.0834 2
0.0863 2
0.0892 2
0.0920 2
0.0949 2
0.0977 2
0.1006 2
0.1034 2
0.1063 2
0.1091 2
0.1120 2
0.1148 2
0.1176 2
0.1205 2
0.1233 2
0.1261 2
0.1290 2
0.1318 2
0.1346 2
0.1374 2
0.1402 2
0.1431 2
0.1459 2
0.1488 2
0.1516 2
0.1544 2
0.1573 2
0.1601 2
0.1630 2
0.1658 2
0.1687 2
0.1715 2
0.1743 2
0.1772 2
0.1800 2
0.1828 2
0.1857 2
0.1885 2
0.1914 2
0.1942 2
0.1970 2
0.1999 2
0.2028 2
0.2056 2
0.2085 2
0.2114 2
0.2142 2
0.2171 2
0.2199 2
0.2227 2
0.2256 2
0.2284 2
0.2312 2
0.2341 2
0.2369 2
0.2397 2
0.2426 2
0.2456 2
0.2484 2
0.2513 2
0.2542 2
0.2570 2
0.2598 2
0.2627 2
0.2655 2
0.2684 2
0.2712 2
0.2741 2
0.2769 2
0.2797 2
0.2826 2
0.2854 2
