0.0000 3
0.0027 2
0.0030 2
0.0057 2
0.0086 2
0.0113 2
0.0140 2
0.0168 2
0.0195 2
0.0222 2
0.0250 2
0.0277 2
0.0304 2
0.0331 2
0.0358 2
0.0385 2
0.0412 2
0.0439 2
0.0465 2
0.0492 2
0.0519 2
0.0546 2
0.0573 2
0.0600 2
0.0627 2
0.0654 2
0.0681 2
0.0708 2
0.0735 2
0.0762 2
0.0789 2
0.0815 2
0.0842 2
0.0869 2
0.0896 2
0.0924 2
0.0951 2
0.0978 2
0.1005 2
0.1032 2
0.1059 2
0.1086 2
0.1113 2
0.1140 2
0.1167 2
0.1194 2
0.1221 2
0.1248 2
0.1275 2
0.1302 2
0.1329 2
0.1357 2
0.1384 2
0.1410 2
0.1438 2
0.1465 2
0.1492 2
0.1519 2
0.1546 2
0.1573 2
0.1600 2
0.1627 2
0.1654 2
0.1680 2
0.1707 2
0.1735 2
0.1762 2
0.1789 2
0.1816 2
0.1843 2
0.1870 2
0.1897 2
0.1924 2
0.1952 2
0.1979 2
0.2006 2
0.2033 2
0.2060 2
0.2088 2
0.2115 2
0.2142 2
0.2170 2
0.2198 2
0.2225 2
0.2252 2
0.2279 2
0.2306 2
0.2333 2
0.2361 2
0.2388 2
0.2415 2
0.2442 2
0.2468 2
0.2495 2
0.2522 2
0.2549 2
0.2576 2
0.2603 2
0.2630 2
0.2657 2
0.2684 2
0.2710 2
