0.0000 4
0.0011 3
0.0032 3
0.0063 3
0.0093 3
0.0123 3
0.0153 3
0.0184 3
0.0214 3
0.0245 3
0.0275 3
0.0304 3
0.0334 3
0.0364 3
0.0394 3
0.0424 3
0.0454 3
0.0484 3
0.0514 3
0.0544 3
0.0574 3
0.0604 3
0.0634 3
0.0664 3
0.0694 3
0.0724 3
0.0754 3
0.0784 3
0.0814 3
0.0844 3
0.0874 3
0.0904 3
0.0934 3
0.0964 3
0.0994 3
0.1024 3
0.1054 3
0.1084 3
0.1114 3
0.1143 3
0.1173 3
0.1203 3
0.1233 3
0.1263 3
0.1293 3
0.1323 3
0.1353 3
0.1383 3
0.1413 3
0.1443 3
0.1473 3
0.1503 3
0.1532 3
0.1562 3
0.1592 3
0.1622 3
0.1652 3
0.1682 3
0.1712 3
0.1741 3
0.1771 3
0.1801 3
0.1831 3
0.1863 3
0.1893 3
0.1922 3
0.1952 3
0.1982 3
0.2012 3
0.2042 3
0.2072 3
0.2103 3
0.2132 3
0.2162 3
0.2192 3
0.2222 3
0.2252 3
0.2282 3
0.2311 3
0.2341 3
0.2372 3
0.2403 3
0.2433 3
0.2463 3
0.2493 3
0.2523 3
0.2552 3
0.2582 3
0.2612 3
0.2642 3
0.2672 3
0.2702 3
0.2732 3
0.2761 3
0.2791 3
0.2821 3
0.2851 3
0.2882 3
0.2911 3
0.2941 3
0.2971 3
0.3001 3
